[2023-06-04T01:04:45.083+0000] {processor.py:156} INFO - Started process (PID=640) to work on /opt/airflow/dags/thais_bash.py
[2023-06-04T01:04:45.085+0000] {processor.py:758} INFO - Processing file /opt/airflow/dags/thais_bash.py for tasks to queue
[2023-06-04T01:04:45.086+0000] {logging_mixin.py:117} INFO - [2023-06-04T01:04:45.086+0000] {dagbag.py:525} INFO - Filling up the DagBag from /opt/airflow/dags/thais_bash.py
[2023-06-04T01:04:45.128+0000] {processor.py:768} INFO - DAG(s) dict_keys(['example_bash_operator']) retrieved from /opt/airflow/dags/thais_bash.py
[2023-06-04T01:04:45.243+0000] {logging_mixin.py:117} INFO - [2023-06-04T01:04:45.243+0000] {dag.py:2573} INFO - Sync 1 DAGs
[2023-06-04T01:04:45.275+0000] {logging_mixin.py:117} INFO - [2023-06-04T01:04:45.274+0000] {dag.py:3328} INFO - Setting next_dagrun for example_bash_operator to 2023-06-03T00:00:00+00:00, run_after=2023-06-04T00:00:00+00:00
[2023-06-04T01:04:45.303+0000] {processor.py:178} INFO - Processing /opt/airflow/dags/thais_bash.py took 0.225 seconds
[2023-06-04T01:05:55.650+0000] {processor.py:156} INFO - Started process (PID=37) to work on /opt/airflow/dags/thais_bash.py
[2023-06-04T01:05:55.668+0000] {processor.py:758} INFO - Processing file /opt/airflow/dags/thais_bash.py for tasks to queue
[2023-06-04T01:05:55.671+0000] {logging_mixin.py:117} INFO - [2023-06-04T01:05:55.670+0000] {dagbag.py:525} INFO - Filling up the DagBag from /opt/airflow/dags/thais_bash.py
[2023-06-04T01:05:55.739+0000] {processor.py:768} INFO - DAG(s) dict_keys(['example_bash_operator']) retrieved from /opt/airflow/dags/thais_bash.py
[2023-06-04T01:05:55.781+0000] {logging_mixin.py:117} INFO - [2023-06-04T01:05:55.781+0000] {dag.py:2573} INFO - Sync 1 DAGs
[2023-06-04T01:05:55.824+0000] {logging_mixin.py:117} INFO - [2023-06-04T01:05:55.824+0000] {dag.py:3328} INFO - Setting next_dagrun for example_bash_operator to 2023-06-03T00:00:00+00:00, run_after=2023-06-04T00:00:00+00:00
[2023-06-04T01:05:55.857+0000] {processor.py:178} INFO - Processing /opt/airflow/dags/thais_bash.py took 0.215 seconds
[2023-06-04T01:06:26.684+0000] {processor.py:156} INFO - Started process (PID=101) to work on /opt/airflow/dags/thais_bash.py
[2023-06-04T01:06:26.686+0000] {processor.py:758} INFO - Processing file /opt/airflow/dags/thais_bash.py for tasks to queue
[2023-06-04T01:06:26.687+0000] {logging_mixin.py:117} INFO - [2023-06-04T01:06:26.687+0000] {dagbag.py:525} INFO - Filling up the DagBag from /opt/airflow/dags/thais_bash.py
[2023-06-04T01:06:26.723+0000] {processor.py:768} INFO - DAG(s) dict_keys(['example_bash_operator']) retrieved from /opt/airflow/dags/thais_bash.py
[2023-06-04T01:06:26.824+0000] {logging_mixin.py:117} INFO - [2023-06-04T01:06:26.824+0000] {dag.py:2573} INFO - Sync 1 DAGs
[2023-06-04T01:06:26.853+0000] {logging_mixin.py:117} INFO - [2023-06-04T01:06:26.853+0000] {dag.py:3328} INFO - Setting next_dagrun for example_bash_operator to 2023-06-03T00:00:00+00:00, run_after=2023-06-04T00:00:00+00:00
[2023-06-04T01:06:26.877+0000] {processor.py:178} INFO - Processing /opt/airflow/dags/thais_bash.py took 0.199 seconds
[2023-06-04T01:06:57.547+0000] {processor.py:156} INFO - Started process (PID=167) to work on /opt/airflow/dags/thais_bash.py
[2023-06-04T01:06:57.549+0000] {processor.py:758} INFO - Processing file /opt/airflow/dags/thais_bash.py for tasks to queue
[2023-06-04T01:06:57.550+0000] {logging_mixin.py:117} INFO - [2023-06-04T01:06:57.550+0000] {dagbag.py:525} INFO - Filling up the DagBag from /opt/airflow/dags/thais_bash.py
[2023-06-04T01:06:57.580+0000] {processor.py:768} INFO - DAG(s) dict_keys(['example_bash_operator']) retrieved from /opt/airflow/dags/thais_bash.py
[2023-06-04T01:06:57.638+0000] {logging_mixin.py:117} INFO - [2023-06-04T01:06:57.638+0000] {dag.py:2573} INFO - Sync 1 DAGs
[2023-06-04T01:06:57.667+0000] {logging_mixin.py:117} INFO - [2023-06-04T01:06:57.667+0000] {dag.py:3328} INFO - Setting next_dagrun for example_bash_operator to 2023-06-03T00:00:00+00:00, run_after=2023-06-04T00:00:00+00:00
[2023-06-04T01:06:57.687+0000] {processor.py:178} INFO - Processing /opt/airflow/dags/thais_bash.py took 0.144 seconds
[2023-06-04T01:07:28.218+0000] {processor.py:156} INFO - Started process (PID=231) to work on /opt/airflow/dags/thais_bash.py
[2023-06-04T01:07:28.220+0000] {processor.py:758} INFO - Processing file /opt/airflow/dags/thais_bash.py for tasks to queue
[2023-06-04T01:07:28.222+0000] {logging_mixin.py:117} INFO - [2023-06-04T01:07:28.221+0000] {dagbag.py:525} INFO - Filling up the DagBag from /opt/airflow/dags/thais_bash.py
[2023-06-04T01:07:28.263+0000] {processor.py:768} INFO - DAG(s) dict_keys(['example_bash_operator']) retrieved from /opt/airflow/dags/thais_bash.py
[2023-06-04T01:07:28.422+0000] {logging_mixin.py:117} INFO - [2023-06-04T01:07:28.422+0000] {dag.py:2573} INFO - Sync 1 DAGs
[2023-06-04T01:07:28.471+0000] {logging_mixin.py:117} INFO - [2023-06-04T01:07:28.471+0000] {dag.py:3328} INFO - Setting next_dagrun for example_bash_operator to 2023-06-03T00:00:00+00:00, run_after=2023-06-04T00:00:00+00:00
[2023-06-04T01:07:28.502+0000] {processor.py:178} INFO - Processing /opt/airflow/dags/thais_bash.py took 0.289 seconds
[2023-06-04T01:07:58.984+0000] {processor.py:156} INFO - Started process (PID=286) to work on /opt/airflow/dags/thais_bash.py
[2023-06-04T01:07:58.986+0000] {processor.py:758} INFO - Processing file /opt/airflow/dags/thais_bash.py for tasks to queue
[2023-06-04T01:07:58.988+0000] {logging_mixin.py:117} INFO - [2023-06-04T01:07:58.987+0000] {dagbag.py:525} INFO - Filling up the DagBag from /opt/airflow/dags/thais_bash.py
[2023-06-04T01:07:59.021+0000] {processor.py:768} INFO - DAG(s) dict_keys(['example_bash_operator']) retrieved from /opt/airflow/dags/thais_bash.py
[2023-06-04T01:07:59.081+0000] {logging_mixin.py:117} INFO - [2023-06-04T01:07:59.080+0000] {dag.py:2573} INFO - Sync 1 DAGs
[2023-06-04T01:07:59.109+0000] {logging_mixin.py:117} INFO - [2023-06-04T01:07:59.109+0000] {dag.py:3328} INFO - Setting next_dagrun for example_bash_operator to 2023-06-03T00:00:00+00:00, run_after=2023-06-04T00:00:00+00:00
[2023-06-04T01:07:59.131+0000] {processor.py:178} INFO - Processing /opt/airflow/dags/thais_bash.py took 0.154 seconds
[2023-06-04T01:08:29.803+0000] {processor.py:156} INFO - Started process (PID=350) to work on /opt/airflow/dags/thais_bash.py
[2023-06-04T01:08:29.805+0000] {processor.py:758} INFO - Processing file /opt/airflow/dags/thais_bash.py for tasks to queue
[2023-06-04T01:08:29.807+0000] {logging_mixin.py:117} INFO - [2023-06-04T01:08:29.806+0000] {dagbag.py:525} INFO - Filling up the DagBag from /opt/airflow/dags/thais_bash.py
[2023-06-04T01:08:29.841+0000] {processor.py:768} INFO - DAG(s) dict_keys(['example_bash_operator']) retrieved from /opt/airflow/dags/thais_bash.py
[2023-06-04T01:08:29.940+0000] {logging_mixin.py:117} INFO - [2023-06-04T01:08:29.940+0000] {dag.py:2573} INFO - Sync 1 DAGs
[2023-06-04T01:08:29.970+0000] {logging_mixin.py:117} INFO - [2023-06-04T01:08:29.969+0000] {dag.py:3328} INFO - Setting next_dagrun for example_bash_operator to 2023-06-03T00:00:00+00:00, run_after=2023-06-04T00:00:00+00:00
[2023-06-04T01:08:29.995+0000] {processor.py:178} INFO - Processing /opt/airflow/dags/thais_bash.py took 0.198 seconds
[2023-06-04T01:09:00.522+0000] {processor.py:156} INFO - Started process (PID=414) to work on /opt/airflow/dags/thais_bash.py
[2023-06-04T01:09:00.524+0000] {processor.py:758} INFO - Processing file /opt/airflow/dags/thais_bash.py for tasks to queue
[2023-06-04T01:09:00.526+0000] {logging_mixin.py:117} INFO - [2023-06-04T01:09:00.525+0000] {dagbag.py:525} INFO - Filling up the DagBag from /opt/airflow/dags/thais_bash.py
[2023-06-04T01:09:00.554+0000] {processor.py:768} INFO - DAG(s) dict_keys(['example_bash_operator']) retrieved from /opt/airflow/dags/thais_bash.py
[2023-06-04T01:09:00.614+0000] {logging_mixin.py:117} INFO - [2023-06-04T01:09:00.614+0000] {dag.py:2573} INFO - Sync 1 DAGs
[2023-06-04T01:09:00.649+0000] {logging_mixin.py:117} INFO - [2023-06-04T01:09:00.649+0000] {dag.py:3328} INFO - Setting next_dagrun for example_bash_operator to 2023-06-03T00:00:00+00:00, run_after=2023-06-04T00:00:00+00:00
[2023-06-04T01:09:00.683+0000] {processor.py:178} INFO - Processing /opt/airflow/dags/thais_bash.py took 0.164 seconds
[2023-06-04T01:09:31.524+0000] {processor.py:156} INFO - Started process (PID=469) to work on /opt/airflow/dags/thais_bash.py
[2023-06-04T01:09:31.527+0000] {processor.py:758} INFO - Processing file /opt/airflow/dags/thais_bash.py for tasks to queue
[2023-06-04T01:09:31.529+0000] {logging_mixin.py:117} INFO - [2023-06-04T01:09:31.528+0000] {dagbag.py:525} INFO - Filling up the DagBag from /opt/airflow/dags/thais_bash.py
[2023-06-04T01:09:31.561+0000] {processor.py:768} INFO - DAG(s) dict_keys(['example_bash_operator']) retrieved from /opt/airflow/dags/thais_bash.py
[2023-06-04T01:09:31.666+0000] {logging_mixin.py:117} INFO - [2023-06-04T01:09:31.666+0000] {dag.py:2573} INFO - Sync 1 DAGs
[2023-06-04T01:09:31.697+0000] {logging_mixin.py:117} INFO - [2023-06-04T01:09:31.697+0000] {dag.py:3328} INFO - Setting next_dagrun for example_bash_operator to 2023-06-03T00:00:00+00:00, run_after=2023-06-04T00:00:00+00:00
[2023-06-04T01:09:31.730+0000] {processor.py:178} INFO - Processing /opt/airflow/dags/thais_bash.py took 0.210 seconds
[2023-06-04T01:10:02.528+0000] {processor.py:156} INFO - Started process (PID=533) to work on /opt/airflow/dags/thais_bash.py
[2023-06-04T01:10:02.530+0000] {processor.py:758} INFO - Processing file /opt/airflow/dags/thais_bash.py for tasks to queue
[2023-06-04T01:10:02.532+0000] {logging_mixin.py:117} INFO - [2023-06-04T01:10:02.532+0000] {dagbag.py:525} INFO - Filling up the DagBag from /opt/airflow/dags/thais_bash.py
[2023-06-04T01:10:02.567+0000] {processor.py:768} INFO - DAG(s) dict_keys(['example_bash_operator']) retrieved from /opt/airflow/dags/thais_bash.py
[2023-06-04T01:10:02.627+0000] {logging_mixin.py:117} INFO - [2023-06-04T01:10:02.627+0000] {dag.py:2573} INFO - Sync 1 DAGs
[2023-06-04T01:10:02.657+0000] {logging_mixin.py:117} INFO - [2023-06-04T01:10:02.657+0000] {dag.py:3328} INFO - Setting next_dagrun for example_bash_operator to 2023-06-03T00:00:00+00:00, run_after=2023-06-04T00:00:00+00:00
[2023-06-04T01:10:02.678+0000] {processor.py:178} INFO - Processing /opt/airflow/dags/thais_bash.py took 0.155 seconds
[2023-06-04T01:10:18.325+0000] {processor.py:156} INFO - Started process (PID=588) to work on /opt/airflow/dags/thais_bash.py
[2023-06-04T01:10:18.327+0000] {processor.py:758} INFO - Processing file /opt/airflow/dags/thais_bash.py for tasks to queue
[2023-06-04T01:10:18.328+0000] {logging_mixin.py:117} INFO - [2023-06-04T01:10:18.328+0000] {dagbag.py:525} INFO - Filling up the DagBag from /opt/airflow/dags/thais_bash.py
[2023-06-04T01:10:18.379+0000] {processor.py:768} INFO - DAG(s) dict_keys(['thais_bash']) retrieved from /opt/airflow/dags/thais_bash.py
[2023-06-04T01:10:18.614+0000] {logging_mixin.py:117} INFO - [2023-06-04T01:10:18.614+0000] {manager.py:507} INFO - Created Permission View: can read on DAG:thais_bash
[2023-06-04T01:10:18.625+0000] {logging_mixin.py:117} INFO - [2023-06-04T01:10:18.625+0000] {manager.py:507} INFO - Created Permission View: can edit on DAG:thais_bash
[2023-06-04T01:10:18.633+0000] {logging_mixin.py:117} INFO - [2023-06-04T01:10:18.633+0000] {manager.py:507} INFO - Created Permission View: can delete on DAG:thais_bash
[2023-06-04T01:10:18.634+0000] {logging_mixin.py:117} INFO - [2023-06-04T01:10:18.634+0000] {dag.py:2573} INFO - Sync 1 DAGs
[2023-06-04T01:10:18.649+0000] {logging_mixin.py:117} INFO - [2023-06-04T01:10:18.648+0000] {dag.py:2594} INFO - Creating ORM DAG for thais_bash
[2023-06-04T01:10:18.666+0000] {logging_mixin.py:117} INFO - [2023-06-04T01:10:18.666+0000] {dag.py:3328} INFO - Setting next_dagrun for thais_bash to 2023-06-03T00:00:00+00:00, run_after=2023-06-04T00:00:00+00:00
[2023-06-04T01:10:18.696+0000] {processor.py:178} INFO - Processing /opt/airflow/dags/thais_bash.py took 0.375 seconds
[2023-06-04T01:10:49.668+0000] {processor.py:156} INFO - Started process (PID=643) to work on /opt/airflow/dags/thais_bash.py
[2023-06-04T01:10:49.671+0000] {processor.py:758} INFO - Processing file /opt/airflow/dags/thais_bash.py for tasks to queue
[2023-06-04T01:10:49.674+0000] {logging_mixin.py:117} INFO - [2023-06-04T01:10:49.674+0000] {dagbag.py:525} INFO - Filling up the DagBag from /opt/airflow/dags/thais_bash.py
[2023-06-04T01:10:49.711+0000] {processor.py:768} INFO - DAG(s) dict_keys(['thais_bash']) retrieved from /opt/airflow/dags/thais_bash.py
[2023-06-04T01:10:49.769+0000] {logging_mixin.py:117} INFO - [2023-06-04T01:10:49.769+0000] {dag.py:2573} INFO - Sync 1 DAGs
[2023-06-04T01:10:49.803+0000] {logging_mixin.py:117} INFO - [2023-06-04T01:10:49.803+0000] {dag.py:3328} INFO - Setting next_dagrun for thais_bash to 2023-06-03T00:00:00+00:00, run_after=2023-06-04T00:00:00+00:00
[2023-06-04T01:10:49.826+0000] {processor.py:178} INFO - Processing /opt/airflow/dags/thais_bash.py took 0.164 seconds
[2023-06-04T01:11:20.258+0000] {processor.py:156} INFO - Started process (PID=707) to work on /opt/airflow/dags/thais_bash.py
[2023-06-04T01:11:20.260+0000] {processor.py:758} INFO - Processing file /opt/airflow/dags/thais_bash.py for tasks to queue
[2023-06-04T01:11:20.262+0000] {logging_mixin.py:117} INFO - [2023-06-04T01:11:20.262+0000] {dagbag.py:525} INFO - Filling up the DagBag from /opt/airflow/dags/thais_bash.py
[2023-06-04T01:11:20.297+0000] {processor.py:768} INFO - DAG(s) dict_keys(['thais_bash']) retrieved from /opt/airflow/dags/thais_bash.py
[2023-06-04T01:11:20.361+0000] {logging_mixin.py:117} INFO - [2023-06-04T01:11:20.360+0000] {dag.py:2573} INFO - Sync 1 DAGs
[2023-06-04T01:11:20.403+0000] {logging_mixin.py:117} INFO - [2023-06-04T01:11:20.403+0000] {dag.py:3328} INFO - Setting next_dagrun for thais_bash to 2023-06-03T00:00:00+00:00, run_after=2023-06-04T00:00:00+00:00
[2023-06-04T01:11:20.428+0000] {processor.py:178} INFO - Processing /opt/airflow/dags/thais_bash.py took 0.175 seconds
[2023-06-04T01:11:50.853+0000] {processor.py:156} INFO - Started process (PID=771) to work on /opt/airflow/dags/thais_bash.py
[2023-06-04T01:11:50.855+0000] {processor.py:758} INFO - Processing file /opt/airflow/dags/thais_bash.py for tasks to queue
[2023-06-04T01:11:50.858+0000] {logging_mixin.py:117} INFO - [2023-06-04T01:11:50.857+0000] {dagbag.py:525} INFO - Filling up the DagBag from /opt/airflow/dags/thais_bash.py
[2023-06-04T01:11:50.893+0000] {processor.py:768} INFO - DAG(s) dict_keys(['thais_bash']) retrieved from /opt/airflow/dags/thais_bash.py
[2023-06-04T01:11:50.951+0000] {logging_mixin.py:117} INFO - [2023-06-04T01:11:50.951+0000] {dag.py:2573} INFO - Sync 1 DAGs
[2023-06-04T01:11:50.980+0000] {logging_mixin.py:117} INFO - [2023-06-04T01:11:50.980+0000] {dag.py:3328} INFO - Setting next_dagrun for thais_bash to 2023-06-03T00:00:00+00:00, run_after=2023-06-04T00:00:00+00:00
[2023-06-04T01:11:50.999+0000] {processor.py:178} INFO - Processing /opt/airflow/dags/thais_bash.py took 0.152 seconds
[2023-06-04T01:12:21.367+0000] {processor.py:156} INFO - Started process (PID=826) to work on /opt/airflow/dags/thais_bash.py
[2023-06-04T01:12:21.369+0000] {processor.py:758} INFO - Processing file /opt/airflow/dags/thais_bash.py for tasks to queue
[2023-06-04T01:12:21.371+0000] {logging_mixin.py:117} INFO - [2023-06-04T01:12:21.371+0000] {dagbag.py:525} INFO - Filling up the DagBag from /opt/airflow/dags/thais_bash.py
[2023-06-04T01:12:21.406+0000] {processor.py:768} INFO - DAG(s) dict_keys(['thais_bash']) retrieved from /opt/airflow/dags/thais_bash.py
[2023-06-04T01:12:21.466+0000] {logging_mixin.py:117} INFO - [2023-06-04T01:12:21.466+0000] {dag.py:2573} INFO - Sync 1 DAGs
[2023-06-04T01:12:21.495+0000] {logging_mixin.py:117} INFO - [2023-06-04T01:12:21.495+0000] {dag.py:3328} INFO - Setting next_dagrun for thais_bash to 2023-06-03T00:00:00+00:00, run_after=2023-06-04T00:00:00+00:00
[2023-06-04T01:12:21.515+0000] {processor.py:178} INFO - Processing /opt/airflow/dags/thais_bash.py took 0.154 seconds
[2023-06-04T01:12:51.779+0000] {processor.py:156} INFO - Started process (PID=890) to work on /opt/airflow/dags/thais_bash.py
[2023-06-04T01:12:51.781+0000] {processor.py:758} INFO - Processing file /opt/airflow/dags/thais_bash.py for tasks to queue
[2023-06-04T01:12:51.784+0000] {logging_mixin.py:117} INFO - [2023-06-04T01:12:51.784+0000] {dagbag.py:525} INFO - Filling up the DagBag from /opt/airflow/dags/thais_bash.py
[2023-06-04T01:12:51.818+0000] {processor.py:768} INFO - DAG(s) dict_keys(['thais_bash']) retrieved from /opt/airflow/dags/thais_bash.py
[2023-06-04T01:12:51.877+0000] {logging_mixin.py:117} INFO - [2023-06-04T01:12:51.877+0000] {dag.py:2573} INFO - Sync 1 DAGs
[2023-06-04T01:12:51.911+0000] {logging_mixin.py:117} INFO - [2023-06-04T01:12:51.910+0000] {dag.py:3328} INFO - Setting next_dagrun for thais_bash to 2023-06-03T00:00:00+00:00, run_after=2023-06-04T00:00:00+00:00
[2023-06-04T01:12:51.937+0000] {processor.py:178} INFO - Processing /opt/airflow/dags/thais_bash.py took 0.163 seconds
[2023-06-04T01:13:22.162+0000] {processor.py:156} INFO - Started process (PID=954) to work on /opt/airflow/dags/thais_bash.py
[2023-06-04T01:13:22.165+0000] {processor.py:758} INFO - Processing file /opt/airflow/dags/thais_bash.py for tasks to queue
[2023-06-04T01:13:22.167+0000] {logging_mixin.py:117} INFO - [2023-06-04T01:13:22.167+0000] {dagbag.py:525} INFO - Filling up the DagBag from /opt/airflow/dags/thais_bash.py
[2023-06-04T01:13:22.202+0000] {processor.py:768} INFO - DAG(s) dict_keys(['thais_bash']) retrieved from /opt/airflow/dags/thais_bash.py
[2023-06-04T01:13:22.269+0000] {logging_mixin.py:117} INFO - [2023-06-04T01:13:22.268+0000] {dag.py:2573} INFO - Sync 1 DAGs
[2023-06-04T01:13:22.307+0000] {logging_mixin.py:117} INFO - [2023-06-04T01:13:22.307+0000] {dag.py:3328} INFO - Setting next_dagrun for thais_bash to 2023-06-03T00:00:00+00:00, run_after=2023-06-04T00:00:00+00:00
[2023-06-04T01:13:22.333+0000] {processor.py:178} INFO - Processing /opt/airflow/dags/thais_bash.py took 0.176 seconds
[2023-06-04T01:13:53.166+0000] {processor.py:156} INFO - Started process (PID=1008) to work on /opt/airflow/dags/thais_bash.py
[2023-06-04T01:13:53.169+0000] {processor.py:758} INFO - Processing file /opt/airflow/dags/thais_bash.py for tasks to queue
[2023-06-04T01:13:53.171+0000] {logging_mixin.py:117} INFO - [2023-06-04T01:13:53.170+0000] {dagbag.py:525} INFO - Filling up the DagBag from /opt/airflow/dags/thais_bash.py
[2023-06-04T01:13:53.205+0000] {processor.py:768} INFO - DAG(s) dict_keys(['thais_bash']) retrieved from /opt/airflow/dags/thais_bash.py
[2023-06-04T01:13:53.266+0000] {logging_mixin.py:117} INFO - [2023-06-04T01:13:53.266+0000] {dag.py:2573} INFO - Sync 1 DAGs
[2023-06-04T01:13:53.301+0000] {logging_mixin.py:117} INFO - [2023-06-04T01:13:53.301+0000] {dag.py:3328} INFO - Setting next_dagrun for thais_bash to 2023-06-03T00:00:00+00:00, run_after=2023-06-04T00:00:00+00:00
[2023-06-04T01:13:53.326+0000] {processor.py:178} INFO - Processing /opt/airflow/dags/thais_bash.py took 0.165 seconds
[2023-06-04T01:14:23.418+0000] {processor.py:156} INFO - Started process (PID=1072) to work on /opt/airflow/dags/thais_bash.py
[2023-06-04T01:14:23.423+0000] {processor.py:758} INFO - Processing file /opt/airflow/dags/thais_bash.py for tasks to queue
[2023-06-04T01:14:23.426+0000] {logging_mixin.py:117} INFO - [2023-06-04T01:14:23.425+0000] {dagbag.py:525} INFO - Filling up the DagBag from /opt/airflow/dags/thais_bash.py
[2023-06-04T01:14:23.466+0000] {processor.py:768} INFO - DAG(s) dict_keys(['thais_bash']) retrieved from /opt/airflow/dags/thais_bash.py
[2023-06-04T01:14:23.532+0000] {logging_mixin.py:117} INFO - [2023-06-04T01:14:23.532+0000] {dag.py:2573} INFO - Sync 1 DAGs
[2023-06-04T01:14:23.568+0000] {logging_mixin.py:117} INFO - [2023-06-04T01:14:23.568+0000] {dag.py:3328} INFO - Setting next_dagrun for thais_bash to 2023-06-03T00:00:00+00:00, run_after=2023-06-04T00:00:00+00:00
[2023-06-04T01:14:23.593+0000] {processor.py:178} INFO - Processing /opt/airflow/dags/thais_bash.py took 0.181 seconds
[2023-06-04T01:14:53.952+0000] {processor.py:156} INFO - Started process (PID=1135) to work on /opt/airflow/dags/thais_bash.py
[2023-06-04T01:14:53.955+0000] {processor.py:758} INFO - Processing file /opt/airflow/dags/thais_bash.py for tasks to queue
[2023-06-04T01:14:53.958+0000] {logging_mixin.py:117} INFO - [2023-06-04T01:14:53.958+0000] {dagbag.py:525} INFO - Filling up the DagBag from /opt/airflow/dags/thais_bash.py
[2023-06-04T01:14:53.995+0000] {processor.py:768} INFO - DAG(s) dict_keys(['thais_bash']) retrieved from /opt/airflow/dags/thais_bash.py
[2023-06-04T01:14:54.077+0000] {logging_mixin.py:117} INFO - [2023-06-04T01:14:54.076+0000] {dag.py:2573} INFO - Sync 1 DAGs
[2023-06-04T01:14:54.115+0000] {logging_mixin.py:117} INFO - [2023-06-04T01:14:54.115+0000] {dag.py:3328} INFO - Setting next_dagrun for thais_bash to 2023-06-03T00:00:00+00:00, run_after=2023-06-04T00:00:00+00:00
[2023-06-04T01:14:54.144+0000] {processor.py:178} INFO - Processing /opt/airflow/dags/thais_bash.py took 0.196 seconds
[2023-06-04T01:15:25.042+0000] {processor.py:156} INFO - Started process (PID=1190) to work on /opt/airflow/dags/thais_bash.py
[2023-06-04T01:15:25.046+0000] {processor.py:758} INFO - Processing file /opt/airflow/dags/thais_bash.py for tasks to queue
[2023-06-04T01:15:25.049+0000] {logging_mixin.py:117} INFO - [2023-06-04T01:15:25.049+0000] {dagbag.py:525} INFO - Filling up the DagBag from /opt/airflow/dags/thais_bash.py
[2023-06-04T01:15:25.095+0000] {processor.py:768} INFO - DAG(s) dict_keys(['thais_bash']) retrieved from /opt/airflow/dags/thais_bash.py
[2023-06-04T01:15:25.180+0000] {logging_mixin.py:117} INFO - [2023-06-04T01:15:25.180+0000] {dag.py:2573} INFO - Sync 1 DAGs
[2023-06-04T01:15:25.221+0000] {logging_mixin.py:117} INFO - [2023-06-04T01:15:25.221+0000] {dag.py:3328} INFO - Setting next_dagrun for thais_bash to 2023-06-03T00:00:00+00:00, run_after=2023-06-04T00:00:00+00:00
[2023-06-04T01:15:25.250+0000] {processor.py:178} INFO - Processing /opt/airflow/dags/thais_bash.py took 0.216 seconds
[2023-06-04T01:15:56.162+0000] {processor.py:156} INFO - Started process (PID=1254) to work on /opt/airflow/dags/thais_bash.py
[2023-06-04T01:15:56.164+0000] {processor.py:758} INFO - Processing file /opt/airflow/dags/thais_bash.py for tasks to queue
[2023-06-04T01:15:56.167+0000] {logging_mixin.py:117} INFO - [2023-06-04T01:15:56.167+0000] {dagbag.py:525} INFO - Filling up the DagBag from /opt/airflow/dags/thais_bash.py
[2023-06-04T01:15:56.204+0000] {processor.py:768} INFO - DAG(s) dict_keys(['thais_bash']) retrieved from /opt/airflow/dags/thais_bash.py
[2023-06-04T01:15:56.273+0000] {logging_mixin.py:117} INFO - [2023-06-04T01:15:56.272+0000] {dag.py:2573} INFO - Sync 1 DAGs
[2023-06-04T01:15:56.318+0000] {logging_mixin.py:117} INFO - [2023-06-04T01:15:56.318+0000] {dag.py:3328} INFO - Setting next_dagrun for thais_bash to 2023-06-03T00:00:00+00:00, run_after=2023-06-04T00:00:00+00:00
[2023-06-04T01:15:56.347+0000] {processor.py:178} INFO - Processing /opt/airflow/dags/thais_bash.py took 0.190 seconds
[2023-06-04T01:16:27.091+0000] {processor.py:156} INFO - Started process (PID=1318) to work on /opt/airflow/dags/thais_bash.py
[2023-06-04T01:16:27.094+0000] {processor.py:758} INFO - Processing file /opt/airflow/dags/thais_bash.py for tasks to queue
[2023-06-04T01:16:27.096+0000] {logging_mixin.py:117} INFO - [2023-06-04T01:16:27.096+0000] {dagbag.py:525} INFO - Filling up the DagBag from /opt/airflow/dags/thais_bash.py
[2023-06-04T01:16:27.130+0000] {processor.py:768} INFO - DAG(s) dict_keys(['thais_bash']) retrieved from /opt/airflow/dags/thais_bash.py
[2023-06-04T01:16:27.191+0000] {logging_mixin.py:117} INFO - [2023-06-04T01:16:27.191+0000] {dag.py:2573} INFO - Sync 1 DAGs
[2023-06-04T01:16:27.222+0000] {logging_mixin.py:117} INFO - [2023-06-04T01:16:27.222+0000] {dag.py:3328} INFO - Setting next_dagrun for thais_bash to 2023-06-03T00:00:00+00:00, run_after=2023-06-04T00:00:00+00:00
[2023-06-04T01:16:27.242+0000] {processor.py:178} INFO - Processing /opt/airflow/dags/thais_bash.py took 0.158 seconds
[2023-06-04T01:16:57.875+0000] {processor.py:156} INFO - Started process (PID=1373) to work on /opt/airflow/dags/thais_bash.py
[2023-06-04T01:16:57.876+0000] {processor.py:758} INFO - Processing file /opt/airflow/dags/thais_bash.py for tasks to queue
[2023-06-04T01:16:57.879+0000] {logging_mixin.py:117} INFO - [2023-06-04T01:16:57.879+0000] {dagbag.py:525} INFO - Filling up the DagBag from /opt/airflow/dags/thais_bash.py
[2023-06-04T01:16:57.914+0000] {processor.py:768} INFO - DAG(s) dict_keys(['thais_bash']) retrieved from /opt/airflow/dags/thais_bash.py
[2023-06-04T01:16:57.973+0000] {logging_mixin.py:117} INFO - [2023-06-04T01:16:57.973+0000] {dag.py:2573} INFO - Sync 1 DAGs
[2023-06-04T01:16:58.002+0000] {logging_mixin.py:117} INFO - [2023-06-04T01:16:58.002+0000] {dag.py:3328} INFO - Setting next_dagrun for thais_bash to 2023-06-03T00:00:00+00:00, run_after=2023-06-04T00:00:00+00:00
[2023-06-04T01:16:58.022+0000] {processor.py:178} INFO - Processing /opt/airflow/dags/thais_bash.py took 0.152 seconds
[2023-06-04T01:17:28.222+0000] {processor.py:156} INFO - Started process (PID=1437) to work on /opt/airflow/dags/thais_bash.py
[2023-06-04T01:17:28.225+0000] {processor.py:758} INFO - Processing file /opt/airflow/dags/thais_bash.py for tasks to queue
[2023-06-04T01:17:28.226+0000] {logging_mixin.py:117} INFO - [2023-06-04T01:17:28.226+0000] {dagbag.py:525} INFO - Filling up the DagBag from /opt/airflow/dags/thais_bash.py
[2023-06-04T01:17:28.264+0000] {processor.py:768} INFO - DAG(s) dict_keys(['thais_bash']) retrieved from /opt/airflow/dags/thais_bash.py
[2023-06-04T01:17:28.326+0000] {logging_mixin.py:117} INFO - [2023-06-04T01:17:28.326+0000] {dag.py:2573} INFO - Sync 1 DAGs
[2023-06-04T01:17:28.362+0000] {logging_mixin.py:117} INFO - [2023-06-04T01:17:28.362+0000] {dag.py:3328} INFO - Setting next_dagrun for thais_bash to 2023-06-03T00:00:00+00:00, run_after=2023-06-04T00:00:00+00:00
[2023-06-04T01:17:28.386+0000] {processor.py:178} INFO - Processing /opt/airflow/dags/thais_bash.py took 0.168 seconds
[2023-06-04T01:17:59.326+0000] {processor.py:156} INFO - Started process (PID=1501) to work on /opt/airflow/dags/thais_bash.py
[2023-06-04T01:17:59.329+0000] {processor.py:758} INFO - Processing file /opt/airflow/dags/thais_bash.py for tasks to queue
[2023-06-04T01:17:59.331+0000] {logging_mixin.py:117} INFO - [2023-06-04T01:17:59.330+0000] {dagbag.py:525} INFO - Filling up the DagBag from /opt/airflow/dags/thais_bash.py
[2023-06-04T01:17:59.364+0000] {processor.py:768} INFO - DAG(s) dict_keys(['thais_bash']) retrieved from /opt/airflow/dags/thais_bash.py
[2023-06-04T01:17:59.423+0000] {logging_mixin.py:117} INFO - [2023-06-04T01:17:59.423+0000] {dag.py:2573} INFO - Sync 1 DAGs
[2023-06-04T01:17:59.456+0000] {logging_mixin.py:117} INFO - [2023-06-04T01:17:59.456+0000] {dag.py:3328} INFO - Setting next_dagrun for thais_bash to 2023-06-03T00:00:00+00:00, run_after=2023-06-04T00:00:00+00:00
[2023-06-04T01:17:59.477+0000] {processor.py:178} INFO - Processing /opt/airflow/dags/thais_bash.py took 0.156 seconds
[2023-06-04T01:18:29.835+0000] {processor.py:156} INFO - Started process (PID=1556) to work on /opt/airflow/dags/thais_bash.py
[2023-06-04T01:18:29.837+0000] {processor.py:758} INFO - Processing file /opt/airflow/dags/thais_bash.py for tasks to queue
[2023-06-04T01:18:29.839+0000] {logging_mixin.py:117} INFO - [2023-06-04T01:18:29.839+0000] {dagbag.py:525} INFO - Filling up the DagBag from /opt/airflow/dags/thais_bash.py
[2023-06-04T01:18:29.873+0000] {processor.py:768} INFO - DAG(s) dict_keys(['thais_bash']) retrieved from /opt/airflow/dags/thais_bash.py
[2023-06-04T01:18:29.934+0000] {logging_mixin.py:117} INFO - [2023-06-04T01:18:29.933+0000] {dag.py:2573} INFO - Sync 1 DAGs
[2023-06-04T01:18:29.967+0000] {logging_mixin.py:117} INFO - [2023-06-04T01:18:29.966+0000] {dag.py:3328} INFO - Setting next_dagrun for thais_bash to 2023-06-03T00:00:00+00:00, run_after=2023-06-04T00:00:00+00:00
[2023-06-04T01:18:29.989+0000] {processor.py:178} INFO - Processing /opt/airflow/dags/thais_bash.py took 0.160 seconds
[2023-06-04T01:19:00.090+0000] {processor.py:156} INFO - Started process (PID=1619) to work on /opt/airflow/dags/thais_bash.py
[2023-06-04T01:19:00.093+0000] {processor.py:758} INFO - Processing file /opt/airflow/dags/thais_bash.py for tasks to queue
[2023-06-04T01:19:00.096+0000] {logging_mixin.py:117} INFO - [2023-06-04T01:19:00.095+0000] {dagbag.py:525} INFO - Filling up the DagBag from /opt/airflow/dags/thais_bash.py
[2023-06-04T01:19:00.131+0000] {processor.py:768} INFO - DAG(s) dict_keys(['thais_bash']) retrieved from /opt/airflow/dags/thais_bash.py
[2023-06-04T01:19:00.191+0000] {logging_mixin.py:117} INFO - [2023-06-04T01:19:00.191+0000] {dag.py:2573} INFO - Sync 1 DAGs
[2023-06-04T01:19:00.226+0000] {logging_mixin.py:117} INFO - [2023-06-04T01:19:00.226+0000] {dag.py:3328} INFO - Setting next_dagrun for thais_bash to 2023-06-03T00:00:00+00:00, run_after=2023-06-04T00:00:00+00:00
[2023-06-04T01:19:00.250+0000] {processor.py:178} INFO - Processing /opt/airflow/dags/thais_bash.py took 0.165 seconds
[2023-06-04T01:19:30.901+0000] {processor.py:156} INFO - Started process (PID=1683) to work on /opt/airflow/dags/thais_bash.py
[2023-06-04T01:19:30.903+0000] {processor.py:758} INFO - Processing file /opt/airflow/dags/thais_bash.py for tasks to queue
[2023-06-04T01:19:30.905+0000] {logging_mixin.py:117} INFO - [2023-06-04T01:19:30.905+0000] {dagbag.py:525} INFO - Filling up the DagBag from /opt/airflow/dags/thais_bash.py
[2023-06-04T01:19:30.939+0000] {processor.py:768} INFO - DAG(s) dict_keys(['thais_bash']) retrieved from /opt/airflow/dags/thais_bash.py
[2023-06-04T01:19:30.999+0000] {logging_mixin.py:117} INFO - [2023-06-04T01:19:30.999+0000] {dag.py:2573} INFO - Sync 1 DAGs
[2023-06-04T01:19:31.035+0000] {logging_mixin.py:117} INFO - [2023-06-04T01:19:31.034+0000] {dag.py:3328} INFO - Setting next_dagrun for thais_bash to 2023-06-03T00:00:00+00:00, run_after=2023-06-04T00:00:00+00:00
[2023-06-04T01:19:31.063+0000] {processor.py:178} INFO - Processing /opt/airflow/dags/thais_bash.py took 0.166 seconds
[2023-06-04T01:20:35.742+0000] {processor.py:157} INFO - Started process (PID=41) to work on /opt/airflow/dags/thais_bash.py
[2023-06-04T01:20:35.753+0000] {processor.py:826} INFO - Processing file /opt/airflow/dags/thais_bash.py for tasks to queue
[2023-06-04T01:20:35.759+0000] {logging_mixin.py:149} INFO - [2023-06-04T01:20:35.759+0000] {dagbag.py:541} INFO - Filling up the DagBag from /opt/airflow/dags/thais_bash.py
[2023-06-04T01:20:35.880+0000] {processor.py:836} INFO - DAG(s) dict_keys(['thais_bash']) retrieved from /opt/airflow/dags/thais_bash.py
[2023-06-04T01:20:36.375+0000] {logging_mixin.py:149} INFO - [2023-06-04T01:20:36.375+0000] {dag.py:2726} INFO - Sync 1 DAGs
[2023-06-04T01:20:36.447+0000] {logging_mixin.py:149} INFO - [2023-06-04T01:20:36.447+0000] {dag.py:3490} INFO - Setting next_dagrun for thais_bash to 2023-06-03T00:00:00+00:00, run_after=2023-06-04T00:00:00+00:00
[2023-06-04T01:20:36.534+0000] {processor.py:179} INFO - Processing /opt/airflow/dags/thais_bash.py took 0.800 seconds
[2023-06-04T01:21:06.781+0000] {processor.py:157} INFO - Started process (PID=112) to work on /opt/airflow/dags/thais_bash.py
[2023-06-04T01:21:06.783+0000] {processor.py:826} INFO - Processing file /opt/airflow/dags/thais_bash.py for tasks to queue
[2023-06-04T01:21:06.785+0000] {logging_mixin.py:149} INFO - [2023-06-04T01:21:06.785+0000] {dagbag.py:541} INFO - Filling up the DagBag from /opt/airflow/dags/thais_bash.py
[2023-06-04T01:21:06.807+0000] {processor.py:836} INFO - DAG(s) dict_keys(['thais_bash']) retrieved from /opt/airflow/dags/thais_bash.py
[2023-06-04T01:21:06.855+0000] {logging_mixin.py:149} INFO - [2023-06-04T01:21:06.854+0000] {dag.py:2726} INFO - Sync 1 DAGs
[2023-06-04T01:21:06.888+0000] {logging_mixin.py:149} INFO - [2023-06-04T01:21:06.888+0000] {dag.py:3490} INFO - Setting next_dagrun for thais_bash to 2023-06-03T00:00:00+00:00, run_after=2023-06-04T00:00:00+00:00
[2023-06-04T01:21:06.913+0000] {processor.py:179} INFO - Processing /opt/airflow/dags/thais_bash.py took 0.136 seconds
[2023-06-04T01:21:37.199+0000] {processor.py:157} INFO - Started process (PID=182) to work on /opt/airflow/dags/thais_bash.py
[2023-06-04T01:21:37.203+0000] {processor.py:826} INFO - Processing file /opt/airflow/dags/thais_bash.py for tasks to queue
[2023-06-04T01:21:37.207+0000] {logging_mixin.py:149} INFO - [2023-06-04T01:21:37.206+0000] {dagbag.py:541} INFO - Filling up the DagBag from /opt/airflow/dags/thais_bash.py
[2023-06-04T01:21:37.254+0000] {processor.py:836} INFO - DAG(s) dict_keys(['thais_bash']) retrieved from /opt/airflow/dags/thais_bash.py
[2023-06-04T01:21:37.332+0000] {logging_mixin.py:149} INFO - [2023-06-04T01:21:37.331+0000] {dag.py:2726} INFO - Sync 1 DAGs
[2023-06-04T01:21:37.387+0000] {logging_mixin.py:149} INFO - [2023-06-04T01:21:37.386+0000] {dag.py:3490} INFO - Setting next_dagrun for thais_bash to 2023-06-03T00:00:00+00:00, run_after=2023-06-04T00:00:00+00:00
[2023-06-04T01:21:37.431+0000] {processor.py:179} INFO - Processing /opt/airflow/dags/thais_bash.py took 0.241 seconds
[2023-06-04T01:22:07.676+0000] {processor.py:157} INFO - Started process (PID=261) to work on /opt/airflow/dags/thais_bash.py
[2023-06-04T01:22:07.680+0000] {processor.py:826} INFO - Processing file /opt/airflow/dags/thais_bash.py for tasks to queue
[2023-06-04T01:22:07.683+0000] {logging_mixin.py:149} INFO - [2023-06-04T01:22:07.682+0000] {dagbag.py:541} INFO - Filling up the DagBag from /opt/airflow/dags/thais_bash.py
[2023-06-04T01:22:07.721+0000] {processor.py:836} INFO - DAG(s) dict_keys(['thais_bash']) retrieved from /opt/airflow/dags/thais_bash.py
[2023-06-04T01:22:07.800+0000] {logging_mixin.py:149} INFO - [2023-06-04T01:22:07.800+0000] {dag.py:2726} INFO - Sync 1 DAGs
[2023-06-04T01:22:07.850+0000] {logging_mixin.py:149} INFO - [2023-06-04T01:22:07.849+0000] {dag.py:3490} INFO - Setting next_dagrun for thais_bash to 2023-06-03T00:00:00+00:00, run_after=2023-06-04T00:00:00+00:00
[2023-06-04T01:22:07.891+0000] {processor.py:179} INFO - Processing /opt/airflow/dags/thais_bash.py took 0.225 seconds
[2023-06-04T01:22:38.327+0000] {processor.py:157} INFO - Started process (PID=330) to work on /opt/airflow/dags/thais_bash.py
[2023-06-04T01:22:38.330+0000] {processor.py:826} INFO - Processing file /opt/airflow/dags/thais_bash.py for tasks to queue
[2023-06-04T01:22:38.332+0000] {logging_mixin.py:149} INFO - [2023-06-04T01:22:38.332+0000] {dagbag.py:541} INFO - Filling up the DagBag from /opt/airflow/dags/thais_bash.py
[2023-06-04T01:22:38.360+0000] {processor.py:836} INFO - DAG(s) dict_keys(['thais_bash']) retrieved from /opt/airflow/dags/thais_bash.py
[2023-06-04T01:22:38.416+0000] {logging_mixin.py:149} INFO - [2023-06-04T01:22:38.416+0000] {dag.py:2726} INFO - Sync 1 DAGs
[2023-06-04T01:22:38.452+0000] {logging_mixin.py:149} INFO - [2023-06-04T01:22:38.452+0000] {dag.py:3490} INFO - Setting next_dagrun for thais_bash to 2023-06-03T00:00:00+00:00, run_after=2023-06-04T00:00:00+00:00
[2023-06-04T01:22:38.477+0000] {processor.py:179} INFO - Processing /opt/airflow/dags/thais_bash.py took 0.155 seconds
[2023-06-04T01:23:09.054+0000] {processor.py:157} INFO - Started process (PID=400) to work on /opt/airflow/dags/thais_bash.py
[2023-06-04T01:23:09.057+0000] {processor.py:826} INFO - Processing file /opt/airflow/dags/thais_bash.py for tasks to queue
[2023-06-04T01:23:09.060+0000] {logging_mixin.py:149} INFO - [2023-06-04T01:23:09.060+0000] {dagbag.py:541} INFO - Filling up the DagBag from /opt/airflow/dags/thais_bash.py
[2023-06-04T01:23:09.107+0000] {processor.py:836} INFO - DAG(s) dict_keys(['thais_bash']) retrieved from /opt/airflow/dags/thais_bash.py
[2023-06-04T01:23:09.186+0000] {logging_mixin.py:149} INFO - [2023-06-04T01:23:09.186+0000] {dag.py:2726} INFO - Sync 1 DAGs
[2023-06-04T01:23:09.255+0000] {logging_mixin.py:149} INFO - [2023-06-04T01:23:09.255+0000] {dag.py:3490} INFO - Setting next_dagrun for thais_bash to 2023-06-03T00:00:00+00:00, run_after=2023-06-04T00:00:00+00:00
[2023-06-04T01:23:09.319+0000] {processor.py:179} INFO - Processing /opt/airflow/dags/thais_bash.py took 0.272 seconds
[2023-06-04T01:23:39.686+0000] {processor.py:157} INFO - Started process (PID=479) to work on /opt/airflow/dags/thais_bash.py
[2023-06-04T01:23:39.689+0000] {processor.py:826} INFO - Processing file /opt/airflow/dags/thais_bash.py for tasks to queue
[2023-06-04T01:23:39.691+0000] {logging_mixin.py:149} INFO - [2023-06-04T01:23:39.691+0000] {dagbag.py:541} INFO - Filling up the DagBag from /opt/airflow/dags/thais_bash.py
[2023-06-04T01:23:39.723+0000] {processor.py:836} INFO - DAG(s) dict_keys(['thais_bash']) retrieved from /opt/airflow/dags/thais_bash.py
[2023-06-04T01:23:39.778+0000] {logging_mixin.py:149} INFO - [2023-06-04T01:23:39.778+0000] {dag.py:2726} INFO - Sync 1 DAGs
[2023-06-04T01:23:39.813+0000] {logging_mixin.py:149} INFO - [2023-06-04T01:23:39.813+0000] {dag.py:3490} INFO - Setting next_dagrun for thais_bash to 2023-06-03T00:00:00+00:00, run_after=2023-06-04T00:00:00+00:00
[2023-06-04T01:23:39.842+0000] {processor.py:179} INFO - Processing /opt/airflow/dags/thais_bash.py took 0.161 seconds
[2023-06-04T01:24:10.152+0000] {processor.py:157} INFO - Started process (PID=549) to work on /opt/airflow/dags/thais_bash.py
[2023-06-04T01:24:10.154+0000] {processor.py:826} INFO - Processing file /opt/airflow/dags/thais_bash.py for tasks to queue
[2023-06-04T01:24:10.156+0000] {logging_mixin.py:149} INFO - [2023-06-04T01:24:10.156+0000] {dagbag.py:541} INFO - Filling up the DagBag from /opt/airflow/dags/thais_bash.py
[2023-06-04T01:24:10.181+0000] {processor.py:836} INFO - DAG(s) dict_keys(['thais_bash']) retrieved from /opt/airflow/dags/thais_bash.py
[2023-06-04T01:24:10.232+0000] {logging_mixin.py:149} INFO - [2023-06-04T01:24:10.231+0000] {dag.py:2726} INFO - Sync 1 DAGs
[2023-06-04T01:24:10.265+0000] {logging_mixin.py:149} INFO - [2023-06-04T01:24:10.265+0000] {dag.py:3490} INFO - Setting next_dagrun for thais_bash to 2023-06-03T00:00:00+00:00, run_after=2023-06-04T00:00:00+00:00
[2023-06-04T01:24:10.294+0000] {processor.py:179} INFO - Processing /opt/airflow/dags/thais_bash.py took 0.148 seconds
[2023-06-04T01:24:40.554+0000] {processor.py:157} INFO - Started process (PID=628) to work on /opt/airflow/dags/thais_bash.py
[2023-06-04T01:24:40.558+0000] {processor.py:826} INFO - Processing file /opt/airflow/dags/thais_bash.py for tasks to queue
[2023-06-04T01:24:40.561+0000] {logging_mixin.py:149} INFO - [2023-06-04T01:24:40.560+0000] {dagbag.py:541} INFO - Filling up the DagBag from /opt/airflow/dags/thais_bash.py
[2023-06-04T01:24:40.593+0000] {processor.py:836} INFO - DAG(s) dict_keys(['thais_bash']) retrieved from /opt/airflow/dags/thais_bash.py
[2023-06-04T01:24:40.661+0000] {logging_mixin.py:149} INFO - [2023-06-04T01:24:40.661+0000] {dag.py:2726} INFO - Sync 1 DAGs
[2023-06-04T01:24:40.707+0000] {logging_mixin.py:149} INFO - [2023-06-04T01:24:40.707+0000] {dag.py:3490} INFO - Setting next_dagrun for thais_bash to 2023-06-03T00:00:00+00:00, run_after=2023-06-04T00:00:00+00:00
[2023-06-04T01:24:40.746+0000] {processor.py:179} INFO - Processing /opt/airflow/dags/thais_bash.py took 0.199 seconds
[2023-06-04T01:25:10.939+0000] {processor.py:157} INFO - Started process (PID=698) to work on /opt/airflow/dags/thais_bash.py
[2023-06-04T01:25:10.942+0000] {processor.py:826} INFO - Processing file /opt/airflow/dags/thais_bash.py for tasks to queue
[2023-06-04T01:25:10.944+0000] {logging_mixin.py:149} INFO - [2023-06-04T01:25:10.944+0000] {dagbag.py:541} INFO - Filling up the DagBag from /opt/airflow/dags/thais_bash.py
[2023-06-04T01:25:10.970+0000] {processor.py:836} INFO - DAG(s) dict_keys(['thais_bash']) retrieved from /opt/airflow/dags/thais_bash.py
[2023-06-04T01:25:11.021+0000] {logging_mixin.py:149} INFO - [2023-06-04T01:25:11.021+0000] {dag.py:2726} INFO - Sync 1 DAGs
[2023-06-04T01:25:11.055+0000] {logging_mixin.py:149} INFO - [2023-06-04T01:25:11.055+0000] {dag.py:3490} INFO - Setting next_dagrun for thais_bash to 2023-06-03T00:00:00+00:00, run_after=2023-06-04T00:00:00+00:00
[2023-06-04T01:25:11.079+0000] {processor.py:179} INFO - Processing /opt/airflow/dags/thais_bash.py took 0.147 seconds
[2023-06-04T01:25:41.339+0000] {processor.py:157} INFO - Started process (PID=768) to work on /opt/airflow/dags/thais_bash.py
[2023-06-04T01:25:41.342+0000] {processor.py:826} INFO - Processing file /opt/airflow/dags/thais_bash.py for tasks to queue
[2023-06-04T01:25:41.344+0000] {logging_mixin.py:149} INFO - [2023-06-04T01:25:41.344+0000] {dagbag.py:541} INFO - Filling up the DagBag from /opt/airflow/dags/thais_bash.py
[2023-06-04T01:25:41.370+0000] {processor.py:836} INFO - DAG(s) dict_keys(['thais_bash']) retrieved from /opt/airflow/dags/thais_bash.py
[2023-06-04T01:25:41.420+0000] {logging_mixin.py:149} INFO - [2023-06-04T01:25:41.420+0000] {dag.py:2726} INFO - Sync 1 DAGs
[2023-06-04T01:25:41.453+0000] {logging_mixin.py:149} INFO - [2023-06-04T01:25:41.453+0000] {dag.py:3490} INFO - Setting next_dagrun for thais_bash to 2023-06-03T00:00:00+00:00, run_after=2023-06-04T00:00:00+00:00
[2023-06-04T01:25:41.478+0000] {processor.py:179} INFO - Processing /opt/airflow/dags/thais_bash.py took 0.144 seconds
