[2023-06-04T00:36:58.847+0000] {processor.py:156} INFO - Started process (PID=76) to work on /home/airflow/.local/lib/python3.7/site-packages/airflow/example_dags/example_trigger_target_dag.py
[2023-06-04T00:36:58.850+0000] {processor.py:758} INFO - Processing file /home/airflow/.local/lib/python3.7/site-packages/airflow/example_dags/example_trigger_target_dag.py for tasks to queue
[2023-06-04T00:36:58.852+0000] {logging_mixin.py:117} INFO - [2023-06-04T00:36:58.852+0000] {dagbag.py:525} INFO - Filling up the DagBag from /home/airflow/.local/lib/python3.7/site-packages/airflow/example_dags/example_trigger_target_dag.py
[2023-06-04T00:36:58.886+0000] {processor.py:768} INFO - DAG(s) dict_keys(['example_trigger_target_dag']) retrieved from /home/airflow/.local/lib/python3.7/site-packages/airflow/example_dags/example_trigger_target_dag.py
[2023-06-04T00:36:59.076+0000] {logging_mixin.py:117} INFO - [2023-06-04T00:36:59.076+0000] {manager.py:507} INFO - Created Permission View: can delete on DAG:example_trigger_target_dag
[2023-06-04T00:36:59.093+0000] {logging_mixin.py:117} INFO - [2023-06-04T00:36:59.093+0000] {manager.py:507} INFO - Created Permission View: can read on DAG:example_trigger_target_dag
[2023-06-04T00:36:59.106+0000] {logging_mixin.py:117} INFO - [2023-06-04T00:36:59.106+0000] {manager.py:507} INFO - Created Permission View: can edit on DAG:example_trigger_target_dag
[2023-06-04T00:36:59.108+0000] {logging_mixin.py:117} INFO - [2023-06-04T00:36:59.108+0000] {dag.py:2573} INFO - Sync 1 DAGs
[2023-06-04T00:36:59.134+0000] {logging_mixin.py:117} INFO - [2023-06-04T00:36:59.134+0000] {dag.py:2594} INFO - Creating ORM DAG for example_trigger_target_dag
[2023-06-04T00:36:59.149+0000] {logging_mixin.py:117} INFO - [2023-06-04T00:36:59.149+0000] {dag.py:3328} INFO - Setting next_dagrun for example_trigger_target_dag to None, run_after=None
[2023-06-04T00:36:59.184+0000] {processor.py:178} INFO - Processing /home/airflow/.local/lib/python3.7/site-packages/airflow/example_dags/example_trigger_target_dag.py took 0.342 seconds
[2023-06-04T00:37:29.568+0000] {processor.py:156} INFO - Started process (PID=138) to work on /home/airflow/.local/lib/python3.7/site-packages/airflow/example_dags/example_trigger_target_dag.py
[2023-06-04T00:37:29.570+0000] {processor.py:758} INFO - Processing file /home/airflow/.local/lib/python3.7/site-packages/airflow/example_dags/example_trigger_target_dag.py for tasks to queue
[2023-06-04T00:37:29.572+0000] {logging_mixin.py:117} INFO - [2023-06-04T00:37:29.572+0000] {dagbag.py:525} INFO - Filling up the DagBag from /home/airflow/.local/lib/python3.7/site-packages/airflow/example_dags/example_trigger_target_dag.py
[2023-06-04T00:37:29.611+0000] {processor.py:768} INFO - DAG(s) dict_keys(['example_trigger_target_dag']) retrieved from /home/airflow/.local/lib/python3.7/site-packages/airflow/example_dags/example_trigger_target_dag.py
[2023-06-04T00:37:29.669+0000] {logging_mixin.py:117} INFO - [2023-06-04T00:37:29.669+0000] {dag.py:2573} INFO - Sync 1 DAGs
[2023-06-04T00:37:29.704+0000] {logging_mixin.py:117} INFO - [2023-06-04T00:37:29.704+0000] {dag.py:3328} INFO - Setting next_dagrun for example_trigger_target_dag to None, run_after=None
[2023-06-04T00:37:29.728+0000] {processor.py:178} INFO - Processing /home/airflow/.local/lib/python3.7/site-packages/airflow/example_dags/example_trigger_target_dag.py took 0.165 seconds
[2023-06-04T00:38:00.069+0000] {processor.py:156} INFO - Started process (PID=202) to work on /home/airflow/.local/lib/python3.7/site-packages/airflow/example_dags/example_trigger_target_dag.py
[2023-06-04T00:38:00.071+0000] {processor.py:758} INFO - Processing file /home/airflow/.local/lib/python3.7/site-packages/airflow/example_dags/example_trigger_target_dag.py for tasks to queue
[2023-06-04T00:38:00.073+0000] {logging_mixin.py:117} INFO - [2023-06-04T00:38:00.073+0000] {dagbag.py:525} INFO - Filling up the DagBag from /home/airflow/.local/lib/python3.7/site-packages/airflow/example_dags/example_trigger_target_dag.py
[2023-06-04T00:38:00.105+0000] {processor.py:768} INFO - DAG(s) dict_keys(['example_trigger_target_dag']) retrieved from /home/airflow/.local/lib/python3.7/site-packages/airflow/example_dags/example_trigger_target_dag.py
[2023-06-04T00:38:00.160+0000] {logging_mixin.py:117} INFO - [2023-06-04T00:38:00.159+0000] {dag.py:2573} INFO - Sync 1 DAGs
[2023-06-04T00:38:00.193+0000] {logging_mixin.py:117} INFO - [2023-06-04T00:38:00.193+0000] {dag.py:3328} INFO - Setting next_dagrun for example_trigger_target_dag to None, run_after=None
[2023-06-04T00:38:00.227+0000] {processor.py:178} INFO - Processing /home/airflow/.local/lib/python3.7/site-packages/airflow/example_dags/example_trigger_target_dag.py took 0.162 seconds
[2023-06-04T00:38:30.981+0000] {processor.py:156} INFO - Started process (PID=256) to work on /home/airflow/.local/lib/python3.7/site-packages/airflow/example_dags/example_trigger_target_dag.py
[2023-06-04T00:38:30.983+0000] {processor.py:758} INFO - Processing file /home/airflow/.local/lib/python3.7/site-packages/airflow/example_dags/example_trigger_target_dag.py for tasks to queue
[2023-06-04T00:38:30.984+0000] {logging_mixin.py:117} INFO - [2023-06-04T00:38:30.984+0000] {dagbag.py:525} INFO - Filling up the DagBag from /home/airflow/.local/lib/python3.7/site-packages/airflow/example_dags/example_trigger_target_dag.py
[2023-06-04T00:38:31.013+0000] {processor.py:768} INFO - DAG(s) dict_keys(['example_trigger_target_dag']) retrieved from /home/airflow/.local/lib/python3.7/site-packages/airflow/example_dags/example_trigger_target_dag.py
[2023-06-04T00:38:31.064+0000] {logging_mixin.py:117} INFO - [2023-06-04T00:38:31.064+0000] {dag.py:2573} INFO - Sync 1 DAGs
[2023-06-04T00:38:31.097+0000] {logging_mixin.py:117} INFO - [2023-06-04T00:38:31.097+0000] {dag.py:3328} INFO - Setting next_dagrun for example_trigger_target_dag to None, run_after=None
[2023-06-04T00:38:31.123+0000] {processor.py:178} INFO - Processing /home/airflow/.local/lib/python3.7/site-packages/airflow/example_dags/example_trigger_target_dag.py took 0.147 seconds
[2023-06-04T00:39:01.378+0000] {processor.py:156} INFO - Started process (PID=319) to work on /home/airflow/.local/lib/python3.7/site-packages/airflow/example_dags/example_trigger_target_dag.py
[2023-06-04T00:39:01.379+0000] {processor.py:758} INFO - Processing file /home/airflow/.local/lib/python3.7/site-packages/airflow/example_dags/example_trigger_target_dag.py for tasks to queue
[2023-06-04T00:39:01.381+0000] {logging_mixin.py:117} INFO - [2023-06-04T00:39:01.381+0000] {dagbag.py:525} INFO - Filling up the DagBag from /home/airflow/.local/lib/python3.7/site-packages/airflow/example_dags/example_trigger_target_dag.py
[2023-06-04T00:39:01.410+0000] {processor.py:768} INFO - DAG(s) dict_keys(['example_trigger_target_dag']) retrieved from /home/airflow/.local/lib/python3.7/site-packages/airflow/example_dags/example_trigger_target_dag.py
[2023-06-04T00:39:01.461+0000] {logging_mixin.py:117} INFO - [2023-06-04T00:39:01.460+0000] {dag.py:2573} INFO - Sync 1 DAGs
[2023-06-04T00:39:01.493+0000] {logging_mixin.py:117} INFO - [2023-06-04T00:39:01.493+0000] {dag.py:3328} INFO - Setting next_dagrun for example_trigger_target_dag to None, run_after=None
[2023-06-04T00:39:01.522+0000] {processor.py:178} INFO - Processing /home/airflow/.local/lib/python3.7/site-packages/airflow/example_dags/example_trigger_target_dag.py took 0.148 seconds
[2023-06-04T00:59:49.942+0000] {processor.py:156} INFO - Started process (PID=77) to work on /home/airflow/.local/lib/python3.7/site-packages/airflow/example_dags/example_trigger_target_dag.py
[2023-06-04T00:59:49.947+0000] {processor.py:758} INFO - Processing file /home/airflow/.local/lib/python3.7/site-packages/airflow/example_dags/example_trigger_target_dag.py for tasks to queue
[2023-06-04T00:59:49.949+0000] {logging_mixin.py:117} INFO - [2023-06-04T00:59:49.948+0000] {dagbag.py:525} INFO - Filling up the DagBag from /home/airflow/.local/lib/python3.7/site-packages/airflow/example_dags/example_trigger_target_dag.py
[2023-06-04T00:59:49.987+0000] {processor.py:768} INFO - DAG(s) dict_keys(['example_trigger_target_dag']) retrieved from /home/airflow/.local/lib/python3.7/site-packages/airflow/example_dags/example_trigger_target_dag.py
[2023-06-04T00:59:50.038+0000] {logging_mixin.py:117} INFO - [2023-06-04T00:59:50.037+0000] {dag.py:2573} INFO - Sync 1 DAGs
[2023-06-04T00:59:50.077+0000] {logging_mixin.py:117} INFO - [2023-06-04T00:59:50.077+0000] {dag.py:3328} INFO - Setting next_dagrun for example_trigger_target_dag to None, run_after=None
[2023-06-04T00:59:50.124+0000] {processor.py:178} INFO - Processing /home/airflow/.local/lib/python3.7/site-packages/airflow/example_dags/example_trigger_target_dag.py took 0.187 seconds
[2023-06-04T01:00:21.175+0000] {processor.py:156} INFO - Started process (PID=140) to work on /home/airflow/.local/lib/python3.7/site-packages/airflow/example_dags/example_trigger_target_dag.py
[2023-06-04T01:00:21.178+0000] {processor.py:758} INFO - Processing file /home/airflow/.local/lib/python3.7/site-packages/airflow/example_dags/example_trigger_target_dag.py for tasks to queue
[2023-06-04T01:00:21.181+0000] {logging_mixin.py:117} INFO - [2023-06-04T01:00:21.180+0000] {dagbag.py:525} INFO - Filling up the DagBag from /home/airflow/.local/lib/python3.7/site-packages/airflow/example_dags/example_trigger_target_dag.py
[2023-06-04T01:00:21.223+0000] {processor.py:768} INFO - DAG(s) dict_keys(['example_trigger_target_dag']) retrieved from /home/airflow/.local/lib/python3.7/site-packages/airflow/example_dags/example_trigger_target_dag.py
[2023-06-04T01:00:21.311+0000] {logging_mixin.py:117} INFO - [2023-06-04T01:00:21.311+0000] {dag.py:2573} INFO - Sync 1 DAGs
[2023-06-04T01:00:21.361+0000] {logging_mixin.py:117} INFO - [2023-06-04T01:00:21.361+0000] {dag.py:3328} INFO - Setting next_dagrun for example_trigger_target_dag to None, run_after=None
[2023-06-04T01:00:21.408+0000] {processor.py:178} INFO - Processing /home/airflow/.local/lib/python3.7/site-packages/airflow/example_dags/example_trigger_target_dag.py took 0.240 seconds
[2023-06-04T01:00:52.298+0000] {processor.py:156} INFO - Started process (PID=195) to work on /home/airflow/.local/lib/python3.7/site-packages/airflow/example_dags/example_trigger_target_dag.py
[2023-06-04T01:00:52.300+0000] {processor.py:758} INFO - Processing file /home/airflow/.local/lib/python3.7/site-packages/airflow/example_dags/example_trigger_target_dag.py for tasks to queue
[2023-06-04T01:00:52.301+0000] {logging_mixin.py:117} INFO - [2023-06-04T01:00:52.301+0000] {dagbag.py:525} INFO - Filling up the DagBag from /home/airflow/.local/lib/python3.7/site-packages/airflow/example_dags/example_trigger_target_dag.py
[2023-06-04T01:00:52.338+0000] {processor.py:768} INFO - DAG(s) dict_keys(['example_trigger_target_dag']) retrieved from /home/airflow/.local/lib/python3.7/site-packages/airflow/example_dags/example_trigger_target_dag.py
[2023-06-04T01:00:52.391+0000] {logging_mixin.py:117} INFO - [2023-06-04T01:00:52.391+0000] {dag.py:2573} INFO - Sync 1 DAGs
[2023-06-04T01:00:52.425+0000] {logging_mixin.py:117} INFO - [2023-06-04T01:00:52.425+0000] {dag.py:3328} INFO - Setting next_dagrun for example_trigger_target_dag to None, run_after=None
[2023-06-04T01:00:52.449+0000] {processor.py:178} INFO - Processing /home/airflow/.local/lib/python3.7/site-packages/airflow/example_dags/example_trigger_target_dag.py took 0.156 seconds
[2023-06-04T01:01:22.503+0000] {processor.py:156} INFO - Started process (PID=258) to work on /home/airflow/.local/lib/python3.7/site-packages/airflow/example_dags/example_trigger_target_dag.py
[2023-06-04T01:01:22.505+0000] {processor.py:758} INFO - Processing file /home/airflow/.local/lib/python3.7/site-packages/airflow/example_dags/example_trigger_target_dag.py for tasks to queue
[2023-06-04T01:01:22.507+0000] {logging_mixin.py:117} INFO - [2023-06-04T01:01:22.507+0000] {dagbag.py:525} INFO - Filling up the DagBag from /home/airflow/.local/lib/python3.7/site-packages/airflow/example_dags/example_trigger_target_dag.py
[2023-06-04T01:01:22.540+0000] {processor.py:768} INFO - DAG(s) dict_keys(['example_trigger_target_dag']) retrieved from /home/airflow/.local/lib/python3.7/site-packages/airflow/example_dags/example_trigger_target_dag.py
[2023-06-04T01:01:22.602+0000] {logging_mixin.py:117} INFO - [2023-06-04T01:01:22.602+0000] {dag.py:2573} INFO - Sync 1 DAGs
[2023-06-04T01:01:22.635+0000] {logging_mixin.py:117} INFO - [2023-06-04T01:01:22.635+0000] {dag.py:3328} INFO - Setting next_dagrun for example_trigger_target_dag to None, run_after=None
[2023-06-04T01:01:22.659+0000] {processor.py:178} INFO - Processing /home/airflow/.local/lib/python3.7/site-packages/airflow/example_dags/example_trigger_target_dag.py took 0.160 seconds
[2023-06-04T01:01:52.725+0000] {processor.py:156} INFO - Started process (PID=318) to work on /home/airflow/.local/lib/python3.7/site-packages/airflow/example_dags/example_trigger_target_dag.py
[2023-06-04T01:01:52.727+0000] {processor.py:758} INFO - Processing file /home/airflow/.local/lib/python3.7/site-packages/airflow/example_dags/example_trigger_target_dag.py for tasks to queue
[2023-06-04T01:01:52.730+0000] {logging_mixin.py:117} INFO - [2023-06-04T01:01:52.730+0000] {dagbag.py:525} INFO - Filling up the DagBag from /home/airflow/.local/lib/python3.7/site-packages/airflow/example_dags/example_trigger_target_dag.py
[2023-06-04T01:01:52.765+0000] {processor.py:768} INFO - DAG(s) dict_keys(['example_trigger_target_dag']) retrieved from /home/airflow/.local/lib/python3.7/site-packages/airflow/example_dags/example_trigger_target_dag.py
[2023-06-04T01:01:52.829+0000] {logging_mixin.py:117} INFO - [2023-06-04T01:01:52.829+0000] {dag.py:2573} INFO - Sync 1 DAGs
[2023-06-04T01:01:52.869+0000] {logging_mixin.py:117} INFO - [2023-06-04T01:01:52.869+0000] {dag.py:3328} INFO - Setting next_dagrun for example_trigger_target_dag to None, run_after=None
[2023-06-04T01:01:52.900+0000] {processor.py:178} INFO - Processing /home/airflow/.local/lib/python3.7/site-packages/airflow/example_dags/example_trigger_target_dag.py took 0.179 seconds
[2023-06-04T01:02:23.160+0000] {processor.py:156} INFO - Started process (PID=374) to work on /home/airflow/.local/lib/python3.7/site-packages/airflow/example_dags/example_trigger_target_dag.py
[2023-06-04T01:02:23.162+0000] {processor.py:758} INFO - Processing file /home/airflow/.local/lib/python3.7/site-packages/airflow/example_dags/example_trigger_target_dag.py for tasks to queue
[2023-06-04T01:02:23.164+0000] {logging_mixin.py:117} INFO - [2023-06-04T01:02:23.164+0000] {dagbag.py:525} INFO - Filling up the DagBag from /home/airflow/.local/lib/python3.7/site-packages/airflow/example_dags/example_trigger_target_dag.py
[2023-06-04T01:02:23.195+0000] {processor.py:768} INFO - DAG(s) dict_keys(['example_trigger_target_dag']) retrieved from /home/airflow/.local/lib/python3.7/site-packages/airflow/example_dags/example_trigger_target_dag.py
[2023-06-04T01:02:23.250+0000] {logging_mixin.py:117} INFO - [2023-06-04T01:02:23.249+0000] {dag.py:2573} INFO - Sync 1 DAGs
[2023-06-04T01:02:23.289+0000] {logging_mixin.py:117} INFO - [2023-06-04T01:02:23.289+0000] {dag.py:3328} INFO - Setting next_dagrun for example_trigger_target_dag to None, run_after=None
[2023-06-04T01:02:23.317+0000] {processor.py:178} INFO - Processing /home/airflow/.local/lib/python3.7/site-packages/airflow/example_dags/example_trigger_target_dag.py took 0.162 seconds
[2023-06-04T01:02:53.464+0000] {processor.py:156} INFO - Started process (PID=437) to work on /home/airflow/.local/lib/python3.7/site-packages/airflow/example_dags/example_trigger_target_dag.py
[2023-06-04T01:02:53.466+0000] {processor.py:758} INFO - Processing file /home/airflow/.local/lib/python3.7/site-packages/airflow/example_dags/example_trigger_target_dag.py for tasks to queue
[2023-06-04T01:02:53.467+0000] {logging_mixin.py:117} INFO - [2023-06-04T01:02:53.467+0000] {dagbag.py:525} INFO - Filling up the DagBag from /home/airflow/.local/lib/python3.7/site-packages/airflow/example_dags/example_trigger_target_dag.py
[2023-06-04T01:02:53.498+0000] {processor.py:768} INFO - DAG(s) dict_keys(['example_trigger_target_dag']) retrieved from /home/airflow/.local/lib/python3.7/site-packages/airflow/example_dags/example_trigger_target_dag.py
[2023-06-04T01:02:53.548+0000] {logging_mixin.py:117} INFO - [2023-06-04T01:02:53.547+0000] {dag.py:2573} INFO - Sync 1 DAGs
[2023-06-04T01:02:53.580+0000] {logging_mixin.py:117} INFO - [2023-06-04T01:02:53.580+0000] {dag.py:3328} INFO - Setting next_dagrun for example_trigger_target_dag to None, run_after=None
[2023-06-04T01:02:53.605+0000] {processor.py:178} INFO - Processing /home/airflow/.local/lib/python3.7/site-packages/airflow/example_dags/example_trigger_target_dag.py took 0.146 seconds
[2023-06-04T01:03:24.368+0000] {processor.py:156} INFO - Started process (PID=498) to work on /home/airflow/.local/lib/python3.7/site-packages/airflow/example_dags/example_trigger_target_dag.py
[2023-06-04T01:03:24.370+0000] {processor.py:758} INFO - Processing file /home/airflow/.local/lib/python3.7/site-packages/airflow/example_dags/example_trigger_target_dag.py for tasks to queue
[2023-06-04T01:03:24.372+0000] {logging_mixin.py:117} INFO - [2023-06-04T01:03:24.372+0000] {dagbag.py:525} INFO - Filling up the DagBag from /home/airflow/.local/lib/python3.7/site-packages/airflow/example_dags/example_trigger_target_dag.py
[2023-06-04T01:03:24.408+0000] {processor.py:768} INFO - DAG(s) dict_keys(['example_trigger_target_dag']) retrieved from /home/airflow/.local/lib/python3.7/site-packages/airflow/example_dags/example_trigger_target_dag.py
[2023-06-04T01:03:24.470+0000] {logging_mixin.py:117} INFO - [2023-06-04T01:03:24.470+0000] {dag.py:2573} INFO - Sync 1 DAGs
[2023-06-04T01:03:24.511+0000] {logging_mixin.py:117} INFO - [2023-06-04T01:03:24.511+0000] {dag.py:3328} INFO - Setting next_dagrun for example_trigger_target_dag to None, run_after=None
[2023-06-04T01:03:24.552+0000] {processor.py:178} INFO - Processing /home/airflow/.local/lib/python3.7/site-packages/airflow/example_dags/example_trigger_target_dag.py took 0.189 seconds
[2023-06-04T01:03:55.117+0000] {processor.py:156} INFO - Started process (PID=554) to work on /home/airflow/.local/lib/python3.7/site-packages/airflow/example_dags/example_trigger_target_dag.py
[2023-06-04T01:03:55.118+0000] {processor.py:758} INFO - Processing file /home/airflow/.local/lib/python3.7/site-packages/airflow/example_dags/example_trigger_target_dag.py for tasks to queue
[2023-06-04T01:03:55.120+0000] {logging_mixin.py:117} INFO - [2023-06-04T01:03:55.120+0000] {dagbag.py:525} INFO - Filling up the DagBag from /home/airflow/.local/lib/python3.7/site-packages/airflow/example_dags/example_trigger_target_dag.py
[2023-06-04T01:03:55.149+0000] {processor.py:768} INFO - DAG(s) dict_keys(['example_trigger_target_dag']) retrieved from /home/airflow/.local/lib/python3.7/site-packages/airflow/example_dags/example_trigger_target_dag.py
[2023-06-04T01:03:55.198+0000] {logging_mixin.py:117} INFO - [2023-06-04T01:03:55.198+0000] {dag.py:2573} INFO - Sync 1 DAGs
[2023-06-04T01:03:55.229+0000] {logging_mixin.py:117} INFO - [2023-06-04T01:03:55.229+0000] {dag.py:3328} INFO - Setting next_dagrun for example_trigger_target_dag to None, run_after=None
[2023-06-04T01:03:55.249+0000] {processor.py:178} INFO - Processing /home/airflow/.local/lib/python3.7/site-packages/airflow/example_dags/example_trigger_target_dag.py took 0.137 seconds
[2023-06-04T01:04:25.669+0000] {processor.py:156} INFO - Started process (PID=617) to work on /home/airflow/.local/lib/python3.7/site-packages/airflow/example_dags/example_trigger_target_dag.py
[2023-06-04T01:04:25.671+0000] {processor.py:758} INFO - Processing file /home/airflow/.local/lib/python3.7/site-packages/airflow/example_dags/example_trigger_target_dag.py for tasks to queue
[2023-06-04T01:04:25.673+0000] {logging_mixin.py:117} INFO - [2023-06-04T01:04:25.673+0000] {dagbag.py:525} INFO - Filling up the DagBag from /home/airflow/.local/lib/python3.7/site-packages/airflow/example_dags/example_trigger_target_dag.py
[2023-06-04T01:04:25.705+0000] {processor.py:768} INFO - DAG(s) dict_keys(['example_trigger_target_dag']) retrieved from /home/airflow/.local/lib/python3.7/site-packages/airflow/example_dags/example_trigger_target_dag.py
[2023-06-04T01:04:25.761+0000] {logging_mixin.py:117} INFO - [2023-06-04T01:04:25.761+0000] {dag.py:2573} INFO - Sync 1 DAGs
[2023-06-04T01:04:25.796+0000] {logging_mixin.py:117} INFO - [2023-06-04T01:04:25.796+0000] {dag.py:3328} INFO - Setting next_dagrun for example_trigger_target_dag to None, run_after=None
[2023-06-04T01:04:25.822+0000] {processor.py:178} INFO - Processing /home/airflow/.local/lib/python3.7/site-packages/airflow/example_dags/example_trigger_target_dag.py took 0.158 seconds
[2023-06-04T01:04:56.848+0000] {processor.py:156} INFO - Started process (PID=681) to work on /home/airflow/.local/lib/python3.7/site-packages/airflow/example_dags/example_trigger_target_dag.py
[2023-06-04T01:04:56.851+0000] {processor.py:758} INFO - Processing file /home/airflow/.local/lib/python3.7/site-packages/airflow/example_dags/example_trigger_target_dag.py for tasks to queue
[2023-06-04T01:04:56.854+0000] {logging_mixin.py:117} INFO - [2023-06-04T01:04:56.854+0000] {dagbag.py:525} INFO - Filling up the DagBag from /home/airflow/.local/lib/python3.7/site-packages/airflow/example_dags/example_trigger_target_dag.py
[2023-06-04T01:04:56.909+0000] {processor.py:768} INFO - DAG(s) dict_keys(['example_trigger_target_dag']) retrieved from /home/airflow/.local/lib/python3.7/site-packages/airflow/example_dags/example_trigger_target_dag.py
[2023-06-04T01:04:57.006+0000] {logging_mixin.py:117} INFO - [2023-06-04T01:04:57.006+0000] {dag.py:2573} INFO - Sync 1 DAGs
[2023-06-04T01:04:57.067+0000] {logging_mixin.py:117} INFO - [2023-06-04T01:04:57.066+0000] {dag.py:3328} INFO - Setting next_dagrun for example_trigger_target_dag to None, run_after=None
[2023-06-04T01:04:57.119+0000] {processor.py:178} INFO - Processing /home/airflow/.local/lib/python3.7/site-packages/airflow/example_dags/example_trigger_target_dag.py took 0.279 seconds
[2023-06-04T01:06:00.137+0000] {processor.py:156} INFO - Started process (PID=79) to work on /home/airflow/.local/lib/python3.7/site-packages/airflow/example_dags/example_trigger_target_dag.py
[2023-06-04T01:06:00.140+0000] {processor.py:758} INFO - Processing file /home/airflow/.local/lib/python3.7/site-packages/airflow/example_dags/example_trigger_target_dag.py for tasks to queue
[2023-06-04T01:06:00.143+0000] {logging_mixin.py:117} INFO - [2023-06-04T01:06:00.142+0000] {dagbag.py:525} INFO - Filling up the DagBag from /home/airflow/.local/lib/python3.7/site-packages/airflow/example_dags/example_trigger_target_dag.py
[2023-06-04T01:06:00.195+0000] {processor.py:768} INFO - DAG(s) dict_keys(['example_trigger_target_dag']) retrieved from /home/airflow/.local/lib/python3.7/site-packages/airflow/example_dags/example_trigger_target_dag.py
[2023-06-04T01:06:00.277+0000] {logging_mixin.py:117} INFO - [2023-06-04T01:06:00.277+0000] {dag.py:2573} INFO - Sync 1 DAGs
[2023-06-04T01:06:00.334+0000] {logging_mixin.py:117} INFO - [2023-06-04T01:06:00.334+0000] {dag.py:3328} INFO - Setting next_dagrun for example_trigger_target_dag to None, run_after=None
[2023-06-04T01:06:00.379+0000] {processor.py:178} INFO - Processing /home/airflow/.local/lib/python3.7/site-packages/airflow/example_dags/example_trigger_target_dag.py took 0.250 seconds
[2023-06-04T01:06:31.115+0000] {processor.py:156} INFO - Started process (PID=144) to work on /home/airflow/.local/lib/python3.7/site-packages/airflow/example_dags/example_trigger_target_dag.py
[2023-06-04T01:06:31.117+0000] {processor.py:758} INFO - Processing file /home/airflow/.local/lib/python3.7/site-packages/airflow/example_dags/example_trigger_target_dag.py for tasks to queue
[2023-06-04T01:06:31.119+0000] {logging_mixin.py:117} INFO - [2023-06-04T01:06:31.118+0000] {dagbag.py:525} INFO - Filling up the DagBag from /home/airflow/.local/lib/python3.7/site-packages/airflow/example_dags/example_trigger_target_dag.py
[2023-06-04T01:06:31.151+0000] {processor.py:768} INFO - DAG(s) dict_keys(['example_trigger_target_dag']) retrieved from /home/airflow/.local/lib/python3.7/site-packages/airflow/example_dags/example_trigger_target_dag.py
[2023-06-04T01:06:31.205+0000] {logging_mixin.py:117} INFO - [2023-06-04T01:06:31.205+0000] {dag.py:2573} INFO - Sync 1 DAGs
[2023-06-04T01:06:31.239+0000] {logging_mixin.py:117} INFO - [2023-06-04T01:06:31.238+0000] {dag.py:3328} INFO - Setting next_dagrun for example_trigger_target_dag to None, run_after=None
[2023-06-04T01:06:31.263+0000] {processor.py:178} INFO - Processing /home/airflow/.local/lib/python3.7/site-packages/airflow/example_dags/example_trigger_target_dag.py took 0.153 seconds
[2023-06-04T01:07:01.741+0000] {processor.py:156} INFO - Started process (PID=200) to work on /home/airflow/.local/lib/python3.7/site-packages/airflow/example_dags/example_trigger_target_dag.py
[2023-06-04T01:07:01.743+0000] {processor.py:758} INFO - Processing file /home/airflow/.local/lib/python3.7/site-packages/airflow/example_dags/example_trigger_target_dag.py for tasks to queue
[2023-06-04T01:07:01.745+0000] {logging_mixin.py:117} INFO - [2023-06-04T01:07:01.745+0000] {dagbag.py:525} INFO - Filling up the DagBag from /home/airflow/.local/lib/python3.7/site-packages/airflow/example_dags/example_trigger_target_dag.py
[2023-06-04T01:07:01.775+0000] {processor.py:768} INFO - DAG(s) dict_keys(['example_trigger_target_dag']) retrieved from /home/airflow/.local/lib/python3.7/site-packages/airflow/example_dags/example_trigger_target_dag.py
[2023-06-04T01:07:01.827+0000] {logging_mixin.py:117} INFO - [2023-06-04T01:07:01.827+0000] {dag.py:2573} INFO - Sync 1 DAGs
[2023-06-04T01:07:01.864+0000] {logging_mixin.py:117} INFO - [2023-06-04T01:07:01.864+0000] {dag.py:3328} INFO - Setting next_dagrun for example_trigger_target_dag to None, run_after=None
[2023-06-04T01:07:01.888+0000] {processor.py:178} INFO - Processing /home/airflow/.local/lib/python3.7/site-packages/airflow/example_dags/example_trigger_target_dag.py took 0.151 seconds
[2023-06-04T01:07:32.566+0000] {processor.py:156} INFO - Started process (PID=264) to work on /home/airflow/.local/lib/python3.7/site-packages/airflow/example_dags/example_trigger_target_dag.py
[2023-06-04T01:07:32.568+0000] {processor.py:758} INFO - Processing file /home/airflow/.local/lib/python3.7/site-packages/airflow/example_dags/example_trigger_target_dag.py for tasks to queue
[2023-06-04T01:07:32.570+0000] {logging_mixin.py:117} INFO - [2023-06-04T01:07:32.570+0000] {dagbag.py:525} INFO - Filling up the DagBag from /home/airflow/.local/lib/python3.7/site-packages/airflow/example_dags/example_trigger_target_dag.py
[2023-06-04T01:07:32.599+0000] {processor.py:768} INFO - DAG(s) dict_keys(['example_trigger_target_dag']) retrieved from /home/airflow/.local/lib/python3.7/site-packages/airflow/example_dags/example_trigger_target_dag.py
[2023-06-04T01:07:32.652+0000] {logging_mixin.py:117} INFO - [2023-06-04T01:07:32.652+0000] {dag.py:2573} INFO - Sync 1 DAGs
[2023-06-04T01:07:32.685+0000] {logging_mixin.py:117} INFO - [2023-06-04T01:07:32.685+0000] {dag.py:3328} INFO - Setting next_dagrun for example_trigger_target_dag to None, run_after=None
[2023-06-04T01:07:32.707+0000] {processor.py:178} INFO - Processing /home/airflow/.local/lib/python3.7/site-packages/airflow/example_dags/example_trigger_target_dag.py took 0.145 seconds
[2023-06-04T01:08:03.346+0000] {processor.py:156} INFO - Started process (PID=328) to work on /home/airflow/.local/lib/python3.7/site-packages/airflow/example_dags/example_trigger_target_dag.py
[2023-06-04T01:08:03.349+0000] {processor.py:758} INFO - Processing file /home/airflow/.local/lib/python3.7/site-packages/airflow/example_dags/example_trigger_target_dag.py for tasks to queue
[2023-06-04T01:08:03.352+0000] {logging_mixin.py:117} INFO - [2023-06-04T01:08:03.352+0000] {dagbag.py:525} INFO - Filling up the DagBag from /home/airflow/.local/lib/python3.7/site-packages/airflow/example_dags/example_trigger_target_dag.py
[2023-06-04T01:08:03.382+0000] {processor.py:768} INFO - DAG(s) dict_keys(['example_trigger_target_dag']) retrieved from /home/airflow/.local/lib/python3.7/site-packages/airflow/example_dags/example_trigger_target_dag.py
[2023-06-04T01:08:03.439+0000] {logging_mixin.py:117} INFO - [2023-06-04T01:08:03.439+0000] {dag.py:2573} INFO - Sync 1 DAGs
[2023-06-04T01:08:03.471+0000] {logging_mixin.py:117} INFO - [2023-06-04T01:08:03.471+0000] {dag.py:3328} INFO - Setting next_dagrun for example_trigger_target_dag to None, run_after=None
[2023-06-04T01:08:03.497+0000] {processor.py:178} INFO - Processing /home/airflow/.local/lib/python3.7/site-packages/airflow/example_dags/example_trigger_target_dag.py took 0.158 seconds
[2023-06-04T01:08:34.019+0000] {processor.py:156} INFO - Started process (PID=383) to work on /home/airflow/.local/lib/python3.7/site-packages/airflow/example_dags/example_trigger_target_dag.py
[2023-06-04T01:08:34.021+0000] {processor.py:758} INFO - Processing file /home/airflow/.local/lib/python3.7/site-packages/airflow/example_dags/example_trigger_target_dag.py for tasks to queue
[2023-06-04T01:08:34.023+0000] {logging_mixin.py:117} INFO - [2023-06-04T01:08:34.023+0000] {dagbag.py:525} INFO - Filling up the DagBag from /home/airflow/.local/lib/python3.7/site-packages/airflow/example_dags/example_trigger_target_dag.py
[2023-06-04T01:08:34.059+0000] {processor.py:768} INFO - DAG(s) dict_keys(['example_trigger_target_dag']) retrieved from /home/airflow/.local/lib/python3.7/site-packages/airflow/example_dags/example_trigger_target_dag.py
[2023-06-04T01:08:34.111+0000] {logging_mixin.py:117} INFO - [2023-06-04T01:08:34.111+0000] {dag.py:2573} INFO - Sync 1 DAGs
[2023-06-04T01:08:34.145+0000] {logging_mixin.py:117} INFO - [2023-06-04T01:08:34.145+0000] {dag.py:3328} INFO - Setting next_dagrun for example_trigger_target_dag to None, run_after=None
[2023-06-04T01:08:34.169+0000] {processor.py:178} INFO - Processing /home/airflow/.local/lib/python3.7/site-packages/airflow/example_dags/example_trigger_target_dag.py took 0.155 seconds
[2023-06-04T01:09:05.039+0000] {processor.py:156} INFO - Started process (PID=447) to work on /home/airflow/.local/lib/python3.7/site-packages/airflow/example_dags/example_trigger_target_dag.py
[2023-06-04T01:09:05.043+0000] {processor.py:758} INFO - Processing file /home/airflow/.local/lib/python3.7/site-packages/airflow/example_dags/example_trigger_target_dag.py for tasks to queue
[2023-06-04T01:09:05.045+0000] {logging_mixin.py:117} INFO - [2023-06-04T01:09:05.045+0000] {dagbag.py:525} INFO - Filling up the DagBag from /home/airflow/.local/lib/python3.7/site-packages/airflow/example_dags/example_trigger_target_dag.py
[2023-06-04T01:09:05.076+0000] {processor.py:768} INFO - DAG(s) dict_keys(['example_trigger_target_dag']) retrieved from /home/airflow/.local/lib/python3.7/site-packages/airflow/example_dags/example_trigger_target_dag.py
[2023-06-04T01:09:05.141+0000] {logging_mixin.py:117} INFO - [2023-06-04T01:09:05.140+0000] {dag.py:2573} INFO - Sync 1 DAGs
[2023-06-04T01:09:05.179+0000] {logging_mixin.py:117} INFO - [2023-06-04T01:09:05.179+0000] {dag.py:3328} INFO - Setting next_dagrun for example_trigger_target_dag to None, run_after=None
[2023-06-04T01:09:05.204+0000] {processor.py:178} INFO - Processing /home/airflow/.local/lib/python3.7/site-packages/airflow/example_dags/example_trigger_target_dag.py took 0.170 seconds
[2023-06-04T01:09:36.069+0000] {processor.py:156} INFO - Started process (PID=511) to work on /home/airflow/.local/lib/python3.7/site-packages/airflow/example_dags/example_trigger_target_dag.py
[2023-06-04T01:09:36.070+0000] {processor.py:758} INFO - Processing file /home/airflow/.local/lib/python3.7/site-packages/airflow/example_dags/example_trigger_target_dag.py for tasks to queue
[2023-06-04T01:09:36.072+0000] {logging_mixin.py:117} INFO - [2023-06-04T01:09:36.072+0000] {dagbag.py:525} INFO - Filling up the DagBag from /home/airflow/.local/lib/python3.7/site-packages/airflow/example_dags/example_trigger_target_dag.py
[2023-06-04T01:09:36.104+0000] {processor.py:768} INFO - DAG(s) dict_keys(['example_trigger_target_dag']) retrieved from /home/airflow/.local/lib/python3.7/site-packages/airflow/example_dags/example_trigger_target_dag.py
[2023-06-04T01:09:36.163+0000] {logging_mixin.py:117} INFO - [2023-06-04T01:09:36.163+0000] {dag.py:2573} INFO - Sync 1 DAGs
[2023-06-04T01:09:36.195+0000] {logging_mixin.py:117} INFO - [2023-06-04T01:09:36.195+0000] {dag.py:3328} INFO - Setting next_dagrun for example_trigger_target_dag to None, run_after=None
[2023-06-04T01:09:36.220+0000] {processor.py:178} INFO - Processing /home/airflow/.local/lib/python3.7/site-packages/airflow/example_dags/example_trigger_target_dag.py took 0.156 seconds
[2023-06-04T01:10:06.947+0000] {processor.py:156} INFO - Started process (PID=575) to work on /home/airflow/.local/lib/python3.7/site-packages/airflow/example_dags/example_trigger_target_dag.py
[2023-06-04T01:10:06.949+0000] {processor.py:758} INFO - Processing file /home/airflow/.local/lib/python3.7/site-packages/airflow/example_dags/example_trigger_target_dag.py for tasks to queue
[2023-06-04T01:10:06.952+0000] {logging_mixin.py:117} INFO - [2023-06-04T01:10:06.951+0000] {dagbag.py:525} INFO - Filling up the DagBag from /home/airflow/.local/lib/python3.7/site-packages/airflow/example_dags/example_trigger_target_dag.py
[2023-06-04T01:10:06.985+0000] {processor.py:768} INFO - DAG(s) dict_keys(['example_trigger_target_dag']) retrieved from /home/airflow/.local/lib/python3.7/site-packages/airflow/example_dags/example_trigger_target_dag.py
[2023-06-04T01:10:07.039+0000] {logging_mixin.py:117} INFO - [2023-06-04T01:10:07.039+0000] {dag.py:2573} INFO - Sync 1 DAGs
[2023-06-04T01:10:07.074+0000] {logging_mixin.py:117} INFO - [2023-06-04T01:10:07.074+0000] {dag.py:3328} INFO - Setting next_dagrun for example_trigger_target_dag to None, run_after=None
[2023-06-04T01:10:07.098+0000] {processor.py:178} INFO - Processing /home/airflow/.local/lib/python3.7/site-packages/airflow/example_dags/example_trigger_target_dag.py took 0.156 seconds
[2023-06-04T01:10:37.351+0000] {processor.py:156} INFO - Started process (PID=630) to work on /home/airflow/.local/lib/python3.7/site-packages/airflow/example_dags/example_trigger_target_dag.py
[2023-06-04T01:10:37.354+0000] {processor.py:758} INFO - Processing file /home/airflow/.local/lib/python3.7/site-packages/airflow/example_dags/example_trigger_target_dag.py for tasks to queue
[2023-06-04T01:10:37.355+0000] {logging_mixin.py:117} INFO - [2023-06-04T01:10:37.355+0000] {dagbag.py:525} INFO - Filling up the DagBag from /home/airflow/.local/lib/python3.7/site-packages/airflow/example_dags/example_trigger_target_dag.py
[2023-06-04T01:10:37.385+0000] {processor.py:768} INFO - DAG(s) dict_keys(['example_trigger_target_dag']) retrieved from /home/airflow/.local/lib/python3.7/site-packages/airflow/example_dags/example_trigger_target_dag.py
[2023-06-04T01:10:37.436+0000] {logging_mixin.py:117} INFO - [2023-06-04T01:10:37.435+0000] {dag.py:2573} INFO - Sync 1 DAGs
[2023-06-04T01:10:37.469+0000] {logging_mixin.py:117} INFO - [2023-06-04T01:10:37.469+0000] {dag.py:3328} INFO - Setting next_dagrun for example_trigger_target_dag to None, run_after=None
[2023-06-04T01:10:37.492+0000] {processor.py:178} INFO - Processing /home/airflow/.local/lib/python3.7/site-packages/airflow/example_dags/example_trigger_target_dag.py took 0.145 seconds
[2023-06-04T01:11:07.794+0000] {processor.py:156} INFO - Started process (PID=694) to work on /home/airflow/.local/lib/python3.7/site-packages/airflow/example_dags/example_trigger_target_dag.py
[2023-06-04T01:11:07.796+0000] {processor.py:758} INFO - Processing file /home/airflow/.local/lib/python3.7/site-packages/airflow/example_dags/example_trigger_target_dag.py for tasks to queue
[2023-06-04T01:11:07.798+0000] {logging_mixin.py:117} INFO - [2023-06-04T01:11:07.798+0000] {dagbag.py:525} INFO - Filling up the DagBag from /home/airflow/.local/lib/python3.7/site-packages/airflow/example_dags/example_trigger_target_dag.py
[2023-06-04T01:11:07.829+0000] {processor.py:768} INFO - DAG(s) dict_keys(['example_trigger_target_dag']) retrieved from /home/airflow/.local/lib/python3.7/site-packages/airflow/example_dags/example_trigger_target_dag.py
[2023-06-04T01:11:07.888+0000] {logging_mixin.py:117} INFO - [2023-06-04T01:11:07.887+0000] {dag.py:2573} INFO - Sync 1 DAGs
[2023-06-04T01:11:07.924+0000] {logging_mixin.py:117} INFO - [2023-06-04T01:11:07.924+0000] {dag.py:3328} INFO - Setting next_dagrun for example_trigger_target_dag to None, run_after=None
[2023-06-04T01:11:07.952+0000] {processor.py:178} INFO - Processing /home/airflow/.local/lib/python3.7/site-packages/airflow/example_dags/example_trigger_target_dag.py took 0.164 seconds
[2023-06-04T01:11:39.482+0000] {processor.py:156} INFO - Started process (PID=758) to work on /home/airflow/.local/lib/python3.7/site-packages/airflow/example_dags/example_trigger_target_dag.py
[2023-06-04T01:11:39.484+0000] {processor.py:758} INFO - Processing file /home/airflow/.local/lib/python3.7/site-packages/airflow/example_dags/example_trigger_target_dag.py for tasks to queue
[2023-06-04T01:11:39.485+0000] {logging_mixin.py:117} INFO - [2023-06-04T01:11:39.485+0000] {dagbag.py:525} INFO - Filling up the DagBag from /home/airflow/.local/lib/python3.7/site-packages/airflow/example_dags/example_trigger_target_dag.py
[2023-06-04T01:11:39.516+0000] {processor.py:768} INFO - DAG(s) dict_keys(['example_trigger_target_dag']) retrieved from /home/airflow/.local/lib/python3.7/site-packages/airflow/example_dags/example_trigger_target_dag.py
[2023-06-04T01:11:39.567+0000] {logging_mixin.py:117} INFO - [2023-06-04T01:11:39.566+0000] {dag.py:2573} INFO - Sync 1 DAGs
[2023-06-04T01:11:39.595+0000] {logging_mixin.py:117} INFO - [2023-06-04T01:11:39.595+0000] {dag.py:3328} INFO - Setting next_dagrun for example_trigger_target_dag to None, run_after=None
[2023-06-04T01:11:39.618+0000] {processor.py:178} INFO - Processing /home/airflow/.local/lib/python3.7/site-packages/airflow/example_dags/example_trigger_target_dag.py took 0.140 seconds
[2023-06-04T01:12:09.977+0000] {processor.py:156} INFO - Started process (PID=813) to work on /home/airflow/.local/lib/python3.7/site-packages/airflow/example_dags/example_trigger_target_dag.py
[2023-06-04T01:12:09.980+0000] {processor.py:758} INFO - Processing file /home/airflow/.local/lib/python3.7/site-packages/airflow/example_dags/example_trigger_target_dag.py for tasks to queue
[2023-06-04T01:12:09.981+0000] {logging_mixin.py:117} INFO - [2023-06-04T01:12:09.981+0000] {dagbag.py:525} INFO - Filling up the DagBag from /home/airflow/.local/lib/python3.7/site-packages/airflow/example_dags/example_trigger_target_dag.py
[2023-06-04T01:12:10.011+0000] {processor.py:768} INFO - DAG(s) dict_keys(['example_trigger_target_dag']) retrieved from /home/airflow/.local/lib/python3.7/site-packages/airflow/example_dags/example_trigger_target_dag.py
[2023-06-04T01:12:10.063+0000] {logging_mixin.py:117} INFO - [2023-06-04T01:12:10.063+0000] {dag.py:2573} INFO - Sync 1 DAGs
[2023-06-04T01:12:10.095+0000] {logging_mixin.py:117} INFO - [2023-06-04T01:12:10.095+0000] {dag.py:3328} INFO - Setting next_dagrun for example_trigger_target_dag to None, run_after=None
[2023-06-04T01:12:10.120+0000] {processor.py:178} INFO - Processing /home/airflow/.local/lib/python3.7/site-packages/airflow/example_dags/example_trigger_target_dag.py took 0.147 seconds
[2023-06-04T01:12:40.379+0000] {processor.py:156} INFO - Started process (PID=877) to work on /home/airflow/.local/lib/python3.7/site-packages/airflow/example_dags/example_trigger_target_dag.py
[2023-06-04T01:12:40.381+0000] {processor.py:758} INFO - Processing file /home/airflow/.local/lib/python3.7/site-packages/airflow/example_dags/example_trigger_target_dag.py for tasks to queue
[2023-06-04T01:12:40.382+0000] {logging_mixin.py:117} INFO - [2023-06-04T01:12:40.382+0000] {dagbag.py:525} INFO - Filling up the DagBag from /home/airflow/.local/lib/python3.7/site-packages/airflow/example_dags/example_trigger_target_dag.py
[2023-06-04T01:12:40.413+0000] {processor.py:768} INFO - DAG(s) dict_keys(['example_trigger_target_dag']) retrieved from /home/airflow/.local/lib/python3.7/site-packages/airflow/example_dags/example_trigger_target_dag.py
[2023-06-04T01:12:40.465+0000] {logging_mixin.py:117} INFO - [2023-06-04T01:12:40.465+0000] {dag.py:2573} INFO - Sync 1 DAGs
[2023-06-04T01:12:40.498+0000] {logging_mixin.py:117} INFO - [2023-06-04T01:12:40.498+0000] {dag.py:3328} INFO - Setting next_dagrun for example_trigger_target_dag to None, run_after=None
[2023-06-04T01:12:40.525+0000] {processor.py:178} INFO - Processing /home/airflow/.local/lib/python3.7/site-packages/airflow/example_dags/example_trigger_target_dag.py took 0.151 seconds
[2023-06-04T01:13:10.784+0000] {processor.py:156} INFO - Started process (PID=941) to work on /home/airflow/.local/lib/python3.7/site-packages/airflow/example_dags/example_trigger_target_dag.py
[2023-06-04T01:13:10.786+0000] {processor.py:758} INFO - Processing file /home/airflow/.local/lib/python3.7/site-packages/airflow/example_dags/example_trigger_target_dag.py for tasks to queue
[2023-06-04T01:13:10.787+0000] {logging_mixin.py:117} INFO - [2023-06-04T01:13:10.787+0000] {dagbag.py:525} INFO - Filling up the DagBag from /home/airflow/.local/lib/python3.7/site-packages/airflow/example_dags/example_trigger_target_dag.py
[2023-06-04T01:13:10.817+0000] {processor.py:768} INFO - DAG(s) dict_keys(['example_trigger_target_dag']) retrieved from /home/airflow/.local/lib/python3.7/site-packages/airflow/example_dags/example_trigger_target_dag.py
[2023-06-04T01:13:10.868+0000] {logging_mixin.py:117} INFO - [2023-06-04T01:13:10.868+0000] {dag.py:2573} INFO - Sync 1 DAGs
[2023-06-04T01:13:10.900+0000] {logging_mixin.py:117} INFO - [2023-06-04T01:13:10.900+0000] {dag.py:3328} INFO - Setting next_dagrun for example_trigger_target_dag to None, run_after=None
[2023-06-04T01:13:10.923+0000] {processor.py:178} INFO - Processing /home/airflow/.local/lib/python3.7/site-packages/airflow/example_dags/example_trigger_target_dag.py took 0.144 seconds
[2023-06-04T01:13:41.758+0000] {processor.py:156} INFO - Started process (PID=996) to work on /home/airflow/.local/lib/python3.7/site-packages/airflow/example_dags/example_trigger_target_dag.py
[2023-06-04T01:13:41.773+0000] {processor.py:758} INFO - Processing file /home/airflow/.local/lib/python3.7/site-packages/airflow/example_dags/example_trigger_target_dag.py for tasks to queue
[2023-06-04T01:13:41.777+0000] {logging_mixin.py:117} INFO - [2023-06-04T01:13:41.776+0000] {dagbag.py:525} INFO - Filling up the DagBag from /home/airflow/.local/lib/python3.7/site-packages/airflow/example_dags/example_trigger_target_dag.py
[2023-06-04T01:13:41.843+0000] {processor.py:768} INFO - DAG(s) dict_keys(['example_trigger_target_dag']) retrieved from /home/airflow/.local/lib/python3.7/site-packages/airflow/example_dags/example_trigger_target_dag.py
[2023-06-04T01:13:41.906+0000] {logging_mixin.py:117} INFO - [2023-06-04T01:13:41.906+0000] {dag.py:2573} INFO - Sync 1 DAGs
[2023-06-04T01:13:41.944+0000] {logging_mixin.py:117} INFO - [2023-06-04T01:13:41.944+0000] {dag.py:3328} INFO - Setting next_dagrun for example_trigger_target_dag to None, run_after=None
[2023-06-04T01:13:41.977+0000] {processor.py:178} INFO - Processing /home/airflow/.local/lib/python3.7/site-packages/airflow/example_dags/example_trigger_target_dag.py took 0.227 seconds
[2023-06-04T01:14:12.872+0000] {processor.py:156} INFO - Started process (PID=1059) to work on /home/airflow/.local/lib/python3.7/site-packages/airflow/example_dags/example_trigger_target_dag.py
[2023-06-04T01:14:12.875+0000] {processor.py:758} INFO - Processing file /home/airflow/.local/lib/python3.7/site-packages/airflow/example_dags/example_trigger_target_dag.py for tasks to queue
[2023-06-04T01:14:12.878+0000] {logging_mixin.py:117} INFO - [2023-06-04T01:14:12.878+0000] {dagbag.py:525} INFO - Filling up the DagBag from /home/airflow/.local/lib/python3.7/site-packages/airflow/example_dags/example_trigger_target_dag.py
[2023-06-04T01:14:12.946+0000] {processor.py:768} INFO - DAG(s) dict_keys(['example_trigger_target_dag']) retrieved from /home/airflow/.local/lib/python3.7/site-packages/airflow/example_dags/example_trigger_target_dag.py
[2023-06-04T01:14:13.038+0000] {logging_mixin.py:117} INFO - [2023-06-04T01:14:13.037+0000] {dag.py:2573} INFO - Sync 1 DAGs
[2023-06-04T01:14:13.117+0000] {logging_mixin.py:117} INFO - [2023-06-04T01:14:13.117+0000] {dag.py:3328} INFO - Setting next_dagrun for example_trigger_target_dag to None, run_after=None
[2023-06-04T01:14:13.182+0000] {processor.py:178} INFO - Processing /home/airflow/.local/lib/python3.7/site-packages/airflow/example_dags/example_trigger_target_dag.py took 0.317 seconds
[2023-06-04T01:14:43.526+0000] {processor.py:156} INFO - Started process (PID=1122) to work on /home/airflow/.local/lib/python3.7/site-packages/airflow/example_dags/example_trigger_target_dag.py
[2023-06-04T01:14:43.529+0000] {processor.py:758} INFO - Processing file /home/airflow/.local/lib/python3.7/site-packages/airflow/example_dags/example_trigger_target_dag.py for tasks to queue
[2023-06-04T01:14:43.532+0000] {logging_mixin.py:117} INFO - [2023-06-04T01:14:43.532+0000] {dagbag.py:525} INFO - Filling up the DagBag from /home/airflow/.local/lib/python3.7/site-packages/airflow/example_dags/example_trigger_target_dag.py
[2023-06-04T01:14:43.582+0000] {processor.py:768} INFO - DAG(s) dict_keys(['example_trigger_target_dag']) retrieved from /home/airflow/.local/lib/python3.7/site-packages/airflow/example_dags/example_trigger_target_dag.py
[2023-06-04T01:14:43.647+0000] {logging_mixin.py:117} INFO - [2023-06-04T01:14:43.647+0000] {dag.py:2573} INFO - Sync 1 DAGs
[2023-06-04T01:14:43.688+0000] {logging_mixin.py:117} INFO - [2023-06-04T01:14:43.687+0000] {dag.py:3328} INFO - Setting next_dagrun for example_trigger_target_dag to None, run_after=None
[2023-06-04T01:14:43.721+0000] {processor.py:178} INFO - Processing /home/airflow/.local/lib/python3.7/site-packages/airflow/example_dags/example_trigger_target_dag.py took 0.201 seconds
[2023-06-04T01:15:14.418+0000] {processor.py:156} INFO - Started process (PID=1177) to work on /home/airflow/.local/lib/python3.7/site-packages/airflow/example_dags/example_trigger_target_dag.py
[2023-06-04T01:15:14.421+0000] {processor.py:758} INFO - Processing file /home/airflow/.local/lib/python3.7/site-packages/airflow/example_dags/example_trigger_target_dag.py for tasks to queue
[2023-06-04T01:15:14.424+0000] {logging_mixin.py:117} INFO - [2023-06-04T01:15:14.424+0000] {dagbag.py:525} INFO - Filling up the DagBag from /home/airflow/.local/lib/python3.7/site-packages/airflow/example_dags/example_trigger_target_dag.py
[2023-06-04T01:15:14.500+0000] {processor.py:768} INFO - DAG(s) dict_keys(['example_trigger_target_dag']) retrieved from /home/airflow/.local/lib/python3.7/site-packages/airflow/example_dags/example_trigger_target_dag.py
[2023-06-04T01:15:14.629+0000] {logging_mixin.py:117} INFO - [2023-06-04T01:15:14.628+0000] {dag.py:2573} INFO - Sync 1 DAGs
[2023-06-04T01:15:14.695+0000] {logging_mixin.py:117} INFO - [2023-06-04T01:15:14.695+0000] {dag.py:3328} INFO - Setting next_dagrun for example_trigger_target_dag to None, run_after=None
[2023-06-04T01:15:14.763+0000] {processor.py:178} INFO - Processing /home/airflow/.local/lib/python3.7/site-packages/airflow/example_dags/example_trigger_target_dag.py took 0.351 seconds
[2023-06-04T01:15:45.775+0000] {processor.py:156} INFO - Started process (PID=1241) to work on /home/airflow/.local/lib/python3.7/site-packages/airflow/example_dags/example_trigger_target_dag.py
[2023-06-04T01:15:45.777+0000] {processor.py:758} INFO - Processing file /home/airflow/.local/lib/python3.7/site-packages/airflow/example_dags/example_trigger_target_dag.py for tasks to queue
[2023-06-04T01:15:45.779+0000] {logging_mixin.py:117} INFO - [2023-06-04T01:15:45.779+0000] {dagbag.py:525} INFO - Filling up the DagBag from /home/airflow/.local/lib/python3.7/site-packages/airflow/example_dags/example_trigger_target_dag.py
[2023-06-04T01:15:45.811+0000] {processor.py:768} INFO - DAG(s) dict_keys(['example_trigger_target_dag']) retrieved from /home/airflow/.local/lib/python3.7/site-packages/airflow/example_dags/example_trigger_target_dag.py
[2023-06-04T01:15:45.866+0000] {logging_mixin.py:117} INFO - [2023-06-04T01:15:45.866+0000] {dag.py:2573} INFO - Sync 1 DAGs
[2023-06-04T01:15:45.904+0000] {logging_mixin.py:117} INFO - [2023-06-04T01:15:45.904+0000] {dag.py:3328} INFO - Setting next_dagrun for example_trigger_target_dag to None, run_after=None
[2023-06-04T01:15:45.936+0000] {processor.py:178} INFO - Processing /home/airflow/.local/lib/python3.7/site-packages/airflow/example_dags/example_trigger_target_dag.py took 0.166 seconds
[2023-06-04T01:16:16.569+0000] {processor.py:156} INFO - Started process (PID=1305) to work on /home/airflow/.local/lib/python3.7/site-packages/airflow/example_dags/example_trigger_target_dag.py
[2023-06-04T01:16:16.573+0000] {processor.py:758} INFO - Processing file /home/airflow/.local/lib/python3.7/site-packages/airflow/example_dags/example_trigger_target_dag.py for tasks to queue
[2023-06-04T01:16:16.576+0000] {logging_mixin.py:117} INFO - [2023-06-04T01:16:16.576+0000] {dagbag.py:525} INFO - Filling up the DagBag from /home/airflow/.local/lib/python3.7/site-packages/airflow/example_dags/example_trigger_target_dag.py
[2023-06-04T01:16:16.628+0000] {processor.py:768} INFO - DAG(s) dict_keys(['example_trigger_target_dag']) retrieved from /home/airflow/.local/lib/python3.7/site-packages/airflow/example_dags/example_trigger_target_dag.py
[2023-06-04T01:16:16.719+0000] {logging_mixin.py:117} INFO - [2023-06-04T01:16:16.718+0000] {dag.py:2573} INFO - Sync 1 DAGs
[2023-06-04T01:16:16.762+0000] {logging_mixin.py:117} INFO - [2023-06-04T01:16:16.761+0000] {dag.py:3328} INFO - Setting next_dagrun for example_trigger_target_dag to None, run_after=None
[2023-06-04T01:16:16.793+0000] {processor.py:178} INFO - Processing /home/airflow/.local/lib/python3.7/site-packages/airflow/example_dags/example_trigger_target_dag.py took 0.234 seconds
[2023-06-04T01:16:47.513+0000] {processor.py:156} INFO - Started process (PID=1360) to work on /home/airflow/.local/lib/python3.7/site-packages/airflow/example_dags/example_trigger_target_dag.py
[2023-06-04T01:16:47.516+0000] {processor.py:758} INFO - Processing file /home/airflow/.local/lib/python3.7/site-packages/airflow/example_dags/example_trigger_target_dag.py for tasks to queue
[2023-06-04T01:16:47.518+0000] {logging_mixin.py:117} INFO - [2023-06-04T01:16:47.518+0000] {dagbag.py:525} INFO - Filling up the DagBag from /home/airflow/.local/lib/python3.7/site-packages/airflow/example_dags/example_trigger_target_dag.py
[2023-06-04T01:16:47.556+0000] {processor.py:768} INFO - DAG(s) dict_keys(['example_trigger_target_dag']) retrieved from /home/airflow/.local/lib/python3.7/site-packages/airflow/example_dags/example_trigger_target_dag.py
[2023-06-04T01:16:47.616+0000] {logging_mixin.py:117} INFO - [2023-06-04T01:16:47.616+0000] {dag.py:2573} INFO - Sync 1 DAGs
[2023-06-04T01:16:47.654+0000] {logging_mixin.py:117} INFO - [2023-06-04T01:16:47.654+0000] {dag.py:3328} INFO - Setting next_dagrun for example_trigger_target_dag to None, run_after=None
[2023-06-04T01:16:47.684+0000] {processor.py:178} INFO - Processing /home/airflow/.local/lib/python3.7/site-packages/airflow/example_dags/example_trigger_target_dag.py took 0.176 seconds
[2023-06-04T01:17:17.878+0000] {processor.py:156} INFO - Started process (PID=1424) to work on /home/airflow/.local/lib/python3.7/site-packages/airflow/example_dags/example_trigger_target_dag.py
[2023-06-04T01:17:17.881+0000] {processor.py:758} INFO - Processing file /home/airflow/.local/lib/python3.7/site-packages/airflow/example_dags/example_trigger_target_dag.py for tasks to queue
[2023-06-04T01:17:17.884+0000] {logging_mixin.py:117} INFO - [2023-06-04T01:17:17.884+0000] {dagbag.py:525} INFO - Filling up the DagBag from /home/airflow/.local/lib/python3.7/site-packages/airflow/example_dags/example_trigger_target_dag.py
[2023-06-04T01:17:17.919+0000] {processor.py:768} INFO - DAG(s) dict_keys(['example_trigger_target_dag']) retrieved from /home/airflow/.local/lib/python3.7/site-packages/airflow/example_dags/example_trigger_target_dag.py
[2023-06-04T01:17:17.985+0000] {logging_mixin.py:117} INFO - [2023-06-04T01:17:17.984+0000] {dag.py:2573} INFO - Sync 1 DAGs
[2023-06-04T01:17:18.020+0000] {logging_mixin.py:117} INFO - [2023-06-04T01:17:18.019+0000] {dag.py:3328} INFO - Setting next_dagrun for example_trigger_target_dag to None, run_after=None
[2023-06-04T01:17:18.047+0000] {processor.py:178} INFO - Processing /home/airflow/.local/lib/python3.7/site-packages/airflow/example_dags/example_trigger_target_dag.py took 0.173 seconds
[2023-06-04T01:17:49.018+0000] {processor.py:156} INFO - Started process (PID=1488) to work on /home/airflow/.local/lib/python3.7/site-packages/airflow/example_dags/example_trigger_target_dag.py
[2023-06-04T01:17:49.020+0000] {processor.py:758} INFO - Processing file /home/airflow/.local/lib/python3.7/site-packages/airflow/example_dags/example_trigger_target_dag.py for tasks to queue
[2023-06-04T01:17:49.022+0000] {logging_mixin.py:117} INFO - [2023-06-04T01:17:49.021+0000] {dagbag.py:525} INFO - Filling up the DagBag from /home/airflow/.local/lib/python3.7/site-packages/airflow/example_dags/example_trigger_target_dag.py
[2023-06-04T01:17:49.052+0000] {processor.py:768} INFO - DAG(s) dict_keys(['example_trigger_target_dag']) retrieved from /home/airflow/.local/lib/python3.7/site-packages/airflow/example_dags/example_trigger_target_dag.py
[2023-06-04T01:17:49.105+0000] {logging_mixin.py:117} INFO - [2023-06-04T01:17:49.105+0000] {dag.py:2573} INFO - Sync 1 DAGs
[2023-06-04T01:17:49.137+0000] {logging_mixin.py:117} INFO - [2023-06-04T01:17:49.137+0000] {dag.py:3328} INFO - Setting next_dagrun for example_trigger_target_dag to None, run_after=None
[2023-06-04T01:17:49.162+0000] {processor.py:178} INFO - Processing /home/airflow/.local/lib/python3.7/site-packages/airflow/example_dags/example_trigger_target_dag.py took 0.148 seconds
[2023-06-04T01:18:19.507+0000] {processor.py:156} INFO - Started process (PID=1543) to work on /home/airflow/.local/lib/python3.7/site-packages/airflow/example_dags/example_trigger_target_dag.py
[2023-06-04T01:18:19.510+0000] {processor.py:758} INFO - Processing file /home/airflow/.local/lib/python3.7/site-packages/airflow/example_dags/example_trigger_target_dag.py for tasks to queue
[2023-06-04T01:18:19.511+0000] {logging_mixin.py:117} INFO - [2023-06-04T01:18:19.511+0000] {dagbag.py:525} INFO - Filling up the DagBag from /home/airflow/.local/lib/python3.7/site-packages/airflow/example_dags/example_trigger_target_dag.py
[2023-06-04T01:18:19.545+0000] {processor.py:768} INFO - DAG(s) dict_keys(['example_trigger_target_dag']) retrieved from /home/airflow/.local/lib/python3.7/site-packages/airflow/example_dags/example_trigger_target_dag.py
[2023-06-04T01:18:19.597+0000] {logging_mixin.py:117} INFO - [2023-06-04T01:18:19.596+0000] {dag.py:2573} INFO - Sync 1 DAGs
[2023-06-04T01:18:19.629+0000] {logging_mixin.py:117} INFO - [2023-06-04T01:18:19.629+0000] {dag.py:3328} INFO - Setting next_dagrun for example_trigger_target_dag to None, run_after=None
[2023-06-04T01:18:19.655+0000] {processor.py:178} INFO - Processing /home/airflow/.local/lib/python3.7/site-packages/airflow/example_dags/example_trigger_target_dag.py took 0.154 seconds
[2023-06-04T01:18:50.779+0000] {processor.py:156} INFO - Started process (PID=1606) to work on /home/airflow/.local/lib/python3.7/site-packages/airflow/example_dags/example_trigger_target_dag.py
[2023-06-04T01:18:50.781+0000] {processor.py:758} INFO - Processing file /home/airflow/.local/lib/python3.7/site-packages/airflow/example_dags/example_trigger_target_dag.py for tasks to queue
[2023-06-04T01:18:50.783+0000] {logging_mixin.py:117} INFO - [2023-06-04T01:18:50.783+0000] {dagbag.py:525} INFO - Filling up the DagBag from /home/airflow/.local/lib/python3.7/site-packages/airflow/example_dags/example_trigger_target_dag.py
[2023-06-04T01:18:50.815+0000] {processor.py:768} INFO - DAG(s) dict_keys(['example_trigger_target_dag']) retrieved from /home/airflow/.local/lib/python3.7/site-packages/airflow/example_dags/example_trigger_target_dag.py
[2023-06-04T01:18:50.865+0000] {logging_mixin.py:117} INFO - [2023-06-04T01:18:50.865+0000] {dag.py:2573} INFO - Sync 1 DAGs
[2023-06-04T01:18:50.898+0000] {logging_mixin.py:117} INFO - [2023-06-04T01:18:50.898+0000] {dag.py:3328} INFO - Setting next_dagrun for example_trigger_target_dag to None, run_after=None
[2023-06-04T01:18:50.921+0000] {processor.py:178} INFO - Processing /home/airflow/.local/lib/python3.7/site-packages/airflow/example_dags/example_trigger_target_dag.py took 0.148 seconds
[2023-06-04T01:19:21.590+0000] {processor.py:156} INFO - Started process (PID=1670) to work on /home/airflow/.local/lib/python3.7/site-packages/airflow/example_dags/example_trigger_target_dag.py
[2023-06-04T01:19:21.592+0000] {processor.py:758} INFO - Processing file /home/airflow/.local/lib/python3.7/site-packages/airflow/example_dags/example_trigger_target_dag.py for tasks to queue
[2023-06-04T01:19:21.594+0000] {logging_mixin.py:117} INFO - [2023-06-04T01:19:21.594+0000] {dagbag.py:525} INFO - Filling up the DagBag from /home/airflow/.local/lib/python3.7/site-packages/airflow/example_dags/example_trigger_target_dag.py
[2023-06-04T01:19:21.627+0000] {processor.py:768} INFO - DAG(s) dict_keys(['example_trigger_target_dag']) retrieved from /home/airflow/.local/lib/python3.7/site-packages/airflow/example_dags/example_trigger_target_dag.py
[2023-06-04T01:19:21.678+0000] {logging_mixin.py:117} INFO - [2023-06-04T01:19:21.678+0000] {dag.py:2573} INFO - Sync 1 DAGs
[2023-06-04T01:19:21.711+0000] {logging_mixin.py:117} INFO - [2023-06-04T01:19:21.711+0000] {dag.py:3328} INFO - Setting next_dagrun for example_trigger_target_dag to None, run_after=None
[2023-06-04T01:19:21.736+0000] {processor.py:178} INFO - Processing /home/airflow/.local/lib/python3.7/site-packages/airflow/example_dags/example_trigger_target_dag.py took 0.151 seconds
[2023-06-04T01:20:43.878+0000] {processor.py:157} INFO - Started process (PID=81) to work on /home/airflow/.local/lib/python3.7/site-packages/airflow/example_dags/example_trigger_target_dag.py
[2023-06-04T01:20:43.881+0000] {processor.py:826} INFO - Processing file /home/airflow/.local/lib/python3.7/site-packages/airflow/example_dags/example_trigger_target_dag.py for tasks to queue
[2023-06-04T01:20:43.883+0000] {logging_mixin.py:149} INFO - [2023-06-04T01:20:43.883+0000] {dagbag.py:541} INFO - Filling up the DagBag from /home/airflow/.local/lib/python3.7/site-packages/airflow/example_dags/example_trigger_target_dag.py
[2023-06-04T01:20:43.896+0000] {processor.py:836} INFO - DAG(s) dict_keys(['example_trigger_target_dag']) retrieved from /home/airflow/.local/lib/python3.7/site-packages/airflow/example_dags/example_trigger_target_dag.py
[2023-06-04T01:20:43.917+0000] {logging_mixin.py:149} INFO - [2023-06-04T01:20:43.917+0000] {dag.py:2726} INFO - Sync 1 DAGs
[2023-06-04T01:20:43.955+0000] {logging_mixin.py:149} INFO - [2023-06-04T01:20:43.955+0000] {dag.py:3490} INFO - Setting next_dagrun for example_trigger_target_dag to None, run_after=None
[2023-06-04T01:20:43.981+0000] {processor.py:179} INFO - Processing /home/airflow/.local/lib/python3.7/site-packages/airflow/example_dags/example_trigger_target_dag.py took 0.109 seconds
[2023-06-04T01:21:14.382+0000] {processor.py:157} INFO - Started process (PID=158) to work on /home/airflow/.local/lib/python3.7/site-packages/airflow/example_dags/example_trigger_target_dag.py
[2023-06-04T01:21:14.385+0000] {processor.py:826} INFO - Processing file /home/airflow/.local/lib/python3.7/site-packages/airflow/example_dags/example_trigger_target_dag.py for tasks to queue
[2023-06-04T01:21:14.387+0000] {logging_mixin.py:149} INFO - [2023-06-04T01:21:14.386+0000] {dagbag.py:541} INFO - Filling up the DagBag from /home/airflow/.local/lib/python3.7/site-packages/airflow/example_dags/example_trigger_target_dag.py
[2023-06-04T01:21:14.399+0000] {processor.py:836} INFO - DAG(s) dict_keys(['example_trigger_target_dag']) retrieved from /home/airflow/.local/lib/python3.7/site-packages/airflow/example_dags/example_trigger_target_dag.py
[2023-06-04T01:21:14.434+0000] {logging_mixin.py:149} INFO - [2023-06-04T01:21:14.434+0000] {dag.py:2726} INFO - Sync 1 DAGs
[2023-06-04T01:21:14.470+0000] {logging_mixin.py:149} INFO - [2023-06-04T01:21:14.470+0000] {dag.py:3490} INFO - Setting next_dagrun for example_trigger_target_dag to None, run_after=None
[2023-06-04T01:21:14.497+0000] {processor.py:179} INFO - Processing /home/airflow/.local/lib/python3.7/site-packages/airflow/example_dags/example_trigger_target_dag.py took 0.121 seconds
[2023-06-04T01:21:45.470+0000] {processor.py:157} INFO - Started process (PID=230) to work on /home/airflow/.local/lib/python3.7/site-packages/airflow/example_dags/example_trigger_target_dag.py
[2023-06-04T01:21:45.475+0000] {processor.py:826} INFO - Processing file /home/airflow/.local/lib/python3.7/site-packages/airflow/example_dags/example_trigger_target_dag.py for tasks to queue
[2023-06-04T01:21:45.478+0000] {logging_mixin.py:149} INFO - [2023-06-04T01:21:45.478+0000] {dagbag.py:541} INFO - Filling up the DagBag from /home/airflow/.local/lib/python3.7/site-packages/airflow/example_dags/example_trigger_target_dag.py
[2023-06-04T01:21:45.492+0000] {processor.py:836} INFO - DAG(s) dict_keys(['example_trigger_target_dag']) retrieved from /home/airflow/.local/lib/python3.7/site-packages/airflow/example_dags/example_trigger_target_dag.py
[2023-06-04T01:21:45.548+0000] {logging_mixin.py:149} INFO - [2023-06-04T01:21:45.548+0000] {dag.py:2726} INFO - Sync 1 DAGs
[2023-06-04T01:21:45.604+0000] {logging_mixin.py:149} INFO - [2023-06-04T01:21:45.604+0000] {dag.py:3490} INFO - Setting next_dagrun for example_trigger_target_dag to None, run_after=None
[2023-06-04T01:21:45.636+0000] {processor.py:179} INFO - Processing /home/airflow/.local/lib/python3.7/site-packages/airflow/example_dags/example_trigger_target_dag.py took 0.175 seconds
[2023-06-04T01:22:16.032+0000] {processor.py:157} INFO - Started process (PID=300) to work on /home/airflow/.local/lib/python3.7/site-packages/airflow/example_dags/example_trigger_target_dag.py
[2023-06-04T01:22:16.034+0000] {processor.py:826} INFO - Processing file /home/airflow/.local/lib/python3.7/site-packages/airflow/example_dags/example_trigger_target_dag.py for tasks to queue
[2023-06-04T01:22:16.037+0000] {logging_mixin.py:149} INFO - [2023-06-04T01:22:16.036+0000] {dagbag.py:541} INFO - Filling up the DagBag from /home/airflow/.local/lib/python3.7/site-packages/airflow/example_dags/example_trigger_target_dag.py
[2023-06-04T01:22:16.046+0000] {processor.py:836} INFO - DAG(s) dict_keys(['example_trigger_target_dag']) retrieved from /home/airflow/.local/lib/python3.7/site-packages/airflow/example_dags/example_trigger_target_dag.py
[2023-06-04T01:22:16.083+0000] {logging_mixin.py:149} INFO - [2023-06-04T01:22:16.082+0000] {dag.py:2726} INFO - Sync 1 DAGs
[2023-06-04T01:22:16.122+0000] {logging_mixin.py:149} INFO - [2023-06-04T01:22:16.122+0000] {dag.py:3490} INFO - Setting next_dagrun for example_trigger_target_dag to None, run_after=None
[2023-06-04T01:22:16.149+0000] {processor.py:179} INFO - Processing /home/airflow/.local/lib/python3.7/site-packages/airflow/example_dags/example_trigger_target_dag.py took 0.122 seconds
[2023-06-04T01:22:46.562+0000] {processor.py:157} INFO - Started process (PID=379) to work on /home/airflow/.local/lib/python3.7/site-packages/airflow/example_dags/example_trigger_target_dag.py
[2023-06-04T01:22:46.576+0000] {processor.py:826} INFO - Processing file /home/airflow/.local/lib/python3.7/site-packages/airflow/example_dags/example_trigger_target_dag.py for tasks to queue
[2023-06-04T01:22:46.578+0000] {logging_mixin.py:149} INFO - [2023-06-04T01:22:46.578+0000] {dagbag.py:541} INFO - Filling up the DagBag from /home/airflow/.local/lib/python3.7/site-packages/airflow/example_dags/example_trigger_target_dag.py
[2023-06-04T01:22:46.591+0000] {processor.py:836} INFO - DAG(s) dict_keys(['example_trigger_target_dag']) retrieved from /home/airflow/.local/lib/python3.7/site-packages/airflow/example_dags/example_trigger_target_dag.py
[2023-06-04T01:22:46.627+0000] {logging_mixin.py:149} INFO - [2023-06-04T01:22:46.627+0000] {dag.py:2726} INFO - Sync 1 DAGs
[2023-06-04T01:22:46.666+0000] {logging_mixin.py:149} INFO - [2023-06-04T01:22:46.666+0000] {dag.py:3490} INFO - Setting next_dagrun for example_trigger_target_dag to None, run_after=None
[2023-06-04T01:22:46.695+0000] {processor.py:179} INFO - Processing /home/airflow/.local/lib/python3.7/site-packages/airflow/example_dags/example_trigger_target_dag.py took 0.151 seconds
[2023-06-04T01:23:17.251+0000] {processor.py:157} INFO - Started process (PID=449) to work on /home/airflow/.local/lib/python3.7/site-packages/airflow/example_dags/example_trigger_target_dag.py
[2023-06-04T01:23:17.255+0000] {processor.py:826} INFO - Processing file /home/airflow/.local/lib/python3.7/site-packages/airflow/example_dags/example_trigger_target_dag.py for tasks to queue
[2023-06-04T01:23:17.258+0000] {logging_mixin.py:149} INFO - [2023-06-04T01:23:17.258+0000] {dagbag.py:541} INFO - Filling up the DagBag from /home/airflow/.local/lib/python3.7/site-packages/airflow/example_dags/example_trigger_target_dag.py
[2023-06-04T01:23:17.273+0000] {processor.py:836} INFO - DAG(s) dict_keys(['example_trigger_target_dag']) retrieved from /home/airflow/.local/lib/python3.7/site-packages/airflow/example_dags/example_trigger_target_dag.py
[2023-06-04T01:23:17.315+0000] {logging_mixin.py:149} INFO - [2023-06-04T01:23:17.315+0000] {dag.py:2726} INFO - Sync 1 DAGs
[2023-06-04T01:23:17.355+0000] {logging_mixin.py:149} INFO - [2023-06-04T01:23:17.355+0000] {dag.py:3490} INFO - Setting next_dagrun for example_trigger_target_dag to None, run_after=None
[2023-06-04T01:23:17.381+0000] {processor.py:179} INFO - Processing /home/airflow/.local/lib/python3.7/site-packages/airflow/example_dags/example_trigger_target_dag.py took 0.137 seconds
[2023-06-04T01:23:48.177+0000] {processor.py:157} INFO - Started process (PID=519) to work on /home/airflow/.local/lib/python3.7/site-packages/airflow/example_dags/example_trigger_target_dag.py
[2023-06-04T01:23:48.180+0000] {processor.py:826} INFO - Processing file /home/airflow/.local/lib/python3.7/site-packages/airflow/example_dags/example_trigger_target_dag.py for tasks to queue
[2023-06-04T01:23:48.186+0000] {logging_mixin.py:149} INFO - [2023-06-04T01:23:48.185+0000] {dagbag.py:541} INFO - Filling up the DagBag from /home/airflow/.local/lib/python3.7/site-packages/airflow/example_dags/example_trigger_target_dag.py
[2023-06-04T01:23:48.198+0000] {processor.py:836} INFO - DAG(s) dict_keys(['example_trigger_target_dag']) retrieved from /home/airflow/.local/lib/python3.7/site-packages/airflow/example_dags/example_trigger_target_dag.py
[2023-06-04T01:23:48.233+0000] {logging_mixin.py:149} INFO - [2023-06-04T01:23:48.233+0000] {dag.py:2726} INFO - Sync 1 DAGs
[2023-06-04T01:23:48.274+0000] {logging_mixin.py:149} INFO - [2023-06-04T01:23:48.274+0000] {dag.py:3490} INFO - Setting next_dagrun for example_trigger_target_dag to None, run_after=None
[2023-06-04T01:23:48.309+0000] {processor.py:179} INFO - Processing /home/airflow/.local/lib/python3.7/site-packages/airflow/example_dags/example_trigger_target_dag.py took 0.139 seconds
[2023-06-04T01:24:18.665+0000] {processor.py:157} INFO - Started process (PID=598) to work on /home/airflow/.local/lib/python3.7/site-packages/airflow/example_dags/example_trigger_target_dag.py
[2023-06-04T01:24:18.667+0000] {processor.py:826} INFO - Processing file /home/airflow/.local/lib/python3.7/site-packages/airflow/example_dags/example_trigger_target_dag.py for tasks to queue
[2023-06-04T01:24:18.669+0000] {logging_mixin.py:149} INFO - [2023-06-04T01:24:18.669+0000] {dagbag.py:541} INFO - Filling up the DagBag from /home/airflow/.local/lib/python3.7/site-packages/airflow/example_dags/example_trigger_target_dag.py
[2023-06-04T01:24:18.679+0000] {processor.py:836} INFO - DAG(s) dict_keys(['example_trigger_target_dag']) retrieved from /home/airflow/.local/lib/python3.7/site-packages/airflow/example_dags/example_trigger_target_dag.py
[2023-06-04T01:24:18.716+0000] {logging_mixin.py:149} INFO - [2023-06-04T01:24:18.716+0000] {dag.py:2726} INFO - Sync 1 DAGs
[2023-06-04T01:24:18.752+0000] {logging_mixin.py:149} INFO - [2023-06-04T01:24:18.752+0000] {dag.py:3490} INFO - Setting next_dagrun for example_trigger_target_dag to None, run_after=None
[2023-06-04T01:24:18.777+0000] {processor.py:179} INFO - Processing /home/airflow/.local/lib/python3.7/site-packages/airflow/example_dags/example_trigger_target_dag.py took 0.116 seconds
[2023-06-04T01:24:49.504+0000] {processor.py:157} INFO - Started process (PID=668) to work on /home/airflow/.local/lib/python3.7/site-packages/airflow/example_dags/example_trigger_target_dag.py
[2023-06-04T01:24:49.508+0000] {processor.py:826} INFO - Processing file /home/airflow/.local/lib/python3.7/site-packages/airflow/example_dags/example_trigger_target_dag.py for tasks to queue
[2023-06-04T01:24:49.511+0000] {logging_mixin.py:149} INFO - [2023-06-04T01:24:49.511+0000] {dagbag.py:541} INFO - Filling up the DagBag from /home/airflow/.local/lib/python3.7/site-packages/airflow/example_dags/example_trigger_target_dag.py
[2023-06-04T01:24:49.521+0000] {processor.py:836} INFO - DAG(s) dict_keys(['example_trigger_target_dag']) retrieved from /home/airflow/.local/lib/python3.7/site-packages/airflow/example_dags/example_trigger_target_dag.py
[2023-06-04T01:24:49.565+0000] {logging_mixin.py:149} INFO - [2023-06-04T01:24:49.565+0000] {dag.py:2726} INFO - Sync 1 DAGs
[2023-06-04T01:24:49.607+0000] {logging_mixin.py:149} INFO - [2023-06-04T01:24:49.607+0000] {dag.py:3490} INFO - Setting next_dagrun for example_trigger_target_dag to None, run_after=None
[2023-06-04T01:24:49.632+0000] {processor.py:179} INFO - Processing /home/airflow/.local/lib/python3.7/site-packages/airflow/example_dags/example_trigger_target_dag.py took 0.135 seconds
[2023-06-04T01:25:20.454+0000] {processor.py:157} INFO - Started process (PID=747) to work on /home/airflow/.local/lib/python3.7/site-packages/airflow/example_dags/example_trigger_target_dag.py
[2023-06-04T01:25:20.458+0000] {processor.py:826} INFO - Processing file /home/airflow/.local/lib/python3.7/site-packages/airflow/example_dags/example_trigger_target_dag.py for tasks to queue
[2023-06-04T01:25:20.460+0000] {logging_mixin.py:149} INFO - [2023-06-04T01:25:20.460+0000] {dagbag.py:541} INFO - Filling up the DagBag from /home/airflow/.local/lib/python3.7/site-packages/airflow/example_dags/example_trigger_target_dag.py
[2023-06-04T01:25:20.471+0000] {processor.py:836} INFO - DAG(s) dict_keys(['example_trigger_target_dag']) retrieved from /home/airflow/.local/lib/python3.7/site-packages/airflow/example_dags/example_trigger_target_dag.py
[2023-06-04T01:25:20.512+0000] {logging_mixin.py:149} INFO - [2023-06-04T01:25:20.511+0000] {dag.py:2726} INFO - Sync 1 DAGs
[2023-06-04T01:25:20.554+0000] {logging_mixin.py:149} INFO - [2023-06-04T01:25:20.554+0000] {dag.py:3490} INFO - Setting next_dagrun for example_trigger_target_dag to None, run_after=None
[2023-06-04T01:25:20.580+0000] {processor.py:179} INFO - Processing /home/airflow/.local/lib/python3.7/site-packages/airflow/example_dags/example_trigger_target_dag.py took 0.130 seconds
[2023-06-04T01:25:51.734+0000] {processor.py:157} INFO - Started process (PID=817) to work on /home/airflow/.local/lib/python3.7/site-packages/airflow/example_dags/example_trigger_target_dag.py
[2023-06-04T01:25:51.736+0000] {processor.py:826} INFO - Processing file /home/airflow/.local/lib/python3.7/site-packages/airflow/example_dags/example_trigger_target_dag.py for tasks to queue
[2023-06-04T01:25:51.737+0000] {logging_mixin.py:149} INFO - [2023-06-04T01:25:51.737+0000] {dagbag.py:541} INFO - Filling up the DagBag from /home/airflow/.local/lib/python3.7/site-packages/airflow/example_dags/example_trigger_target_dag.py
[2023-06-04T01:25:51.746+0000] {processor.py:836} INFO - DAG(s) dict_keys(['example_trigger_target_dag']) retrieved from /home/airflow/.local/lib/python3.7/site-packages/airflow/example_dags/example_trigger_target_dag.py
[2023-06-04T01:25:51.779+0000] {logging_mixin.py:149} INFO - [2023-06-04T01:25:51.779+0000] {dag.py:2726} INFO - Sync 1 DAGs
[2023-06-04T01:25:51.814+0000] {logging_mixin.py:149} INFO - [2023-06-04T01:25:51.814+0000] {dag.py:3490} INFO - Setting next_dagrun for example_trigger_target_dag to None, run_after=None
[2023-06-04T01:25:51.838+0000] {processor.py:179} INFO - Processing /home/airflow/.local/lib/python3.7/site-packages/airflow/example_dags/example_trigger_target_dag.py took 0.109 seconds
