[2023-06-04T00:36:52.189+0000] {processor.py:156} INFO - Started process (PID=49) to work on /home/airflow/.local/lib/python3.7/site-packages/airflow/example_dags/example_task_group_decorator.py
[2023-06-04T00:36:52.192+0000] {processor.py:758} INFO - Processing file /home/airflow/.local/lib/python3.7/site-packages/airflow/example_dags/example_task_group_decorator.py for tasks to queue
[2023-06-04T00:36:52.194+0000] {logging_mixin.py:117} INFO - [2023-06-04T00:36:52.194+0000] {dagbag.py:525} INFO - Filling up the DagBag from /home/airflow/.local/lib/python3.7/site-packages/airflow/example_dags/example_task_group_decorator.py
[2023-06-04T00:36:52.249+0000] {processor.py:768} INFO - DAG(s) dict_keys(['example_task_group_decorator']) retrieved from /home/airflow/.local/lib/python3.7/site-packages/airflow/example_dags/example_task_group_decorator.py
[2023-06-04T00:36:52.453+0000] {logging_mixin.py:117} INFO - [2023-06-04T00:36:52.452+0000] {manager.py:507} INFO - Created Permission View: can delete on DAG:example_task_group_decorator
[2023-06-04T00:36:52.468+0000] {logging_mixin.py:117} INFO - [2023-06-04T00:36:52.468+0000] {manager.py:507} INFO - Created Permission View: can read on DAG:example_task_group_decorator
[2023-06-04T00:36:52.489+0000] {logging_mixin.py:117} INFO - [2023-06-04T00:36:52.489+0000] {manager.py:507} INFO - Created Permission View: can edit on DAG:example_task_group_decorator
[2023-06-04T00:36:52.491+0000] {logging_mixin.py:117} INFO - [2023-06-04T00:36:52.490+0000] {dag.py:2573} INFO - Sync 1 DAGs
[2023-06-04T00:36:52.514+0000] {logging_mixin.py:117} INFO - [2023-06-04T00:36:52.514+0000] {dag.py:2594} INFO - Creating ORM DAG for example_task_group_decorator
[2023-06-04T00:36:52.546+0000] {logging_mixin.py:117} INFO - [2023-06-04T00:36:52.546+0000] {dag.py:3328} INFO - Setting next_dagrun for example_task_group_decorator to 2023-06-03T00:36:52.545279+00:00, run_after=2023-06-04T00:36:52.545279+00:00
[2023-06-04T00:36:52.588+0000] {processor.py:178} INFO - Processing /home/airflow/.local/lib/python3.7/site-packages/airflow/example_dags/example_task_group_decorator.py took 0.409 seconds
[2023-06-04T00:37:22.971+0000] {processor.py:156} INFO - Started process (PID=103) to work on /home/airflow/.local/lib/python3.7/site-packages/airflow/example_dags/example_task_group_decorator.py
[2023-06-04T00:37:22.973+0000] {processor.py:758} INFO - Processing file /home/airflow/.local/lib/python3.7/site-packages/airflow/example_dags/example_task_group_decorator.py for tasks to queue
[2023-06-04T00:37:22.975+0000] {logging_mixin.py:117} INFO - [2023-06-04T00:37:22.974+0000] {dagbag.py:525} INFO - Filling up the DagBag from /home/airflow/.local/lib/python3.7/site-packages/airflow/example_dags/example_task_group_decorator.py
[2023-06-04T00:37:23.020+0000] {processor.py:768} INFO - DAG(s) dict_keys(['example_task_group_decorator']) retrieved from /home/airflow/.local/lib/python3.7/site-packages/airflow/example_dags/example_task_group_decorator.py
[2023-06-04T00:37:23.078+0000] {logging_mixin.py:117} INFO - [2023-06-04T00:37:23.077+0000] {dag.py:2573} INFO - Sync 1 DAGs
[2023-06-04T00:37:23.114+0000] {logging_mixin.py:117} INFO - [2023-06-04T00:37:23.114+0000] {dag.py:3328} INFO - Setting next_dagrun for example_task_group_decorator to 2023-06-03T00:37:23.114199+00:00, run_after=2023-06-04T00:37:23.114199+00:00
[2023-06-04T00:37:23.140+0000] {processor.py:178} INFO - Processing /home/airflow/.local/lib/python3.7/site-packages/airflow/example_dags/example_task_group_decorator.py took 0.174 seconds
[2023-06-04T00:37:53.377+0000] {processor.py:156} INFO - Started process (PID=166) to work on /home/airflow/.local/lib/python3.7/site-packages/airflow/example_dags/example_task_group_decorator.py
[2023-06-04T00:37:53.379+0000] {processor.py:758} INFO - Processing file /home/airflow/.local/lib/python3.7/site-packages/airflow/example_dags/example_task_group_decorator.py for tasks to queue
[2023-06-04T00:37:53.381+0000] {logging_mixin.py:117} INFO - [2023-06-04T00:37:53.381+0000] {dagbag.py:525} INFO - Filling up the DagBag from /home/airflow/.local/lib/python3.7/site-packages/airflow/example_dags/example_task_group_decorator.py
[2023-06-04T00:37:53.429+0000] {processor.py:768} INFO - DAG(s) dict_keys(['example_task_group_decorator']) retrieved from /home/airflow/.local/lib/python3.7/site-packages/airflow/example_dags/example_task_group_decorator.py
[2023-06-04T00:37:53.511+0000] {logging_mixin.py:117} INFO - [2023-06-04T00:37:53.511+0000] {dag.py:2573} INFO - Sync 1 DAGs
[2023-06-04T00:37:53.559+0000] {logging_mixin.py:117} INFO - [2023-06-04T00:37:53.559+0000] {dag.py:3328} INFO - Setting next_dagrun for example_task_group_decorator to 2023-06-03T00:37:53.558666+00:00, run_after=2023-06-04T00:37:53.558666+00:00
[2023-06-04T00:37:53.596+0000] {processor.py:178} INFO - Processing /home/airflow/.local/lib/python3.7/site-packages/airflow/example_dags/example_task_group_decorator.py took 0.223 seconds
[2023-06-04T00:38:24.120+0000] {processor.py:156} INFO - Started process (PID=229) to work on /home/airflow/.local/lib/python3.7/site-packages/airflow/example_dags/example_task_group_decorator.py
[2023-06-04T00:38:24.122+0000] {processor.py:758} INFO - Processing file /home/airflow/.local/lib/python3.7/site-packages/airflow/example_dags/example_task_group_decorator.py for tasks to queue
[2023-06-04T00:38:24.124+0000] {logging_mixin.py:117} INFO - [2023-06-04T00:38:24.124+0000] {dagbag.py:525} INFO - Filling up the DagBag from /home/airflow/.local/lib/python3.7/site-packages/airflow/example_dags/example_task_group_decorator.py
[2023-06-04T00:38:24.167+0000] {processor.py:768} INFO - DAG(s) dict_keys(['example_task_group_decorator']) retrieved from /home/airflow/.local/lib/python3.7/site-packages/airflow/example_dags/example_task_group_decorator.py
[2023-06-04T00:38:24.234+0000] {logging_mixin.py:117} INFO - [2023-06-04T00:38:24.233+0000] {dag.py:2573} INFO - Sync 1 DAGs
[2023-06-04T00:38:24.276+0000] {logging_mixin.py:117} INFO - [2023-06-04T00:38:24.276+0000] {dag.py:3328} INFO - Setting next_dagrun for example_task_group_decorator to 2023-06-03T00:38:24.276414+00:00, run_after=2023-06-04T00:38:24.276414+00:00
[2023-06-04T00:38:24.302+0000] {processor.py:178} INFO - Processing /home/airflow/.local/lib/python3.7/site-packages/airflow/example_dags/example_task_group_decorator.py took 0.186 seconds
[2023-06-04T00:38:54.707+0000] {processor.py:156} INFO - Started process (PID=283) to work on /home/airflow/.local/lib/python3.7/site-packages/airflow/example_dags/example_task_group_decorator.py
[2023-06-04T00:38:54.709+0000] {processor.py:758} INFO - Processing file /home/airflow/.local/lib/python3.7/site-packages/airflow/example_dags/example_task_group_decorator.py for tasks to queue
[2023-06-04T00:38:54.711+0000] {logging_mixin.py:117} INFO - [2023-06-04T00:38:54.710+0000] {dagbag.py:525} INFO - Filling up the DagBag from /home/airflow/.local/lib/python3.7/site-packages/airflow/example_dags/example_task_group_decorator.py
[2023-06-04T00:38:54.753+0000] {processor.py:768} INFO - DAG(s) dict_keys(['example_task_group_decorator']) retrieved from /home/airflow/.local/lib/python3.7/site-packages/airflow/example_dags/example_task_group_decorator.py
[2023-06-04T00:38:54.811+0000] {logging_mixin.py:117} INFO - [2023-06-04T00:38:54.811+0000] {dag.py:2573} INFO - Sync 1 DAGs
[2023-06-04T00:38:54.848+0000] {logging_mixin.py:117} INFO - [2023-06-04T00:38:54.847+0000] {dag.py:3328} INFO - Setting next_dagrun for example_task_group_decorator to 2023-06-03T00:38:54.847646+00:00, run_after=2023-06-04T00:38:54.847646+00:00
[2023-06-04T00:38:54.872+0000] {processor.py:178} INFO - Processing /home/airflow/.local/lib/python3.7/site-packages/airflow/example_dags/example_task_group_decorator.py took 0.169 seconds
[2023-06-04T00:59:45.848+0000] {processor.py:156} INFO - Started process (PID=50) to work on /home/airflow/.local/lib/python3.7/site-packages/airflow/example_dags/example_task_group_decorator.py
[2023-06-04T00:59:45.851+0000] {processor.py:758} INFO - Processing file /home/airflow/.local/lib/python3.7/site-packages/airflow/example_dags/example_task_group_decorator.py for tasks to queue
[2023-06-04T00:59:45.855+0000] {logging_mixin.py:117} INFO - [2023-06-04T00:59:45.854+0000] {dagbag.py:525} INFO - Filling up the DagBag from /home/airflow/.local/lib/python3.7/site-packages/airflow/example_dags/example_task_group_decorator.py
[2023-06-04T00:59:45.906+0000] {processor.py:768} INFO - DAG(s) dict_keys(['example_task_group_decorator']) retrieved from /home/airflow/.local/lib/python3.7/site-packages/airflow/example_dags/example_task_group_decorator.py
[2023-06-04T00:59:45.948+0000] {logging_mixin.py:117} INFO - [2023-06-04T00:59:45.948+0000] {dag.py:2573} INFO - Sync 1 DAGs
[2023-06-04T00:59:45.985+0000] {logging_mixin.py:117} INFO - [2023-06-04T00:59:45.985+0000] {dag.py:3328} INFO - Setting next_dagrun for example_task_group_decorator to 2023-06-03T00:59:45.984909+00:00, run_after=2023-06-04T00:59:45.984909+00:00
[2023-06-04T00:59:46.014+0000] {processor.py:178} INFO - Processing /home/airflow/.local/lib/python3.7/site-packages/airflow/example_dags/example_task_group_decorator.py took 0.173 seconds
[2023-06-04T01:00:16.161+0000] {processor.py:156} INFO - Started process (PID=104) to work on /home/airflow/.local/lib/python3.7/site-packages/airflow/example_dags/example_task_group_decorator.py
[2023-06-04T01:00:16.163+0000] {processor.py:758} INFO - Processing file /home/airflow/.local/lib/python3.7/site-packages/airflow/example_dags/example_task_group_decorator.py for tasks to queue
[2023-06-04T01:00:16.165+0000] {logging_mixin.py:117} INFO - [2023-06-04T01:00:16.165+0000] {dagbag.py:525} INFO - Filling up the DagBag from /home/airflow/.local/lib/python3.7/site-packages/airflow/example_dags/example_task_group_decorator.py
[2023-06-04T01:00:16.206+0000] {processor.py:768} INFO - DAG(s) dict_keys(['example_task_group_decorator']) retrieved from /home/airflow/.local/lib/python3.7/site-packages/airflow/example_dags/example_task_group_decorator.py
[2023-06-04T01:00:16.254+0000] {logging_mixin.py:117} INFO - [2023-06-04T01:00:16.254+0000] {dag.py:2573} INFO - Sync 1 DAGs
[2023-06-04T01:00:16.286+0000] {logging_mixin.py:117} INFO - [2023-06-04T01:00:16.286+0000] {dag.py:3328} INFO - Setting next_dagrun for example_task_group_decorator to 2023-06-03T01:00:16.286434+00:00, run_after=2023-06-04T01:00:16.286434+00:00
[2023-06-04T01:00:16.310+0000] {processor.py:178} INFO - Processing /home/airflow/.local/lib/python3.7/site-packages/airflow/example_dags/example_task_group_decorator.py took 0.153 seconds
[2023-06-04T01:00:46.568+0000] {processor.py:156} INFO - Started process (PID=168) to work on /home/airflow/.local/lib/python3.7/site-packages/airflow/example_dags/example_task_group_decorator.py
[2023-06-04T01:00:46.571+0000] {processor.py:758} INFO - Processing file /home/airflow/.local/lib/python3.7/site-packages/airflow/example_dags/example_task_group_decorator.py for tasks to queue
[2023-06-04T01:00:46.573+0000] {logging_mixin.py:117} INFO - [2023-06-04T01:00:46.572+0000] {dagbag.py:525} INFO - Filling up the DagBag from /home/airflow/.local/lib/python3.7/site-packages/airflow/example_dags/example_task_group_decorator.py
[2023-06-04T01:00:46.622+0000] {processor.py:768} INFO - DAG(s) dict_keys(['example_task_group_decorator']) retrieved from /home/airflow/.local/lib/python3.7/site-packages/airflow/example_dags/example_task_group_decorator.py
[2023-06-04T01:00:46.679+0000] {logging_mixin.py:117} INFO - [2023-06-04T01:00:46.679+0000] {dag.py:2573} INFO - Sync 1 DAGs
[2023-06-04T01:00:46.721+0000] {logging_mixin.py:117} INFO - [2023-06-04T01:00:46.721+0000] {dag.py:3328} INFO - Setting next_dagrun for example_task_group_decorator to 2023-06-03T01:00:46.721399+00:00, run_after=2023-06-04T01:00:46.721399+00:00
[2023-06-04T01:00:46.750+0000] {processor.py:178} INFO - Processing /home/airflow/.local/lib/python3.7/site-packages/airflow/example_dags/example_task_group_decorator.py took 0.186 seconds
[2023-06-04T01:01:17.113+0000] {processor.py:156} INFO - Started process (PID=222) to work on /home/airflow/.local/lib/python3.7/site-packages/airflow/example_dags/example_task_group_decorator.py
[2023-06-04T01:01:17.115+0000] {processor.py:758} INFO - Processing file /home/airflow/.local/lib/python3.7/site-packages/airflow/example_dags/example_task_group_decorator.py for tasks to queue
[2023-06-04T01:01:17.117+0000] {logging_mixin.py:117} INFO - [2023-06-04T01:01:17.117+0000] {dagbag.py:525} INFO - Filling up the DagBag from /home/airflow/.local/lib/python3.7/site-packages/airflow/example_dags/example_task_group_decorator.py
[2023-06-04T01:01:17.160+0000] {processor.py:768} INFO - DAG(s) dict_keys(['example_task_group_decorator']) retrieved from /home/airflow/.local/lib/python3.7/site-packages/airflow/example_dags/example_task_group_decorator.py
[2023-06-04T01:01:17.215+0000] {logging_mixin.py:117} INFO - [2023-06-04T01:01:17.215+0000] {dag.py:2573} INFO - Sync 1 DAGs
[2023-06-04T01:01:17.248+0000] {logging_mixin.py:117} INFO - [2023-06-04T01:01:17.248+0000] {dag.py:3328} INFO - Setting next_dagrun for example_task_group_decorator to 2023-06-03T01:01:17.248309+00:00, run_after=2023-06-04T01:01:17.248309+00:00
[2023-06-04T01:01:17.271+0000] {processor.py:178} INFO - Processing /home/airflow/.local/lib/python3.7/site-packages/airflow/example_dags/example_task_group_decorator.py took 0.163 seconds
[2023-06-04T01:01:47.574+0000] {processor.py:156} INFO - Started process (PID=285) to work on /home/airflow/.local/lib/python3.7/site-packages/airflow/example_dags/example_task_group_decorator.py
[2023-06-04T01:01:47.576+0000] {processor.py:758} INFO - Processing file /home/airflow/.local/lib/python3.7/site-packages/airflow/example_dags/example_task_group_decorator.py for tasks to queue
[2023-06-04T01:01:47.578+0000] {logging_mixin.py:117} INFO - [2023-06-04T01:01:47.578+0000] {dagbag.py:525} INFO - Filling up the DagBag from /home/airflow/.local/lib/python3.7/site-packages/airflow/example_dags/example_task_group_decorator.py
[2023-06-04T01:01:47.624+0000] {processor.py:768} INFO - DAG(s) dict_keys(['example_task_group_decorator']) retrieved from /home/airflow/.local/lib/python3.7/site-packages/airflow/example_dags/example_task_group_decorator.py
[2023-06-04T01:01:47.679+0000] {logging_mixin.py:117} INFO - [2023-06-04T01:01:47.679+0000] {dag.py:2573} INFO - Sync 1 DAGs
[2023-06-04T01:01:47.711+0000] {logging_mixin.py:117} INFO - [2023-06-04T01:01:47.711+0000] {dag.py:3328} INFO - Setting next_dagrun for example_task_group_decorator to 2023-06-03T01:01:47.711447+00:00, run_after=2023-06-04T01:01:47.711447+00:00
[2023-06-04T01:01:47.733+0000] {processor.py:178} INFO - Processing /home/airflow/.local/lib/python3.7/site-packages/airflow/example_dags/example_task_group_decorator.py took 0.163 seconds
[2023-06-04T01:02:17.815+0000] {processor.py:156} INFO - Started process (PID=348) to work on /home/airflow/.local/lib/python3.7/site-packages/airflow/example_dags/example_task_group_decorator.py
[2023-06-04T01:02:17.817+0000] {processor.py:758} INFO - Processing file /home/airflow/.local/lib/python3.7/site-packages/airflow/example_dags/example_task_group_decorator.py for tasks to queue
[2023-06-04T01:02:17.819+0000] {logging_mixin.py:117} INFO - [2023-06-04T01:02:17.818+0000] {dagbag.py:525} INFO - Filling up the DagBag from /home/airflow/.local/lib/python3.7/site-packages/airflow/example_dags/example_task_group_decorator.py
[2023-06-04T01:02:17.861+0000] {processor.py:768} INFO - DAG(s) dict_keys(['example_task_group_decorator']) retrieved from /home/airflow/.local/lib/python3.7/site-packages/airflow/example_dags/example_task_group_decorator.py
[2023-06-04T01:02:17.917+0000] {logging_mixin.py:117} INFO - [2023-06-04T01:02:17.916+0000] {dag.py:2573} INFO - Sync 1 DAGs
[2023-06-04T01:02:17.949+0000] {logging_mixin.py:117} INFO - [2023-06-04T01:02:17.949+0000] {dag.py:3328} INFO - Setting next_dagrun for example_task_group_decorator to 2023-06-03T01:02:17.949227+00:00, run_after=2023-06-04T01:02:17.949227+00:00
[2023-06-04T01:02:17.972+0000] {processor.py:178} INFO - Processing /home/airflow/.local/lib/python3.7/site-packages/airflow/example_dags/example_task_group_decorator.py took 0.162 seconds
[2023-06-04T01:02:48.410+0000] {processor.py:156} INFO - Started process (PID=402) to work on /home/airflow/.local/lib/python3.7/site-packages/airflow/example_dags/example_task_group_decorator.py
[2023-06-04T01:02:48.413+0000] {processor.py:758} INFO - Processing file /home/airflow/.local/lib/python3.7/site-packages/airflow/example_dags/example_task_group_decorator.py for tasks to queue
[2023-06-04T01:02:48.415+0000] {logging_mixin.py:117} INFO - [2023-06-04T01:02:48.415+0000] {dagbag.py:525} INFO - Filling up the DagBag from /home/airflow/.local/lib/python3.7/site-packages/airflow/example_dags/example_task_group_decorator.py
[2023-06-04T01:02:48.461+0000] {processor.py:768} INFO - DAG(s) dict_keys(['example_task_group_decorator']) retrieved from /home/airflow/.local/lib/python3.7/site-packages/airflow/example_dags/example_task_group_decorator.py
[2023-06-04T01:02:48.521+0000] {logging_mixin.py:117} INFO - [2023-06-04T01:02:48.521+0000] {dag.py:2573} INFO - Sync 1 DAGs
[2023-06-04T01:02:48.559+0000] {logging_mixin.py:117} INFO - [2023-06-04T01:02:48.559+0000] {dag.py:3328} INFO - Setting next_dagrun for example_task_group_decorator to 2023-06-03T01:02:48.559430+00:00, run_after=2023-06-04T01:02:48.559430+00:00
[2023-06-04T01:02:48.585+0000] {processor.py:178} INFO - Processing /home/airflow/.local/lib/python3.7/site-packages/airflow/example_dags/example_task_group_decorator.py took 0.180 seconds
[2023-06-04T01:03:18.739+0000] {processor.py:156} INFO - Started process (PID=465) to work on /home/airflow/.local/lib/python3.7/site-packages/airflow/example_dags/example_task_group_decorator.py
[2023-06-04T01:03:18.742+0000] {processor.py:758} INFO - Processing file /home/airflow/.local/lib/python3.7/site-packages/airflow/example_dags/example_task_group_decorator.py for tasks to queue
[2023-06-04T01:03:18.743+0000] {logging_mixin.py:117} INFO - [2023-06-04T01:03:18.743+0000] {dagbag.py:525} INFO - Filling up the DagBag from /home/airflow/.local/lib/python3.7/site-packages/airflow/example_dags/example_task_group_decorator.py
[2023-06-04T01:03:18.788+0000] {processor.py:768} INFO - DAG(s) dict_keys(['example_task_group_decorator']) retrieved from /home/airflow/.local/lib/python3.7/site-packages/airflow/example_dags/example_task_group_decorator.py
[2023-06-04T01:03:18.844+0000] {logging_mixin.py:117} INFO - [2023-06-04T01:03:18.844+0000] {dag.py:2573} INFO - Sync 1 DAGs
[2023-06-04T01:03:18.881+0000] {logging_mixin.py:117} INFO - [2023-06-04T01:03:18.881+0000] {dag.py:3328} INFO - Setting next_dagrun for example_task_group_decorator to 2023-06-03T01:03:18.881166+00:00, run_after=2023-06-04T01:03:18.881166+00:00
[2023-06-04T01:03:18.905+0000] {processor.py:178} INFO - Processing /home/airflow/.local/lib/python3.7/site-packages/airflow/example_dags/example_task_group_decorator.py took 0.171 seconds
[2023-06-04T01:03:49.136+0000] {processor.py:156} INFO - Started process (PID=528) to work on /home/airflow/.local/lib/python3.7/site-packages/airflow/example_dags/example_task_group_decorator.py
[2023-06-04T01:03:49.139+0000] {processor.py:758} INFO - Processing file /home/airflow/.local/lib/python3.7/site-packages/airflow/example_dags/example_task_group_decorator.py for tasks to queue
[2023-06-04T01:03:49.142+0000] {logging_mixin.py:117} INFO - [2023-06-04T01:03:49.141+0000] {dagbag.py:525} INFO - Filling up the DagBag from /home/airflow/.local/lib/python3.7/site-packages/airflow/example_dags/example_task_group_decorator.py
[2023-06-04T01:03:49.187+0000] {processor.py:768} INFO - DAG(s) dict_keys(['example_task_group_decorator']) retrieved from /home/airflow/.local/lib/python3.7/site-packages/airflow/example_dags/example_task_group_decorator.py
[2023-06-04T01:03:49.245+0000] {logging_mixin.py:117} INFO - [2023-06-04T01:03:49.245+0000] {dag.py:2573} INFO - Sync 1 DAGs
[2023-06-04T01:03:49.275+0000] {logging_mixin.py:117} INFO - [2023-06-04T01:03:49.275+0000] {dag.py:3328} INFO - Setting next_dagrun for example_task_group_decorator to 2023-06-03T01:03:49.275123+00:00, run_after=2023-06-04T01:03:49.275123+00:00
[2023-06-04T01:03:49.298+0000] {processor.py:178} INFO - Processing /home/airflow/.local/lib/python3.7/site-packages/airflow/example_dags/example_task_group_decorator.py took 0.167 seconds
[2023-06-04T01:04:19.921+0000] {processor.py:156} INFO - Started process (PID=582) to work on /home/airflow/.local/lib/python3.7/site-packages/airflow/example_dags/example_task_group_decorator.py
[2023-06-04T01:04:19.923+0000] {processor.py:758} INFO - Processing file /home/airflow/.local/lib/python3.7/site-packages/airflow/example_dags/example_task_group_decorator.py for tasks to queue
[2023-06-04T01:04:19.924+0000] {logging_mixin.py:117} INFO - [2023-06-04T01:04:19.924+0000] {dagbag.py:525} INFO - Filling up the DagBag from /home/airflow/.local/lib/python3.7/site-packages/airflow/example_dags/example_task_group_decorator.py
[2023-06-04T01:04:19.969+0000] {processor.py:768} INFO - DAG(s) dict_keys(['example_task_group_decorator']) retrieved from /home/airflow/.local/lib/python3.7/site-packages/airflow/example_dags/example_task_group_decorator.py
[2023-06-04T01:04:20.025+0000] {logging_mixin.py:117} INFO - [2023-06-04T01:04:20.024+0000] {dag.py:2573} INFO - Sync 1 DAGs
[2023-06-04T01:04:20.058+0000] {logging_mixin.py:117} INFO - [2023-06-04T01:04:20.058+0000] {dag.py:3328} INFO - Setting next_dagrun for example_task_group_decorator to 2023-06-03T01:04:20.058357+00:00, run_after=2023-06-04T01:04:20.058357+00:00
[2023-06-04T01:04:20.081+0000] {processor.py:178} INFO - Processing /home/airflow/.local/lib/python3.7/site-packages/airflow/example_dags/example_task_group_decorator.py took 0.165 seconds
[2023-06-04T01:04:50.599+0000] {processor.py:156} INFO - Started process (PID=646) to work on /home/airflow/.local/lib/python3.7/site-packages/airflow/example_dags/example_task_group_decorator.py
[2023-06-04T01:04:50.602+0000] {processor.py:758} INFO - Processing file /home/airflow/.local/lib/python3.7/site-packages/airflow/example_dags/example_task_group_decorator.py for tasks to queue
[2023-06-04T01:04:50.604+0000] {logging_mixin.py:117} INFO - [2023-06-04T01:04:50.604+0000] {dagbag.py:525} INFO - Filling up the DagBag from /home/airflow/.local/lib/python3.7/site-packages/airflow/example_dags/example_task_group_decorator.py
[2023-06-04T01:04:50.650+0000] {processor.py:768} INFO - DAG(s) dict_keys(['example_task_group_decorator']) retrieved from /home/airflow/.local/lib/python3.7/site-packages/airflow/example_dags/example_task_group_decorator.py
[2023-06-04T01:04:50.709+0000] {logging_mixin.py:117} INFO - [2023-06-04T01:04:50.708+0000] {dag.py:2573} INFO - Sync 1 DAGs
[2023-06-04T01:04:50.749+0000] {logging_mixin.py:117} INFO - [2023-06-04T01:04:50.749+0000] {dag.py:3328} INFO - Setting next_dagrun for example_task_group_decorator to 2023-06-03T01:04:50.749232+00:00, run_after=2023-06-04T01:04:50.749232+00:00
[2023-06-04T01:04:50.776+0000] {processor.py:178} INFO - Processing /home/airflow/.local/lib/python3.7/site-packages/airflow/example_dags/example_task_group_decorator.py took 0.182 seconds
[2023-06-04T01:05:56.472+0000] {processor.py:156} INFO - Started process (PID=52) to work on /home/airflow/.local/lib/python3.7/site-packages/airflow/example_dags/example_task_group_decorator.py
[2023-06-04T01:05:56.475+0000] {processor.py:758} INFO - Processing file /home/airflow/.local/lib/python3.7/site-packages/airflow/example_dags/example_task_group_decorator.py for tasks to queue
[2023-06-04T01:05:56.477+0000] {logging_mixin.py:117} INFO - [2023-06-04T01:05:56.477+0000] {dagbag.py:525} INFO - Filling up the DagBag from /home/airflow/.local/lib/python3.7/site-packages/airflow/example_dags/example_task_group_decorator.py
[2023-06-04T01:05:56.566+0000] {processor.py:768} INFO - DAG(s) dict_keys(['example_task_group_decorator']) retrieved from /home/airflow/.local/lib/python3.7/site-packages/airflow/example_dags/example_task_group_decorator.py
[2023-06-04T01:05:56.613+0000] {logging_mixin.py:117} INFO - [2023-06-04T01:05:56.613+0000] {dag.py:2573} INFO - Sync 1 DAGs
[2023-06-04T01:05:56.653+0000] {logging_mixin.py:117} INFO - [2023-06-04T01:05:56.653+0000] {dag.py:3328} INFO - Setting next_dagrun for example_task_group_decorator to 2023-06-03T01:05:56.653235+00:00, run_after=2023-06-04T01:05:56.653235+00:00
[2023-06-04T01:05:56.684+0000] {processor.py:178} INFO - Processing /home/airflow/.local/lib/python3.7/site-packages/airflow/example_dags/example_task_group_decorator.py took 0.220 seconds
[2023-06-04T01:06:27.203+0000] {processor.py:156} INFO - Started process (PID=107) to work on /home/airflow/.local/lib/python3.7/site-packages/airflow/example_dags/example_task_group_decorator.py
[2023-06-04T01:06:27.205+0000] {processor.py:758} INFO - Processing file /home/airflow/.local/lib/python3.7/site-packages/airflow/example_dags/example_task_group_decorator.py for tasks to queue
[2023-06-04T01:06:27.206+0000] {logging_mixin.py:117} INFO - [2023-06-04T01:06:27.206+0000] {dagbag.py:525} INFO - Filling up the DagBag from /home/airflow/.local/lib/python3.7/site-packages/airflow/example_dags/example_task_group_decorator.py
[2023-06-04T01:06:27.251+0000] {processor.py:768} INFO - DAG(s) dict_keys(['example_task_group_decorator']) retrieved from /home/airflow/.local/lib/python3.7/site-packages/airflow/example_dags/example_task_group_decorator.py
[2023-06-04T01:06:27.302+0000] {logging_mixin.py:117} INFO - [2023-06-04T01:06:27.302+0000] {dag.py:2573} INFO - Sync 1 DAGs
[2023-06-04T01:06:27.334+0000] {logging_mixin.py:117} INFO - [2023-06-04T01:06:27.334+0000] {dag.py:3328} INFO - Setting next_dagrun for example_task_group_decorator to 2023-06-03T01:06:27.333697+00:00, run_after=2023-06-04T01:06:27.333697+00:00
[2023-06-04T01:06:27.359+0000] {processor.py:178} INFO - Processing /home/airflow/.local/lib/python3.7/site-packages/airflow/example_dags/example_task_group_decorator.py took 0.161 seconds
[2023-06-04T01:06:58.065+0000] {processor.py:156} INFO - Started process (PID=173) to work on /home/airflow/.local/lib/python3.7/site-packages/airflow/example_dags/example_task_group_decorator.py
[2023-06-04T01:06:58.067+0000] {processor.py:758} INFO - Processing file /home/airflow/.local/lib/python3.7/site-packages/airflow/example_dags/example_task_group_decorator.py for tasks to queue
[2023-06-04T01:06:58.069+0000] {logging_mixin.py:117} INFO - [2023-06-04T01:06:58.069+0000] {dagbag.py:525} INFO - Filling up the DagBag from /home/airflow/.local/lib/python3.7/site-packages/airflow/example_dags/example_task_group_decorator.py
[2023-06-04T01:06:58.113+0000] {processor.py:768} INFO - DAG(s) dict_keys(['example_task_group_decorator']) retrieved from /home/airflow/.local/lib/python3.7/site-packages/airflow/example_dags/example_task_group_decorator.py
[2023-06-04T01:06:58.167+0000] {logging_mixin.py:117} INFO - [2023-06-04T01:06:58.167+0000] {dag.py:2573} INFO - Sync 1 DAGs
[2023-06-04T01:06:58.200+0000] {logging_mixin.py:117} INFO - [2023-06-04T01:06:58.200+0000] {dag.py:3328} INFO - Setting next_dagrun for example_task_group_decorator to 2023-06-03T01:06:58.200422+00:00, run_after=2023-06-04T01:06:58.200422+00:00
[2023-06-04T01:06:58.227+0000] {processor.py:178} INFO - Processing /home/airflow/.local/lib/python3.7/site-packages/airflow/example_dags/example_task_group_decorator.py took 0.166 seconds
[2023-06-04T01:07:28.841+0000] {processor.py:156} INFO - Started process (PID=237) to work on /home/airflow/.local/lib/python3.7/site-packages/airflow/example_dags/example_task_group_decorator.py
[2023-06-04T01:07:28.843+0000] {processor.py:758} INFO - Processing file /home/airflow/.local/lib/python3.7/site-packages/airflow/example_dags/example_task_group_decorator.py for tasks to queue
[2023-06-04T01:07:28.845+0000] {logging_mixin.py:117} INFO - [2023-06-04T01:07:28.844+0000] {dagbag.py:525} INFO - Filling up the DagBag from /home/airflow/.local/lib/python3.7/site-packages/airflow/example_dags/example_task_group_decorator.py
[2023-06-04T01:07:28.888+0000] {processor.py:768} INFO - DAG(s) dict_keys(['example_task_group_decorator']) retrieved from /home/airflow/.local/lib/python3.7/site-packages/airflow/example_dags/example_task_group_decorator.py
[2023-06-04T01:07:28.943+0000] {logging_mixin.py:117} INFO - [2023-06-04T01:07:28.942+0000] {dag.py:2573} INFO - Sync 1 DAGs
[2023-06-04T01:07:28.977+0000] {logging_mixin.py:117} INFO - [2023-06-04T01:07:28.977+0000] {dag.py:3328} INFO - Setting next_dagrun for example_task_group_decorator to 2023-06-03T01:07:28.977051+00:00, run_after=2023-06-04T01:07:28.977051+00:00
[2023-06-04T01:07:29.001+0000] {processor.py:178} INFO - Processing /home/airflow/.local/lib/python3.7/site-packages/airflow/example_dags/example_task_group_decorator.py took 0.165 seconds
[2023-06-04T01:07:59.534+0000] {processor.py:156} INFO - Started process (PID=292) to work on /home/airflow/.local/lib/python3.7/site-packages/airflow/example_dags/example_task_group_decorator.py
[2023-06-04T01:07:59.536+0000] {processor.py:758} INFO - Processing file /home/airflow/.local/lib/python3.7/site-packages/airflow/example_dags/example_task_group_decorator.py for tasks to queue
[2023-06-04T01:07:59.537+0000] {logging_mixin.py:117} INFO - [2023-06-04T01:07:59.537+0000] {dagbag.py:525} INFO - Filling up the DagBag from /home/airflow/.local/lib/python3.7/site-packages/airflow/example_dags/example_task_group_decorator.py
[2023-06-04T01:07:59.580+0000] {processor.py:768} INFO - DAG(s) dict_keys(['example_task_group_decorator']) retrieved from /home/airflow/.local/lib/python3.7/site-packages/airflow/example_dags/example_task_group_decorator.py
[2023-06-04T01:07:59.634+0000] {logging_mixin.py:117} INFO - [2023-06-04T01:07:59.634+0000] {dag.py:2573} INFO - Sync 1 DAGs
[2023-06-04T01:07:59.667+0000] {logging_mixin.py:117} INFO - [2023-06-04T01:07:59.666+0000] {dag.py:3328} INFO - Setting next_dagrun for example_task_group_decorator to 2023-06-03T01:07:59.666643+00:00, run_after=2023-06-04T01:07:59.666643+00:00
[2023-06-04T01:07:59.691+0000] {processor.py:178} INFO - Processing /home/airflow/.local/lib/python3.7/site-packages/airflow/example_dags/example_task_group_decorator.py took 0.162 seconds
[2023-06-04T01:08:30.324+0000] {processor.py:156} INFO - Started process (PID=356) to work on /home/airflow/.local/lib/python3.7/site-packages/airflow/example_dags/example_task_group_decorator.py
[2023-06-04T01:08:30.327+0000] {processor.py:758} INFO - Processing file /home/airflow/.local/lib/python3.7/site-packages/airflow/example_dags/example_task_group_decorator.py for tasks to queue
[2023-06-04T01:08:30.328+0000] {logging_mixin.py:117} INFO - [2023-06-04T01:08:30.328+0000] {dagbag.py:525} INFO - Filling up the DagBag from /home/airflow/.local/lib/python3.7/site-packages/airflow/example_dags/example_task_group_decorator.py
[2023-06-04T01:08:30.372+0000] {processor.py:768} INFO - DAG(s) dict_keys(['example_task_group_decorator']) retrieved from /home/airflow/.local/lib/python3.7/site-packages/airflow/example_dags/example_task_group_decorator.py
[2023-06-04T01:08:30.427+0000] {logging_mixin.py:117} INFO - [2023-06-04T01:08:30.426+0000] {dag.py:2573} INFO - Sync 1 DAGs
[2023-06-04T01:08:30.458+0000] {logging_mixin.py:117} INFO - [2023-06-04T01:08:30.458+0000] {dag.py:3328} INFO - Setting next_dagrun for example_task_group_decorator to 2023-06-03T01:08:30.457856+00:00, run_after=2023-06-04T01:08:30.457856+00:00
[2023-06-04T01:08:30.484+0000] {processor.py:178} INFO - Processing /home/airflow/.local/lib/python3.7/site-packages/airflow/example_dags/example_task_group_decorator.py took 0.165 seconds
[2023-06-04T01:09:01.102+0000] {processor.py:156} INFO - Started process (PID=420) to work on /home/airflow/.local/lib/python3.7/site-packages/airflow/example_dags/example_task_group_decorator.py
[2023-06-04T01:09:01.104+0000] {processor.py:758} INFO - Processing file /home/airflow/.local/lib/python3.7/site-packages/airflow/example_dags/example_task_group_decorator.py for tasks to queue
[2023-06-04T01:09:01.106+0000] {logging_mixin.py:117} INFO - [2023-06-04T01:09:01.105+0000] {dagbag.py:525} INFO - Filling up the DagBag from /home/airflow/.local/lib/python3.7/site-packages/airflow/example_dags/example_task_group_decorator.py
[2023-06-04T01:09:01.149+0000] {processor.py:768} INFO - DAG(s) dict_keys(['example_task_group_decorator']) retrieved from /home/airflow/.local/lib/python3.7/site-packages/airflow/example_dags/example_task_group_decorator.py
[2023-06-04T01:09:01.207+0000] {logging_mixin.py:117} INFO - [2023-06-04T01:09:01.207+0000] {dag.py:2573} INFO - Sync 1 DAGs
[2023-06-04T01:09:01.245+0000] {logging_mixin.py:117} INFO - [2023-06-04T01:09:01.245+0000] {dag.py:3328} INFO - Setting next_dagrun for example_task_group_decorator to 2023-06-03T01:09:01.244876+00:00, run_after=2023-06-04T01:09:01.244876+00:00
[2023-06-04T01:09:01.269+0000] {processor.py:178} INFO - Processing /home/airflow/.local/lib/python3.7/site-packages/airflow/example_dags/example_task_group_decorator.py took 0.172 seconds
[2023-06-04T01:09:32.120+0000] {processor.py:156} INFO - Started process (PID=484) to work on /home/airflow/.local/lib/python3.7/site-packages/airflow/example_dags/example_task_group_decorator.py
[2023-06-04T01:09:32.123+0000] {processor.py:758} INFO - Processing file /home/airflow/.local/lib/python3.7/site-packages/airflow/example_dags/example_task_group_decorator.py for tasks to queue
[2023-06-04T01:09:32.127+0000] {logging_mixin.py:117} INFO - [2023-06-04T01:09:32.127+0000] {dagbag.py:525} INFO - Filling up the DagBag from /home/airflow/.local/lib/python3.7/site-packages/airflow/example_dags/example_task_group_decorator.py
[2023-06-04T01:09:32.194+0000] {processor.py:768} INFO - DAG(s) dict_keys(['example_task_group_decorator']) retrieved from /home/airflow/.local/lib/python3.7/site-packages/airflow/example_dags/example_task_group_decorator.py
[2023-06-04T01:09:32.265+0000] {logging_mixin.py:117} INFO - [2023-06-04T01:09:32.264+0000] {dag.py:2573} INFO - Sync 1 DAGs
[2023-06-04T01:09:32.300+0000] {logging_mixin.py:117} INFO - [2023-06-04T01:09:32.300+0000] {dag.py:3328} INFO - Setting next_dagrun for example_task_group_decorator to 2023-06-03T01:09:32.300359+00:00, run_after=2023-06-04T01:09:32.300359+00:00
[2023-06-04T01:09:32.326+0000] {processor.py:178} INFO - Processing /home/airflow/.local/lib/python3.7/site-packages/airflow/example_dags/example_task_group_decorator.py took 0.212 seconds
[2023-06-04T01:10:03.084+0000] {processor.py:156} INFO - Started process (PID=539) to work on /home/airflow/.local/lib/python3.7/site-packages/airflow/example_dags/example_task_group_decorator.py
[2023-06-04T01:10:03.086+0000] {processor.py:758} INFO - Processing file /home/airflow/.local/lib/python3.7/site-packages/airflow/example_dags/example_task_group_decorator.py for tasks to queue
[2023-06-04T01:10:03.088+0000] {logging_mixin.py:117} INFO - [2023-06-04T01:10:03.088+0000] {dagbag.py:525} INFO - Filling up the DagBag from /home/airflow/.local/lib/python3.7/site-packages/airflow/example_dags/example_task_group_decorator.py
[2023-06-04T01:10:03.131+0000] {processor.py:768} INFO - DAG(s) dict_keys(['example_task_group_decorator']) retrieved from /home/airflow/.local/lib/python3.7/site-packages/airflow/example_dags/example_task_group_decorator.py
[2023-06-04T01:10:03.186+0000] {logging_mixin.py:117} INFO - [2023-06-04T01:10:03.186+0000] {dag.py:2573} INFO - Sync 1 DAGs
[2023-06-04T01:10:03.218+0000] {logging_mixin.py:117} INFO - [2023-06-04T01:10:03.218+0000] {dag.py:3328} INFO - Setting next_dagrun for example_task_group_decorator to 2023-06-03T01:10:03.218379+00:00, run_after=2023-06-04T01:10:03.218379+00:00
[2023-06-04T01:10:03.243+0000] {processor.py:178} INFO - Processing /home/airflow/.local/lib/python3.7/site-packages/airflow/example_dags/example_task_group_decorator.py took 0.163 seconds
[2023-06-04T01:10:33.382+0000] {processor.py:156} INFO - Started process (PID=603) to work on /home/airflow/.local/lib/python3.7/site-packages/airflow/example_dags/example_task_group_decorator.py
[2023-06-04T01:10:33.385+0000] {processor.py:758} INFO - Processing file /home/airflow/.local/lib/python3.7/site-packages/airflow/example_dags/example_task_group_decorator.py for tasks to queue
[2023-06-04T01:10:33.386+0000] {logging_mixin.py:117} INFO - [2023-06-04T01:10:33.386+0000] {dagbag.py:525} INFO - Filling up the DagBag from /home/airflow/.local/lib/python3.7/site-packages/airflow/example_dags/example_task_group_decorator.py
[2023-06-04T01:10:33.432+0000] {processor.py:768} INFO - DAG(s) dict_keys(['example_task_group_decorator']) retrieved from /home/airflow/.local/lib/python3.7/site-packages/airflow/example_dags/example_task_group_decorator.py
[2023-06-04T01:10:33.498+0000] {logging_mixin.py:117} INFO - [2023-06-04T01:10:33.498+0000] {dag.py:2573} INFO - Sync 1 DAGs
[2023-06-04T01:10:33.531+0000] {logging_mixin.py:117} INFO - [2023-06-04T01:10:33.531+0000] {dag.py:3328} INFO - Setting next_dagrun for example_task_group_decorator to 2023-06-03T01:10:33.531453+00:00, run_after=2023-06-04T01:10:33.531453+00:00
[2023-06-04T01:10:33.557+0000] {processor.py:178} INFO - Processing /home/airflow/.local/lib/python3.7/site-packages/airflow/example_dags/example_task_group_decorator.py took 0.181 seconds
[2023-06-04T01:11:04.287+0000] {processor.py:156} INFO - Started process (PID=667) to work on /home/airflow/.local/lib/python3.7/site-packages/airflow/example_dags/example_task_group_decorator.py
[2023-06-04T01:11:04.289+0000] {processor.py:758} INFO - Processing file /home/airflow/.local/lib/python3.7/site-packages/airflow/example_dags/example_task_group_decorator.py for tasks to queue
[2023-06-04T01:11:04.291+0000] {logging_mixin.py:117} INFO - [2023-06-04T01:11:04.290+0000] {dagbag.py:525} INFO - Filling up the DagBag from /home/airflow/.local/lib/python3.7/site-packages/airflow/example_dags/example_task_group_decorator.py
[2023-06-04T01:11:04.334+0000] {processor.py:768} INFO - DAG(s) dict_keys(['example_task_group_decorator']) retrieved from /home/airflow/.local/lib/python3.7/site-packages/airflow/example_dags/example_task_group_decorator.py
[2023-06-04T01:11:04.386+0000] {logging_mixin.py:117} INFO - [2023-06-04T01:11:04.386+0000] {dag.py:2573} INFO - Sync 1 DAGs
[2023-06-04T01:11:04.421+0000] {logging_mixin.py:117} INFO - [2023-06-04T01:11:04.421+0000] {dag.py:3328} INFO - Setting next_dagrun for example_task_group_decorator to 2023-06-03T01:11:04.420754+00:00, run_after=2023-06-04T01:11:04.420754+00:00
[2023-06-04T01:11:04.445+0000] {processor.py:178} INFO - Processing /home/airflow/.local/lib/python3.7/site-packages/airflow/example_dags/example_task_group_decorator.py took 0.162 seconds
[2023-06-04T01:11:35.056+0000] {processor.py:156} INFO - Started process (PID=722) to work on /home/airflow/.local/lib/python3.7/site-packages/airflow/example_dags/example_task_group_decorator.py
[2023-06-04T01:11:35.058+0000] {processor.py:758} INFO - Processing file /home/airflow/.local/lib/python3.7/site-packages/airflow/example_dags/example_task_group_decorator.py for tasks to queue
[2023-06-04T01:11:35.060+0000] {logging_mixin.py:117} INFO - [2023-06-04T01:11:35.060+0000] {dagbag.py:525} INFO - Filling up the DagBag from /home/airflow/.local/lib/python3.7/site-packages/airflow/example_dags/example_task_group_decorator.py
[2023-06-04T01:11:35.102+0000] {processor.py:768} INFO - DAG(s) dict_keys(['example_task_group_decorator']) retrieved from /home/airflow/.local/lib/python3.7/site-packages/airflow/example_dags/example_task_group_decorator.py
[2023-06-04T01:11:35.156+0000] {logging_mixin.py:117} INFO - [2023-06-04T01:11:35.156+0000] {dag.py:2573} INFO - Sync 1 DAGs
[2023-06-04T01:11:35.190+0000] {logging_mixin.py:117} INFO - [2023-06-04T01:11:35.190+0000] {dag.py:3328} INFO - Setting next_dagrun for example_task_group_decorator to 2023-06-03T01:11:35.189873+00:00, run_after=2023-06-04T01:11:35.189873+00:00
[2023-06-04T01:11:35.213+0000] {processor.py:178} INFO - Processing /home/airflow/.local/lib/python3.7/site-packages/airflow/example_dags/example_task_group_decorator.py took 0.161 seconds
[2023-06-04T01:12:05.459+0000] {processor.py:156} INFO - Started process (PID=786) to work on /home/airflow/.local/lib/python3.7/site-packages/airflow/example_dags/example_task_group_decorator.py
[2023-06-04T01:12:05.462+0000] {processor.py:758} INFO - Processing file /home/airflow/.local/lib/python3.7/site-packages/airflow/example_dags/example_task_group_decorator.py for tasks to queue
[2023-06-04T01:12:05.465+0000] {logging_mixin.py:117} INFO - [2023-06-04T01:12:05.465+0000] {dagbag.py:525} INFO - Filling up the DagBag from /home/airflow/.local/lib/python3.7/site-packages/airflow/example_dags/example_task_group_decorator.py
[2023-06-04T01:12:05.511+0000] {processor.py:768} INFO - DAG(s) dict_keys(['example_task_group_decorator']) retrieved from /home/airflow/.local/lib/python3.7/site-packages/airflow/example_dags/example_task_group_decorator.py
[2023-06-04T01:12:05.572+0000] {logging_mixin.py:117} INFO - [2023-06-04T01:12:05.572+0000] {dag.py:2573} INFO - Sync 1 DAGs
[2023-06-04T01:12:05.605+0000] {logging_mixin.py:117} INFO - [2023-06-04T01:12:05.604+0000] {dag.py:3328} INFO - Setting next_dagrun for example_task_group_decorator to 2023-06-03T01:12:05.604601+00:00, run_after=2023-06-04T01:12:05.604601+00:00
[2023-06-04T01:12:05.630+0000] {processor.py:178} INFO - Processing /home/airflow/.local/lib/python3.7/site-packages/airflow/example_dags/example_task_group_decorator.py took 0.178 seconds
[2023-06-04T01:12:35.988+0000] {processor.py:156} INFO - Started process (PID=850) to work on /home/airflow/.local/lib/python3.7/site-packages/airflow/example_dags/example_task_group_decorator.py
[2023-06-04T01:12:35.990+0000] {processor.py:758} INFO - Processing file /home/airflow/.local/lib/python3.7/site-packages/airflow/example_dags/example_task_group_decorator.py for tasks to queue
[2023-06-04T01:12:35.992+0000] {logging_mixin.py:117} INFO - [2023-06-04T01:12:35.992+0000] {dagbag.py:525} INFO - Filling up the DagBag from /home/airflow/.local/lib/python3.7/site-packages/airflow/example_dags/example_task_group_decorator.py
[2023-06-04T01:12:36.035+0000] {processor.py:768} INFO - DAG(s) dict_keys(['example_task_group_decorator']) retrieved from /home/airflow/.local/lib/python3.7/site-packages/airflow/example_dags/example_task_group_decorator.py
[2023-06-04T01:12:36.095+0000] {logging_mixin.py:117} INFO - [2023-06-04T01:12:36.095+0000] {dag.py:2573} INFO - Sync 1 DAGs
[2023-06-04T01:12:36.130+0000] {logging_mixin.py:117} INFO - [2023-06-04T01:12:36.130+0000] {dag.py:3328} INFO - Setting next_dagrun for example_task_group_decorator to 2023-06-03T01:12:36.129691+00:00, run_after=2023-06-04T01:12:36.129691+00:00
[2023-06-04T01:12:36.155+0000] {processor.py:178} INFO - Processing /home/airflow/.local/lib/python3.7/site-packages/airflow/example_dags/example_task_group_decorator.py took 0.172 seconds
[2023-06-04T01:13:06.327+0000] {processor.py:156} INFO - Started process (PID=905) to work on /home/airflow/.local/lib/python3.7/site-packages/airflow/example_dags/example_task_group_decorator.py
[2023-06-04T01:13:06.329+0000] {processor.py:758} INFO - Processing file /home/airflow/.local/lib/python3.7/site-packages/airflow/example_dags/example_task_group_decorator.py for tasks to queue
[2023-06-04T01:13:06.330+0000] {logging_mixin.py:117} INFO - [2023-06-04T01:13:06.330+0000] {dagbag.py:525} INFO - Filling up the DagBag from /home/airflow/.local/lib/python3.7/site-packages/airflow/example_dags/example_task_group_decorator.py
[2023-06-04T01:13:06.373+0000] {processor.py:768} INFO - DAG(s) dict_keys(['example_task_group_decorator']) retrieved from /home/airflow/.local/lib/python3.7/site-packages/airflow/example_dags/example_task_group_decorator.py
[2023-06-04T01:13:06.426+0000] {logging_mixin.py:117} INFO - [2023-06-04T01:13:06.426+0000] {dag.py:2573} INFO - Sync 1 DAGs
[2023-06-04T01:13:06.460+0000] {logging_mixin.py:117} INFO - [2023-06-04T01:13:06.460+0000] {dag.py:3328} INFO - Setting next_dagrun for example_task_group_decorator to 2023-06-03T01:13:06.460323+00:00, run_after=2023-06-04T01:13:06.460323+00:00
[2023-06-04T01:13:06.484+0000] {processor.py:178} INFO - Processing /home/airflow/.local/lib/python3.7/site-packages/airflow/example_dags/example_task_group_decorator.py took 0.161 seconds
[2023-06-04T01:13:36.757+0000] {processor.py:156} INFO - Started process (PID=969) to work on /home/airflow/.local/lib/python3.7/site-packages/airflow/example_dags/example_task_group_decorator.py
[2023-06-04T01:13:36.759+0000] {processor.py:758} INFO - Processing file /home/airflow/.local/lib/python3.7/site-packages/airflow/example_dags/example_task_group_decorator.py for tasks to queue
[2023-06-04T01:13:36.762+0000] {logging_mixin.py:117} INFO - [2023-06-04T01:13:36.762+0000] {dagbag.py:525} INFO - Filling up the DagBag from /home/airflow/.local/lib/python3.7/site-packages/airflow/example_dags/example_task_group_decorator.py
[2023-06-04T01:13:36.805+0000] {processor.py:768} INFO - DAG(s) dict_keys(['example_task_group_decorator']) retrieved from /home/airflow/.local/lib/python3.7/site-packages/airflow/example_dags/example_task_group_decorator.py
[2023-06-04T01:13:36.866+0000] {logging_mixin.py:117} INFO - [2023-06-04T01:13:36.866+0000] {dag.py:2573} INFO - Sync 1 DAGs
[2023-06-04T01:13:36.900+0000] {logging_mixin.py:117} INFO - [2023-06-04T01:13:36.899+0000] {dag.py:3328} INFO - Setting next_dagrun for example_task_group_decorator to 2023-06-03T01:13:36.899510+00:00, run_after=2023-06-04T01:13:36.899510+00:00
[2023-06-04T01:13:36.923+0000] {processor.py:178} INFO - Processing /home/airflow/.local/lib/python3.7/site-packages/airflow/example_dags/example_task_group_decorator.py took 0.171 seconds
[2023-06-04T01:14:07.896+0000] {processor.py:156} INFO - Started process (PID=1032) to work on /home/airflow/.local/lib/python3.7/site-packages/airflow/example_dags/example_task_group_decorator.py
[2023-06-04T01:14:07.899+0000] {processor.py:758} INFO - Processing file /home/airflow/.local/lib/python3.7/site-packages/airflow/example_dags/example_task_group_decorator.py for tasks to queue
[2023-06-04T01:14:07.901+0000] {logging_mixin.py:117} INFO - [2023-06-04T01:14:07.901+0000] {dagbag.py:525} INFO - Filling up the DagBag from /home/airflow/.local/lib/python3.7/site-packages/airflow/example_dags/example_task_group_decorator.py
[2023-06-04T01:14:07.967+0000] {processor.py:768} INFO - DAG(s) dict_keys(['example_task_group_decorator']) retrieved from /home/airflow/.local/lib/python3.7/site-packages/airflow/example_dags/example_task_group_decorator.py
[2023-06-04T01:14:08.051+0000] {logging_mixin.py:117} INFO - [2023-06-04T01:14:08.051+0000] {dag.py:2573} INFO - Sync 1 DAGs
[2023-06-04T01:14:08.090+0000] {logging_mixin.py:117} INFO - [2023-06-04T01:14:08.090+0000] {dag.py:3328} INFO - Setting next_dagrun for example_task_group_decorator to 2023-06-03T01:14:08.090037+00:00, run_after=2023-06-04T01:14:08.090037+00:00
[2023-06-04T01:14:08.124+0000] {processor.py:178} INFO - Processing /home/airflow/.local/lib/python3.7/site-packages/airflow/example_dags/example_task_group_decorator.py took 0.233 seconds
[2023-06-04T01:14:38.542+0000] {processor.py:156} INFO - Started process (PID=1087) to work on /home/airflow/.local/lib/python3.7/site-packages/airflow/example_dags/example_task_group_decorator.py
[2023-06-04T01:14:38.545+0000] {processor.py:758} INFO - Processing file /home/airflow/.local/lib/python3.7/site-packages/airflow/example_dags/example_task_group_decorator.py for tasks to queue
[2023-06-04T01:14:38.566+0000] {logging_mixin.py:117} INFO - [2023-06-04T01:14:38.566+0000] {dagbag.py:525} INFO - Filling up the DagBag from /home/airflow/.local/lib/python3.7/site-packages/airflow/example_dags/example_task_group_decorator.py
[2023-06-04T01:14:38.627+0000] {processor.py:768} INFO - DAG(s) dict_keys(['example_task_group_decorator']) retrieved from /home/airflow/.local/lib/python3.7/site-packages/airflow/example_dags/example_task_group_decorator.py
[2023-06-04T01:14:38.712+0000] {logging_mixin.py:117} INFO - [2023-06-04T01:14:38.711+0000] {dag.py:2573} INFO - Sync 1 DAGs
[2023-06-04T01:14:38.770+0000] {logging_mixin.py:117} INFO - [2023-06-04T01:14:38.770+0000] {dag.py:3328} INFO - Setting next_dagrun for example_task_group_decorator to 2023-06-03T01:14:38.769642+00:00, run_after=2023-06-04T01:14:38.769642+00:00
[2023-06-04T01:14:38.809+0000] {processor.py:178} INFO - Processing /home/airflow/.local/lib/python3.7/site-packages/airflow/example_dags/example_task_group_decorator.py took 0.274 seconds
[2023-06-04T01:15:09.107+0000] {processor.py:156} INFO - Started process (PID=1150) to work on /home/airflow/.local/lib/python3.7/site-packages/airflow/example_dags/example_task_group_decorator.py
[2023-06-04T01:15:09.111+0000] {processor.py:758} INFO - Processing file /home/airflow/.local/lib/python3.7/site-packages/airflow/example_dags/example_task_group_decorator.py for tasks to queue
[2023-06-04T01:15:09.113+0000] {logging_mixin.py:117} INFO - [2023-06-04T01:15:09.113+0000] {dagbag.py:525} INFO - Filling up the DagBag from /home/airflow/.local/lib/python3.7/site-packages/airflow/example_dags/example_task_group_decorator.py
[2023-06-04T01:15:09.177+0000] {processor.py:768} INFO - DAG(s) dict_keys(['example_task_group_decorator']) retrieved from /home/airflow/.local/lib/python3.7/site-packages/airflow/example_dags/example_task_group_decorator.py
[2023-06-04T01:15:09.249+0000] {logging_mixin.py:117} INFO - [2023-06-04T01:15:09.249+0000] {dag.py:2573} INFO - Sync 1 DAGs
[2023-06-04T01:15:09.291+0000] {logging_mixin.py:117} INFO - [2023-06-04T01:15:09.291+0000] {dag.py:3328} INFO - Setting next_dagrun for example_task_group_decorator to 2023-06-03T01:15:09.290613+00:00, run_after=2023-06-04T01:15:09.290613+00:00
[2023-06-04T01:15:09.319+0000] {processor.py:178} INFO - Processing /home/airflow/.local/lib/python3.7/site-packages/airflow/example_dags/example_task_group_decorator.py took 0.218 seconds
[2023-06-04T01:15:39.718+0000] {processor.py:156} INFO - Started process (PID=1214) to work on /home/airflow/.local/lib/python3.7/site-packages/airflow/example_dags/example_task_group_decorator.py
[2023-06-04T01:15:39.720+0000] {processor.py:758} INFO - Processing file /home/airflow/.local/lib/python3.7/site-packages/airflow/example_dags/example_task_group_decorator.py for tasks to queue
[2023-06-04T01:15:39.723+0000] {logging_mixin.py:117} INFO - [2023-06-04T01:15:39.723+0000] {dagbag.py:525} INFO - Filling up the DagBag from /home/airflow/.local/lib/python3.7/site-packages/airflow/example_dags/example_task_group_decorator.py
[2023-06-04T01:15:39.782+0000] {processor.py:768} INFO - DAG(s) dict_keys(['example_task_group_decorator']) retrieved from /home/airflow/.local/lib/python3.7/site-packages/airflow/example_dags/example_task_group_decorator.py
[2023-06-04T01:15:39.863+0000] {logging_mixin.py:117} INFO - [2023-06-04T01:15:39.863+0000] {dag.py:2573} INFO - Sync 1 DAGs
[2023-06-04T01:15:39.934+0000] {logging_mixin.py:117} INFO - [2023-06-04T01:15:39.933+0000] {dag.py:3328} INFO - Setting next_dagrun for example_task_group_decorator to 2023-06-03T01:15:39.932770+00:00, run_after=2023-06-04T01:15:39.932770+00:00
[2023-06-04T01:15:40.007+0000] {processor.py:178} INFO - Processing /home/airflow/.local/lib/python3.7/site-packages/airflow/example_dags/example_task_group_decorator.py took 0.298 seconds
[2023-06-04T01:16:10.186+0000] {processor.py:156} INFO - Started process (PID=1269) to work on /home/airflow/.local/lib/python3.7/site-packages/airflow/example_dags/example_task_group_decorator.py
[2023-06-04T01:16:10.189+0000] {processor.py:758} INFO - Processing file /home/airflow/.local/lib/python3.7/site-packages/airflow/example_dags/example_task_group_decorator.py for tasks to queue
[2023-06-04T01:16:10.193+0000] {logging_mixin.py:117} INFO - [2023-06-04T01:16:10.193+0000] {dagbag.py:525} INFO - Filling up the DagBag from /home/airflow/.local/lib/python3.7/site-packages/airflow/example_dags/example_task_group_decorator.py
[2023-06-04T01:16:10.254+0000] {processor.py:768} INFO - DAG(s) dict_keys(['example_task_group_decorator']) retrieved from /home/airflow/.local/lib/python3.7/site-packages/airflow/example_dags/example_task_group_decorator.py
[2023-06-04T01:16:10.351+0000] {logging_mixin.py:117} INFO - [2023-06-04T01:16:10.350+0000] {dag.py:2573} INFO - Sync 1 DAGs
[2023-06-04T01:16:10.406+0000] {logging_mixin.py:117} INFO - [2023-06-04T01:16:10.406+0000] {dag.py:3328} INFO - Setting next_dagrun for example_task_group_decorator to 2023-06-03T01:16:10.405778+00:00, run_after=2023-06-04T01:16:10.405778+00:00
[2023-06-04T01:16:10.449+0000] {processor.py:178} INFO - Processing /home/airflow/.local/lib/python3.7/site-packages/airflow/example_dags/example_task_group_decorator.py took 0.270 seconds
[2023-06-04T01:16:40.865+0000] {processor.py:156} INFO - Started process (PID=1333) to work on /home/airflow/.local/lib/python3.7/site-packages/airflow/example_dags/example_task_group_decorator.py
[2023-06-04T01:16:40.868+0000] {processor.py:758} INFO - Processing file /home/airflow/.local/lib/python3.7/site-packages/airflow/example_dags/example_task_group_decorator.py for tasks to queue
[2023-06-04T01:16:40.869+0000] {logging_mixin.py:117} INFO - [2023-06-04T01:16:40.869+0000] {dagbag.py:525} INFO - Filling up the DagBag from /home/airflow/.local/lib/python3.7/site-packages/airflow/example_dags/example_task_group_decorator.py
[2023-06-04T01:16:40.914+0000] {processor.py:768} INFO - DAG(s) dict_keys(['example_task_group_decorator']) retrieved from /home/airflow/.local/lib/python3.7/site-packages/airflow/example_dags/example_task_group_decorator.py
[2023-06-04T01:16:40.969+0000] {logging_mixin.py:117} INFO - [2023-06-04T01:16:40.969+0000] {dag.py:2573} INFO - Sync 1 DAGs
[2023-06-04T01:16:41.003+0000] {logging_mixin.py:117} INFO - [2023-06-04T01:16:41.003+0000] {dag.py:3328} INFO - Setting next_dagrun for example_task_group_decorator to 2023-06-03T01:16:41.003290+00:00, run_after=2023-06-04T01:16:41.003290+00:00
[2023-06-04T01:16:41.032+0000] {processor.py:178} INFO - Processing /home/airflow/.local/lib/python3.7/site-packages/airflow/example_dags/example_task_group_decorator.py took 0.174 seconds
[2023-06-04T01:17:11.472+0000] {processor.py:156} INFO - Started process (PID=1395) to work on /home/airflow/.local/lib/python3.7/site-packages/airflow/example_dags/example_task_group_decorator.py
[2023-06-04T01:17:11.474+0000] {processor.py:758} INFO - Processing file /home/airflow/.local/lib/python3.7/site-packages/airflow/example_dags/example_task_group_decorator.py for tasks to queue
[2023-06-04T01:17:11.476+0000] {logging_mixin.py:117} INFO - [2023-06-04T01:17:11.476+0000] {dagbag.py:525} INFO - Filling up the DagBag from /home/airflow/.local/lib/python3.7/site-packages/airflow/example_dags/example_task_group_decorator.py
[2023-06-04T01:17:11.523+0000] {processor.py:768} INFO - DAG(s) dict_keys(['example_task_group_decorator']) retrieved from /home/airflow/.local/lib/python3.7/site-packages/airflow/example_dags/example_task_group_decorator.py
[2023-06-04T01:17:11.588+0000] {logging_mixin.py:117} INFO - [2023-06-04T01:17:11.587+0000] {dag.py:2573} INFO - Sync 1 DAGs
[2023-06-04T01:17:11.639+0000] {logging_mixin.py:117} INFO - [2023-06-04T01:17:11.639+0000] {dag.py:3328} INFO - Setting next_dagrun for example_task_group_decorator to 2023-06-03T01:17:11.638544+00:00, run_after=2023-06-04T01:17:11.638544+00:00
[2023-06-04T01:17:11.675+0000] {processor.py:178} INFO - Processing /home/airflow/.local/lib/python3.7/site-packages/airflow/example_dags/example_task_group_decorator.py took 0.209 seconds
[2023-06-04T01:17:41.756+0000] {processor.py:156} INFO - Started process (PID=1452) to work on /home/airflow/.local/lib/python3.7/site-packages/airflow/example_dags/example_task_group_decorator.py
[2023-06-04T01:17:41.758+0000] {processor.py:758} INFO - Processing file /home/airflow/.local/lib/python3.7/site-packages/airflow/example_dags/example_task_group_decorator.py for tasks to queue
[2023-06-04T01:17:41.759+0000] {logging_mixin.py:117} INFO - [2023-06-04T01:17:41.759+0000] {dagbag.py:525} INFO - Filling up the DagBag from /home/airflow/.local/lib/python3.7/site-packages/airflow/example_dags/example_task_group_decorator.py
[2023-06-04T01:17:41.802+0000] {processor.py:768} INFO - DAG(s) dict_keys(['example_task_group_decorator']) retrieved from /home/airflow/.local/lib/python3.7/site-packages/airflow/example_dags/example_task_group_decorator.py
[2023-06-04T01:17:41.860+0000] {logging_mixin.py:117} INFO - [2023-06-04T01:17:41.860+0000] {dag.py:2573} INFO - Sync 1 DAGs
[2023-06-04T01:17:41.902+0000] {logging_mixin.py:117} INFO - [2023-06-04T01:17:41.902+0000] {dag.py:3328} INFO - Setting next_dagrun for example_task_group_decorator to 2023-06-03T01:17:41.902241+00:00, run_after=2023-06-04T01:17:41.902241+00:00
[2023-06-04T01:17:41.926+0000] {processor.py:178} INFO - Processing /home/airflow/.local/lib/python3.7/site-packages/airflow/example_dags/example_task_group_decorator.py took 0.175 seconds
[2023-06-04T01:18:12.001+0000] {processor.py:156} INFO - Started process (PID=1516) to work on /home/airflow/.local/lib/python3.7/site-packages/airflow/example_dags/example_task_group_decorator.py
[2023-06-04T01:18:12.006+0000] {processor.py:758} INFO - Processing file /home/airflow/.local/lib/python3.7/site-packages/airflow/example_dags/example_task_group_decorator.py for tasks to queue
[2023-06-04T01:18:12.008+0000] {logging_mixin.py:117} INFO - [2023-06-04T01:18:12.008+0000] {dagbag.py:525} INFO - Filling up the DagBag from /home/airflow/.local/lib/python3.7/site-packages/airflow/example_dags/example_task_group_decorator.py
[2023-06-04T01:18:12.053+0000] {processor.py:768} INFO - DAG(s) dict_keys(['example_task_group_decorator']) retrieved from /home/airflow/.local/lib/python3.7/site-packages/airflow/example_dags/example_task_group_decorator.py
[2023-06-04T01:18:12.110+0000] {logging_mixin.py:117} INFO - [2023-06-04T01:18:12.110+0000] {dag.py:2573} INFO - Sync 1 DAGs
[2023-06-04T01:18:12.144+0000] {logging_mixin.py:117} INFO - [2023-06-04T01:18:12.144+0000] {dag.py:3328} INFO - Setting next_dagrun for example_task_group_decorator to 2023-06-03T01:18:12.144074+00:00, run_after=2023-06-04T01:18:12.144074+00:00
[2023-06-04T01:18:12.169+0000] {processor.py:178} INFO - Processing /home/airflow/.local/lib/python3.7/site-packages/airflow/example_dags/example_task_group_decorator.py took 0.172 seconds
[2023-06-04T01:18:42.424+0000] {processor.py:156} INFO - Started process (PID=1571) to work on /home/airflow/.local/lib/python3.7/site-packages/airflow/example_dags/example_task_group_decorator.py
[2023-06-04T01:18:42.426+0000] {processor.py:758} INFO - Processing file /home/airflow/.local/lib/python3.7/site-packages/airflow/example_dags/example_task_group_decorator.py for tasks to queue
[2023-06-04T01:18:42.428+0000] {logging_mixin.py:117} INFO - [2023-06-04T01:18:42.428+0000] {dagbag.py:525} INFO - Filling up the DagBag from /home/airflow/.local/lib/python3.7/site-packages/airflow/example_dags/example_task_group_decorator.py
[2023-06-04T01:18:42.474+0000] {processor.py:768} INFO - DAG(s) dict_keys(['example_task_group_decorator']) retrieved from /home/airflow/.local/lib/python3.7/site-packages/airflow/example_dags/example_task_group_decorator.py
[2023-06-04T01:18:42.536+0000] {logging_mixin.py:117} INFO - [2023-06-04T01:18:42.536+0000] {dag.py:2573} INFO - Sync 1 DAGs
[2023-06-04T01:18:42.570+0000] {logging_mixin.py:117} INFO - [2023-06-04T01:18:42.570+0000] {dag.py:3328} INFO - Setting next_dagrun for example_task_group_decorator to 2023-06-03T01:18:42.570090+00:00, run_after=2023-06-04T01:18:42.570090+00:00
[2023-06-04T01:18:42.597+0000] {processor.py:178} INFO - Processing /home/airflow/.local/lib/python3.7/site-packages/airflow/example_dags/example_task_group_decorator.py took 0.178 seconds
[2023-06-04T01:19:12.668+0000] {processor.py:156} INFO - Started process (PID=1634) to work on /home/airflow/.local/lib/python3.7/site-packages/airflow/example_dags/example_task_group_decorator.py
[2023-06-04T01:19:12.670+0000] {processor.py:758} INFO - Processing file /home/airflow/.local/lib/python3.7/site-packages/airflow/example_dags/example_task_group_decorator.py for tasks to queue
[2023-06-04T01:19:12.672+0000] {logging_mixin.py:117} INFO - [2023-06-04T01:19:12.672+0000] {dagbag.py:525} INFO - Filling up the DagBag from /home/airflow/.local/lib/python3.7/site-packages/airflow/example_dags/example_task_group_decorator.py
[2023-06-04T01:19:12.715+0000] {processor.py:768} INFO - DAG(s) dict_keys(['example_task_group_decorator']) retrieved from /home/airflow/.local/lib/python3.7/site-packages/airflow/example_dags/example_task_group_decorator.py
[2023-06-04T01:19:12.776+0000] {logging_mixin.py:117} INFO - [2023-06-04T01:19:12.776+0000] {dag.py:2573} INFO - Sync 1 DAGs
[2023-06-04T01:19:12.811+0000] {logging_mixin.py:117} INFO - [2023-06-04T01:19:12.811+0000] {dag.py:3328} INFO - Setting next_dagrun for example_task_group_decorator to 2023-06-03T01:19:12.811330+00:00, run_after=2023-06-04T01:19:12.811330+00:00
[2023-06-04T01:19:12.836+0000] {processor.py:178} INFO - Processing /home/airflow/.local/lib/python3.7/site-packages/airflow/example_dags/example_task_group_decorator.py took 0.173 seconds
[2023-06-04T01:20:38.584+0000] {processor.py:157} INFO - Started process (PID=49) to work on /home/airflow/.local/lib/python3.7/site-packages/airflow/example_dags/example_task_group_decorator.py
[2023-06-04T01:20:38.594+0000] {processor.py:826} INFO - Processing file /home/airflow/.local/lib/python3.7/site-packages/airflow/example_dags/example_task_group_decorator.py for tasks to queue
[2023-06-04T01:20:38.599+0000] {logging_mixin.py:149} INFO - [2023-06-04T01:20:38.599+0000] {dagbag.py:541} INFO - Filling up the DagBag from /home/airflow/.local/lib/python3.7/site-packages/airflow/example_dags/example_task_group_decorator.py
[2023-06-04T01:20:38.652+0000] {processor.py:836} INFO - DAG(s) dict_keys(['example_task_group_decorator']) retrieved from /home/airflow/.local/lib/python3.7/site-packages/airflow/example_dags/example_task_group_decorator.py
[2023-06-04T01:20:38.708+0000] {logging_mixin.py:149} INFO - [2023-06-04T01:20:38.708+0000] {dag.py:2726} INFO - Sync 1 DAGs
[2023-06-04T01:20:38.790+0000] {logging_mixin.py:149} INFO - [2023-06-04T01:20:38.789+0000] {dag.py:3490} INFO - Setting next_dagrun for example_task_group_decorator to 2023-06-03T01:20:38.789475+00:00, run_after=2023-06-04T01:20:38.789475+00:00
[2023-06-04T01:20:38.871+0000] {processor.py:179} INFO - Processing /home/airflow/.local/lib/python3.7/site-packages/airflow/example_dags/example_task_group_decorator.py took 0.294 seconds
[2023-06-04T01:21:09.223+0000] {processor.py:157} INFO - Started process (PID=119) to work on /home/airflow/.local/lib/python3.7/site-packages/airflow/example_dags/example_task_group_decorator.py
[2023-06-04T01:21:09.226+0000] {processor.py:826} INFO - Processing file /home/airflow/.local/lib/python3.7/site-packages/airflow/example_dags/example_task_group_decorator.py for tasks to queue
[2023-06-04T01:21:09.228+0000] {logging_mixin.py:149} INFO - [2023-06-04T01:21:09.228+0000] {dagbag.py:541} INFO - Filling up the DagBag from /home/airflow/.local/lib/python3.7/site-packages/airflow/example_dags/example_task_group_decorator.py
[2023-06-04T01:21:09.250+0000] {processor.py:836} INFO - DAG(s) dict_keys(['example_task_group_decorator']) retrieved from /home/airflow/.local/lib/python3.7/site-packages/airflow/example_dags/example_task_group_decorator.py
[2023-06-04T01:21:09.288+0000] {logging_mixin.py:149} INFO - [2023-06-04T01:21:09.288+0000] {dag.py:2726} INFO - Sync 1 DAGs
[2023-06-04T01:21:09.323+0000] {logging_mixin.py:149} INFO - [2023-06-04T01:21:09.322+0000] {dag.py:3490} INFO - Setting next_dagrun for example_task_group_decorator to 2023-06-03T01:21:09.322419+00:00, run_after=2023-06-04T01:21:09.322419+00:00
[2023-06-04T01:21:09.350+0000] {processor.py:179} INFO - Processing /home/airflow/.local/lib/python3.7/site-packages/airflow/example_dags/example_task_group_decorator.py took 0.131 seconds
[2023-06-04T01:21:39.787+0000] {processor.py:157} INFO - Started process (PID=198) to work on /home/airflow/.local/lib/python3.7/site-packages/airflow/example_dags/example_task_group_decorator.py
[2023-06-04T01:21:39.790+0000] {processor.py:826} INFO - Processing file /home/airflow/.local/lib/python3.7/site-packages/airflow/example_dags/example_task_group_decorator.py for tasks to queue
[2023-06-04T01:21:39.792+0000] {logging_mixin.py:149} INFO - [2023-06-04T01:21:39.792+0000] {dagbag.py:541} INFO - Filling up the DagBag from /home/airflow/.local/lib/python3.7/site-packages/airflow/example_dags/example_task_group_decorator.py
[2023-06-04T01:21:39.815+0000] {processor.py:836} INFO - DAG(s) dict_keys(['example_task_group_decorator']) retrieved from /home/airflow/.local/lib/python3.7/site-packages/airflow/example_dags/example_task_group_decorator.py
[2023-06-04T01:21:39.855+0000] {logging_mixin.py:149} INFO - [2023-06-04T01:21:39.855+0000] {dag.py:2726} INFO - Sync 1 DAGs
[2023-06-04T01:21:39.892+0000] {logging_mixin.py:149} INFO - [2023-06-04T01:21:39.892+0000] {dag.py:3490} INFO - Setting next_dagrun for example_task_group_decorator to 2023-06-03T01:21:39.892340+00:00, run_after=2023-06-04T01:21:39.892340+00:00
[2023-06-04T01:21:39.920+0000] {processor.py:179} INFO - Processing /home/airflow/.local/lib/python3.7/site-packages/airflow/example_dags/example_task_group_decorator.py took 0.139 seconds
[2023-06-04T01:22:10.105+0000] {processor.py:157} INFO - Started process (PID=268) to work on /home/airflow/.local/lib/python3.7/site-packages/airflow/example_dags/example_task_group_decorator.py
[2023-06-04T01:22:10.107+0000] {processor.py:826} INFO - Processing file /home/airflow/.local/lib/python3.7/site-packages/airflow/example_dags/example_task_group_decorator.py for tasks to queue
[2023-06-04T01:22:10.114+0000] {logging_mixin.py:149} INFO - [2023-06-04T01:22:10.114+0000] {dagbag.py:541} INFO - Filling up the DagBag from /home/airflow/.local/lib/python3.7/site-packages/airflow/example_dags/example_task_group_decorator.py
[2023-06-04T01:22:10.135+0000] {processor.py:836} INFO - DAG(s) dict_keys(['example_task_group_decorator']) retrieved from /home/airflow/.local/lib/python3.7/site-packages/airflow/example_dags/example_task_group_decorator.py
[2023-06-04T01:22:10.178+0000] {logging_mixin.py:149} INFO - [2023-06-04T01:22:10.178+0000] {dag.py:2726} INFO - Sync 1 DAGs
[2023-06-04T01:22:10.222+0000] {logging_mixin.py:149} INFO - [2023-06-04T01:22:10.222+0000] {dag.py:3490} INFO - Setting next_dagrun for example_task_group_decorator to 2023-06-03T01:22:10.221605+00:00, run_after=2023-06-04T01:22:10.221605+00:00
[2023-06-04T01:22:10.251+0000] {processor.py:179} INFO - Processing /home/airflow/.local/lib/python3.7/site-packages/airflow/example_dags/example_task_group_decorator.py took 0.151 seconds
[2023-06-04T01:22:40.938+0000] {processor.py:157} INFO - Started process (PID=338) to work on /home/airflow/.local/lib/python3.7/site-packages/airflow/example_dags/example_task_group_decorator.py
[2023-06-04T01:22:40.941+0000] {processor.py:826} INFO - Processing file /home/airflow/.local/lib/python3.7/site-packages/airflow/example_dags/example_task_group_decorator.py for tasks to queue
[2023-06-04T01:22:40.943+0000] {logging_mixin.py:149} INFO - [2023-06-04T01:22:40.942+0000] {dagbag.py:541} INFO - Filling up the DagBag from /home/airflow/.local/lib/python3.7/site-packages/airflow/example_dags/example_task_group_decorator.py
[2023-06-04T01:22:40.963+0000] {processor.py:836} INFO - DAG(s) dict_keys(['example_task_group_decorator']) retrieved from /home/airflow/.local/lib/python3.7/site-packages/airflow/example_dags/example_task_group_decorator.py
[2023-06-04T01:22:40.999+0000] {logging_mixin.py:149} INFO - [2023-06-04T01:22:40.999+0000] {dag.py:2726} INFO - Sync 1 DAGs
[2023-06-04T01:22:41.034+0000] {logging_mixin.py:149} INFO - [2023-06-04T01:22:41.034+0000] {dag.py:3490} INFO - Setting next_dagrun for example_task_group_decorator to 2023-06-03T01:22:41.034398+00:00, run_after=2023-06-04T01:22:41.034398+00:00
[2023-06-04T01:22:41.062+0000] {processor.py:179} INFO - Processing /home/airflow/.local/lib/python3.7/site-packages/airflow/example_dags/example_task_group_decorator.py took 0.129 seconds
[2023-06-04T01:23:11.933+0000] {processor.py:157} INFO - Started process (PID=417) to work on /home/airflow/.local/lib/python3.7/site-packages/airflow/example_dags/example_task_group_decorator.py
[2023-06-04T01:23:11.936+0000] {processor.py:826} INFO - Processing file /home/airflow/.local/lib/python3.7/site-packages/airflow/example_dags/example_task_group_decorator.py for tasks to queue
[2023-06-04T01:23:11.940+0000] {logging_mixin.py:149} INFO - [2023-06-04T01:23:11.939+0000] {dagbag.py:541} INFO - Filling up the DagBag from /home/airflow/.local/lib/python3.7/site-packages/airflow/example_dags/example_task_group_decorator.py
[2023-06-04T01:23:11.967+0000] {processor.py:836} INFO - DAG(s) dict_keys(['example_task_group_decorator']) retrieved from /home/airflow/.local/lib/python3.7/site-packages/airflow/example_dags/example_task_group_decorator.py
[2023-06-04T01:23:12.020+0000] {logging_mixin.py:149} INFO - [2023-06-04T01:23:12.020+0000] {dag.py:2726} INFO - Sync 1 DAGs
[2023-06-04T01:23:12.063+0000] {logging_mixin.py:149} INFO - [2023-06-04T01:23:12.063+0000] {dag.py:3490} INFO - Setting next_dagrun for example_task_group_decorator to 2023-06-03T01:23:12.063276+00:00, run_after=2023-06-04T01:23:12.063276+00:00
[2023-06-04T01:23:12.101+0000] {processor.py:179} INFO - Processing /home/airflow/.local/lib/python3.7/site-packages/airflow/example_dags/example_task_group_decorator.py took 0.174 seconds
[2023-06-04T01:23:43.103+0000] {processor.py:157} INFO - Started process (PID=487) to work on /home/airflow/.local/lib/python3.7/site-packages/airflow/example_dags/example_task_group_decorator.py
[2023-06-04T01:23:43.105+0000] {processor.py:826} INFO - Processing file /home/airflow/.local/lib/python3.7/site-packages/airflow/example_dags/example_task_group_decorator.py for tasks to queue
[2023-06-04T01:23:43.107+0000] {logging_mixin.py:149} INFO - [2023-06-04T01:23:43.107+0000] {dagbag.py:541} INFO - Filling up the DagBag from /home/airflow/.local/lib/python3.7/site-packages/airflow/example_dags/example_task_group_decorator.py
[2023-06-04T01:23:43.128+0000] {processor.py:836} INFO - DAG(s) dict_keys(['example_task_group_decorator']) retrieved from /home/airflow/.local/lib/python3.7/site-packages/airflow/example_dags/example_task_group_decorator.py
[2023-06-04T01:23:43.168+0000] {logging_mixin.py:149} INFO - [2023-06-04T01:23:43.168+0000] {dag.py:2726} INFO - Sync 1 DAGs
[2023-06-04T01:23:43.200+0000] {logging_mixin.py:149} INFO - [2023-06-04T01:23:43.199+0000] {dag.py:3490} INFO - Setting next_dagrun for example_task_group_decorator to 2023-06-03T01:23:43.199712+00:00, run_after=2023-06-04T01:23:43.199712+00:00
[2023-06-04T01:23:43.221+0000] {processor.py:179} INFO - Processing /home/airflow/.local/lib/python3.7/site-packages/airflow/example_dags/example_task_group_decorator.py took 0.123 seconds
[2023-06-04T01:24:13.547+0000] {processor.py:157} INFO - Started process (PID=564) to work on /home/airflow/.local/lib/python3.7/site-packages/airflow/example_dags/example_task_group_decorator.py
[2023-06-04T01:24:13.549+0000] {processor.py:826} INFO - Processing file /home/airflow/.local/lib/python3.7/site-packages/airflow/example_dags/example_task_group_decorator.py for tasks to queue
[2023-06-04T01:24:13.551+0000] {logging_mixin.py:149} INFO - [2023-06-04T01:24:13.551+0000] {dagbag.py:541} INFO - Filling up the DagBag from /home/airflow/.local/lib/python3.7/site-packages/airflow/example_dags/example_task_group_decorator.py
[2023-06-04T01:24:13.574+0000] {processor.py:836} INFO - DAG(s) dict_keys(['example_task_group_decorator']) retrieved from /home/airflow/.local/lib/python3.7/site-packages/airflow/example_dags/example_task_group_decorator.py
[2023-06-04T01:24:13.615+0000] {logging_mixin.py:149} INFO - [2023-06-04T01:24:13.615+0000] {dag.py:2726} INFO - Sync 1 DAGs
[2023-06-04T01:24:13.650+0000] {logging_mixin.py:149} INFO - [2023-06-04T01:24:13.650+0000] {dag.py:3490} INFO - Setting next_dagrun for example_task_group_decorator to 2023-06-03T01:24:13.649994+00:00, run_after=2023-06-04T01:24:13.649994+00:00
[2023-06-04T01:24:13.677+0000] {processor.py:179} INFO - Processing /home/airflow/.local/lib/python3.7/site-packages/airflow/example_dags/example_task_group_decorator.py took 0.136 seconds
[2023-06-04T01:24:43.881+0000] {processor.py:157} INFO - Started process (PID=636) to work on /home/airflow/.local/lib/python3.7/site-packages/airflow/example_dags/example_task_group_decorator.py
[2023-06-04T01:24:43.902+0000] {processor.py:826} INFO - Processing file /home/airflow/.local/lib/python3.7/site-packages/airflow/example_dags/example_task_group_decorator.py for tasks to queue
[2023-06-04T01:24:43.904+0000] {logging_mixin.py:149} INFO - [2023-06-04T01:24:43.904+0000] {dagbag.py:541} INFO - Filling up the DagBag from /home/airflow/.local/lib/python3.7/site-packages/airflow/example_dags/example_task_group_decorator.py
[2023-06-04T01:24:43.926+0000] {processor.py:836} INFO - DAG(s) dict_keys(['example_task_group_decorator']) retrieved from /home/airflow/.local/lib/python3.7/site-packages/airflow/example_dags/example_task_group_decorator.py
[2023-06-04T01:24:43.967+0000] {logging_mixin.py:149} INFO - [2023-06-04T01:24:43.966+0000] {dag.py:2726} INFO - Sync 1 DAGs
[2023-06-04T01:24:44.000+0000] {logging_mixin.py:149} INFO - [2023-06-04T01:24:44.000+0000] {dag.py:3490} INFO - Setting next_dagrun for example_task_group_decorator to 2023-06-03T01:24:43.999952+00:00, run_after=2023-06-04T01:24:43.999952+00:00
[2023-06-04T01:24:44.026+0000] {processor.py:179} INFO - Processing /home/airflow/.local/lib/python3.7/site-packages/airflow/example_dags/example_task_group_decorator.py took 0.150 seconds
[2023-06-04T01:25:14.283+0000] {processor.py:157} INFO - Started process (PID=706) to work on /home/airflow/.local/lib/python3.7/site-packages/airflow/example_dags/example_task_group_decorator.py
[2023-06-04T01:25:14.285+0000] {processor.py:826} INFO - Processing file /home/airflow/.local/lib/python3.7/site-packages/airflow/example_dags/example_task_group_decorator.py for tasks to queue
[2023-06-04T01:25:14.287+0000] {logging_mixin.py:149} INFO - [2023-06-04T01:25:14.287+0000] {dagbag.py:541} INFO - Filling up the DagBag from /home/airflow/.local/lib/python3.7/site-packages/airflow/example_dags/example_task_group_decorator.py
[2023-06-04T01:25:14.308+0000] {processor.py:836} INFO - DAG(s) dict_keys(['example_task_group_decorator']) retrieved from /home/airflow/.local/lib/python3.7/site-packages/airflow/example_dags/example_task_group_decorator.py
[2023-06-04T01:25:14.350+0000] {logging_mixin.py:149} INFO - [2023-06-04T01:25:14.349+0000] {dag.py:2726} INFO - Sync 1 DAGs
[2023-06-04T01:25:14.386+0000] {logging_mixin.py:149} INFO - [2023-06-04T01:25:14.386+0000] {dag.py:3490} INFO - Setting next_dagrun for example_task_group_decorator to 2023-06-03T01:25:14.385743+00:00, run_after=2023-06-04T01:25:14.385743+00:00
[2023-06-04T01:25:14.413+0000] {processor.py:179} INFO - Processing /home/airflow/.local/lib/python3.7/site-packages/airflow/example_dags/example_task_group_decorator.py took 0.135 seconds
[2023-06-04T01:25:44.717+0000] {processor.py:157} INFO - Started process (PID=785) to work on /home/airflow/.local/lib/python3.7/site-packages/airflow/example_dags/example_task_group_decorator.py
[2023-06-04T01:25:44.720+0000] {processor.py:826} INFO - Processing file /home/airflow/.local/lib/python3.7/site-packages/airflow/example_dags/example_task_group_decorator.py for tasks to queue
[2023-06-04T01:25:44.722+0000] {logging_mixin.py:149} INFO - [2023-06-04T01:25:44.721+0000] {dagbag.py:541} INFO - Filling up the DagBag from /home/airflow/.local/lib/python3.7/site-packages/airflow/example_dags/example_task_group_decorator.py
[2023-06-04T01:25:44.744+0000] {processor.py:836} INFO - DAG(s) dict_keys(['example_task_group_decorator']) retrieved from /home/airflow/.local/lib/python3.7/site-packages/airflow/example_dags/example_task_group_decorator.py
[2023-06-04T01:25:44.785+0000] {logging_mixin.py:149} INFO - [2023-06-04T01:25:44.785+0000] {dag.py:2726} INFO - Sync 1 DAGs
[2023-06-04T01:25:44.821+0000] {logging_mixin.py:149} INFO - [2023-06-04T01:25:44.821+0000] {dag.py:3490} INFO - Setting next_dagrun for example_task_group_decorator to 2023-06-03T01:25:44.820860+00:00, run_after=2023-06-04T01:25:44.820860+00:00
[2023-06-04T01:25:44.853+0000] {processor.py:179} INFO - Processing /home/airflow/.local/lib/python3.7/site-packages/airflow/example_dags/example_task_group_decorator.py took 0.148 seconds
