[2023-06-04T00:36:50.880+0000] {processor.py:156} INFO - Started process (PID=44) to work on /home/airflow/.local/lib/python3.7/site-packages/airflow/example_dags/example_bash_operator.py
[2023-06-04T00:36:50.888+0000] {processor.py:758} INFO - Processing file /home/airflow/.local/lib/python3.7/site-packages/airflow/example_dags/example_bash_operator.py for tasks to queue
[2023-06-04T00:36:50.891+0000] {logging_mixin.py:117} INFO - [2023-06-04T00:36:50.891+0000] {dagbag.py:525} INFO - Filling up the DagBag from /home/airflow/.local/lib/python3.7/site-packages/airflow/example_dags/example_bash_operator.py
[2023-06-04T00:36:50.988+0000] {processor.py:768} INFO - DAG(s) dict_keys(['example_bash_operator']) retrieved from /home/airflow/.local/lib/python3.7/site-packages/airflow/example_dags/example_bash_operator.py
[2023-06-04T00:36:51.264+0000] {logging_mixin.py:117} INFO - [2023-06-04T00:36:51.264+0000] {manager.py:507} INFO - Created Permission View: can delete on DAG:example_bash_operator
[2023-06-04T00:36:51.287+0000] {logging_mixin.py:117} INFO - [2023-06-04T00:36:51.287+0000] {manager.py:507} INFO - Created Permission View: can read on DAG:example_bash_operator
[2023-06-04T00:36:51.303+0000] {logging_mixin.py:117} INFO - [2023-06-04T00:36:51.303+0000] {manager.py:507} INFO - Created Permission View: can edit on DAG:example_bash_operator
[2023-06-04T00:36:51.305+0000] {logging_mixin.py:117} INFO - [2023-06-04T00:36:51.305+0000] {dag.py:2573} INFO - Sync 1 DAGs
[2023-06-04T00:36:51.336+0000] {logging_mixin.py:117} INFO - [2023-06-04T00:36:51.336+0000] {dag.py:2594} INFO - Creating ORM DAG for example_bash_operator
[2023-06-04T00:36:51.366+0000] {logging_mixin.py:117} INFO - [2023-06-04T00:36:51.366+0000] {dag.py:3328} INFO - Setting next_dagrun for example_bash_operator to 2023-06-03T00:00:00+00:00, run_after=2023-06-04T00:00:00+00:00
[2023-06-04T00:36:51.417+0000] {processor.py:178} INFO - Processing /home/airflow/.local/lib/python3.7/site-packages/airflow/example_dags/example_bash_operator.py took 0.550 seconds
[2023-06-04T00:37:21.528+0000] {processor.py:156} INFO - Started process (PID=98) to work on /home/airflow/.local/lib/python3.7/site-packages/airflow/example_dags/example_bash_operator.py
[2023-06-04T00:37:21.531+0000] {processor.py:758} INFO - Processing file /home/airflow/.local/lib/python3.7/site-packages/airflow/example_dags/example_bash_operator.py for tasks to queue
[2023-06-04T00:37:21.532+0000] {logging_mixin.py:117} INFO - [2023-06-04T00:37:21.532+0000] {dagbag.py:525} INFO - Filling up the DagBag from /home/airflow/.local/lib/python3.7/site-packages/airflow/example_dags/example_bash_operator.py
[2023-06-04T00:37:21.563+0000] {processor.py:768} INFO - DAG(s) dict_keys(['example_bash_operator']) retrieved from /home/airflow/.local/lib/python3.7/site-packages/airflow/example_dags/example_bash_operator.py
[2023-06-04T00:37:21.622+0000] {logging_mixin.py:117} INFO - [2023-06-04T00:37:21.622+0000] {dag.py:2573} INFO - Sync 1 DAGs
[2023-06-04T00:37:21.656+0000] {logging_mixin.py:117} INFO - [2023-06-04T00:37:21.656+0000] {dag.py:3328} INFO - Setting next_dagrun for example_bash_operator to 2023-06-03T00:00:00+00:00, run_after=2023-06-04T00:00:00+00:00
[2023-06-04T00:37:21.683+0000] {processor.py:178} INFO - Processing /home/airflow/.local/lib/python3.7/site-packages/airflow/example_dags/example_bash_operator.py took 0.161 seconds
[2023-06-04T00:37:51.959+0000] {processor.py:156} INFO - Started process (PID=161) to work on /home/airflow/.local/lib/python3.7/site-packages/airflow/example_dags/example_bash_operator.py
[2023-06-04T00:37:51.961+0000] {processor.py:758} INFO - Processing file /home/airflow/.local/lib/python3.7/site-packages/airflow/example_dags/example_bash_operator.py for tasks to queue
[2023-06-04T00:37:51.963+0000] {logging_mixin.py:117} INFO - [2023-06-04T00:37:51.963+0000] {dagbag.py:525} INFO - Filling up the DagBag from /home/airflow/.local/lib/python3.7/site-packages/airflow/example_dags/example_bash_operator.py
[2023-06-04T00:37:51.990+0000] {processor.py:768} INFO - DAG(s) dict_keys(['example_bash_operator']) retrieved from /home/airflow/.local/lib/python3.7/site-packages/airflow/example_dags/example_bash_operator.py
[2023-06-04T00:37:52.049+0000] {logging_mixin.py:117} INFO - [2023-06-04T00:37:52.048+0000] {dag.py:2573} INFO - Sync 1 DAGs
[2023-06-04T00:37:52.084+0000] {logging_mixin.py:117} INFO - [2023-06-04T00:37:52.084+0000] {dag.py:3328} INFO - Setting next_dagrun for example_bash_operator to 2023-06-03T00:00:00+00:00, run_after=2023-06-04T00:00:00+00:00
[2023-06-04T00:37:52.111+0000] {processor.py:178} INFO - Processing /home/airflow/.local/lib/python3.7/site-packages/airflow/example_dags/example_bash_operator.py took 0.156 seconds
[2023-06-04T00:38:22.692+0000] {processor.py:156} INFO - Started process (PID=224) to work on /home/airflow/.local/lib/python3.7/site-packages/airflow/example_dags/example_bash_operator.py
[2023-06-04T00:38:22.695+0000] {processor.py:758} INFO - Processing file /home/airflow/.local/lib/python3.7/site-packages/airflow/example_dags/example_bash_operator.py for tasks to queue
[2023-06-04T00:38:22.696+0000] {logging_mixin.py:117} INFO - [2023-06-04T00:38:22.696+0000] {dagbag.py:525} INFO - Filling up the DagBag from /home/airflow/.local/lib/python3.7/site-packages/airflow/example_dags/example_bash_operator.py
[2023-06-04T00:38:22.724+0000] {processor.py:768} INFO - DAG(s) dict_keys(['example_bash_operator']) retrieved from /home/airflow/.local/lib/python3.7/site-packages/airflow/example_dags/example_bash_operator.py
[2023-06-04T00:38:22.778+0000] {logging_mixin.py:117} INFO - [2023-06-04T00:38:22.778+0000] {dag.py:2573} INFO - Sync 1 DAGs
[2023-06-04T00:38:22.811+0000] {logging_mixin.py:117} INFO - [2023-06-04T00:38:22.811+0000] {dag.py:3328} INFO - Setting next_dagrun for example_bash_operator to 2023-06-03T00:00:00+00:00, run_after=2023-06-04T00:00:00+00:00
[2023-06-04T00:38:22.836+0000] {processor.py:178} INFO - Processing /home/airflow/.local/lib/python3.7/site-packages/airflow/example_dags/example_bash_operator.py took 0.150 seconds
[2023-06-04T00:38:53.426+0000] {processor.py:156} INFO - Started process (PID=278) to work on /home/airflow/.local/lib/python3.7/site-packages/airflow/example_dags/example_bash_operator.py
[2023-06-04T00:38:53.428+0000] {processor.py:758} INFO - Processing file /home/airflow/.local/lib/python3.7/site-packages/airflow/example_dags/example_bash_operator.py for tasks to queue
[2023-06-04T00:38:53.429+0000] {logging_mixin.py:117} INFO - [2023-06-04T00:38:53.429+0000] {dagbag.py:525} INFO - Filling up the DagBag from /home/airflow/.local/lib/python3.7/site-packages/airflow/example_dags/example_bash_operator.py
[2023-06-04T00:38:53.463+0000] {processor.py:768} INFO - DAG(s) dict_keys(['example_bash_operator']) retrieved from /home/airflow/.local/lib/python3.7/site-packages/airflow/example_dags/example_bash_operator.py
[2023-06-04T00:38:53.523+0000] {logging_mixin.py:117} INFO - [2023-06-04T00:38:53.522+0000] {dag.py:2573} INFO - Sync 1 DAGs
[2023-06-04T00:38:53.561+0000] {logging_mixin.py:117} INFO - [2023-06-04T00:38:53.560+0000] {dag.py:3328} INFO - Setting next_dagrun for example_bash_operator to 2023-06-03T00:00:00+00:00, run_after=2023-06-04T00:00:00+00:00
[2023-06-04T00:38:53.616+0000] {processor.py:178} INFO - Processing /home/airflow/.local/lib/python3.7/site-packages/airflow/example_dags/example_bash_operator.py took 0.196 seconds
[2023-06-04T00:39:23.853+0000] {processor.py:156} INFO - Started process (PID=341) to work on /home/airflow/.local/lib/python3.7/site-packages/airflow/example_dags/example_bash_operator.py
[2023-06-04T00:39:23.865+0000] {processor.py:758} INFO - Processing file /home/airflow/.local/lib/python3.7/site-packages/airflow/example_dags/example_bash_operator.py for tasks to queue
[2023-06-04T00:39:23.871+0000] {logging_mixin.py:117} INFO - [2023-06-04T00:39:23.871+0000] {dagbag.py:525} INFO - Filling up the DagBag from /home/airflow/.local/lib/python3.7/site-packages/airflow/example_dags/example_bash_operator.py
[2023-06-04T00:39:23.955+0000] {processor.py:768} INFO - DAG(s) dict_keys(['example_bash_operator']) retrieved from /home/airflow/.local/lib/python3.7/site-packages/airflow/example_dags/example_bash_operator.py
[2023-06-04T00:39:24.081+0000] {logging_mixin.py:117} INFO - [2023-06-04T00:39:24.081+0000] {dag.py:2573} INFO - Sync 1 DAGs
[2023-06-04T00:59:45.080+0000] {processor.py:156} INFO - Started process (PID=36) to work on /home/airflow/.local/lib/python3.7/site-packages/airflow/example_dags/example_bash_operator.py
[2023-06-04T00:59:45.083+0000] {processor.py:758} INFO - Processing file /home/airflow/.local/lib/python3.7/site-packages/airflow/example_dags/example_bash_operator.py for tasks to queue
[2023-06-04T00:59:45.088+0000] {logging_mixin.py:117} INFO - [2023-06-04T00:59:45.086+0000] {dagbag.py:525} INFO - Filling up the DagBag from /home/airflow/.local/lib/python3.7/site-packages/airflow/example_dags/example_bash_operator.py
[2023-06-04T00:59:45.149+0000] {processor.py:768} INFO - DAG(s) dict_keys(['example_bash_operator']) retrieved from /home/airflow/.local/lib/python3.7/site-packages/airflow/example_dags/example_bash_operator.py
[2023-06-04T00:59:45.181+0000] {logging_mixin.py:117} INFO - [2023-06-04T00:59:45.181+0000] {dag.py:2573} INFO - Sync 1 DAGs
[2023-06-04T00:59:45.220+0000] {logging_mixin.py:117} INFO - [2023-06-04T00:59:45.220+0000] {dag.py:3328} INFO - Setting next_dagrun for example_bash_operator to 2023-06-03T00:00:00+00:00, run_after=2023-06-04T00:00:00+00:00
[2023-06-04T00:59:45.247+0000] {processor.py:178} INFO - Processing /home/airflow/.local/lib/python3.7/site-packages/airflow/example_dags/example_bash_operator.py took 0.173 seconds
[2023-06-04T01:00:15.530+0000] {processor.py:156} INFO - Started process (PID=99) to work on /home/airflow/.local/lib/python3.7/site-packages/airflow/example_dags/example_bash_operator.py
[2023-06-04T01:00:15.550+0000] {processor.py:758} INFO - Processing file /home/airflow/.local/lib/python3.7/site-packages/airflow/example_dags/example_bash_operator.py for tasks to queue
[2023-06-04T01:00:15.552+0000] {logging_mixin.py:117} INFO - [2023-06-04T01:00:15.552+0000] {dagbag.py:525} INFO - Filling up the DagBag from /home/airflow/.local/lib/python3.7/site-packages/airflow/example_dags/example_bash_operator.py
[2023-06-04T01:00:15.586+0000] {processor.py:768} INFO - DAG(s) dict_keys(['example_bash_operator']) retrieved from /home/airflow/.local/lib/python3.7/site-packages/airflow/example_dags/example_bash_operator.py
[2023-06-04T01:00:15.648+0000] {logging_mixin.py:117} INFO - [2023-06-04T01:00:15.648+0000] {dag.py:2573} INFO - Sync 1 DAGs
[2023-06-04T01:00:15.688+0000] {logging_mixin.py:117} INFO - [2023-06-04T01:00:15.688+0000] {dag.py:3328} INFO - Setting next_dagrun for example_bash_operator to 2023-06-03T00:00:00+00:00, run_after=2023-06-04T00:00:00+00:00
[2023-06-04T01:00:15.716+0000] {processor.py:178} INFO - Processing /home/airflow/.local/lib/python3.7/site-packages/airflow/example_dags/example_bash_operator.py took 0.191 seconds
[2023-06-04T01:00:45.824+0000] {processor.py:156} INFO - Started process (PID=162) to work on /home/airflow/.local/lib/python3.7/site-packages/airflow/example_dags/example_bash_operator.py
[2023-06-04T01:00:45.826+0000] {processor.py:758} INFO - Processing file /home/airflow/.local/lib/python3.7/site-packages/airflow/example_dags/example_bash_operator.py for tasks to queue
[2023-06-04T01:00:45.830+0000] {logging_mixin.py:117} INFO - [2023-06-04T01:00:45.829+0000] {dagbag.py:525} INFO - Filling up the DagBag from /home/airflow/.local/lib/python3.7/site-packages/airflow/example_dags/example_bash_operator.py
[2023-06-04T01:00:45.870+0000] {processor.py:768} INFO - DAG(s) dict_keys(['example_bash_operator']) retrieved from /home/airflow/.local/lib/python3.7/site-packages/airflow/example_dags/example_bash_operator.py
[2023-06-04T01:00:45.965+0000] {logging_mixin.py:117} INFO - [2023-06-04T01:00:45.965+0000] {dag.py:2573} INFO - Sync 1 DAGs
[2023-06-04T01:00:46.004+0000] {logging_mixin.py:117} INFO - [2023-06-04T01:00:46.004+0000] {dag.py:3328} INFO - Setting next_dagrun for example_bash_operator to 2023-06-03T00:00:00+00:00, run_after=2023-06-04T00:00:00+00:00
[2023-06-04T01:00:46.035+0000] {processor.py:178} INFO - Processing /home/airflow/.local/lib/python3.7/site-packages/airflow/example_dags/example_bash_operator.py took 0.215 seconds
[2023-06-04T01:01:16.694+0000] {processor.py:156} INFO - Started process (PID=217) to work on /home/airflow/.local/lib/python3.7/site-packages/airflow/example_dags/example_bash_operator.py
[2023-06-04T01:01:16.697+0000] {processor.py:758} INFO - Processing file /home/airflow/.local/lib/python3.7/site-packages/airflow/example_dags/example_bash_operator.py for tasks to queue
[2023-06-04T01:01:16.699+0000] {logging_mixin.py:117} INFO - [2023-06-04T01:01:16.699+0000] {dagbag.py:525} INFO - Filling up the DagBag from /home/airflow/.local/lib/python3.7/site-packages/airflow/example_dags/example_bash_operator.py
[2023-06-04T01:01:16.732+0000] {processor.py:768} INFO - DAG(s) dict_keys(['example_bash_operator']) retrieved from /home/airflow/.local/lib/python3.7/site-packages/airflow/example_dags/example_bash_operator.py
[2023-06-04T01:01:16.792+0000] {logging_mixin.py:117} INFO - [2023-06-04T01:01:16.792+0000] {dag.py:2573} INFO - Sync 1 DAGs
[2023-06-04T01:01:16.827+0000] {logging_mixin.py:117} INFO - [2023-06-04T01:01:16.827+0000] {dag.py:3328} INFO - Setting next_dagrun for example_bash_operator to 2023-06-03T00:00:00+00:00, run_after=2023-06-04T00:00:00+00:00
[2023-06-04T01:01:16.852+0000] {processor.py:178} INFO - Processing /home/airflow/.local/lib/python3.7/site-packages/airflow/example_dags/example_bash_operator.py took 0.165 seconds
[2023-06-04T01:01:47.121+0000] {processor.py:156} INFO - Started process (PID=280) to work on /home/airflow/.local/lib/python3.7/site-packages/airflow/example_dags/example_bash_operator.py
[2023-06-04T01:01:47.124+0000] {processor.py:758} INFO - Processing file /home/airflow/.local/lib/python3.7/site-packages/airflow/example_dags/example_bash_operator.py for tasks to queue
[2023-06-04T01:01:47.126+0000] {logging_mixin.py:117} INFO - [2023-06-04T01:01:47.126+0000] {dagbag.py:525} INFO - Filling up the DagBag from /home/airflow/.local/lib/python3.7/site-packages/airflow/example_dags/example_bash_operator.py
[2023-06-04T01:01:47.157+0000] {processor.py:768} INFO - DAG(s) dict_keys(['example_bash_operator']) retrieved from /home/airflow/.local/lib/python3.7/site-packages/airflow/example_dags/example_bash_operator.py
[2023-06-04T01:01:47.215+0000] {logging_mixin.py:117} INFO - [2023-06-04T01:01:47.215+0000] {dag.py:2573} INFO - Sync 1 DAGs
[2023-06-04T01:01:47.245+0000] {logging_mixin.py:117} INFO - [2023-06-04T01:01:47.245+0000] {dag.py:3328} INFO - Setting next_dagrun for example_bash_operator to 2023-06-03T00:00:00+00:00, run_after=2023-06-04T00:00:00+00:00
[2023-06-04T01:01:47.270+0000] {processor.py:178} INFO - Processing /home/airflow/.local/lib/python3.7/site-packages/airflow/example_dags/example_bash_operator.py took 0.153 seconds
[2023-06-04T01:02:17.422+0000] {processor.py:156} INFO - Started process (PID=343) to work on /home/airflow/.local/lib/python3.7/site-packages/airflow/example_dags/example_bash_operator.py
[2023-06-04T01:02:17.424+0000] {processor.py:758} INFO - Processing file /home/airflow/.local/lib/python3.7/site-packages/airflow/example_dags/example_bash_operator.py for tasks to queue
[2023-06-04T01:02:17.426+0000] {logging_mixin.py:117} INFO - [2023-06-04T01:02:17.426+0000] {dagbag.py:525} INFO - Filling up the DagBag from /home/airflow/.local/lib/python3.7/site-packages/airflow/example_dags/example_bash_operator.py
[2023-06-04T01:02:17.458+0000] {processor.py:768} INFO - DAG(s) dict_keys(['example_bash_operator']) retrieved from /home/airflow/.local/lib/python3.7/site-packages/airflow/example_dags/example_bash_operator.py
[2023-06-04T01:02:17.516+0000] {logging_mixin.py:117} INFO - [2023-06-04T01:02:17.516+0000] {dag.py:2573} INFO - Sync 1 DAGs
[2023-06-04T01:02:17.547+0000] {logging_mixin.py:117} INFO - [2023-06-04T01:02:17.547+0000] {dag.py:3328} INFO - Setting next_dagrun for example_bash_operator to 2023-06-03T00:00:00+00:00, run_after=2023-06-04T00:00:00+00:00
[2023-06-04T01:02:17.569+0000] {processor.py:178} INFO - Processing /home/airflow/.local/lib/python3.7/site-packages/airflow/example_dags/example_bash_operator.py took 0.152 seconds
[2023-06-04T01:02:47.967+0000] {processor.py:156} INFO - Started process (PID=397) to work on /home/airflow/.local/lib/python3.7/site-packages/airflow/example_dags/example_bash_operator.py
[2023-06-04T01:02:47.971+0000] {processor.py:758} INFO - Processing file /home/airflow/.local/lib/python3.7/site-packages/airflow/example_dags/example_bash_operator.py for tasks to queue
[2023-06-04T01:02:47.973+0000] {logging_mixin.py:117} INFO - [2023-06-04T01:02:47.973+0000] {dagbag.py:525} INFO - Filling up the DagBag from /home/airflow/.local/lib/python3.7/site-packages/airflow/example_dags/example_bash_operator.py
[2023-06-04T01:02:48.007+0000] {processor.py:768} INFO - DAG(s) dict_keys(['example_bash_operator']) retrieved from /home/airflow/.local/lib/python3.7/site-packages/airflow/example_dags/example_bash_operator.py
[2023-06-04T01:02:48.070+0000] {logging_mixin.py:117} INFO - [2023-06-04T01:02:48.070+0000] {dag.py:2573} INFO - Sync 1 DAGs
[2023-06-04T01:02:48.107+0000] {logging_mixin.py:117} INFO - [2023-06-04T01:02:48.107+0000] {dag.py:3328} INFO - Setting next_dagrun for example_bash_operator to 2023-06-03T00:00:00+00:00, run_after=2023-06-04T00:00:00+00:00
[2023-06-04T01:02:48.133+0000] {processor.py:178} INFO - Processing /home/airflow/.local/lib/python3.7/site-packages/airflow/example_dags/example_bash_operator.py took 0.171 seconds
[2023-06-04T01:03:18.267+0000] {processor.py:156} INFO - Started process (PID=460) to work on /home/airflow/.local/lib/python3.7/site-packages/airflow/example_dags/example_bash_operator.py
[2023-06-04T01:03:18.270+0000] {processor.py:758} INFO - Processing file /home/airflow/.local/lib/python3.7/site-packages/airflow/example_dags/example_bash_operator.py for tasks to queue
[2023-06-04T01:03:18.272+0000] {logging_mixin.py:117} INFO - [2023-06-04T01:03:18.272+0000] {dagbag.py:525} INFO - Filling up the DagBag from /home/airflow/.local/lib/python3.7/site-packages/airflow/example_dags/example_bash_operator.py
[2023-06-04T01:03:18.307+0000] {processor.py:768} INFO - DAG(s) dict_keys(['example_bash_operator']) retrieved from /home/airflow/.local/lib/python3.7/site-packages/airflow/example_dags/example_bash_operator.py
[2023-06-04T01:03:18.373+0000] {logging_mixin.py:117} INFO - [2023-06-04T01:03:18.372+0000] {dag.py:2573} INFO - Sync 1 DAGs
[2023-06-04T01:03:18.409+0000] {logging_mixin.py:117} INFO - [2023-06-04T01:03:18.408+0000] {dag.py:3328} INFO - Setting next_dagrun for example_bash_operator to 2023-06-03T00:00:00+00:00, run_after=2023-06-04T00:00:00+00:00
[2023-06-04T01:03:18.442+0000] {processor.py:178} INFO - Processing /home/airflow/.local/lib/python3.7/site-packages/airflow/example_dags/example_bash_operator.py took 0.180 seconds
[2023-06-04T01:03:48.694+0000] {processor.py:156} INFO - Started process (PID=523) to work on /home/airflow/.local/lib/python3.7/site-packages/airflow/example_dags/example_bash_operator.py
[2023-06-04T01:03:48.697+0000] {processor.py:758} INFO - Processing file /home/airflow/.local/lib/python3.7/site-packages/airflow/example_dags/example_bash_operator.py for tasks to queue
[2023-06-04T01:03:48.699+0000] {logging_mixin.py:117} INFO - [2023-06-04T01:03:48.698+0000] {dagbag.py:525} INFO - Filling up the DagBag from /home/airflow/.local/lib/python3.7/site-packages/airflow/example_dags/example_bash_operator.py
[2023-06-04T01:03:48.733+0000] {processor.py:768} INFO - DAG(s) dict_keys(['example_bash_operator']) retrieved from /home/airflow/.local/lib/python3.7/site-packages/airflow/example_dags/example_bash_operator.py
[2023-06-04T01:03:48.794+0000] {logging_mixin.py:117} INFO - [2023-06-04T01:03:48.794+0000] {dag.py:2573} INFO - Sync 1 DAGs
[2023-06-04T01:03:48.828+0000] {logging_mixin.py:117} INFO - [2023-06-04T01:03:48.828+0000] {dag.py:3328} INFO - Setting next_dagrun for example_bash_operator to 2023-06-03T00:00:00+00:00, run_after=2023-06-04T00:00:00+00:00
[2023-06-04T01:03:48.856+0000] {processor.py:178} INFO - Processing /home/airflow/.local/lib/python3.7/site-packages/airflow/example_dags/example_bash_operator.py took 0.168 seconds
[2023-06-04T01:04:19.506+0000] {processor.py:156} INFO - Started process (PID=577) to work on /home/airflow/.local/lib/python3.7/site-packages/airflow/example_dags/example_bash_operator.py
[2023-06-04T01:04:19.508+0000] {processor.py:758} INFO - Processing file /home/airflow/.local/lib/python3.7/site-packages/airflow/example_dags/example_bash_operator.py for tasks to queue
[2023-06-04T01:04:19.510+0000] {logging_mixin.py:117} INFO - [2023-06-04T01:04:19.509+0000] {dagbag.py:525} INFO - Filling up the DagBag from /home/airflow/.local/lib/python3.7/site-packages/airflow/example_dags/example_bash_operator.py
[2023-06-04T01:04:19.542+0000] {processor.py:768} INFO - DAG(s) dict_keys(['example_bash_operator']) retrieved from /home/airflow/.local/lib/python3.7/site-packages/airflow/example_dags/example_bash_operator.py
[2023-06-04T01:04:19.603+0000] {logging_mixin.py:117} INFO - [2023-06-04T01:04:19.602+0000] {dag.py:2573} INFO - Sync 1 DAGs
[2023-06-04T01:04:19.635+0000] {logging_mixin.py:117} INFO - [2023-06-04T01:04:19.635+0000] {dag.py:3328} INFO - Setting next_dagrun for example_bash_operator to 2023-06-03T00:00:00+00:00, run_after=2023-06-04T00:00:00+00:00
[2023-06-04T01:04:19.659+0000] {processor.py:178} INFO - Processing /home/airflow/.local/lib/python3.7/site-packages/airflow/example_dags/example_bash_operator.py took 0.158 seconds
[2023-06-04T01:04:50.137+0000] {processor.py:156} INFO - Started process (PID=641) to work on /home/airflow/.local/lib/python3.7/site-packages/airflow/example_dags/example_bash_operator.py
[2023-06-04T01:04:50.139+0000] {processor.py:758} INFO - Processing file /home/airflow/.local/lib/python3.7/site-packages/airflow/example_dags/example_bash_operator.py for tasks to queue
[2023-06-04T01:04:50.141+0000] {logging_mixin.py:117} INFO - [2023-06-04T01:04:50.141+0000] {dagbag.py:525} INFO - Filling up the DagBag from /home/airflow/.local/lib/python3.7/site-packages/airflow/example_dags/example_bash_operator.py
[2023-06-04T01:04:50.175+0000] {processor.py:768} INFO - DAG(s) dict_keys(['example_bash_operator']) retrieved from /home/airflow/.local/lib/python3.7/site-packages/airflow/example_dags/example_bash_operator.py
[2023-06-04T01:04:50.211+0000] {logging_mixin.py:117} INFO - [2023-06-04T01:04:50.211+0000] {dag.py:2573} INFO - Sync 1 DAGs
[2023-06-04T01:04:50.249+0000] {logging_mixin.py:117} INFO - [2023-06-04T01:04:50.249+0000] {dag.py:3328} INFO - Setting next_dagrun for example_bash_operator to 2023-06-03T00:00:00+00:00, run_after=2023-06-04T00:00:00+00:00
[2023-06-04T01:04:50.275+0000] {processor.py:178} INFO - Processing /home/airflow/.local/lib/python3.7/site-packages/airflow/example_dags/example_bash_operator.py took 0.144 seconds
[2023-06-04T01:05:55.662+0000] {processor.py:156} INFO - Started process (PID=38) to work on /home/airflow/.local/lib/python3.7/site-packages/airflow/example_dags/example_bash_operator.py
[2023-06-04T01:05:55.668+0000] {processor.py:758} INFO - Processing file /home/airflow/.local/lib/python3.7/site-packages/airflow/example_dags/example_bash_operator.py for tasks to queue
[2023-06-04T01:05:55.671+0000] {logging_mixin.py:117} INFO - [2023-06-04T01:05:55.670+0000] {dagbag.py:525} INFO - Filling up the DagBag from /home/airflow/.local/lib/python3.7/site-packages/airflow/example_dags/example_bash_operator.py
[2023-06-04T01:05:55.739+0000] {processor.py:768} INFO - DAG(s) dict_keys(['example_bash_operator']) retrieved from /home/airflow/.local/lib/python3.7/site-packages/airflow/example_dags/example_bash_operator.py
[2023-06-04T01:05:55.782+0000] {logging_mixin.py:117} INFO - [2023-06-04T01:05:55.781+0000] {dag.py:2573} INFO - Sync 1 DAGs
[2023-06-04T01:05:55.871+0000] {logging_mixin.py:117} INFO - [2023-06-04T01:05:55.870+0000] {dag.py:3328} INFO - Setting next_dagrun for example_bash_operator to 2023-06-03T00:00:00+00:00, run_after=2023-06-04T00:00:00+00:00
[2023-06-04T01:05:55.912+0000] {processor.py:178} INFO - Processing /home/airflow/.local/lib/python3.7/site-packages/airflow/example_dags/example_bash_operator.py took 0.257 seconds
[2023-06-04T01:06:26.690+0000] {processor.py:156} INFO - Started process (PID=102) to work on /home/airflow/.local/lib/python3.7/site-packages/airflow/example_dags/example_bash_operator.py
[2023-06-04T01:06:26.692+0000] {processor.py:758} INFO - Processing file /home/airflow/.local/lib/python3.7/site-packages/airflow/example_dags/example_bash_operator.py for tasks to queue
[2023-06-04T01:06:26.694+0000] {logging_mixin.py:117} INFO - [2023-06-04T01:06:26.694+0000] {dagbag.py:525} INFO - Filling up the DagBag from /home/airflow/.local/lib/python3.7/site-packages/airflow/example_dags/example_bash_operator.py
[2023-06-04T01:06:26.725+0000] {processor.py:768} INFO - DAG(s) dict_keys(['example_bash_operator']) retrieved from /home/airflow/.local/lib/python3.7/site-packages/airflow/example_dags/example_bash_operator.py
[2023-06-04T01:06:26.786+0000] {logging_mixin.py:117} INFO - [2023-06-04T01:06:26.786+0000] {dag.py:2573} INFO - Sync 1 DAGs
[2023-06-04T01:06:26.813+0000] {logging_mixin.py:117} INFO - [2023-06-04T01:06:26.813+0000] {dag.py:3328} INFO - Setting next_dagrun for example_bash_operator to 2023-06-03T00:00:00+00:00, run_after=2023-06-04T00:00:00+00:00
[2023-06-04T01:06:26.833+0000] {processor.py:178} INFO - Processing /home/airflow/.local/lib/python3.7/site-packages/airflow/example_dags/example_bash_operator.py took 0.149 seconds
[2023-06-04T01:06:57.556+0000] {processor.py:156} INFO - Started process (PID=168) to work on /home/airflow/.local/lib/python3.7/site-packages/airflow/example_dags/example_bash_operator.py
[2023-06-04T01:06:57.557+0000] {processor.py:758} INFO - Processing file /home/airflow/.local/lib/python3.7/site-packages/airflow/example_dags/example_bash_operator.py for tasks to queue
[2023-06-04T01:06:57.559+0000] {logging_mixin.py:117} INFO - [2023-06-04T01:06:57.558+0000] {dagbag.py:525} INFO - Filling up the DagBag from /home/airflow/.local/lib/python3.7/site-packages/airflow/example_dags/example_bash_operator.py
[2023-06-04T01:06:57.585+0000] {processor.py:768} INFO - DAG(s) dict_keys(['example_bash_operator']) retrieved from /home/airflow/.local/lib/python3.7/site-packages/airflow/example_dags/example_bash_operator.py
[2023-06-04T01:06:57.678+0000] {logging_mixin.py:117} INFO - [2023-06-04T01:06:57.678+0000] {dag.py:2573} INFO - Sync 1 DAGs
[2023-06-04T01:06:57.707+0000] {logging_mixin.py:117} INFO - [2023-06-04T01:06:57.707+0000] {dag.py:3328} INFO - Setting next_dagrun for example_bash_operator to 2023-06-03T00:00:00+00:00, run_after=2023-06-04T00:00:00+00:00
[2023-06-04T01:06:57.734+0000] {processor.py:178} INFO - Processing /home/airflow/.local/lib/python3.7/site-packages/airflow/example_dags/example_bash_operator.py took 0.182 seconds
[2023-06-04T01:07:28.228+0000] {processor.py:156} INFO - Started process (PID=232) to work on /home/airflow/.local/lib/python3.7/site-packages/airflow/example_dags/example_bash_operator.py
[2023-06-04T01:07:28.230+0000] {processor.py:758} INFO - Processing file /home/airflow/.local/lib/python3.7/site-packages/airflow/example_dags/example_bash_operator.py for tasks to queue
[2023-06-04T01:07:28.232+0000] {logging_mixin.py:117} INFO - [2023-06-04T01:07:28.232+0000] {dagbag.py:525} INFO - Filling up the DagBag from /home/airflow/.local/lib/python3.7/site-packages/airflow/example_dags/example_bash_operator.py
[2023-06-04T01:07:28.267+0000] {processor.py:768} INFO - DAG(s) dict_keys(['example_bash_operator']) retrieved from /home/airflow/.local/lib/python3.7/site-packages/airflow/example_dags/example_bash_operator.py
[2023-06-04T01:07:28.334+0000] {logging_mixin.py:117} INFO - [2023-06-04T01:07:28.334+0000] {dag.py:2573} INFO - Sync 1 DAGs
[2023-06-04T01:07:28.397+0000] {logging_mixin.py:117} INFO - [2023-06-04T01:07:28.396+0000] {dag.py:3328} INFO - Setting next_dagrun for example_bash_operator to 2023-06-03T00:00:00+00:00, run_after=2023-06-04T00:00:00+00:00
[2023-06-04T01:07:28.442+0000] {processor.py:178} INFO - Processing /home/airflow/.local/lib/python3.7/site-packages/airflow/example_dags/example_bash_operator.py took 0.218 seconds
[2023-06-04T01:07:58.987+0000] {processor.py:156} INFO - Started process (PID=287) to work on /home/airflow/.local/lib/python3.7/site-packages/airflow/example_dags/example_bash_operator.py
[2023-06-04T01:07:58.989+0000] {processor.py:758} INFO - Processing file /home/airflow/.local/lib/python3.7/site-packages/airflow/example_dags/example_bash_operator.py for tasks to queue
[2023-06-04T01:07:58.992+0000] {logging_mixin.py:117} INFO - [2023-06-04T01:07:58.991+0000] {dagbag.py:525} INFO - Filling up the DagBag from /home/airflow/.local/lib/python3.7/site-packages/airflow/example_dags/example_bash_operator.py
[2023-06-04T01:07:59.021+0000] {processor.py:768} INFO - DAG(s) dict_keys(['example_bash_operator']) retrieved from /home/airflow/.local/lib/python3.7/site-packages/airflow/example_dags/example_bash_operator.py
[2023-06-04T01:07:59.121+0000] {logging_mixin.py:117} INFO - [2023-06-04T01:07:59.120+0000] {dag.py:2573} INFO - Sync 1 DAGs
[2023-06-04T01:07:59.151+0000] {logging_mixin.py:117} INFO - [2023-06-04T01:07:59.151+0000] {dag.py:3328} INFO - Setting next_dagrun for example_bash_operator to 2023-06-03T00:00:00+00:00, run_after=2023-06-04T00:00:00+00:00
[2023-06-04T01:07:59.178+0000] {processor.py:178} INFO - Processing /home/airflow/.local/lib/python3.7/site-packages/airflow/example_dags/example_bash_operator.py took 0.195 seconds
[2023-06-04T01:08:29.805+0000] {processor.py:156} INFO - Started process (PID=351) to work on /home/airflow/.local/lib/python3.7/site-packages/airflow/example_dags/example_bash_operator.py
[2023-06-04T01:08:29.807+0000] {processor.py:758} INFO - Processing file /home/airflow/.local/lib/python3.7/site-packages/airflow/example_dags/example_bash_operator.py for tasks to queue
[2023-06-04T01:08:29.809+0000] {logging_mixin.py:117} INFO - [2023-06-04T01:08:29.809+0000] {dagbag.py:525} INFO - Filling up the DagBag from /home/airflow/.local/lib/python3.7/site-packages/airflow/example_dags/example_bash_operator.py
[2023-06-04T01:08:29.841+0000] {processor.py:768} INFO - DAG(s) dict_keys(['example_bash_operator']) retrieved from /home/airflow/.local/lib/python3.7/site-packages/airflow/example_dags/example_bash_operator.py
[2023-06-04T01:08:29.900+0000] {logging_mixin.py:117} INFO - [2023-06-04T01:08:29.900+0000] {dag.py:2573} INFO - Sync 1 DAGs
[2023-06-04T01:08:29.929+0000] {logging_mixin.py:117} INFO - [2023-06-04T01:08:29.929+0000] {dag.py:3328} INFO - Setting next_dagrun for example_bash_operator to 2023-06-03T00:00:00+00:00, run_after=2023-06-04T00:00:00+00:00
[2023-06-04T01:08:29.949+0000] {processor.py:178} INFO - Processing /home/airflow/.local/lib/python3.7/site-packages/airflow/example_dags/example_bash_operator.py took 0.148 seconds
[2023-06-04T01:09:00.531+0000] {processor.py:156} INFO - Started process (PID=415) to work on /home/airflow/.local/lib/python3.7/site-packages/airflow/example_dags/example_bash_operator.py
[2023-06-04T01:09:00.533+0000] {processor.py:758} INFO - Processing file /home/airflow/.local/lib/python3.7/site-packages/airflow/example_dags/example_bash_operator.py for tasks to queue
[2023-06-04T01:09:00.534+0000] {logging_mixin.py:117} INFO - [2023-06-04T01:09:00.534+0000] {dagbag.py:525} INFO - Filling up the DagBag from /home/airflow/.local/lib/python3.7/site-packages/airflow/example_dags/example_bash_operator.py
[2023-06-04T01:09:00.560+0000] {processor.py:768} INFO - DAG(s) dict_keys(['example_bash_operator']) retrieved from /home/airflow/.local/lib/python3.7/site-packages/airflow/example_dags/example_bash_operator.py
[2023-06-04T01:09:00.668+0000] {logging_mixin.py:117} INFO - [2023-06-04T01:09:00.668+0000] {dag.py:2573} INFO - Sync 1 DAGs
[2023-06-04T01:09:00.709+0000] {logging_mixin.py:117} INFO - [2023-06-04T01:09:00.708+0000] {dag.py:3328} INFO - Setting next_dagrun for example_bash_operator to 2023-06-03T00:00:00+00:00, run_after=2023-06-04T00:00:00+00:00
[2023-06-04T01:09:00.745+0000] {processor.py:178} INFO - Processing /home/airflow/.local/lib/python3.7/site-packages/airflow/example_dags/example_bash_operator.py took 0.217 seconds
[2023-06-04T01:09:31.535+0000] {processor.py:156} INFO - Started process (PID=470) to work on /home/airflow/.local/lib/python3.7/site-packages/airflow/example_dags/example_bash_operator.py
[2023-06-04T01:09:31.537+0000] {processor.py:758} INFO - Processing file /home/airflow/.local/lib/python3.7/site-packages/airflow/example_dags/example_bash_operator.py for tasks to queue
[2023-06-04T01:09:31.538+0000] {logging_mixin.py:117} INFO - [2023-06-04T01:09:31.538+0000] {dagbag.py:525} INFO - Filling up the DagBag from /home/airflow/.local/lib/python3.7/site-packages/airflow/example_dags/example_bash_operator.py
[2023-06-04T01:09:31.568+0000] {processor.py:768} INFO - DAG(s) dict_keys(['example_bash_operator']) retrieved from /home/airflow/.local/lib/python3.7/site-packages/airflow/example_dags/example_bash_operator.py
[2023-06-04T01:09:31.627+0000] {logging_mixin.py:117} INFO - [2023-06-04T01:09:31.627+0000] {dag.py:2573} INFO - Sync 1 DAGs
[2023-06-04T01:09:31.660+0000] {logging_mixin.py:117} INFO - [2023-06-04T01:09:31.660+0000] {dag.py:3328} INFO - Setting next_dagrun for example_bash_operator to 2023-06-03T00:00:00+00:00, run_after=2023-06-04T00:00:00+00:00
[2023-06-04T01:09:31.682+0000] {processor.py:178} INFO - Processing /home/airflow/.local/lib/python3.7/site-packages/airflow/example_dags/example_bash_operator.py took 0.151 seconds
[2023-06-04T01:10:02.533+0000] {processor.py:156} INFO - Started process (PID=534) to work on /home/airflow/.local/lib/python3.7/site-packages/airflow/example_dags/example_bash_operator.py
[2023-06-04T01:10:02.535+0000] {processor.py:758} INFO - Processing file /home/airflow/.local/lib/python3.7/site-packages/airflow/example_dags/example_bash_operator.py for tasks to queue
[2023-06-04T01:10:02.537+0000] {logging_mixin.py:117} INFO - [2023-06-04T01:10:02.537+0000] {dagbag.py:525} INFO - Filling up the DagBag from /home/airflow/.local/lib/python3.7/site-packages/airflow/example_dags/example_bash_operator.py
[2023-06-04T01:10:02.567+0000] {processor.py:768} INFO - DAG(s) dict_keys(['example_bash_operator']) retrieved from /home/airflow/.local/lib/python3.7/site-packages/airflow/example_dags/example_bash_operator.py
[2023-06-04T01:10:02.668+0000] {logging_mixin.py:117} INFO - [2023-06-04T01:10:02.668+0000] {dag.py:2573} INFO - Sync 1 DAGs
[2023-06-04T01:10:02.697+0000] {logging_mixin.py:117} INFO - [2023-06-04T01:10:02.697+0000] {dag.py:3328} INFO - Setting next_dagrun for example_bash_operator to 2023-06-03T00:00:00+00:00, run_after=2023-06-04T00:00:00+00:00
[2023-06-04T01:10:02.723+0000] {processor.py:178} INFO - Processing /home/airflow/.local/lib/python3.7/site-packages/airflow/example_dags/example_bash_operator.py took 0.194 seconds
[2023-06-04T01:10:32.820+0000] {processor.py:156} INFO - Started process (PID=598) to work on /home/airflow/.local/lib/python3.7/site-packages/airflow/example_dags/example_bash_operator.py
[2023-06-04T01:10:32.822+0000] {processor.py:758} INFO - Processing file /home/airflow/.local/lib/python3.7/site-packages/airflow/example_dags/example_bash_operator.py for tasks to queue
[2023-06-04T01:10:32.823+0000] {logging_mixin.py:117} INFO - [2023-06-04T01:10:32.823+0000] {dagbag.py:525} INFO - Filling up the DagBag from /home/airflow/.local/lib/python3.7/site-packages/airflow/example_dags/example_bash_operator.py
[2023-06-04T01:10:32.849+0000] {processor.py:768} INFO - DAG(s) dict_keys(['example_bash_operator']) retrieved from /home/airflow/.local/lib/python3.7/site-packages/airflow/example_dags/example_bash_operator.py
[2023-06-04T01:10:32.908+0000] {logging_mixin.py:117} INFO - [2023-06-04T01:10:32.907+0000] {dag.py:2573} INFO - Sync 1 DAGs
[2023-06-04T01:10:32.936+0000] {logging_mixin.py:117} INFO - [2023-06-04T01:10:32.936+0000] {dag.py:3328} INFO - Setting next_dagrun for example_bash_operator to 2023-06-03T00:00:00+00:00, run_after=2023-06-04T00:00:00+00:00
[2023-06-04T01:10:32.956+0000] {processor.py:178} INFO - Processing /home/airflow/.local/lib/python3.7/site-packages/airflow/example_dags/example_bash_operator.py took 0.140 seconds
[2023-06-04T01:11:03.857+0000] {processor.py:156} INFO - Started process (PID=662) to work on /home/airflow/.local/lib/python3.7/site-packages/airflow/example_dags/example_bash_operator.py
[2023-06-04T01:11:03.860+0000] {processor.py:758} INFO - Processing file /home/airflow/.local/lib/python3.7/site-packages/airflow/example_dags/example_bash_operator.py for tasks to queue
[2023-06-04T01:11:03.863+0000] {logging_mixin.py:117} INFO - [2023-06-04T01:11:03.862+0000] {dagbag.py:525} INFO - Filling up the DagBag from /home/airflow/.local/lib/python3.7/site-packages/airflow/example_dags/example_bash_operator.py
[2023-06-04T01:11:03.900+0000] {processor.py:768} INFO - DAG(s) dict_keys(['example_bash_operator']) retrieved from /home/airflow/.local/lib/python3.7/site-packages/airflow/example_dags/example_bash_operator.py
[2023-06-04T01:11:03.968+0000] {logging_mixin.py:117} INFO - [2023-06-04T01:11:03.968+0000] {dag.py:2573} INFO - Sync 1 DAGs
[2023-06-04T01:11:04.005+0000] {logging_mixin.py:117} INFO - [2023-06-04T01:11:04.005+0000] {dag.py:3328} INFO - Setting next_dagrun for example_bash_operator to 2023-06-03T00:00:00+00:00, run_after=2023-06-04T00:00:00+00:00
[2023-06-04T01:11:04.030+0000] {processor.py:178} INFO - Processing /home/airflow/.local/lib/python3.7/site-packages/airflow/example_dags/example_bash_operator.py took 0.179 seconds
[2023-06-04T01:11:34.395+0000] {processor.py:156} INFO - Started process (PID=717) to work on /home/airflow/.local/lib/python3.7/site-packages/airflow/example_dags/example_bash_operator.py
[2023-06-04T01:11:34.400+0000] {processor.py:758} INFO - Processing file /home/airflow/.local/lib/python3.7/site-packages/airflow/example_dags/example_bash_operator.py for tasks to queue
[2023-06-04T01:11:34.403+0000] {logging_mixin.py:117} INFO - [2023-06-04T01:11:34.402+0000] {dagbag.py:525} INFO - Filling up the DagBag from /home/airflow/.local/lib/python3.7/site-packages/airflow/example_dags/example_bash_operator.py
[2023-06-04T01:11:34.448+0000] {processor.py:768} INFO - DAG(s) dict_keys(['example_bash_operator']) retrieved from /home/airflow/.local/lib/python3.7/site-packages/airflow/example_dags/example_bash_operator.py
[2023-06-04T01:11:34.565+0000] {logging_mixin.py:117} INFO - [2023-06-04T01:11:34.564+0000] {dag.py:2573} INFO - Sync 1 DAGs
[2023-06-04T01:11:34.626+0000] {logging_mixin.py:117} INFO - [2023-06-04T01:11:34.626+0000] {dag.py:3328} INFO - Setting next_dagrun for example_bash_operator to 2023-06-03T00:00:00+00:00, run_after=2023-06-04T00:00:00+00:00
[2023-06-04T01:11:34.681+0000] {processor.py:178} INFO - Processing /home/airflow/.local/lib/python3.7/site-packages/airflow/example_dags/example_bash_operator.py took 0.295 seconds
[2023-06-04T01:12:04.994+0000] {processor.py:156} INFO - Started process (PID=781) to work on /home/airflow/.local/lib/python3.7/site-packages/airflow/example_dags/example_bash_operator.py
[2023-06-04T01:12:04.996+0000] {processor.py:758} INFO - Processing file /home/airflow/.local/lib/python3.7/site-packages/airflow/example_dags/example_bash_operator.py for tasks to queue
[2023-06-04T01:12:04.998+0000] {logging_mixin.py:117} INFO - [2023-06-04T01:12:04.997+0000] {dagbag.py:525} INFO - Filling up the DagBag from /home/airflow/.local/lib/python3.7/site-packages/airflow/example_dags/example_bash_operator.py
[2023-06-04T01:12:05.026+0000] {processor.py:768} INFO - DAG(s) dict_keys(['example_bash_operator']) retrieved from /home/airflow/.local/lib/python3.7/site-packages/airflow/example_dags/example_bash_operator.py
[2023-06-04T01:12:05.087+0000] {logging_mixin.py:117} INFO - [2023-06-04T01:12:05.086+0000] {dag.py:2573} INFO - Sync 1 DAGs
[2023-06-04T01:12:05.121+0000] {logging_mixin.py:117} INFO - [2023-06-04T01:12:05.121+0000] {dag.py:3328} INFO - Setting next_dagrun for example_bash_operator to 2023-06-03T00:00:00+00:00, run_after=2023-06-04T00:00:00+00:00
[2023-06-04T01:12:05.148+0000] {processor.py:178} INFO - Processing /home/airflow/.local/lib/python3.7/site-packages/airflow/example_dags/example_bash_operator.py took 0.160 seconds
[2023-06-04T01:12:35.566+0000] {processor.py:156} INFO - Started process (PID=845) to work on /home/airflow/.local/lib/python3.7/site-packages/airflow/example_dags/example_bash_operator.py
[2023-06-04T01:12:35.569+0000] {processor.py:758} INFO - Processing file /home/airflow/.local/lib/python3.7/site-packages/airflow/example_dags/example_bash_operator.py for tasks to queue
[2023-06-04T01:12:35.571+0000] {logging_mixin.py:117} INFO - [2023-06-04T01:12:35.571+0000] {dagbag.py:525} INFO - Filling up the DagBag from /home/airflow/.local/lib/python3.7/site-packages/airflow/example_dags/example_bash_operator.py
[2023-06-04T01:12:35.604+0000] {processor.py:768} INFO - DAG(s) dict_keys(['example_bash_operator']) retrieved from /home/airflow/.local/lib/python3.7/site-packages/airflow/example_dags/example_bash_operator.py
[2023-06-04T01:12:35.665+0000] {logging_mixin.py:117} INFO - [2023-06-04T01:12:35.665+0000] {dag.py:2573} INFO - Sync 1 DAGs
[2023-06-04T01:12:35.701+0000] {logging_mixin.py:117} INFO - [2023-06-04T01:12:35.700+0000] {dag.py:3328} INFO - Setting next_dagrun for example_bash_operator to 2023-06-03T00:00:00+00:00, run_after=2023-06-04T00:00:00+00:00
[2023-06-04T01:12:35.727+0000] {processor.py:178} INFO - Processing /home/airflow/.local/lib/python3.7/site-packages/airflow/example_dags/example_bash_operator.py took 0.166 seconds
[2023-06-04T01:13:05.927+0000] {processor.py:156} INFO - Started process (PID=900) to work on /home/airflow/.local/lib/python3.7/site-packages/airflow/example_dags/example_bash_operator.py
[2023-06-04T01:13:05.929+0000] {processor.py:758} INFO - Processing file /home/airflow/.local/lib/python3.7/site-packages/airflow/example_dags/example_bash_operator.py for tasks to queue
[2023-06-04T01:13:05.931+0000] {logging_mixin.py:117} INFO - [2023-06-04T01:13:05.931+0000] {dagbag.py:525} INFO - Filling up the DagBag from /home/airflow/.local/lib/python3.7/site-packages/airflow/example_dags/example_bash_operator.py
[2023-06-04T01:13:05.963+0000] {processor.py:768} INFO - DAG(s) dict_keys(['example_bash_operator']) retrieved from /home/airflow/.local/lib/python3.7/site-packages/airflow/example_dags/example_bash_operator.py
[2023-06-04T01:13:06.020+0000] {logging_mixin.py:117} INFO - [2023-06-04T01:13:06.020+0000] {dag.py:2573} INFO - Sync 1 DAGs
[2023-06-04T01:13:06.053+0000] {logging_mixin.py:117} INFO - [2023-06-04T01:13:06.053+0000] {dag.py:3328} INFO - Setting next_dagrun for example_bash_operator to 2023-06-03T00:00:00+00:00, run_after=2023-06-04T00:00:00+00:00
[2023-06-04T01:13:06.077+0000] {processor.py:178} INFO - Processing /home/airflow/.local/lib/python3.7/site-packages/airflow/example_dags/example_bash_operator.py took 0.156 seconds
[2023-06-04T01:13:36.308+0000] {processor.py:156} INFO - Started process (PID=964) to work on /home/airflow/.local/lib/python3.7/site-packages/airflow/example_dags/example_bash_operator.py
[2023-06-04T01:13:36.310+0000] {processor.py:758} INFO - Processing file /home/airflow/.local/lib/python3.7/site-packages/airflow/example_dags/example_bash_operator.py for tasks to queue
[2023-06-04T01:13:36.312+0000] {logging_mixin.py:117} INFO - [2023-06-04T01:13:36.312+0000] {dagbag.py:525} INFO - Filling up the DagBag from /home/airflow/.local/lib/python3.7/site-packages/airflow/example_dags/example_bash_operator.py
[2023-06-04T01:13:36.345+0000] {processor.py:768} INFO - DAG(s) dict_keys(['example_bash_operator']) retrieved from /home/airflow/.local/lib/python3.7/site-packages/airflow/example_dags/example_bash_operator.py
[2023-06-04T01:13:36.405+0000] {logging_mixin.py:117} INFO - [2023-06-04T01:13:36.405+0000] {dag.py:2573} INFO - Sync 1 DAGs
[2023-06-04T01:13:36.444+0000] {logging_mixin.py:117} INFO - [2023-06-04T01:13:36.444+0000] {dag.py:3328} INFO - Setting next_dagrun for example_bash_operator to 2023-06-03T00:00:00+00:00, run_after=2023-06-04T00:00:00+00:00
[2023-06-04T01:13:36.469+0000] {processor.py:178} INFO - Processing /home/airflow/.local/lib/python3.7/site-packages/airflow/example_dags/example_bash_operator.py took 0.167 seconds
[2023-06-04T01:14:07.324+0000] {processor.py:156} INFO - Started process (PID=1027) to work on /home/airflow/.local/lib/python3.7/site-packages/airflow/example_dags/example_bash_operator.py
[2023-06-04T01:14:07.329+0000] {processor.py:758} INFO - Processing file /home/airflow/.local/lib/python3.7/site-packages/airflow/example_dags/example_bash_operator.py for tasks to queue
[2023-06-04T01:14:07.333+0000] {logging_mixin.py:117} INFO - [2023-06-04T01:14:07.333+0000] {dagbag.py:525} INFO - Filling up the DagBag from /home/airflow/.local/lib/python3.7/site-packages/airflow/example_dags/example_bash_operator.py
[2023-06-04T01:14:07.380+0000] {processor.py:768} INFO - DAG(s) dict_keys(['example_bash_operator']) retrieved from /home/airflow/.local/lib/python3.7/site-packages/airflow/example_dags/example_bash_operator.py
[2023-06-04T01:14:07.482+0000] {logging_mixin.py:117} INFO - [2023-06-04T01:14:07.482+0000] {dag.py:2573} INFO - Sync 1 DAGs
[2023-06-04T01:14:07.533+0000] {logging_mixin.py:117} INFO - [2023-06-04T01:14:07.532+0000] {dag.py:3328} INFO - Setting next_dagrun for example_bash_operator to 2023-06-03T00:00:00+00:00, run_after=2023-06-04T00:00:00+00:00
[2023-06-04T01:14:07.570+0000] {processor.py:178} INFO - Processing /home/airflow/.local/lib/python3.7/site-packages/airflow/example_dags/example_bash_operator.py took 0.252 seconds
[2023-06-04T01:14:37.716+0000] {processor.py:156} INFO - Started process (PID=1082) to work on /home/airflow/.local/lib/python3.7/site-packages/airflow/example_dags/example_bash_operator.py
[2023-06-04T01:14:37.720+0000] {processor.py:758} INFO - Processing file /home/airflow/.local/lib/python3.7/site-packages/airflow/example_dags/example_bash_operator.py for tasks to queue
[2023-06-04T01:14:37.724+0000] {logging_mixin.py:117} INFO - [2023-06-04T01:14:37.724+0000] {dagbag.py:525} INFO - Filling up the DagBag from /home/airflow/.local/lib/python3.7/site-packages/airflow/example_dags/example_bash_operator.py
[2023-06-04T01:14:37.764+0000] {processor.py:768} INFO - DAG(s) dict_keys(['example_bash_operator']) retrieved from /home/airflow/.local/lib/python3.7/site-packages/airflow/example_dags/example_bash_operator.py
[2023-06-04T01:14:37.894+0000] {logging_mixin.py:117} INFO - [2023-06-04T01:14:37.894+0000] {dag.py:2573} INFO - Sync 1 DAGs
[2023-06-04T01:14:37.919+0000] {logging_mixin.py:117} INFO - [2023-06-04T01:14:37.919+0000] {dag.py:2594} INFO - Creating ORM DAG for example_bash_operator
[2023-06-04T01:14:37.943+0000] {logging_mixin.py:117} INFO - [2023-06-04T01:14:37.943+0000] {dag.py:3328} INFO - Setting next_dagrun for example_bash_operator to 2023-06-03T00:00:00+00:00, run_after=2023-06-04T00:00:00+00:00
[2023-06-04T01:14:37.978+0000] {processor.py:178} INFO - Processing /home/airflow/.local/lib/python3.7/site-packages/airflow/example_dags/example_bash_operator.py took 0.272 seconds
[2023-06-04T01:15:08.150+0000] {processor.py:156} INFO - Started process (PID=1145) to work on /home/airflow/.local/lib/python3.7/site-packages/airflow/example_dags/example_bash_operator.py
[2023-06-04T01:15:08.156+0000] {processor.py:758} INFO - Processing file /home/airflow/.local/lib/python3.7/site-packages/airflow/example_dags/example_bash_operator.py for tasks to queue
[2023-06-04T01:15:08.159+0000] {logging_mixin.py:117} INFO - [2023-06-04T01:15:08.159+0000] {dagbag.py:525} INFO - Filling up the DagBag from /home/airflow/.local/lib/python3.7/site-packages/airflow/example_dags/example_bash_operator.py
[2023-06-04T01:15:08.221+0000] {processor.py:768} INFO - DAG(s) dict_keys(['example_bash_operator']) retrieved from /home/airflow/.local/lib/python3.7/site-packages/airflow/example_dags/example_bash_operator.py
[2023-06-04T01:15:08.477+0000] {logging_mixin.py:117} INFO - [2023-06-04T01:15:08.477+0000] {dag.py:2573} INFO - Sync 1 DAGs
[2023-06-04T01:15:08.515+0000] {logging_mixin.py:117} INFO - [2023-06-04T01:15:08.514+0000] {dag.py:2594} INFO - Creating ORM DAG for example_bash_operator
[2023-06-04T01:15:08.553+0000] {logging_mixin.py:117} INFO - [2023-06-04T01:15:08.552+0000] {dag.py:3328} INFO - Setting next_dagrun for example_bash_operator to 2023-06-03T00:00:00+00:00, run_after=2023-06-04T00:00:00+00:00
[2023-06-04T01:15:08.593+0000] {processor.py:178} INFO - Processing /home/airflow/.local/lib/python3.7/site-packages/airflow/example_dags/example_bash_operator.py took 0.454 seconds
[2023-06-04T01:15:39.192+0000] {processor.py:156} INFO - Started process (PID=1209) to work on /home/airflow/.local/lib/python3.7/site-packages/airflow/example_dags/example_bash_operator.py
[2023-06-04T01:15:39.195+0000] {processor.py:758} INFO - Processing file /home/airflow/.local/lib/python3.7/site-packages/airflow/example_dags/example_bash_operator.py for tasks to queue
[2023-06-04T01:15:39.197+0000] {logging_mixin.py:117} INFO - [2023-06-04T01:15:39.196+0000] {dagbag.py:525} INFO - Filling up the DagBag from /home/airflow/.local/lib/python3.7/site-packages/airflow/example_dags/example_bash_operator.py
[2023-06-04T01:15:39.231+0000] {processor.py:768} INFO - DAG(s) dict_keys(['example_bash_operator']) retrieved from /home/airflow/.local/lib/python3.7/site-packages/airflow/example_dags/example_bash_operator.py
[2023-06-04T01:15:39.345+0000] {logging_mixin.py:117} INFO - [2023-06-04T01:15:39.345+0000] {dag.py:2573} INFO - Sync 1 DAGs
[2023-06-04T01:15:39.365+0000] {logging_mixin.py:117} INFO - [2023-06-04T01:15:39.365+0000] {dag.py:2594} INFO - Creating ORM DAG for example_bash_operator
[2023-06-04T01:15:39.385+0000] {logging_mixin.py:117} INFO - [2023-06-04T01:15:39.385+0000] {dag.py:3328} INFO - Setting next_dagrun for example_bash_operator to 2023-06-03T00:00:00+00:00, run_after=2023-06-04T00:00:00+00:00
[2023-06-04T01:15:39.412+0000] {processor.py:178} INFO - Processing /home/airflow/.local/lib/python3.7/site-packages/airflow/example_dags/example_bash_operator.py took 0.225 seconds
[2023-06-04T01:16:09.458+0000] {processor.py:156} INFO - Started process (PID=1264) to work on /home/airflow/.local/lib/python3.7/site-packages/airflow/example_dags/example_bash_operator.py
[2023-06-04T01:16:09.460+0000] {processor.py:758} INFO - Processing file /home/airflow/.local/lib/python3.7/site-packages/airflow/example_dags/example_bash_operator.py for tasks to queue
[2023-06-04T01:16:09.463+0000] {logging_mixin.py:117} INFO - [2023-06-04T01:16:09.462+0000] {dagbag.py:525} INFO - Filling up the DagBag from /home/airflow/.local/lib/python3.7/site-packages/airflow/example_dags/example_bash_operator.py
[2023-06-04T01:16:09.505+0000] {processor.py:768} INFO - DAG(s) dict_keys(['example_bash_operator']) retrieved from /home/airflow/.local/lib/python3.7/site-packages/airflow/example_dags/example_bash_operator.py
[2023-06-04T01:16:09.639+0000] {logging_mixin.py:117} INFO - [2023-06-04T01:16:09.638+0000] {dag.py:2573} INFO - Sync 1 DAGs
[2023-06-04T01:16:09.662+0000] {logging_mixin.py:117} INFO - [2023-06-04T01:16:09.662+0000] {dag.py:2594} INFO - Creating ORM DAG for example_bash_operator
[2023-06-04T01:16:09.687+0000] {logging_mixin.py:117} INFO - [2023-06-04T01:16:09.686+0000] {dag.py:3328} INFO - Setting next_dagrun for example_bash_operator to 2023-06-03T00:00:00+00:00, run_after=2023-06-04T00:00:00+00:00
[2023-06-04T01:16:09.719+0000] {processor.py:178} INFO - Processing /home/airflow/.local/lib/python3.7/site-packages/airflow/example_dags/example_bash_operator.py took 0.268 seconds
[2023-06-04T01:16:40.233+0000] {processor.py:156} INFO - Started process (PID=1328) to work on /home/airflow/.local/lib/python3.7/site-packages/airflow/example_dags/example_bash_operator.py
[2023-06-04T01:16:40.235+0000] {processor.py:758} INFO - Processing file /home/airflow/.local/lib/python3.7/site-packages/airflow/example_dags/example_bash_operator.py for tasks to queue
[2023-06-04T01:16:40.237+0000] {logging_mixin.py:117} INFO - [2023-06-04T01:16:40.237+0000] {dagbag.py:525} INFO - Filling up the DagBag from /home/airflow/.local/lib/python3.7/site-packages/airflow/example_dags/example_bash_operator.py
[2023-06-04T01:16:40.269+0000] {processor.py:768} INFO - DAG(s) dict_keys(['example_bash_operator']) retrieved from /home/airflow/.local/lib/python3.7/site-packages/airflow/example_dags/example_bash_operator.py
[2023-06-04T01:16:40.383+0000] {logging_mixin.py:117} INFO - [2023-06-04T01:16:40.382+0000] {dag.py:2573} INFO - Sync 1 DAGs
[2023-06-04T01:16:40.403+0000] {logging_mixin.py:117} INFO - [2023-06-04T01:16:40.403+0000] {dag.py:2594} INFO - Creating ORM DAG for example_bash_operator
[2023-06-04T01:16:40.423+0000] {logging_mixin.py:117} INFO - [2023-06-04T01:16:40.423+0000] {dag.py:3328} INFO - Setting next_dagrun for example_bash_operator to 2023-06-03T00:00:00+00:00, run_after=2023-06-04T00:00:00+00:00
[2023-06-04T01:16:40.451+0000] {processor.py:178} INFO - Processing /home/airflow/.local/lib/python3.7/site-packages/airflow/example_dags/example_bash_operator.py took 0.224 seconds
[2023-06-04T01:17:11.000+0000] {processor.py:156} INFO - Started process (PID=1384) to work on /home/airflow/.local/lib/python3.7/site-packages/airflow/example_dags/example_bash_operator.py
[2023-06-04T01:17:11.002+0000] {processor.py:758} INFO - Processing file /home/airflow/.local/lib/python3.7/site-packages/airflow/example_dags/example_bash_operator.py for tasks to queue
[2023-06-04T01:17:11.003+0000] {logging_mixin.py:117} INFO - [2023-06-04T01:17:11.003+0000] {dagbag.py:525} INFO - Filling up the DagBag from /home/airflow/.local/lib/python3.7/site-packages/airflow/example_dags/example_bash_operator.py
[2023-06-04T01:17:11.030+0000] {processor.py:768} INFO - DAG(s) dict_keys(['example_bash_operator']) retrieved from /home/airflow/.local/lib/python3.7/site-packages/airflow/example_dags/example_bash_operator.py
[2023-06-04T01:17:11.091+0000] {logging_mixin.py:117} INFO - [2023-06-04T01:17:11.091+0000] {dag.py:2573} INFO - Sync 1 DAGs
[2023-06-04T01:17:11.128+0000] {logging_mixin.py:117} INFO - [2023-06-04T01:17:11.128+0000] {dag.py:3328} INFO - Setting next_dagrun for example_bash_operator to 2023-06-03T00:00:00+00:00, run_after=2023-06-04T00:00:00+00:00
[2023-06-04T01:17:11.158+0000] {processor.py:178} INFO - Processing /home/airflow/.local/lib/python3.7/site-packages/airflow/example_dags/example_bash_operator.py took 0.161 seconds
[2023-06-04T01:17:41.335+0000] {processor.py:156} INFO - Started process (PID=1447) to work on /home/airflow/.local/lib/python3.7/site-packages/airflow/example_dags/example_bash_operator.py
[2023-06-04T01:17:41.338+0000] {processor.py:758} INFO - Processing file /home/airflow/.local/lib/python3.7/site-packages/airflow/example_dags/example_bash_operator.py for tasks to queue
[2023-06-04T01:17:41.340+0000] {logging_mixin.py:117} INFO - [2023-06-04T01:17:41.339+0000] {dagbag.py:525} INFO - Filling up the DagBag from /home/airflow/.local/lib/python3.7/site-packages/airflow/example_dags/example_bash_operator.py
[2023-06-04T01:17:41.373+0000] {processor.py:768} INFO - DAG(s) dict_keys(['example_bash_operator']) retrieved from /home/airflow/.local/lib/python3.7/site-packages/airflow/example_dags/example_bash_operator.py
[2023-06-04T01:17:41.433+0000] {logging_mixin.py:117} INFO - [2023-06-04T01:17:41.433+0000] {dag.py:2573} INFO - Sync 1 DAGs
[2023-06-04T01:17:41.468+0000] {logging_mixin.py:117} INFO - [2023-06-04T01:17:41.468+0000] {dag.py:3328} INFO - Setting next_dagrun for example_bash_operator to 2023-06-03T00:00:00+00:00, run_after=2023-06-04T00:00:00+00:00
[2023-06-04T01:17:41.494+0000] {processor.py:178} INFO - Processing /home/airflow/.local/lib/python3.7/site-packages/airflow/example_dags/example_bash_operator.py took 0.164 seconds
[2023-06-04T01:18:11.581+0000] {processor.py:156} INFO - Started process (PID=1511) to work on /home/airflow/.local/lib/python3.7/site-packages/airflow/example_dags/example_bash_operator.py
[2023-06-04T01:18:11.583+0000] {processor.py:758} INFO - Processing file /home/airflow/.local/lib/python3.7/site-packages/airflow/example_dags/example_bash_operator.py for tasks to queue
[2023-06-04T01:18:11.585+0000] {logging_mixin.py:117} INFO - [2023-06-04T01:18:11.585+0000] {dagbag.py:525} INFO - Filling up the DagBag from /home/airflow/.local/lib/python3.7/site-packages/airflow/example_dags/example_bash_operator.py
[2023-06-04T01:18:11.619+0000] {processor.py:768} INFO - DAG(s) dict_keys(['example_bash_operator']) retrieved from /home/airflow/.local/lib/python3.7/site-packages/airflow/example_dags/example_bash_operator.py
[2023-06-04T01:18:11.680+0000] {logging_mixin.py:117} INFO - [2023-06-04T01:18:11.680+0000] {dag.py:2573} INFO - Sync 1 DAGs
[2023-06-04T01:18:11.714+0000] {logging_mixin.py:117} INFO - [2023-06-04T01:18:11.714+0000] {dag.py:3328} INFO - Setting next_dagrun for example_bash_operator to 2023-06-03T00:00:00+00:00, run_after=2023-06-04T00:00:00+00:00
[2023-06-04T01:18:11.739+0000] {processor.py:178} INFO - Processing /home/airflow/.local/lib/python3.7/site-packages/airflow/example_dags/example_bash_operator.py took 0.163 seconds
[2023-06-04T01:18:41.962+0000] {processor.py:156} INFO - Started process (PID=1566) to work on /home/airflow/.local/lib/python3.7/site-packages/airflow/example_dags/example_bash_operator.py
[2023-06-04T01:18:41.965+0000] {processor.py:758} INFO - Processing file /home/airflow/.local/lib/python3.7/site-packages/airflow/example_dags/example_bash_operator.py for tasks to queue
[2023-06-04T01:18:41.967+0000] {logging_mixin.py:117} INFO - [2023-06-04T01:18:41.966+0000] {dagbag.py:525} INFO - Filling up the DagBag from /home/airflow/.local/lib/python3.7/site-packages/airflow/example_dags/example_bash_operator.py
[2023-06-04T01:18:41.999+0000] {processor.py:768} INFO - DAG(s) dict_keys(['example_bash_operator']) retrieved from /home/airflow/.local/lib/python3.7/site-packages/airflow/example_dags/example_bash_operator.py
[2023-06-04T01:18:42.060+0000] {logging_mixin.py:117} INFO - [2023-06-04T01:18:42.060+0000] {dag.py:2573} INFO - Sync 1 DAGs
[2023-06-04T01:18:42.094+0000] {logging_mixin.py:117} INFO - [2023-06-04T01:18:42.094+0000] {dag.py:3328} INFO - Setting next_dagrun for example_bash_operator to 2023-06-03T00:00:00+00:00, run_after=2023-06-04T00:00:00+00:00
[2023-06-04T01:18:42.118+0000] {processor.py:178} INFO - Processing /home/airflow/.local/lib/python3.7/site-packages/airflow/example_dags/example_bash_operator.py took 0.161 seconds
[2023-06-04T01:19:12.212+0000] {processor.py:156} INFO - Started process (PID=1629) to work on /home/airflow/.local/lib/python3.7/site-packages/airflow/example_dags/example_bash_operator.py
[2023-06-04T01:19:12.215+0000] {processor.py:758} INFO - Processing file /home/airflow/.local/lib/python3.7/site-packages/airflow/example_dags/example_bash_operator.py for tasks to queue
[2023-06-04T01:19:12.217+0000] {logging_mixin.py:117} INFO - [2023-06-04T01:19:12.217+0000] {dagbag.py:525} INFO - Filling up the DagBag from /home/airflow/.local/lib/python3.7/site-packages/airflow/example_dags/example_bash_operator.py
[2023-06-04T01:19:12.251+0000] {processor.py:768} INFO - DAG(s) dict_keys(['example_bash_operator']) retrieved from /home/airflow/.local/lib/python3.7/site-packages/airflow/example_dags/example_bash_operator.py
[2023-06-04T01:19:12.312+0000] {logging_mixin.py:117} INFO - [2023-06-04T01:19:12.312+0000] {dag.py:2573} INFO - Sync 1 DAGs
[2023-06-04T01:19:12.347+0000] {logging_mixin.py:117} INFO - [2023-06-04T01:19:12.347+0000] {dag.py:3328} INFO - Setting next_dagrun for example_bash_operator to 2023-06-03T00:00:00+00:00, run_after=2023-06-04T00:00:00+00:00
[2023-06-04T01:19:12.373+0000] {processor.py:178} INFO - Processing /home/airflow/.local/lib/python3.7/site-packages/airflow/example_dags/example_bash_operator.py took 0.166 seconds
[2023-06-04T01:20:35.760+0000] {processor.py:157} INFO - Started process (PID=42) to work on /home/airflow/.local/lib/python3.7/site-packages/airflow/example_dags/example_bash_operator.py
[2023-06-04T01:20:35.766+0000] {processor.py:826} INFO - Processing file /home/airflow/.local/lib/python3.7/site-packages/airflow/example_dags/example_bash_operator.py for tasks to queue
[2023-06-04T01:20:35.771+0000] {logging_mixin.py:149} INFO - [2023-06-04T01:20:35.771+0000] {dagbag.py:541} INFO - Filling up the DagBag from /home/airflow/.local/lib/python3.7/site-packages/airflow/example_dags/example_bash_operator.py
[2023-06-04T01:20:35.926+0000] {processor.py:836} INFO - DAG(s) dict_keys(['example_bash_operator']) retrieved from /home/airflow/.local/lib/python3.7/site-packages/airflow/example_dags/example_bash_operator.py
[2023-06-04T01:20:36.105+0000] {logging_mixin.py:149} INFO - [2023-06-04T01:20:36.104+0000] {dag.py:2726} INFO - Sync 1 DAGs
[2023-06-04T01:20:36.452+0000] {logging_mixin.py:149} INFO - [2023-06-04T01:20:36.452+0000] {dag.py:3490} INFO - Setting next_dagrun for example_bash_operator to 2023-06-03T00:00:00+00:00, run_after=2023-06-04T00:00:00+00:00
[2023-06-04T01:20:36.533+0000] {processor.py:179} INFO - Processing /home/airflow/.local/lib/python3.7/site-packages/airflow/example_dags/example_bash_operator.py took 0.799 seconds
[2023-06-04T01:21:06.619+0000] {processor.py:157} INFO - Started process (PID=111) to work on /home/airflow/.local/lib/python3.7/site-packages/airflow/example_dags/example_bash_operator.py
[2023-06-04T01:21:06.621+0000] {processor.py:826} INFO - Processing file /home/airflow/.local/lib/python3.7/site-packages/airflow/example_dags/example_bash_operator.py for tasks to queue
[2023-06-04T01:21:06.624+0000] {logging_mixin.py:149} INFO - [2023-06-04T01:21:06.623+0000] {dagbag.py:541} INFO - Filling up the DagBag from /home/airflow/.local/lib/python3.7/site-packages/airflow/example_dags/example_bash_operator.py
[2023-06-04T01:21:06.647+0000] {processor.py:836} INFO - DAG(s) dict_keys(['example_bash_operator']) retrieved from /home/airflow/.local/lib/python3.7/site-packages/airflow/example_dags/example_bash_operator.py
[2023-06-04T01:21:06.697+0000] {logging_mixin.py:149} INFO - [2023-06-04T01:21:06.697+0000] {dag.py:2726} INFO - Sync 1 DAGs
[2023-06-04T01:21:06.727+0000] {logging_mixin.py:149} INFO - [2023-06-04T01:21:06.727+0000] {dag.py:3490} INFO - Setting next_dagrun for example_bash_operator to 2023-06-03T00:00:00+00:00, run_after=2023-06-04T00:00:00+00:00
[2023-06-04T01:21:06.749+0000] {processor.py:179} INFO - Processing /home/airflow/.local/lib/python3.7/site-packages/airflow/example_dags/example_bash_operator.py took 0.135 seconds
[2023-06-04T01:21:36.899+0000] {processor.py:157} INFO - Started process (PID=181) to work on /home/airflow/.local/lib/python3.7/site-packages/airflow/example_dags/example_bash_operator.py
[2023-06-04T01:21:36.902+0000] {processor.py:826} INFO - Processing file /home/airflow/.local/lib/python3.7/site-packages/airflow/example_dags/example_bash_operator.py for tasks to queue
[2023-06-04T01:21:36.906+0000] {logging_mixin.py:149} INFO - [2023-06-04T01:21:36.905+0000] {dagbag.py:541} INFO - Filling up the DagBag from /home/airflow/.local/lib/python3.7/site-packages/airflow/example_dags/example_bash_operator.py
[2023-06-04T01:21:36.935+0000] {processor.py:836} INFO - DAG(s) dict_keys(['example_bash_operator']) retrieved from /home/airflow/.local/lib/python3.7/site-packages/airflow/example_dags/example_bash_operator.py
[2023-06-04T01:21:37.027+0000] {logging_mixin.py:149} INFO - [2023-06-04T01:21:37.027+0000] {dag.py:2726} INFO - Sync 1 DAGs
[2023-06-04T01:21:37.100+0000] {logging_mixin.py:149} INFO - [2023-06-04T01:21:37.100+0000] {dag.py:3490} INFO - Setting next_dagrun for example_bash_operator to 2023-06-03T00:00:00+00:00, run_after=2023-06-04T00:00:00+00:00
[2023-06-04T01:21:37.143+0000] {processor.py:179} INFO - Processing /home/airflow/.local/lib/python3.7/site-packages/airflow/example_dags/example_bash_operator.py took 0.254 seconds
[2023-06-04T01:22:07.357+0000] {processor.py:157} INFO - Started process (PID=260) to work on /home/airflow/.local/lib/python3.7/site-packages/airflow/example_dags/example_bash_operator.py
[2023-06-04T01:22:07.362+0000] {processor.py:826} INFO - Processing file /home/airflow/.local/lib/python3.7/site-packages/airflow/example_dags/example_bash_operator.py for tasks to queue
[2023-06-04T01:22:07.365+0000] {logging_mixin.py:149} INFO - [2023-06-04T01:22:07.365+0000] {dagbag.py:541} INFO - Filling up the DagBag from /home/airflow/.local/lib/python3.7/site-packages/airflow/example_dags/example_bash_operator.py
[2023-06-04T01:22:07.394+0000] {processor.py:836} INFO - DAG(s) dict_keys(['example_bash_operator']) retrieved from /home/airflow/.local/lib/python3.7/site-packages/airflow/example_dags/example_bash_operator.py
[2023-06-04T01:22:07.485+0000] {logging_mixin.py:149} INFO - [2023-06-04T01:22:07.485+0000] {dag.py:2726} INFO - Sync 1 DAGs
[2023-06-04T01:22:07.554+0000] {logging_mixin.py:149} INFO - [2023-06-04T01:22:07.554+0000] {dag.py:3490} INFO - Setting next_dagrun for example_bash_operator to 2023-06-03T00:00:00+00:00, run_after=2023-06-04T00:00:00+00:00
[2023-06-04T01:22:07.608+0000] {processor.py:179} INFO - Processing /home/airflow/.local/lib/python3.7/site-packages/airflow/example_dags/example_bash_operator.py took 0.261 seconds
[2023-06-04T01:22:38.336+0000] {processor.py:157} INFO - Started process (PID=331) to work on /home/airflow/.local/lib/python3.7/site-packages/airflow/example_dags/example_bash_operator.py
[2023-06-04T01:22:38.338+0000] {processor.py:826} INFO - Processing file /home/airflow/.local/lib/python3.7/site-packages/airflow/example_dags/example_bash_operator.py for tasks to queue
[2023-06-04T01:22:38.340+0000] {logging_mixin.py:149} INFO - [2023-06-04T01:22:38.340+0000] {dagbag.py:541} INFO - Filling up the DagBag from /home/airflow/.local/lib/python3.7/site-packages/airflow/example_dags/example_bash_operator.py
[2023-06-04T01:22:38.365+0000] {processor.py:836} INFO - DAG(s) dict_keys(['example_bash_operator']) retrieved from /home/airflow/.local/lib/python3.7/site-packages/airflow/example_dags/example_bash_operator.py
[2023-06-04T01:22:38.469+0000] {logging_mixin.py:149} INFO - [2023-06-04T01:22:38.469+0000] {dag.py:2726} INFO - Sync 1 DAGs
[2023-06-04T01:22:38.488+0000] {logging_mixin.py:149} INFO - [2023-06-04T01:22:38.488+0000] {dag.py:2747} INFO - Creating ORM DAG for example_bash_operator
[2023-06-04T01:22:38.506+0000] {logging_mixin.py:149} INFO - [2023-06-04T01:22:38.506+0000] {dag.py:3490} INFO - Setting next_dagrun for example_bash_operator to 2023-06-03T00:00:00+00:00, run_after=2023-06-04T00:00:00+00:00
[2023-06-04T01:22:38.531+0000] {processor.py:179} INFO - Processing /home/airflow/.local/lib/python3.7/site-packages/airflow/example_dags/example_bash_operator.py took 0.201 seconds
[2023-06-04T01:23:09.076+0000] {processor.py:157} INFO - Started process (PID=401) to work on /home/airflow/.local/lib/python3.7/site-packages/airflow/example_dags/example_bash_operator.py
[2023-06-04T01:23:09.079+0000] {processor.py:826} INFO - Processing file /home/airflow/.local/lib/python3.7/site-packages/airflow/example_dags/example_bash_operator.py for tasks to queue
[2023-06-04T01:23:09.082+0000] {logging_mixin.py:149} INFO - [2023-06-04T01:23:09.082+0000] {dagbag.py:541} INFO - Filling up the DagBag from /home/airflow/.local/lib/python3.7/site-packages/airflow/example_dags/example_bash_operator.py
[2023-06-04T01:23:09.112+0000] {processor.py:836} INFO - DAG(s) dict_keys(['example_bash_operator']) retrieved from /home/airflow/.local/lib/python3.7/site-packages/airflow/example_dags/example_bash_operator.py
[2023-06-04T01:23:09.199+0000] {logging_mixin.py:149} INFO - [2023-06-04T01:23:09.199+0000] {dag.py:2726} INFO - Sync 1 DAGs
[2023-06-04T01:23:09.300+0000] {logging_mixin.py:149} INFO - [2023-06-04T01:23:09.299+0000] {dag.py:3490} INFO - Setting next_dagrun for example_bash_operator to 2023-06-03T00:00:00+00:00, run_after=2023-06-04T00:00:00+00:00
[2023-06-04T01:23:09.357+0000] {processor.py:179} INFO - Processing /home/airflow/.local/lib/python3.7/site-packages/airflow/example_dags/example_bash_operator.py took 0.295 seconds
[2023-06-04T01:23:39.694+0000] {processor.py:157} INFO - Started process (PID=480) to work on /home/airflow/.local/lib/python3.7/site-packages/airflow/example_dags/example_bash_operator.py
[2023-06-04T01:23:39.699+0000] {processor.py:826} INFO - Processing file /home/airflow/.local/lib/python3.7/site-packages/airflow/example_dags/example_bash_operator.py for tasks to queue
[2023-06-04T01:23:39.701+0000] {logging_mixin.py:149} INFO - [2023-06-04T01:23:39.701+0000] {dagbag.py:541} INFO - Filling up the DagBag from /home/airflow/.local/lib/python3.7/site-packages/airflow/example_dags/example_bash_operator.py
[2023-06-04T01:23:39.724+0000] {processor.py:836} INFO - DAG(s) dict_keys(['example_bash_operator']) retrieved from /home/airflow/.local/lib/python3.7/site-packages/airflow/example_dags/example_bash_operator.py
[2023-06-04T01:23:39.778+0000] {logging_mixin.py:149} INFO - [2023-06-04T01:23:39.778+0000] {dag.py:2726} INFO - Sync 1 DAGs
[2023-06-04T01:23:39.813+0000] {logging_mixin.py:149} INFO - [2023-06-04T01:23:39.813+0000] {dag.py:3490} INFO - Setting next_dagrun for example_bash_operator to 2023-06-03T00:00:00+00:00, run_after=2023-06-04T00:00:00+00:00
[2023-06-04T01:23:39.842+0000] {processor.py:179} INFO - Processing /home/airflow/.local/lib/python3.7/site-packages/airflow/example_dags/example_bash_operator.py took 0.153 seconds
[2023-06-04T01:24:10.157+0000] {processor.py:157} INFO - Started process (PID=550) to work on /home/airflow/.local/lib/python3.7/site-packages/airflow/example_dags/example_bash_operator.py
[2023-06-04T01:24:10.159+0000] {processor.py:826} INFO - Processing file /home/airflow/.local/lib/python3.7/site-packages/airflow/example_dags/example_bash_operator.py for tasks to queue
[2023-06-04T01:24:10.162+0000] {logging_mixin.py:149} INFO - [2023-06-04T01:24:10.161+0000] {dagbag.py:541} INFO - Filling up the DagBag from /home/airflow/.local/lib/python3.7/site-packages/airflow/example_dags/example_bash_operator.py
[2023-06-04T01:24:10.184+0000] {processor.py:836} INFO - DAG(s) dict_keys(['example_bash_operator']) retrieved from /home/airflow/.local/lib/python3.7/site-packages/airflow/example_dags/example_bash_operator.py
[2023-06-04T01:24:10.233+0000] {logging_mixin.py:149} INFO - [2023-06-04T01:24:10.233+0000] {dag.py:2726} INFO - Sync 1 DAGs
[2023-06-04T01:24:10.265+0000] {logging_mixin.py:149} INFO - [2023-06-04T01:24:10.265+0000] {dag.py:3490} INFO - Setting next_dagrun for example_bash_operator to 2023-06-03T00:00:00+00:00, run_after=2023-06-04T00:00:00+00:00
[2023-06-04T01:24:10.293+0000] {processor.py:179} INFO - Processing /home/airflow/.local/lib/python3.7/site-packages/airflow/example_dags/example_bash_operator.py took 0.141 seconds
[2023-06-04T01:24:40.565+0000] {processor.py:157} INFO - Started process (PID=629) to work on /home/airflow/.local/lib/python3.7/site-packages/airflow/example_dags/example_bash_operator.py
[2023-06-04T01:24:40.568+0000] {processor.py:826} INFO - Processing file /home/airflow/.local/lib/python3.7/site-packages/airflow/example_dags/example_bash_operator.py for tasks to queue
[2023-06-04T01:24:40.570+0000] {logging_mixin.py:149} INFO - [2023-06-04T01:24:40.570+0000] {dagbag.py:541} INFO - Filling up the DagBag from /home/airflow/.local/lib/python3.7/site-packages/airflow/example_dags/example_bash_operator.py
[2023-06-04T01:24:40.597+0000] {processor.py:836} INFO - DAG(s) dict_keys(['example_bash_operator']) retrieved from /home/airflow/.local/lib/python3.7/site-packages/airflow/example_dags/example_bash_operator.py
[2023-06-04T01:24:40.663+0000] {logging_mixin.py:149} INFO - [2023-06-04T01:24:40.663+0000] {dag.py:2726} INFO - Sync 1 DAGs
[2023-06-04T01:24:40.709+0000] {logging_mixin.py:149} INFO - [2023-06-04T01:24:40.708+0000] {dag.py:3490} INFO - Setting next_dagrun for example_bash_operator to 2023-06-03T00:00:00+00:00, run_after=2023-06-04T00:00:00+00:00
[2023-06-04T01:24:40.746+0000] {processor.py:179} INFO - Processing /home/airflow/.local/lib/python3.7/site-packages/airflow/example_dags/example_bash_operator.py took 0.187 seconds
[2023-06-04T01:25:10.945+0000] {processor.py:157} INFO - Started process (PID=699) to work on /home/airflow/.local/lib/python3.7/site-packages/airflow/example_dags/example_bash_operator.py
[2023-06-04T01:25:10.947+0000] {processor.py:826} INFO - Processing file /home/airflow/.local/lib/python3.7/site-packages/airflow/example_dags/example_bash_operator.py for tasks to queue
[2023-06-04T01:25:10.949+0000] {logging_mixin.py:149} INFO - [2023-06-04T01:25:10.949+0000] {dagbag.py:541} INFO - Filling up the DagBag from /home/airflow/.local/lib/python3.7/site-packages/airflow/example_dags/example_bash_operator.py
[2023-06-04T01:25:10.971+0000] {processor.py:836} INFO - DAG(s) dict_keys(['example_bash_operator']) retrieved from /home/airflow/.local/lib/python3.7/site-packages/airflow/example_dags/example_bash_operator.py
[2023-06-04T01:25:11.021+0000] {logging_mixin.py:149} INFO - [2023-06-04T01:25:11.021+0000] {dag.py:2726} INFO - Sync 1 DAGs
[2023-06-04T01:25:11.055+0000] {logging_mixin.py:149} INFO - [2023-06-04T01:25:11.055+0000] {dag.py:3490} INFO - Setting next_dagrun for example_bash_operator to 2023-06-03T00:00:00+00:00, run_after=2023-06-04T00:00:00+00:00
[2023-06-04T01:25:11.079+0000] {processor.py:179} INFO - Processing /home/airflow/.local/lib/python3.7/site-packages/airflow/example_dags/example_bash_operator.py took 0.140 seconds
[2023-06-04T01:25:41.349+0000] {processor.py:157} INFO - Started process (PID=769) to work on /home/airflow/.local/lib/python3.7/site-packages/airflow/example_dags/example_bash_operator.py
[2023-06-04T01:25:41.352+0000] {processor.py:826} INFO - Processing file /home/airflow/.local/lib/python3.7/site-packages/airflow/example_dags/example_bash_operator.py for tasks to queue
[2023-06-04T01:25:41.354+0000] {logging_mixin.py:149} INFO - [2023-06-04T01:25:41.354+0000] {dagbag.py:541} INFO - Filling up the DagBag from /home/airflow/.local/lib/python3.7/site-packages/airflow/example_dags/example_bash_operator.py
[2023-06-04T01:25:41.376+0000] {processor.py:836} INFO - DAG(s) dict_keys(['example_bash_operator']) retrieved from /home/airflow/.local/lib/python3.7/site-packages/airflow/example_dags/example_bash_operator.py
[2023-06-04T01:25:41.426+0000] {logging_mixin.py:149} INFO - [2023-06-04T01:25:41.426+0000] {dag.py:2726} INFO - Sync 1 DAGs
[2023-06-04T01:25:41.457+0000] {logging_mixin.py:149} INFO - [2023-06-04T01:25:41.456+0000] {dag.py:3490} INFO - Setting next_dagrun for example_bash_operator to 2023-06-03T00:00:00+00:00, run_after=2023-06-04T00:00:00+00:00
[2023-06-04T01:25:41.481+0000] {processor.py:179} INFO - Processing /home/airflow/.local/lib/python3.7/site-packages/airflow/example_dags/example_bash_operator.py took 0.138 seconds
