[2023-06-04T00:36:58.467+0000] {processor.py:156} INFO - Started process (PID=74) to work on /home/airflow/.local/lib/python3.7/site-packages/airflow/example_dags/example_branch_python_dop_operator_3.py
[2023-06-04T00:36:58.469+0000] {processor.py:758} INFO - Processing file /home/airflow/.local/lib/python3.7/site-packages/airflow/example_dags/example_branch_python_dop_operator_3.py for tasks to queue
[2023-06-04T00:36:58.472+0000] {logging_mixin.py:117} INFO - [2023-06-04T00:36:58.471+0000] {dagbag.py:525} INFO - Filling up the DagBag from /home/airflow/.local/lib/python3.7/site-packages/airflow/example_dags/example_branch_python_dop_operator_3.py
[2023-06-04T00:36:58.520+0000] {processor.py:768} INFO - DAG(s) dict_keys(['example_branch_dop_operator_v3']) retrieved from /home/airflow/.local/lib/python3.7/site-packages/airflow/example_dags/example_branch_python_dop_operator_3.py
[2023-06-04T00:36:58.706+0000] {logging_mixin.py:117} INFO - [2023-06-04T00:36:58.705+0000] {manager.py:507} INFO - Created Permission View: can delete on DAG:example_branch_dop_operator_v3
[2023-06-04T00:36:58.720+0000] {logging_mixin.py:117} INFO - [2023-06-04T00:36:58.719+0000] {manager.py:507} INFO - Created Permission View: can read on DAG:example_branch_dop_operator_v3
[2023-06-04T00:36:58.729+0000] {logging_mixin.py:117} INFO - [2023-06-04T00:36:58.729+0000] {manager.py:507} INFO - Created Permission View: can edit on DAG:example_branch_dop_operator_v3
[2023-06-04T00:36:58.731+0000] {logging_mixin.py:117} INFO - [2023-06-04T00:36:58.731+0000] {dag.py:2573} INFO - Sync 1 DAGs
[2023-06-04T00:36:58.751+0000] {logging_mixin.py:117} INFO - [2023-06-04T00:36:58.750+0000] {dag.py:2594} INFO - Creating ORM DAG for example_branch_dop_operator_v3
[2023-06-04T00:36:58.774+0000] {logging_mixin.py:117} INFO - [2023-06-04T00:36:58.774+0000] {dag.py:3328} INFO - Setting next_dagrun for example_branch_dop_operator_v3 to 2023-06-04T00:35:00+00:00, run_after=2023-06-04T00:36:00+00:00
[2023-06-04T00:36:58.798+0000] {processor.py:178} INFO - Processing /home/airflow/.local/lib/python3.7/site-packages/airflow/example_dags/example_branch_python_dop_operator_3.py took 0.336 seconds
[2023-06-04T00:37:29.349+0000] {processor.py:156} INFO - Started process (PID=136) to work on /home/airflow/.local/lib/python3.7/site-packages/airflow/example_dags/example_branch_python_dop_operator_3.py
[2023-06-04T00:37:29.351+0000] {processor.py:758} INFO - Processing file /home/airflow/.local/lib/python3.7/site-packages/airflow/example_dags/example_branch_python_dop_operator_3.py for tasks to queue
[2023-06-04T00:37:29.354+0000] {logging_mixin.py:117} INFO - [2023-06-04T00:37:29.353+0000] {dagbag.py:525} INFO - Filling up the DagBag from /home/airflow/.local/lib/python3.7/site-packages/airflow/example_dags/example_branch_python_dop_operator_3.py
[2023-06-04T00:37:29.396+0000] {processor.py:768} INFO - DAG(s) dict_keys(['example_branch_dop_operator_v3']) retrieved from /home/airflow/.local/lib/python3.7/site-packages/airflow/example_dags/example_branch_python_dop_operator_3.py
[2023-06-04T00:37:29.454+0000] {logging_mixin.py:117} INFO - [2023-06-04T00:37:29.454+0000] {dag.py:2573} INFO - Sync 1 DAGs
[2023-06-04T00:37:29.497+0000] {logging_mixin.py:117} INFO - [2023-06-04T00:37:29.497+0000] {dag.py:3328} INFO - Setting next_dagrun for example_branch_dop_operator_v3 to 2023-06-04T00:36:00+00:00, run_after=2023-06-04T00:37:00+00:00
[2023-06-04T00:37:29.526+0000] {processor.py:178} INFO - Processing /home/airflow/.local/lib/python3.7/site-packages/airflow/example_dags/example_branch_python_dop_operator_3.py took 0.182 seconds
[2023-06-04T00:37:59.856+0000] {processor.py:156} INFO - Started process (PID=198) to work on /home/airflow/.local/lib/python3.7/site-packages/airflow/example_dags/example_branch_python_dop_operator_3.py
[2023-06-04T00:37:59.858+0000] {processor.py:758} INFO - Processing file /home/airflow/.local/lib/python3.7/site-packages/airflow/example_dags/example_branch_python_dop_operator_3.py for tasks to queue
[2023-06-04T00:37:59.860+0000] {logging_mixin.py:117} INFO - [2023-06-04T00:37:59.859+0000] {dagbag.py:525} INFO - Filling up the DagBag from /home/airflow/.local/lib/python3.7/site-packages/airflow/example_dags/example_branch_python_dop_operator_3.py
[2023-06-04T00:37:59.894+0000] {processor.py:768} INFO - DAG(s) dict_keys(['example_branch_dop_operator_v3']) retrieved from /home/airflow/.local/lib/python3.7/site-packages/airflow/example_dags/example_branch_python_dop_operator_3.py
[2023-06-04T00:37:59.947+0000] {logging_mixin.py:117} INFO - [2023-06-04T00:37:59.947+0000] {dag.py:2573} INFO - Sync 1 DAGs
[2023-06-04T00:37:59.986+0000] {logging_mixin.py:117} INFO - [2023-06-04T00:37:59.986+0000] {dag.py:3328} INFO - Setting next_dagrun for example_branch_dop_operator_v3 to 2023-06-04T00:36:00+00:00, run_after=2023-06-04T00:37:00+00:00
[2023-06-04T00:38:00.014+0000] {processor.py:178} INFO - Processing /home/airflow/.local/lib/python3.7/site-packages/airflow/example_dags/example_branch_python_dop_operator_3.py took 0.163 seconds
[2023-06-04T00:38:30.792+0000] {processor.py:156} INFO - Started process (PID=254) to work on /home/airflow/.local/lib/python3.7/site-packages/airflow/example_dags/example_branch_python_dop_operator_3.py
[2023-06-04T00:38:30.794+0000] {processor.py:758} INFO - Processing file /home/airflow/.local/lib/python3.7/site-packages/airflow/example_dags/example_branch_python_dop_operator_3.py for tasks to queue
[2023-06-04T00:38:30.796+0000] {logging_mixin.py:117} INFO - [2023-06-04T00:38:30.795+0000] {dagbag.py:525} INFO - Filling up the DagBag from /home/airflow/.local/lib/python3.7/site-packages/airflow/example_dags/example_branch_python_dop_operator_3.py
[2023-06-04T00:38:30.827+0000] {processor.py:768} INFO - DAG(s) dict_keys(['example_branch_dop_operator_v3']) retrieved from /home/airflow/.local/lib/python3.7/site-packages/airflow/example_dags/example_branch_python_dop_operator_3.py
[2023-06-04T00:38:30.878+0000] {logging_mixin.py:117} INFO - [2023-06-04T00:38:30.878+0000] {dag.py:2573} INFO - Sync 1 DAGs
[2023-06-04T00:38:30.920+0000] {logging_mixin.py:117} INFO - [2023-06-04T00:38:30.920+0000] {dag.py:3328} INFO - Setting next_dagrun for example_branch_dop_operator_v3 to 2023-06-04T00:37:00+00:00, run_after=2023-06-04T00:38:00+00:00
[2023-06-04T00:38:30.944+0000] {processor.py:178} INFO - Processing /home/airflow/.local/lib/python3.7/site-packages/airflow/example_dags/example_branch_python_dop_operator_3.py took 0.157 seconds
[2023-06-04T00:39:01.191+0000] {processor.py:156} INFO - Started process (PID=317) to work on /home/airflow/.local/lib/python3.7/site-packages/airflow/example_dags/example_branch_python_dop_operator_3.py
[2023-06-04T00:39:01.193+0000] {processor.py:758} INFO - Processing file /home/airflow/.local/lib/python3.7/site-packages/airflow/example_dags/example_branch_python_dop_operator_3.py for tasks to queue
[2023-06-04T00:39:01.195+0000] {logging_mixin.py:117} INFO - [2023-06-04T00:39:01.195+0000] {dagbag.py:525} INFO - Filling up the DagBag from /home/airflow/.local/lib/python3.7/site-packages/airflow/example_dags/example_branch_python_dop_operator_3.py
[2023-06-04T00:39:01.226+0000] {processor.py:768} INFO - DAG(s) dict_keys(['example_branch_dop_operator_v3']) retrieved from /home/airflow/.local/lib/python3.7/site-packages/airflow/example_dags/example_branch_python_dop_operator_3.py
[2023-06-04T00:39:01.277+0000] {logging_mixin.py:117} INFO - [2023-06-04T00:39:01.277+0000] {dag.py:2573} INFO - Sync 1 DAGs
[2023-06-04T00:39:01.317+0000] {logging_mixin.py:117} INFO - [2023-06-04T00:39:01.316+0000] {dag.py:3328} INFO - Setting next_dagrun for example_branch_dop_operator_v3 to 2023-06-04T00:38:00+00:00, run_after=2023-06-04T00:39:00+00:00
[2023-06-04T00:39:01.341+0000] {processor.py:178} INFO - Processing /home/airflow/.local/lib/python3.7/site-packages/airflow/example_dags/example_branch_python_dop_operator_3.py took 0.155 seconds
[2023-06-04T00:59:49.681+0000] {processor.py:156} INFO - Started process (PID=75) to work on /home/airflow/.local/lib/python3.7/site-packages/airflow/example_dags/example_branch_python_dop_operator_3.py
[2023-06-04T00:59:49.684+0000] {processor.py:758} INFO - Processing file /home/airflow/.local/lib/python3.7/site-packages/airflow/example_dags/example_branch_python_dop_operator_3.py for tasks to queue
[2023-06-04T00:59:49.688+0000] {logging_mixin.py:117} INFO - [2023-06-04T00:59:49.688+0000] {dagbag.py:525} INFO - Filling up the DagBag from /home/airflow/.local/lib/python3.7/site-packages/airflow/example_dags/example_branch_python_dop_operator_3.py
[2023-06-04T00:59:49.739+0000] {processor.py:768} INFO - DAG(s) dict_keys(['example_branch_dop_operator_v3']) retrieved from /home/airflow/.local/lib/python3.7/site-packages/airflow/example_dags/example_branch_python_dop_operator_3.py
[2023-06-04T00:59:49.782+0000] {logging_mixin.py:117} INFO - [2023-06-04T00:59:49.781+0000] {dag.py:2573} INFO - Sync 1 DAGs
[2023-06-04T00:59:49.854+0000] {logging_mixin.py:117} INFO - [2023-06-04T00:59:49.854+0000] {dag.py:3328} INFO - Setting next_dagrun for example_branch_dop_operator_v3 to 2023-06-04T00:58:00+00:00, run_after=2023-06-04T00:59:00+00:00
[2023-06-04T00:59:49.891+0000] {processor.py:178} INFO - Processing /home/airflow/.local/lib/python3.7/site-packages/airflow/example_dags/example_branch_python_dop_operator_3.py took 0.217 seconds
[2023-06-04T01:00:20.877+0000] {processor.py:156} INFO - Started process (PID=136) to work on /home/airflow/.local/lib/python3.7/site-packages/airflow/example_dags/example_branch_python_dop_operator_3.py
[2023-06-04T01:00:20.880+0000] {processor.py:758} INFO - Processing file /home/airflow/.local/lib/python3.7/site-packages/airflow/example_dags/example_branch_python_dop_operator_3.py for tasks to queue
[2023-06-04T01:00:20.884+0000] {logging_mixin.py:117} INFO - [2023-06-04T01:00:20.883+0000] {dagbag.py:525} INFO - Filling up the DagBag from /home/airflow/.local/lib/python3.7/site-packages/airflow/example_dags/example_branch_python_dop_operator_3.py
[2023-06-04T01:00:20.934+0000] {processor.py:768} INFO - DAG(s) dict_keys(['example_branch_dop_operator_v3']) retrieved from /home/airflow/.local/lib/python3.7/site-packages/airflow/example_dags/example_branch_python_dop_operator_3.py
[2023-06-04T01:00:21.010+0000] {logging_mixin.py:117} INFO - [2023-06-04T01:00:21.009+0000] {dag.py:2573} INFO - Sync 1 DAGs
[2023-06-04T01:00:21.071+0000] {logging_mixin.py:117} INFO - [2023-06-04T01:00:21.071+0000] {dag.py:3328} INFO - Setting next_dagrun for example_branch_dop_operator_v3 to 2023-06-04T00:59:00+00:00, run_after=2023-06-04T01:00:00+00:00
[2023-06-04T01:00:21.113+0000] {processor.py:178} INFO - Processing /home/airflow/.local/lib/python3.7/site-packages/airflow/example_dags/example_branch_python_dop_operator_3.py took 0.244 seconds
[2023-06-04T01:00:51.912+0000] {processor.py:156} INFO - Started process (PID=193) to work on /home/airflow/.local/lib/python3.7/site-packages/airflow/example_dags/example_branch_python_dop_operator_3.py
[2023-06-04T01:00:51.914+0000] {processor.py:758} INFO - Processing file /home/airflow/.local/lib/python3.7/site-packages/airflow/example_dags/example_branch_python_dop_operator_3.py for tasks to queue
[2023-06-04T01:00:51.916+0000] {logging_mixin.py:117} INFO - [2023-06-04T01:00:51.916+0000] {dagbag.py:525} INFO - Filling up the DagBag from /home/airflow/.local/lib/python3.7/site-packages/airflow/example_dags/example_branch_python_dop_operator_3.py
[2023-06-04T01:00:51.954+0000] {processor.py:768} INFO - DAG(s) dict_keys(['example_branch_dop_operator_v3']) retrieved from /home/airflow/.local/lib/python3.7/site-packages/airflow/example_dags/example_branch_python_dop_operator_3.py
[2023-06-04T01:00:52.007+0000] {logging_mixin.py:117} INFO - [2023-06-04T01:00:52.007+0000] {dag.py:2573} INFO - Sync 1 DAGs
[2023-06-04T01:00:52.047+0000] {logging_mixin.py:117} INFO - [2023-06-04T01:00:52.047+0000] {dag.py:3328} INFO - Setting next_dagrun for example_branch_dop_operator_v3 to 2023-06-04T00:59:00+00:00, run_after=2023-06-04T01:00:00+00:00
[2023-06-04T01:00:52.071+0000] {processor.py:178} INFO - Processing /home/airflow/.local/lib/python3.7/site-packages/airflow/example_dags/example_branch_python_dop_operator_3.py took 0.163 seconds
[2023-06-04T01:01:22.109+0000] {processor.py:156} INFO - Started process (PID=255) to work on /home/airflow/.local/lib/python3.7/site-packages/airflow/example_dags/example_branch_python_dop_operator_3.py
[2023-06-04T01:01:22.111+0000] {processor.py:758} INFO - Processing file /home/airflow/.local/lib/python3.7/site-packages/airflow/example_dags/example_branch_python_dop_operator_3.py for tasks to queue
[2023-06-04T01:01:22.113+0000] {logging_mixin.py:117} INFO - [2023-06-04T01:01:22.113+0000] {dagbag.py:525} INFO - Filling up the DagBag from /home/airflow/.local/lib/python3.7/site-packages/airflow/example_dags/example_branch_python_dop_operator_3.py
[2023-06-04T01:01:22.146+0000] {processor.py:768} INFO - DAG(s) dict_keys(['example_branch_dop_operator_v3']) retrieved from /home/airflow/.local/lib/python3.7/site-packages/airflow/example_dags/example_branch_python_dop_operator_3.py
[2023-06-04T01:01:22.203+0000] {logging_mixin.py:117} INFO - [2023-06-04T01:01:22.203+0000] {dag.py:2573} INFO - Sync 1 DAGs
[2023-06-04T01:01:22.243+0000] {logging_mixin.py:117} INFO - [2023-06-04T01:01:22.242+0000] {dag.py:3328} INFO - Setting next_dagrun for example_branch_dop_operator_v3 to 2023-06-04T01:00:00+00:00, run_after=2023-06-04T01:01:00+00:00
[2023-06-04T01:01:22.266+0000] {processor.py:178} INFO - Processing /home/airflow/.local/lib/python3.7/site-packages/airflow/example_dags/example_branch_python_dop_operator_3.py took 0.162 seconds
[2023-06-04T01:01:52.499+0000] {processor.py:156} INFO - Started process (PID=309) to work on /home/airflow/.local/lib/python3.7/site-packages/airflow/example_dags/example_branch_python_dop_operator_3.py
[2023-06-04T01:01:52.502+0000] {processor.py:758} INFO - Processing file /home/airflow/.local/lib/python3.7/site-packages/airflow/example_dags/example_branch_python_dop_operator_3.py for tasks to queue
[2023-06-04T01:01:52.504+0000] {logging_mixin.py:117} INFO - [2023-06-04T01:01:52.503+0000] {dagbag.py:525} INFO - Filling up the DagBag from /home/airflow/.local/lib/python3.7/site-packages/airflow/example_dags/example_branch_python_dop_operator_3.py
[2023-06-04T01:01:52.537+0000] {processor.py:768} INFO - DAG(s) dict_keys(['example_branch_dop_operator_v3']) retrieved from /home/airflow/.local/lib/python3.7/site-packages/airflow/example_dags/example_branch_python_dop_operator_3.py
[2023-06-04T01:01:52.616+0000] {logging_mixin.py:117} INFO - [2023-06-04T01:01:52.616+0000] {dag.py:2573} INFO - Sync 1 DAGs
[2023-06-04T01:01:52.660+0000] {logging_mixin.py:117} INFO - [2023-06-04T01:01:52.660+0000] {dag.py:3328} INFO - Setting next_dagrun for example_branch_dop_operator_v3 to 2023-06-04T01:00:00+00:00, run_after=2023-06-04T01:01:00+00:00
[2023-06-04T01:01:52.687+0000] {processor.py:178} INFO - Processing /home/airflow/.local/lib/python3.7/site-packages/airflow/example_dags/example_branch_python_dop_operator_3.py took 0.192 seconds
[2023-06-04T01:02:22.777+0000] {processor.py:156} INFO - Started process (PID=372) to work on /home/airflow/.local/lib/python3.7/site-packages/airflow/example_dags/example_branch_python_dop_operator_3.py
[2023-06-04T01:02:22.779+0000] {processor.py:758} INFO - Processing file /home/airflow/.local/lib/python3.7/site-packages/airflow/example_dags/example_branch_python_dop_operator_3.py for tasks to queue
[2023-06-04T01:02:22.781+0000] {logging_mixin.py:117} INFO - [2023-06-04T01:02:22.781+0000] {dagbag.py:525} INFO - Filling up the DagBag from /home/airflow/.local/lib/python3.7/site-packages/airflow/example_dags/example_branch_python_dop_operator_3.py
[2023-06-04T01:02:22.815+0000] {processor.py:768} INFO - DAG(s) dict_keys(['example_branch_dop_operator_v3']) retrieved from /home/airflow/.local/lib/python3.7/site-packages/airflow/example_dags/example_branch_python_dop_operator_3.py
[2023-06-04T01:02:22.869+0000] {logging_mixin.py:117} INFO - [2023-06-04T01:02:22.868+0000] {dag.py:2573} INFO - Sync 1 DAGs
[2023-06-04T01:02:22.908+0000] {logging_mixin.py:117} INFO - [2023-06-04T01:02:22.908+0000] {dag.py:3328} INFO - Setting next_dagrun for example_branch_dop_operator_v3 to 2023-06-04T01:01:00+00:00, run_after=2023-06-04T01:02:00+00:00
[2023-06-04T01:02:22.934+0000] {processor.py:178} INFO - Processing /home/airflow/.local/lib/python3.7/site-packages/airflow/example_dags/example_branch_python_dop_operator_3.py took 0.162 seconds
[2023-06-04T01:02:53.113+0000] {processor.py:156} INFO - Started process (PID=435) to work on /home/airflow/.local/lib/python3.7/site-packages/airflow/example_dags/example_branch_python_dop_operator_3.py
[2023-06-04T01:02:53.115+0000] {processor.py:758} INFO - Processing file /home/airflow/.local/lib/python3.7/site-packages/airflow/example_dags/example_branch_python_dop_operator_3.py for tasks to queue
[2023-06-04T01:02:53.117+0000] {logging_mixin.py:117} INFO - [2023-06-04T01:02:53.117+0000] {dagbag.py:525} INFO - Filling up the DagBag from /home/airflow/.local/lib/python3.7/site-packages/airflow/example_dags/example_branch_python_dop_operator_3.py
[2023-06-04T01:02:53.153+0000] {processor.py:768} INFO - DAG(s) dict_keys(['example_branch_dop_operator_v3']) retrieved from /home/airflow/.local/lib/python3.7/site-packages/airflow/example_dags/example_branch_python_dop_operator_3.py
[2023-06-04T01:02:53.208+0000] {logging_mixin.py:117} INFO - [2023-06-04T01:02:53.208+0000] {dag.py:2573} INFO - Sync 1 DAGs
[2023-06-04T01:02:53.249+0000] {logging_mixin.py:117} INFO - [2023-06-04T01:02:53.249+0000] {dag.py:3328} INFO - Setting next_dagrun for example_branch_dop_operator_v3 to 2023-06-04T01:01:00+00:00, run_after=2023-06-04T01:02:00+00:00
[2023-06-04T01:02:53.274+0000] {processor.py:178} INFO - Processing /home/airflow/.local/lib/python3.7/site-packages/airflow/example_dags/example_branch_python_dop_operator_3.py took 0.167 seconds
[2023-06-04T01:03:23.846+0000] {processor.py:156} INFO - Started process (PID=489) to work on /home/airflow/.local/lib/python3.7/site-packages/airflow/example_dags/example_branch_python_dop_operator_3.py
[2023-06-04T01:03:23.850+0000] {processor.py:758} INFO - Processing file /home/airflow/.local/lib/python3.7/site-packages/airflow/example_dags/example_branch_python_dop_operator_3.py for tasks to queue
[2023-06-04T01:03:23.856+0000] {logging_mixin.py:117} INFO - [2023-06-04T01:03:23.855+0000] {dagbag.py:525} INFO - Filling up the DagBag from /home/airflow/.local/lib/python3.7/site-packages/airflow/example_dags/example_branch_python_dop_operator_3.py
[2023-06-04T01:03:23.999+0000] {processor.py:768} INFO - DAG(s) dict_keys(['example_branch_dop_operator_v3']) retrieved from /home/airflow/.local/lib/python3.7/site-packages/airflow/example_dags/example_branch_python_dop_operator_3.py
[2023-06-04T01:03:24.149+0000] {logging_mixin.py:117} INFO - [2023-06-04T01:03:24.148+0000] {dag.py:2573} INFO - Sync 1 DAGs
[2023-06-04T01:03:24.272+0000] {logging_mixin.py:117} INFO - [2023-06-04T01:03:24.272+0000] {dag.py:3328} INFO - Setting next_dagrun for example_branch_dop_operator_v3 to 2023-06-04T01:02:00+00:00, run_after=2023-06-04T01:03:00+00:00
[2023-06-04T01:03:24.305+0000] {processor.py:178} INFO - Processing /home/airflow/.local/lib/python3.7/site-packages/airflow/example_dags/example_branch_python_dop_operator_3.py took 0.469 seconds
[2023-06-04T01:03:54.771+0000] {processor.py:156} INFO - Started process (PID=552) to work on /home/airflow/.local/lib/python3.7/site-packages/airflow/example_dags/example_branch_python_dop_operator_3.py
[2023-06-04T01:03:54.773+0000] {processor.py:758} INFO - Processing file /home/airflow/.local/lib/python3.7/site-packages/airflow/example_dags/example_branch_python_dop_operator_3.py for tasks to queue
[2023-06-04T01:03:54.775+0000] {logging_mixin.py:117} INFO - [2023-06-04T01:03:54.775+0000] {dagbag.py:525} INFO - Filling up the DagBag from /home/airflow/.local/lib/python3.7/site-packages/airflow/example_dags/example_branch_python_dop_operator_3.py
[2023-06-04T01:03:54.805+0000] {processor.py:768} INFO - DAG(s) dict_keys(['example_branch_dop_operator_v3']) retrieved from /home/airflow/.local/lib/python3.7/site-packages/airflow/example_dags/example_branch_python_dop_operator_3.py
[2023-06-04T01:03:54.853+0000] {logging_mixin.py:117} INFO - [2023-06-04T01:03:54.853+0000] {dag.py:2573} INFO - Sync 1 DAGs
[2023-06-04T01:03:54.889+0000] {logging_mixin.py:117} INFO - [2023-06-04T01:03:54.889+0000] {dag.py:3328} INFO - Setting next_dagrun for example_branch_dop_operator_v3 to 2023-06-04T01:02:00+00:00, run_after=2023-06-04T01:03:00+00:00
[2023-06-04T01:03:54.909+0000] {processor.py:178} INFO - Processing /home/airflow/.local/lib/python3.7/site-packages/airflow/example_dags/example_branch_python_dop_operator_3.py took 0.142 seconds
[2023-06-04T01:04:25.328+0000] {processor.py:156} INFO - Started process (PID=615) to work on /home/airflow/.local/lib/python3.7/site-packages/airflow/example_dags/example_branch_python_dop_operator_3.py
[2023-06-04T01:04:25.330+0000] {processor.py:758} INFO - Processing file /home/airflow/.local/lib/python3.7/site-packages/airflow/example_dags/example_branch_python_dop_operator_3.py for tasks to queue
[2023-06-04T01:04:25.332+0000] {logging_mixin.py:117} INFO - [2023-06-04T01:04:25.332+0000] {dagbag.py:525} INFO - Filling up the DagBag from /home/airflow/.local/lib/python3.7/site-packages/airflow/example_dags/example_branch_python_dop_operator_3.py
[2023-06-04T01:04:25.362+0000] {processor.py:768} INFO - DAG(s) dict_keys(['example_branch_dop_operator_v3']) retrieved from /home/airflow/.local/lib/python3.7/site-packages/airflow/example_dags/example_branch_python_dop_operator_3.py
[2023-06-04T01:04:25.408+0000] {logging_mixin.py:117} INFO - [2023-06-04T01:04:25.408+0000] {dag.py:2573} INFO - Sync 1 DAGs
[2023-06-04T01:04:25.441+0000] {logging_mixin.py:117} INFO - [2023-06-04T01:04:25.441+0000] {dag.py:3328} INFO - Setting next_dagrun for example_branch_dop_operator_v3 to 2023-06-04T01:03:00+00:00, run_after=2023-06-04T01:04:00+00:00
[2023-06-04T01:04:25.462+0000] {processor.py:178} INFO - Processing /home/airflow/.local/lib/python3.7/site-packages/airflow/example_dags/example_branch_python_dop_operator_3.py took 0.138 seconds
[2023-06-04T01:04:56.224+0000] {processor.py:156} INFO - Started process (PID=679) to work on /home/airflow/.local/lib/python3.7/site-packages/airflow/example_dags/example_branch_python_dop_operator_3.py
[2023-06-04T01:04:56.227+0000] {processor.py:758} INFO - Processing file /home/airflow/.local/lib/python3.7/site-packages/airflow/example_dags/example_branch_python_dop_operator_3.py for tasks to queue
[2023-06-04T01:04:56.230+0000] {logging_mixin.py:117} INFO - [2023-06-04T01:04:56.230+0000] {dagbag.py:525} INFO - Filling up the DagBag from /home/airflow/.local/lib/python3.7/site-packages/airflow/example_dags/example_branch_python_dop_operator_3.py
[2023-06-04T01:04:56.277+0000] {processor.py:768} INFO - DAG(s) dict_keys(['example_branch_dop_operator_v3']) retrieved from /home/airflow/.local/lib/python3.7/site-packages/airflow/example_dags/example_branch_python_dop_operator_3.py
[2023-06-04T01:04:56.345+0000] {logging_mixin.py:117} INFO - [2023-06-04T01:04:56.344+0000] {dag.py:2573} INFO - Sync 1 DAGs
[2023-06-04T01:04:56.401+0000] {logging_mixin.py:117} INFO - [2023-06-04T01:04:56.401+0000] {dag.py:3328} INFO - Setting next_dagrun for example_branch_dop_operator_v3 to 2023-06-04T01:03:00+00:00, run_after=2023-06-04T01:04:00+00:00
[2023-06-04T01:04:56.450+0000] {processor.py:178} INFO - Processing /home/airflow/.local/lib/python3.7/site-packages/airflow/example_dags/example_branch_python_dop_operator_3.py took 0.230 seconds
[2023-06-04T01:05:59.872+0000] {processor.py:156} INFO - Started process (PID=77) to work on /home/airflow/.local/lib/python3.7/site-packages/airflow/example_dags/example_branch_python_dop_operator_3.py
[2023-06-04T01:05:59.875+0000] {processor.py:758} INFO - Processing file /home/airflow/.local/lib/python3.7/site-packages/airflow/example_dags/example_branch_python_dop_operator_3.py for tasks to queue
[2023-06-04T01:05:59.877+0000] {logging_mixin.py:117} INFO - [2023-06-04T01:05:59.877+0000] {dagbag.py:525} INFO - Filling up the DagBag from /home/airflow/.local/lib/python3.7/site-packages/airflow/example_dags/example_branch_python_dop_operator_3.py
[2023-06-04T01:05:59.919+0000] {processor.py:768} INFO - DAG(s) dict_keys(['example_branch_dop_operator_v3']) retrieved from /home/airflow/.local/lib/python3.7/site-packages/airflow/example_dags/example_branch_python_dop_operator_3.py
[2023-06-04T01:05:59.973+0000] {logging_mixin.py:117} INFO - [2023-06-04T01:05:59.973+0000] {dag.py:2573} INFO - Sync 1 DAGs
[2023-06-04T01:06:00.032+0000] {logging_mixin.py:117} INFO - [2023-06-04T01:06:00.032+0000] {dag.py:3328} INFO - Setting next_dagrun for example_branch_dop_operator_v3 to 2023-06-04T01:05:00+00:00, run_after=2023-06-04T01:06:00+00:00
[2023-06-04T01:06:00.066+0000] {processor.py:178} INFO - Processing /home/airflow/.local/lib/python3.7/site-packages/airflow/example_dags/example_branch_python_dop_operator_3.py took 0.199 seconds
[2023-06-04T01:06:30.733+0000] {processor.py:156} INFO - Started process (PID=140) to work on /home/airflow/.local/lib/python3.7/site-packages/airflow/example_dags/example_branch_python_dop_operator_3.py
[2023-06-04T01:06:30.735+0000] {processor.py:758} INFO - Processing file /home/airflow/.local/lib/python3.7/site-packages/airflow/example_dags/example_branch_python_dop_operator_3.py for tasks to queue
[2023-06-04T01:06:30.738+0000] {logging_mixin.py:117} INFO - [2023-06-04T01:06:30.737+0000] {dagbag.py:525} INFO - Filling up the DagBag from /home/airflow/.local/lib/python3.7/site-packages/airflow/example_dags/example_branch_python_dop_operator_3.py
[2023-06-04T01:06:30.771+0000] {processor.py:768} INFO - DAG(s) dict_keys(['example_branch_dop_operator_v3']) retrieved from /home/airflow/.local/lib/python3.7/site-packages/airflow/example_dags/example_branch_python_dop_operator_3.py
[2023-06-04T01:06:30.818+0000] {logging_mixin.py:117} INFO - [2023-06-04T01:06:30.817+0000] {dag.py:2573} INFO - Sync 1 DAGs
[2023-06-04T01:06:30.857+0000] {logging_mixin.py:117} INFO - [2023-06-04T01:06:30.856+0000] {dag.py:3328} INFO - Setting next_dagrun for example_branch_dop_operator_v3 to 2023-06-04T01:05:00+00:00, run_after=2023-06-04T01:06:00+00:00
[2023-06-04T01:06:30.882+0000] {processor.py:178} INFO - Processing /home/airflow/.local/lib/python3.7/site-packages/airflow/example_dags/example_branch_python_dop_operator_3.py took 0.154 seconds
[2023-06-04T01:07:01.560+0000] {processor.py:156} INFO - Started process (PID=198) to work on /home/airflow/.local/lib/python3.7/site-packages/airflow/example_dags/example_branch_python_dop_operator_3.py
[2023-06-04T01:07:01.562+0000] {processor.py:758} INFO - Processing file /home/airflow/.local/lib/python3.7/site-packages/airflow/example_dags/example_branch_python_dop_operator_3.py for tasks to queue
[2023-06-04T01:07:01.563+0000] {logging_mixin.py:117} INFO - [2023-06-04T01:07:01.563+0000] {dagbag.py:525} INFO - Filling up the DagBag from /home/airflow/.local/lib/python3.7/site-packages/airflow/example_dags/example_branch_python_dop_operator_3.py
[2023-06-04T01:07:01.591+0000] {processor.py:768} INFO - DAG(s) dict_keys(['example_branch_dop_operator_v3']) retrieved from /home/airflow/.local/lib/python3.7/site-packages/airflow/example_dags/example_branch_python_dop_operator_3.py
[2023-06-04T01:07:01.640+0000] {logging_mixin.py:117} INFO - [2023-06-04T01:07:01.640+0000] {dag.py:2573} INFO - Sync 1 DAGs
[2023-06-04T01:07:01.680+0000] {logging_mixin.py:117} INFO - [2023-06-04T01:07:01.680+0000] {dag.py:3328} INFO - Setting next_dagrun for example_branch_dop_operator_v3 to 2023-06-04T01:06:00+00:00, run_after=2023-06-04T01:07:00+00:00
[2023-06-04T01:07:01.704+0000] {processor.py:178} INFO - Processing /home/airflow/.local/lib/python3.7/site-packages/airflow/example_dags/example_branch_python_dop_operator_3.py took 0.148 seconds
[2023-06-04T01:07:32.381+0000] {processor.py:156} INFO - Started process (PID=262) to work on /home/airflow/.local/lib/python3.7/site-packages/airflow/example_dags/example_branch_python_dop_operator_3.py
[2023-06-04T01:07:32.382+0000] {processor.py:758} INFO - Processing file /home/airflow/.local/lib/python3.7/site-packages/airflow/example_dags/example_branch_python_dop_operator_3.py for tasks to queue
[2023-06-04T01:07:32.384+0000] {logging_mixin.py:117} INFO - [2023-06-04T01:07:32.384+0000] {dagbag.py:525} INFO - Filling up the DagBag from /home/airflow/.local/lib/python3.7/site-packages/airflow/example_dags/example_branch_python_dop_operator_3.py
[2023-06-04T01:07:32.415+0000] {processor.py:768} INFO - DAG(s) dict_keys(['example_branch_dop_operator_v3']) retrieved from /home/airflow/.local/lib/python3.7/site-packages/airflow/example_dags/example_branch_python_dop_operator_3.py
[2023-06-04T01:07:32.467+0000] {logging_mixin.py:117} INFO - [2023-06-04T01:07:32.466+0000] {dag.py:2573} INFO - Sync 1 DAGs
[2023-06-04T01:07:32.505+0000] {logging_mixin.py:117} INFO - [2023-06-04T01:07:32.505+0000] {dag.py:3328} INFO - Setting next_dagrun for example_branch_dop_operator_v3 to 2023-06-04T01:06:00+00:00, run_after=2023-06-04T01:07:00+00:00
[2023-06-04T01:07:32.529+0000] {processor.py:178} INFO - Processing /home/airflow/.local/lib/python3.7/site-packages/airflow/example_dags/example_branch_python_dop_operator_3.py took 0.153 seconds
[2023-06-04T01:08:03.142+0000] {processor.py:156} INFO - Started process (PID=326) to work on /home/airflow/.local/lib/python3.7/site-packages/airflow/example_dags/example_branch_python_dop_operator_3.py
[2023-06-04T01:08:03.145+0000] {processor.py:758} INFO - Processing file /home/airflow/.local/lib/python3.7/site-packages/airflow/example_dags/example_branch_python_dop_operator_3.py for tasks to queue
[2023-06-04T01:08:03.147+0000] {logging_mixin.py:117} INFO - [2023-06-04T01:08:03.147+0000] {dagbag.py:525} INFO - Filling up the DagBag from /home/airflow/.local/lib/python3.7/site-packages/airflow/example_dags/example_branch_python_dop_operator_3.py
[2023-06-04T01:08:03.178+0000] {processor.py:768} INFO - DAG(s) dict_keys(['example_branch_dop_operator_v3']) retrieved from /home/airflow/.local/lib/python3.7/site-packages/airflow/example_dags/example_branch_python_dop_operator_3.py
[2023-06-04T01:08:03.229+0000] {logging_mixin.py:117} INFO - [2023-06-04T01:08:03.229+0000] {dag.py:2573} INFO - Sync 1 DAGs
[2023-06-04T01:08:03.267+0000] {logging_mixin.py:117} INFO - [2023-06-04T01:08:03.267+0000] {dag.py:3328} INFO - Setting next_dagrun for example_branch_dop_operator_v3 to 2023-06-04T01:07:00+00:00, run_after=2023-06-04T01:08:00+00:00
[2023-06-04T01:08:03.296+0000] {processor.py:178} INFO - Processing /home/airflow/.local/lib/python3.7/site-packages/airflow/example_dags/example_branch_python_dop_operator_3.py took 0.158 seconds
[2023-06-04T01:08:33.823+0000] {processor.py:156} INFO - Started process (PID=381) to work on /home/airflow/.local/lib/python3.7/site-packages/airflow/example_dags/example_branch_python_dop_operator_3.py
[2023-06-04T01:08:33.825+0000] {processor.py:758} INFO - Processing file /home/airflow/.local/lib/python3.7/site-packages/airflow/example_dags/example_branch_python_dop_operator_3.py for tasks to queue
[2023-06-04T01:08:33.826+0000] {logging_mixin.py:117} INFO - [2023-06-04T01:08:33.826+0000] {dagbag.py:525} INFO - Filling up the DagBag from /home/airflow/.local/lib/python3.7/site-packages/airflow/example_dags/example_branch_python_dop_operator_3.py
[2023-06-04T01:08:33.858+0000] {processor.py:768} INFO - DAG(s) dict_keys(['example_branch_dop_operator_v3']) retrieved from /home/airflow/.local/lib/python3.7/site-packages/airflow/example_dags/example_branch_python_dop_operator_3.py
[2023-06-04T01:08:33.909+0000] {logging_mixin.py:117} INFO - [2023-06-04T01:08:33.909+0000] {dag.py:2573} INFO - Sync 1 DAGs
[2023-06-04T01:08:33.947+0000] {logging_mixin.py:117} INFO - [2023-06-04T01:08:33.947+0000] {dag.py:3328} INFO - Setting next_dagrun for example_branch_dop_operator_v3 to 2023-06-04T01:07:00+00:00, run_after=2023-06-04T01:08:00+00:00
[2023-06-04T01:08:33.974+0000] {processor.py:178} INFO - Processing /home/airflow/.local/lib/python3.7/site-packages/airflow/example_dags/example_branch_python_dop_operator_3.py took 0.156 seconds
[2023-06-04T01:09:04.819+0000] {processor.py:156} INFO - Started process (PID=445) to work on /home/airflow/.local/lib/python3.7/site-packages/airflow/example_dags/example_branch_python_dop_operator_3.py
[2023-06-04T01:09:04.822+0000] {processor.py:758} INFO - Processing file /home/airflow/.local/lib/python3.7/site-packages/airflow/example_dags/example_branch_python_dop_operator_3.py for tasks to queue
[2023-06-04T01:09:04.823+0000] {logging_mixin.py:117} INFO - [2023-06-04T01:09:04.823+0000] {dagbag.py:525} INFO - Filling up the DagBag from /home/airflow/.local/lib/python3.7/site-packages/airflow/example_dags/example_branch_python_dop_operator_3.py
[2023-06-04T01:09:04.858+0000] {processor.py:768} INFO - DAG(s) dict_keys(['example_branch_dop_operator_v3']) retrieved from /home/airflow/.local/lib/python3.7/site-packages/airflow/example_dags/example_branch_python_dop_operator_3.py
[2023-06-04T01:09:04.915+0000] {logging_mixin.py:117} INFO - [2023-06-04T01:09:04.915+0000] {dag.py:2573} INFO - Sync 1 DAGs
[2023-06-04T01:09:04.959+0000] {logging_mixin.py:117} INFO - [2023-06-04T01:09:04.959+0000] {dag.py:3328} INFO - Setting next_dagrun for example_branch_dop_operator_v3 to 2023-06-04T01:08:00+00:00, run_after=2023-06-04T01:09:00+00:00
[2023-06-04T01:09:04.990+0000] {processor.py:178} INFO - Processing /home/airflow/.local/lib/python3.7/site-packages/airflow/example_dags/example_branch_python_dop_operator_3.py took 0.175 seconds
[2023-06-04T01:09:35.875+0000] {processor.py:156} INFO - Started process (PID=509) to work on /home/airflow/.local/lib/python3.7/site-packages/airflow/example_dags/example_branch_python_dop_operator_3.py
[2023-06-04T01:09:35.877+0000] {processor.py:758} INFO - Processing file /home/airflow/.local/lib/python3.7/site-packages/airflow/example_dags/example_branch_python_dop_operator_3.py for tasks to queue
[2023-06-04T01:09:35.879+0000] {logging_mixin.py:117} INFO - [2023-06-04T01:09:35.879+0000] {dagbag.py:525} INFO - Filling up the DagBag from /home/airflow/.local/lib/python3.7/site-packages/airflow/example_dags/example_branch_python_dop_operator_3.py
[2023-06-04T01:09:35.911+0000] {processor.py:768} INFO - DAG(s) dict_keys(['example_branch_dop_operator_v3']) retrieved from /home/airflow/.local/lib/python3.7/site-packages/airflow/example_dags/example_branch_python_dop_operator_3.py
[2023-06-04T01:09:35.965+0000] {logging_mixin.py:117} INFO - [2023-06-04T01:09:35.965+0000] {dag.py:2573} INFO - Sync 1 DAGs
[2023-06-04T01:09:36.005+0000] {logging_mixin.py:117} INFO - [2023-06-04T01:09:36.005+0000] {dag.py:3328} INFO - Setting next_dagrun for example_branch_dop_operator_v3 to 2023-06-04T01:08:00+00:00, run_after=2023-06-04T01:09:00+00:00
[2023-06-04T01:09:36.032+0000] {processor.py:178} INFO - Processing /home/airflow/.local/lib/python3.7/site-packages/airflow/example_dags/example_branch_python_dop_operator_3.py took 0.161 seconds
[2023-06-04T01:10:06.740+0000] {processor.py:156} INFO - Started process (PID=573) to work on /home/airflow/.local/lib/python3.7/site-packages/airflow/example_dags/example_branch_python_dop_operator_3.py
[2023-06-04T01:10:06.743+0000] {processor.py:758} INFO - Processing file /home/airflow/.local/lib/python3.7/site-packages/airflow/example_dags/example_branch_python_dop_operator_3.py for tasks to queue
[2023-06-04T01:10:06.745+0000] {logging_mixin.py:117} INFO - [2023-06-04T01:10:06.744+0000] {dagbag.py:525} INFO - Filling up the DagBag from /home/airflow/.local/lib/python3.7/site-packages/airflow/example_dags/example_branch_python_dop_operator_3.py
[2023-06-04T01:10:06.776+0000] {processor.py:768} INFO - DAG(s) dict_keys(['example_branch_dop_operator_v3']) retrieved from /home/airflow/.local/lib/python3.7/site-packages/airflow/example_dags/example_branch_python_dop_operator_3.py
[2023-06-04T01:10:06.833+0000] {logging_mixin.py:117} INFO - [2023-06-04T01:10:06.833+0000] {dag.py:2573} INFO - Sync 1 DAGs
[2023-06-04T01:10:06.879+0000] {logging_mixin.py:117} INFO - [2023-06-04T01:10:06.879+0000] {dag.py:3328} INFO - Setting next_dagrun for example_branch_dop_operator_v3 to 2023-06-04T01:09:00+00:00, run_after=2023-06-04T01:10:00+00:00
[2023-06-04T01:10:06.905+0000] {processor.py:178} INFO - Processing /home/airflow/.local/lib/python3.7/site-packages/airflow/example_dags/example_branch_python_dop_operator_3.py took 0.169 seconds
[2023-06-04T01:10:37.158+0000] {processor.py:156} INFO - Started process (PID=628) to work on /home/airflow/.local/lib/python3.7/site-packages/airflow/example_dags/example_branch_python_dop_operator_3.py
[2023-06-04T01:10:37.160+0000] {processor.py:758} INFO - Processing file /home/airflow/.local/lib/python3.7/site-packages/airflow/example_dags/example_branch_python_dop_operator_3.py for tasks to queue
[2023-06-04T01:10:37.162+0000] {logging_mixin.py:117} INFO - [2023-06-04T01:10:37.162+0000] {dagbag.py:525} INFO - Filling up the DagBag from /home/airflow/.local/lib/python3.7/site-packages/airflow/example_dags/example_branch_python_dop_operator_3.py
[2023-06-04T01:10:37.195+0000] {processor.py:768} INFO - DAG(s) dict_keys(['example_branch_dop_operator_v3']) retrieved from /home/airflow/.local/lib/python3.7/site-packages/airflow/example_dags/example_branch_python_dop_operator_3.py
[2023-06-04T01:10:37.249+0000] {logging_mixin.py:117} INFO - [2023-06-04T01:10:37.249+0000] {dag.py:2573} INFO - Sync 1 DAGs
[2023-06-04T01:10:37.290+0000] {logging_mixin.py:117} INFO - [2023-06-04T01:10:37.290+0000] {dag.py:3328} INFO - Setting next_dagrun for example_branch_dop_operator_v3 to 2023-06-04T01:09:00+00:00, run_after=2023-06-04T01:10:00+00:00
[2023-06-04T01:10:37.313+0000] {processor.py:178} INFO - Processing /home/airflow/.local/lib/python3.7/site-packages/airflow/example_dags/example_branch_python_dop_operator_3.py took 0.160 seconds
[2023-06-04T01:11:07.628+0000] {processor.py:156} INFO - Started process (PID=692) to work on /home/airflow/.local/lib/python3.7/site-packages/airflow/example_dags/example_branch_python_dop_operator_3.py
[2023-06-04T01:11:07.630+0000] {processor.py:758} INFO - Processing file /home/airflow/.local/lib/python3.7/site-packages/airflow/example_dags/example_branch_python_dop_operator_3.py for tasks to queue
[2023-06-04T01:11:07.632+0000] {logging_mixin.py:117} INFO - [2023-06-04T01:11:07.632+0000] {dagbag.py:525} INFO - Filling up the DagBag from /home/airflow/.local/lib/python3.7/site-packages/airflow/example_dags/example_branch_python_dop_operator_3.py
[2023-06-04T01:11:07.658+0000] {processor.py:768} INFO - DAG(s) dict_keys(['example_branch_dop_operator_v3']) retrieved from /home/airflow/.local/lib/python3.7/site-packages/airflow/example_dags/example_branch_python_dop_operator_3.py
[2023-06-04T01:11:07.702+0000] {logging_mixin.py:117} INFO - [2023-06-04T01:11:07.702+0000] {dag.py:2573} INFO - Sync 1 DAGs
[2023-06-04T01:11:07.737+0000] {logging_mixin.py:117} INFO - [2023-06-04T01:11:07.737+0000] {dag.py:3328} INFO - Setting next_dagrun for example_branch_dop_operator_v3 to 2023-06-04T01:10:00+00:00, run_after=2023-06-04T01:11:00+00:00
[2023-06-04T01:11:07.760+0000] {processor.py:178} INFO - Processing /home/airflow/.local/lib/python3.7/site-packages/airflow/example_dags/example_branch_python_dop_operator_3.py took 0.135 seconds
[2023-06-04T01:11:39.288+0000] {processor.py:156} INFO - Started process (PID=756) to work on /home/airflow/.local/lib/python3.7/site-packages/airflow/example_dags/example_branch_python_dop_operator_3.py
[2023-06-04T01:11:39.291+0000] {processor.py:758} INFO - Processing file /home/airflow/.local/lib/python3.7/site-packages/airflow/example_dags/example_branch_python_dop_operator_3.py for tasks to queue
[2023-06-04T01:11:39.293+0000] {logging_mixin.py:117} INFO - [2023-06-04T01:11:39.293+0000] {dagbag.py:525} INFO - Filling up the DagBag from /home/airflow/.local/lib/python3.7/site-packages/airflow/example_dags/example_branch_python_dop_operator_3.py
[2023-06-04T01:11:39.326+0000] {processor.py:768} INFO - DAG(s) dict_keys(['example_branch_dop_operator_v3']) retrieved from /home/airflow/.local/lib/python3.7/site-packages/airflow/example_dags/example_branch_python_dop_operator_3.py
[2023-06-04T01:11:39.381+0000] {logging_mixin.py:117} INFO - [2023-06-04T01:11:39.381+0000] {dag.py:2573} INFO - Sync 1 DAGs
[2023-06-04T01:11:39.421+0000] {logging_mixin.py:117} INFO - [2023-06-04T01:11:39.420+0000] {dag.py:3328} INFO - Setting next_dagrun for example_branch_dop_operator_v3 to 2023-06-04T01:10:00+00:00, run_after=2023-06-04T01:11:00+00:00
[2023-06-04T01:11:39.446+0000] {processor.py:178} INFO - Processing /home/airflow/.local/lib/python3.7/site-packages/airflow/example_dags/example_branch_python_dop_operator_3.py took 0.162 seconds
[2023-06-04T01:12:09.779+0000] {processor.py:156} INFO - Started process (PID=811) to work on /home/airflow/.local/lib/python3.7/site-packages/airflow/example_dags/example_branch_python_dop_operator_3.py
[2023-06-04T01:12:09.782+0000] {processor.py:758} INFO - Processing file /home/airflow/.local/lib/python3.7/site-packages/airflow/example_dags/example_branch_python_dop_operator_3.py for tasks to queue
[2023-06-04T01:12:09.783+0000] {logging_mixin.py:117} INFO - [2023-06-04T01:12:09.783+0000] {dagbag.py:525} INFO - Filling up the DagBag from /home/airflow/.local/lib/python3.7/site-packages/airflow/example_dags/example_branch_python_dop_operator_3.py
[2023-06-04T01:12:09.816+0000] {processor.py:768} INFO - DAG(s) dict_keys(['example_branch_dop_operator_v3']) retrieved from /home/airflow/.local/lib/python3.7/site-packages/airflow/example_dags/example_branch_python_dop_operator_3.py
[2023-06-04T01:12:09.876+0000] {logging_mixin.py:117} INFO - [2023-06-04T01:12:09.875+0000] {dag.py:2573} INFO - Sync 1 DAGs
[2023-06-04T01:12:09.918+0000] {logging_mixin.py:117} INFO - [2023-06-04T01:12:09.918+0000] {dag.py:3328} INFO - Setting next_dagrun for example_branch_dop_operator_v3 to 2023-06-04T01:11:00+00:00, run_after=2023-06-04T01:12:00+00:00
[2023-06-04T01:12:09.942+0000] {processor.py:178} INFO - Processing /home/airflow/.local/lib/python3.7/site-packages/airflow/example_dags/example_branch_python_dop_operator_3.py took 0.168 seconds
[2023-06-04T01:12:40.171+0000] {processor.py:156} INFO - Started process (PID=875) to work on /home/airflow/.local/lib/python3.7/site-packages/airflow/example_dags/example_branch_python_dop_operator_3.py
[2023-06-04T01:12:40.173+0000] {processor.py:758} INFO - Processing file /home/airflow/.local/lib/python3.7/site-packages/airflow/example_dags/example_branch_python_dop_operator_3.py for tasks to queue
[2023-06-04T01:12:40.175+0000] {logging_mixin.py:117} INFO - [2023-06-04T01:12:40.175+0000] {dagbag.py:525} INFO - Filling up the DagBag from /home/airflow/.local/lib/python3.7/site-packages/airflow/example_dags/example_branch_python_dop_operator_3.py
[2023-06-04T01:12:40.208+0000] {processor.py:768} INFO - DAG(s) dict_keys(['example_branch_dop_operator_v3']) retrieved from /home/airflow/.local/lib/python3.7/site-packages/airflow/example_dags/example_branch_python_dop_operator_3.py
[2023-06-04T01:12:40.269+0000] {logging_mixin.py:117} INFO - [2023-06-04T01:12:40.269+0000] {dag.py:2573} INFO - Sync 1 DAGs
[2023-06-04T01:12:40.313+0000] {logging_mixin.py:117} INFO - [2023-06-04T01:12:40.313+0000] {dag.py:3328} INFO - Setting next_dagrun for example_branch_dop_operator_v3 to 2023-06-04T01:11:00+00:00, run_after=2023-06-04T01:12:00+00:00
[2023-06-04T01:12:40.340+0000] {processor.py:178} INFO - Processing /home/airflow/.local/lib/python3.7/site-packages/airflow/example_dags/example_branch_python_dop_operator_3.py took 0.173 seconds
[2023-06-04T01:13:10.588+0000] {processor.py:156} INFO - Started process (PID=939) to work on /home/airflow/.local/lib/python3.7/site-packages/airflow/example_dags/example_branch_python_dop_operator_3.py
[2023-06-04T01:13:10.590+0000] {processor.py:758} INFO - Processing file /home/airflow/.local/lib/python3.7/site-packages/airflow/example_dags/example_branch_python_dop_operator_3.py for tasks to queue
[2023-06-04T01:13:10.591+0000] {logging_mixin.py:117} INFO - [2023-06-04T01:13:10.591+0000] {dagbag.py:525} INFO - Filling up the DagBag from /home/airflow/.local/lib/python3.7/site-packages/airflow/example_dags/example_branch_python_dop_operator_3.py
[2023-06-04T01:13:10.625+0000] {processor.py:768} INFO - DAG(s) dict_keys(['example_branch_dop_operator_v3']) retrieved from /home/airflow/.local/lib/python3.7/site-packages/airflow/example_dags/example_branch_python_dop_operator_3.py
[2023-06-04T01:13:10.681+0000] {logging_mixin.py:117} INFO - [2023-06-04T01:13:10.680+0000] {dag.py:2573} INFO - Sync 1 DAGs
[2023-06-04T01:13:10.723+0000] {logging_mixin.py:117} INFO - [2023-06-04T01:13:10.722+0000] {dag.py:3328} INFO - Setting next_dagrun for example_branch_dop_operator_v3 to 2023-06-04T01:12:00+00:00, run_after=2023-06-04T01:13:00+00:00
[2023-06-04T01:13:10.747+0000] {processor.py:178} INFO - Processing /home/airflow/.local/lib/python3.7/site-packages/airflow/example_dags/example_branch_python_dop_operator_3.py took 0.163 seconds
[2023-06-04T01:13:41.472+0000] {processor.py:156} INFO - Started process (PID=994) to work on /home/airflow/.local/lib/python3.7/site-packages/airflow/example_dags/example_branch_python_dop_operator_3.py
[2023-06-04T01:13:41.477+0000] {processor.py:758} INFO - Processing file /home/airflow/.local/lib/python3.7/site-packages/airflow/example_dags/example_branch_python_dop_operator_3.py for tasks to queue
[2023-06-04T01:13:41.480+0000] {logging_mixin.py:117} INFO - [2023-06-04T01:13:41.480+0000] {dagbag.py:525} INFO - Filling up the DagBag from /home/airflow/.local/lib/python3.7/site-packages/airflow/example_dags/example_branch_python_dop_operator_3.py
[2023-06-04T01:13:41.521+0000] {processor.py:768} INFO - DAG(s) dict_keys(['example_branch_dop_operator_v3']) retrieved from /home/airflow/.local/lib/python3.7/site-packages/airflow/example_dags/example_branch_python_dop_operator_3.py
[2023-06-04T01:13:41.587+0000] {logging_mixin.py:117} INFO - [2023-06-04T01:13:41.587+0000] {dag.py:2573} INFO - Sync 1 DAGs
[2023-06-04T01:13:41.651+0000] {logging_mixin.py:117} INFO - [2023-06-04T01:13:41.650+0000] {dag.py:3328} INFO - Setting next_dagrun for example_branch_dop_operator_v3 to 2023-06-04T01:12:00+00:00, run_after=2023-06-04T01:13:00+00:00
[2023-06-04T01:13:41.688+0000] {processor.py:178} INFO - Processing /home/airflow/.local/lib/python3.7/site-packages/airflow/example_dags/example_branch_python_dop_operator_3.py took 0.222 seconds
[2023-06-04T01:14:12.440+0000] {processor.py:156} INFO - Started process (PID=1057) to work on /home/airflow/.local/lib/python3.7/site-packages/airflow/example_dags/example_branch_python_dop_operator_3.py
[2023-06-04T01:14:12.444+0000] {processor.py:758} INFO - Processing file /home/airflow/.local/lib/python3.7/site-packages/airflow/example_dags/example_branch_python_dop_operator_3.py for tasks to queue
[2023-06-04T01:14:12.449+0000] {logging_mixin.py:117} INFO - [2023-06-04T01:14:12.448+0000] {dagbag.py:525} INFO - Filling up the DagBag from /home/airflow/.local/lib/python3.7/site-packages/airflow/example_dags/example_branch_python_dop_operator_3.py
[2023-06-04T01:14:12.537+0000] {processor.py:768} INFO - DAG(s) dict_keys(['example_branch_dop_operator_v3']) retrieved from /home/airflow/.local/lib/python3.7/site-packages/airflow/example_dags/example_branch_python_dop_operator_3.py
[2023-06-04T01:14:12.673+0000] {logging_mixin.py:117} INFO - [2023-06-04T01:14:12.673+0000] {dag.py:2573} INFO - Sync 1 DAGs
[2023-06-04T01:14:12.742+0000] {logging_mixin.py:117} INFO - [2023-06-04T01:14:12.742+0000] {dag.py:3328} INFO - Setting next_dagrun for example_branch_dop_operator_v3 to 2023-06-04T01:13:00+00:00, run_after=2023-06-04T01:14:00+00:00
[2023-06-04T01:14:12.791+0000] {processor.py:178} INFO - Processing /home/airflow/.local/lib/python3.7/site-packages/airflow/example_dags/example_branch_python_dop_operator_3.py took 0.360 seconds
[2023-06-04T01:14:43.251+0000] {processor.py:156} INFO - Started process (PID=1120) to work on /home/airflow/.local/lib/python3.7/site-packages/airflow/example_dags/example_branch_python_dop_operator_3.py
[2023-06-04T01:14:43.254+0000] {processor.py:758} INFO - Processing file /home/airflow/.local/lib/python3.7/site-packages/airflow/example_dags/example_branch_python_dop_operator_3.py for tasks to queue
[2023-06-04T01:14:43.257+0000] {logging_mixin.py:117} INFO - [2023-06-04T01:14:43.256+0000] {dagbag.py:525} INFO - Filling up the DagBag from /home/airflow/.local/lib/python3.7/site-packages/airflow/example_dags/example_branch_python_dop_operator_3.py
[2023-06-04T01:14:43.309+0000] {processor.py:768} INFO - DAG(s) dict_keys(['example_branch_dop_operator_v3']) retrieved from /home/airflow/.local/lib/python3.7/site-packages/airflow/example_dags/example_branch_python_dop_operator_3.py
[2023-06-04T01:14:43.382+0000] {logging_mixin.py:117} INFO - [2023-06-04T01:14:43.382+0000] {dag.py:2573} INFO - Sync 1 DAGs
[2023-06-04T01:14:43.438+0000] {logging_mixin.py:117} INFO - [2023-06-04T01:14:43.438+0000] {dag.py:3328} INFO - Setting next_dagrun for example_branch_dop_operator_v3 to 2023-06-04T01:13:00+00:00, run_after=2023-06-04T01:14:00+00:00
[2023-06-04T01:14:43.475+0000] {processor.py:178} INFO - Processing /home/airflow/.local/lib/python3.7/site-packages/airflow/example_dags/example_branch_python_dop_operator_3.py took 0.231 seconds
[2023-06-04T01:15:14.130+0000] {processor.py:156} INFO - Started process (PID=1175) to work on /home/airflow/.local/lib/python3.7/site-packages/airflow/example_dags/example_branch_python_dop_operator_3.py
[2023-06-04T01:15:14.135+0000] {processor.py:758} INFO - Processing file /home/airflow/.local/lib/python3.7/site-packages/airflow/example_dags/example_branch_python_dop_operator_3.py for tasks to queue
[2023-06-04T01:15:14.140+0000] {logging_mixin.py:117} INFO - [2023-06-04T01:15:14.139+0000] {dagbag.py:525} INFO - Filling up the DagBag from /home/airflow/.local/lib/python3.7/site-packages/airflow/example_dags/example_branch_python_dop_operator_3.py
[2023-06-04T01:15:14.190+0000] {processor.py:768} INFO - DAG(s) dict_keys(['example_branch_dop_operator_v3']) retrieved from /home/airflow/.local/lib/python3.7/site-packages/airflow/example_dags/example_branch_python_dop_operator_3.py
[2023-06-04T01:15:14.271+0000] {logging_mixin.py:117} INFO - [2023-06-04T01:15:14.270+0000] {dag.py:2573} INFO - Sync 1 DAGs
[2023-06-04T01:15:14.322+0000] {logging_mixin.py:117} INFO - [2023-06-04T01:15:14.322+0000] {dag.py:3328} INFO - Setting next_dagrun for example_branch_dop_operator_v3 to 2023-06-04T01:14:00+00:00, run_after=2023-06-04T01:15:00+00:00
[2023-06-04T01:15:14.361+0000] {processor.py:178} INFO - Processing /home/airflow/.local/lib/python3.7/site-packages/airflow/example_dags/example_branch_python_dop_operator_3.py took 0.237 seconds
[2023-06-04T01:15:45.570+0000] {processor.py:156} INFO - Started process (PID=1239) to work on /home/airflow/.local/lib/python3.7/site-packages/airflow/example_dags/example_branch_python_dop_operator_3.py
[2023-06-04T01:15:45.572+0000] {processor.py:758} INFO - Processing file /home/airflow/.local/lib/python3.7/site-packages/airflow/example_dags/example_branch_python_dop_operator_3.py for tasks to queue
[2023-06-04T01:15:45.574+0000] {logging_mixin.py:117} INFO - [2023-06-04T01:15:45.574+0000] {dagbag.py:525} INFO - Filling up the DagBag from /home/airflow/.local/lib/python3.7/site-packages/airflow/example_dags/example_branch_python_dop_operator_3.py
[2023-06-04T01:15:45.614+0000] {processor.py:768} INFO - DAG(s) dict_keys(['example_branch_dop_operator_v3']) retrieved from /home/airflow/.local/lib/python3.7/site-packages/airflow/example_dags/example_branch_python_dop_operator_3.py
[2023-06-04T01:15:45.672+0000] {logging_mixin.py:117} INFO - [2023-06-04T01:15:45.672+0000] {dag.py:2573} INFO - Sync 1 DAGs
[2023-06-04T01:15:45.713+0000] {logging_mixin.py:117} INFO - [2023-06-04T01:15:45.712+0000] {dag.py:3328} INFO - Setting next_dagrun for example_branch_dop_operator_v3 to 2023-06-04T01:14:00+00:00, run_after=2023-06-04T01:15:00+00:00
[2023-06-04T01:15:45.736+0000] {processor.py:178} INFO - Processing /home/airflow/.local/lib/python3.7/site-packages/airflow/example_dags/example_branch_python_dop_operator_3.py took 0.170 seconds
[2023-06-04T01:16:16.163+0000] {processor.py:156} INFO - Started process (PID=1303) to work on /home/airflow/.local/lib/python3.7/site-packages/airflow/example_dags/example_branch_python_dop_operator_3.py
[2023-06-04T01:16:16.166+0000] {processor.py:758} INFO - Processing file /home/airflow/.local/lib/python3.7/site-packages/airflow/example_dags/example_branch_python_dop_operator_3.py for tasks to queue
[2023-06-04T01:16:16.173+0000] {logging_mixin.py:117} INFO - [2023-06-04T01:16:16.172+0000] {dagbag.py:525} INFO - Filling up the DagBag from /home/airflow/.local/lib/python3.7/site-packages/airflow/example_dags/example_branch_python_dop_operator_3.py
[2023-06-04T01:16:16.232+0000] {processor.py:768} INFO - DAG(s) dict_keys(['example_branch_dop_operator_v3']) retrieved from /home/airflow/.local/lib/python3.7/site-packages/airflow/example_dags/example_branch_python_dop_operator_3.py
[2023-06-04T01:16:16.381+0000] {logging_mixin.py:117} INFO - [2023-06-04T01:16:16.381+0000] {dag.py:2573} INFO - Sync 1 DAGs
[2023-06-04T01:16:16.403+0000] {logging_mixin.py:117} INFO - [2023-06-04T01:16:16.403+0000] {dag.py:2594} INFO - Creating ORM DAG for example_branch_dop_operator_v3
[2023-06-04T01:16:16.441+0000] {logging_mixin.py:117} INFO - [2023-06-04T01:16:16.440+0000] {dag.py:3328} INFO - Setting next_dagrun for example_branch_dop_operator_v3 to 2023-06-04T01:15:00+00:00, run_after=2023-06-04T01:16:00+00:00
[2023-06-04T01:16:16.491+0000] {processor.py:178} INFO - Processing /home/airflow/.local/lib/python3.7/site-packages/airflow/example_dags/example_branch_python_dop_operator_3.py took 0.335 seconds
[2023-06-04T01:16:47.276+0000] {processor.py:156} INFO - Started process (PID=1358) to work on /home/airflow/.local/lib/python3.7/site-packages/airflow/example_dags/example_branch_python_dop_operator_3.py
[2023-06-04T01:16:47.280+0000] {processor.py:758} INFO - Processing file /home/airflow/.local/lib/python3.7/site-packages/airflow/example_dags/example_branch_python_dop_operator_3.py for tasks to queue
[2023-06-04T01:16:47.282+0000] {logging_mixin.py:117} INFO - [2023-06-04T01:16:47.282+0000] {dagbag.py:525} INFO - Filling up the DagBag from /home/airflow/.local/lib/python3.7/site-packages/airflow/example_dags/example_branch_python_dop_operator_3.py
[2023-06-04T01:16:47.318+0000] {processor.py:768} INFO - DAG(s) dict_keys(['example_branch_dop_operator_v3']) retrieved from /home/airflow/.local/lib/python3.7/site-packages/airflow/example_dags/example_branch_python_dop_operator_3.py
[2023-06-04T01:16:47.373+0000] {logging_mixin.py:117} INFO - [2023-06-04T01:16:47.373+0000] {dag.py:2573} INFO - Sync 1 DAGs
[2023-06-04T01:16:47.418+0000] {logging_mixin.py:117} INFO - [2023-06-04T01:16:47.418+0000] {dag.py:3328} INFO - Setting next_dagrun for example_branch_dop_operator_v3 to 2023-06-04T01:15:00+00:00, run_after=2023-06-04T01:16:00+00:00
[2023-06-04T01:16:47.465+0000] {processor.py:178} INFO - Processing /home/airflow/.local/lib/python3.7/site-packages/airflow/example_dags/example_branch_python_dop_operator_3.py took 0.193 seconds
[2023-06-04T01:17:17.678+0000] {processor.py:156} INFO - Started process (PID=1422) to work on /home/airflow/.local/lib/python3.7/site-packages/airflow/example_dags/example_branch_python_dop_operator_3.py
[2023-06-04T01:17:17.681+0000] {processor.py:758} INFO - Processing file /home/airflow/.local/lib/python3.7/site-packages/airflow/example_dags/example_branch_python_dop_operator_3.py for tasks to queue
[2023-06-04T01:17:17.684+0000] {logging_mixin.py:117} INFO - [2023-06-04T01:17:17.684+0000] {dagbag.py:525} INFO - Filling up the DagBag from /home/airflow/.local/lib/python3.7/site-packages/airflow/example_dags/example_branch_python_dop_operator_3.py
[2023-06-04T01:17:17.721+0000] {processor.py:768} INFO - DAG(s) dict_keys(['example_branch_dop_operator_v3']) retrieved from /home/airflow/.local/lib/python3.7/site-packages/airflow/example_dags/example_branch_python_dop_operator_3.py
[2023-06-04T01:17:17.771+0000] {logging_mixin.py:117} INFO - [2023-06-04T01:17:17.771+0000] {dag.py:2573} INFO - Sync 1 DAGs
[2023-06-04T01:17:17.811+0000] {logging_mixin.py:117} INFO - [2023-06-04T01:17:17.811+0000] {dag.py:3328} INFO - Setting next_dagrun for example_branch_dop_operator_v3 to 2023-06-04T01:16:00+00:00, run_after=2023-06-04T01:17:00+00:00
[2023-06-04T01:17:17.837+0000] {processor.py:178} INFO - Processing /home/airflow/.local/lib/python3.7/site-packages/airflow/example_dags/example_branch_python_dop_operator_3.py took 0.163 seconds
[2023-06-04T01:17:48.828+0000] {processor.py:156} INFO - Started process (PID=1486) to work on /home/airflow/.local/lib/python3.7/site-packages/airflow/example_dags/example_branch_python_dop_operator_3.py
[2023-06-04T01:17:48.831+0000] {processor.py:758} INFO - Processing file /home/airflow/.local/lib/python3.7/site-packages/airflow/example_dags/example_branch_python_dop_operator_3.py for tasks to queue
[2023-06-04T01:17:48.833+0000] {logging_mixin.py:117} INFO - [2023-06-04T01:17:48.833+0000] {dagbag.py:525} INFO - Filling up the DagBag from /home/airflow/.local/lib/python3.7/site-packages/airflow/example_dags/example_branch_python_dop_operator_3.py
[2023-06-04T01:17:48.866+0000] {processor.py:768} INFO - DAG(s) dict_keys(['example_branch_dop_operator_v3']) retrieved from /home/airflow/.local/lib/python3.7/site-packages/airflow/example_dags/example_branch_python_dop_operator_3.py
[2023-06-04T01:17:48.917+0000] {logging_mixin.py:117} INFO - [2023-06-04T01:17:48.917+0000] {dag.py:2573} INFO - Sync 1 DAGs
[2023-06-04T01:17:48.955+0000] {logging_mixin.py:117} INFO - [2023-06-04T01:17:48.955+0000] {dag.py:3328} INFO - Setting next_dagrun for example_branch_dop_operator_v3 to 2023-06-04T01:16:00+00:00, run_after=2023-06-04T01:17:00+00:00
[2023-06-04T01:17:48.980+0000] {processor.py:178} INFO - Processing /home/airflow/.local/lib/python3.7/site-packages/airflow/example_dags/example_branch_python_dop_operator_3.py took 0.157 seconds
[2023-06-04T01:18:19.307+0000] {processor.py:156} INFO - Started process (PID=1541) to work on /home/airflow/.local/lib/python3.7/site-packages/airflow/example_dags/example_branch_python_dop_operator_3.py
[2023-06-04T01:18:19.309+0000] {processor.py:758} INFO - Processing file /home/airflow/.local/lib/python3.7/site-packages/airflow/example_dags/example_branch_python_dop_operator_3.py for tasks to queue
[2023-06-04T01:18:19.311+0000] {logging_mixin.py:117} INFO - [2023-06-04T01:18:19.311+0000] {dagbag.py:525} INFO - Filling up the DagBag from /home/airflow/.local/lib/python3.7/site-packages/airflow/example_dags/example_branch_python_dop_operator_3.py
[2023-06-04T01:18:19.348+0000] {processor.py:768} INFO - DAG(s) dict_keys(['example_branch_dop_operator_v3']) retrieved from /home/airflow/.local/lib/python3.7/site-packages/airflow/example_dags/example_branch_python_dop_operator_3.py
[2023-06-04T01:18:19.400+0000] {logging_mixin.py:117} INFO - [2023-06-04T01:18:19.400+0000] {dag.py:2573} INFO - Sync 1 DAGs
[2023-06-04T01:18:19.439+0000] {logging_mixin.py:117} INFO - [2023-06-04T01:18:19.439+0000] {dag.py:3328} INFO - Setting next_dagrun for example_branch_dop_operator_v3 to 2023-06-04T01:17:00+00:00, run_after=2023-06-04T01:18:00+00:00
[2023-06-04T01:18:19.464+0000] {processor.py:178} INFO - Processing /home/airflow/.local/lib/python3.7/site-packages/airflow/example_dags/example_branch_python_dop_operator_3.py took 0.163 seconds
[2023-06-04T01:18:50.586+0000] {processor.py:156} INFO - Started process (PID=1604) to work on /home/airflow/.local/lib/python3.7/site-packages/airflow/example_dags/example_branch_python_dop_operator_3.py
[2023-06-04T01:18:50.588+0000] {processor.py:758} INFO - Processing file /home/airflow/.local/lib/python3.7/site-packages/airflow/example_dags/example_branch_python_dop_operator_3.py for tasks to queue
[2023-06-04T01:18:50.590+0000] {logging_mixin.py:117} INFO - [2023-06-04T01:18:50.590+0000] {dagbag.py:525} INFO - Filling up the DagBag from /home/airflow/.local/lib/python3.7/site-packages/airflow/example_dags/example_branch_python_dop_operator_3.py
[2023-06-04T01:18:50.622+0000] {processor.py:768} INFO - DAG(s) dict_keys(['example_branch_dop_operator_v3']) retrieved from /home/airflow/.local/lib/python3.7/site-packages/airflow/example_dags/example_branch_python_dop_operator_3.py
[2023-06-04T01:18:50.673+0000] {logging_mixin.py:117} INFO - [2023-06-04T01:18:50.673+0000] {dag.py:2573} INFO - Sync 1 DAGs
[2023-06-04T01:18:50.712+0000] {logging_mixin.py:117} INFO - [2023-06-04T01:18:50.712+0000] {dag.py:3328} INFO - Setting next_dagrun for example_branch_dop_operator_v3 to 2023-06-04T01:17:00+00:00, run_after=2023-06-04T01:18:00+00:00
[2023-06-04T01:18:50.739+0000] {processor.py:178} INFO - Processing /home/airflow/.local/lib/python3.7/site-packages/airflow/example_dags/example_branch_python_dop_operator_3.py took 0.159 seconds
[2023-06-04T01:19:21.400+0000] {processor.py:156} INFO - Started process (PID=1668) to work on /home/airflow/.local/lib/python3.7/site-packages/airflow/example_dags/example_branch_python_dop_operator_3.py
[2023-06-04T01:19:21.402+0000] {processor.py:758} INFO - Processing file /home/airflow/.local/lib/python3.7/site-packages/airflow/example_dags/example_branch_python_dop_operator_3.py for tasks to queue
[2023-06-04T01:19:21.405+0000] {logging_mixin.py:117} INFO - [2023-06-04T01:19:21.404+0000] {dagbag.py:525} INFO - Filling up the DagBag from /home/airflow/.local/lib/python3.7/site-packages/airflow/example_dags/example_branch_python_dop_operator_3.py
[2023-06-04T01:19:21.438+0000] {processor.py:768} INFO - DAG(s) dict_keys(['example_branch_dop_operator_v3']) retrieved from /home/airflow/.local/lib/python3.7/site-packages/airflow/example_dags/example_branch_python_dop_operator_3.py
[2023-06-04T01:19:21.488+0000] {logging_mixin.py:117} INFO - [2023-06-04T01:19:21.488+0000] {dag.py:2573} INFO - Sync 1 DAGs
[2023-06-04T01:19:21.528+0000] {logging_mixin.py:117} INFO - [2023-06-04T01:19:21.528+0000] {dag.py:3328} INFO - Setting next_dagrun for example_branch_dop_operator_v3 to 2023-06-04T01:18:00+00:00, run_after=2023-06-04T01:19:00+00:00
[2023-06-04T01:19:21.552+0000] {processor.py:178} INFO - Processing /home/airflow/.local/lib/python3.7/site-packages/airflow/example_dags/example_branch_python_dop_operator_3.py took 0.158 seconds
[2023-06-04T01:20:42.537+0000] {processor.py:157} INFO - Started process (PID=79) to work on /home/airflow/.local/lib/python3.7/site-packages/airflow/example_dags/example_branch_python_dop_operator_3.py
[2023-06-04T01:20:42.540+0000] {processor.py:826} INFO - Processing file /home/airflow/.local/lib/python3.7/site-packages/airflow/example_dags/example_branch_python_dop_operator_3.py for tasks to queue
[2023-06-04T01:20:42.542+0000] {logging_mixin.py:149} INFO - [2023-06-04T01:20:42.542+0000] {dagbag.py:541} INFO - Filling up the DagBag from /home/airflow/.local/lib/python3.7/site-packages/airflow/example_dags/example_branch_python_dop_operator_3.py
[2023-06-04T01:20:42.559+0000] {processor.py:836} INFO - DAG(s) dict_keys(['example_branch_dop_operator_v3']) retrieved from /home/airflow/.local/lib/python3.7/site-packages/airflow/example_dags/example_branch_python_dop_operator_3.py
[2023-06-04T01:20:42.585+0000] {logging_mixin.py:149} INFO - [2023-06-04T01:20:42.584+0000] {dag.py:2726} INFO - Sync 1 DAGs
[2023-06-04T01:20:42.647+0000] {logging_mixin.py:149} INFO - [2023-06-04T01:20:42.647+0000] {dag.py:3490} INFO - Setting next_dagrun for example_branch_dop_operator_v3 to 2023-06-04T01:19:00+00:00, run_after=2023-06-04T01:20:00+00:00
[2023-06-04T01:20:42.675+0000] {processor.py:179} INFO - Processing /home/airflow/.local/lib/python3.7/site-packages/airflow/example_dags/example_branch_python_dop_operator_3.py took 0.144 seconds
[2023-06-04T01:21:12.737+0000] {processor.py:157} INFO - Started process (PID=148) to work on /home/airflow/.local/lib/python3.7/site-packages/airflow/example_dags/example_branch_python_dop_operator_3.py
[2023-06-04T01:21:12.740+0000] {processor.py:826} INFO - Processing file /home/airflow/.local/lib/python3.7/site-packages/airflow/example_dags/example_branch_python_dop_operator_3.py for tasks to queue
[2023-06-04T01:21:12.742+0000] {logging_mixin.py:149} INFO - [2023-06-04T01:21:12.742+0000] {dagbag.py:541} INFO - Filling up the DagBag from /home/airflow/.local/lib/python3.7/site-packages/airflow/example_dags/example_branch_python_dop_operator_3.py
[2023-06-04T01:21:12.755+0000] {processor.py:836} INFO - DAG(s) dict_keys(['example_branch_dop_operator_v3']) retrieved from /home/airflow/.local/lib/python3.7/site-packages/airflow/example_dags/example_branch_python_dop_operator_3.py
[2023-06-04T01:21:12.796+0000] {logging_mixin.py:149} INFO - [2023-06-04T01:21:12.795+0000] {dag.py:2726} INFO - Sync 1 DAGs
[2023-06-04T01:21:12.839+0000] {logging_mixin.py:149} INFO - [2023-06-04T01:21:12.838+0000] {dag.py:3490} INFO - Setting next_dagrun for example_branch_dop_operator_v3 to 2023-06-04T01:20:00+00:00, run_after=2023-06-04T01:21:00+00:00
[2023-06-04T01:21:12.865+0000] {processor.py:179} INFO - Processing /home/airflow/.local/lib/python3.7/site-packages/airflow/example_dags/example_branch_python_dop_operator_3.py took 0.133 seconds
[2023-06-04T01:21:43.857+0000] {processor.py:157} INFO - Started process (PID=227) to work on /home/airflow/.local/lib/python3.7/site-packages/airflow/example_dags/example_branch_python_dop_operator_3.py
[2023-06-04T01:21:43.860+0000] {processor.py:826} INFO - Processing file /home/airflow/.local/lib/python3.7/site-packages/airflow/example_dags/example_branch_python_dop_operator_3.py for tasks to queue
[2023-06-04T01:21:43.863+0000] {logging_mixin.py:149} INFO - [2023-06-04T01:21:43.863+0000] {dagbag.py:541} INFO - Filling up the DagBag from /home/airflow/.local/lib/python3.7/site-packages/airflow/example_dags/example_branch_python_dop_operator_3.py
[2023-06-04T01:21:43.877+0000] {processor.py:836} INFO - DAG(s) dict_keys(['example_branch_dop_operator_v3']) retrieved from /home/airflow/.local/lib/python3.7/site-packages/airflow/example_dags/example_branch_python_dop_operator_3.py
[2023-06-04T01:21:43.914+0000] {logging_mixin.py:149} INFO - [2023-06-04T01:21:43.914+0000] {dag.py:2726} INFO - Sync 1 DAGs
[2023-06-04T01:21:43.960+0000] {logging_mixin.py:149} INFO - [2023-06-04T01:21:43.960+0000] {dag.py:3490} INFO - Setting next_dagrun for example_branch_dop_operator_v3 to 2023-06-04T01:20:00+00:00, run_after=2023-06-04T01:21:00+00:00
[2023-06-04T01:21:43.989+0000] {processor.py:179} INFO - Processing /home/airflow/.local/lib/python3.7/site-packages/airflow/example_dags/example_branch_python_dop_operator_3.py took 0.138 seconds
[2023-06-04T01:22:14.310+0000] {processor.py:157} INFO - Started process (PID=297) to work on /home/airflow/.local/lib/python3.7/site-packages/airflow/example_dags/example_branch_python_dop_operator_3.py
[2023-06-04T01:22:14.312+0000] {processor.py:826} INFO - Processing file /home/airflow/.local/lib/python3.7/site-packages/airflow/example_dags/example_branch_python_dop_operator_3.py for tasks to queue
[2023-06-04T01:22:14.314+0000] {logging_mixin.py:149} INFO - [2023-06-04T01:22:14.314+0000] {dagbag.py:541} INFO - Filling up the DagBag from /home/airflow/.local/lib/python3.7/site-packages/airflow/example_dags/example_branch_python_dop_operator_3.py
[2023-06-04T01:22:14.329+0000] {processor.py:836} INFO - DAG(s) dict_keys(['example_branch_dop_operator_v3']) retrieved from /home/airflow/.local/lib/python3.7/site-packages/airflow/example_dags/example_branch_python_dop_operator_3.py
[2023-06-04T01:22:14.372+0000] {logging_mixin.py:149} INFO - [2023-06-04T01:22:14.371+0000] {dag.py:2726} INFO - Sync 1 DAGs
[2023-06-04T01:22:14.429+0000] {logging_mixin.py:149} INFO - [2023-06-04T01:22:14.428+0000] {dag.py:3490} INFO - Setting next_dagrun for example_branch_dop_operator_v3 to 2023-06-04T01:21:00+00:00, run_after=2023-06-04T01:22:00+00:00
[2023-06-04T01:22:14.467+0000] {processor.py:179} INFO - Processing /home/airflow/.local/lib/python3.7/site-packages/airflow/example_dags/example_branch_python_dop_operator_3.py took 0.163 seconds
[2023-06-04T01:22:45.045+0000] {processor.py:157} INFO - Started process (PID=376) to work on /home/airflow/.local/lib/python3.7/site-packages/airflow/example_dags/example_branch_python_dop_operator_3.py
[2023-06-04T01:22:45.052+0000] {processor.py:826} INFO - Processing file /home/airflow/.local/lib/python3.7/site-packages/airflow/example_dags/example_branch_python_dop_operator_3.py for tasks to queue
[2023-06-04T01:22:45.054+0000] {logging_mixin.py:149} INFO - [2023-06-04T01:22:45.054+0000] {dagbag.py:541} INFO - Filling up the DagBag from /home/airflow/.local/lib/python3.7/site-packages/airflow/example_dags/example_branch_python_dop_operator_3.py
[2023-06-04T01:22:45.068+0000] {processor.py:836} INFO - DAG(s) dict_keys(['example_branch_dop_operator_v3']) retrieved from /home/airflow/.local/lib/python3.7/site-packages/airflow/example_dags/example_branch_python_dop_operator_3.py
[2023-06-04T01:22:45.103+0000] {logging_mixin.py:149} INFO - [2023-06-04T01:22:45.102+0000] {dag.py:2726} INFO - Sync 1 DAGs
[2023-06-04T01:22:45.144+0000] {logging_mixin.py:149} INFO - [2023-06-04T01:22:45.143+0000] {dag.py:3490} INFO - Setting next_dagrun for example_branch_dop_operator_v3 to 2023-06-04T01:21:00+00:00, run_after=2023-06-04T01:22:00+00:00
[2023-06-04T01:22:45.169+0000] {processor.py:179} INFO - Processing /home/airflow/.local/lib/python3.7/site-packages/airflow/example_dags/example_branch_python_dop_operator_3.py took 0.130 seconds
[2023-06-04T01:23:15.794+0000] {processor.py:157} INFO - Started process (PID=446) to work on /home/airflow/.local/lib/python3.7/site-packages/airflow/example_dags/example_branch_python_dop_operator_3.py
[2023-06-04T01:23:15.796+0000] {processor.py:826} INFO - Processing file /home/airflow/.local/lib/python3.7/site-packages/airflow/example_dags/example_branch_python_dop_operator_3.py for tasks to queue
[2023-06-04T01:23:15.799+0000] {logging_mixin.py:149} INFO - [2023-06-04T01:23:15.798+0000] {dagbag.py:541} INFO - Filling up the DagBag from /home/airflow/.local/lib/python3.7/site-packages/airflow/example_dags/example_branch_python_dop_operator_3.py
[2023-06-04T01:23:15.814+0000] {processor.py:836} INFO - DAG(s) dict_keys(['example_branch_dop_operator_v3']) retrieved from /home/airflow/.local/lib/python3.7/site-packages/airflow/example_dags/example_branch_python_dop_operator_3.py
[2023-06-04T01:23:15.854+0000] {logging_mixin.py:149} INFO - [2023-06-04T01:23:15.853+0000] {dag.py:2726} INFO - Sync 1 DAGs
[2023-06-04T01:23:15.895+0000] {logging_mixin.py:149} INFO - [2023-06-04T01:23:15.894+0000] {dag.py:3490} INFO - Setting next_dagrun for example_branch_dop_operator_v3 to 2023-06-04T01:22:00+00:00, run_after=2023-06-04T01:23:00+00:00
[2023-06-04T01:23:15.918+0000] {processor.py:179} INFO - Processing /home/airflow/.local/lib/python3.7/site-packages/airflow/example_dags/example_branch_python_dop_operator_3.py took 0.130 seconds
[2023-06-04T01:23:46.762+0000] {processor.py:157} INFO - Started process (PID=516) to work on /home/airflow/.local/lib/python3.7/site-packages/airflow/example_dags/example_branch_python_dop_operator_3.py
[2023-06-04T01:23:46.764+0000] {processor.py:826} INFO - Processing file /home/airflow/.local/lib/python3.7/site-packages/airflow/example_dags/example_branch_python_dop_operator_3.py for tasks to queue
[2023-06-04T01:23:46.766+0000] {logging_mixin.py:149} INFO - [2023-06-04T01:23:46.766+0000] {dagbag.py:541} INFO - Filling up the DagBag from /home/airflow/.local/lib/python3.7/site-packages/airflow/example_dags/example_branch_python_dop_operator_3.py
[2023-06-04T01:23:46.778+0000] {processor.py:836} INFO - DAG(s) dict_keys(['example_branch_dop_operator_v3']) retrieved from /home/airflow/.local/lib/python3.7/site-packages/airflow/example_dags/example_branch_python_dop_operator_3.py
[2023-06-04T01:23:46.815+0000] {logging_mixin.py:149} INFO - [2023-06-04T01:23:46.815+0000] {dag.py:2726} INFO - Sync 1 DAGs
[2023-06-04T01:23:46.863+0000] {logging_mixin.py:149} INFO - [2023-06-04T01:23:46.863+0000] {dag.py:3490} INFO - Setting next_dagrun for example_branch_dop_operator_v3 to 2023-06-04T01:22:00+00:00, run_after=2023-06-04T01:23:00+00:00
[2023-06-04T01:23:46.889+0000] {processor.py:179} INFO - Processing /home/airflow/.local/lib/python3.7/site-packages/airflow/example_dags/example_branch_python_dop_operator_3.py took 0.132 seconds
[2023-06-04T01:24:17.250+0000] {processor.py:157} INFO - Started process (PID=595) to work on /home/airflow/.local/lib/python3.7/site-packages/airflow/example_dags/example_branch_python_dop_operator_3.py
[2023-06-04T01:24:17.252+0000] {processor.py:826} INFO - Processing file /home/airflow/.local/lib/python3.7/site-packages/airflow/example_dags/example_branch_python_dop_operator_3.py for tasks to queue
[2023-06-04T01:24:17.255+0000] {logging_mixin.py:149} INFO - [2023-06-04T01:24:17.254+0000] {dagbag.py:541} INFO - Filling up the DagBag from /home/airflow/.local/lib/python3.7/site-packages/airflow/example_dags/example_branch_python_dop_operator_3.py
[2023-06-04T01:24:17.266+0000] {processor.py:836} INFO - DAG(s) dict_keys(['example_branch_dop_operator_v3']) retrieved from /home/airflow/.local/lib/python3.7/site-packages/airflow/example_dags/example_branch_python_dop_operator_3.py
[2023-06-04T01:24:17.298+0000] {logging_mixin.py:149} INFO - [2023-06-04T01:24:17.298+0000] {dag.py:2726} INFO - Sync 1 DAGs
[2023-06-04T01:24:17.336+0000] {logging_mixin.py:149} INFO - [2023-06-04T01:24:17.336+0000] {dag.py:3490} INFO - Setting next_dagrun for example_branch_dop_operator_v3 to 2023-06-04T01:23:00+00:00, run_after=2023-06-04T01:24:00+00:00
[2023-06-04T01:24:17.361+0000] {processor.py:179} INFO - Processing /home/airflow/.local/lib/python3.7/site-packages/airflow/example_dags/example_branch_python_dop_operator_3.py took 0.116 seconds
[2023-06-04T01:24:48.054+0000] {processor.py:157} INFO - Started process (PID=665) to work on /home/airflow/.local/lib/python3.7/site-packages/airflow/example_dags/example_branch_python_dop_operator_3.py
[2023-06-04T01:24:48.057+0000] {processor.py:826} INFO - Processing file /home/airflow/.local/lib/python3.7/site-packages/airflow/example_dags/example_branch_python_dop_operator_3.py for tasks to queue
[2023-06-04T01:24:48.059+0000] {logging_mixin.py:149} INFO - [2023-06-04T01:24:48.058+0000] {dagbag.py:541} INFO - Filling up the DagBag from /home/airflow/.local/lib/python3.7/site-packages/airflow/example_dags/example_branch_python_dop_operator_3.py
[2023-06-04T01:24:48.071+0000] {processor.py:836} INFO - DAG(s) dict_keys(['example_branch_dop_operator_v3']) retrieved from /home/airflow/.local/lib/python3.7/site-packages/airflow/example_dags/example_branch_python_dop_operator_3.py
[2023-06-04T01:24:48.109+0000] {logging_mixin.py:149} INFO - [2023-06-04T01:24:48.109+0000] {dag.py:2726} INFO - Sync 1 DAGs
[2023-06-04T01:24:48.153+0000] {logging_mixin.py:149} INFO - [2023-06-04T01:24:48.153+0000] {dag.py:3490} INFO - Setting next_dagrun for example_branch_dop_operator_v3 to 2023-06-04T01:23:00+00:00, run_after=2023-06-04T01:24:00+00:00
[2023-06-04T01:24:48.178+0000] {processor.py:179} INFO - Processing /home/airflow/.local/lib/python3.7/site-packages/airflow/example_dags/example_branch_python_dop_operator_3.py took 0.130 seconds
[2023-06-04T01:25:18.970+0000] {processor.py:157} INFO - Started process (PID=744) to work on /home/airflow/.local/lib/python3.7/site-packages/airflow/example_dags/example_branch_python_dop_operator_3.py
[2023-06-04T01:25:18.973+0000] {processor.py:826} INFO - Processing file /home/airflow/.local/lib/python3.7/site-packages/airflow/example_dags/example_branch_python_dop_operator_3.py for tasks to queue
[2023-06-04T01:25:18.975+0000] {logging_mixin.py:149} INFO - [2023-06-04T01:25:18.975+0000] {dagbag.py:541} INFO - Filling up the DagBag from /home/airflow/.local/lib/python3.7/site-packages/airflow/example_dags/example_branch_python_dop_operator_3.py
[2023-06-04T01:25:18.987+0000] {processor.py:836} INFO - DAG(s) dict_keys(['example_branch_dop_operator_v3']) retrieved from /home/airflow/.local/lib/python3.7/site-packages/airflow/example_dags/example_branch_python_dop_operator_3.py
[2023-06-04T01:25:19.032+0000] {logging_mixin.py:149} INFO - [2023-06-04T01:25:19.032+0000] {dag.py:2726} INFO - Sync 1 DAGs
[2023-06-04T01:25:19.090+0000] {logging_mixin.py:149} INFO - [2023-06-04T01:25:19.089+0000] {dag.py:3490} INFO - Setting next_dagrun for example_branch_dop_operator_v3 to 2023-06-04T01:24:00+00:00, run_after=2023-06-04T01:25:00+00:00
[2023-06-04T01:25:19.119+0000] {processor.py:179} INFO - Processing /home/airflow/.local/lib/python3.7/site-packages/airflow/example_dags/example_branch_python_dop_operator_3.py took 0.153 seconds
[2023-06-04T01:25:49.277+0000] {processor.py:157} INFO - Started process (PID=814) to work on /home/airflow/.local/lib/python3.7/site-packages/airflow/example_dags/example_branch_python_dop_operator_3.py
[2023-06-04T01:25:49.280+0000] {processor.py:826} INFO - Processing file /home/airflow/.local/lib/python3.7/site-packages/airflow/example_dags/example_branch_python_dop_operator_3.py for tasks to queue
[2023-06-04T01:25:49.282+0000] {logging_mixin.py:149} INFO - [2023-06-04T01:25:49.282+0000] {dagbag.py:541} INFO - Filling up the DagBag from /home/airflow/.local/lib/python3.7/site-packages/airflow/example_dags/example_branch_python_dop_operator_3.py
[2023-06-04T01:25:49.295+0000] {processor.py:836} INFO - DAG(s) dict_keys(['example_branch_dop_operator_v3']) retrieved from /home/airflow/.local/lib/python3.7/site-packages/airflow/example_dags/example_branch_python_dop_operator_3.py
[2023-06-04T01:25:49.332+0000] {logging_mixin.py:149} INFO - [2023-06-04T01:25:49.332+0000] {dag.py:2726} INFO - Sync 1 DAGs
[2023-06-04T01:25:49.373+0000] {logging_mixin.py:149} INFO - [2023-06-04T01:25:49.372+0000] {dag.py:3490} INFO - Setting next_dagrun for example_branch_dop_operator_v3 to 2023-06-04T01:24:00+00:00, run_after=2023-06-04T01:25:00+00:00
[2023-06-04T01:25:49.396+0000] {processor.py:179} INFO - Processing /home/airflow/.local/lib/python3.7/site-packages/airflow/example_dags/example_branch_python_dop_operator_3.py took 0.124 seconds
