[2023-06-04T00:36:54.807+0000] {processor.py:156} INFO - Started process (PID=61) to work on /home/airflow/.local/lib/python3.7/site-packages/airflow/example_dags/example_sla_dag.py
[2023-06-04T00:36:54.818+0000] {processor.py:758} INFO - Processing file /home/airflow/.local/lib/python3.7/site-packages/airflow/example_dags/example_sla_dag.py for tasks to queue
[2023-06-04T00:36:54.821+0000] {logging_mixin.py:117} INFO - [2023-06-04T00:36:54.820+0000] {dagbag.py:525} INFO - Filling up the DagBag from /home/airflow/.local/lib/python3.7/site-packages/airflow/example_dags/example_sla_dag.py
[2023-06-04T00:36:54.957+0000] {processor.py:768} INFO - DAG(s) dict_keys(['example_sla_dag']) retrieved from /home/airflow/.local/lib/python3.7/site-packages/airflow/example_dags/example_sla_dag.py
[2023-06-04T00:36:55.260+0000] {logging_mixin.py:117} INFO - [2023-06-04T00:36:55.260+0000] {manager.py:507} INFO - Created Permission View: can delete on DAG:example_sla_dag
[2023-06-04T00:36:55.280+0000] {logging_mixin.py:117} INFO - [2023-06-04T00:36:55.280+0000] {manager.py:507} INFO - Created Permission View: can read on DAG:example_sla_dag
[2023-06-04T00:36:55.293+0000] {logging_mixin.py:117} INFO - [2023-06-04T00:36:55.293+0000] {manager.py:507} INFO - Created Permission View: can edit on DAG:example_sla_dag
[2023-06-04T00:36:55.295+0000] {logging_mixin.py:117} INFO - [2023-06-04T00:36:55.294+0000] {dag.py:2573} INFO - Sync 1 DAGs
[2023-06-04T00:36:55.313+0000] {logging_mixin.py:117} INFO - [2023-06-04T00:36:55.312+0000] {dag.py:2594} INFO - Creating ORM DAG for example_sla_dag
[2023-06-04T00:36:55.339+0000] {logging_mixin.py:117} INFO - [2023-06-04T00:36:55.339+0000] {dag.py:3328} INFO - Setting next_dagrun for example_sla_dag to 2023-06-04T00:34:00+00:00, run_after=2023-06-04T00:36:00+00:00
[2023-06-04T00:36:55.364+0000] {processor.py:178} INFO - Processing /home/airflow/.local/lib/python3.7/site-packages/airflow/example_dags/example_sla_dag.py took 0.579 seconds
[2023-06-04T00:37:25.592+0000] {processor.py:156} INFO - Started process (PID=121) to work on /home/airflow/.local/lib/python3.7/site-packages/airflow/example_dags/example_sla_dag.py
[2023-06-04T00:37:25.594+0000] {processor.py:758} INFO - Processing file /home/airflow/.local/lib/python3.7/site-packages/airflow/example_dags/example_sla_dag.py for tasks to queue
[2023-06-04T00:37:25.597+0000] {logging_mixin.py:117} INFO - [2023-06-04T00:37:25.597+0000] {dagbag.py:525} INFO - Filling up the DagBag from /home/airflow/.local/lib/python3.7/site-packages/airflow/example_dags/example_sla_dag.py
[2023-06-04T00:37:25.635+0000] {processor.py:768} INFO - DAG(s) dict_keys(['example_sla_dag']) retrieved from /home/airflow/.local/lib/python3.7/site-packages/airflow/example_dags/example_sla_dag.py
[2023-06-04T00:37:25.697+0000] {logging_mixin.py:117} INFO - [2023-06-04T00:37:25.697+0000] {dag.py:2573} INFO - Sync 1 DAGs
[2023-06-04T00:37:25.741+0000] {logging_mixin.py:117} INFO - [2023-06-04T00:37:25.741+0000] {dag.py:3328} INFO - Setting next_dagrun for example_sla_dag to 2023-06-04T00:34:00+00:00, run_after=2023-06-04T00:36:00+00:00
[2023-06-04T00:37:25.774+0000] {processor.py:178} INFO - Processing /home/airflow/.local/lib/python3.7/site-packages/airflow/example_dags/example_sla_dag.py took 0.187 seconds
[2023-06-04T00:37:55.985+0000] {processor.py:156} INFO - Started process (PID=178) to work on /home/airflow/.local/lib/python3.7/site-packages/airflow/example_dags/example_sla_dag.py
[2023-06-04T00:37:55.987+0000] {processor.py:758} INFO - Processing file /home/airflow/.local/lib/python3.7/site-packages/airflow/example_dags/example_sla_dag.py for tasks to queue
[2023-06-04T00:37:55.989+0000] {logging_mixin.py:117} INFO - [2023-06-04T00:37:55.989+0000] {dagbag.py:525} INFO - Filling up the DagBag from /home/airflow/.local/lib/python3.7/site-packages/airflow/example_dags/example_sla_dag.py
[2023-06-04T00:37:56.018+0000] {processor.py:768} INFO - DAG(s) dict_keys(['example_sla_dag']) retrieved from /home/airflow/.local/lib/python3.7/site-packages/airflow/example_dags/example_sla_dag.py
[2023-06-04T00:37:56.068+0000] {logging_mixin.py:117} INFO - [2023-06-04T00:37:56.068+0000] {dag.py:2573} INFO - Sync 1 DAGs
[2023-06-04T00:37:56.106+0000] {logging_mixin.py:117} INFO - [2023-06-04T00:37:56.106+0000] {dag.py:3328} INFO - Setting next_dagrun for example_sla_dag to 2023-06-04T00:34:00+00:00, run_after=2023-06-04T00:36:00+00:00
[2023-06-04T00:37:56.128+0000] {processor.py:178} INFO - Processing /home/airflow/.local/lib/python3.7/site-packages/airflow/example_dags/example_sla_dag.py took 0.148 seconds
[2023-06-04T00:38:26.308+0000] {processor.py:156} INFO - Started process (PID=241) to work on /home/airflow/.local/lib/python3.7/site-packages/airflow/example_dags/example_sla_dag.py
[2023-06-04T00:38:26.311+0000] {processor.py:758} INFO - Processing file /home/airflow/.local/lib/python3.7/site-packages/airflow/example_dags/example_sla_dag.py for tasks to queue
[2023-06-04T00:38:26.313+0000] {logging_mixin.py:117} INFO - [2023-06-04T00:38:26.313+0000] {dagbag.py:525} INFO - Filling up the DagBag from /home/airflow/.local/lib/python3.7/site-packages/airflow/example_dags/example_sla_dag.py
[2023-06-04T00:38:26.349+0000] {processor.py:768} INFO - DAG(s) dict_keys(['example_sla_dag']) retrieved from /home/airflow/.local/lib/python3.7/site-packages/airflow/example_dags/example_sla_dag.py
[2023-06-04T00:38:26.402+0000] {logging_mixin.py:117} INFO - [2023-06-04T00:38:26.401+0000] {dag.py:2573} INFO - Sync 1 DAGs
[2023-06-04T00:38:26.436+0000] {logging_mixin.py:117} INFO - [2023-06-04T00:38:26.436+0000] {dag.py:3328} INFO - Setting next_dagrun for example_sla_dag to 2023-06-04T00:36:00+00:00, run_after=2023-06-04T00:38:00+00:00
[2023-06-04T00:38:26.457+0000] {processor.py:178} INFO - Processing /home/airflow/.local/lib/python3.7/site-packages/airflow/example_dags/example_sla_dag.py took 0.154 seconds
[2023-06-04T00:38:56.833+0000] {processor.py:156} INFO - Started process (PID=304) to work on /home/airflow/.local/lib/python3.7/site-packages/airflow/example_dags/example_sla_dag.py
[2023-06-04T00:38:56.835+0000] {processor.py:758} INFO - Processing file /home/airflow/.local/lib/python3.7/site-packages/airflow/example_dags/example_sla_dag.py for tasks to queue
[2023-06-04T00:38:56.837+0000] {logging_mixin.py:117} INFO - [2023-06-04T00:38:56.836+0000] {dagbag.py:525} INFO - Filling up the DagBag from /home/airflow/.local/lib/python3.7/site-packages/airflow/example_dags/example_sla_dag.py
[2023-06-04T00:38:56.870+0000] {processor.py:768} INFO - DAG(s) dict_keys(['example_sla_dag']) retrieved from /home/airflow/.local/lib/python3.7/site-packages/airflow/example_dags/example_sla_dag.py
[2023-06-04T00:38:56.922+0000] {logging_mixin.py:117} INFO - [2023-06-04T00:38:56.921+0000] {dag.py:2573} INFO - Sync 1 DAGs
[2023-06-04T00:38:56.956+0000] {logging_mixin.py:117} INFO - [2023-06-04T00:38:56.956+0000] {dag.py:3328} INFO - Setting next_dagrun for example_sla_dag to 2023-06-04T00:36:00+00:00, run_after=2023-06-04T00:38:00+00:00
[2023-06-04T00:38:56.975+0000] {processor.py:178} INFO - Processing /home/airflow/.local/lib/python3.7/site-packages/airflow/example_dags/example_sla_dag.py took 0.147 seconds
[2023-06-04T00:59:48.000+0000] {processor.py:156} INFO - Started process (PID=62) to work on /home/airflow/.local/lib/python3.7/site-packages/airflow/example_dags/example_sla_dag.py
[2023-06-04T00:59:48.003+0000] {processor.py:758} INFO - Processing file /home/airflow/.local/lib/python3.7/site-packages/airflow/example_dags/example_sla_dag.py for tasks to queue
[2023-06-04T00:59:48.005+0000] {logging_mixin.py:117} INFO - [2023-06-04T00:59:48.004+0000] {dagbag.py:525} INFO - Filling up the DagBag from /home/airflow/.local/lib/python3.7/site-packages/airflow/example_dags/example_sla_dag.py
[2023-06-04T00:59:48.042+0000] {processor.py:768} INFO - DAG(s) dict_keys(['example_sla_dag']) retrieved from /home/airflow/.local/lib/python3.7/site-packages/airflow/example_dags/example_sla_dag.py
[2023-06-04T00:59:48.088+0000] {logging_mixin.py:117} INFO - [2023-06-04T00:59:48.088+0000] {dag.py:2573} INFO - Sync 1 DAGs
[2023-06-04T00:59:48.134+0000] {logging_mixin.py:117} INFO - [2023-06-04T00:59:48.134+0000] {dag.py:3328} INFO - Setting next_dagrun for example_sla_dag to 2023-06-04T00:56:00+00:00, run_after=2023-06-04T00:58:00+00:00
[2023-06-04T00:59:48.164+0000] {processor.py:178} INFO - Processing /home/airflow/.local/lib/python3.7/site-packages/airflow/example_dags/example_sla_dag.py took 0.168 seconds
[2023-06-04T01:00:18.606+0000] {processor.py:156} INFO - Started process (PID=116) to work on /home/airflow/.local/lib/python3.7/site-packages/airflow/example_dags/example_sla_dag.py
[2023-06-04T01:00:18.609+0000] {processor.py:758} INFO - Processing file /home/airflow/.local/lib/python3.7/site-packages/airflow/example_dags/example_sla_dag.py for tasks to queue
[2023-06-04T01:00:18.611+0000] {logging_mixin.py:117} INFO - [2023-06-04T01:00:18.611+0000] {dagbag.py:525} INFO - Filling up the DagBag from /home/airflow/.local/lib/python3.7/site-packages/airflow/example_dags/example_sla_dag.py
[2023-06-04T01:00:18.659+0000] {processor.py:768} INFO - DAG(s) dict_keys(['example_sla_dag']) retrieved from /home/airflow/.local/lib/python3.7/site-packages/airflow/example_dags/example_sla_dag.py
[2023-06-04T01:00:18.729+0000] {logging_mixin.py:117} INFO - [2023-06-04T01:00:18.728+0000] {dag.py:2573} INFO - Sync 1 DAGs
[2023-06-04T01:00:18.782+0000] {logging_mixin.py:117} INFO - [2023-06-04T01:00:18.782+0000] {dag.py:3328} INFO - Setting next_dagrun for example_sla_dag to 2023-06-04T00:58:00+00:00, run_after=2023-06-04T01:00:00+00:00
[2023-06-04T01:00:18.815+0000] {processor.py:178} INFO - Processing /home/airflow/.local/lib/python3.7/site-packages/airflow/example_dags/example_sla_dag.py took 0.215 seconds
[2023-06-04T01:00:48.886+0000] {processor.py:156} INFO - Started process (PID=180) to work on /home/airflow/.local/lib/python3.7/site-packages/airflow/example_dags/example_sla_dag.py
[2023-06-04T01:00:48.890+0000] {processor.py:758} INFO - Processing file /home/airflow/.local/lib/python3.7/site-packages/airflow/example_dags/example_sla_dag.py for tasks to queue
[2023-06-04T01:00:48.893+0000] {logging_mixin.py:117} INFO - [2023-06-04T01:00:48.892+0000] {dagbag.py:525} INFO - Filling up the DagBag from /home/airflow/.local/lib/python3.7/site-packages/airflow/example_dags/example_sla_dag.py
[2023-06-04T01:00:48.956+0000] {processor.py:768} INFO - DAG(s) dict_keys(['example_sla_dag']) retrieved from /home/airflow/.local/lib/python3.7/site-packages/airflow/example_dags/example_sla_dag.py
[2023-06-04T01:00:49.077+0000] {logging_mixin.py:117} INFO - [2023-06-04T01:00:49.077+0000] {dag.py:2573} INFO - Sync 1 DAGs
[2023-06-04T01:00:49.177+0000] {logging_mixin.py:117} INFO - [2023-06-04T01:00:49.176+0000] {dag.py:3328} INFO - Setting next_dagrun for example_sla_dag to 2023-06-04T00:58:00+00:00, run_after=2023-06-04T01:00:00+00:00
[2023-06-04T01:00:49.255+0000] {processor.py:178} INFO - Processing /home/airflow/.local/lib/python3.7/site-packages/airflow/example_dags/example_sla_dag.py took 0.374 seconds
[2023-06-04T01:01:19.401+0000] {processor.py:156} INFO - Started process (PID=243) to work on /home/airflow/.local/lib/python3.7/site-packages/airflow/example_dags/example_sla_dag.py
[2023-06-04T01:01:19.403+0000] {processor.py:758} INFO - Processing file /home/airflow/.local/lib/python3.7/site-packages/airflow/example_dags/example_sla_dag.py for tasks to queue
[2023-06-04T01:01:19.405+0000] {logging_mixin.py:117} INFO - [2023-06-04T01:01:19.405+0000] {dagbag.py:525} INFO - Filling up the DagBag from /home/airflow/.local/lib/python3.7/site-packages/airflow/example_dags/example_sla_dag.py
[2023-06-04T01:01:19.439+0000] {processor.py:768} INFO - DAG(s) dict_keys(['example_sla_dag']) retrieved from /home/airflow/.local/lib/python3.7/site-packages/airflow/example_dags/example_sla_dag.py
[2023-06-04T01:01:19.494+0000] {logging_mixin.py:117} INFO - [2023-06-04T01:01:19.493+0000] {dag.py:2573} INFO - Sync 1 DAGs
[2023-06-04T01:01:19.533+0000] {logging_mixin.py:117} INFO - [2023-06-04T01:01:19.533+0000] {dag.py:3328} INFO - Setting next_dagrun for example_sla_dag to 2023-06-04T00:58:00+00:00, run_after=2023-06-04T01:00:00+00:00
[2023-06-04T01:01:19.562+0000] {processor.py:178} INFO - Processing /home/airflow/.local/lib/python3.7/site-packages/airflow/example_dags/example_sla_dag.py took 0.168 seconds
[2023-06-04T01:01:49.866+0000] {processor.py:156} INFO - Started process (PID=297) to work on /home/airflow/.local/lib/python3.7/site-packages/airflow/example_dags/example_sla_dag.py
[2023-06-04T01:01:49.869+0000] {processor.py:758} INFO - Processing file /home/airflow/.local/lib/python3.7/site-packages/airflow/example_dags/example_sla_dag.py for tasks to queue
[2023-06-04T01:01:49.872+0000] {logging_mixin.py:117} INFO - [2023-06-04T01:01:49.872+0000] {dagbag.py:525} INFO - Filling up the DagBag from /home/airflow/.local/lib/python3.7/site-packages/airflow/example_dags/example_sla_dag.py
[2023-06-04T01:01:49.910+0000] {processor.py:768} INFO - DAG(s) dict_keys(['example_sla_dag']) retrieved from /home/airflow/.local/lib/python3.7/site-packages/airflow/example_dags/example_sla_dag.py
[2023-06-04T01:01:49.968+0000] {logging_mixin.py:117} INFO - [2023-06-04T01:01:49.967+0000] {dag.py:2573} INFO - Sync 1 DAGs
[2023-06-04T01:01:50.023+0000] {logging_mixin.py:117} INFO - [2023-06-04T01:01:50.023+0000] {dag.py:3328} INFO - Setting next_dagrun for example_sla_dag to 2023-06-04T00:58:00+00:00, run_after=2023-06-04T01:00:00+00:00
[2023-06-04T01:01:50.058+0000] {processor.py:178} INFO - Processing /home/airflow/.local/lib/python3.7/site-packages/airflow/example_dags/example_sla_dag.py took 0.197 seconds
[2023-06-04T01:02:20.120+0000] {processor.py:156} INFO - Started process (PID=360) to work on /home/airflow/.local/lib/python3.7/site-packages/airflow/example_dags/example_sla_dag.py
[2023-06-04T01:02:20.122+0000] {processor.py:758} INFO - Processing file /home/airflow/.local/lib/python3.7/site-packages/airflow/example_dags/example_sla_dag.py for tasks to queue
[2023-06-04T01:02:20.123+0000] {logging_mixin.py:117} INFO - [2023-06-04T01:02:20.123+0000] {dagbag.py:525} INFO - Filling up the DagBag from /home/airflow/.local/lib/python3.7/site-packages/airflow/example_dags/example_sla_dag.py
[2023-06-04T01:02:20.159+0000] {processor.py:768} INFO - DAG(s) dict_keys(['example_sla_dag']) retrieved from /home/airflow/.local/lib/python3.7/site-packages/airflow/example_dags/example_sla_dag.py
[2023-06-04T01:02:20.219+0000] {logging_mixin.py:117} INFO - [2023-06-04T01:02:20.219+0000] {dag.py:2573} INFO - Sync 1 DAGs
[2023-06-04T01:02:20.258+0000] {logging_mixin.py:117} INFO - [2023-06-04T01:02:20.258+0000] {dag.py:3328} INFO - Setting next_dagrun for example_sla_dag to 2023-06-04T01:00:00+00:00, run_after=2023-06-04T01:02:00+00:00
[2023-06-04T01:02:20.291+0000] {processor.py:178} INFO - Processing /home/airflow/.local/lib/python3.7/site-packages/airflow/example_dags/example_sla_dag.py took 0.176 seconds
[2023-06-04T01:02:50.637+0000] {processor.py:156} INFO - Started process (PID=423) to work on /home/airflow/.local/lib/python3.7/site-packages/airflow/example_dags/example_sla_dag.py
[2023-06-04T01:02:50.639+0000] {processor.py:758} INFO - Processing file /home/airflow/.local/lib/python3.7/site-packages/airflow/example_dags/example_sla_dag.py for tasks to queue
[2023-06-04T01:02:50.642+0000] {logging_mixin.py:117} INFO - [2023-06-04T01:02:50.642+0000] {dagbag.py:525} INFO - Filling up the DagBag from /home/airflow/.local/lib/python3.7/site-packages/airflow/example_dags/example_sla_dag.py
[2023-06-04T01:02:50.675+0000] {processor.py:768} INFO - DAG(s) dict_keys(['example_sla_dag']) retrieved from /home/airflow/.local/lib/python3.7/site-packages/airflow/example_dags/example_sla_dag.py
[2023-06-04T01:02:50.728+0000] {logging_mixin.py:117} INFO - [2023-06-04T01:02:50.728+0000] {dag.py:2573} INFO - Sync 1 DAGs
[2023-06-04T01:02:50.767+0000] {logging_mixin.py:117} INFO - [2023-06-04T01:02:50.767+0000] {dag.py:3328} INFO - Setting next_dagrun for example_sla_dag to 2023-06-04T01:00:00+00:00, run_after=2023-06-04T01:02:00+00:00
[2023-06-04T01:02:50.796+0000] {processor.py:178} INFO - Processing /home/airflow/.local/lib/python3.7/site-packages/airflow/example_dags/example_sla_dag.py took 0.165 seconds
[2023-06-04T01:03:21.263+0000] {processor.py:156} INFO - Started process (PID=477) to work on /home/airflow/.local/lib/python3.7/site-packages/airflow/example_dags/example_sla_dag.py
[2023-06-04T01:03:21.266+0000] {processor.py:758} INFO - Processing file /home/airflow/.local/lib/python3.7/site-packages/airflow/example_dags/example_sla_dag.py for tasks to queue
[2023-06-04T01:03:21.268+0000] {logging_mixin.py:117} INFO - [2023-06-04T01:03:21.268+0000] {dagbag.py:525} INFO - Filling up the DagBag from /home/airflow/.local/lib/python3.7/site-packages/airflow/example_dags/example_sla_dag.py
[2023-06-04T01:03:21.301+0000] {processor.py:768} INFO - DAG(s) dict_keys(['example_sla_dag']) retrieved from /home/airflow/.local/lib/python3.7/site-packages/airflow/example_dags/example_sla_dag.py
[2023-06-04T01:03:21.357+0000] {logging_mixin.py:117} INFO - [2023-06-04T01:03:21.357+0000] {dag.py:2573} INFO - Sync 1 DAGs
[2023-06-04T01:03:21.403+0000] {logging_mixin.py:117} INFO - [2023-06-04T01:03:21.403+0000] {dag.py:3328} INFO - Setting next_dagrun for example_sla_dag to 2023-06-04T01:00:00+00:00, run_after=2023-06-04T01:02:00+00:00
[2023-06-04T01:03:21.428+0000] {processor.py:178} INFO - Processing /home/airflow/.local/lib/python3.7/site-packages/airflow/example_dags/example_sla_dag.py took 0.170 seconds
[2023-06-04T01:03:51.567+0000] {processor.py:156} INFO - Started process (PID=540) to work on /home/airflow/.local/lib/python3.7/site-packages/airflow/example_dags/example_sla_dag.py
[2023-06-04T01:03:51.569+0000] {processor.py:758} INFO - Processing file /home/airflow/.local/lib/python3.7/site-packages/airflow/example_dags/example_sla_dag.py for tasks to queue
[2023-06-04T01:03:51.570+0000] {logging_mixin.py:117} INFO - [2023-06-04T01:03:51.570+0000] {dagbag.py:525} INFO - Filling up the DagBag from /home/airflow/.local/lib/python3.7/site-packages/airflow/example_dags/example_sla_dag.py
[2023-06-04T01:03:51.601+0000] {processor.py:768} INFO - DAG(s) dict_keys(['example_sla_dag']) retrieved from /home/airflow/.local/lib/python3.7/site-packages/airflow/example_dags/example_sla_dag.py
[2023-06-04T01:03:51.650+0000] {logging_mixin.py:117} INFO - [2023-06-04T01:03:51.649+0000] {dag.py:2573} INFO - Sync 1 DAGs
[2023-06-04T01:03:51.683+0000] {logging_mixin.py:117} INFO - [2023-06-04T01:03:51.683+0000] {dag.py:3328} INFO - Setting next_dagrun for example_sla_dag to 2023-06-04T01:00:00+00:00, run_after=2023-06-04T01:02:00+00:00
[2023-06-04T01:03:51.701+0000] {processor.py:178} INFO - Processing /home/airflow/.local/lib/python3.7/site-packages/airflow/example_dags/example_sla_dag.py took 0.138 seconds
[2023-06-04T01:04:22.046+0000] {processor.py:156} INFO - Started process (PID=603) to work on /home/airflow/.local/lib/python3.7/site-packages/airflow/example_dags/example_sla_dag.py
[2023-06-04T01:04:22.049+0000] {processor.py:758} INFO - Processing file /home/airflow/.local/lib/python3.7/site-packages/airflow/example_dags/example_sla_dag.py for tasks to queue
[2023-06-04T01:04:22.050+0000] {logging_mixin.py:117} INFO - [2023-06-04T01:04:22.050+0000] {dagbag.py:525} INFO - Filling up the DagBag from /home/airflow/.local/lib/python3.7/site-packages/airflow/example_dags/example_sla_dag.py
[2023-06-04T01:04:22.082+0000] {processor.py:768} INFO - DAG(s) dict_keys(['example_sla_dag']) retrieved from /home/airflow/.local/lib/python3.7/site-packages/airflow/example_dags/example_sla_dag.py
[2023-06-04T01:04:22.132+0000] {logging_mixin.py:117} INFO - [2023-06-04T01:04:22.132+0000] {dag.py:2573} INFO - Sync 1 DAGs
[2023-06-04T01:04:22.174+0000] {logging_mixin.py:117} INFO - [2023-06-04T01:04:22.174+0000] {dag.py:3328} INFO - Setting next_dagrun for example_sla_dag to 2023-06-04T01:02:00+00:00, run_after=2023-06-04T01:04:00+00:00
[2023-06-04T01:04:22.200+0000] {processor.py:178} INFO - Processing /home/airflow/.local/lib/python3.7/site-packages/airflow/example_dags/example_sla_dag.py took 0.159 seconds
[2023-06-04T01:04:52.819+0000] {processor.py:156} INFO - Started process (PID=658) to work on /home/airflow/.local/lib/python3.7/site-packages/airflow/example_dags/example_sla_dag.py
[2023-06-04T01:04:52.822+0000] {processor.py:758} INFO - Processing file /home/airflow/.local/lib/python3.7/site-packages/airflow/example_dags/example_sla_dag.py for tasks to queue
[2023-06-04T01:04:52.823+0000] {logging_mixin.py:117} INFO - [2023-06-04T01:04:52.823+0000] {dagbag.py:525} INFO - Filling up the DagBag from /home/airflow/.local/lib/python3.7/site-packages/airflow/example_dags/example_sla_dag.py
[2023-06-04T01:04:52.856+0000] {processor.py:768} INFO - DAG(s) dict_keys(['example_sla_dag']) retrieved from /home/airflow/.local/lib/python3.7/site-packages/airflow/example_dags/example_sla_dag.py
[2023-06-04T01:04:52.907+0000] {logging_mixin.py:117} INFO - [2023-06-04T01:04:52.907+0000] {dag.py:2573} INFO - Sync 1 DAGs
[2023-06-04T01:04:52.946+0000] {logging_mixin.py:117} INFO - [2023-06-04T01:04:52.946+0000] {dag.py:3328} INFO - Setting next_dagrun for example_sla_dag to 2023-06-04T01:02:00+00:00, run_after=2023-06-04T01:04:00+00:00
[2023-06-04T01:04:52.969+0000] {processor.py:178} INFO - Processing /home/airflow/.local/lib/python3.7/site-packages/airflow/example_dags/example_sla_dag.py took 0.156 seconds
[2023-06-04T01:05:58.486+0000] {processor.py:156} INFO - Started process (PID=64) to work on /home/airflow/.local/lib/python3.7/site-packages/airflow/example_dags/example_sla_dag.py
[2023-06-04T01:05:58.489+0000] {processor.py:758} INFO - Processing file /home/airflow/.local/lib/python3.7/site-packages/airflow/example_dags/example_sla_dag.py for tasks to queue
[2023-06-04T01:05:58.492+0000] {logging_mixin.py:117} INFO - [2023-06-04T01:05:58.492+0000] {dagbag.py:525} INFO - Filling up the DagBag from /home/airflow/.local/lib/python3.7/site-packages/airflow/example_dags/example_sla_dag.py
[2023-06-04T01:05:58.532+0000] {processor.py:768} INFO - DAG(s) dict_keys(['example_sla_dag']) retrieved from /home/airflow/.local/lib/python3.7/site-packages/airflow/example_dags/example_sla_dag.py
[2023-06-04T01:05:58.575+0000] {logging_mixin.py:117} INFO - [2023-06-04T01:05:58.575+0000] {dag.py:2573} INFO - Sync 1 DAGs
[2023-06-04T01:05:58.627+0000] {logging_mixin.py:117} INFO - [2023-06-04T01:05:58.627+0000] {dag.py:3328} INFO - Setting next_dagrun for example_sla_dag to 2023-06-04T01:02:00+00:00, run_after=2023-06-04T01:04:00+00:00
[2023-06-04T01:05:58.666+0000] {processor.py:178} INFO - Processing /home/airflow/.local/lib/python3.7/site-packages/airflow/example_dags/example_sla_dag.py took 0.185 seconds
[2023-06-04T01:06:29.334+0000] {processor.py:156} INFO - Started process (PID=119) to work on /home/airflow/.local/lib/python3.7/site-packages/airflow/example_dags/example_sla_dag.py
[2023-06-04T01:06:29.336+0000] {processor.py:758} INFO - Processing file /home/airflow/.local/lib/python3.7/site-packages/airflow/example_dags/example_sla_dag.py for tasks to queue
[2023-06-04T01:06:29.338+0000] {logging_mixin.py:117} INFO - [2023-06-04T01:06:29.338+0000] {dagbag.py:525} INFO - Filling up the DagBag from /home/airflow/.local/lib/python3.7/site-packages/airflow/example_dags/example_sla_dag.py
[2023-06-04T01:06:29.375+0000] {processor.py:768} INFO - DAG(s) dict_keys(['example_sla_dag']) retrieved from /home/airflow/.local/lib/python3.7/site-packages/airflow/example_dags/example_sla_dag.py
[2023-06-04T01:06:29.425+0000] {logging_mixin.py:117} INFO - [2023-06-04T01:06:29.425+0000] {dag.py:2573} INFO - Sync 1 DAGs
[2023-06-04T01:06:29.460+0000] {logging_mixin.py:117} INFO - [2023-06-04T01:06:29.460+0000] {dag.py:3328} INFO - Setting next_dagrun for example_sla_dag to 2023-06-04T01:04:00+00:00, run_after=2023-06-04T01:06:00+00:00
[2023-06-04T01:06:29.484+0000] {processor.py:178} INFO - Processing /home/airflow/.local/lib/python3.7/site-packages/airflow/example_dags/example_sla_dag.py took 0.154 seconds
[2023-06-04T01:07:00.187+0000] {processor.py:156} INFO - Started process (PID=185) to work on /home/airflow/.local/lib/python3.7/site-packages/airflow/example_dags/example_sla_dag.py
[2023-06-04T01:07:00.189+0000] {processor.py:758} INFO - Processing file /home/airflow/.local/lib/python3.7/site-packages/airflow/example_dags/example_sla_dag.py for tasks to queue
[2023-06-04T01:07:00.192+0000] {logging_mixin.py:117} INFO - [2023-06-04T01:07:00.191+0000] {dagbag.py:525} INFO - Filling up the DagBag from /home/airflow/.local/lib/python3.7/site-packages/airflow/example_dags/example_sla_dag.py
[2023-06-04T01:07:00.225+0000] {processor.py:768} INFO - DAG(s) dict_keys(['example_sla_dag']) retrieved from /home/airflow/.local/lib/python3.7/site-packages/airflow/example_dags/example_sla_dag.py
[2023-06-04T01:07:00.274+0000] {logging_mixin.py:117} INFO - [2023-06-04T01:07:00.274+0000] {dag.py:2573} INFO - Sync 1 DAGs
[2023-06-04T01:07:00.311+0000] {logging_mixin.py:117} INFO - [2023-06-04T01:07:00.311+0000] {dag.py:3328} INFO - Setting next_dagrun for example_sla_dag to 2023-06-04T01:04:00+00:00, run_after=2023-06-04T01:06:00+00:00
[2023-06-04T01:07:00.335+0000] {processor.py:178} INFO - Processing /home/airflow/.local/lib/python3.7/site-packages/airflow/example_dags/example_sla_dag.py took 0.152 seconds
[2023-06-04T01:07:30.969+0000] {processor.py:156} INFO - Started process (PID=249) to work on /home/airflow/.local/lib/python3.7/site-packages/airflow/example_dags/example_sla_dag.py
[2023-06-04T01:07:30.971+0000] {processor.py:758} INFO - Processing file /home/airflow/.local/lib/python3.7/site-packages/airflow/example_dags/example_sla_dag.py for tasks to queue
[2023-06-04T01:07:30.973+0000] {logging_mixin.py:117} INFO - [2023-06-04T01:07:30.973+0000] {dagbag.py:525} INFO - Filling up the DagBag from /home/airflow/.local/lib/python3.7/site-packages/airflow/example_dags/example_sla_dag.py
[2023-06-04T01:07:31.007+0000] {processor.py:768} INFO - DAG(s) dict_keys(['example_sla_dag']) retrieved from /home/airflow/.local/lib/python3.7/site-packages/airflow/example_dags/example_sla_dag.py
[2023-06-04T01:07:31.058+0000] {logging_mixin.py:117} INFO - [2023-06-04T01:07:31.058+0000] {dag.py:2573} INFO - Sync 1 DAGs
[2023-06-04T01:07:31.093+0000] {logging_mixin.py:117} INFO - [2023-06-04T01:07:31.093+0000] {dag.py:3328} INFO - Setting next_dagrun for example_sla_dag to 2023-06-04T01:04:00+00:00, run_after=2023-06-04T01:06:00+00:00
[2023-06-04T01:07:31.114+0000] {processor.py:178} INFO - Processing /home/airflow/.local/lib/python3.7/site-packages/airflow/example_dags/example_sla_dag.py took 0.149 seconds
[2023-06-04T01:08:01.663+0000] {processor.py:156} INFO - Started process (PID=313) to work on /home/airflow/.local/lib/python3.7/site-packages/airflow/example_dags/example_sla_dag.py
[2023-06-04T01:08:01.665+0000] {processor.py:758} INFO - Processing file /home/airflow/.local/lib/python3.7/site-packages/airflow/example_dags/example_sla_dag.py for tasks to queue
[2023-06-04T01:08:01.666+0000] {logging_mixin.py:117} INFO - [2023-06-04T01:08:01.666+0000] {dagbag.py:525} INFO - Filling up the DagBag from /home/airflow/.local/lib/python3.7/site-packages/airflow/example_dags/example_sla_dag.py
[2023-06-04T01:08:01.698+0000] {processor.py:768} INFO - DAG(s) dict_keys(['example_sla_dag']) retrieved from /home/airflow/.local/lib/python3.7/site-packages/airflow/example_dags/example_sla_dag.py
[2023-06-04T01:08:01.753+0000] {logging_mixin.py:117} INFO - [2023-06-04T01:08:01.752+0000] {dag.py:2573} INFO - Sync 1 DAGs
[2023-06-04T01:08:01.792+0000] {logging_mixin.py:117} INFO - [2023-06-04T01:08:01.792+0000] {dag.py:3328} INFO - Setting next_dagrun for example_sla_dag to 2023-06-04T01:06:00+00:00, run_after=2023-06-04T01:08:00+00:00
[2023-06-04T01:08:01.824+0000] {processor.py:178} INFO - Processing /home/airflow/.local/lib/python3.7/site-packages/airflow/example_dags/example_sla_dag.py took 0.165 seconds
[2023-06-04T01:08:32.437+0000] {processor.py:156} INFO - Started process (PID=368) to work on /home/airflow/.local/lib/python3.7/site-packages/airflow/example_dags/example_sla_dag.py
[2023-06-04T01:08:32.439+0000] {processor.py:758} INFO - Processing file /home/airflow/.local/lib/python3.7/site-packages/airflow/example_dags/example_sla_dag.py for tasks to queue
[2023-06-04T01:08:32.440+0000] {logging_mixin.py:117} INFO - [2023-06-04T01:08:32.440+0000] {dagbag.py:525} INFO - Filling up the DagBag from /home/airflow/.local/lib/python3.7/site-packages/airflow/example_dags/example_sla_dag.py
[2023-06-04T01:08:32.473+0000] {processor.py:768} INFO - DAG(s) dict_keys(['example_sla_dag']) retrieved from /home/airflow/.local/lib/python3.7/site-packages/airflow/example_dags/example_sla_dag.py
[2023-06-04T01:08:32.524+0000] {logging_mixin.py:117} INFO - [2023-06-04T01:08:32.524+0000] {dag.py:2573} INFO - Sync 1 DAGs
[2023-06-04T01:08:32.561+0000] {logging_mixin.py:117} INFO - [2023-06-04T01:08:32.561+0000] {dag.py:3328} INFO - Setting next_dagrun for example_sla_dag to 2023-06-04T01:06:00+00:00, run_after=2023-06-04T01:08:00+00:00
[2023-06-04T01:08:32.584+0000] {processor.py:178} INFO - Processing /home/airflow/.local/lib/python3.7/site-packages/airflow/example_dags/example_sla_dag.py took 0.152 seconds
[2023-06-04T01:09:03.314+0000] {processor.py:156} INFO - Started process (PID=432) to work on /home/airflow/.local/lib/python3.7/site-packages/airflow/example_dags/example_sla_dag.py
[2023-06-04T01:09:03.316+0000] {processor.py:758} INFO - Processing file /home/airflow/.local/lib/python3.7/site-packages/airflow/example_dags/example_sla_dag.py for tasks to queue
[2023-06-04T01:09:03.318+0000] {logging_mixin.py:117} INFO - [2023-06-04T01:09:03.318+0000] {dagbag.py:525} INFO - Filling up the DagBag from /home/airflow/.local/lib/python3.7/site-packages/airflow/example_dags/example_sla_dag.py
[2023-06-04T01:09:03.350+0000] {processor.py:768} INFO - DAG(s) dict_keys(['example_sla_dag']) retrieved from /home/airflow/.local/lib/python3.7/site-packages/airflow/example_dags/example_sla_dag.py
[2023-06-04T01:09:03.405+0000] {logging_mixin.py:117} INFO - [2023-06-04T01:09:03.405+0000] {dag.py:2573} INFO - Sync 1 DAGs
[2023-06-04T01:09:03.450+0000] {logging_mixin.py:117} INFO - [2023-06-04T01:09:03.449+0000] {dag.py:3328} INFO - Setting next_dagrun for example_sla_dag to 2023-06-04T01:06:00+00:00, run_after=2023-06-04T01:08:00+00:00
[2023-06-04T01:09:03.476+0000] {processor.py:178} INFO - Processing /home/airflow/.local/lib/python3.7/site-packages/airflow/example_dags/example_sla_dag.py took 0.166 seconds
[2023-06-04T01:09:34.371+0000] {processor.py:156} INFO - Started process (PID=496) to work on /home/airflow/.local/lib/python3.7/site-packages/airflow/example_dags/example_sla_dag.py
[2023-06-04T01:09:34.373+0000] {processor.py:758} INFO - Processing file /home/airflow/.local/lib/python3.7/site-packages/airflow/example_dags/example_sla_dag.py for tasks to queue
[2023-06-04T01:09:34.375+0000] {logging_mixin.py:117} INFO - [2023-06-04T01:09:34.375+0000] {dagbag.py:525} INFO - Filling up the DagBag from /home/airflow/.local/lib/python3.7/site-packages/airflow/example_dags/example_sla_dag.py
[2023-06-04T01:09:34.408+0000] {processor.py:768} INFO - DAG(s) dict_keys(['example_sla_dag']) retrieved from /home/airflow/.local/lib/python3.7/site-packages/airflow/example_dags/example_sla_dag.py
[2023-06-04T01:09:34.459+0000] {logging_mixin.py:117} INFO - [2023-06-04T01:09:34.458+0000] {dag.py:2573} INFO - Sync 1 DAGs
[2023-06-04T01:09:34.495+0000] {logging_mixin.py:117} INFO - [2023-06-04T01:09:34.494+0000] {dag.py:3328} INFO - Setting next_dagrun for example_sla_dag to 2023-06-04T01:06:00+00:00, run_after=2023-06-04T01:08:00+00:00
[2023-06-04T01:09:34.519+0000] {processor.py:178} INFO - Processing /home/airflow/.local/lib/python3.7/site-packages/airflow/example_dags/example_sla_dag.py took 0.152 seconds
[2023-06-04T01:10:05.213+0000] {processor.py:156} INFO - Started process (PID=551) to work on /home/airflow/.local/lib/python3.7/site-packages/airflow/example_dags/example_sla_dag.py
[2023-06-04T01:10:05.215+0000] {processor.py:758} INFO - Processing file /home/airflow/.local/lib/python3.7/site-packages/airflow/example_dags/example_sla_dag.py for tasks to queue
[2023-06-04T01:10:05.217+0000] {logging_mixin.py:117} INFO - [2023-06-04T01:10:05.217+0000] {dagbag.py:525} INFO - Filling up the DagBag from /home/airflow/.local/lib/python3.7/site-packages/airflow/example_dags/example_sla_dag.py
[2023-06-04T01:10:05.251+0000] {processor.py:768} INFO - DAG(s) dict_keys(['example_sla_dag']) retrieved from /home/airflow/.local/lib/python3.7/site-packages/airflow/example_dags/example_sla_dag.py
[2023-06-04T01:10:05.303+0000] {logging_mixin.py:117} INFO - [2023-06-04T01:10:05.303+0000] {dag.py:2573} INFO - Sync 1 DAGs
[2023-06-04T01:10:05.340+0000] {logging_mixin.py:117} INFO - [2023-06-04T01:10:05.340+0000] {dag.py:3328} INFO - Setting next_dagrun for example_sla_dag to 2023-06-04T01:08:00+00:00, run_after=2023-06-04T01:10:00+00:00
[2023-06-04T01:10:05.368+0000] {processor.py:178} INFO - Processing /home/airflow/.local/lib/python3.7/site-packages/airflow/example_dags/example_sla_dag.py took 0.159 seconds
[2023-06-04T01:10:35.762+0000] {processor.py:156} INFO - Started process (PID=615) to work on /home/airflow/.local/lib/python3.7/site-packages/airflow/example_dags/example_sla_dag.py
[2023-06-04T01:10:35.764+0000] {processor.py:758} INFO - Processing file /home/airflow/.local/lib/python3.7/site-packages/airflow/example_dags/example_sla_dag.py for tasks to queue
[2023-06-04T01:10:35.766+0000] {logging_mixin.py:117} INFO - [2023-06-04T01:10:35.766+0000] {dagbag.py:525} INFO - Filling up the DagBag from /home/airflow/.local/lib/python3.7/site-packages/airflow/example_dags/example_sla_dag.py
[2023-06-04T01:10:35.799+0000] {processor.py:768} INFO - DAG(s) dict_keys(['example_sla_dag']) retrieved from /home/airflow/.local/lib/python3.7/site-packages/airflow/example_dags/example_sla_dag.py
[2023-06-04T01:10:35.852+0000] {logging_mixin.py:117} INFO - [2023-06-04T01:10:35.852+0000] {dag.py:2573} INFO - Sync 1 DAGs
[2023-06-04T01:10:35.890+0000] {logging_mixin.py:117} INFO - [2023-06-04T01:10:35.890+0000] {dag.py:3328} INFO - Setting next_dagrun for example_sla_dag to 2023-06-04T01:08:00+00:00, run_after=2023-06-04T01:10:00+00:00
[2023-06-04T01:10:35.913+0000] {processor.py:178} INFO - Processing /home/airflow/.local/lib/python3.7/site-packages/airflow/example_dags/example_sla_dag.py took 0.156 seconds
[2023-06-04T01:11:06.323+0000] {processor.py:156} INFO - Started process (PID=679) to work on /home/airflow/.local/lib/python3.7/site-packages/airflow/example_dags/example_sla_dag.py
[2023-06-04T01:11:06.325+0000] {processor.py:758} INFO - Processing file /home/airflow/.local/lib/python3.7/site-packages/airflow/example_dags/example_sla_dag.py for tasks to queue
[2023-06-04T01:11:06.327+0000] {logging_mixin.py:117} INFO - [2023-06-04T01:11:06.326+0000] {dagbag.py:525} INFO - Filling up the DagBag from /home/airflow/.local/lib/python3.7/site-packages/airflow/example_dags/example_sla_dag.py
[2023-06-04T01:11:06.354+0000] {processor.py:768} INFO - DAG(s) dict_keys(['example_sla_dag']) retrieved from /home/airflow/.local/lib/python3.7/site-packages/airflow/example_dags/example_sla_dag.py
[2023-06-04T01:11:06.397+0000] {logging_mixin.py:117} INFO - [2023-06-04T01:11:06.397+0000] {dag.py:2573} INFO - Sync 1 DAGs
[2023-06-04T01:11:06.429+0000] {logging_mixin.py:117} INFO - [2023-06-04T01:11:06.429+0000] {dag.py:3328} INFO - Setting next_dagrun for example_sla_dag to 2023-06-04T01:08:00+00:00, run_after=2023-06-04T01:10:00+00:00
[2023-06-04T01:11:06.449+0000] {processor.py:178} INFO - Processing /home/airflow/.local/lib/python3.7/site-packages/airflow/example_dags/example_sla_dag.py took 0.130 seconds
[2023-06-04T01:11:37.226+0000] {processor.py:156} INFO - Started process (PID=734) to work on /home/airflow/.local/lib/python3.7/site-packages/airflow/example_dags/example_sla_dag.py
[2023-06-04T01:11:37.229+0000] {processor.py:758} INFO - Processing file /home/airflow/.local/lib/python3.7/site-packages/airflow/example_dags/example_sla_dag.py for tasks to queue
[2023-06-04T01:11:37.231+0000] {logging_mixin.py:117} INFO - [2023-06-04T01:11:37.231+0000] {dagbag.py:525} INFO - Filling up the DagBag from /home/airflow/.local/lib/python3.7/site-packages/airflow/example_dags/example_sla_dag.py
[2023-06-04T01:11:37.267+0000] {processor.py:768} INFO - DAG(s) dict_keys(['example_sla_dag']) retrieved from /home/airflow/.local/lib/python3.7/site-packages/airflow/example_dags/example_sla_dag.py
[2023-06-04T01:11:37.328+0000] {logging_mixin.py:117} INFO - [2023-06-04T01:11:37.328+0000] {dag.py:2573} INFO - Sync 1 DAGs
[2023-06-04T01:11:37.378+0000] {logging_mixin.py:117} INFO - [2023-06-04T01:11:37.378+0000] {dag.py:3328} INFO - Setting next_dagrun for example_sla_dag to 2023-06-04T01:08:00+00:00, run_after=2023-06-04T01:10:00+00:00
[2023-06-04T01:11:37.405+0000] {processor.py:178} INFO - Processing /home/airflow/.local/lib/python3.7/site-packages/airflow/example_dags/example_sla_dag.py took 0.184 seconds
[2023-06-04T01:12:07.602+0000] {processor.py:156} INFO - Started process (PID=798) to work on /home/airflow/.local/lib/python3.7/site-packages/airflow/example_dags/example_sla_dag.py
[2023-06-04T01:12:07.605+0000] {processor.py:758} INFO - Processing file /home/airflow/.local/lib/python3.7/site-packages/airflow/example_dags/example_sla_dag.py for tasks to queue
[2023-06-04T01:12:07.606+0000] {logging_mixin.py:117} INFO - [2023-06-04T01:12:07.606+0000] {dagbag.py:525} INFO - Filling up the DagBag from /home/airflow/.local/lib/python3.7/site-packages/airflow/example_dags/example_sla_dag.py
[2023-06-04T01:12:07.638+0000] {processor.py:768} INFO - DAG(s) dict_keys(['example_sla_dag']) retrieved from /home/airflow/.local/lib/python3.7/site-packages/airflow/example_dags/example_sla_dag.py
[2023-06-04T01:12:07.687+0000] {logging_mixin.py:117} INFO - [2023-06-04T01:12:07.687+0000] {dag.py:2573} INFO - Sync 1 DAGs
[2023-06-04T01:12:07.724+0000] {logging_mixin.py:117} INFO - [2023-06-04T01:12:07.723+0000] {dag.py:3328} INFO - Setting next_dagrun for example_sla_dag to 2023-06-04T01:10:00+00:00, run_after=2023-06-04T01:12:00+00:00
[2023-06-04T01:12:07.747+0000] {processor.py:178} INFO - Processing /home/airflow/.local/lib/python3.7/site-packages/airflow/example_dags/example_sla_dag.py took 0.149 seconds
[2023-06-04T01:12:38.135+0000] {processor.py:156} INFO - Started process (PID=862) to work on /home/airflow/.local/lib/python3.7/site-packages/airflow/example_dags/example_sla_dag.py
[2023-06-04T01:12:38.137+0000] {processor.py:758} INFO - Processing file /home/airflow/.local/lib/python3.7/site-packages/airflow/example_dags/example_sla_dag.py for tasks to queue
[2023-06-04T01:12:38.140+0000] {logging_mixin.py:117} INFO - [2023-06-04T01:12:38.140+0000] {dagbag.py:525} INFO - Filling up the DagBag from /home/airflow/.local/lib/python3.7/site-packages/airflow/example_dags/example_sla_dag.py
[2023-06-04T01:12:38.177+0000] {processor.py:768} INFO - DAG(s) dict_keys(['example_sla_dag']) retrieved from /home/airflow/.local/lib/python3.7/site-packages/airflow/example_dags/example_sla_dag.py
[2023-06-04T01:12:38.248+0000] {logging_mixin.py:117} INFO - [2023-06-04T01:12:38.247+0000] {dag.py:2573} INFO - Sync 1 DAGs
[2023-06-04T01:12:38.292+0000] {logging_mixin.py:117} INFO - [2023-06-04T01:12:38.292+0000] {dag.py:3328} INFO - Setting next_dagrun for example_sla_dag to 2023-06-04T01:10:00+00:00, run_after=2023-06-04T01:12:00+00:00
[2023-06-04T01:12:38.320+0000] {processor.py:178} INFO - Processing /home/airflow/.local/lib/python3.7/site-packages/airflow/example_dags/example_sla_dag.py took 0.190 seconds
[2023-06-04T01:13:08.488+0000] {processor.py:156} INFO - Started process (PID=926) to work on /home/airflow/.local/lib/python3.7/site-packages/airflow/example_dags/example_sla_dag.py
[2023-06-04T01:13:08.490+0000] {processor.py:758} INFO - Processing file /home/airflow/.local/lib/python3.7/site-packages/airflow/example_dags/example_sla_dag.py for tasks to queue
[2023-06-04T01:13:08.492+0000] {logging_mixin.py:117} INFO - [2023-06-04T01:13:08.492+0000] {dagbag.py:525} INFO - Filling up the DagBag from /home/airflow/.local/lib/python3.7/site-packages/airflow/example_dags/example_sla_dag.py
[2023-06-04T01:13:08.525+0000] {processor.py:768} INFO - DAG(s) dict_keys(['example_sla_dag']) retrieved from /home/airflow/.local/lib/python3.7/site-packages/airflow/example_dags/example_sla_dag.py
[2023-06-04T01:13:08.575+0000] {logging_mixin.py:117} INFO - [2023-06-04T01:13:08.575+0000] {dag.py:2573} INFO - Sync 1 DAGs
[2023-06-04T01:13:08.617+0000] {logging_mixin.py:117} INFO - [2023-06-04T01:13:08.617+0000] {dag.py:3328} INFO - Setting next_dagrun for example_sla_dag to 2023-06-04T01:10:00+00:00, run_after=2023-06-04T01:12:00+00:00
[2023-06-04T01:13:08.651+0000] {processor.py:178} INFO - Processing /home/airflow/.local/lib/python3.7/site-packages/airflow/example_dags/example_sla_dag.py took 0.167 seconds
[2023-06-04T01:13:38.910+0000] {processor.py:156} INFO - Started process (PID=981) to work on /home/airflow/.local/lib/python3.7/site-packages/airflow/example_dags/example_sla_dag.py
[2023-06-04T01:13:38.913+0000] {processor.py:758} INFO - Processing file /home/airflow/.local/lib/python3.7/site-packages/airflow/example_dags/example_sla_dag.py for tasks to queue
[2023-06-04T01:13:38.915+0000] {logging_mixin.py:117} INFO - [2023-06-04T01:13:38.915+0000] {dagbag.py:525} INFO - Filling up the DagBag from /home/airflow/.local/lib/python3.7/site-packages/airflow/example_dags/example_sla_dag.py
[2023-06-04T01:13:38.948+0000] {processor.py:768} INFO - DAG(s) dict_keys(['example_sla_dag']) retrieved from /home/airflow/.local/lib/python3.7/site-packages/airflow/example_dags/example_sla_dag.py
[2023-06-04T01:13:39.000+0000] {logging_mixin.py:117} INFO - [2023-06-04T01:13:39.000+0000] {dag.py:2573} INFO - Sync 1 DAGs
[2023-06-04T01:13:39.040+0000] {logging_mixin.py:117} INFO - [2023-06-04T01:13:39.040+0000] {dag.py:3328} INFO - Setting next_dagrun for example_sla_dag to 2023-06-04T01:10:00+00:00, run_after=2023-06-04T01:12:00+00:00
[2023-06-04T01:13:39.074+0000] {processor.py:178} INFO - Processing /home/airflow/.local/lib/python3.7/site-packages/airflow/example_dags/example_sla_dag.py took 0.168 seconds
[2023-06-04T01:14:09.602+0000] {processor.py:156} INFO - Started process (PID=1044) to work on /home/airflow/.local/lib/python3.7/site-packages/airflow/example_dags/example_sla_dag.py
[2023-06-04T01:14:09.604+0000] {processor.py:758} INFO - Processing file /home/airflow/.local/lib/python3.7/site-packages/airflow/example_dags/example_sla_dag.py for tasks to queue
[2023-06-04T01:14:09.606+0000] {logging_mixin.py:117} INFO - [2023-06-04T01:14:09.606+0000] {dagbag.py:525} INFO - Filling up the DagBag from /home/airflow/.local/lib/python3.7/site-packages/airflow/example_dags/example_sla_dag.py
[2023-06-04T01:14:09.637+0000] {processor.py:768} INFO - DAG(s) dict_keys(['example_sla_dag']) retrieved from /home/airflow/.local/lib/python3.7/site-packages/airflow/example_dags/example_sla_dag.py
[2023-06-04T01:14:09.690+0000] {logging_mixin.py:117} INFO - [2023-06-04T01:14:09.690+0000] {dag.py:2573} INFO - Sync 1 DAGs
[2023-06-04T01:14:09.729+0000] {logging_mixin.py:117} INFO - [2023-06-04T01:14:09.728+0000] {dag.py:3328} INFO - Setting next_dagrun for example_sla_dag to 2023-06-04T01:12:00+00:00, run_after=2023-06-04T01:14:00+00:00
[2023-06-04T01:14:09.753+0000] {processor.py:178} INFO - Processing /home/airflow/.local/lib/python3.7/site-packages/airflow/example_dags/example_sla_dag.py took 0.156 seconds
[2023-06-04T01:14:40.227+0000] {processor.py:156} INFO - Started process (PID=1107) to work on /home/airflow/.local/lib/python3.7/site-packages/airflow/example_dags/example_sla_dag.py
[2023-06-04T01:14:40.229+0000] {processor.py:758} INFO - Processing file /home/airflow/.local/lib/python3.7/site-packages/airflow/example_dags/example_sla_dag.py for tasks to queue
[2023-06-04T01:14:40.231+0000] {logging_mixin.py:117} INFO - [2023-06-04T01:14:40.231+0000] {dagbag.py:525} INFO - Filling up the DagBag from /home/airflow/.local/lib/python3.7/site-packages/airflow/example_dags/example_sla_dag.py
[2023-06-04T01:14:40.265+0000] {processor.py:768} INFO - DAG(s) dict_keys(['example_sla_dag']) retrieved from /home/airflow/.local/lib/python3.7/site-packages/airflow/example_dags/example_sla_dag.py
[2023-06-04T01:14:40.322+0000] {logging_mixin.py:117} INFO - [2023-06-04T01:14:40.321+0000] {dag.py:2573} INFO - Sync 1 DAGs
[2023-06-04T01:14:40.367+0000] {logging_mixin.py:117} INFO - [2023-06-04T01:14:40.367+0000] {dag.py:3328} INFO - Setting next_dagrun for example_sla_dag to 2023-06-04T01:12:00+00:00, run_after=2023-06-04T01:14:00+00:00
[2023-06-04T01:14:40.394+0000] {processor.py:178} INFO - Processing /home/airflow/.local/lib/python3.7/site-packages/airflow/example_dags/example_sla_dag.py took 0.173 seconds
[2023-06-04T01:15:10.735+0000] {processor.py:156} INFO - Started process (PID=1162) to work on /home/airflow/.local/lib/python3.7/site-packages/airflow/example_dags/example_sla_dag.py
[2023-06-04T01:15:10.739+0000] {processor.py:758} INFO - Processing file /home/airflow/.local/lib/python3.7/site-packages/airflow/example_dags/example_sla_dag.py for tasks to queue
[2023-06-04T01:15:10.744+0000] {logging_mixin.py:117} INFO - [2023-06-04T01:15:10.743+0000] {dagbag.py:525} INFO - Filling up the DagBag from /home/airflow/.local/lib/python3.7/site-packages/airflow/example_dags/example_sla_dag.py
[2023-06-04T01:15:10.806+0000] {processor.py:768} INFO - DAG(s) dict_keys(['example_sla_dag']) retrieved from /home/airflow/.local/lib/python3.7/site-packages/airflow/example_dags/example_sla_dag.py
[2023-06-04T01:15:10.911+0000] {logging_mixin.py:117} INFO - [2023-06-04T01:15:10.911+0000] {dag.py:2573} INFO - Sync 1 DAGs
[2023-06-04T01:15:10.989+0000] {logging_mixin.py:117} INFO - [2023-06-04T01:15:10.988+0000] {dag.py:3328} INFO - Setting next_dagrun for example_sla_dag to 2023-06-04T01:12:00+00:00, run_after=2023-06-04T01:14:00+00:00
[2023-06-04T01:15:11.036+0000] {processor.py:178} INFO - Processing /home/airflow/.local/lib/python3.7/site-packages/airflow/example_dags/example_sla_dag.py took 0.308 seconds
[2023-06-04T01:15:41.548+0000] {processor.py:156} INFO - Started process (PID=1226) to work on /home/airflow/.local/lib/python3.7/site-packages/airflow/example_dags/example_sla_dag.py
[2023-06-04T01:15:41.550+0000] {processor.py:758} INFO - Processing file /home/airflow/.local/lib/python3.7/site-packages/airflow/example_dags/example_sla_dag.py for tasks to queue
[2023-06-04T01:15:41.552+0000] {logging_mixin.py:117} INFO - [2023-06-04T01:15:41.551+0000] {dagbag.py:525} INFO - Filling up the DagBag from /home/airflow/.local/lib/python3.7/site-packages/airflow/example_dags/example_sla_dag.py
[2023-06-04T01:15:41.587+0000] {processor.py:768} INFO - DAG(s) dict_keys(['example_sla_dag']) retrieved from /home/airflow/.local/lib/python3.7/site-packages/airflow/example_dags/example_sla_dag.py
[2023-06-04T01:15:41.647+0000] {logging_mixin.py:117} INFO - [2023-06-04T01:15:41.647+0000] {dag.py:2573} INFO - Sync 1 DAGs
[2023-06-04T01:15:41.683+0000] {logging_mixin.py:117} INFO - [2023-06-04T01:15:41.683+0000] {dag.py:3328} INFO - Setting next_dagrun for example_sla_dag to 2023-06-04T01:12:00+00:00, run_after=2023-06-04T01:14:00+00:00
[2023-06-04T01:15:41.706+0000] {processor.py:178} INFO - Processing /home/airflow/.local/lib/python3.7/site-packages/airflow/example_dags/example_sla_dag.py took 0.164 seconds
[2023-06-04T01:16:12.048+0000] {processor.py:156} INFO - Started process (PID=1281) to work on /home/airflow/.local/lib/python3.7/site-packages/airflow/example_dags/example_sla_dag.py
[2023-06-04T01:16:12.052+0000] {processor.py:758} INFO - Processing file /home/airflow/.local/lib/python3.7/site-packages/airflow/example_dags/example_sla_dag.py for tasks to queue
[2023-06-04T01:16:12.056+0000] {logging_mixin.py:117} INFO - [2023-06-04T01:16:12.056+0000] {dagbag.py:525} INFO - Filling up the DagBag from /home/airflow/.local/lib/python3.7/site-packages/airflow/example_dags/example_sla_dag.py
[2023-06-04T01:16:12.119+0000] {processor.py:768} INFO - DAG(s) dict_keys(['example_sla_dag']) retrieved from /home/airflow/.local/lib/python3.7/site-packages/airflow/example_dags/example_sla_dag.py
[2023-06-04T01:16:12.201+0000] {logging_mixin.py:117} INFO - [2023-06-04T01:16:12.200+0000] {dag.py:2573} INFO - Sync 1 DAGs
[2023-06-04T01:16:12.251+0000] {logging_mixin.py:117} INFO - [2023-06-04T01:16:12.251+0000] {dag.py:3328} INFO - Setting next_dagrun for example_sla_dag to 2023-06-04T01:14:00+00:00, run_after=2023-06-04T01:16:00+00:00
[2023-06-04T01:16:12.281+0000] {processor.py:178} INFO - Processing /home/airflow/.local/lib/python3.7/site-packages/airflow/example_dags/example_sla_dag.py took 0.243 seconds
[2023-06-04T01:16:43.299+0000] {processor.py:156} INFO - Started process (PID=1345) to work on /home/airflow/.local/lib/python3.7/site-packages/airflow/example_dags/example_sla_dag.py
[2023-06-04T01:16:43.302+0000] {processor.py:758} INFO - Processing file /home/airflow/.local/lib/python3.7/site-packages/airflow/example_dags/example_sla_dag.py for tasks to queue
[2023-06-04T01:16:43.310+0000] {logging_mixin.py:117} INFO - [2023-06-04T01:16:43.309+0000] {dagbag.py:525} INFO - Filling up the DagBag from /home/airflow/.local/lib/python3.7/site-packages/airflow/example_dags/example_sla_dag.py
[2023-06-04T01:16:43.384+0000] {processor.py:768} INFO - DAG(s) dict_keys(['example_sla_dag']) retrieved from /home/airflow/.local/lib/python3.7/site-packages/airflow/example_dags/example_sla_dag.py
[2023-06-04T01:16:43.471+0000] {logging_mixin.py:117} INFO - [2023-06-04T01:16:43.471+0000] {dag.py:2573} INFO - Sync 1 DAGs
[2023-06-04T01:16:43.530+0000] {logging_mixin.py:117} INFO - [2023-06-04T01:16:43.529+0000] {dag.py:3328} INFO - Setting next_dagrun for example_sla_dag to 2023-06-04T01:14:00+00:00, run_after=2023-06-04T01:16:00+00:00
[2023-06-04T01:16:43.566+0000] {processor.py:178} INFO - Processing /home/airflow/.local/lib/python3.7/site-packages/airflow/example_dags/example_sla_dag.py took 0.274 seconds
[2023-06-04T01:17:13.944+0000] {processor.py:156} INFO - Started process (PID=1409) to work on /home/airflow/.local/lib/python3.7/site-packages/airflow/example_dags/example_sla_dag.py
[2023-06-04T01:17:13.947+0000] {processor.py:758} INFO - Processing file /home/airflow/.local/lib/python3.7/site-packages/airflow/example_dags/example_sla_dag.py for tasks to queue
[2023-06-04T01:17:13.949+0000] {logging_mixin.py:117} INFO - [2023-06-04T01:17:13.949+0000] {dagbag.py:525} INFO - Filling up the DagBag from /home/airflow/.local/lib/python3.7/site-packages/airflow/example_dags/example_sla_dag.py
[2023-06-04T01:17:13.996+0000] {processor.py:768} INFO - DAG(s) dict_keys(['example_sla_dag']) retrieved from /home/airflow/.local/lib/python3.7/site-packages/airflow/example_dags/example_sla_dag.py
[2023-06-04T01:17:14.056+0000] {logging_mixin.py:117} INFO - [2023-06-04T01:17:14.056+0000] {dag.py:2573} INFO - Sync 1 DAGs
[2023-06-04T01:17:14.099+0000] {logging_mixin.py:117} INFO - [2023-06-04T01:17:14.099+0000] {dag.py:3328} INFO - Setting next_dagrun for example_sla_dag to 2023-06-04T01:14:00+00:00, run_after=2023-06-04T01:16:00+00:00
[2023-06-04T01:17:14.123+0000] {processor.py:178} INFO - Processing /home/airflow/.local/lib/python3.7/site-packages/airflow/example_dags/example_sla_dag.py took 0.185 seconds
[2023-06-04T01:17:44.205+0000] {processor.py:156} INFO - Started process (PID=1464) to work on /home/airflow/.local/lib/python3.7/site-packages/airflow/example_dags/example_sla_dag.py
[2023-06-04T01:17:44.207+0000] {processor.py:758} INFO - Processing file /home/airflow/.local/lib/python3.7/site-packages/airflow/example_dags/example_sla_dag.py for tasks to queue
[2023-06-04T01:17:44.209+0000] {logging_mixin.py:117} INFO - [2023-06-04T01:17:44.208+0000] {dagbag.py:525} INFO - Filling up the DagBag from /home/airflow/.local/lib/python3.7/site-packages/airflow/example_dags/example_sla_dag.py
[2023-06-04T01:17:44.240+0000] {processor.py:768} INFO - DAG(s) dict_keys(['example_sla_dag']) retrieved from /home/airflow/.local/lib/python3.7/site-packages/airflow/example_dags/example_sla_dag.py
[2023-06-04T01:17:44.293+0000] {logging_mixin.py:117} INFO - [2023-06-04T01:17:44.293+0000] {dag.py:2573} INFO - Sync 1 DAGs
[2023-06-04T01:17:44.329+0000] {logging_mixin.py:117} INFO - [2023-06-04T01:17:44.329+0000] {dag.py:3328} INFO - Setting next_dagrun for example_sla_dag to 2023-06-04T01:14:00+00:00, run_after=2023-06-04T01:16:00+00:00
[2023-06-04T01:17:44.353+0000] {processor.py:178} INFO - Processing /home/airflow/.local/lib/python3.7/site-packages/airflow/example_dags/example_sla_dag.py took 0.153 seconds
[2023-06-04T01:18:14.643+0000] {processor.py:156} INFO - Started process (PID=1528) to work on /home/airflow/.local/lib/python3.7/site-packages/airflow/example_dags/example_sla_dag.py
[2023-06-04T01:18:14.646+0000] {processor.py:758} INFO - Processing file /home/airflow/.local/lib/python3.7/site-packages/airflow/example_dags/example_sla_dag.py for tasks to queue
[2023-06-04T01:18:14.648+0000] {logging_mixin.py:117} INFO - [2023-06-04T01:18:14.648+0000] {dagbag.py:525} INFO - Filling up the DagBag from /home/airflow/.local/lib/python3.7/site-packages/airflow/example_dags/example_sla_dag.py
[2023-06-04T01:18:14.678+0000] {processor.py:768} INFO - DAG(s) dict_keys(['example_sla_dag']) retrieved from /home/airflow/.local/lib/python3.7/site-packages/airflow/example_dags/example_sla_dag.py
[2023-06-04T01:18:14.731+0000] {logging_mixin.py:117} INFO - [2023-06-04T01:18:14.731+0000] {dag.py:2573} INFO - Sync 1 DAGs
[2023-06-04T01:18:14.771+0000] {logging_mixin.py:117} INFO - [2023-06-04T01:18:14.771+0000] {dag.py:3328} INFO - Setting next_dagrun for example_sla_dag to 2023-06-04T01:16:00+00:00, run_after=2023-06-04T01:18:00+00:00
[2023-06-04T01:18:14.796+0000] {processor.py:178} INFO - Processing /home/airflow/.local/lib/python3.7/site-packages/airflow/example_dags/example_sla_dag.py took 0.157 seconds
[2023-06-04T01:18:44.901+0000] {processor.py:156} INFO - Started process (PID=1591) to work on /home/airflow/.local/lib/python3.7/site-packages/airflow/example_dags/example_sla_dag.py
[2023-06-04T01:18:44.903+0000] {processor.py:758} INFO - Processing file /home/airflow/.local/lib/python3.7/site-packages/airflow/example_dags/example_sla_dag.py for tasks to queue
[2023-06-04T01:18:44.905+0000] {logging_mixin.py:117} INFO - [2023-06-04T01:18:44.904+0000] {dagbag.py:525} INFO - Filling up the DagBag from /home/airflow/.local/lib/python3.7/site-packages/airflow/example_dags/example_sla_dag.py
[2023-06-04T01:18:44.936+0000] {processor.py:768} INFO - DAG(s) dict_keys(['example_sla_dag']) retrieved from /home/airflow/.local/lib/python3.7/site-packages/airflow/example_dags/example_sla_dag.py
[2023-06-04T01:18:44.988+0000] {logging_mixin.py:117} INFO - [2023-06-04T01:18:44.988+0000] {dag.py:2573} INFO - Sync 1 DAGs
[2023-06-04T01:18:45.028+0000] {logging_mixin.py:117} INFO - [2023-06-04T01:18:45.028+0000] {dag.py:3328} INFO - Setting next_dagrun for example_sla_dag to 2023-06-04T01:16:00+00:00, run_after=2023-06-04T01:18:00+00:00
[2023-06-04T01:18:45.058+0000] {processor.py:178} INFO - Processing /home/airflow/.local/lib/python3.7/site-packages/airflow/example_dags/example_sla_dag.py took 0.162 seconds
[2023-06-04T01:19:15.723+0000] {processor.py:156} INFO - Started process (PID=1646) to work on /home/airflow/.local/lib/python3.7/site-packages/airflow/example_dags/example_sla_dag.py
[2023-06-04T01:19:15.725+0000] {processor.py:758} INFO - Processing file /home/airflow/.local/lib/python3.7/site-packages/airflow/example_dags/example_sla_dag.py for tasks to queue
[2023-06-04T01:19:15.727+0000] {logging_mixin.py:117} INFO - [2023-06-04T01:19:15.727+0000] {dagbag.py:525} INFO - Filling up the DagBag from /home/airflow/.local/lib/python3.7/site-packages/airflow/example_dags/example_sla_dag.py
[2023-06-04T01:19:15.761+0000] {processor.py:768} INFO - DAG(s) dict_keys(['example_sla_dag']) retrieved from /home/airflow/.local/lib/python3.7/site-packages/airflow/example_dags/example_sla_dag.py
[2023-06-04T01:19:15.813+0000] {logging_mixin.py:117} INFO - [2023-06-04T01:19:15.812+0000] {dag.py:2573} INFO - Sync 1 DAGs
[2023-06-04T01:19:15.851+0000] {logging_mixin.py:117} INFO - [2023-06-04T01:19:15.851+0000] {dag.py:3328} INFO - Setting next_dagrun for example_sla_dag to 2023-06-04T01:16:00+00:00, run_after=2023-06-04T01:18:00+00:00
[2023-06-04T01:19:15.874+0000] {processor.py:178} INFO - Processing /home/airflow/.local/lib/python3.7/site-packages/airflow/example_dags/example_sla_dag.py took 0.156 seconds
[2023-06-04T01:20:40.731+0000] {processor.py:157} INFO - Started process (PID=63) to work on /home/airflow/.local/lib/python3.7/site-packages/airflow/example_dags/example_sla_dag.py
[2023-06-04T01:20:40.737+0000] {processor.py:826} INFO - Processing file /home/airflow/.local/lib/python3.7/site-packages/airflow/example_dags/example_sla_dag.py for tasks to queue
[2023-06-04T01:20:40.740+0000] {logging_mixin.py:149} INFO - [2023-06-04T01:20:40.739+0000] {dagbag.py:541} INFO - Filling up the DagBag from /home/airflow/.local/lib/python3.7/site-packages/airflow/example_dags/example_sla_dag.py
[2023-06-04T01:20:40.768+0000] {processor.py:836} INFO - DAG(s) dict_keys(['example_sla_dag']) retrieved from /home/airflow/.local/lib/python3.7/site-packages/airflow/example_dags/example_sla_dag.py
[2023-06-04T01:20:40.802+0000] {logging_mixin.py:149} INFO - [2023-06-04T01:20:40.801+0000] {dag.py:2726} INFO - Sync 1 DAGs
[2023-06-04T01:20:40.870+0000] {logging_mixin.py:149} INFO - [2023-06-04T01:20:40.870+0000] {dag.py:3490} INFO - Setting next_dagrun for example_sla_dag to 2023-06-04T01:18:00+00:00, run_after=2023-06-04T01:20:00+00:00
[2023-06-04T01:20:40.932+0000] {processor.py:179} INFO - Processing /home/airflow/.local/lib/python3.7/site-packages/airflow/example_dags/example_sla_dag.py took 0.208 seconds
[2023-06-04T01:21:11.327+0000] {processor.py:157} INFO - Started process (PID=133) to work on /home/airflow/.local/lib/python3.7/site-packages/airflow/example_dags/example_sla_dag.py
[2023-06-04T01:21:11.329+0000] {processor.py:826} INFO - Processing file /home/airflow/.local/lib/python3.7/site-packages/airflow/example_dags/example_sla_dag.py for tasks to queue
[2023-06-04T01:21:11.331+0000] {logging_mixin.py:149} INFO - [2023-06-04T01:21:11.331+0000] {dagbag.py:541} INFO - Filling up the DagBag from /home/airflow/.local/lib/python3.7/site-packages/airflow/example_dags/example_sla_dag.py
[2023-06-04T01:21:11.345+0000] {processor.py:836} INFO - DAG(s) dict_keys(['example_sla_dag']) retrieved from /home/airflow/.local/lib/python3.7/site-packages/airflow/example_dags/example_sla_dag.py
[2023-06-04T01:21:11.385+0000] {logging_mixin.py:149} INFO - [2023-06-04T01:21:11.384+0000] {dag.py:2726} INFO - Sync 1 DAGs
[2023-06-04T01:21:11.426+0000] {logging_mixin.py:149} INFO - [2023-06-04T01:21:11.425+0000] {dag.py:3490} INFO - Setting next_dagrun for example_sla_dag to 2023-06-04T01:18:00+00:00, run_after=2023-06-04T01:20:00+00:00
[2023-06-04T01:21:11.453+0000] {processor.py:179} INFO - Processing /home/airflow/.local/lib/python3.7/site-packages/airflow/example_dags/example_sla_dag.py took 0.130 seconds
[2023-06-04T01:21:42.022+0000] {processor.py:157} INFO - Started process (PID=212) to work on /home/airflow/.local/lib/python3.7/site-packages/airflow/example_dags/example_sla_dag.py
[2023-06-04T01:21:42.024+0000] {processor.py:826} INFO - Processing file /home/airflow/.local/lib/python3.7/site-packages/airflow/example_dags/example_sla_dag.py for tasks to queue
[2023-06-04T01:21:42.026+0000] {logging_mixin.py:149} INFO - [2023-06-04T01:21:42.026+0000] {dagbag.py:541} INFO - Filling up the DagBag from /home/airflow/.local/lib/python3.7/site-packages/airflow/example_dags/example_sla_dag.py
[2023-06-04T01:21:42.044+0000] {processor.py:836} INFO - DAG(s) dict_keys(['example_sla_dag']) retrieved from /home/airflow/.local/lib/python3.7/site-packages/airflow/example_dags/example_sla_dag.py
[2023-06-04T01:21:42.087+0000] {logging_mixin.py:149} INFO - [2023-06-04T01:21:42.087+0000] {dag.py:2726} INFO - Sync 1 DAGs
[2023-06-04T01:21:42.154+0000] {logging_mixin.py:149} INFO - [2023-06-04T01:21:42.154+0000] {dag.py:3490} INFO - Setting next_dagrun for example_sla_dag to 2023-06-04T01:18:00+00:00, run_after=2023-06-04T01:20:00+00:00
[2023-06-04T01:21:42.187+0000] {processor.py:179} INFO - Processing /home/airflow/.local/lib/python3.7/site-packages/airflow/example_dags/example_sla_dag.py took 0.172 seconds
[2023-06-04T01:22:12.444+0000] {processor.py:157} INFO - Started process (PID=282) to work on /home/airflow/.local/lib/python3.7/site-packages/airflow/example_dags/example_sla_dag.py
[2023-06-04T01:22:12.446+0000] {processor.py:826} INFO - Processing file /home/airflow/.local/lib/python3.7/site-packages/airflow/example_dags/example_sla_dag.py for tasks to queue
[2023-06-04T01:22:12.449+0000] {logging_mixin.py:149} INFO - [2023-06-04T01:22:12.448+0000] {dagbag.py:541} INFO - Filling up the DagBag from /home/airflow/.local/lib/python3.7/site-packages/airflow/example_dags/example_sla_dag.py
[2023-06-04T01:22:12.460+0000] {processor.py:836} INFO - DAG(s) dict_keys(['example_sla_dag']) retrieved from /home/airflow/.local/lib/python3.7/site-packages/airflow/example_dags/example_sla_dag.py
[2023-06-04T01:22:12.492+0000] {logging_mixin.py:149} INFO - [2023-06-04T01:22:12.492+0000] {dag.py:2726} INFO - Sync 1 DAGs
[2023-06-04T01:22:12.544+0000] {logging_mixin.py:149} INFO - [2023-06-04T01:22:12.544+0000] {dag.py:3490} INFO - Setting next_dagrun for example_sla_dag to 2023-06-04T01:20:00+00:00, run_after=2023-06-04T01:22:00+00:00
[2023-06-04T01:22:12.570+0000] {processor.py:179} INFO - Processing /home/airflow/.local/lib/python3.7/site-packages/airflow/example_dags/example_sla_dag.py took 0.130 seconds
[2023-06-04T01:22:43.261+0000] {processor.py:157} INFO - Started process (PID=352) to work on /home/airflow/.local/lib/python3.7/site-packages/airflow/example_dags/example_sla_dag.py
[2023-06-04T01:22:43.263+0000] {processor.py:826} INFO - Processing file /home/airflow/.local/lib/python3.7/site-packages/airflow/example_dags/example_sla_dag.py for tasks to queue
[2023-06-04T01:22:43.265+0000] {logging_mixin.py:149} INFO - [2023-06-04T01:22:43.265+0000] {dagbag.py:541} INFO - Filling up the DagBag from /home/airflow/.local/lib/python3.7/site-packages/airflow/example_dags/example_sla_dag.py
[2023-06-04T01:22:43.279+0000] {processor.py:836} INFO - DAG(s) dict_keys(['example_sla_dag']) retrieved from /home/airflow/.local/lib/python3.7/site-packages/airflow/example_dags/example_sla_dag.py
[2023-06-04T01:22:43.315+0000] {logging_mixin.py:149} INFO - [2023-06-04T01:22:43.315+0000] {dag.py:2726} INFO - Sync 1 DAGs
[2023-06-04T01:22:43.354+0000] {logging_mixin.py:149} INFO - [2023-06-04T01:22:43.354+0000] {dag.py:3490} INFO - Setting next_dagrun for example_sla_dag to 2023-06-04T01:20:00+00:00, run_after=2023-06-04T01:22:00+00:00
[2023-06-04T01:22:43.380+0000] {processor.py:179} INFO - Processing /home/airflow/.local/lib/python3.7/site-packages/airflow/example_dags/example_sla_dag.py took 0.125 seconds
[2023-06-04T01:23:14.359+0000] {processor.py:157} INFO - Started process (PID=431) to work on /home/airflow/.local/lib/python3.7/site-packages/airflow/example_dags/example_sla_dag.py
[2023-06-04T01:23:14.362+0000] {processor.py:826} INFO - Processing file /home/airflow/.local/lib/python3.7/site-packages/airflow/example_dags/example_sla_dag.py for tasks to queue
[2023-06-04T01:23:14.364+0000] {logging_mixin.py:149} INFO - [2023-06-04T01:23:14.364+0000] {dagbag.py:541} INFO - Filling up the DagBag from /home/airflow/.local/lib/python3.7/site-packages/airflow/example_dags/example_sla_dag.py
[2023-06-04T01:23:14.378+0000] {processor.py:836} INFO - DAG(s) dict_keys(['example_sla_dag']) retrieved from /home/airflow/.local/lib/python3.7/site-packages/airflow/example_dags/example_sla_dag.py
[2023-06-04T01:23:14.411+0000] {logging_mixin.py:149} INFO - [2023-06-04T01:23:14.411+0000] {dag.py:2726} INFO - Sync 1 DAGs
[2023-06-04T01:23:14.449+0000] {logging_mixin.py:149} INFO - [2023-06-04T01:23:14.449+0000] {dag.py:3490} INFO - Setting next_dagrun for example_sla_dag to 2023-06-04T01:20:00+00:00, run_after=2023-06-04T01:22:00+00:00
[2023-06-04T01:23:14.473+0000] {processor.py:179} INFO - Processing /home/airflow/.local/lib/python3.7/site-packages/airflow/example_dags/example_sla_dag.py took 0.119 seconds
[2023-06-04T01:23:45.478+0000] {processor.py:157} INFO - Started process (PID=501) to work on /home/airflow/.local/lib/python3.7/site-packages/airflow/example_dags/example_sla_dag.py
[2023-06-04T01:23:45.480+0000] {processor.py:826} INFO - Processing file /home/airflow/.local/lib/python3.7/site-packages/airflow/example_dags/example_sla_dag.py for tasks to queue
[2023-06-04T01:23:45.482+0000] {logging_mixin.py:149} INFO - [2023-06-04T01:23:45.482+0000] {dagbag.py:541} INFO - Filling up the DagBag from /home/airflow/.local/lib/python3.7/site-packages/airflow/example_dags/example_sla_dag.py
[2023-06-04T01:23:45.496+0000] {processor.py:836} INFO - DAG(s) dict_keys(['example_sla_dag']) retrieved from /home/airflow/.local/lib/python3.7/site-packages/airflow/example_dags/example_sla_dag.py
[2023-06-04T01:23:45.530+0000] {logging_mixin.py:149} INFO - [2023-06-04T01:23:45.529+0000] {dag.py:2726} INFO - Sync 1 DAGs
[2023-06-04T01:23:45.568+0000] {logging_mixin.py:149} INFO - [2023-06-04T01:23:45.568+0000] {dag.py:3490} INFO - Setting next_dagrun for example_sla_dag to 2023-06-04T01:20:00+00:00, run_after=2023-06-04T01:22:00+00:00
[2023-06-04T01:23:45.592+0000] {processor.py:179} INFO - Processing /home/airflow/.local/lib/python3.7/site-packages/airflow/example_dags/example_sla_dag.py took 0.119 seconds
[2023-06-04T01:24:15.868+0000] {processor.py:157} INFO - Started process (PID=580) to work on /home/airflow/.local/lib/python3.7/site-packages/airflow/example_dags/example_sla_dag.py
[2023-06-04T01:24:15.871+0000] {processor.py:826} INFO - Processing file /home/airflow/.local/lib/python3.7/site-packages/airflow/example_dags/example_sla_dag.py for tasks to queue
[2023-06-04T01:24:15.875+0000] {logging_mixin.py:149} INFO - [2023-06-04T01:24:15.874+0000] {dagbag.py:541} INFO - Filling up the DagBag from /home/airflow/.local/lib/python3.7/site-packages/airflow/example_dags/example_sla_dag.py
[2023-06-04T01:24:15.892+0000] {processor.py:836} INFO - DAG(s) dict_keys(['example_sla_dag']) retrieved from /home/airflow/.local/lib/python3.7/site-packages/airflow/example_dags/example_sla_dag.py
[2023-06-04T01:24:15.933+0000] {logging_mixin.py:149} INFO - [2023-06-04T01:24:15.933+0000] {dag.py:2726} INFO - Sync 1 DAGs
[2023-06-04T01:24:15.982+0000] {logging_mixin.py:149} INFO - [2023-06-04T01:24:15.981+0000] {dag.py:3490} INFO - Setting next_dagrun for example_sla_dag to 2023-06-04T01:22:00+00:00, run_after=2023-06-04T01:24:00+00:00
[2023-06-04T01:24:16.012+0000] {processor.py:179} INFO - Processing /home/airflow/.local/lib/python3.7/site-packages/airflow/example_dags/example_sla_dag.py took 0.151 seconds
[2023-06-04T01:24:46.354+0000] {processor.py:157} INFO - Started process (PID=650) to work on /home/airflow/.local/lib/python3.7/site-packages/airflow/example_dags/example_sla_dag.py
[2023-06-04T01:24:46.357+0000] {processor.py:826} INFO - Processing file /home/airflow/.local/lib/python3.7/site-packages/airflow/example_dags/example_sla_dag.py for tasks to queue
[2023-06-04T01:24:46.360+0000] {logging_mixin.py:149} INFO - [2023-06-04T01:24:46.360+0000] {dagbag.py:541} INFO - Filling up the DagBag from /home/airflow/.local/lib/python3.7/site-packages/airflow/example_dags/example_sla_dag.py
[2023-06-04T01:24:46.375+0000] {processor.py:836} INFO - DAG(s) dict_keys(['example_sla_dag']) retrieved from /home/airflow/.local/lib/python3.7/site-packages/airflow/example_dags/example_sla_dag.py
[2023-06-04T01:24:46.416+0000] {logging_mixin.py:149} INFO - [2023-06-04T01:24:46.416+0000] {dag.py:2726} INFO - Sync 1 DAGs
[2023-06-04T01:24:46.466+0000] {logging_mixin.py:149} INFO - [2023-06-04T01:24:46.465+0000] {dag.py:3490} INFO - Setting next_dagrun for example_sla_dag to 2023-06-04T01:22:00+00:00, run_after=2023-06-04T01:24:00+00:00
[2023-06-04T01:24:46.494+0000] {processor.py:179} INFO - Processing /home/airflow/.local/lib/python3.7/site-packages/airflow/example_dags/example_sla_dag.py took 0.146 seconds
[2023-06-04T01:25:17.489+0000] {processor.py:157} INFO - Started process (PID=727) to work on /home/airflow/.local/lib/python3.7/site-packages/airflow/example_dags/example_sla_dag.py
[2023-06-04T01:25:17.491+0000] {processor.py:826} INFO - Processing file /home/airflow/.local/lib/python3.7/site-packages/airflow/example_dags/example_sla_dag.py for tasks to queue
[2023-06-04T01:25:17.494+0000] {logging_mixin.py:149} INFO - [2023-06-04T01:25:17.493+0000] {dagbag.py:541} INFO - Filling up the DagBag from /home/airflow/.local/lib/python3.7/site-packages/airflow/example_dags/example_sla_dag.py
[2023-06-04T01:25:17.506+0000] {processor.py:836} INFO - DAG(s) dict_keys(['example_sla_dag']) retrieved from /home/airflow/.local/lib/python3.7/site-packages/airflow/example_dags/example_sla_dag.py
[2023-06-04T01:25:17.537+0000] {logging_mixin.py:149} INFO - [2023-06-04T01:25:17.537+0000] {dag.py:2726} INFO - Sync 1 DAGs
[2023-06-04T01:25:17.581+0000] {logging_mixin.py:149} INFO - [2023-06-04T01:25:17.581+0000] {dag.py:3490} INFO - Setting next_dagrun for example_sla_dag to 2023-06-04T01:22:00+00:00, run_after=2023-06-04T01:24:00+00:00
[2023-06-04T01:25:17.613+0000] {processor.py:179} INFO - Processing /home/airflow/.local/lib/python3.7/site-packages/airflow/example_dags/example_sla_dag.py took 0.128 seconds
[2023-06-04T01:25:47.856+0000] {processor.py:157} INFO - Started process (PID=799) to work on /home/airflow/.local/lib/python3.7/site-packages/airflow/example_dags/example_sla_dag.py
[2023-06-04T01:25:47.858+0000] {processor.py:826} INFO - Processing file /home/airflow/.local/lib/python3.7/site-packages/airflow/example_dags/example_sla_dag.py for tasks to queue
[2023-06-04T01:25:47.861+0000] {logging_mixin.py:149} INFO - [2023-06-04T01:25:47.860+0000] {dagbag.py:541} INFO - Filling up the DagBag from /home/airflow/.local/lib/python3.7/site-packages/airflow/example_dags/example_sla_dag.py
[2023-06-04T01:25:47.874+0000] {processor.py:836} INFO - DAG(s) dict_keys(['example_sla_dag']) retrieved from /home/airflow/.local/lib/python3.7/site-packages/airflow/example_dags/example_sla_dag.py
[2023-06-04T01:25:47.907+0000] {logging_mixin.py:149} INFO - [2023-06-04T01:25:47.907+0000] {dag.py:2726} INFO - Sync 1 DAGs
[2023-06-04T01:25:47.946+0000] {logging_mixin.py:149} INFO - [2023-06-04T01:25:47.946+0000] {dag.py:3490} INFO - Setting next_dagrun for example_sla_dag to 2023-06-04T01:22:00+00:00, run_after=2023-06-04T01:24:00+00:00
[2023-06-04T01:25:47.972+0000] {processor.py:179} INFO - Processing /home/airflow/.local/lib/python3.7/site-packages/airflow/example_dags/example_sla_dag.py took 0.122 seconds
