[2023-06-04T00:36:51.489+0000] {processor.py:156} INFO - Started process (PID=46) to work on /home/airflow/.local/lib/python3.7/site-packages/airflow/example_dags/example_dag_decorator.py
[2023-06-04T00:36:51.491+0000] {processor.py:758} INFO - Processing file /home/airflow/.local/lib/python3.7/site-packages/airflow/example_dags/example_dag_decorator.py for tasks to queue
[2023-06-04T00:36:51.493+0000] {logging_mixin.py:117} INFO - [2023-06-04T00:36:51.492+0000] {dagbag.py:525} INFO - Filling up the DagBag from /home/airflow/.local/lib/python3.7/site-packages/airflow/example_dags/example_dag_decorator.py
[2023-06-04T00:36:51.588+0000] {processor.py:768} INFO - DAG(s) dict_keys(['example_dag_decorator']) retrieved from /home/airflow/.local/lib/python3.7/site-packages/airflow/example_dags/example_dag_decorator.py
[2023-06-04T00:36:51.881+0000] {logging_mixin.py:117} INFO - [2023-06-04T00:36:51.881+0000] {manager.py:507} INFO - Created Permission View: can delete on DAG:example_dag_decorator
[2023-06-04T00:36:51.898+0000] {logging_mixin.py:117} INFO - [2023-06-04T00:36:51.898+0000] {manager.py:507} INFO - Created Permission View: can read on DAG:example_dag_decorator
[2023-06-04T00:36:51.920+0000] {logging_mixin.py:117} INFO - [2023-06-04T00:36:51.920+0000] {manager.py:507} INFO - Created Permission View: can edit on DAG:example_dag_decorator
[2023-06-04T00:36:51.922+0000] {logging_mixin.py:117} INFO - [2023-06-04T00:36:51.921+0000] {dag.py:2573} INFO - Sync 1 DAGs
[2023-06-04T00:36:51.954+0000] {logging_mixin.py:117} INFO - [2023-06-04T00:36:51.953+0000] {dag.py:2594} INFO - Creating ORM DAG for example_dag_decorator
[2023-06-04T00:36:51.975+0000] {logging_mixin.py:117} INFO - [2023-06-04T00:36:51.974+0000] {dag.py:3328} INFO - Setting next_dagrun for example_dag_decorator to None, run_after=None
[2023-06-04T00:36:52.011+0000] {processor.py:178} INFO - Processing /home/airflow/.local/lib/python3.7/site-packages/airflow/example_dags/example_dag_decorator.py took 0.526 seconds
[2023-06-04T00:37:22.726+0000] {processor.py:156} INFO - Started process (PID=100) to work on /home/airflow/.local/lib/python3.7/site-packages/airflow/example_dags/example_dag_decorator.py
[2023-06-04T00:37:22.728+0000] {processor.py:758} INFO - Processing file /home/airflow/.local/lib/python3.7/site-packages/airflow/example_dags/example_dag_decorator.py for tasks to queue
[2023-06-04T00:37:22.730+0000] {logging_mixin.py:117} INFO - [2023-06-04T00:37:22.730+0000] {dagbag.py:525} INFO - Filling up the DagBag from /home/airflow/.local/lib/python3.7/site-packages/airflow/example_dags/example_dag_decorator.py
[2023-06-04T00:37:22.767+0000] {processor.py:768} INFO - DAG(s) dict_keys(['example_dag_decorator']) retrieved from /home/airflow/.local/lib/python3.7/site-packages/airflow/example_dags/example_dag_decorator.py
[2023-06-04T00:37:22.872+0000] {logging_mixin.py:117} INFO - [2023-06-04T00:37:22.871+0000] {dag.py:2573} INFO - Sync 1 DAGs
[2023-06-04T00:37:22.909+0000] {logging_mixin.py:117} INFO - [2023-06-04T00:37:22.908+0000] {dag.py:3328} INFO - Setting next_dagrun for example_dag_decorator to None, run_after=None
[2023-06-04T00:37:22.933+0000] {processor.py:178} INFO - Processing /home/airflow/.local/lib/python3.7/site-packages/airflow/example_dags/example_dag_decorator.py took 0.213 seconds
[2023-06-04T00:37:53.133+0000] {processor.py:156} INFO - Started process (PID=163) to work on /home/airflow/.local/lib/python3.7/site-packages/airflow/example_dags/example_dag_decorator.py
[2023-06-04T00:37:53.135+0000] {processor.py:758} INFO - Processing file /home/airflow/.local/lib/python3.7/site-packages/airflow/example_dags/example_dag_decorator.py for tasks to queue
[2023-06-04T00:37:53.136+0000] {logging_mixin.py:117} INFO - [2023-06-04T00:37:53.136+0000] {dagbag.py:525} INFO - Filling up the DagBag from /home/airflow/.local/lib/python3.7/site-packages/airflow/example_dags/example_dag_decorator.py
[2023-06-04T00:37:53.172+0000] {processor.py:768} INFO - DAG(s) dict_keys(['example_dag_decorator']) retrieved from /home/airflow/.local/lib/python3.7/site-packages/airflow/example_dags/example_dag_decorator.py
[2023-06-04T00:37:53.277+0000] {logging_mixin.py:117} INFO - [2023-06-04T00:37:53.277+0000] {dag.py:2573} INFO - Sync 1 DAGs
[2023-06-04T00:37:53.307+0000] {logging_mixin.py:117} INFO - [2023-06-04T00:37:53.307+0000] {dag.py:3328} INFO - Setting next_dagrun for example_dag_decorator to None, run_after=None
[2023-06-04T00:37:53.335+0000] {processor.py:178} INFO - Processing /home/airflow/.local/lib/python3.7/site-packages/airflow/example_dags/example_dag_decorator.py took 0.206 seconds
[2023-06-04T00:38:23.869+0000] {processor.py:156} INFO - Started process (PID=226) to work on /home/airflow/.local/lib/python3.7/site-packages/airflow/example_dags/example_dag_decorator.py
[2023-06-04T00:38:23.871+0000] {processor.py:758} INFO - Processing file /home/airflow/.local/lib/python3.7/site-packages/airflow/example_dags/example_dag_decorator.py for tasks to queue
[2023-06-04T00:38:23.873+0000] {logging_mixin.py:117} INFO - [2023-06-04T00:38:23.873+0000] {dagbag.py:525} INFO - Filling up the DagBag from /home/airflow/.local/lib/python3.7/site-packages/airflow/example_dags/example_dag_decorator.py
[2023-06-04T00:38:23.913+0000] {processor.py:768} INFO - DAG(s) dict_keys(['example_dag_decorator']) retrieved from /home/airflow/.local/lib/python3.7/site-packages/airflow/example_dags/example_dag_decorator.py
[2023-06-04T00:38:24.015+0000] {logging_mixin.py:117} INFO - [2023-06-04T00:38:24.015+0000] {dag.py:2573} INFO - Sync 1 DAGs
[2023-06-04T00:38:24.048+0000] {logging_mixin.py:117} INFO - [2023-06-04T00:38:24.047+0000] {dag.py:3328} INFO - Setting next_dagrun for example_dag_decorator to None, run_after=None
[2023-06-04T00:38:24.079+0000] {processor.py:178} INFO - Processing /home/airflow/.local/lib/python3.7/site-packages/airflow/example_dags/example_dag_decorator.py took 0.216 seconds
[2023-06-04T00:38:54.468+0000] {processor.py:156} INFO - Started process (PID=280) to work on /home/airflow/.local/lib/python3.7/site-packages/airflow/example_dags/example_dag_decorator.py
[2023-06-04T00:38:54.470+0000] {processor.py:758} INFO - Processing file /home/airflow/.local/lib/python3.7/site-packages/airflow/example_dags/example_dag_decorator.py for tasks to queue
[2023-06-04T00:38:54.472+0000] {logging_mixin.py:117} INFO - [2023-06-04T00:38:54.471+0000] {dagbag.py:525} INFO - Filling up the DagBag from /home/airflow/.local/lib/python3.7/site-packages/airflow/example_dags/example_dag_decorator.py
[2023-06-04T00:38:54.511+0000] {processor.py:768} INFO - DAG(s) dict_keys(['example_dag_decorator']) retrieved from /home/airflow/.local/lib/python3.7/site-packages/airflow/example_dags/example_dag_decorator.py
[2023-06-04T00:38:54.613+0000] {logging_mixin.py:117} INFO - [2023-06-04T00:38:54.612+0000] {dag.py:2573} INFO - Sync 1 DAGs
[2023-06-04T00:38:54.645+0000] {logging_mixin.py:117} INFO - [2023-06-04T00:38:54.645+0000] {dag.py:3328} INFO - Setting next_dagrun for example_dag_decorator to None, run_after=None
[2023-06-04T00:38:54.670+0000] {processor.py:178} INFO - Processing /home/airflow/.local/lib/python3.7/site-packages/airflow/example_dags/example_dag_decorator.py took 0.207 seconds
[2023-06-04T00:59:45.303+0000] {processor.py:156} INFO - Started process (PID=44) to work on /home/airflow/.local/lib/python3.7/site-packages/airflow/example_dags/example_dag_decorator.py
[2023-06-04T00:59:45.306+0000] {processor.py:758} INFO - Processing file /home/airflow/.local/lib/python3.7/site-packages/airflow/example_dags/example_dag_decorator.py for tasks to queue
[2023-06-04T00:59:45.308+0000] {logging_mixin.py:117} INFO - [2023-06-04T00:59:45.308+0000] {dagbag.py:525} INFO - Filling up the DagBag from /home/airflow/.local/lib/python3.7/site-packages/airflow/example_dags/example_dag_decorator.py
[2023-06-04T00:59:45.372+0000] {processor.py:768} INFO - DAG(s) dict_keys(['example_dag_decorator']) retrieved from /home/airflow/.local/lib/python3.7/site-packages/airflow/example_dags/example_dag_decorator.py
[2023-06-04T00:59:45.441+0000] {logging_mixin.py:117} INFO - [2023-06-04T00:59:45.441+0000] {dag.py:2573} INFO - Sync 1 DAGs
[2023-06-04T00:59:45.481+0000] {logging_mixin.py:117} INFO - [2023-06-04T00:59:45.480+0000] {dag.py:3328} INFO - Setting next_dagrun for example_dag_decorator to None, run_after=None
[2023-06-04T00:59:45.505+0000] {processor.py:178} INFO - Processing /home/airflow/.local/lib/python3.7/site-packages/airflow/example_dags/example_dag_decorator.py took 0.207 seconds
[2023-06-04T01:00:15.736+0000] {processor.py:156} INFO - Started process (PID=101) to work on /home/airflow/.local/lib/python3.7/site-packages/airflow/example_dags/example_dag_decorator.py
[2023-06-04T01:00:15.738+0000] {processor.py:758} INFO - Processing file /home/airflow/.local/lib/python3.7/site-packages/airflow/example_dags/example_dag_decorator.py for tasks to queue
[2023-06-04T01:00:15.740+0000] {logging_mixin.py:117} INFO - [2023-06-04T01:00:15.740+0000] {dagbag.py:525} INFO - Filling up the DagBag from /home/airflow/.local/lib/python3.7/site-packages/airflow/example_dags/example_dag_decorator.py
[2023-06-04T01:00:15.781+0000] {processor.py:768} INFO - DAG(s) dict_keys(['example_dag_decorator']) retrieved from /home/airflow/.local/lib/python3.7/site-packages/airflow/example_dags/example_dag_decorator.py
[2023-06-04T01:00:15.875+0000] {logging_mixin.py:117} INFO - [2023-06-04T01:00:15.875+0000] {dag.py:2573} INFO - Sync 1 DAGs
[2023-06-04T01:00:15.903+0000] {logging_mixin.py:117} INFO - [2023-06-04T01:00:15.903+0000] {dag.py:3328} INFO - Setting next_dagrun for example_dag_decorator to None, run_after=None
[2023-06-04T01:00:15.931+0000] {processor.py:178} INFO - Processing /home/airflow/.local/lib/python3.7/site-packages/airflow/example_dags/example_dag_decorator.py took 0.199 seconds
[2023-06-04T01:00:46.077+0000] {processor.py:156} INFO - Started process (PID=165) to work on /home/airflow/.local/lib/python3.7/site-packages/airflow/example_dags/example_dag_decorator.py
[2023-06-04T01:00:46.079+0000] {processor.py:758} INFO - Processing file /home/airflow/.local/lib/python3.7/site-packages/airflow/example_dags/example_dag_decorator.py for tasks to queue
[2023-06-04T01:00:46.081+0000] {logging_mixin.py:117} INFO - [2023-06-04T01:00:46.081+0000] {dagbag.py:525} INFO - Filling up the DagBag from /home/airflow/.local/lib/python3.7/site-packages/airflow/example_dags/example_dag_decorator.py
[2023-06-04T01:00:46.122+0000] {processor.py:768} INFO - DAG(s) dict_keys(['example_dag_decorator']) retrieved from /home/airflow/.local/lib/python3.7/site-packages/airflow/example_dags/example_dag_decorator.py
[2023-06-04T01:00:46.229+0000] {logging_mixin.py:117} INFO - [2023-06-04T01:00:46.228+0000] {dag.py:2573} INFO - Sync 1 DAGs
[2023-06-04T01:00:46.258+0000] {logging_mixin.py:117} INFO - [2023-06-04T01:00:46.258+0000] {dag.py:3328} INFO - Setting next_dagrun for example_dag_decorator to None, run_after=None
[2023-06-04T01:00:46.288+0000] {processor.py:178} INFO - Processing /home/airflow/.local/lib/python3.7/site-packages/airflow/example_dags/example_dag_decorator.py took 0.216 seconds
[2023-06-04T01:01:16.870+0000] {processor.py:156} INFO - Started process (PID=219) to work on /home/airflow/.local/lib/python3.7/site-packages/airflow/example_dags/example_dag_decorator.py
[2023-06-04T01:01:16.872+0000] {processor.py:758} INFO - Processing file /home/airflow/.local/lib/python3.7/site-packages/airflow/example_dags/example_dag_decorator.py for tasks to queue
[2023-06-04T01:01:16.874+0000] {logging_mixin.py:117} INFO - [2023-06-04T01:01:16.874+0000] {dagbag.py:525} INFO - Filling up the DagBag from /home/airflow/.local/lib/python3.7/site-packages/airflow/example_dags/example_dag_decorator.py
[2023-06-04T01:01:16.916+0000] {processor.py:768} INFO - DAG(s) dict_keys(['example_dag_decorator']) retrieved from /home/airflow/.local/lib/python3.7/site-packages/airflow/example_dags/example_dag_decorator.py
[2023-06-04T01:01:17.020+0000] {logging_mixin.py:117} INFO - [2023-06-04T01:01:17.020+0000] {dag.py:2573} INFO - Sync 1 DAGs
[2023-06-04T01:01:17.045+0000] {logging_mixin.py:117} INFO - [2023-06-04T01:01:17.045+0000] {dag.py:3328} INFO - Setting next_dagrun for example_dag_decorator to None, run_after=None
[2023-06-04T01:01:17.073+0000] {processor.py:178} INFO - Processing /home/airflow/.local/lib/python3.7/site-packages/airflow/example_dags/example_dag_decorator.py took 0.208 seconds
[2023-06-04T01:01:47.318+0000] {processor.py:156} INFO - Started process (PID=282) to work on /home/airflow/.local/lib/python3.7/site-packages/airflow/example_dags/example_dag_decorator.py
[2023-06-04T01:01:47.323+0000] {processor.py:758} INFO - Processing file /home/airflow/.local/lib/python3.7/site-packages/airflow/example_dags/example_dag_decorator.py for tasks to queue
[2023-06-04T01:01:47.326+0000] {logging_mixin.py:117} INFO - [2023-06-04T01:01:47.326+0000] {dagbag.py:525} INFO - Filling up the DagBag from /home/airflow/.local/lib/python3.7/site-packages/airflow/example_dags/example_dag_decorator.py
[2023-06-04T01:01:47.371+0000] {processor.py:768} INFO - DAG(s) dict_keys(['example_dag_decorator']) retrieved from /home/airflow/.local/lib/python3.7/site-packages/airflow/example_dags/example_dag_decorator.py
[2023-06-04T01:01:47.473+0000] {logging_mixin.py:117} INFO - [2023-06-04T01:01:47.473+0000] {dag.py:2573} INFO - Sync 1 DAGs
[2023-06-04T01:01:47.507+0000] {logging_mixin.py:117} INFO - [2023-06-04T01:01:47.507+0000] {dag.py:3328} INFO - Setting next_dagrun for example_dag_decorator to None, run_after=None
[2023-06-04T01:01:47.533+0000] {processor.py:178} INFO - Processing /home/airflow/.local/lib/python3.7/site-packages/airflow/example_dags/example_dag_decorator.py took 0.220 seconds
[2023-06-04T01:02:17.589+0000] {processor.py:156} INFO - Started process (PID=345) to work on /home/airflow/.local/lib/python3.7/site-packages/airflow/example_dags/example_dag_decorator.py
[2023-06-04T01:02:17.591+0000] {processor.py:758} INFO - Processing file /home/airflow/.local/lib/python3.7/site-packages/airflow/example_dags/example_dag_decorator.py for tasks to queue
[2023-06-04T01:02:17.593+0000] {logging_mixin.py:117} INFO - [2023-06-04T01:02:17.592+0000] {dagbag.py:525} INFO - Filling up the DagBag from /home/airflow/.local/lib/python3.7/site-packages/airflow/example_dags/example_dag_decorator.py
[2023-06-04T01:02:17.632+0000] {processor.py:768} INFO - DAG(s) dict_keys(['example_dag_decorator']) retrieved from /home/airflow/.local/lib/python3.7/site-packages/airflow/example_dags/example_dag_decorator.py
[2023-06-04T01:02:17.726+0000] {logging_mixin.py:117} INFO - [2023-06-04T01:02:17.726+0000] {dag.py:2573} INFO - Sync 1 DAGs
[2023-06-04T01:02:17.752+0000] {logging_mixin.py:117} INFO - [2023-06-04T01:02:17.752+0000] {dag.py:3328} INFO - Setting next_dagrun for example_dag_decorator to None, run_after=None
[2023-06-04T01:02:17.777+0000] {processor.py:178} INFO - Processing /home/airflow/.local/lib/python3.7/site-packages/airflow/example_dags/example_dag_decorator.py took 0.191 seconds
[2023-06-04T01:02:48.155+0000] {processor.py:156} INFO - Started process (PID=399) to work on /home/airflow/.local/lib/python3.7/site-packages/airflow/example_dags/example_dag_decorator.py
[2023-06-04T01:02:48.156+0000] {processor.py:758} INFO - Processing file /home/airflow/.local/lib/python3.7/site-packages/airflow/example_dags/example_dag_decorator.py for tasks to queue
[2023-06-04T01:02:48.158+0000] {logging_mixin.py:117} INFO - [2023-06-04T01:02:48.158+0000] {dagbag.py:525} INFO - Filling up the DagBag from /home/airflow/.local/lib/python3.7/site-packages/airflow/example_dags/example_dag_decorator.py
[2023-06-04T01:02:48.199+0000] {processor.py:768} INFO - DAG(s) dict_keys(['example_dag_decorator']) retrieved from /home/airflow/.local/lib/python3.7/site-packages/airflow/example_dags/example_dag_decorator.py
[2023-06-04T01:02:48.310+0000] {logging_mixin.py:117} INFO - [2023-06-04T01:02:48.310+0000] {dag.py:2573} INFO - Sync 1 DAGs
[2023-06-04T01:02:48.341+0000] {logging_mixin.py:117} INFO - [2023-06-04T01:02:48.341+0000] {dag.py:3328} INFO - Setting next_dagrun for example_dag_decorator to None, run_after=None
[2023-06-04T01:02:48.369+0000] {processor.py:178} INFO - Processing /home/airflow/.local/lib/python3.7/site-packages/airflow/example_dags/example_dag_decorator.py took 0.218 seconds
[2023-06-04T01:03:18.473+0000] {processor.py:156} INFO - Started process (PID=462) to work on /home/airflow/.local/lib/python3.7/site-packages/airflow/example_dags/example_dag_decorator.py
[2023-06-04T01:03:18.476+0000] {processor.py:758} INFO - Processing file /home/airflow/.local/lib/python3.7/site-packages/airflow/example_dags/example_dag_decorator.py for tasks to queue
[2023-06-04T01:03:18.478+0000] {logging_mixin.py:117} INFO - [2023-06-04T01:03:18.478+0000] {dagbag.py:525} INFO - Filling up the DagBag from /home/airflow/.local/lib/python3.7/site-packages/airflow/example_dags/example_dag_decorator.py
[2023-06-04T01:03:18.525+0000] {processor.py:768} INFO - DAG(s) dict_keys(['example_dag_decorator']) retrieved from /home/airflow/.local/lib/python3.7/site-packages/airflow/example_dags/example_dag_decorator.py
[2023-06-04T01:03:18.637+0000] {logging_mixin.py:117} INFO - [2023-06-04T01:03:18.637+0000] {dag.py:2573} INFO - Sync 1 DAGs
[2023-06-04T01:03:18.668+0000] {logging_mixin.py:117} INFO - [2023-06-04T01:03:18.668+0000] {dag.py:3328} INFO - Setting next_dagrun for example_dag_decorator to None, run_after=None
[2023-06-04T01:03:18.698+0000] {processor.py:178} INFO - Processing /home/airflow/.local/lib/python3.7/site-packages/airflow/example_dags/example_dag_decorator.py took 0.230 seconds
[2023-06-04T01:03:48.896+0000] {processor.py:156} INFO - Started process (PID=526) to work on /home/airflow/.local/lib/python3.7/site-packages/airflow/example_dags/example_dag_decorator.py
[2023-06-04T01:03:48.898+0000] {processor.py:758} INFO - Processing file /home/airflow/.local/lib/python3.7/site-packages/airflow/example_dags/example_dag_decorator.py for tasks to queue
[2023-06-04T01:03:48.900+0000] {logging_mixin.py:117} INFO - [2023-06-04T01:03:48.900+0000] {dagbag.py:525} INFO - Filling up the DagBag from /home/airflow/.local/lib/python3.7/site-packages/airflow/example_dags/example_dag_decorator.py
[2023-06-04T01:03:48.939+0000] {processor.py:768} INFO - DAG(s) dict_keys(['example_dag_decorator']) retrieved from /home/airflow/.local/lib/python3.7/site-packages/airflow/example_dags/example_dag_decorator.py
[2023-06-04T01:03:49.043+0000] {logging_mixin.py:117} INFO - [2023-06-04T01:03:49.043+0000] {dag.py:2573} INFO - Sync 1 DAGs
[2023-06-04T01:03:49.074+0000] {logging_mixin.py:117} INFO - [2023-06-04T01:03:49.074+0000] {dag.py:3328} INFO - Setting next_dagrun for example_dag_decorator to None, run_after=None
[2023-06-04T01:03:49.097+0000] {processor.py:178} INFO - Processing /home/airflow/.local/lib/python3.7/site-packages/airflow/example_dags/example_dag_decorator.py took 0.206 seconds
[2023-06-04T01:04:19.679+0000] {processor.py:156} INFO - Started process (PID=579) to work on /home/airflow/.local/lib/python3.7/site-packages/airflow/example_dags/example_dag_decorator.py
[2023-06-04T01:04:19.681+0000] {processor.py:758} INFO - Processing file /home/airflow/.local/lib/python3.7/site-packages/airflow/example_dags/example_dag_decorator.py for tasks to queue
[2023-06-04T01:04:19.683+0000] {logging_mixin.py:117} INFO - [2023-06-04T01:04:19.683+0000] {dagbag.py:525} INFO - Filling up the DagBag from /home/airflow/.local/lib/python3.7/site-packages/airflow/example_dags/example_dag_decorator.py
[2023-06-04T01:04:19.724+0000] {processor.py:768} INFO - DAG(s) dict_keys(['example_dag_decorator']) retrieved from /home/airflow/.local/lib/python3.7/site-packages/airflow/example_dags/example_dag_decorator.py
[2023-06-04T01:04:19.827+0000] {logging_mixin.py:117} INFO - [2023-06-04T01:04:19.827+0000] {dag.py:2573} INFO - Sync 1 DAGs
[2023-06-04T01:04:19.857+0000] {logging_mixin.py:117} INFO - [2023-06-04T01:04:19.857+0000] {dag.py:3328} INFO - Setting next_dagrun for example_dag_decorator to None, run_after=None
[2023-06-04T01:04:19.883+0000] {processor.py:178} INFO - Processing /home/airflow/.local/lib/python3.7/site-packages/airflow/example_dags/example_dag_decorator.py took 0.208 seconds
[2023-06-04T01:04:50.321+0000] {processor.py:156} INFO - Started process (PID=643) to work on /home/airflow/.local/lib/python3.7/site-packages/airflow/example_dags/example_dag_decorator.py
[2023-06-04T01:04:50.325+0000] {processor.py:758} INFO - Processing file /home/airflow/.local/lib/python3.7/site-packages/airflow/example_dags/example_dag_decorator.py for tasks to queue
[2023-06-04T01:04:50.327+0000] {logging_mixin.py:117} INFO - [2023-06-04T01:04:50.326+0000] {dagbag.py:525} INFO - Filling up the DagBag from /home/airflow/.local/lib/python3.7/site-packages/airflow/example_dags/example_dag_decorator.py
[2023-06-04T01:04:50.376+0000] {processor.py:768} INFO - DAG(s) dict_keys(['example_dag_decorator']) retrieved from /home/airflow/.local/lib/python3.7/site-packages/airflow/example_dags/example_dag_decorator.py
[2023-06-04T01:04:50.490+0000] {logging_mixin.py:117} INFO - [2023-06-04T01:04:50.490+0000] {dag.py:2573} INFO - Sync 1 DAGs
[2023-06-04T01:04:50.522+0000] {logging_mixin.py:117} INFO - [2023-06-04T01:04:50.522+0000] {dag.py:3328} INFO - Setting next_dagrun for example_dag_decorator to None, run_after=None
[2023-06-04T01:04:50.554+0000] {processor.py:178} INFO - Processing /home/airflow/.local/lib/python3.7/site-packages/airflow/example_dags/example_dag_decorator.py took 0.239 seconds
[2023-06-04T01:05:55.989+0000] {processor.py:156} INFO - Started process (PID=47) to work on /home/airflow/.local/lib/python3.7/site-packages/airflow/example_dags/example_dag_decorator.py
[2023-06-04T01:05:55.995+0000] {processor.py:758} INFO - Processing file /home/airflow/.local/lib/python3.7/site-packages/airflow/example_dags/example_dag_decorator.py for tasks to queue
[2023-06-04T01:05:55.999+0000] {logging_mixin.py:117} INFO - [2023-06-04T01:05:55.999+0000] {dagbag.py:525} INFO - Filling up the DagBag from /home/airflow/.local/lib/python3.7/site-packages/airflow/example_dags/example_dag_decorator.py
[2023-06-04T01:05:56.153+0000] {processor.py:768} INFO - DAG(s) dict_keys(['example_dag_decorator']) retrieved from /home/airflow/.local/lib/python3.7/site-packages/airflow/example_dags/example_dag_decorator.py
[2023-06-04T01:05:56.241+0000] {logging_mixin.py:117} INFO - [2023-06-04T01:05:56.241+0000] {dag.py:2573} INFO - Sync 1 DAGs
[2023-06-04T01:05:56.320+0000] {logging_mixin.py:117} INFO - [2023-06-04T01:05:56.320+0000] {dag.py:3328} INFO - Setting next_dagrun for example_dag_decorator to None, run_after=None
[2023-06-04T01:05:56.377+0000] {processor.py:178} INFO - Processing /home/airflow/.local/lib/python3.7/site-packages/airflow/example_dags/example_dag_decorator.py took 0.401 seconds
[2023-06-04T01:06:26.914+0000] {processor.py:156} INFO - Started process (PID=104) to work on /home/airflow/.local/lib/python3.7/site-packages/airflow/example_dags/example_dag_decorator.py
[2023-06-04T01:06:26.917+0000] {processor.py:758} INFO - Processing file /home/airflow/.local/lib/python3.7/site-packages/airflow/example_dags/example_dag_decorator.py for tasks to queue
[2023-06-04T01:06:26.918+0000] {logging_mixin.py:117} INFO - [2023-06-04T01:06:26.918+0000] {dagbag.py:525} INFO - Filling up the DagBag from /home/airflow/.local/lib/python3.7/site-packages/airflow/example_dags/example_dag_decorator.py
[2023-06-04T01:06:26.962+0000] {processor.py:768} INFO - DAG(s) dict_keys(['example_dag_decorator']) retrieved from /home/airflow/.local/lib/python3.7/site-packages/airflow/example_dags/example_dag_decorator.py
[2023-06-04T01:06:27.065+0000] {logging_mixin.py:117} INFO - [2023-06-04T01:06:27.064+0000] {dag.py:2573} INFO - Sync 1 DAGs
[2023-06-04T01:06:27.088+0000] {logging_mixin.py:117} INFO - [2023-06-04T01:06:27.088+0000] {dag.py:3328} INFO - Setting next_dagrun for example_dag_decorator to None, run_after=None
[2023-06-04T01:06:27.112+0000] {processor.py:178} INFO - Processing /home/airflow/.local/lib/python3.7/site-packages/airflow/example_dags/example_dag_decorator.py took 0.202 seconds
[2023-06-04T01:06:57.771+0000] {processor.py:156} INFO - Started process (PID=170) to work on /home/airflow/.local/lib/python3.7/site-packages/airflow/example_dags/example_dag_decorator.py
[2023-06-04T01:06:57.773+0000] {processor.py:758} INFO - Processing file /home/airflow/.local/lib/python3.7/site-packages/airflow/example_dags/example_dag_decorator.py for tasks to queue
[2023-06-04T01:06:57.776+0000] {logging_mixin.py:117} INFO - [2023-06-04T01:06:57.776+0000] {dagbag.py:525} INFO - Filling up the DagBag from /home/airflow/.local/lib/python3.7/site-packages/airflow/example_dags/example_dag_decorator.py
[2023-06-04T01:06:57.814+0000] {processor.py:768} INFO - DAG(s) dict_keys(['example_dag_decorator']) retrieved from /home/airflow/.local/lib/python3.7/site-packages/airflow/example_dags/example_dag_decorator.py
[2023-06-04T01:06:57.912+0000] {logging_mixin.py:117} INFO - [2023-06-04T01:06:57.912+0000] {dag.py:2573} INFO - Sync 1 DAGs
[2023-06-04T01:06:57.940+0000] {logging_mixin.py:117} INFO - [2023-06-04T01:06:57.940+0000] {dag.py:3328} INFO - Setting next_dagrun for example_dag_decorator to None, run_after=None
[2023-06-04T01:06:57.965+0000] {processor.py:178} INFO - Processing /home/airflow/.local/lib/python3.7/site-packages/airflow/example_dags/example_dag_decorator.py took 0.198 seconds
[2023-06-04T01:07:28.539+0000] {processor.py:156} INFO - Started process (PID=234) to work on /home/airflow/.local/lib/python3.7/site-packages/airflow/example_dags/example_dag_decorator.py
[2023-06-04T01:07:28.542+0000] {processor.py:758} INFO - Processing file /home/airflow/.local/lib/python3.7/site-packages/airflow/example_dags/example_dag_decorator.py for tasks to queue
[2023-06-04T01:07:28.544+0000] {logging_mixin.py:117} INFO - [2023-06-04T01:07:28.544+0000] {dagbag.py:525} INFO - Filling up the DagBag from /home/airflow/.local/lib/python3.7/site-packages/airflow/example_dags/example_dag_decorator.py
[2023-06-04T01:07:28.582+0000] {processor.py:768} INFO - DAG(s) dict_keys(['example_dag_decorator']) retrieved from /home/airflow/.local/lib/python3.7/site-packages/airflow/example_dags/example_dag_decorator.py
[2023-06-04T01:07:28.681+0000] {logging_mixin.py:117} INFO - [2023-06-04T01:07:28.681+0000] {dag.py:2573} INFO - Sync 1 DAGs
[2023-06-04T01:07:28.709+0000] {logging_mixin.py:117} INFO - [2023-06-04T01:07:28.709+0000] {dag.py:3328} INFO - Setting next_dagrun for example_dag_decorator to None, run_after=None
[2023-06-04T01:07:28.733+0000] {processor.py:178} INFO - Processing /home/airflow/.local/lib/python3.7/site-packages/airflow/example_dags/example_dag_decorator.py took 0.198 seconds
[2023-06-04T01:07:59.221+0000] {processor.py:156} INFO - Started process (PID=289) to work on /home/airflow/.local/lib/python3.7/site-packages/airflow/example_dags/example_dag_decorator.py
[2023-06-04T01:07:59.224+0000] {processor.py:758} INFO - Processing file /home/airflow/.local/lib/python3.7/site-packages/airflow/example_dags/example_dag_decorator.py for tasks to queue
[2023-06-04T01:07:59.225+0000] {logging_mixin.py:117} INFO - [2023-06-04T01:07:59.225+0000] {dagbag.py:525} INFO - Filling up the DagBag from /home/airflow/.local/lib/python3.7/site-packages/airflow/example_dags/example_dag_decorator.py
[2023-06-04T01:07:59.263+0000] {processor.py:768} INFO - DAG(s) dict_keys(['example_dag_decorator']) retrieved from /home/airflow/.local/lib/python3.7/site-packages/airflow/example_dags/example_dag_decorator.py
[2023-06-04T01:07:59.365+0000] {logging_mixin.py:117} INFO - [2023-06-04T01:07:59.364+0000] {dag.py:2573} INFO - Sync 1 DAGs
[2023-06-04T01:07:59.395+0000] {logging_mixin.py:117} INFO - [2023-06-04T01:07:59.395+0000] {dag.py:3328} INFO - Setting next_dagrun for example_dag_decorator to None, run_after=None
[2023-06-04T01:07:59.421+0000] {processor.py:178} INFO - Processing /home/airflow/.local/lib/python3.7/site-packages/airflow/example_dags/example_dag_decorator.py took 0.204 seconds
[2023-06-04T01:08:30.032+0000] {processor.py:156} INFO - Started process (PID=353) to work on /home/airflow/.local/lib/python3.7/site-packages/airflow/example_dags/example_dag_decorator.py
[2023-06-04T01:08:30.034+0000] {processor.py:758} INFO - Processing file /home/airflow/.local/lib/python3.7/site-packages/airflow/example_dags/example_dag_decorator.py for tasks to queue
[2023-06-04T01:08:30.035+0000] {logging_mixin.py:117} INFO - [2023-06-04T01:08:30.035+0000] {dagbag.py:525} INFO - Filling up the DagBag from /home/airflow/.local/lib/python3.7/site-packages/airflow/example_dags/example_dag_decorator.py
[2023-06-04T01:08:30.074+0000] {processor.py:768} INFO - DAG(s) dict_keys(['example_dag_decorator']) retrieved from /home/airflow/.local/lib/python3.7/site-packages/airflow/example_dags/example_dag_decorator.py
[2023-06-04T01:08:30.174+0000] {logging_mixin.py:117} INFO - [2023-06-04T01:08:30.174+0000] {dag.py:2573} INFO - Sync 1 DAGs
[2023-06-04T01:08:30.201+0000] {logging_mixin.py:117} INFO - [2023-06-04T01:08:30.201+0000] {dag.py:3328} INFO - Setting next_dagrun for example_dag_decorator to None, run_after=None
[2023-06-04T01:08:30.224+0000] {processor.py:178} INFO - Processing /home/airflow/.local/lib/python3.7/site-packages/airflow/example_dags/example_dag_decorator.py took 0.196 seconds
[2023-06-04T01:09:00.794+0000] {processor.py:156} INFO - Started process (PID=417) to work on /home/airflow/.local/lib/python3.7/site-packages/airflow/example_dags/example_dag_decorator.py
[2023-06-04T01:09:00.797+0000] {processor.py:758} INFO - Processing file /home/airflow/.local/lib/python3.7/site-packages/airflow/example_dags/example_dag_decorator.py for tasks to queue
[2023-06-04T01:09:00.802+0000] {logging_mixin.py:117} INFO - [2023-06-04T01:09:00.802+0000] {dagbag.py:525} INFO - Filling up the DagBag from /home/airflow/.local/lib/python3.7/site-packages/airflow/example_dags/example_dag_decorator.py
[2023-06-04T01:09:00.844+0000] {processor.py:768} INFO - DAG(s) dict_keys(['example_dag_decorator']) retrieved from /home/airflow/.local/lib/python3.7/site-packages/airflow/example_dags/example_dag_decorator.py
[2023-06-04T01:09:00.949+0000] {logging_mixin.py:117} INFO - [2023-06-04T01:09:00.949+0000] {dag.py:2573} INFO - Sync 1 DAGs
[2023-06-04T01:09:00.977+0000] {logging_mixin.py:117} INFO - [2023-06-04T01:09:00.977+0000] {dag.py:3328} INFO - Setting next_dagrun for example_dag_decorator to None, run_after=None
[2023-06-04T01:09:01.003+0000] {processor.py:178} INFO - Processing /home/airflow/.local/lib/python3.7/site-packages/airflow/example_dags/example_dag_decorator.py took 0.214 seconds
[2023-06-04T01:09:31.776+0000] {processor.py:156} INFO - Started process (PID=478) to work on /home/airflow/.local/lib/python3.7/site-packages/airflow/example_dags/example_dag_decorator.py
[2023-06-04T01:09:31.778+0000] {processor.py:758} INFO - Processing file /home/airflow/.local/lib/python3.7/site-packages/airflow/example_dags/example_dag_decorator.py for tasks to queue
[2023-06-04T01:09:31.780+0000] {logging_mixin.py:117} INFO - [2023-06-04T01:09:31.780+0000] {dagbag.py:525} INFO - Filling up the DagBag from /home/airflow/.local/lib/python3.7/site-packages/airflow/example_dags/example_dag_decorator.py
[2023-06-04T01:09:31.818+0000] {processor.py:768} INFO - DAG(s) dict_keys(['example_dag_decorator']) retrieved from /home/airflow/.local/lib/python3.7/site-packages/airflow/example_dags/example_dag_decorator.py
[2023-06-04T01:09:31.925+0000] {logging_mixin.py:117} INFO - [2023-06-04T01:09:31.925+0000] {dag.py:2573} INFO - Sync 1 DAGs
[2023-06-04T01:09:31.958+0000] {logging_mixin.py:117} INFO - [2023-06-04T01:09:31.958+0000] {dag.py:3328} INFO - Setting next_dagrun for example_dag_decorator to None, run_after=None
[2023-06-04T01:09:31.990+0000] {processor.py:178} INFO - Processing /home/airflow/.local/lib/python3.7/site-packages/airflow/example_dags/example_dag_decorator.py took 0.222 seconds
[2023-06-04T01:10:02.767+0000] {processor.py:156} INFO - Started process (PID=536) to work on /home/airflow/.local/lib/python3.7/site-packages/airflow/example_dags/example_dag_decorator.py
[2023-06-04T01:10:02.769+0000] {processor.py:758} INFO - Processing file /home/airflow/.local/lib/python3.7/site-packages/airflow/example_dags/example_dag_decorator.py for tasks to queue
[2023-06-04T01:10:02.771+0000] {logging_mixin.py:117} INFO - [2023-06-04T01:10:02.771+0000] {dagbag.py:525} INFO - Filling up the DagBag from /home/airflow/.local/lib/python3.7/site-packages/airflow/example_dags/example_dag_decorator.py
[2023-06-04T01:10:02.812+0000] {processor.py:768} INFO - DAG(s) dict_keys(['example_dag_decorator']) retrieved from /home/airflow/.local/lib/python3.7/site-packages/airflow/example_dags/example_dag_decorator.py
[2023-06-04T01:10:02.922+0000] {logging_mixin.py:117} INFO - [2023-06-04T01:10:02.922+0000] {dag.py:2573} INFO - Sync 1 DAGs
[2023-06-04T01:10:02.953+0000] {logging_mixin.py:117} INFO - [2023-06-04T01:10:02.953+0000] {dag.py:3328} INFO - Setting next_dagrun for example_dag_decorator to None, run_after=None
[2023-06-04T01:10:02.983+0000] {processor.py:178} INFO - Processing /home/airflow/.local/lib/python3.7/site-packages/airflow/example_dags/example_dag_decorator.py took 0.221 seconds
[2023-06-04T01:10:33.145+0000] {processor.py:156} INFO - Started process (PID=600) to work on /home/airflow/.local/lib/python3.7/site-packages/airflow/example_dags/example_dag_decorator.py
[2023-06-04T01:10:33.147+0000] {processor.py:758} INFO - Processing file /home/airflow/.local/lib/python3.7/site-packages/airflow/example_dags/example_dag_decorator.py for tasks to queue
[2023-06-04T01:10:33.149+0000] {logging_mixin.py:117} INFO - [2023-06-04T01:10:33.149+0000] {dagbag.py:525} INFO - Filling up the DagBag from /home/airflow/.local/lib/python3.7/site-packages/airflow/example_dags/example_dag_decorator.py
[2023-06-04T01:10:33.187+0000] {processor.py:768} INFO - DAG(s) dict_keys(['example_dag_decorator']) retrieved from /home/airflow/.local/lib/python3.7/site-packages/airflow/example_dags/example_dag_decorator.py
[2023-06-04T01:10:33.288+0000] {logging_mixin.py:117} INFO - [2023-06-04T01:10:33.288+0000] {dag.py:2573} INFO - Sync 1 DAGs
[2023-06-04T01:10:33.318+0000] {logging_mixin.py:117} INFO - [2023-06-04T01:10:33.318+0000] {dag.py:3328} INFO - Setting next_dagrun for example_dag_decorator to None, run_after=None
[2023-06-04T01:10:33.342+0000] {processor.py:178} INFO - Processing /home/airflow/.local/lib/python3.7/site-packages/airflow/example_dags/example_dag_decorator.py took 0.202 seconds
[2023-06-04T01:11:04.056+0000] {processor.py:156} INFO - Started process (PID=664) to work on /home/airflow/.local/lib/python3.7/site-packages/airflow/example_dags/example_dag_decorator.py
[2023-06-04T01:11:04.059+0000] {processor.py:758} INFO - Processing file /home/airflow/.local/lib/python3.7/site-packages/airflow/example_dags/example_dag_decorator.py for tasks to queue
[2023-06-04T01:11:04.061+0000] {logging_mixin.py:117} INFO - [2023-06-04T01:11:04.061+0000] {dagbag.py:525} INFO - Filling up the DagBag from /home/airflow/.local/lib/python3.7/site-packages/airflow/example_dags/example_dag_decorator.py
[2023-06-04T01:11:04.106+0000] {processor.py:768} INFO - DAG(s) dict_keys(['example_dag_decorator']) retrieved from /home/airflow/.local/lib/python3.7/site-packages/airflow/example_dags/example_dag_decorator.py
[2023-06-04T01:11:04.199+0000] {logging_mixin.py:117} INFO - [2023-06-04T01:11:04.199+0000] {dag.py:2573} INFO - Sync 1 DAGs
[2023-06-04T01:11:04.225+0000] {logging_mixin.py:117} INFO - [2023-06-04T01:11:04.225+0000] {dag.py:3328} INFO - Setting next_dagrun for example_dag_decorator to None, run_after=None
[2023-06-04T01:11:04.250+0000] {processor.py:178} INFO - Processing /home/airflow/.local/lib/python3.7/site-packages/airflow/example_dags/example_dag_decorator.py took 0.198 seconds
[2023-06-04T01:11:34.675+0000] {processor.py:156} INFO - Started process (PID=719) to work on /home/airflow/.local/lib/python3.7/site-packages/airflow/example_dags/example_dag_decorator.py
[2023-06-04T01:11:34.678+0000] {processor.py:758} INFO - Processing file /home/airflow/.local/lib/python3.7/site-packages/airflow/example_dags/example_dag_decorator.py for tasks to queue
[2023-06-04T01:11:34.681+0000] {logging_mixin.py:117} INFO - [2023-06-04T01:11:34.680+0000] {dagbag.py:525} INFO - Filling up the DagBag from /home/airflow/.local/lib/python3.7/site-packages/airflow/example_dags/example_dag_decorator.py
[2023-06-04T01:11:34.769+0000] {processor.py:768} INFO - DAG(s) dict_keys(['example_dag_decorator']) retrieved from /home/airflow/.local/lib/python3.7/site-packages/airflow/example_dags/example_dag_decorator.py
[2023-06-04T01:11:34.936+0000] {logging_mixin.py:117} INFO - [2023-06-04T01:11:34.936+0000] {dag.py:2573} INFO - Sync 1 DAGs
[2023-06-04T01:11:34.979+0000] {logging_mixin.py:117} INFO - [2023-06-04T01:11:34.979+0000] {dag.py:3328} INFO - Setting next_dagrun for example_dag_decorator to None, run_after=None
[2023-06-04T01:11:35.018+0000] {processor.py:178} INFO - Processing /home/airflow/.local/lib/python3.7/site-packages/airflow/example_dags/example_dag_decorator.py took 0.348 seconds
[2023-06-04T01:12:05.191+0000] {processor.py:156} INFO - Started process (PID=784) to work on /home/airflow/.local/lib/python3.7/site-packages/airflow/example_dags/example_dag_decorator.py
[2023-06-04T01:12:05.193+0000] {processor.py:758} INFO - Processing file /home/airflow/.local/lib/python3.7/site-packages/airflow/example_dags/example_dag_decorator.py for tasks to queue
[2023-06-04T01:12:05.195+0000] {logging_mixin.py:117} INFO - [2023-06-04T01:12:05.195+0000] {dagbag.py:525} INFO - Filling up the DagBag from /home/airflow/.local/lib/python3.7/site-packages/airflow/example_dags/example_dag_decorator.py
[2023-06-04T01:12:05.235+0000] {processor.py:768} INFO - DAG(s) dict_keys(['example_dag_decorator']) retrieved from /home/airflow/.local/lib/python3.7/site-packages/airflow/example_dags/example_dag_decorator.py
[2023-06-04T01:12:05.341+0000] {logging_mixin.py:117} INFO - [2023-06-04T01:12:05.341+0000] {dag.py:2573} INFO - Sync 1 DAGs
[2023-06-04T01:12:05.376+0000] {logging_mixin.py:117} INFO - [2023-06-04T01:12:05.376+0000] {dag.py:3328} INFO - Setting next_dagrun for example_dag_decorator to None, run_after=None
[2023-06-04T01:12:05.411+0000] {processor.py:178} INFO - Processing /home/airflow/.local/lib/python3.7/site-packages/airflow/example_dags/example_dag_decorator.py took 0.225 seconds
[2023-06-04T01:12:35.747+0000] {processor.py:156} INFO - Started process (PID=847) to work on /home/airflow/.local/lib/python3.7/site-packages/airflow/example_dags/example_dag_decorator.py
[2023-06-04T01:12:35.749+0000] {processor.py:758} INFO - Processing file /home/airflow/.local/lib/python3.7/site-packages/airflow/example_dags/example_dag_decorator.py for tasks to queue
[2023-06-04T01:12:35.751+0000] {logging_mixin.py:117} INFO - [2023-06-04T01:12:35.751+0000] {dagbag.py:525} INFO - Filling up the DagBag from /home/airflow/.local/lib/python3.7/site-packages/airflow/example_dags/example_dag_decorator.py
[2023-06-04T01:12:35.791+0000] {processor.py:768} INFO - DAG(s) dict_keys(['example_dag_decorator']) retrieved from /home/airflow/.local/lib/python3.7/site-packages/airflow/example_dags/example_dag_decorator.py
[2023-06-04T01:12:35.892+0000] {logging_mixin.py:117} INFO - [2023-06-04T01:12:35.892+0000] {dag.py:2573} INFO - Sync 1 DAGs
[2023-06-04T01:12:35.922+0000] {logging_mixin.py:117} INFO - [2023-06-04T01:12:35.922+0000] {dag.py:3328} INFO - Setting next_dagrun for example_dag_decorator to None, run_after=None
[2023-06-04T01:12:35.948+0000] {processor.py:178} INFO - Processing /home/airflow/.local/lib/python3.7/site-packages/airflow/example_dags/example_dag_decorator.py took 0.205 seconds
[2023-06-04T01:13:06.102+0000] {processor.py:156} INFO - Started process (PID=902) to work on /home/airflow/.local/lib/python3.7/site-packages/airflow/example_dags/example_dag_decorator.py
[2023-06-04T01:13:06.104+0000] {processor.py:758} INFO - Processing file /home/airflow/.local/lib/python3.7/site-packages/airflow/example_dags/example_dag_decorator.py for tasks to queue
[2023-06-04T01:13:06.106+0000] {logging_mixin.py:117} INFO - [2023-06-04T01:13:06.106+0000] {dagbag.py:525} INFO - Filling up the DagBag from /home/airflow/.local/lib/python3.7/site-packages/airflow/example_dags/example_dag_decorator.py
[2023-06-04T01:13:06.143+0000] {processor.py:768} INFO - DAG(s) dict_keys(['example_dag_decorator']) retrieved from /home/airflow/.local/lib/python3.7/site-packages/airflow/example_dags/example_dag_decorator.py
[2023-06-04T01:13:06.237+0000] {logging_mixin.py:117} INFO - [2023-06-04T01:13:06.237+0000] {dag.py:2573} INFO - Sync 1 DAGs
[2023-06-04T01:13:06.264+0000] {logging_mixin.py:117} INFO - [2023-06-04T01:13:06.264+0000] {dag.py:3328} INFO - Setting next_dagrun for example_dag_decorator to None, run_after=None
[2023-06-04T01:13:06.289+0000] {processor.py:178} INFO - Processing /home/airflow/.local/lib/python3.7/site-packages/airflow/example_dags/example_dag_decorator.py took 0.191 seconds
[2023-06-04T01:13:36.515+0000] {processor.py:156} INFO - Started process (PID=967) to work on /home/airflow/.local/lib/python3.7/site-packages/airflow/example_dags/example_dag_decorator.py
[2023-06-04T01:13:36.517+0000] {processor.py:758} INFO - Processing file /home/airflow/.local/lib/python3.7/site-packages/airflow/example_dags/example_dag_decorator.py for tasks to queue
[2023-06-04T01:13:36.519+0000] {logging_mixin.py:117} INFO - [2023-06-04T01:13:36.518+0000] {dagbag.py:525} INFO - Filling up the DagBag from /home/airflow/.local/lib/python3.7/site-packages/airflow/example_dags/example_dag_decorator.py
[2023-06-04T01:13:36.557+0000] {processor.py:768} INFO - DAG(s) dict_keys(['example_dag_decorator']) retrieved from /home/airflow/.local/lib/python3.7/site-packages/airflow/example_dags/example_dag_decorator.py
[2023-06-04T01:13:36.661+0000] {logging_mixin.py:117} INFO - [2023-06-04T01:13:36.661+0000] {dag.py:2573} INFO - Sync 1 DAGs
[2023-06-04T01:13:36.691+0000] {logging_mixin.py:117} INFO - [2023-06-04T01:13:36.691+0000] {dag.py:3328} INFO - Setting next_dagrun for example_dag_decorator to None, run_after=None
[2023-06-04T01:13:36.718+0000] {processor.py:178} INFO - Processing /home/airflow/.local/lib/python3.7/site-packages/airflow/example_dags/example_dag_decorator.py took 0.208 seconds
[2023-06-04T01:14:07.585+0000] {processor.py:156} INFO - Started process (PID=1029) to work on /home/airflow/.local/lib/python3.7/site-packages/airflow/example_dags/example_dag_decorator.py
[2023-06-04T01:14:07.588+0000] {processor.py:758} INFO - Processing file /home/airflow/.local/lib/python3.7/site-packages/airflow/example_dags/example_dag_decorator.py for tasks to queue
[2023-06-04T01:14:07.590+0000] {logging_mixin.py:117} INFO - [2023-06-04T01:14:07.590+0000] {dagbag.py:525} INFO - Filling up the DagBag from /home/airflow/.local/lib/python3.7/site-packages/airflow/example_dags/example_dag_decorator.py
[2023-06-04T01:14:07.640+0000] {processor.py:768} INFO - DAG(s) dict_keys(['example_dag_decorator']) retrieved from /home/airflow/.local/lib/python3.7/site-packages/airflow/example_dags/example_dag_decorator.py
[2023-06-04T01:14:07.762+0000] {logging_mixin.py:117} INFO - [2023-06-04T01:14:07.762+0000] {dag.py:2573} INFO - Sync 1 DAGs
[2023-06-04T01:14:07.803+0000] {logging_mixin.py:117} INFO - [2023-06-04T01:14:07.803+0000] {dag.py:3328} INFO - Setting next_dagrun for example_dag_decorator to None, run_after=None
[2023-06-04T01:14:07.847+0000] {processor.py:178} INFO - Processing /home/airflow/.local/lib/python3.7/site-packages/airflow/example_dags/example_dag_decorator.py took 0.268 seconds
[2023-06-04T01:14:37.941+0000] {processor.py:156} INFO - Started process (PID=1084) to work on /home/airflow/.local/lib/python3.7/site-packages/airflow/example_dags/example_dag_decorator.py
[2023-06-04T01:14:37.945+0000] {processor.py:758} INFO - Processing file /home/airflow/.local/lib/python3.7/site-packages/airflow/example_dags/example_dag_decorator.py for tasks to queue
[2023-06-04T01:14:37.948+0000] {logging_mixin.py:117} INFO - [2023-06-04T01:14:37.947+0000] {dagbag.py:525} INFO - Filling up the DagBag from /home/airflow/.local/lib/python3.7/site-packages/airflow/example_dags/example_dag_decorator.py
[2023-06-04T01:14:37.999+0000] {processor.py:768} INFO - DAG(s) dict_keys(['example_dag_decorator']) retrieved from /home/airflow/.local/lib/python3.7/site-packages/airflow/example_dags/example_dag_decorator.py
[2023-06-04T01:14:38.126+0000] {logging_mixin.py:117} INFO - [2023-06-04T01:14:38.126+0000] {dag.py:2573} INFO - Sync 1 DAGs
[2023-06-04T01:14:38.161+0000] {logging_mixin.py:117} INFO - [2023-06-04T01:14:38.161+0000] {dag.py:3328} INFO - Setting next_dagrun for example_dag_decorator to None, run_after=None
[2023-06-04T01:14:38.197+0000] {processor.py:178} INFO - Processing /home/airflow/.local/lib/python3.7/site-packages/airflow/example_dags/example_dag_decorator.py took 0.262 seconds
[2023-06-04T01:15:08.519+0000] {processor.py:156} INFO - Started process (PID=1147) to work on /home/airflow/.local/lib/python3.7/site-packages/airflow/example_dags/example_dag_decorator.py
[2023-06-04T01:15:08.524+0000] {processor.py:758} INFO - Processing file /home/airflow/.local/lib/python3.7/site-packages/airflow/example_dags/example_dag_decorator.py for tasks to queue
[2023-06-04T01:15:08.528+0000] {logging_mixin.py:117} INFO - [2023-06-04T01:15:08.527+0000] {dagbag.py:525} INFO - Filling up the DagBag from /home/airflow/.local/lib/python3.7/site-packages/airflow/example_dags/example_dag_decorator.py
[2023-06-04T01:15:08.606+0000] {processor.py:768} INFO - DAG(s) dict_keys(['example_dag_decorator']) retrieved from /home/airflow/.local/lib/python3.7/site-packages/airflow/example_dags/example_dag_decorator.py
[2023-06-04T01:15:08.753+0000] {logging_mixin.py:117} INFO - [2023-06-04T01:15:08.753+0000] {dag.py:2573} INFO - Sync 1 DAGs
[2023-06-04T01:15:08.792+0000] {logging_mixin.py:117} INFO - [2023-06-04T01:15:08.792+0000] {dag.py:3328} INFO - Setting next_dagrun for example_dag_decorator to None, run_after=None
[2023-06-04T01:15:08.826+0000] {processor.py:178} INFO - Processing /home/airflow/.local/lib/python3.7/site-packages/airflow/example_dags/example_dag_decorator.py took 0.315 seconds
[2023-06-04T01:15:39.382+0000] {processor.py:156} INFO - Started process (PID=1211) to work on /home/airflow/.local/lib/python3.7/site-packages/airflow/example_dags/example_dag_decorator.py
[2023-06-04T01:15:39.385+0000] {processor.py:758} INFO - Processing file /home/airflow/.local/lib/python3.7/site-packages/airflow/example_dags/example_dag_decorator.py for tasks to queue
[2023-06-04T01:15:39.387+0000] {logging_mixin.py:117} INFO - [2023-06-04T01:15:39.387+0000] {dagbag.py:525} INFO - Filling up the DagBag from /home/airflow/.local/lib/python3.7/site-packages/airflow/example_dags/example_dag_decorator.py
[2023-06-04T01:15:39.432+0000] {processor.py:768} INFO - DAG(s) dict_keys(['example_dag_decorator']) retrieved from /home/airflow/.local/lib/python3.7/site-packages/airflow/example_dags/example_dag_decorator.py
[2023-06-04T01:15:39.553+0000] {logging_mixin.py:117} INFO - [2023-06-04T01:15:39.553+0000] {dag.py:2573} INFO - Sync 1 DAGs
[2023-06-04T01:15:39.590+0000] {logging_mixin.py:117} INFO - [2023-06-04T01:15:39.590+0000] {dag.py:3328} INFO - Setting next_dagrun for example_dag_decorator to None, run_after=None
[2023-06-04T01:15:39.625+0000] {processor.py:178} INFO - Processing /home/airflow/.local/lib/python3.7/site-packages/airflow/example_dags/example_dag_decorator.py took 0.247 seconds
[2023-06-04T01:16:09.692+0000] {processor.py:156} INFO - Started process (PID=1266) to work on /home/airflow/.local/lib/python3.7/site-packages/airflow/example_dags/example_dag_decorator.py
[2023-06-04T01:16:09.694+0000] {processor.py:758} INFO - Processing file /home/airflow/.local/lib/python3.7/site-packages/airflow/example_dags/example_dag_decorator.py for tasks to queue
[2023-06-04T01:16:09.697+0000] {logging_mixin.py:117} INFO - [2023-06-04T01:16:09.697+0000] {dagbag.py:525} INFO - Filling up the DagBag from /home/airflow/.local/lib/python3.7/site-packages/airflow/example_dags/example_dag_decorator.py
[2023-06-04T01:16:09.743+0000] {processor.py:768} INFO - DAG(s) dict_keys(['example_dag_decorator']) retrieved from /home/airflow/.local/lib/python3.7/site-packages/airflow/example_dags/example_dag_decorator.py
[2023-06-04T01:16:09.857+0000] {logging_mixin.py:117} INFO - [2023-06-04T01:16:09.857+0000] {dag.py:2573} INFO - Sync 1 DAGs
[2023-06-04T01:16:09.890+0000] {logging_mixin.py:117} INFO - [2023-06-04T01:16:09.890+0000] {dag.py:3328} INFO - Setting next_dagrun for example_dag_decorator to None, run_after=None
[2023-06-04T01:16:09.917+0000] {processor.py:178} INFO - Processing /home/airflow/.local/lib/python3.7/site-packages/airflow/example_dags/example_dag_decorator.py took 0.230 seconds
[2023-06-04T01:16:40.418+0000] {processor.py:156} INFO - Started process (PID=1330) to work on /home/airflow/.local/lib/python3.7/site-packages/airflow/example_dags/example_dag_decorator.py
[2023-06-04T01:16:40.420+0000] {processor.py:758} INFO - Processing file /home/airflow/.local/lib/python3.7/site-packages/airflow/example_dags/example_dag_decorator.py for tasks to queue
[2023-06-04T01:16:40.422+0000] {logging_mixin.py:117} INFO - [2023-06-04T01:16:40.421+0000] {dagbag.py:525} INFO - Filling up the DagBag from /home/airflow/.local/lib/python3.7/site-packages/airflow/example_dags/example_dag_decorator.py
[2023-06-04T01:16:40.466+0000] {processor.py:768} INFO - DAG(s) dict_keys(['example_dag_decorator']) retrieved from /home/airflow/.local/lib/python3.7/site-packages/airflow/example_dags/example_dag_decorator.py
[2023-06-04T01:16:40.576+0000] {logging_mixin.py:117} INFO - [2023-06-04T01:16:40.576+0000] {dag.py:2573} INFO - Sync 1 DAGs
[2023-06-04T01:16:40.607+0000] {logging_mixin.py:117} INFO - [2023-06-04T01:16:40.607+0000] {dag.py:3328} INFO - Setting next_dagrun for example_dag_decorator to None, run_after=None
[2023-06-04T01:16:40.633+0000] {processor.py:178} INFO - Processing /home/airflow/.local/lib/python3.7/site-packages/airflow/example_dags/example_dag_decorator.py took 0.221 seconds
[2023-06-04T01:17:11.178+0000] {processor.py:156} INFO - Started process (PID=1386) to work on /home/airflow/.local/lib/python3.7/site-packages/airflow/example_dags/example_dag_decorator.py
[2023-06-04T01:17:11.180+0000] {processor.py:758} INFO - Processing file /home/airflow/.local/lib/python3.7/site-packages/airflow/example_dags/example_dag_decorator.py for tasks to queue
[2023-06-04T01:17:11.182+0000] {logging_mixin.py:117} INFO - [2023-06-04T01:17:11.182+0000] {dagbag.py:525} INFO - Filling up the DagBag from /home/airflow/.local/lib/python3.7/site-packages/airflow/example_dags/example_dag_decorator.py
[2023-06-04T01:17:11.225+0000] {processor.py:768} INFO - DAG(s) dict_keys(['example_dag_decorator']) retrieved from /home/airflow/.local/lib/python3.7/site-packages/airflow/example_dags/example_dag_decorator.py
[2023-06-04T01:17:11.337+0000] {logging_mixin.py:117} INFO - [2023-06-04T01:17:11.337+0000] {dag.py:2573} INFO - Sync 1 DAGs
[2023-06-04T01:17:11.380+0000] {logging_mixin.py:117} INFO - [2023-06-04T01:17:11.379+0000] {dag.py:3328} INFO - Setting next_dagrun for example_dag_decorator to None, run_after=None
[2023-06-04T01:17:11.415+0000] {processor.py:178} INFO - Processing /home/airflow/.local/lib/python3.7/site-packages/airflow/example_dags/example_dag_decorator.py took 0.242 seconds
[2023-06-04T01:17:41.515+0000] {processor.py:156} INFO - Started process (PID=1449) to work on /home/airflow/.local/lib/python3.7/site-packages/airflow/example_dags/example_dag_decorator.py
[2023-06-04T01:17:41.518+0000] {processor.py:758} INFO - Processing file /home/airflow/.local/lib/python3.7/site-packages/airflow/example_dags/example_dag_decorator.py for tasks to queue
[2023-06-04T01:17:41.520+0000] {logging_mixin.py:117} INFO - [2023-06-04T01:17:41.520+0000] {dagbag.py:525} INFO - Filling up the DagBag from /home/airflow/.local/lib/python3.7/site-packages/airflow/example_dags/example_dag_decorator.py
[2023-06-04T01:17:41.561+0000] {processor.py:768} INFO - DAG(s) dict_keys(['example_dag_decorator']) retrieved from /home/airflow/.local/lib/python3.7/site-packages/airflow/example_dags/example_dag_decorator.py
[2023-06-04T01:17:41.659+0000] {logging_mixin.py:117} INFO - [2023-06-04T01:17:41.659+0000] {dag.py:2573} INFO - Sync 1 DAGs
[2023-06-04T01:17:41.685+0000] {logging_mixin.py:117} INFO - [2023-06-04T01:17:41.685+0000] {dag.py:3328} INFO - Setting next_dagrun for example_dag_decorator to None, run_after=None
[2023-06-04T01:17:41.714+0000] {processor.py:178} INFO - Processing /home/airflow/.local/lib/python3.7/site-packages/airflow/example_dags/example_dag_decorator.py took 0.203 seconds
[2023-06-04T01:18:11.762+0000] {processor.py:156} INFO - Started process (PID=1513) to work on /home/airflow/.local/lib/python3.7/site-packages/airflow/example_dags/example_dag_decorator.py
[2023-06-04T01:18:11.765+0000] {processor.py:758} INFO - Processing file /home/airflow/.local/lib/python3.7/site-packages/airflow/example_dags/example_dag_decorator.py for tasks to queue
[2023-06-04T01:18:11.766+0000] {logging_mixin.py:117} INFO - [2023-06-04T01:18:11.766+0000] {dagbag.py:525} INFO - Filling up the DagBag from /home/airflow/.local/lib/python3.7/site-packages/airflow/example_dags/example_dag_decorator.py
[2023-06-04T01:18:11.804+0000] {processor.py:768} INFO - DAG(s) dict_keys(['example_dag_decorator']) retrieved from /home/airflow/.local/lib/python3.7/site-packages/airflow/example_dags/example_dag_decorator.py
[2023-06-04T01:18:11.903+0000] {logging_mixin.py:117} INFO - [2023-06-04T01:18:11.903+0000] {dag.py:2573} INFO - Sync 1 DAGs
[2023-06-04T01:18:11.932+0000] {logging_mixin.py:117} INFO - [2023-06-04T01:18:11.932+0000] {dag.py:3328} INFO - Setting next_dagrun for example_dag_decorator to None, run_after=None
[2023-06-04T01:18:11.960+0000] {processor.py:178} INFO - Processing /home/airflow/.local/lib/python3.7/site-packages/airflow/example_dags/example_dag_decorator.py took 0.202 seconds
[2023-06-04T01:18:42.163+0000] {processor.py:156} INFO - Started process (PID=1569) to work on /home/airflow/.local/lib/python3.7/site-packages/airflow/example_dags/example_dag_decorator.py
[2023-06-04T01:18:42.165+0000] {processor.py:758} INFO - Processing file /home/airflow/.local/lib/python3.7/site-packages/airflow/example_dags/example_dag_decorator.py for tasks to queue
[2023-06-04T01:18:42.168+0000] {logging_mixin.py:117} INFO - [2023-06-04T01:18:42.168+0000] {dagbag.py:525} INFO - Filling up the DagBag from /home/airflow/.local/lib/python3.7/site-packages/airflow/example_dags/example_dag_decorator.py
[2023-06-04T01:18:42.211+0000] {processor.py:768} INFO - DAG(s) dict_keys(['example_dag_decorator']) retrieved from /home/airflow/.local/lib/python3.7/site-packages/airflow/example_dags/example_dag_decorator.py
[2023-06-04T01:18:42.325+0000] {logging_mixin.py:117} INFO - [2023-06-04T01:18:42.324+0000] {dag.py:2573} INFO - Sync 1 DAGs
[2023-06-04T01:18:42.356+0000] {logging_mixin.py:117} INFO - [2023-06-04T01:18:42.356+0000] {dag.py:3328} INFO - Setting next_dagrun for example_dag_decorator to None, run_after=None
[2023-06-04T01:18:42.381+0000] {processor.py:178} INFO - Processing /home/airflow/.local/lib/python3.7/site-packages/airflow/example_dags/example_dag_decorator.py took 0.223 seconds
[2023-06-04T01:19:12.418+0000] {processor.py:156} INFO - Started process (PID=1632) to work on /home/airflow/.local/lib/python3.7/site-packages/airflow/example_dags/example_dag_decorator.py
[2023-06-04T01:19:12.419+0000] {processor.py:758} INFO - Processing file /home/airflow/.local/lib/python3.7/site-packages/airflow/example_dags/example_dag_decorator.py for tasks to queue
[2023-06-04T01:19:12.421+0000] {logging_mixin.py:117} INFO - [2023-06-04T01:19:12.421+0000] {dagbag.py:525} INFO - Filling up the DagBag from /home/airflow/.local/lib/python3.7/site-packages/airflow/example_dags/example_dag_decorator.py
[2023-06-04T01:19:12.461+0000] {processor.py:768} INFO - DAG(s) dict_keys(['example_dag_decorator']) retrieved from /home/airflow/.local/lib/python3.7/site-packages/airflow/example_dags/example_dag_decorator.py
[2023-06-04T01:19:12.572+0000] {logging_mixin.py:117} INFO - [2023-06-04T01:19:12.572+0000] {dag.py:2573} INFO - Sync 1 DAGs
[2023-06-04T01:19:12.603+0000] {logging_mixin.py:117} INFO - [2023-06-04T01:19:12.603+0000] {dag.py:3328} INFO - Setting next_dagrun for example_dag_decorator to None, run_after=None
[2023-06-04T01:19:12.627+0000] {processor.py:178} INFO - Processing /home/airflow/.local/lib/python3.7/site-packages/airflow/example_dags/example_dag_decorator.py took 0.214 seconds
[2023-06-04T01:20:37.187+0000] {processor.py:157} INFO - Started process (PID=45) to work on /home/airflow/.local/lib/python3.7/site-packages/airflow/example_dags/example_dag_decorator.py
[2023-06-04T01:20:37.203+0000] {processor.py:826} INFO - Processing file /home/airflow/.local/lib/python3.7/site-packages/airflow/example_dags/example_dag_decorator.py for tasks to queue
[2023-06-04T01:20:37.213+0000] {logging_mixin.py:149} INFO - [2023-06-04T01:20:37.213+0000] {dagbag.py:541} INFO - Filling up the DagBag from /home/airflow/.local/lib/python3.7/site-packages/airflow/example_dags/example_dag_decorator.py
[2023-06-04T01:20:37.577+0000] {logging_mixin.py:149} INFO - [2023-06-04T01:20:37.577+0000] {taskmixin.py:211} WARNING - Dependency <Task(_PythonDecoratedOperator): prepare_email>, send_email already registered for DAG: example_dag_decorator
[2023-06-04T01:20:37.581+0000] {logging_mixin.py:149} INFO - [2023-06-04T01:20:37.580+0000] {taskmixin.py:211} WARNING - Dependency <Task(EmailOperator): send_email>, prepare_email already registered for DAG: example_dag_decorator
[2023-06-04T01:20:37.631+0000] {processor.py:836} INFO - DAG(s) dict_keys(['example_dag_decorator']) retrieved from /home/airflow/.local/lib/python3.7/site-packages/airflow/example_dags/example_dag_decorator.py
[2023-06-04T01:20:37.686+0000] {logging_mixin.py:149} INFO - [2023-06-04T01:20:37.685+0000] {dag.py:2726} INFO - Sync 1 DAGs
[2023-06-04T01:20:37.848+0000] {logging_mixin.py:149} INFO - [2023-06-04T01:20:37.847+0000] {dag.py:3490} INFO - Setting next_dagrun for example_dag_decorator to None, run_after=None
[2023-06-04T01:20:37.922+0000] {processor.py:179} INFO - Processing /home/airflow/.local/lib/python3.7/site-packages/airflow/example_dags/example_dag_decorator.py took 0.771 seconds
[2023-06-04T01:21:08.880+0000] {processor.py:157} INFO - Started process (PID=115) to work on /home/airflow/.local/lib/python3.7/site-packages/airflow/example_dags/example_dag_decorator.py
[2023-06-04T01:21:08.884+0000] {processor.py:826} INFO - Processing file /home/airflow/.local/lib/python3.7/site-packages/airflow/example_dags/example_dag_decorator.py for tasks to queue
[2023-06-04T01:21:08.885+0000] {logging_mixin.py:149} INFO - [2023-06-04T01:21:08.885+0000] {dagbag.py:541} INFO - Filling up the DagBag from /home/airflow/.local/lib/python3.7/site-packages/airflow/example_dags/example_dag_decorator.py
[2023-06-04T01:21:08.896+0000] {logging_mixin.py:149} INFO - [2023-06-04T01:21:08.896+0000] {taskmixin.py:211} WARNING - Dependency <Task(_PythonDecoratedOperator): prepare_email>, send_email already registered for DAG: example_dag_decorator
[2023-06-04T01:21:08.897+0000] {logging_mixin.py:149} INFO - [2023-06-04T01:21:08.897+0000] {taskmixin.py:211} WARNING - Dependency <Task(EmailOperator): send_email>, prepare_email already registered for DAG: example_dag_decorator
[2023-06-04T01:21:08.910+0000] {processor.py:836} INFO - DAG(s) dict_keys(['example_dag_decorator']) retrieved from /home/airflow/.local/lib/python3.7/site-packages/airflow/example_dags/example_dag_decorator.py
[2023-06-04T01:21:09.010+0000] {logging_mixin.py:149} INFO - [2023-06-04T01:21:09.009+0000] {dag.py:2726} INFO - Sync 1 DAGs
[2023-06-04T01:21:09.039+0000] {logging_mixin.py:149} INFO - [2023-06-04T01:21:09.038+0000] {dag.py:3490} INFO - Setting next_dagrun for example_dag_decorator to None, run_after=None
[2023-06-04T01:21:09.066+0000] {processor.py:179} INFO - Processing /home/airflow/.local/lib/python3.7/site-packages/airflow/example_dags/example_dag_decorator.py took 0.192 seconds
[2023-06-04T01:21:39.296+0000] {processor.py:157} INFO - Started process (PID=192) to work on /home/airflow/.local/lib/python3.7/site-packages/airflow/example_dags/example_dag_decorator.py
[2023-06-04T01:21:39.300+0000] {processor.py:826} INFO - Processing file /home/airflow/.local/lib/python3.7/site-packages/airflow/example_dags/example_dag_decorator.py for tasks to queue
[2023-06-04T01:21:39.304+0000] {logging_mixin.py:149} INFO - [2023-06-04T01:21:39.303+0000] {dagbag.py:541} INFO - Filling up the DagBag from /home/airflow/.local/lib/python3.7/site-packages/airflow/example_dags/example_dag_decorator.py
[2023-06-04T01:21:39.323+0000] {logging_mixin.py:149} INFO - [2023-06-04T01:21:39.322+0000] {taskmixin.py:211} WARNING - Dependency <Task(_PythonDecoratedOperator): prepare_email>, send_email already registered for DAG: example_dag_decorator
[2023-06-04T01:21:39.326+0000] {logging_mixin.py:149} INFO - [2023-06-04T01:21:39.326+0000] {taskmixin.py:211} WARNING - Dependency <Task(EmailOperator): send_email>, prepare_email already registered for DAG: example_dag_decorator
[2023-06-04T01:21:39.346+0000] {processor.py:836} INFO - DAG(s) dict_keys(['example_dag_decorator']) retrieved from /home/airflow/.local/lib/python3.7/site-packages/airflow/example_dags/example_dag_decorator.py
[2023-06-04T01:21:39.500+0000] {logging_mixin.py:149} INFO - [2023-06-04T01:21:39.500+0000] {dag.py:2726} INFO - Sync 1 DAGs
[2023-06-04T01:21:39.563+0000] {logging_mixin.py:149} INFO - [2023-06-04T01:21:39.563+0000] {dag.py:3490} INFO - Setting next_dagrun for example_dag_decorator to None, run_after=None
[2023-06-04T01:21:39.621+0000] {processor.py:179} INFO - Processing /home/airflow/.local/lib/python3.7/site-packages/airflow/example_dags/example_dag_decorator.py took 0.334 seconds
[2023-06-04T01:22:09.753+0000] {processor.py:157} INFO - Started process (PID=264) to work on /home/airflow/.local/lib/python3.7/site-packages/airflow/example_dags/example_dag_decorator.py
[2023-06-04T01:22:09.756+0000] {processor.py:826} INFO - Processing file /home/airflow/.local/lib/python3.7/site-packages/airflow/example_dags/example_dag_decorator.py for tasks to queue
[2023-06-04T01:22:09.758+0000] {logging_mixin.py:149} INFO - [2023-06-04T01:22:09.758+0000] {dagbag.py:541} INFO - Filling up the DagBag from /home/airflow/.local/lib/python3.7/site-packages/airflow/example_dags/example_dag_decorator.py
[2023-06-04T01:22:09.769+0000] {logging_mixin.py:149} INFO - [2023-06-04T01:22:09.769+0000] {taskmixin.py:211} WARNING - Dependency <Task(_PythonDecoratedOperator): prepare_email>, send_email already registered for DAG: example_dag_decorator
[2023-06-04T01:22:09.771+0000] {logging_mixin.py:149} INFO - [2023-06-04T01:22:09.771+0000] {taskmixin.py:211} WARNING - Dependency <Task(EmailOperator): send_email>, prepare_email already registered for DAG: example_dag_decorator
[2023-06-04T01:22:09.784+0000] {processor.py:836} INFO - DAG(s) dict_keys(['example_dag_decorator']) retrieved from /home/airflow/.local/lib/python3.7/site-packages/airflow/example_dags/example_dag_decorator.py
[2023-06-04T01:22:09.884+0000] {logging_mixin.py:149} INFO - [2023-06-04T01:22:09.884+0000] {dag.py:2726} INFO - Sync 1 DAGs
[2023-06-04T01:22:09.923+0000] {logging_mixin.py:149} INFO - [2023-06-04T01:22:09.922+0000] {dag.py:3490} INFO - Setting next_dagrun for example_dag_decorator to None, run_after=None
[2023-06-04T01:22:09.953+0000] {processor.py:179} INFO - Processing /home/airflow/.local/lib/python3.7/site-packages/airflow/example_dags/example_dag_decorator.py took 0.206 seconds
[2023-06-04T01:22:40.603+0000] {processor.py:157} INFO - Started process (PID=334) to work on /home/airflow/.local/lib/python3.7/site-packages/airflow/example_dags/example_dag_decorator.py
[2023-06-04T01:22:40.606+0000] {processor.py:826} INFO - Processing file /home/airflow/.local/lib/python3.7/site-packages/airflow/example_dags/example_dag_decorator.py for tasks to queue
[2023-06-04T01:22:40.608+0000] {logging_mixin.py:149} INFO - [2023-06-04T01:22:40.608+0000] {dagbag.py:541} INFO - Filling up the DagBag from /home/airflow/.local/lib/python3.7/site-packages/airflow/example_dags/example_dag_decorator.py
[2023-06-04T01:22:40.620+0000] {logging_mixin.py:149} INFO - [2023-06-04T01:22:40.620+0000] {taskmixin.py:211} WARNING - Dependency <Task(_PythonDecoratedOperator): prepare_email>, send_email already registered for DAG: example_dag_decorator
[2023-06-04T01:22:40.622+0000] {logging_mixin.py:149} INFO - [2023-06-04T01:22:40.621+0000] {taskmixin.py:211} WARNING - Dependency <Task(EmailOperator): send_email>, prepare_email already registered for DAG: example_dag_decorator
[2023-06-04T01:22:40.635+0000] {processor.py:836} INFO - DAG(s) dict_keys(['example_dag_decorator']) retrieved from /home/airflow/.local/lib/python3.7/site-packages/airflow/example_dags/example_dag_decorator.py
[2023-06-04T01:22:40.727+0000] {logging_mixin.py:149} INFO - [2023-06-04T01:22:40.727+0000] {dag.py:2726} INFO - Sync 1 DAGs
[2023-06-04T01:22:40.763+0000] {logging_mixin.py:149} INFO - [2023-06-04T01:22:40.763+0000] {dag.py:3490} INFO - Setting next_dagrun for example_dag_decorator to None, run_after=None
[2023-06-04T01:22:40.796+0000] {processor.py:179} INFO - Processing /home/airflow/.local/lib/python3.7/site-packages/airflow/example_dags/example_dag_decorator.py took 0.199 seconds
[2023-06-04T01:23:11.464+0000] {processor.py:157} INFO - Started process (PID=413) to work on /home/airflow/.local/lib/python3.7/site-packages/airflow/example_dags/example_dag_decorator.py
[2023-06-04T01:23:11.467+0000] {processor.py:826} INFO - Processing file /home/airflow/.local/lib/python3.7/site-packages/airflow/example_dags/example_dag_decorator.py for tasks to queue
[2023-06-04T01:23:11.470+0000] {logging_mixin.py:149} INFO - [2023-06-04T01:23:11.470+0000] {dagbag.py:541} INFO - Filling up the DagBag from /home/airflow/.local/lib/python3.7/site-packages/airflow/example_dags/example_dag_decorator.py
[2023-06-04T01:23:11.486+0000] {logging_mixin.py:149} INFO - [2023-06-04T01:23:11.486+0000] {taskmixin.py:211} WARNING - Dependency <Task(_PythonDecoratedOperator): prepare_email>, send_email already registered for DAG: example_dag_decorator
[2023-06-04T01:23:11.489+0000] {logging_mixin.py:149} INFO - [2023-06-04T01:23:11.488+0000] {taskmixin.py:211} WARNING - Dependency <Task(EmailOperator): send_email>, prepare_email already registered for DAG: example_dag_decorator
[2023-06-04T01:23:11.510+0000] {processor.py:836} INFO - DAG(s) dict_keys(['example_dag_decorator']) retrieved from /home/airflow/.local/lib/python3.7/site-packages/airflow/example_dags/example_dag_decorator.py
[2023-06-04T01:23:11.631+0000] {logging_mixin.py:149} INFO - [2023-06-04T01:23:11.630+0000] {dag.py:2726} INFO - Sync 1 DAGs
[2023-06-04T01:23:11.678+0000] {logging_mixin.py:149} INFO - [2023-06-04T01:23:11.678+0000] {dag.py:3490} INFO - Setting next_dagrun for example_dag_decorator to None, run_after=None
[2023-06-04T01:23:11.752+0000] {processor.py:179} INFO - Processing /home/airflow/.local/lib/python3.7/site-packages/airflow/example_dags/example_dag_decorator.py took 0.295 seconds
[2023-06-04T01:23:41.856+0000] {processor.py:157} INFO - Started process (PID=484) to work on /home/airflow/.local/lib/python3.7/site-packages/airflow/example_dags/example_dag_decorator.py
[2023-06-04T01:23:41.859+0000] {processor.py:826} INFO - Processing file /home/airflow/.local/lib/python3.7/site-packages/airflow/example_dags/example_dag_decorator.py for tasks to queue
[2023-06-04T01:23:41.861+0000] {logging_mixin.py:149} INFO - [2023-06-04T01:23:41.861+0000] {dagbag.py:541} INFO - Filling up the DagBag from /home/airflow/.local/lib/python3.7/site-packages/airflow/example_dags/example_dag_decorator.py
[2023-06-04T01:23:41.871+0000] {logging_mixin.py:149} INFO - [2023-06-04T01:23:41.871+0000] {taskmixin.py:211} WARNING - Dependency <Task(_PythonDecoratedOperator): prepare_email>, send_email already registered for DAG: example_dag_decorator
[2023-06-04T01:23:41.872+0000] {logging_mixin.py:149} INFO - [2023-06-04T01:23:41.872+0000] {taskmixin.py:211} WARNING - Dependency <Task(EmailOperator): send_email>, prepare_email already registered for DAG: example_dag_decorator
[2023-06-04T01:23:41.885+0000] {processor.py:836} INFO - DAG(s) dict_keys(['example_dag_decorator']) retrieved from /home/airflow/.local/lib/python3.7/site-packages/airflow/example_dags/example_dag_decorator.py
[2023-06-04T01:23:41.989+0000] {logging_mixin.py:149} INFO - [2023-06-04T01:23:41.988+0000] {dag.py:2726} INFO - Sync 1 DAGs
[2023-06-04T01:23:42.021+0000] {logging_mixin.py:149} INFO - [2023-06-04T01:23:42.021+0000] {dag.py:3490} INFO - Setting next_dagrun for example_dag_decorator to None, run_after=None
[2023-06-04T01:23:42.047+0000] {processor.py:179} INFO - Processing /home/airflow/.local/lib/python3.7/site-packages/airflow/example_dags/example_dag_decorator.py took 0.197 seconds
[2023-06-04T01:24:12.264+0000] {processor.py:157} INFO - Started process (PID=553) to work on /home/airflow/.local/lib/python3.7/site-packages/airflow/example_dags/example_dag_decorator.py
[2023-06-04T01:24:12.267+0000] {processor.py:826} INFO - Processing file /home/airflow/.local/lib/python3.7/site-packages/airflow/example_dags/example_dag_decorator.py for tasks to queue
[2023-06-04T01:24:12.269+0000] {logging_mixin.py:149} INFO - [2023-06-04T01:24:12.269+0000] {dagbag.py:541} INFO - Filling up the DagBag from /home/airflow/.local/lib/python3.7/site-packages/airflow/example_dags/example_dag_decorator.py
[2023-06-04T01:24:12.280+0000] {logging_mixin.py:149} INFO - [2023-06-04T01:24:12.280+0000] {taskmixin.py:211} WARNING - Dependency <Task(_PythonDecoratedOperator): prepare_email>, send_email already registered for DAG: example_dag_decorator
[2023-06-04T01:24:12.282+0000] {logging_mixin.py:149} INFO - [2023-06-04T01:24:12.282+0000] {taskmixin.py:211} WARNING - Dependency <Task(EmailOperator): send_email>, prepare_email already registered for DAG: example_dag_decorator
[2023-06-04T01:24:12.302+0000] {processor.py:836} INFO - DAG(s) dict_keys(['example_dag_decorator']) retrieved from /home/airflow/.local/lib/python3.7/site-packages/airflow/example_dags/example_dag_decorator.py
[2023-06-04T01:24:12.401+0000] {logging_mixin.py:149} INFO - [2023-06-04T01:24:12.401+0000] {dag.py:2726} INFO - Sync 1 DAGs
[2023-06-04T01:24:12.437+0000] {logging_mixin.py:149} INFO - [2023-06-04T01:24:12.437+0000] {dag.py:3490} INFO - Setting next_dagrun for example_dag_decorator to None, run_after=None
[2023-06-04T01:24:12.471+0000] {processor.py:179} INFO - Processing /home/airflow/.local/lib/python3.7/site-packages/airflow/example_dags/example_dag_decorator.py took 0.212 seconds
[2023-06-04T01:24:42.653+0000] {processor.py:157} INFO - Started process (PID=632) to work on /home/airflow/.local/lib/python3.7/site-packages/airflow/example_dags/example_dag_decorator.py
[2023-06-04T01:24:42.656+0000] {processor.py:826} INFO - Processing file /home/airflow/.local/lib/python3.7/site-packages/airflow/example_dags/example_dag_decorator.py for tasks to queue
[2023-06-04T01:24:42.658+0000] {logging_mixin.py:149} INFO - [2023-06-04T01:24:42.658+0000] {dagbag.py:541} INFO - Filling up the DagBag from /home/airflow/.local/lib/python3.7/site-packages/airflow/example_dags/example_dag_decorator.py
[2023-06-04T01:24:42.669+0000] {logging_mixin.py:149} INFO - [2023-06-04T01:24:42.669+0000] {taskmixin.py:211} WARNING - Dependency <Task(_PythonDecoratedOperator): prepare_email>, send_email already registered for DAG: example_dag_decorator
[2023-06-04T01:24:42.670+0000] {logging_mixin.py:149} INFO - [2023-06-04T01:24:42.670+0000] {taskmixin.py:211} WARNING - Dependency <Task(EmailOperator): send_email>, prepare_email already registered for DAG: example_dag_decorator
[2023-06-04T01:24:42.684+0000] {processor.py:836} INFO - DAG(s) dict_keys(['example_dag_decorator']) retrieved from /home/airflow/.local/lib/python3.7/site-packages/airflow/example_dags/example_dag_decorator.py
[2023-06-04T01:24:42.772+0000] {logging_mixin.py:149} INFO - [2023-06-04T01:24:42.771+0000] {dag.py:2726} INFO - Sync 1 DAGs
[2023-06-04T01:24:42.803+0000] {logging_mixin.py:149} INFO - [2023-06-04T01:24:42.803+0000] {dag.py:3490} INFO - Setting next_dagrun for example_dag_decorator to None, run_after=None
[2023-06-04T01:24:42.831+0000] {processor.py:179} INFO - Processing /home/airflow/.local/lib/python3.7/site-packages/airflow/example_dags/example_dag_decorator.py took 0.183 seconds
[2023-06-04T01:25:13.041+0000] {processor.py:157} INFO - Started process (PID=702) to work on /home/airflow/.local/lib/python3.7/site-packages/airflow/example_dags/example_dag_decorator.py
[2023-06-04T01:25:13.044+0000] {processor.py:826} INFO - Processing file /home/airflow/.local/lib/python3.7/site-packages/airflow/example_dags/example_dag_decorator.py for tasks to queue
[2023-06-04T01:25:13.046+0000] {logging_mixin.py:149} INFO - [2023-06-04T01:25:13.046+0000] {dagbag.py:541} INFO - Filling up the DagBag from /home/airflow/.local/lib/python3.7/site-packages/airflow/example_dags/example_dag_decorator.py
[2023-06-04T01:25:13.059+0000] {logging_mixin.py:149} INFO - [2023-06-04T01:25:13.059+0000] {taskmixin.py:211} WARNING - Dependency <Task(_PythonDecoratedOperator): prepare_email>, send_email already registered for DAG: example_dag_decorator
[2023-06-04T01:25:13.061+0000] {logging_mixin.py:149} INFO - [2023-06-04T01:25:13.061+0000] {taskmixin.py:211} WARNING - Dependency <Task(EmailOperator): send_email>, prepare_email already registered for DAG: example_dag_decorator
[2023-06-04T01:25:13.075+0000] {processor.py:836} INFO - DAG(s) dict_keys(['example_dag_decorator']) retrieved from /home/airflow/.local/lib/python3.7/site-packages/airflow/example_dags/example_dag_decorator.py
[2023-06-04T01:25:13.161+0000] {logging_mixin.py:149} INFO - [2023-06-04T01:25:13.160+0000] {dag.py:2726} INFO - Sync 1 DAGs
[2023-06-04T01:25:13.194+0000] {logging_mixin.py:149} INFO - [2023-06-04T01:25:13.193+0000] {dag.py:3490} INFO - Setting next_dagrun for example_dag_decorator to None, run_after=None
[2023-06-04T01:25:13.225+0000] {processor.py:179} INFO - Processing /home/airflow/.local/lib/python3.7/site-packages/airflow/example_dags/example_dag_decorator.py took 0.189 seconds
[2023-06-04T01:25:43.442+0000] {processor.py:157} INFO - Started process (PID=781) to work on /home/airflow/.local/lib/python3.7/site-packages/airflow/example_dags/example_dag_decorator.py
[2023-06-04T01:25:43.445+0000] {processor.py:826} INFO - Processing file /home/airflow/.local/lib/python3.7/site-packages/airflow/example_dags/example_dag_decorator.py for tasks to queue
[2023-06-04T01:25:43.448+0000] {logging_mixin.py:149} INFO - [2023-06-04T01:25:43.448+0000] {dagbag.py:541} INFO - Filling up the DagBag from /home/airflow/.local/lib/python3.7/site-packages/airflow/example_dags/example_dag_decorator.py
[2023-06-04T01:25:43.460+0000] {logging_mixin.py:149} INFO - [2023-06-04T01:25:43.460+0000] {taskmixin.py:211} WARNING - Dependency <Task(_PythonDecoratedOperator): prepare_email>, send_email already registered for DAG: example_dag_decorator
[2023-06-04T01:25:43.461+0000] {logging_mixin.py:149} INFO - [2023-06-04T01:25:43.461+0000] {taskmixin.py:211} WARNING - Dependency <Task(EmailOperator): send_email>, prepare_email already registered for DAG: example_dag_decorator
[2023-06-04T01:25:43.475+0000] {processor.py:836} INFO - DAG(s) dict_keys(['example_dag_decorator']) retrieved from /home/airflow/.local/lib/python3.7/site-packages/airflow/example_dags/example_dag_decorator.py
[2023-06-04T01:25:43.576+0000] {logging_mixin.py:149} INFO - [2023-06-04T01:25:43.576+0000] {dag.py:2726} INFO - Sync 1 DAGs
[2023-06-04T01:25:43.617+0000] {logging_mixin.py:149} INFO - [2023-06-04T01:25:43.616+0000] {dag.py:3490} INFO - Setting next_dagrun for example_dag_decorator to None, run_after=None
[2023-06-04T01:25:43.649+0000] {processor.py:179} INFO - Processing /home/airflow/.local/lib/python3.7/site-packages/airflow/example_dags/example_dag_decorator.py took 0.213 seconds
