[2023-06-04T00:36:52.961+0000] {processor.py:156} INFO - Started process (PID=52) to work on /home/airflow/.local/lib/python3.7/site-packages/airflow/example_dags/example_latest_only.py
[2023-06-04T00:36:52.964+0000] {processor.py:758} INFO - Processing file /home/airflow/.local/lib/python3.7/site-packages/airflow/example_dags/example_latest_only.py for tasks to queue
[2023-06-04T00:36:52.966+0000] {logging_mixin.py:117} INFO - [2023-06-04T00:36:52.965+0000] {dagbag.py:525} INFO - Filling up the DagBag from /home/airflow/.local/lib/python3.7/site-packages/airflow/example_dags/example_latest_only.py
[2023-06-04T00:36:52.988+0000] {processor.py:768} INFO - DAG(s) dict_keys(['latest_only']) retrieved from /home/airflow/.local/lib/python3.7/site-packages/airflow/example_dags/example_latest_only.py
[2023-06-04T00:36:53.186+0000] {logging_mixin.py:117} INFO - [2023-06-04T00:36:53.186+0000] {manager.py:507} INFO - Created Permission View: can delete on DAG:latest_only
[2023-06-04T00:36:53.201+0000] {logging_mixin.py:117} INFO - [2023-06-04T00:36:53.200+0000] {manager.py:507} INFO - Created Permission View: can read on DAG:latest_only
[2023-06-04T00:36:53.211+0000] {logging_mixin.py:117} INFO - [2023-06-04T00:36:53.211+0000] {manager.py:507} INFO - Created Permission View: can edit on DAG:latest_only
[2023-06-04T00:36:53.212+0000] {logging_mixin.py:117} INFO - [2023-06-04T00:36:53.212+0000] {dag.py:2573} INFO - Sync 1 DAGs
[2023-06-04T00:36:53.230+0000] {logging_mixin.py:117} INFO - [2023-06-04T00:36:53.230+0000] {dag.py:2594} INFO - Creating ORM DAG for latest_only
[2023-06-04T00:36:53.246+0000] {logging_mixin.py:117} INFO - [2023-06-04T00:36:53.246+0000] {dag.py:3328} INFO - Setting next_dagrun for latest_only to 2023-06-03T20:36:53.246371+00:00, run_after=2023-06-04T00:36:53.246371+00:00
[2023-06-04T00:36:53.277+0000] {processor.py:178} INFO - Processing /home/airflow/.local/lib/python3.7/site-packages/airflow/example_dags/example_latest_only.py took 0.321 seconds
[2023-06-04T00:37:23.381+0000] {processor.py:156} INFO - Started process (PID=106) to work on /home/airflow/.local/lib/python3.7/site-packages/airflow/example_dags/example_latest_only.py
[2023-06-04T00:37:23.384+0000] {processor.py:758} INFO - Processing file /home/airflow/.local/lib/python3.7/site-packages/airflow/example_dags/example_latest_only.py for tasks to queue
[2023-06-04T00:37:23.386+0000] {logging_mixin.py:117} INFO - [2023-06-04T00:37:23.386+0000] {dagbag.py:525} INFO - Filling up the DagBag from /home/airflow/.local/lib/python3.7/site-packages/airflow/example_dags/example_latest_only.py
[2023-06-04T00:37:23.410+0000] {processor.py:768} INFO - DAG(s) dict_keys(['latest_only']) retrieved from /home/airflow/.local/lib/python3.7/site-packages/airflow/example_dags/example_latest_only.py
[2023-06-04T00:37:23.470+0000] {logging_mixin.py:117} INFO - [2023-06-04T00:37:23.470+0000] {dag.py:2573} INFO - Sync 1 DAGs
[2023-06-04T00:37:23.505+0000] {logging_mixin.py:117} INFO - [2023-06-04T00:37:23.505+0000] {dag.py:3328} INFO - Setting next_dagrun for latest_only to 2023-06-03T20:37:23.505043+00:00, run_after=2023-06-04T00:37:23.505043+00:00
[2023-06-04T00:37:23.530+0000] {processor.py:178} INFO - Processing /home/airflow/.local/lib/python3.7/site-packages/airflow/example_dags/example_latest_only.py took 0.154 seconds
[2023-06-04T00:37:53.973+0000] {processor.py:156} INFO - Started process (PID=169) to work on /home/airflow/.local/lib/python3.7/site-packages/airflow/example_dags/example_latest_only.py
[2023-06-04T00:37:53.976+0000] {processor.py:758} INFO - Processing file /home/airflow/.local/lib/python3.7/site-packages/airflow/example_dags/example_latest_only.py for tasks to queue
[2023-06-04T00:37:53.977+0000] {logging_mixin.py:117} INFO - [2023-06-04T00:37:53.977+0000] {dagbag.py:525} INFO - Filling up the DagBag from /home/airflow/.local/lib/python3.7/site-packages/airflow/example_dags/example_latest_only.py
[2023-06-04T00:37:53.997+0000] {processor.py:768} INFO - DAG(s) dict_keys(['latest_only']) retrieved from /home/airflow/.local/lib/python3.7/site-packages/airflow/example_dags/example_latest_only.py
[2023-06-04T00:37:54.054+0000] {logging_mixin.py:117} INFO - [2023-06-04T00:37:54.054+0000] {dag.py:2573} INFO - Sync 1 DAGs
[2023-06-04T00:37:54.087+0000] {logging_mixin.py:117} INFO - [2023-06-04T00:37:54.087+0000] {dag.py:3328} INFO - Setting next_dagrun for latest_only to 2023-06-03T20:37:54.086829+00:00, run_after=2023-06-04T00:37:54.086829+00:00
[2023-06-04T00:37:54.113+0000] {processor.py:178} INFO - Processing /home/airflow/.local/lib/python3.7/site-packages/airflow/example_dags/example_latest_only.py took 0.144 seconds
[2023-06-04T00:38:24.436+0000] {processor.py:156} INFO - Started process (PID=232) to work on /home/airflow/.local/lib/python3.7/site-packages/airflow/example_dags/example_latest_only.py
[2023-06-04T00:38:24.438+0000] {processor.py:758} INFO - Processing file /home/airflow/.local/lib/python3.7/site-packages/airflow/example_dags/example_latest_only.py for tasks to queue
[2023-06-04T00:38:24.440+0000] {logging_mixin.py:117} INFO - [2023-06-04T00:38:24.440+0000] {dagbag.py:525} INFO - Filling up the DagBag from /home/airflow/.local/lib/python3.7/site-packages/airflow/example_dags/example_latest_only.py
[2023-06-04T00:38:24.459+0000] {processor.py:768} INFO - DAG(s) dict_keys(['latest_only']) retrieved from /home/airflow/.local/lib/python3.7/site-packages/airflow/example_dags/example_latest_only.py
[2023-06-04T00:38:24.514+0000] {logging_mixin.py:117} INFO - [2023-06-04T00:38:24.514+0000] {dag.py:2573} INFO - Sync 1 DAGs
[2023-06-04T00:38:24.551+0000] {logging_mixin.py:117} INFO - [2023-06-04T00:38:24.551+0000] {dag.py:3328} INFO - Setting next_dagrun for latest_only to 2023-06-03T20:38:24.551138+00:00, run_after=2023-06-04T00:38:24.551138+00:00
[2023-06-04T00:38:24.583+0000] {processor.py:178} INFO - Processing /home/airflow/.local/lib/python3.7/site-packages/airflow/example_dags/example_latest_only.py took 0.151 seconds
[2023-06-04T00:38:55.025+0000] {processor.py:156} INFO - Started process (PID=286) to work on /home/airflow/.local/lib/python3.7/site-packages/airflow/example_dags/example_latest_only.py
[2023-06-04T00:38:55.027+0000] {processor.py:758} INFO - Processing file /home/airflow/.local/lib/python3.7/site-packages/airflow/example_dags/example_latest_only.py for tasks to queue
[2023-06-04T00:38:55.028+0000] {logging_mixin.py:117} INFO - [2023-06-04T00:38:55.028+0000] {dagbag.py:525} INFO - Filling up the DagBag from /home/airflow/.local/lib/python3.7/site-packages/airflow/example_dags/example_latest_only.py
[2023-06-04T00:38:55.047+0000] {processor.py:768} INFO - DAG(s) dict_keys(['latest_only']) retrieved from /home/airflow/.local/lib/python3.7/site-packages/airflow/example_dags/example_latest_only.py
[2023-06-04T00:38:55.106+0000] {logging_mixin.py:117} INFO - [2023-06-04T00:38:55.105+0000] {dag.py:2573} INFO - Sync 1 DAGs
[2023-06-04T00:38:55.139+0000] {logging_mixin.py:117} INFO - [2023-06-04T00:38:55.139+0000] {dag.py:3328} INFO - Setting next_dagrun for latest_only to 2023-06-03T20:38:55.139379+00:00, run_after=2023-06-04T00:38:55.139379+00:00
[2023-06-04T00:38:55.163+0000] {processor.py:178} INFO - Processing /home/airflow/.local/lib/python3.7/site-packages/airflow/example_dags/example_latest_only.py took 0.143 seconds
[2023-06-04T00:59:46.428+0000] {processor.py:156} INFO - Started process (PID=53) to work on /home/airflow/.local/lib/python3.7/site-packages/airflow/example_dags/example_latest_only.py
[2023-06-04T00:59:46.432+0000] {processor.py:758} INFO - Processing file /home/airflow/.local/lib/python3.7/site-packages/airflow/example_dags/example_latest_only.py for tasks to queue
[2023-06-04T00:59:46.436+0000] {logging_mixin.py:117} INFO - [2023-06-04T00:59:46.436+0000] {dagbag.py:525} INFO - Filling up the DagBag from /home/airflow/.local/lib/python3.7/site-packages/airflow/example_dags/example_latest_only.py
[2023-06-04T00:59:46.463+0000] {processor.py:768} INFO - DAG(s) dict_keys(['latest_only']) retrieved from /home/airflow/.local/lib/python3.7/site-packages/airflow/example_dags/example_latest_only.py
[2023-06-04T00:59:46.526+0000] {logging_mixin.py:117} INFO - [2023-06-04T00:59:46.526+0000] {dag.py:2573} INFO - Sync 1 DAGs
[2023-06-04T00:59:46.577+0000] {logging_mixin.py:117} INFO - [2023-06-04T00:59:46.577+0000] {dag.py:3328} INFO - Setting next_dagrun for latest_only to 2023-06-03T20:59:46.576868+00:00, run_after=2023-06-04T00:59:46.576868+00:00
[2023-06-04T00:59:46.606+0000] {processor.py:178} INFO - Processing /home/airflow/.local/lib/python3.7/site-packages/airflow/example_dags/example_latest_only.py took 0.185 seconds
[2023-06-04T01:00:17.387+0000] {processor.py:156} INFO - Started process (PID=107) to work on /home/airflow/.local/lib/python3.7/site-packages/airflow/example_dags/example_latest_only.py
[2023-06-04T01:00:17.390+0000] {processor.py:758} INFO - Processing file /home/airflow/.local/lib/python3.7/site-packages/airflow/example_dags/example_latest_only.py for tasks to queue
[2023-06-04T01:00:17.393+0000] {logging_mixin.py:117} INFO - [2023-06-04T01:00:17.393+0000] {dagbag.py:525} INFO - Filling up the DagBag from /home/airflow/.local/lib/python3.7/site-packages/airflow/example_dags/example_latest_only.py
[2023-06-04T01:00:17.414+0000] {processor.py:768} INFO - DAG(s) dict_keys(['latest_only']) retrieved from /home/airflow/.local/lib/python3.7/site-packages/airflow/example_dags/example_latest_only.py
[2023-06-04T01:00:17.484+0000] {logging_mixin.py:117} INFO - [2023-06-04T01:00:17.484+0000] {dag.py:2573} INFO - Sync 1 DAGs
[2023-06-04T01:00:17.553+0000] {logging_mixin.py:117} INFO - [2023-06-04T01:00:17.553+0000] {dag.py:3328} INFO - Setting next_dagrun for latest_only to 2023-06-03T21:00:17.553243+00:00, run_after=2023-06-04T01:00:17.553243+00:00
[2023-06-04T01:00:17.593+0000] {processor.py:178} INFO - Processing /home/airflow/.local/lib/python3.7/site-packages/airflow/example_dags/example_latest_only.py took 0.212 seconds
[2023-06-04T01:00:47.848+0000] {processor.py:156} INFO - Started process (PID=171) to work on /home/airflow/.local/lib/python3.7/site-packages/airflow/example_dags/example_latest_only.py
[2023-06-04T01:00:47.851+0000] {processor.py:758} INFO - Processing file /home/airflow/.local/lib/python3.7/site-packages/airflow/example_dags/example_latest_only.py for tasks to queue
[2023-06-04T01:00:47.853+0000] {logging_mixin.py:117} INFO - [2023-06-04T01:00:47.853+0000] {dagbag.py:525} INFO - Filling up the DagBag from /home/airflow/.local/lib/python3.7/site-packages/airflow/example_dags/example_latest_only.py
[2023-06-04T01:00:47.881+0000] {processor.py:768} INFO - DAG(s) dict_keys(['latest_only']) retrieved from /home/airflow/.local/lib/python3.7/site-packages/airflow/example_dags/example_latest_only.py
[2023-06-04T01:00:47.949+0000] {logging_mixin.py:117} INFO - [2023-06-04T01:00:47.949+0000] {dag.py:2573} INFO - Sync 1 DAGs
[2023-06-04T01:00:47.988+0000] {logging_mixin.py:117} INFO - [2023-06-04T01:00:47.988+0000] {dag.py:3328} INFO - Setting next_dagrun for latest_only to 2023-06-03T21:00:47.988379+00:00, run_after=2023-06-04T01:00:47.988379+00:00
[2023-06-04T01:00:48.022+0000] {processor.py:178} INFO - Processing /home/airflow/.local/lib/python3.7/site-packages/airflow/example_dags/example_latest_only.py took 0.181 seconds
[2023-06-04T01:01:18.471+0000] {processor.py:156} INFO - Started process (PID=234) to work on /home/airflow/.local/lib/python3.7/site-packages/airflow/example_dags/example_latest_only.py
[2023-06-04T01:01:18.473+0000] {processor.py:758} INFO - Processing file /home/airflow/.local/lib/python3.7/site-packages/airflow/example_dags/example_latest_only.py for tasks to queue
[2023-06-04T01:01:18.475+0000] {logging_mixin.py:117} INFO - [2023-06-04T01:01:18.475+0000] {dagbag.py:525} INFO - Filling up the DagBag from /home/airflow/.local/lib/python3.7/site-packages/airflow/example_dags/example_latest_only.py
[2023-06-04T01:01:18.505+0000] {processor.py:768} INFO - DAG(s) dict_keys(['latest_only']) retrieved from /home/airflow/.local/lib/python3.7/site-packages/airflow/example_dags/example_latest_only.py
[2023-06-04T01:01:18.566+0000] {logging_mixin.py:117} INFO - [2023-06-04T01:01:18.566+0000] {dag.py:2573} INFO - Sync 1 DAGs
[2023-06-04T01:01:18.606+0000] {logging_mixin.py:117} INFO - [2023-06-04T01:01:18.605+0000] {dag.py:3328} INFO - Setting next_dagrun for latest_only to 2023-06-03T21:01:18.605480+00:00, run_after=2023-06-04T01:01:18.605480+00:00
[2023-06-04T01:01:18.640+0000] {processor.py:178} INFO - Processing /home/airflow/.local/lib/python3.7/site-packages/airflow/example_dags/example_latest_only.py took 0.174 seconds
[2023-06-04T01:01:48.913+0000] {processor.py:156} INFO - Started process (PID=288) to work on /home/airflow/.local/lib/python3.7/site-packages/airflow/example_dags/example_latest_only.py
[2023-06-04T01:01:48.915+0000] {processor.py:758} INFO - Processing file /home/airflow/.local/lib/python3.7/site-packages/airflow/example_dags/example_latest_only.py for tasks to queue
[2023-06-04T01:01:48.918+0000] {logging_mixin.py:117} INFO - [2023-06-04T01:01:48.918+0000] {dagbag.py:525} INFO - Filling up the DagBag from /home/airflow/.local/lib/python3.7/site-packages/airflow/example_dags/example_latest_only.py
[2023-06-04T01:01:48.945+0000] {processor.py:768} INFO - DAG(s) dict_keys(['latest_only']) retrieved from /home/airflow/.local/lib/python3.7/site-packages/airflow/example_dags/example_latest_only.py
[2023-06-04T01:01:49.019+0000] {logging_mixin.py:117} INFO - [2023-06-04T01:01:49.019+0000] {dag.py:2573} INFO - Sync 1 DAGs
[2023-06-04T01:01:49.057+0000] {logging_mixin.py:117} INFO - [2023-06-04T01:01:49.057+0000] {dag.py:3328} INFO - Setting next_dagrun for latest_only to 2023-06-03T21:01:49.057060+00:00, run_after=2023-06-04T01:01:49.057060+00:00
[2023-06-04T01:01:49.091+0000] {processor.py:178} INFO - Processing /home/airflow/.local/lib/python3.7/site-packages/airflow/example_dags/example_latest_only.py took 0.183 seconds
[2023-06-04T01:02:19.148+0000] {processor.py:156} INFO - Started process (PID=351) to work on /home/airflow/.local/lib/python3.7/site-packages/airflow/example_dags/example_latest_only.py
[2023-06-04T01:02:19.150+0000] {processor.py:758} INFO - Processing file /home/airflow/.local/lib/python3.7/site-packages/airflow/example_dags/example_latest_only.py for tasks to queue
[2023-06-04T01:02:19.152+0000] {logging_mixin.py:117} INFO - [2023-06-04T01:02:19.152+0000] {dagbag.py:525} INFO - Filling up the DagBag from /home/airflow/.local/lib/python3.7/site-packages/airflow/example_dags/example_latest_only.py
[2023-06-04T01:02:19.171+0000] {processor.py:768} INFO - DAG(s) dict_keys(['latest_only']) retrieved from /home/airflow/.local/lib/python3.7/site-packages/airflow/example_dags/example_latest_only.py
[2023-06-04T01:02:19.223+0000] {logging_mixin.py:117} INFO - [2023-06-04T01:02:19.223+0000] {dag.py:2573} INFO - Sync 1 DAGs
[2023-06-04T01:02:19.255+0000] {logging_mixin.py:117} INFO - [2023-06-04T01:02:19.255+0000] {dag.py:3328} INFO - Setting next_dagrun for latest_only to 2023-06-03T21:02:19.255382+00:00, run_after=2023-06-04T01:02:19.255382+00:00
[2023-06-04T01:02:19.279+0000] {processor.py:178} INFO - Processing /home/airflow/.local/lib/python3.7/site-packages/airflow/example_dags/example_latest_only.py took 0.136 seconds
[2023-06-04T01:02:49.777+0000] {processor.py:156} INFO - Started process (PID=414) to work on /home/airflow/.local/lib/python3.7/site-packages/airflow/example_dags/example_latest_only.py
[2023-06-04T01:02:49.779+0000] {processor.py:758} INFO - Processing file /home/airflow/.local/lib/python3.7/site-packages/airflow/example_dags/example_latest_only.py for tasks to queue
[2023-06-04T01:02:49.781+0000] {logging_mixin.py:117} INFO - [2023-06-04T01:02:49.781+0000] {dagbag.py:525} INFO - Filling up the DagBag from /home/airflow/.local/lib/python3.7/site-packages/airflow/example_dags/example_latest_only.py
[2023-06-04T01:02:49.803+0000] {processor.py:768} INFO - DAG(s) dict_keys(['latest_only']) retrieved from /home/airflow/.local/lib/python3.7/site-packages/airflow/example_dags/example_latest_only.py
[2023-06-04T01:02:49.857+0000] {logging_mixin.py:117} INFO - [2023-06-04T01:02:49.857+0000] {dag.py:2573} INFO - Sync 1 DAGs
[2023-06-04T01:02:49.890+0000] {logging_mixin.py:117} INFO - [2023-06-04T01:02:49.890+0000] {dag.py:3328} INFO - Setting next_dagrun for latest_only to 2023-06-03T21:02:49.889839+00:00, run_after=2023-06-04T01:02:49.889839+00:00
[2023-06-04T01:02:49.917+0000] {processor.py:178} INFO - Processing /home/airflow/.local/lib/python3.7/site-packages/airflow/example_dags/example_latest_only.py took 0.145 seconds
[2023-06-04T01:03:20.246+0000] {processor.py:156} INFO - Started process (PID=468) to work on /home/airflow/.local/lib/python3.7/site-packages/airflow/example_dags/example_latest_only.py
[2023-06-04T01:03:20.249+0000] {processor.py:758} INFO - Processing file /home/airflow/.local/lib/python3.7/site-packages/airflow/example_dags/example_latest_only.py for tasks to queue
[2023-06-04T01:03:20.252+0000] {logging_mixin.py:117} INFO - [2023-06-04T01:03:20.251+0000] {dagbag.py:525} INFO - Filling up the DagBag from /home/airflow/.local/lib/python3.7/site-packages/airflow/example_dags/example_latest_only.py
[2023-06-04T01:03:20.277+0000] {processor.py:768} INFO - DAG(s) dict_keys(['latest_only']) retrieved from /home/airflow/.local/lib/python3.7/site-packages/airflow/example_dags/example_latest_only.py
[2023-06-04T01:03:20.359+0000] {logging_mixin.py:117} INFO - [2023-06-04T01:03:20.359+0000] {dag.py:2573} INFO - Sync 1 DAGs
[2023-06-04T01:03:20.404+0000] {logging_mixin.py:117} INFO - [2023-06-04T01:03:20.404+0000] {dag.py:3328} INFO - Setting next_dagrun for latest_only to 2023-06-03T21:03:20.403781+00:00, run_after=2023-06-04T01:03:20.403781+00:00
[2023-06-04T01:03:20.441+0000] {processor.py:178} INFO - Processing /home/airflow/.local/lib/python3.7/site-packages/airflow/example_dags/example_latest_only.py took 0.201 seconds
[2023-06-04T01:03:50.523+0000] {processor.py:156} INFO - Started process (PID=531) to work on /home/airflow/.local/lib/python3.7/site-packages/airflow/example_dags/example_latest_only.py
[2023-06-04T01:03:50.524+0000] {processor.py:758} INFO - Processing file /home/airflow/.local/lib/python3.7/site-packages/airflow/example_dags/example_latest_only.py for tasks to queue
[2023-06-04T01:03:50.526+0000] {logging_mixin.py:117} INFO - [2023-06-04T01:03:50.526+0000] {dagbag.py:525} INFO - Filling up the DagBag from /home/airflow/.local/lib/python3.7/site-packages/airflow/example_dags/example_latest_only.py
[2023-06-04T01:03:50.545+0000] {processor.py:768} INFO - DAG(s) dict_keys(['latest_only']) retrieved from /home/airflow/.local/lib/python3.7/site-packages/airflow/example_dags/example_latest_only.py
[2023-06-04T01:03:50.598+0000] {logging_mixin.py:117} INFO - [2023-06-04T01:03:50.598+0000] {dag.py:2573} INFO - Sync 1 DAGs
[2023-06-04T01:03:50.629+0000] {logging_mixin.py:117} INFO - [2023-06-04T01:03:50.629+0000] {dag.py:3328} INFO - Setting next_dagrun for latest_only to 2023-06-03T21:03:50.628859+00:00, run_after=2023-06-04T01:03:50.628859+00:00
[2023-06-04T01:03:50.653+0000] {processor.py:178} INFO - Processing /home/airflow/.local/lib/python3.7/site-packages/airflow/example_dags/example_latest_only.py took 0.135 seconds
[2023-06-04T01:04:21.238+0000] {processor.py:156} INFO - Started process (PID=594) to work on /home/airflow/.local/lib/python3.7/site-packages/airflow/example_dags/example_latest_only.py
[2023-06-04T01:04:21.240+0000] {processor.py:758} INFO - Processing file /home/airflow/.local/lib/python3.7/site-packages/airflow/example_dags/example_latest_only.py for tasks to queue
[2023-06-04T01:04:21.242+0000] {logging_mixin.py:117} INFO - [2023-06-04T01:04:21.242+0000] {dagbag.py:525} INFO - Filling up the DagBag from /home/airflow/.local/lib/python3.7/site-packages/airflow/example_dags/example_latest_only.py
[2023-06-04T01:04:21.262+0000] {processor.py:768} INFO - DAG(s) dict_keys(['latest_only']) retrieved from /home/airflow/.local/lib/python3.7/site-packages/airflow/example_dags/example_latest_only.py
[2023-06-04T01:04:21.316+0000] {logging_mixin.py:117} INFO - [2023-06-04T01:04:21.316+0000] {dag.py:2573} INFO - Sync 1 DAGs
[2023-06-04T01:04:21.351+0000] {logging_mixin.py:117} INFO - [2023-06-04T01:04:21.351+0000] {dag.py:3328} INFO - Setting next_dagrun for latest_only to 2023-06-03T21:04:21.350816+00:00, run_after=2023-06-04T01:04:21.350816+00:00
[2023-06-04T01:04:21.379+0000] {processor.py:178} INFO - Processing /home/airflow/.local/lib/python3.7/site-packages/airflow/example_dags/example_latest_only.py took 0.147 seconds
[2023-06-04T01:04:52.007+0000] {processor.py:156} INFO - Started process (PID=649) to work on /home/airflow/.local/lib/python3.7/site-packages/airflow/example_dags/example_latest_only.py
[2023-06-04T01:04:52.009+0000] {processor.py:758} INFO - Processing file /home/airflow/.local/lib/python3.7/site-packages/airflow/example_dags/example_latest_only.py for tasks to queue
[2023-06-04T01:04:52.011+0000] {logging_mixin.py:117} INFO - [2023-06-04T01:04:52.011+0000] {dagbag.py:525} INFO - Filling up the DagBag from /home/airflow/.local/lib/python3.7/site-packages/airflow/example_dags/example_latest_only.py
[2023-06-04T01:04:52.035+0000] {processor.py:768} INFO - DAG(s) dict_keys(['latest_only']) retrieved from /home/airflow/.local/lib/python3.7/site-packages/airflow/example_dags/example_latest_only.py
[2023-06-04T01:04:52.092+0000] {logging_mixin.py:117} INFO - [2023-06-04T01:04:52.092+0000] {dag.py:2573} INFO - Sync 1 DAGs
[2023-06-04T01:04:52.132+0000] {logging_mixin.py:117} INFO - [2023-06-04T01:04:52.132+0000] {dag.py:3328} INFO - Setting next_dagrun for latest_only to 2023-06-03T21:04:52.132159+00:00, run_after=2023-06-04T01:04:52.132159+00:00
[2023-06-04T01:04:52.163+0000] {processor.py:178} INFO - Processing /home/airflow/.local/lib/python3.7/site-packages/airflow/example_dags/example_latest_only.py took 0.161 seconds
[2023-06-04T01:05:56.985+0000] {processor.py:156} INFO - Started process (PID=55) to work on /home/airflow/.local/lib/python3.7/site-packages/airflow/example_dags/example_latest_only.py
[2023-06-04T01:05:56.989+0000] {processor.py:758} INFO - Processing file /home/airflow/.local/lib/python3.7/site-packages/airflow/example_dags/example_latest_only.py for tasks to queue
[2023-06-04T01:05:56.991+0000] {logging_mixin.py:117} INFO - [2023-06-04T01:05:56.991+0000] {dagbag.py:525} INFO - Filling up the DagBag from /home/airflow/.local/lib/python3.7/site-packages/airflow/example_dags/example_latest_only.py
[2023-06-04T01:05:57.016+0000] {processor.py:768} INFO - DAG(s) dict_keys(['latest_only']) retrieved from /home/airflow/.local/lib/python3.7/site-packages/airflow/example_dags/example_latest_only.py
[2023-06-04T01:05:57.064+0000] {logging_mixin.py:117} INFO - [2023-06-04T01:05:57.064+0000] {dag.py:2573} INFO - Sync 1 DAGs
[2023-06-04T01:05:57.109+0000] {logging_mixin.py:117} INFO - [2023-06-04T01:05:57.109+0000] {dag.py:3328} INFO - Setting next_dagrun for latest_only to 2023-06-03T21:05:57.109351+00:00, run_after=2023-06-04T01:05:57.109351+00:00
[2023-06-04T01:05:57.160+0000] {processor.py:178} INFO - Processing /home/airflow/.local/lib/python3.7/site-packages/airflow/example_dags/example_latest_only.py took 0.182 seconds
[2023-06-04T01:06:27.488+0000] {processor.py:156} INFO - Started process (PID=110) to work on /home/airflow/.local/lib/python3.7/site-packages/airflow/example_dags/example_latest_only.py
[2023-06-04T01:06:27.490+0000] {processor.py:758} INFO - Processing file /home/airflow/.local/lib/python3.7/site-packages/airflow/example_dags/example_latest_only.py for tasks to queue
[2023-06-04T01:06:27.492+0000] {logging_mixin.py:117} INFO - [2023-06-04T01:06:27.492+0000] {dagbag.py:525} INFO - Filling up the DagBag from /home/airflow/.local/lib/python3.7/site-packages/airflow/example_dags/example_latest_only.py
[2023-06-04T01:06:27.510+0000] {processor.py:768} INFO - DAG(s) dict_keys(['latest_only']) retrieved from /home/airflow/.local/lib/python3.7/site-packages/airflow/example_dags/example_latest_only.py
[2023-06-04T01:06:27.564+0000] {logging_mixin.py:117} INFO - [2023-06-04T01:06:27.564+0000] {dag.py:2573} INFO - Sync 1 DAGs
[2023-06-04T01:06:27.594+0000] {logging_mixin.py:117} INFO - [2023-06-04T01:06:27.594+0000] {dag.py:3328} INFO - Setting next_dagrun for latest_only to 2023-06-03T21:06:27.594536+00:00, run_after=2023-06-04T01:06:27.594536+00:00
[2023-06-04T01:06:27.615+0000] {processor.py:178} INFO - Processing /home/airflow/.local/lib/python3.7/site-packages/airflow/example_dags/example_latest_only.py took 0.131 seconds
[2023-06-04T01:06:58.385+0000] {processor.py:156} INFO - Started process (PID=176) to work on /home/airflow/.local/lib/python3.7/site-packages/airflow/example_dags/example_latest_only.py
[2023-06-04T01:06:58.387+0000] {processor.py:758} INFO - Processing file /home/airflow/.local/lib/python3.7/site-packages/airflow/example_dags/example_latest_only.py for tasks to queue
[2023-06-04T01:06:58.390+0000] {logging_mixin.py:117} INFO - [2023-06-04T01:06:58.389+0000] {dagbag.py:525} INFO - Filling up the DagBag from /home/airflow/.local/lib/python3.7/site-packages/airflow/example_dags/example_latest_only.py
[2023-06-04T01:06:58.409+0000] {processor.py:768} INFO - DAG(s) dict_keys(['latest_only']) retrieved from /home/airflow/.local/lib/python3.7/site-packages/airflow/example_dags/example_latest_only.py
[2023-06-04T01:06:58.465+0000] {logging_mixin.py:117} INFO - [2023-06-04T01:06:58.465+0000] {dag.py:2573} INFO - Sync 1 DAGs
[2023-06-04T01:06:58.498+0000] {logging_mixin.py:117} INFO - [2023-06-04T01:06:58.498+0000] {dag.py:3328} INFO - Setting next_dagrun for latest_only to 2023-06-03T21:06:58.497906+00:00, run_after=2023-06-04T01:06:58.497906+00:00
[2023-06-04T01:06:58.522+0000] {processor.py:178} INFO - Processing /home/airflow/.local/lib/python3.7/site-packages/airflow/example_dags/example_latest_only.py took 0.141 seconds
[2023-06-04T01:07:29.133+0000] {processor.py:156} INFO - Started process (PID=240) to work on /home/airflow/.local/lib/python3.7/site-packages/airflow/example_dags/example_latest_only.py
[2023-06-04T01:07:29.135+0000] {processor.py:758} INFO - Processing file /home/airflow/.local/lib/python3.7/site-packages/airflow/example_dags/example_latest_only.py for tasks to queue
[2023-06-04T01:07:29.137+0000] {logging_mixin.py:117} INFO - [2023-06-04T01:07:29.137+0000] {dagbag.py:525} INFO - Filling up the DagBag from /home/airflow/.local/lib/python3.7/site-packages/airflow/example_dags/example_latest_only.py
[2023-06-04T01:07:29.155+0000] {processor.py:768} INFO - DAG(s) dict_keys(['latest_only']) retrieved from /home/airflow/.local/lib/python3.7/site-packages/airflow/example_dags/example_latest_only.py
[2023-06-04T01:07:29.207+0000] {logging_mixin.py:117} INFO - [2023-06-04T01:07:29.206+0000] {dag.py:2573} INFO - Sync 1 DAGs
[2023-06-04T01:07:29.241+0000] {logging_mixin.py:117} INFO - [2023-06-04T01:07:29.240+0000] {dag.py:3328} INFO - Setting next_dagrun for latest_only to 2023-06-03T21:07:29.240620+00:00, run_after=2023-06-04T01:07:29.240620+00:00
[2023-06-04T01:07:29.265+0000] {processor.py:178} INFO - Processing /home/airflow/.local/lib/python3.7/site-packages/airflow/example_dags/example_latest_only.py took 0.138 seconds
[2023-06-04T01:07:59.823+0000] {processor.py:156} INFO - Started process (PID=295) to work on /home/airflow/.local/lib/python3.7/site-packages/airflow/example_dags/example_latest_only.py
[2023-06-04T01:07:59.825+0000] {processor.py:758} INFO - Processing file /home/airflow/.local/lib/python3.7/site-packages/airflow/example_dags/example_latest_only.py for tasks to queue
[2023-06-04T01:07:59.827+0000] {logging_mixin.py:117} INFO - [2023-06-04T01:07:59.826+0000] {dagbag.py:525} INFO - Filling up the DagBag from /home/airflow/.local/lib/python3.7/site-packages/airflow/example_dags/example_latest_only.py
[2023-06-04T01:07:59.845+0000] {processor.py:768} INFO - DAG(s) dict_keys(['latest_only']) retrieved from /home/airflow/.local/lib/python3.7/site-packages/airflow/example_dags/example_latest_only.py
[2023-06-04T01:07:59.898+0000] {logging_mixin.py:117} INFO - [2023-06-04T01:07:59.898+0000] {dag.py:2573} INFO - Sync 1 DAGs
[2023-06-04T01:07:59.930+0000] {logging_mixin.py:117} INFO - [2023-06-04T01:07:59.930+0000] {dag.py:3328} INFO - Setting next_dagrun for latest_only to 2023-06-03T21:07:59.930297+00:00, run_after=2023-06-04T01:07:59.930297+00:00
[2023-06-04T01:07:59.955+0000] {processor.py:178} INFO - Processing /home/airflow/.local/lib/python3.7/site-packages/airflow/example_dags/example_latest_only.py took 0.138 seconds
[2023-06-04T01:08:30.614+0000] {processor.py:156} INFO - Started process (PID=359) to work on /home/airflow/.local/lib/python3.7/site-packages/airflow/example_dags/example_latest_only.py
[2023-06-04T01:08:30.616+0000] {processor.py:758} INFO - Processing file /home/airflow/.local/lib/python3.7/site-packages/airflow/example_dags/example_latest_only.py for tasks to queue
[2023-06-04T01:08:30.618+0000] {logging_mixin.py:117} INFO - [2023-06-04T01:08:30.617+0000] {dagbag.py:525} INFO - Filling up the DagBag from /home/airflow/.local/lib/python3.7/site-packages/airflow/example_dags/example_latest_only.py
[2023-06-04T01:08:30.636+0000] {processor.py:768} INFO - DAG(s) dict_keys(['latest_only']) retrieved from /home/airflow/.local/lib/python3.7/site-packages/airflow/example_dags/example_latest_only.py
[2023-06-04T01:08:30.689+0000] {logging_mixin.py:117} INFO - [2023-06-04T01:08:30.688+0000] {dag.py:2573} INFO - Sync 1 DAGs
[2023-06-04T01:08:30.722+0000] {logging_mixin.py:117} INFO - [2023-06-04T01:08:30.722+0000] {dag.py:3328} INFO - Setting next_dagrun for latest_only to 2023-06-03T21:08:30.722259+00:00, run_after=2023-06-04T01:08:30.722259+00:00
[2023-06-04T01:08:30.747+0000] {processor.py:178} INFO - Processing /home/airflow/.local/lib/python3.7/site-packages/airflow/example_dags/example_latest_only.py took 0.137 seconds
[2023-06-04T01:09:01.436+0000] {processor.py:156} INFO - Started process (PID=423) to work on /home/airflow/.local/lib/python3.7/site-packages/airflow/example_dags/example_latest_only.py
[2023-06-04T01:09:01.438+0000] {processor.py:758} INFO - Processing file /home/airflow/.local/lib/python3.7/site-packages/airflow/example_dags/example_latest_only.py for tasks to queue
[2023-06-04T01:09:01.440+0000] {logging_mixin.py:117} INFO - [2023-06-04T01:09:01.439+0000] {dagbag.py:525} INFO - Filling up the DagBag from /home/airflow/.local/lib/python3.7/site-packages/airflow/example_dags/example_latest_only.py
[2023-06-04T01:09:01.467+0000] {processor.py:768} INFO - DAG(s) dict_keys(['latest_only']) retrieved from /home/airflow/.local/lib/python3.7/site-packages/airflow/example_dags/example_latest_only.py
[2023-06-04T01:09:01.557+0000] {logging_mixin.py:117} INFO - [2023-06-04T01:09:01.557+0000] {dag.py:2573} INFO - Sync 1 DAGs
[2023-06-04T01:09:01.597+0000] {logging_mixin.py:117} INFO - [2023-06-04T01:09:01.597+0000] {dag.py:3328} INFO - Setting next_dagrun for latest_only to 2023-06-03T21:09:01.597350+00:00, run_after=2023-06-04T01:09:01.597350+00:00
[2023-06-04T01:09:01.624+0000] {processor.py:178} INFO - Processing /home/airflow/.local/lib/python3.7/site-packages/airflow/example_dags/example_latest_only.py took 0.192 seconds
[2023-06-04T01:09:32.472+0000] {processor.py:156} INFO - Started process (PID=487) to work on /home/airflow/.local/lib/python3.7/site-packages/airflow/example_dags/example_latest_only.py
[2023-06-04T01:09:32.474+0000] {processor.py:758} INFO - Processing file /home/airflow/.local/lib/python3.7/site-packages/airflow/example_dags/example_latest_only.py for tasks to queue
[2023-06-04T01:09:32.477+0000] {logging_mixin.py:117} INFO - [2023-06-04T01:09:32.476+0000] {dagbag.py:525} INFO - Filling up the DagBag from /home/airflow/.local/lib/python3.7/site-packages/airflow/example_dags/example_latest_only.py
[2023-06-04T01:09:32.496+0000] {processor.py:768} INFO - DAG(s) dict_keys(['latest_only']) retrieved from /home/airflow/.local/lib/python3.7/site-packages/airflow/example_dags/example_latest_only.py
[2023-06-04T01:09:32.553+0000] {logging_mixin.py:117} INFO - [2023-06-04T01:09:32.553+0000] {dag.py:2573} INFO - Sync 1 DAGs
[2023-06-04T01:09:32.590+0000] {logging_mixin.py:117} INFO - [2023-06-04T01:09:32.590+0000] {dag.py:3328} INFO - Setting next_dagrun for latest_only to 2023-06-03T21:09:32.590198+00:00, run_after=2023-06-04T01:09:32.590198+00:00
[2023-06-04T01:09:32.620+0000] {processor.py:178} INFO - Processing /home/airflow/.local/lib/python3.7/site-packages/airflow/example_dags/example_latest_only.py took 0.153 seconds
[2023-06-04T01:10:03.372+0000] {processor.py:156} INFO - Started process (PID=542) to work on /home/airflow/.local/lib/python3.7/site-packages/airflow/example_dags/example_latest_only.py
[2023-06-04T01:10:03.374+0000] {processor.py:758} INFO - Processing file /home/airflow/.local/lib/python3.7/site-packages/airflow/example_dags/example_latest_only.py for tasks to queue
[2023-06-04T01:10:03.376+0000] {logging_mixin.py:117} INFO - [2023-06-04T01:10:03.376+0000] {dagbag.py:525} INFO - Filling up the DagBag from /home/airflow/.local/lib/python3.7/site-packages/airflow/example_dags/example_latest_only.py
[2023-06-04T01:10:03.394+0000] {processor.py:768} INFO - DAG(s) dict_keys(['latest_only']) retrieved from /home/airflow/.local/lib/python3.7/site-packages/airflow/example_dags/example_latest_only.py
[2023-06-04T01:10:03.449+0000] {logging_mixin.py:117} INFO - [2023-06-04T01:10:03.449+0000] {dag.py:2573} INFO - Sync 1 DAGs
[2023-06-04T01:10:03.484+0000] {logging_mixin.py:117} INFO - [2023-06-04T01:10:03.484+0000] {dag.py:3328} INFO - Setting next_dagrun for latest_only to 2023-06-03T21:10:03.483831+00:00, run_after=2023-06-04T01:10:03.483831+00:00
[2023-06-04T01:10:03.511+0000] {processor.py:178} INFO - Processing /home/airflow/.local/lib/python3.7/site-packages/airflow/example_dags/example_latest_only.py took 0.143 seconds
[2023-06-04T01:10:33.705+0000] {processor.py:156} INFO - Started process (PID=606) to work on /home/airflow/.local/lib/python3.7/site-packages/airflow/example_dags/example_latest_only.py
[2023-06-04T01:10:33.708+0000] {processor.py:758} INFO - Processing file /home/airflow/.local/lib/python3.7/site-packages/airflow/example_dags/example_latest_only.py for tasks to queue
[2023-06-04T01:10:33.711+0000] {logging_mixin.py:117} INFO - [2023-06-04T01:10:33.710+0000] {dagbag.py:525} INFO - Filling up the DagBag from /home/airflow/.local/lib/python3.7/site-packages/airflow/example_dags/example_latest_only.py
[2023-06-04T01:10:33.731+0000] {processor.py:768} INFO - DAG(s) dict_keys(['latest_only']) retrieved from /home/airflow/.local/lib/python3.7/site-packages/airflow/example_dags/example_latest_only.py
[2023-06-04T01:10:33.790+0000] {logging_mixin.py:117} INFO - [2023-06-04T01:10:33.790+0000] {dag.py:2573} INFO - Sync 1 DAGs
[2023-06-04T01:10:33.823+0000] {logging_mixin.py:117} INFO - [2023-06-04T01:10:33.823+0000] {dag.py:3328} INFO - Setting next_dagrun for latest_only to 2023-06-03T21:10:33.823277+00:00, run_after=2023-06-04T01:10:33.823277+00:00
[2023-06-04T01:10:33.849+0000] {processor.py:178} INFO - Processing /home/airflow/.local/lib/python3.7/site-packages/airflow/example_dags/example_latest_only.py took 0.148 seconds
[2023-06-04T01:11:04.587+0000] {processor.py:156} INFO - Started process (PID=670) to work on /home/airflow/.local/lib/python3.7/site-packages/airflow/example_dags/example_latest_only.py
[2023-06-04T01:11:04.590+0000] {processor.py:758} INFO - Processing file /home/airflow/.local/lib/python3.7/site-packages/airflow/example_dags/example_latest_only.py for tasks to queue
[2023-06-04T01:11:04.592+0000] {logging_mixin.py:117} INFO - [2023-06-04T01:11:04.591+0000] {dagbag.py:525} INFO - Filling up the DagBag from /home/airflow/.local/lib/python3.7/site-packages/airflow/example_dags/example_latest_only.py
[2023-06-04T01:11:04.610+0000] {processor.py:768} INFO - DAG(s) dict_keys(['latest_only']) retrieved from /home/airflow/.local/lib/python3.7/site-packages/airflow/example_dags/example_latest_only.py
[2023-06-04T01:11:04.662+0000] {logging_mixin.py:117} INFO - [2023-06-04T01:11:04.662+0000] {dag.py:2573} INFO - Sync 1 DAGs
[2023-06-04T01:11:04.694+0000] {logging_mixin.py:117} INFO - [2023-06-04T01:11:04.693+0000] {dag.py:3328} INFO - Setting next_dagrun for latest_only to 2023-06-03T21:11:04.693625+00:00, run_after=2023-06-04T01:11:04.693625+00:00
[2023-06-04T01:11:04.718+0000] {processor.py:178} INFO - Processing /home/airflow/.local/lib/python3.7/site-packages/airflow/example_dags/example_latest_only.py took 0.136 seconds
[2023-06-04T01:11:35.357+0000] {processor.py:156} INFO - Started process (PID=725) to work on /home/airflow/.local/lib/python3.7/site-packages/airflow/example_dags/example_latest_only.py
[2023-06-04T01:11:35.360+0000] {processor.py:758} INFO - Processing file /home/airflow/.local/lib/python3.7/site-packages/airflow/example_dags/example_latest_only.py for tasks to queue
[2023-06-04T01:11:35.361+0000] {logging_mixin.py:117} INFO - [2023-06-04T01:11:35.361+0000] {dagbag.py:525} INFO - Filling up the DagBag from /home/airflow/.local/lib/python3.7/site-packages/airflow/example_dags/example_latest_only.py
[2023-06-04T01:11:35.379+0000] {processor.py:768} INFO - DAG(s) dict_keys(['latest_only']) retrieved from /home/airflow/.local/lib/python3.7/site-packages/airflow/example_dags/example_latest_only.py
[2023-06-04T01:11:35.435+0000] {logging_mixin.py:117} INFO - [2023-06-04T01:11:35.434+0000] {dag.py:2573} INFO - Sync 1 DAGs
[2023-06-04T01:11:35.473+0000] {logging_mixin.py:117} INFO - [2023-06-04T01:11:35.473+0000] {dag.py:3328} INFO - Setting next_dagrun for latest_only to 2023-06-03T21:11:35.473453+00:00, run_after=2023-06-04T01:11:35.473453+00:00
[2023-06-04T01:11:35.502+0000] {processor.py:178} INFO - Processing /home/airflow/.local/lib/python3.7/site-packages/airflow/example_dags/example_latest_only.py took 0.150 seconds
[2023-06-04T01:12:05.751+0000] {processor.py:156} INFO - Started process (PID=789) to work on /home/airflow/.local/lib/python3.7/site-packages/airflow/example_dags/example_latest_only.py
[2023-06-04T01:12:05.753+0000] {processor.py:758} INFO - Processing file /home/airflow/.local/lib/python3.7/site-packages/airflow/example_dags/example_latest_only.py for tasks to queue
[2023-06-04T01:12:05.755+0000] {logging_mixin.py:117} INFO - [2023-06-04T01:12:05.755+0000] {dagbag.py:525} INFO - Filling up the DagBag from /home/airflow/.local/lib/python3.7/site-packages/airflow/example_dags/example_latest_only.py
[2023-06-04T01:12:05.777+0000] {processor.py:768} INFO - DAG(s) dict_keys(['latest_only']) retrieved from /home/airflow/.local/lib/python3.7/site-packages/airflow/example_dags/example_latest_only.py
[2023-06-04T01:12:05.835+0000] {logging_mixin.py:117} INFO - [2023-06-04T01:12:05.835+0000] {dag.py:2573} INFO - Sync 1 DAGs
[2023-06-04T01:12:05.872+0000] {logging_mixin.py:117} INFO - [2023-06-04T01:12:05.872+0000] {dag.py:3328} INFO - Setting next_dagrun for latest_only to 2023-06-03T21:12:05.872446+00:00, run_after=2023-06-04T01:12:05.872446+00:00
[2023-06-04T01:12:05.899+0000] {processor.py:178} INFO - Processing /home/airflow/.local/lib/python3.7/site-packages/airflow/example_dags/example_latest_only.py took 0.153 seconds
[2023-06-04T01:12:36.312+0000] {processor.py:156} INFO - Started process (PID=853) to work on /home/airflow/.local/lib/python3.7/site-packages/airflow/example_dags/example_latest_only.py
[2023-06-04T01:12:36.314+0000] {processor.py:758} INFO - Processing file /home/airflow/.local/lib/python3.7/site-packages/airflow/example_dags/example_latest_only.py for tasks to queue
[2023-06-04T01:12:36.316+0000] {logging_mixin.py:117} INFO - [2023-06-04T01:12:36.316+0000] {dagbag.py:525} INFO - Filling up the DagBag from /home/airflow/.local/lib/python3.7/site-packages/airflow/example_dags/example_latest_only.py
[2023-06-04T01:12:36.335+0000] {processor.py:768} INFO - DAG(s) dict_keys(['latest_only']) retrieved from /home/airflow/.local/lib/python3.7/site-packages/airflow/example_dags/example_latest_only.py
[2023-06-04T01:12:36.390+0000] {logging_mixin.py:117} INFO - [2023-06-04T01:12:36.390+0000] {dag.py:2573} INFO - Sync 1 DAGs
[2023-06-04T01:12:36.422+0000] {logging_mixin.py:117} INFO - [2023-06-04T01:12:36.421+0000] {dag.py:3328} INFO - Setting next_dagrun for latest_only to 2023-06-03T21:12:36.421541+00:00, run_after=2023-06-04T01:12:36.421541+00:00
[2023-06-04T01:12:36.446+0000] {processor.py:178} INFO - Processing /home/airflow/.local/lib/python3.7/site-packages/airflow/example_dags/example_latest_only.py took 0.138 seconds
[2023-06-04T01:13:06.639+0000] {processor.py:156} INFO - Started process (PID=908) to work on /home/airflow/.local/lib/python3.7/site-packages/airflow/example_dags/example_latest_only.py
[2023-06-04T01:13:06.642+0000] {processor.py:758} INFO - Processing file /home/airflow/.local/lib/python3.7/site-packages/airflow/example_dags/example_latest_only.py for tasks to queue
[2023-06-04T01:13:06.644+0000] {logging_mixin.py:117} INFO - [2023-06-04T01:13:06.644+0000] {dagbag.py:525} INFO - Filling up the DagBag from /home/airflow/.local/lib/python3.7/site-packages/airflow/example_dags/example_latest_only.py
[2023-06-04T01:13:06.664+0000] {processor.py:768} INFO - DAG(s) dict_keys(['latest_only']) retrieved from /home/airflow/.local/lib/python3.7/site-packages/airflow/example_dags/example_latest_only.py
[2023-06-04T01:13:06.732+0000] {logging_mixin.py:117} INFO - [2023-06-04T01:13:06.732+0000] {dag.py:2573} INFO - Sync 1 DAGs
[2023-06-04T01:13:06.764+0000] {logging_mixin.py:117} INFO - [2023-06-04T01:13:06.764+0000] {dag.py:3328} INFO - Setting next_dagrun for latest_only to 2023-06-03T21:13:06.763994+00:00, run_after=2023-06-04T01:13:06.763994+00:00
[2023-06-04T01:13:06.789+0000] {processor.py:178} INFO - Processing /home/airflow/.local/lib/python3.7/site-packages/airflow/example_dags/example_latest_only.py took 0.154 seconds
[2023-06-04T01:13:37.055+0000] {processor.py:156} INFO - Started process (PID=972) to work on /home/airflow/.local/lib/python3.7/site-packages/airflow/example_dags/example_latest_only.py
[2023-06-04T01:13:37.057+0000] {processor.py:758} INFO - Processing file /home/airflow/.local/lib/python3.7/site-packages/airflow/example_dags/example_latest_only.py for tasks to queue
[2023-06-04T01:13:37.059+0000] {logging_mixin.py:117} INFO - [2023-06-04T01:13:37.059+0000] {dagbag.py:525} INFO - Filling up the DagBag from /home/airflow/.local/lib/python3.7/site-packages/airflow/example_dags/example_latest_only.py
[2023-06-04T01:13:37.079+0000] {processor.py:768} INFO - DAG(s) dict_keys(['latest_only']) retrieved from /home/airflow/.local/lib/python3.7/site-packages/airflow/example_dags/example_latest_only.py
[2023-06-04T01:13:37.132+0000] {logging_mixin.py:117} INFO - [2023-06-04T01:13:37.132+0000] {dag.py:2573} INFO - Sync 1 DAGs
[2023-06-04T01:13:37.171+0000] {logging_mixin.py:117} INFO - [2023-06-04T01:13:37.171+0000] {dag.py:3328} INFO - Setting next_dagrun for latest_only to 2023-06-03T21:13:37.171018+00:00, run_after=2023-06-04T01:13:37.171018+00:00
[2023-06-04T01:13:37.196+0000] {processor.py:178} INFO - Processing /home/airflow/.local/lib/python3.7/site-packages/airflow/example_dags/example_latest_only.py took 0.146 seconds
[2023-06-04T01:14:08.370+0000] {processor.py:156} INFO - Started process (PID=1035) to work on /home/airflow/.local/lib/python3.7/site-packages/airflow/example_dags/example_latest_only.py
[2023-06-04T01:14:08.373+0000] {processor.py:758} INFO - Processing file /home/airflow/.local/lib/python3.7/site-packages/airflow/example_dags/example_latest_only.py for tasks to queue
[2023-06-04T01:14:08.376+0000] {logging_mixin.py:117} INFO - [2023-06-04T01:14:08.375+0000] {dagbag.py:525} INFO - Filling up the DagBag from /home/airflow/.local/lib/python3.7/site-packages/airflow/example_dags/example_latest_only.py
[2023-06-04T01:14:08.408+0000] {processor.py:768} INFO - DAG(s) dict_keys(['latest_only']) retrieved from /home/airflow/.local/lib/python3.7/site-packages/airflow/example_dags/example_latest_only.py
[2023-06-04T01:14:08.508+0000] {logging_mixin.py:117} INFO - [2023-06-04T01:14:08.507+0000] {dag.py:2573} INFO - Sync 1 DAGs
[2023-06-04T01:14:08.553+0000] {logging_mixin.py:117} INFO - [2023-06-04T01:14:08.552+0000] {dag.py:3328} INFO - Setting next_dagrun for latest_only to 2023-06-03T21:14:08.552135+00:00, run_after=2023-06-04T01:14:08.552135+00:00
[2023-06-04T01:14:08.593+0000] {processor.py:178} INFO - Processing /home/airflow/.local/lib/python3.7/site-packages/airflow/example_dags/example_latest_only.py took 0.230 seconds
[2023-06-04T01:14:39.161+0000] {processor.py:156} INFO - Started process (PID=1090) to work on /home/airflow/.local/lib/python3.7/site-packages/airflow/example_dags/example_latest_only.py
[2023-06-04T01:14:39.166+0000] {processor.py:758} INFO - Processing file /home/airflow/.local/lib/python3.7/site-packages/airflow/example_dags/example_latest_only.py for tasks to queue
[2023-06-04T01:14:39.170+0000] {logging_mixin.py:117} INFO - [2023-06-04T01:14:39.170+0000] {dagbag.py:525} INFO - Filling up the DagBag from /home/airflow/.local/lib/python3.7/site-packages/airflow/example_dags/example_latest_only.py
[2023-06-04T01:14:39.205+0000] {processor.py:768} INFO - DAG(s) dict_keys(['latest_only']) retrieved from /home/airflow/.local/lib/python3.7/site-packages/airflow/example_dags/example_latest_only.py
[2023-06-04T01:14:39.289+0000] {logging_mixin.py:117} INFO - [2023-06-04T01:14:39.289+0000] {dag.py:2573} INFO - Sync 1 DAGs
[2023-06-04T01:14:39.340+0000] {logging_mixin.py:117} INFO - [2023-06-04T01:14:39.339+0000] {dag.py:3328} INFO - Setting next_dagrun for latest_only to 2023-06-03T21:14:39.339551+00:00, run_after=2023-06-04T01:14:39.339551+00:00
[2023-06-04T01:14:39.381+0000] {processor.py:178} INFO - Processing /home/airflow/.local/lib/python3.7/site-packages/airflow/example_dags/example_latest_only.py took 0.227 seconds
[2023-06-04T01:15:09.602+0000] {processor.py:156} INFO - Started process (PID=1153) to work on /home/airflow/.local/lib/python3.7/site-packages/airflow/example_dags/example_latest_only.py
[2023-06-04T01:15:09.605+0000] {processor.py:758} INFO - Processing file /home/airflow/.local/lib/python3.7/site-packages/airflow/example_dags/example_latest_only.py for tasks to queue
[2023-06-04T01:15:09.607+0000] {logging_mixin.py:117} INFO - [2023-06-04T01:15:09.607+0000] {dagbag.py:525} INFO - Filling up the DagBag from /home/airflow/.local/lib/python3.7/site-packages/airflow/example_dags/example_latest_only.py
[2023-06-04T01:15:09.629+0000] {processor.py:768} INFO - DAG(s) dict_keys(['latest_only']) retrieved from /home/airflow/.local/lib/python3.7/site-packages/airflow/example_dags/example_latest_only.py
[2023-06-04T01:15:09.691+0000] {logging_mixin.py:117} INFO - [2023-06-04T01:15:09.691+0000] {dag.py:2573} INFO - Sync 1 DAGs
[2023-06-04T01:15:09.735+0000] {logging_mixin.py:117} INFO - [2023-06-04T01:15:09.735+0000] {dag.py:3328} INFO - Setting next_dagrun for latest_only to 2023-06-03T21:15:09.735162+00:00, run_after=2023-06-04T01:15:09.735162+00:00
[2023-06-04T01:15:09.756+0000] {processor.py:178} INFO - Processing /home/airflow/.local/lib/python3.7/site-packages/airflow/example_dags/example_latest_only.py took 0.172 seconds
[2023-06-04T01:15:40.295+0000] {processor.py:156} INFO - Started process (PID=1217) to work on /home/airflow/.local/lib/python3.7/site-packages/airflow/example_dags/example_latest_only.py
[2023-06-04T01:15:40.298+0000] {processor.py:758} INFO - Processing file /home/airflow/.local/lib/python3.7/site-packages/airflow/example_dags/example_latest_only.py for tasks to queue
[2023-06-04T01:15:40.300+0000] {logging_mixin.py:117} INFO - [2023-06-04T01:15:40.300+0000] {dagbag.py:525} INFO - Filling up the DagBag from /home/airflow/.local/lib/python3.7/site-packages/airflow/example_dags/example_latest_only.py
[2023-06-04T01:15:40.329+0000] {processor.py:768} INFO - DAG(s) dict_keys(['latest_only']) retrieved from /home/airflow/.local/lib/python3.7/site-packages/airflow/example_dags/example_latest_only.py
[2023-06-04T01:15:40.415+0000] {logging_mixin.py:117} INFO - [2023-06-04T01:15:40.414+0000] {dag.py:2573} INFO - Sync 1 DAGs
[2023-06-04T01:15:40.464+0000] {logging_mixin.py:117} INFO - [2023-06-04T01:15:40.464+0000] {dag.py:3328} INFO - Setting next_dagrun for latest_only to 2023-06-03T21:15:40.464214+00:00, run_after=2023-06-04T01:15:40.464214+00:00
[2023-06-04T01:15:40.507+0000] {processor.py:178} INFO - Processing /home/airflow/.local/lib/python3.7/site-packages/airflow/example_dags/example_latest_only.py took 0.218 seconds
[2023-06-04T01:16:10.742+0000] {processor.py:156} INFO - Started process (PID=1272) to work on /home/airflow/.local/lib/python3.7/site-packages/airflow/example_dags/example_latest_only.py
[2023-06-04T01:16:10.744+0000] {processor.py:758} INFO - Processing file /home/airflow/.local/lib/python3.7/site-packages/airflow/example_dags/example_latest_only.py for tasks to queue
[2023-06-04T01:16:10.749+0000] {logging_mixin.py:117} INFO - [2023-06-04T01:16:10.749+0000] {dagbag.py:525} INFO - Filling up the DagBag from /home/airflow/.local/lib/python3.7/site-packages/airflow/example_dags/example_latest_only.py
[2023-06-04T01:16:10.776+0000] {processor.py:768} INFO - DAG(s) dict_keys(['latest_only']) retrieved from /home/airflow/.local/lib/python3.7/site-packages/airflow/example_dags/example_latest_only.py
[2023-06-04T01:16:10.857+0000] {logging_mixin.py:117} INFO - [2023-06-04T01:16:10.856+0000] {dag.py:2573} INFO - Sync 1 DAGs
[2023-06-04T01:16:10.895+0000] {logging_mixin.py:117} INFO - [2023-06-04T01:16:10.895+0000] {dag.py:3328} INFO - Setting next_dagrun for latest_only to 2023-06-03T21:16:10.895016+00:00, run_after=2023-06-04T01:16:10.895016+00:00
[2023-06-04T01:16:10.926+0000] {processor.py:178} INFO - Processing /home/airflow/.local/lib/python3.7/site-packages/airflow/example_dags/example_latest_only.py took 0.191 seconds
[2023-06-04T01:16:41.074+0000] {processor.py:156} INFO - Started process (PID=1336) to work on /home/airflow/.local/lib/python3.7/site-packages/airflow/example_dags/example_latest_only.py
[2023-06-04T01:16:41.076+0000] {processor.py:758} INFO - Processing file /home/airflow/.local/lib/python3.7/site-packages/airflow/example_dags/example_latest_only.py for tasks to queue
[2023-06-04T01:16:41.078+0000] {logging_mixin.py:117} INFO - [2023-06-04T01:16:41.078+0000] {dagbag.py:525} INFO - Filling up the DagBag from /home/airflow/.local/lib/python3.7/site-packages/airflow/example_dags/example_latest_only.py
[2023-06-04T01:16:41.098+0000] {processor.py:768} INFO - DAG(s) dict_keys(['latest_only']) retrieved from /home/airflow/.local/lib/python3.7/site-packages/airflow/example_dags/example_latest_only.py
[2023-06-04T01:16:41.151+0000] {logging_mixin.py:117} INFO - [2023-06-04T01:16:41.151+0000] {dag.py:2573} INFO - Sync 1 DAGs
[2023-06-04T01:16:41.184+0000] {logging_mixin.py:117} INFO - [2023-06-04T01:16:41.183+0000] {dag.py:3328} INFO - Setting next_dagrun for latest_only to 2023-06-03T21:16:41.183537+00:00, run_after=2023-06-04T01:16:41.183537+00:00
[2023-06-04T01:16:41.208+0000] {processor.py:178} INFO - Processing /home/airflow/.local/lib/python3.7/site-packages/airflow/example_dags/example_latest_only.py took 0.139 seconds
[2023-06-04T01:17:11.857+0000] {processor.py:156} INFO - Started process (PID=1400) to work on /home/airflow/.local/lib/python3.7/site-packages/airflow/example_dags/example_latest_only.py
[2023-06-04T01:17:11.859+0000] {processor.py:758} INFO - Processing file /home/airflow/.local/lib/python3.7/site-packages/airflow/example_dags/example_latest_only.py for tasks to queue
[2023-06-04T01:17:11.862+0000] {logging_mixin.py:117} INFO - [2023-06-04T01:17:11.861+0000] {dagbag.py:525} INFO - Filling up the DagBag from /home/airflow/.local/lib/python3.7/site-packages/airflow/example_dags/example_latest_only.py
[2023-06-04T01:17:11.883+0000] {processor.py:768} INFO - DAG(s) dict_keys(['latest_only']) retrieved from /home/airflow/.local/lib/python3.7/site-packages/airflow/example_dags/example_latest_only.py
[2023-06-04T01:17:11.948+0000] {logging_mixin.py:117} INFO - [2023-06-04T01:17:11.948+0000] {dag.py:2573} INFO - Sync 1 DAGs
[2023-06-04T01:17:11.993+0000] {logging_mixin.py:117} INFO - [2023-06-04T01:17:11.993+0000] {dag.py:3328} INFO - Setting next_dagrun for latest_only to 2023-06-03T21:17:11.993131+00:00, run_after=2023-06-04T01:17:11.993131+00:00
[2023-06-04T01:17:12.021+0000] {processor.py:178} INFO - Processing /home/airflow/.local/lib/python3.7/site-packages/airflow/example_dags/example_latest_only.py took 0.169 seconds
[2023-06-04T01:17:42.093+0000] {processor.py:156} INFO - Started process (PID=1455) to work on /home/airflow/.local/lib/python3.7/site-packages/airflow/example_dags/example_latest_only.py
[2023-06-04T01:17:42.095+0000] {processor.py:758} INFO - Processing file /home/airflow/.local/lib/python3.7/site-packages/airflow/example_dags/example_latest_only.py for tasks to queue
[2023-06-04T01:17:42.098+0000] {logging_mixin.py:117} INFO - [2023-06-04T01:17:42.098+0000] {dagbag.py:525} INFO - Filling up the DagBag from /home/airflow/.local/lib/python3.7/site-packages/airflow/example_dags/example_latest_only.py
[2023-06-04T01:17:42.116+0000] {processor.py:768} INFO - DAG(s) dict_keys(['latest_only']) retrieved from /home/airflow/.local/lib/python3.7/site-packages/airflow/example_dags/example_latest_only.py
[2023-06-04T01:17:42.169+0000] {logging_mixin.py:117} INFO - [2023-06-04T01:17:42.169+0000] {dag.py:2573} INFO - Sync 1 DAGs
[2023-06-04T01:17:42.202+0000] {logging_mixin.py:117} INFO - [2023-06-04T01:17:42.202+0000] {dag.py:3328} INFO - Setting next_dagrun for latest_only to 2023-06-03T21:17:42.202322+00:00, run_after=2023-06-04T01:17:42.202322+00:00
[2023-06-04T01:17:42.226+0000] {processor.py:178} INFO - Processing /home/airflow/.local/lib/python3.7/site-packages/airflow/example_dags/example_latest_only.py took 0.139 seconds
[2023-06-04T01:18:12.333+0000] {processor.py:156} INFO - Started process (PID=1519) to work on /home/airflow/.local/lib/python3.7/site-packages/airflow/example_dags/example_latest_only.py
[2023-06-04T01:18:12.336+0000] {processor.py:758} INFO - Processing file /home/airflow/.local/lib/python3.7/site-packages/airflow/example_dags/example_latest_only.py for tasks to queue
[2023-06-04T01:18:12.338+0000] {logging_mixin.py:117} INFO - [2023-06-04T01:18:12.338+0000] {dagbag.py:525} INFO - Filling up the DagBag from /home/airflow/.local/lib/python3.7/site-packages/airflow/example_dags/example_latest_only.py
[2023-06-04T01:18:12.357+0000] {processor.py:768} INFO - DAG(s) dict_keys(['latest_only']) retrieved from /home/airflow/.local/lib/python3.7/site-packages/airflow/example_dags/example_latest_only.py
[2023-06-04T01:18:12.412+0000] {logging_mixin.py:117} INFO - [2023-06-04T01:18:12.412+0000] {dag.py:2573} INFO - Sync 1 DAGs
[2023-06-04T01:18:12.443+0000] {logging_mixin.py:117} INFO - [2023-06-04T01:18:12.443+0000] {dag.py:3328} INFO - Setting next_dagrun for latest_only to 2023-06-03T21:18:12.443259+00:00, run_after=2023-06-04T01:18:12.443259+00:00
[2023-06-04T01:18:12.466+0000] {processor.py:178} INFO - Processing /home/airflow/.local/lib/python3.7/site-packages/airflow/example_dags/example_latest_only.py took 0.137 seconds
[2023-06-04T01:18:42.722+0000] {processor.py:156} INFO - Started process (PID=1574) to work on /home/airflow/.local/lib/python3.7/site-packages/airflow/example_dags/example_latest_only.py
[2023-06-04T01:18:42.724+0000] {processor.py:758} INFO - Processing file /home/airflow/.local/lib/python3.7/site-packages/airflow/example_dags/example_latest_only.py for tasks to queue
[2023-06-04T01:18:42.726+0000] {logging_mixin.py:117} INFO - [2023-06-04T01:18:42.726+0000] {dagbag.py:525} INFO - Filling up the DagBag from /home/airflow/.local/lib/python3.7/site-packages/airflow/example_dags/example_latest_only.py
[2023-06-04T01:18:42.746+0000] {processor.py:768} INFO - DAG(s) dict_keys(['latest_only']) retrieved from /home/airflow/.local/lib/python3.7/site-packages/airflow/example_dags/example_latest_only.py
[2023-06-04T01:18:42.801+0000] {logging_mixin.py:117} INFO - [2023-06-04T01:18:42.800+0000] {dag.py:2573} INFO - Sync 1 DAGs
[2023-06-04T01:18:42.838+0000] {logging_mixin.py:117} INFO - [2023-06-04T01:18:42.838+0000] {dag.py:3328} INFO - Setting next_dagrun for latest_only to 2023-06-03T21:18:42.837739+00:00, run_after=2023-06-04T01:18:42.837739+00:00
[2023-06-04T01:18:42.862+0000] {processor.py:178} INFO - Processing /home/airflow/.local/lib/python3.7/site-packages/airflow/example_dags/example_latest_only.py took 0.145 seconds
[2023-06-04T01:19:12.966+0000] {processor.py:156} INFO - Started process (PID=1637) to work on /home/airflow/.local/lib/python3.7/site-packages/airflow/example_dags/example_latest_only.py
[2023-06-04T01:19:12.968+0000] {processor.py:758} INFO - Processing file /home/airflow/.local/lib/python3.7/site-packages/airflow/example_dags/example_latest_only.py for tasks to queue
[2023-06-04T01:19:12.970+0000] {logging_mixin.py:117} INFO - [2023-06-04T01:19:12.970+0000] {dagbag.py:525} INFO - Filling up the DagBag from /home/airflow/.local/lib/python3.7/site-packages/airflow/example_dags/example_latest_only.py
[2023-06-04T01:19:12.990+0000] {processor.py:768} INFO - DAG(s) dict_keys(['latest_only']) retrieved from /home/airflow/.local/lib/python3.7/site-packages/airflow/example_dags/example_latest_only.py
[2023-06-04T01:19:13.043+0000] {logging_mixin.py:117} INFO - [2023-06-04T01:19:13.043+0000] {dag.py:2573} INFO - Sync 1 DAGs
[2023-06-04T01:19:13.080+0000] {logging_mixin.py:117} INFO - [2023-06-04T01:19:13.080+0000] {dag.py:3328} INFO - Setting next_dagrun for latest_only to 2023-06-03T21:19:13.080069+00:00, run_after=2023-06-04T01:19:13.080069+00:00
[2023-06-04T01:19:13.107+0000] {processor.py:178} INFO - Processing /home/airflow/.local/lib/python3.7/site-packages/airflow/example_dags/example_latest_only.py took 0.145 seconds
[2023-06-04T01:20:39.186+0000] {processor.py:157} INFO - Started process (PID=53) to work on /home/airflow/.local/lib/python3.7/site-packages/airflow/example_dags/example_latest_only.py
[2023-06-04T01:20:39.190+0000] {processor.py:826} INFO - Processing file /home/airflow/.local/lib/python3.7/site-packages/airflow/example_dags/example_latest_only.py for tasks to queue
[2023-06-04T01:20:39.194+0000] {logging_mixin.py:149} INFO - [2023-06-04T01:20:39.193+0000] {dagbag.py:541} INFO - Filling up the DagBag from /home/airflow/.local/lib/python3.7/site-packages/airflow/example_dags/example_latest_only.py
[2023-06-04T01:20:39.216+0000] {processor.py:836} INFO - DAG(s) dict_keys(['latest_only']) retrieved from /home/airflow/.local/lib/python3.7/site-packages/airflow/example_dags/example_latest_only.py
[2023-06-04T01:20:39.249+0000] {logging_mixin.py:149} INFO - [2023-06-04T01:20:39.248+0000] {dag.py:2726} INFO - Sync 1 DAGs
[2023-06-04T01:20:39.315+0000] {logging_mixin.py:149} INFO - [2023-06-04T01:20:39.315+0000] {dag.py:3490} INFO - Setting next_dagrun for latest_only to 2023-06-03T21:20:39.315148+00:00, run_after=2023-06-04T01:20:39.315148+00:00
[2023-06-04T01:20:39.366+0000] {processor.py:179} INFO - Processing /home/airflow/.local/lib/python3.7/site-packages/airflow/example_dags/example_latest_only.py took 0.187 seconds
[2023-06-04T01:21:09.531+0000] {processor.py:157} INFO - Started process (PID=123) to work on /home/airflow/.local/lib/python3.7/site-packages/airflow/example_dags/example_latest_only.py
[2023-06-04T01:21:09.534+0000] {processor.py:826} INFO - Processing file /home/airflow/.local/lib/python3.7/site-packages/airflow/example_dags/example_latest_only.py for tasks to queue
[2023-06-04T01:21:09.535+0000] {logging_mixin.py:149} INFO - [2023-06-04T01:21:09.535+0000] {dagbag.py:541} INFO - Filling up the DagBag from /home/airflow/.local/lib/python3.7/site-packages/airflow/example_dags/example_latest_only.py
[2023-06-04T01:21:09.544+0000] {processor.py:836} INFO - DAG(s) dict_keys(['latest_only']) retrieved from /home/airflow/.local/lib/python3.7/site-packages/airflow/example_dags/example_latest_only.py
[2023-06-04T01:21:09.577+0000] {logging_mixin.py:149} INFO - [2023-06-04T01:21:09.577+0000] {dag.py:2726} INFO - Sync 1 DAGs
[2023-06-04T01:21:09.612+0000] {logging_mixin.py:149} INFO - [2023-06-04T01:21:09.612+0000] {dag.py:3490} INFO - Setting next_dagrun for latest_only to 2023-06-03T21:21:09.612129+00:00, run_after=2023-06-04T01:21:09.612129+00:00
[2023-06-04T01:21:09.637+0000] {processor.py:179} INFO - Processing /home/airflow/.local/lib/python3.7/site-packages/airflow/example_dags/example_latest_only.py took 0.111 seconds
[2023-06-04T01:21:40.123+0000] {processor.py:157} INFO - Started process (PID=202) to work on /home/airflow/.local/lib/python3.7/site-packages/airflow/example_dags/example_latest_only.py
[2023-06-04T01:21:40.126+0000] {processor.py:826} INFO - Processing file /home/airflow/.local/lib/python3.7/site-packages/airflow/example_dags/example_latest_only.py for tasks to queue
[2023-06-04T01:21:40.131+0000] {logging_mixin.py:149} INFO - [2023-06-04T01:21:40.131+0000] {dagbag.py:541} INFO - Filling up the DagBag from /home/airflow/.local/lib/python3.7/site-packages/airflow/example_dags/example_latest_only.py
[2023-06-04T01:21:40.142+0000] {processor.py:836} INFO - DAG(s) dict_keys(['latest_only']) retrieved from /home/airflow/.local/lib/python3.7/site-packages/airflow/example_dags/example_latest_only.py
[2023-06-04T01:21:40.176+0000] {logging_mixin.py:149} INFO - [2023-06-04T01:21:40.176+0000] {dag.py:2726} INFO - Sync 1 DAGs
[2023-06-04T01:21:40.212+0000] {logging_mixin.py:149} INFO - [2023-06-04T01:21:40.212+0000] {dag.py:3490} INFO - Setting next_dagrun for latest_only to 2023-06-03T21:21:40.212272+00:00, run_after=2023-06-04T01:21:40.212272+00:00
[2023-06-04T01:21:40.242+0000] {processor.py:179} INFO - Processing /home/airflow/.local/lib/python3.7/site-packages/airflow/example_dags/example_latest_only.py took 0.125 seconds
[2023-06-04T01:22:10.638+0000] {processor.py:157} INFO - Started process (PID=272) to work on /home/airflow/.local/lib/python3.7/site-packages/airflow/example_dags/example_latest_only.py
[2023-06-04T01:22:10.642+0000] {processor.py:826} INFO - Processing file /home/airflow/.local/lib/python3.7/site-packages/airflow/example_dags/example_latest_only.py for tasks to queue
[2023-06-04T01:22:10.644+0000] {logging_mixin.py:149} INFO - [2023-06-04T01:22:10.644+0000] {dagbag.py:541} INFO - Filling up the DagBag from /home/airflow/.local/lib/python3.7/site-packages/airflow/example_dags/example_latest_only.py
[2023-06-04T01:22:10.656+0000] {processor.py:836} INFO - DAG(s) dict_keys(['latest_only']) retrieved from /home/airflow/.local/lib/python3.7/site-packages/airflow/example_dags/example_latest_only.py
[2023-06-04T01:22:10.695+0000] {logging_mixin.py:149} INFO - [2023-06-04T01:22:10.694+0000] {dag.py:2726} INFO - Sync 1 DAGs
[2023-06-04T01:22:10.732+0000] {logging_mixin.py:149} INFO - [2023-06-04T01:22:10.732+0000] {dag.py:3490} INFO - Setting next_dagrun for latest_only to 2023-06-03T21:22:10.731833+00:00, run_after=2023-06-04T01:22:10.731833+00:00
[2023-06-04T01:22:10.763+0000] {processor.py:179} INFO - Processing /home/airflow/.local/lib/python3.7/site-packages/airflow/example_dags/example_latest_only.py took 0.132 seconds
[2023-06-04T01:22:41.395+0000] {processor.py:157} INFO - Started process (PID=342) to work on /home/airflow/.local/lib/python3.7/site-packages/airflow/example_dags/example_latest_only.py
[2023-06-04T01:22:41.397+0000] {processor.py:826} INFO - Processing file /home/airflow/.local/lib/python3.7/site-packages/airflow/example_dags/example_latest_only.py for tasks to queue
[2023-06-04T01:22:41.399+0000] {logging_mixin.py:149} INFO - [2023-06-04T01:22:41.399+0000] {dagbag.py:541} INFO - Filling up the DagBag from /home/airflow/.local/lib/python3.7/site-packages/airflow/example_dags/example_latest_only.py
[2023-06-04T01:22:41.409+0000] {processor.py:836} INFO - DAG(s) dict_keys(['latest_only']) retrieved from /home/airflow/.local/lib/python3.7/site-packages/airflow/example_dags/example_latest_only.py
[2023-06-04T01:22:41.443+0000] {logging_mixin.py:149} INFO - [2023-06-04T01:22:41.443+0000] {dag.py:2726} INFO - Sync 1 DAGs
[2023-06-04T01:22:41.478+0000] {logging_mixin.py:149} INFO - [2023-06-04T01:22:41.477+0000] {dag.py:3490} INFO - Setting next_dagrun for latest_only to 2023-06-03T21:22:41.477630+00:00, run_after=2023-06-04T01:22:41.477630+00:00
[2023-06-04T01:22:41.502+0000] {processor.py:179} INFO - Processing /home/airflow/.local/lib/python3.7/site-packages/airflow/example_dags/example_latest_only.py took 0.113 seconds
[2023-06-04T01:23:12.423+0000] {processor.py:157} INFO - Started process (PID=421) to work on /home/airflow/.local/lib/python3.7/site-packages/airflow/example_dags/example_latest_only.py
[2023-06-04T01:23:12.425+0000] {processor.py:826} INFO - Processing file /home/airflow/.local/lib/python3.7/site-packages/airflow/example_dags/example_latest_only.py for tasks to queue
[2023-06-04T01:23:12.427+0000] {logging_mixin.py:149} INFO - [2023-06-04T01:23:12.427+0000] {dagbag.py:541} INFO - Filling up the DagBag from /home/airflow/.local/lib/python3.7/site-packages/airflow/example_dags/example_latest_only.py
[2023-06-04T01:23:12.438+0000] {processor.py:836} INFO - DAG(s) dict_keys(['latest_only']) retrieved from /home/airflow/.local/lib/python3.7/site-packages/airflow/example_dags/example_latest_only.py
[2023-06-04T01:23:12.476+0000] {logging_mixin.py:149} INFO - [2023-06-04T01:23:12.476+0000] {dag.py:2726} INFO - Sync 1 DAGs
[2023-06-04T01:23:12.519+0000] {logging_mixin.py:149} INFO - [2023-06-04T01:23:12.519+0000] {dag.py:3490} INFO - Setting next_dagrun for latest_only to 2023-06-03T21:23:12.519154+00:00, run_after=2023-06-04T01:23:12.519154+00:00
[2023-06-04T01:23:12.557+0000] {processor.py:179} INFO - Processing /home/airflow/.local/lib/python3.7/site-packages/airflow/example_dags/example_latest_only.py took 0.140 seconds
[2023-06-04T01:23:43.494+0000] {processor.py:157} INFO - Started process (PID=491) to work on /home/airflow/.local/lib/python3.7/site-packages/airflow/example_dags/example_latest_only.py
[2023-06-04T01:23:43.497+0000] {processor.py:826} INFO - Processing file /home/airflow/.local/lib/python3.7/site-packages/airflow/example_dags/example_latest_only.py for tasks to queue
[2023-06-04T01:23:43.498+0000] {logging_mixin.py:149} INFO - [2023-06-04T01:23:43.498+0000] {dagbag.py:541} INFO - Filling up the DagBag from /home/airflow/.local/lib/python3.7/site-packages/airflow/example_dags/example_latest_only.py
[2023-06-04T01:23:43.507+0000] {processor.py:836} INFO - DAG(s) dict_keys(['latest_only']) retrieved from /home/airflow/.local/lib/python3.7/site-packages/airflow/example_dags/example_latest_only.py
[2023-06-04T01:23:43.541+0000] {logging_mixin.py:149} INFO - [2023-06-04T01:23:43.541+0000] {dag.py:2726} INFO - Sync 1 DAGs
[2023-06-04T01:23:43.579+0000] {logging_mixin.py:149} INFO - [2023-06-04T01:23:43.579+0000] {dag.py:3490} INFO - Setting next_dagrun for latest_only to 2023-06-03T21:23:43.578713+00:00, run_after=2023-06-04T01:23:43.578713+00:00
[2023-06-04T01:23:43.604+0000] {processor.py:179} INFO - Processing /home/airflow/.local/lib/python3.7/site-packages/airflow/example_dags/example_latest_only.py took 0.115 seconds
[2023-06-04T01:24:14.023+0000] {processor.py:157} INFO - Started process (PID=570) to work on /home/airflow/.local/lib/python3.7/site-packages/airflow/example_dags/example_latest_only.py
[2023-06-04T01:24:14.025+0000] {processor.py:826} INFO - Processing file /home/airflow/.local/lib/python3.7/site-packages/airflow/example_dags/example_latest_only.py for tasks to queue
[2023-06-04T01:24:14.027+0000] {logging_mixin.py:149} INFO - [2023-06-04T01:24:14.027+0000] {dagbag.py:541} INFO - Filling up the DagBag from /home/airflow/.local/lib/python3.7/site-packages/airflow/example_dags/example_latest_only.py
[2023-06-04T01:24:14.036+0000] {processor.py:836} INFO - DAG(s) dict_keys(['latest_only']) retrieved from /home/airflow/.local/lib/python3.7/site-packages/airflow/example_dags/example_latest_only.py
[2023-06-04T01:24:14.074+0000] {logging_mixin.py:149} INFO - [2023-06-04T01:24:14.074+0000] {dag.py:2726} INFO - Sync 1 DAGs
[2023-06-04T01:24:14.114+0000] {logging_mixin.py:149} INFO - [2023-06-04T01:24:14.114+0000] {dag.py:3490} INFO - Setting next_dagrun for latest_only to 2023-06-03T21:24:14.114018+00:00, run_after=2023-06-04T01:24:14.114018+00:00
[2023-06-04T01:24:14.142+0000] {processor.py:179} INFO - Processing /home/airflow/.local/lib/python3.7/site-packages/airflow/example_dags/example_latest_only.py took 0.124 seconds
[2023-06-04T01:24:44.288+0000] {processor.py:157} INFO - Started process (PID=640) to work on /home/airflow/.local/lib/python3.7/site-packages/airflow/example_dags/example_latest_only.py
[2023-06-04T01:24:44.291+0000] {processor.py:826} INFO - Processing file /home/airflow/.local/lib/python3.7/site-packages/airflow/example_dags/example_latest_only.py for tasks to queue
[2023-06-04T01:24:44.293+0000] {logging_mixin.py:149} INFO - [2023-06-04T01:24:44.293+0000] {dagbag.py:541} INFO - Filling up the DagBag from /home/airflow/.local/lib/python3.7/site-packages/airflow/example_dags/example_latest_only.py
[2023-06-04T01:24:44.303+0000] {processor.py:836} INFO - DAG(s) dict_keys(['latest_only']) retrieved from /home/airflow/.local/lib/python3.7/site-packages/airflow/example_dags/example_latest_only.py
[2023-06-04T01:24:44.340+0000] {logging_mixin.py:149} INFO - [2023-06-04T01:24:44.340+0000] {dag.py:2726} INFO - Sync 1 DAGs
[2023-06-04T01:24:44.383+0000] {logging_mixin.py:149} INFO - [2023-06-04T01:24:44.382+0000] {dag.py:3490} INFO - Setting next_dagrun for latest_only to 2023-06-03T21:24:44.382582+00:00, run_after=2023-06-04T01:24:44.382582+00:00
[2023-06-04T01:24:44.410+0000] {processor.py:179} INFO - Processing /home/airflow/.local/lib/python3.7/site-packages/airflow/example_dags/example_latest_only.py took 0.128 seconds
[2023-06-04T01:25:14.697+0000] {processor.py:157} INFO - Started process (PID=710) to work on /home/airflow/.local/lib/python3.7/site-packages/airflow/example_dags/example_latest_only.py
[2023-06-04T01:25:14.700+0000] {processor.py:826} INFO - Processing file /home/airflow/.local/lib/python3.7/site-packages/airflow/example_dags/example_latest_only.py for tasks to queue
[2023-06-04T01:25:14.702+0000] {logging_mixin.py:149} INFO - [2023-06-04T01:25:14.702+0000] {dagbag.py:541} INFO - Filling up the DagBag from /home/airflow/.local/lib/python3.7/site-packages/airflow/example_dags/example_latest_only.py
[2023-06-04T01:25:14.711+0000] {processor.py:836} INFO - DAG(s) dict_keys(['latest_only']) retrieved from /home/airflow/.local/lib/python3.7/site-packages/airflow/example_dags/example_latest_only.py
[2023-06-04T01:25:14.745+0000] {logging_mixin.py:149} INFO - [2023-06-04T01:25:14.745+0000] {dag.py:2726} INFO - Sync 1 DAGs
[2023-06-04T01:25:14.783+0000] {logging_mixin.py:149} INFO - [2023-06-04T01:25:14.783+0000] {dag.py:3490} INFO - Setting next_dagrun for latest_only to 2023-06-03T21:25:14.783220+00:00, run_after=2023-06-04T01:25:14.783220+00:00
[2023-06-04T01:25:14.809+0000] {processor.py:179} INFO - Processing /home/airflow/.local/lib/python3.7/site-packages/airflow/example_dags/example_latest_only.py took 0.117 seconds
[2023-06-04T01:25:45.154+0000] {processor.py:157} INFO - Started process (PID=789) to work on /home/airflow/.local/lib/python3.7/site-packages/airflow/example_dags/example_latest_only.py
[2023-06-04T01:25:45.158+0000] {processor.py:826} INFO - Processing file /home/airflow/.local/lib/python3.7/site-packages/airflow/example_dags/example_latest_only.py for tasks to queue
[2023-06-04T01:25:45.161+0000] {logging_mixin.py:149} INFO - [2023-06-04T01:25:45.160+0000] {dagbag.py:541} INFO - Filling up the DagBag from /home/airflow/.local/lib/python3.7/site-packages/airflow/example_dags/example_latest_only.py
[2023-06-04T01:25:45.173+0000] {processor.py:836} INFO - DAG(s) dict_keys(['latest_only']) retrieved from /home/airflow/.local/lib/python3.7/site-packages/airflow/example_dags/example_latest_only.py
[2023-06-04T01:25:45.216+0000] {logging_mixin.py:149} INFO - [2023-06-04T01:25:45.216+0000] {dag.py:2726} INFO - Sync 1 DAGs
[2023-06-04T01:25:45.267+0000] {logging_mixin.py:149} INFO - [2023-06-04T01:25:45.267+0000] {dag.py:3490} INFO - Setting next_dagrun for latest_only to 2023-06-03T21:25:45.267042+00:00, run_after=2023-06-04T01:25:45.267042+00:00
[2023-06-04T01:25:45.299+0000] {processor.py:179} INFO - Processing /home/airflow/.local/lib/python3.7/site-packages/airflow/example_dags/example_latest_only.py took 0.151 seconds
