[2023-06-04T00:36:53.895+0000] {processor.py:156} INFO - Started process (PID=57) to work on /home/airflow/.local/lib/python3.7/site-packages/airflow/example_dags/example_latest_only_with_trigger.py
[2023-06-04T00:36:53.898+0000] {processor.py:758} INFO - Processing file /home/airflow/.local/lib/python3.7/site-packages/airflow/example_dags/example_latest_only_with_trigger.py for tasks to queue
[2023-06-04T00:36:53.900+0000] {logging_mixin.py:117} INFO - [2023-06-04T00:36:53.899+0000] {dagbag.py:525} INFO - Filling up the DagBag from /home/airflow/.local/lib/python3.7/site-packages/airflow/example_dags/example_latest_only_with_trigger.py
[2023-06-04T00:36:53.928+0000] {processor.py:768} INFO - DAG(s) dict_keys(['latest_only_with_trigger']) retrieved from /home/airflow/.local/lib/python3.7/site-packages/airflow/example_dags/example_latest_only_with_trigger.py
[2023-06-04T00:36:54.145+0000] {logging_mixin.py:117} INFO - [2023-06-04T00:36:54.144+0000] {manager.py:507} INFO - Created Permission View: can delete on DAG:latest_only_with_trigger
[2023-06-04T00:36:54.160+0000] {logging_mixin.py:117} INFO - [2023-06-04T00:36:54.160+0000] {manager.py:507} INFO - Created Permission View: can read on DAG:latest_only_with_trigger
[2023-06-04T00:36:54.172+0000] {logging_mixin.py:117} INFO - [2023-06-04T00:36:54.172+0000] {manager.py:507} INFO - Created Permission View: can edit on DAG:latest_only_with_trigger
[2023-06-04T00:36:54.174+0000] {logging_mixin.py:117} INFO - [2023-06-04T00:36:54.173+0000] {dag.py:2573} INFO - Sync 1 DAGs
[2023-06-04T00:36:54.193+0000] {logging_mixin.py:117} INFO - [2023-06-04T00:36:54.193+0000] {dag.py:2594} INFO - Creating ORM DAG for latest_only_with_trigger
[2023-06-04T00:36:54.210+0000] {logging_mixin.py:117} INFO - [2023-06-04T00:36:54.209+0000] {dag.py:3328} INFO - Setting next_dagrun for latest_only_with_trigger to 2023-06-03T20:36:54.209543+00:00, run_after=2023-06-04T00:36:54.209543+00:00
[2023-06-04T00:36:54.242+0000] {processor.py:178} INFO - Processing /home/airflow/.local/lib/python3.7/site-packages/airflow/example_dags/example_latest_only_with_trigger.py took 0.352 seconds
[2023-06-04T00:37:24.316+0000] {processor.py:156} INFO - Started process (PID=111) to work on /home/airflow/.local/lib/python3.7/site-packages/airflow/example_dags/example_latest_only_with_trigger.py
[2023-06-04T00:37:24.318+0000] {processor.py:758} INFO - Processing file /home/airflow/.local/lib/python3.7/site-packages/airflow/example_dags/example_latest_only_with_trigger.py for tasks to queue
[2023-06-04T00:37:24.321+0000] {logging_mixin.py:117} INFO - [2023-06-04T00:37:24.321+0000] {dagbag.py:525} INFO - Filling up the DagBag from /home/airflow/.local/lib/python3.7/site-packages/airflow/example_dags/example_latest_only_with_trigger.py
[2023-06-04T00:37:24.343+0000] {processor.py:768} INFO - DAG(s) dict_keys(['latest_only_with_trigger']) retrieved from /home/airflow/.local/lib/python3.7/site-packages/airflow/example_dags/example_latest_only_with_trigger.py
[2023-06-04T00:37:24.406+0000] {logging_mixin.py:117} INFO - [2023-06-04T00:37:24.406+0000] {dag.py:2573} INFO - Sync 1 DAGs
[2023-06-04T00:37:24.439+0000] {logging_mixin.py:117} INFO - [2023-06-04T00:37:24.439+0000] {dag.py:3328} INFO - Setting next_dagrun for latest_only_with_trigger to 2023-06-03T20:37:24.438916+00:00, run_after=2023-06-04T00:37:24.438916+00:00
[2023-06-04T00:37:24.464+0000] {processor.py:178} INFO - Processing /home/airflow/.local/lib/python3.7/site-packages/airflow/example_dags/example_latest_only_with_trigger.py took 0.153 seconds
[2023-06-04T00:37:55.444+0000] {processor.py:156} INFO - Started process (PID=174) to work on /home/airflow/.local/lib/python3.7/site-packages/airflow/example_dags/example_latest_only_with_trigger.py
[2023-06-04T00:37:55.447+0000] {processor.py:758} INFO - Processing file /home/airflow/.local/lib/python3.7/site-packages/airflow/example_dags/example_latest_only_with_trigger.py for tasks to queue
[2023-06-04T00:37:55.449+0000] {logging_mixin.py:117} INFO - [2023-06-04T00:37:55.448+0000] {dagbag.py:525} INFO - Filling up the DagBag from /home/airflow/.local/lib/python3.7/site-packages/airflow/example_dags/example_latest_only_with_trigger.py
[2023-06-04T00:37:55.472+0000] {processor.py:768} INFO - DAG(s) dict_keys(['latest_only_with_trigger']) retrieved from /home/airflow/.local/lib/python3.7/site-packages/airflow/example_dags/example_latest_only_with_trigger.py
[2023-06-04T00:37:55.523+0000] {logging_mixin.py:117} INFO - [2023-06-04T00:37:55.522+0000] {dag.py:2573} INFO - Sync 1 DAGs
[2023-06-04T00:37:55.554+0000] {logging_mixin.py:117} INFO - [2023-06-04T00:37:55.553+0000] {dag.py:3328} INFO - Setting next_dagrun for latest_only_with_trigger to 2023-06-03T20:37:55.553528+00:00, run_after=2023-06-04T00:37:55.553528+00:00
[2023-06-04T00:37:55.582+0000] {processor.py:178} INFO - Processing /home/airflow/.local/lib/python3.7/site-packages/airflow/example_dags/example_latest_only_with_trigger.py took 0.143 seconds
[2023-06-04T00:38:25.948+0000] {processor.py:156} INFO - Started process (PID=237) to work on /home/airflow/.local/lib/python3.7/site-packages/airflow/example_dags/example_latest_only_with_trigger.py
[2023-06-04T00:38:25.950+0000] {processor.py:758} INFO - Processing file /home/airflow/.local/lib/python3.7/site-packages/airflow/example_dags/example_latest_only_with_trigger.py for tasks to queue
[2023-06-04T00:38:25.952+0000] {logging_mixin.py:117} INFO - [2023-06-04T00:38:25.952+0000] {dagbag.py:525} INFO - Filling up the DagBag from /home/airflow/.local/lib/python3.7/site-packages/airflow/example_dags/example_latest_only_with_trigger.py
[2023-06-04T00:38:25.972+0000] {processor.py:768} INFO - DAG(s) dict_keys(['latest_only_with_trigger']) retrieved from /home/airflow/.local/lib/python3.7/site-packages/airflow/example_dags/example_latest_only_with_trigger.py
[2023-06-04T00:38:26.024+0000] {logging_mixin.py:117} INFO - [2023-06-04T00:38:26.024+0000] {dag.py:2573} INFO - Sync 1 DAGs
[2023-06-04T00:38:26.057+0000] {logging_mixin.py:117} INFO - [2023-06-04T00:38:26.057+0000] {dag.py:3328} INFO - Setting next_dagrun for latest_only_with_trigger to 2023-06-03T20:38:26.056801+00:00, run_after=2023-06-04T00:38:26.056801+00:00
[2023-06-04T00:38:26.081+0000] {processor.py:178} INFO - Processing /home/airflow/.local/lib/python3.7/site-packages/airflow/example_dags/example_latest_only_with_trigger.py took 0.137 seconds
[2023-06-04T00:38:56.484+0000] {processor.py:156} INFO - Started process (PID=300) to work on /home/airflow/.local/lib/python3.7/site-packages/airflow/example_dags/example_latest_only_with_trigger.py
[2023-06-04T00:38:56.486+0000] {processor.py:758} INFO - Processing file /home/airflow/.local/lib/python3.7/site-packages/airflow/example_dags/example_latest_only_with_trigger.py for tasks to queue
[2023-06-04T00:38:56.488+0000] {logging_mixin.py:117} INFO - [2023-06-04T00:38:56.487+0000] {dagbag.py:525} INFO - Filling up the DagBag from /home/airflow/.local/lib/python3.7/site-packages/airflow/example_dags/example_latest_only_with_trigger.py
[2023-06-04T00:38:56.506+0000] {processor.py:768} INFO - DAG(s) dict_keys(['latest_only_with_trigger']) retrieved from /home/airflow/.local/lib/python3.7/site-packages/airflow/example_dags/example_latest_only_with_trigger.py
[2023-06-04T00:38:56.559+0000] {logging_mixin.py:117} INFO - [2023-06-04T00:38:56.558+0000] {dag.py:2573} INFO - Sync 1 DAGs
[2023-06-04T00:38:56.591+0000] {logging_mixin.py:117} INFO - [2023-06-04T00:38:56.591+0000] {dag.py:3328} INFO - Setting next_dagrun for latest_only_with_trigger to 2023-06-03T20:38:56.590882+00:00, run_after=2023-06-04T00:38:56.590882+00:00
[2023-06-04T00:38:56.615+0000] {processor.py:178} INFO - Processing /home/airflow/.local/lib/python3.7/site-packages/airflow/example_dags/example_latest_only_with_trigger.py took 0.136 seconds
[2023-06-04T00:59:47.234+0000] {processor.py:156} INFO - Started process (PID=58) to work on /home/airflow/.local/lib/python3.7/site-packages/airflow/example_dags/example_latest_only_with_trigger.py
[2023-06-04T00:59:47.236+0000] {processor.py:758} INFO - Processing file /home/airflow/.local/lib/python3.7/site-packages/airflow/example_dags/example_latest_only_with_trigger.py for tasks to queue
[2023-06-04T00:59:47.239+0000] {logging_mixin.py:117} INFO - [2023-06-04T00:59:47.239+0000] {dagbag.py:525} INFO - Filling up the DagBag from /home/airflow/.local/lib/python3.7/site-packages/airflow/example_dags/example_latest_only_with_trigger.py
[2023-06-04T00:59:47.265+0000] {processor.py:768} INFO - DAG(s) dict_keys(['latest_only_with_trigger']) retrieved from /home/airflow/.local/lib/python3.7/site-packages/airflow/example_dags/example_latest_only_with_trigger.py
[2023-06-04T00:59:47.332+0000] {logging_mixin.py:117} INFO - [2023-06-04T00:59:47.332+0000] {dag.py:2573} INFO - Sync 1 DAGs
[2023-06-04T00:59:47.394+0000] {logging_mixin.py:117} INFO - [2023-06-04T00:59:47.394+0000] {dag.py:3328} INFO - Setting next_dagrun for latest_only_with_trigger to 2023-06-03T20:59:47.393786+00:00, run_after=2023-06-04T00:59:47.393786+00:00
[2023-06-04T00:59:47.457+0000] {processor.py:178} INFO - Processing /home/airflow/.local/lib/python3.7/site-packages/airflow/example_dags/example_latest_only_with_trigger.py took 0.230 seconds
[2023-06-04T01:00:18.069+0000] {processor.py:156} INFO - Started process (PID=112) to work on /home/airflow/.local/lib/python3.7/site-packages/airflow/example_dags/example_latest_only_with_trigger.py
[2023-06-04T01:00:18.072+0000] {processor.py:758} INFO - Processing file /home/airflow/.local/lib/python3.7/site-packages/airflow/example_dags/example_latest_only_with_trigger.py for tasks to queue
[2023-06-04T01:00:18.075+0000] {logging_mixin.py:117} INFO - [2023-06-04T01:00:18.074+0000] {dagbag.py:525} INFO - Filling up the DagBag from /home/airflow/.local/lib/python3.7/site-packages/airflow/example_dags/example_latest_only_with_trigger.py
[2023-06-04T01:00:18.102+0000] {processor.py:768} INFO - DAG(s) dict_keys(['latest_only_with_trigger']) retrieved from /home/airflow/.local/lib/python3.7/site-packages/airflow/example_dags/example_latest_only_with_trigger.py
[2023-06-04T01:00:18.180+0000] {logging_mixin.py:117} INFO - [2023-06-04T01:00:18.179+0000] {dag.py:2573} INFO - Sync 1 DAGs
[2023-06-04T01:00:18.230+0000] {logging_mixin.py:117} INFO - [2023-06-04T01:00:18.230+0000] {dag.py:3328} INFO - Setting next_dagrun for latest_only_with_trigger to 2023-06-03T21:00:18.230045+00:00, run_after=2023-06-04T01:00:18.230045+00:00
[2023-06-04T01:00:18.267+0000] {processor.py:178} INFO - Processing /home/airflow/.local/lib/python3.7/site-packages/airflow/example_dags/example_latest_only_with_trigger.py took 0.202 seconds
[2023-06-04T01:00:48.422+0000] {processor.py:156} INFO - Started process (PID=176) to work on /home/airflow/.local/lib/python3.7/site-packages/airflow/example_dags/example_latest_only_with_trigger.py
[2023-06-04T01:00:48.425+0000] {processor.py:758} INFO - Processing file /home/airflow/.local/lib/python3.7/site-packages/airflow/example_dags/example_latest_only_with_trigger.py for tasks to queue
[2023-06-04T01:00:48.428+0000] {logging_mixin.py:117} INFO - [2023-06-04T01:00:48.427+0000] {dagbag.py:525} INFO - Filling up the DagBag from /home/airflow/.local/lib/python3.7/site-packages/airflow/example_dags/example_latest_only_with_trigger.py
[2023-06-04T01:00:48.454+0000] {processor.py:768} INFO - DAG(s) dict_keys(['latest_only_with_trigger']) retrieved from /home/airflow/.local/lib/python3.7/site-packages/airflow/example_dags/example_latest_only_with_trigger.py
[2023-06-04T01:00:48.529+0000] {logging_mixin.py:117} INFO - [2023-06-04T01:00:48.529+0000] {dag.py:2573} INFO - Sync 1 DAGs
[2023-06-04T01:00:48.574+0000] {logging_mixin.py:117} INFO - [2023-06-04T01:00:48.574+0000] {dag.py:3328} INFO - Setting next_dagrun for latest_only_with_trigger to 2023-06-03T21:00:48.573748+00:00, run_after=2023-06-04T01:00:48.573748+00:00
[2023-06-04T01:00:48.604+0000] {processor.py:178} INFO - Processing /home/airflow/.local/lib/python3.7/site-packages/airflow/example_dags/example_latest_only_with_trigger.py took 0.189 seconds
[2023-06-04T01:01:19.010+0000] {processor.py:156} INFO - Started process (PID=239) to work on /home/airflow/.local/lib/python3.7/site-packages/airflow/example_dags/example_latest_only_with_trigger.py
[2023-06-04T01:01:19.014+0000] {processor.py:758} INFO - Processing file /home/airflow/.local/lib/python3.7/site-packages/airflow/example_dags/example_latest_only_with_trigger.py for tasks to queue
[2023-06-04T01:01:19.016+0000] {logging_mixin.py:117} INFO - [2023-06-04T01:01:19.015+0000] {dagbag.py:525} INFO - Filling up the DagBag from /home/airflow/.local/lib/python3.7/site-packages/airflow/example_dags/example_latest_only_with_trigger.py
[2023-06-04T01:01:19.038+0000] {processor.py:768} INFO - DAG(s) dict_keys(['latest_only_with_trigger']) retrieved from /home/airflow/.local/lib/python3.7/site-packages/airflow/example_dags/example_latest_only_with_trigger.py
[2023-06-04T01:01:19.094+0000] {logging_mixin.py:117} INFO - [2023-06-04T01:01:19.094+0000] {dag.py:2573} INFO - Sync 1 DAGs
[2023-06-04T01:01:19.130+0000] {logging_mixin.py:117} INFO - [2023-06-04T01:01:19.130+0000] {dag.py:3328} INFO - Setting next_dagrun for latest_only_with_trigger to 2023-06-03T21:01:19.130156+00:00, run_after=2023-06-04T01:01:19.130156+00:00
[2023-06-04T01:01:19.157+0000] {processor.py:178} INFO - Processing /home/airflow/.local/lib/python3.7/site-packages/airflow/example_dags/example_latest_only_with_trigger.py took 0.152 seconds
[2023-06-04T01:01:49.438+0000] {processor.py:156} INFO - Started process (PID=293) to work on /home/airflow/.local/lib/python3.7/site-packages/airflow/example_dags/example_latest_only_with_trigger.py
[2023-06-04T01:01:49.448+0000] {processor.py:758} INFO - Processing file /home/airflow/.local/lib/python3.7/site-packages/airflow/example_dags/example_latest_only_with_trigger.py for tasks to queue
[2023-06-04T01:01:49.450+0000] {logging_mixin.py:117} INFO - [2023-06-04T01:01:49.450+0000] {dagbag.py:525} INFO - Filling up the DagBag from /home/airflow/.local/lib/python3.7/site-packages/airflow/example_dags/example_latest_only_with_trigger.py
[2023-06-04T01:01:49.493+0000] {processor.py:768} INFO - DAG(s) dict_keys(['latest_only_with_trigger']) retrieved from /home/airflow/.local/lib/python3.7/site-packages/airflow/example_dags/example_latest_only_with_trigger.py
[2023-06-04T01:01:49.565+0000] {logging_mixin.py:117} INFO - [2023-06-04T01:01:49.564+0000] {dag.py:2573} INFO - Sync 1 DAGs
[2023-06-04T01:01:49.606+0000] {logging_mixin.py:117} INFO - [2023-06-04T01:01:49.606+0000] {dag.py:3328} INFO - Setting next_dagrun for latest_only_with_trigger to 2023-06-03T21:01:49.605912+00:00, run_after=2023-06-04T01:01:49.605912+00:00
[2023-06-04T01:01:49.633+0000] {processor.py:178} INFO - Processing /home/airflow/.local/lib/python3.7/site-packages/airflow/example_dags/example_latest_only_with_trigger.py took 0.200 seconds
[2023-06-04T01:02:19.724+0000] {processor.py:156} INFO - Started process (PID=356) to work on /home/airflow/.local/lib/python3.7/site-packages/airflow/example_dags/example_latest_only_with_trigger.py
[2023-06-04T01:02:19.726+0000] {processor.py:758} INFO - Processing file /home/airflow/.local/lib/python3.7/site-packages/airflow/example_dags/example_latest_only_with_trigger.py for tasks to queue
[2023-06-04T01:02:19.728+0000] {logging_mixin.py:117} INFO - [2023-06-04T01:02:19.728+0000] {dagbag.py:525} INFO - Filling up the DagBag from /home/airflow/.local/lib/python3.7/site-packages/airflow/example_dags/example_latest_only_with_trigger.py
[2023-06-04T01:02:19.751+0000] {processor.py:768} INFO - DAG(s) dict_keys(['latest_only_with_trigger']) retrieved from /home/airflow/.local/lib/python3.7/site-packages/airflow/example_dags/example_latest_only_with_trigger.py
[2023-06-04T01:02:19.812+0000] {logging_mixin.py:117} INFO - [2023-06-04T01:02:19.811+0000] {dag.py:2573} INFO - Sync 1 DAGs
[2023-06-04T01:02:19.851+0000] {logging_mixin.py:117} INFO - [2023-06-04T01:02:19.850+0000] {dag.py:3328} INFO - Setting next_dagrun for latest_only_with_trigger to 2023-06-03T21:02:19.850452+00:00, run_after=2023-06-04T01:02:19.850452+00:00
[2023-06-04T01:02:19.883+0000] {processor.py:178} INFO - Processing /home/airflow/.local/lib/python3.7/site-packages/airflow/example_dags/example_latest_only_with_trigger.py took 0.165 seconds
[2023-06-04T01:02:50.227+0000] {processor.py:156} INFO - Started process (PID=419) to work on /home/airflow/.local/lib/python3.7/site-packages/airflow/example_dags/example_latest_only_with_trigger.py
[2023-06-04T01:02:50.230+0000] {processor.py:758} INFO - Processing file /home/airflow/.local/lib/python3.7/site-packages/airflow/example_dags/example_latest_only_with_trigger.py for tasks to queue
[2023-06-04T01:02:50.233+0000] {logging_mixin.py:117} INFO - [2023-06-04T01:02:50.232+0000] {dagbag.py:525} INFO - Filling up the DagBag from /home/airflow/.local/lib/python3.7/site-packages/airflow/example_dags/example_latest_only_with_trigger.py
[2023-06-04T01:02:50.255+0000] {processor.py:768} INFO - DAG(s) dict_keys(['latest_only_with_trigger']) retrieved from /home/airflow/.local/lib/python3.7/site-packages/airflow/example_dags/example_latest_only_with_trigger.py
[2023-06-04T01:02:50.308+0000] {logging_mixin.py:117} INFO - [2023-06-04T01:02:50.308+0000] {dag.py:2573} INFO - Sync 1 DAGs
[2023-06-04T01:02:50.343+0000] {logging_mixin.py:117} INFO - [2023-06-04T01:02:50.343+0000] {dag.py:3328} INFO - Setting next_dagrun for latest_only_with_trigger to 2023-06-03T21:02:50.342937+00:00, run_after=2023-06-04T01:02:50.342937+00:00
[2023-06-04T01:02:50.369+0000] {processor.py:178} INFO - Processing /home/airflow/.local/lib/python3.7/site-packages/airflow/example_dags/example_latest_only_with_trigger.py took 0.147 seconds
[2023-06-04T01:03:20.823+0000] {processor.py:156} INFO - Started process (PID=473) to work on /home/airflow/.local/lib/python3.7/site-packages/airflow/example_dags/example_latest_only_with_trigger.py
[2023-06-04T01:03:20.826+0000] {processor.py:758} INFO - Processing file /home/airflow/.local/lib/python3.7/site-packages/airflow/example_dags/example_latest_only_with_trigger.py for tasks to queue
[2023-06-04T01:03:20.828+0000] {logging_mixin.py:117} INFO - [2023-06-04T01:03:20.827+0000] {dagbag.py:525} INFO - Filling up the DagBag from /home/airflow/.local/lib/python3.7/site-packages/airflow/example_dags/example_latest_only_with_trigger.py
[2023-06-04T01:03:20.863+0000] {processor.py:768} INFO - DAG(s) dict_keys(['latest_only_with_trigger']) retrieved from /home/airflow/.local/lib/python3.7/site-packages/airflow/example_dags/example_latest_only_with_trigger.py
[2023-06-04T01:03:20.950+0000] {logging_mixin.py:117} INFO - [2023-06-04T01:03:20.949+0000] {dag.py:2573} INFO - Sync 1 DAGs
[2023-06-04T01:03:20.999+0000] {logging_mixin.py:117} INFO - [2023-06-04T01:03:20.999+0000] {dag.py:3328} INFO - Setting next_dagrun for latest_only_with_trigger to 2023-06-03T21:03:20.998653+00:00, run_after=2023-06-04T01:03:20.998653+00:00
[2023-06-04T01:03:21.026+0000] {processor.py:178} INFO - Processing /home/airflow/.local/lib/python3.7/site-packages/airflow/example_dags/example_latest_only_with_trigger.py took 0.210 seconds
[2023-06-04T01:03:51.073+0000] {processor.py:156} INFO - Started process (PID=536) to work on /home/airflow/.local/lib/python3.7/site-packages/airflow/example_dags/example_latest_only_with_trigger.py
[2023-06-04T01:03:51.075+0000] {processor.py:758} INFO - Processing file /home/airflow/.local/lib/python3.7/site-packages/airflow/example_dags/example_latest_only_with_trigger.py for tasks to queue
[2023-06-04T01:03:51.077+0000] {logging_mixin.py:117} INFO - [2023-06-04T01:03:51.077+0000] {dagbag.py:525} INFO - Filling up the DagBag from /home/airflow/.local/lib/python3.7/site-packages/airflow/example_dags/example_latest_only_with_trigger.py
[2023-06-04T01:03:51.097+0000] {processor.py:768} INFO - DAG(s) dict_keys(['latest_only_with_trigger']) retrieved from /home/airflow/.local/lib/python3.7/site-packages/airflow/example_dags/example_latest_only_with_trigger.py
[2023-06-04T01:03:51.154+0000] {logging_mixin.py:117} INFO - [2023-06-04T01:03:51.154+0000] {dag.py:2573} INFO - Sync 1 DAGs
[2023-06-04T01:03:51.186+0000] {logging_mixin.py:117} INFO - [2023-06-04T01:03:51.186+0000] {dag.py:3328} INFO - Setting next_dagrun for latest_only_with_trigger to 2023-06-03T21:03:51.186111+00:00, run_after=2023-06-04T01:03:51.186111+00:00
[2023-06-04T01:03:51.214+0000] {processor.py:178} INFO - Processing /home/airflow/.local/lib/python3.7/site-packages/airflow/example_dags/example_latest_only_with_trigger.py took 0.146 seconds
[2023-06-04T01:04:21.667+0000] {processor.py:156} INFO - Started process (PID=599) to work on /home/airflow/.local/lib/python3.7/site-packages/airflow/example_dags/example_latest_only_with_trigger.py
[2023-06-04T01:04:21.669+0000] {processor.py:758} INFO - Processing file /home/airflow/.local/lib/python3.7/site-packages/airflow/example_dags/example_latest_only_with_trigger.py for tasks to queue
[2023-06-04T01:04:21.671+0000] {logging_mixin.py:117} INFO - [2023-06-04T01:04:21.671+0000] {dagbag.py:525} INFO - Filling up the DagBag from /home/airflow/.local/lib/python3.7/site-packages/airflow/example_dags/example_latest_only_with_trigger.py
[2023-06-04T01:04:21.690+0000] {processor.py:768} INFO - DAG(s) dict_keys(['latest_only_with_trigger']) retrieved from /home/airflow/.local/lib/python3.7/site-packages/airflow/example_dags/example_latest_only_with_trigger.py
[2023-06-04T01:04:21.748+0000] {logging_mixin.py:117} INFO - [2023-06-04T01:04:21.748+0000] {dag.py:2573} INFO - Sync 1 DAGs
[2023-06-04T01:04:21.786+0000] {logging_mixin.py:117} INFO - [2023-06-04T01:04:21.786+0000] {dag.py:3328} INFO - Setting next_dagrun for latest_only_with_trigger to 2023-06-03T21:04:21.786115+00:00, run_after=2023-06-04T01:04:21.786115+00:00
[2023-06-04T01:04:21.814+0000] {processor.py:178} INFO - Processing /home/airflow/.local/lib/python3.7/site-packages/airflow/example_dags/example_latest_only_with_trigger.py took 0.151 seconds
[2023-06-04T01:04:52.465+0000] {processor.py:156} INFO - Started process (PID=654) to work on /home/airflow/.local/lib/python3.7/site-packages/airflow/example_dags/example_latest_only_with_trigger.py
[2023-06-04T01:04:52.467+0000] {processor.py:758} INFO - Processing file /home/airflow/.local/lib/python3.7/site-packages/airflow/example_dags/example_latest_only_with_trigger.py for tasks to queue
[2023-06-04T01:04:52.468+0000] {logging_mixin.py:117} INFO - [2023-06-04T01:04:52.468+0000] {dagbag.py:525} INFO - Filling up the DagBag from /home/airflow/.local/lib/python3.7/site-packages/airflow/example_dags/example_latest_only_with_trigger.py
[2023-06-04T01:04:52.488+0000] {processor.py:768} INFO - DAG(s) dict_keys(['latest_only_with_trigger']) retrieved from /home/airflow/.local/lib/python3.7/site-packages/airflow/example_dags/example_latest_only_with_trigger.py
[2023-06-04T01:04:52.539+0000] {logging_mixin.py:117} INFO - [2023-06-04T01:04:52.539+0000] {dag.py:2573} INFO - Sync 1 DAGs
[2023-06-04T01:04:52.572+0000] {logging_mixin.py:117} INFO - [2023-06-04T01:04:52.572+0000] {dag.py:3328} INFO - Setting next_dagrun for latest_only_with_trigger to 2023-06-03T21:04:52.572074+00:00, run_after=2023-06-04T01:04:52.572074+00:00
[2023-06-04T01:04:52.597+0000] {processor.py:178} INFO - Processing /home/airflow/.local/lib/python3.7/site-packages/airflow/example_dags/example_latest_only_with_trigger.py took 0.138 seconds
[2023-06-04T01:05:58.011+0000] {processor.py:156} INFO - Started process (PID=60) to work on /home/airflow/.local/lib/python3.7/site-packages/airflow/example_dags/example_latest_only_with_trigger.py
[2023-06-04T01:05:58.015+0000] {processor.py:758} INFO - Processing file /home/airflow/.local/lib/python3.7/site-packages/airflow/example_dags/example_latest_only_with_trigger.py for tasks to queue
[2023-06-04T01:05:58.019+0000] {logging_mixin.py:117} INFO - [2023-06-04T01:05:58.018+0000] {dagbag.py:525} INFO - Filling up the DagBag from /home/airflow/.local/lib/python3.7/site-packages/airflow/example_dags/example_latest_only_with_trigger.py
[2023-06-04T01:05:58.069+0000] {processor.py:768} INFO - DAG(s) dict_keys(['latest_only_with_trigger']) retrieved from /home/airflow/.local/lib/python3.7/site-packages/airflow/example_dags/example_latest_only_with_trigger.py
[2023-06-04T01:05:58.139+0000] {logging_mixin.py:117} INFO - [2023-06-04T01:05:58.138+0000] {dag.py:2573} INFO - Sync 1 DAGs
[2023-06-04T01:05:58.197+0000] {logging_mixin.py:117} INFO - [2023-06-04T01:05:58.196+0000] {dag.py:3328} INFO - Setting next_dagrun for latest_only_with_trigger to 2023-06-03T21:05:58.196510+00:00, run_after=2023-06-04T01:05:58.196510+00:00
[2023-06-04T01:05:58.228+0000] {processor.py:178} INFO - Processing /home/airflow/.local/lib/python3.7/site-packages/airflow/example_dags/example_latest_only_with_trigger.py took 0.225 seconds
[2023-06-04T01:06:28.994+0000] {processor.py:156} INFO - Started process (PID=115) to work on /home/airflow/.local/lib/python3.7/site-packages/airflow/example_dags/example_latest_only_with_trigger.py
[2023-06-04T01:06:28.996+0000] {processor.py:758} INFO - Processing file /home/airflow/.local/lib/python3.7/site-packages/airflow/example_dags/example_latest_only_with_trigger.py for tasks to queue
[2023-06-04T01:06:28.998+0000] {logging_mixin.py:117} INFO - [2023-06-04T01:06:28.997+0000] {dagbag.py:525} INFO - Filling up the DagBag from /home/airflow/.local/lib/python3.7/site-packages/airflow/example_dags/example_latest_only_with_trigger.py
[2023-06-04T01:06:29.018+0000] {processor.py:768} INFO - DAG(s) dict_keys(['latest_only_with_trigger']) retrieved from /home/airflow/.local/lib/python3.7/site-packages/airflow/example_dags/example_latest_only_with_trigger.py
[2023-06-04T01:06:29.071+0000] {logging_mixin.py:117} INFO - [2023-06-04T01:06:29.070+0000] {dag.py:2573} INFO - Sync 1 DAGs
[2023-06-04T01:06:29.102+0000] {logging_mixin.py:117} INFO - [2023-06-04T01:06:29.102+0000] {dag.py:3328} INFO - Setting next_dagrun for latest_only_with_trigger to 2023-06-03T21:06:29.102310+00:00, run_after=2023-06-04T01:06:29.102310+00:00
[2023-06-04T01:06:29.126+0000] {processor.py:178} INFO - Processing /home/airflow/.local/lib/python3.7/site-packages/airflow/example_dags/example_latest_only_with_trigger.py took 0.139 seconds
[2023-06-04T01:06:59.840+0000] {processor.py:156} INFO - Started process (PID=181) to work on /home/airflow/.local/lib/python3.7/site-packages/airflow/example_dags/example_latest_only_with_trigger.py
[2023-06-04T01:06:59.842+0000] {processor.py:758} INFO - Processing file /home/airflow/.local/lib/python3.7/site-packages/airflow/example_dags/example_latest_only_with_trigger.py for tasks to queue
[2023-06-04T01:06:59.845+0000] {logging_mixin.py:117} INFO - [2023-06-04T01:06:59.845+0000] {dagbag.py:525} INFO - Filling up the DagBag from /home/airflow/.local/lib/python3.7/site-packages/airflow/example_dags/example_latest_only_with_trigger.py
[2023-06-04T01:06:59.868+0000] {processor.py:768} INFO - DAG(s) dict_keys(['latest_only_with_trigger']) retrieved from /home/airflow/.local/lib/python3.7/site-packages/airflow/example_dags/example_latest_only_with_trigger.py
[2023-06-04T01:06:59.920+0000] {logging_mixin.py:117} INFO - [2023-06-04T01:06:59.920+0000] {dag.py:2573} INFO - Sync 1 DAGs
[2023-06-04T01:06:59.953+0000] {logging_mixin.py:117} INFO - [2023-06-04T01:06:59.953+0000] {dag.py:3328} INFO - Setting next_dagrun for latest_only_with_trigger to 2023-06-03T21:06:59.953117+00:00, run_after=2023-06-04T01:06:59.953117+00:00
[2023-06-04T01:06:59.976+0000] {processor.py:178} INFO - Processing /home/airflow/.local/lib/python3.7/site-packages/airflow/example_dags/example_latest_only_with_trigger.py took 0.142 seconds
[2023-06-04T01:07:30.624+0000] {processor.py:156} INFO - Started process (PID=245) to work on /home/airflow/.local/lib/python3.7/site-packages/airflow/example_dags/example_latest_only_with_trigger.py
[2023-06-04T01:07:30.626+0000] {processor.py:758} INFO - Processing file /home/airflow/.local/lib/python3.7/site-packages/airflow/example_dags/example_latest_only_with_trigger.py for tasks to queue
[2023-06-04T01:07:30.628+0000] {logging_mixin.py:117} INFO - [2023-06-04T01:07:30.628+0000] {dagbag.py:525} INFO - Filling up the DagBag from /home/airflow/.local/lib/python3.7/site-packages/airflow/example_dags/example_latest_only_with_trigger.py
[2023-06-04T01:07:30.652+0000] {processor.py:768} INFO - DAG(s) dict_keys(['latest_only_with_trigger']) retrieved from /home/airflow/.local/lib/python3.7/site-packages/airflow/example_dags/example_latest_only_with_trigger.py
[2023-06-04T01:07:30.705+0000] {logging_mixin.py:117} INFO - [2023-06-04T01:07:30.704+0000] {dag.py:2573} INFO - Sync 1 DAGs
[2023-06-04T01:07:30.737+0000] {logging_mixin.py:117} INFO - [2023-06-04T01:07:30.737+0000] {dag.py:3328} INFO - Setting next_dagrun for latest_only_with_trigger to 2023-06-03T21:07:30.737032+00:00, run_after=2023-06-04T01:07:30.737032+00:00
[2023-06-04T01:07:30.759+0000] {processor.py:178} INFO - Processing /home/airflow/.local/lib/python3.7/site-packages/airflow/example_dags/example_latest_only_with_trigger.py took 0.140 seconds
[2023-06-04T01:08:01.263+0000] {processor.py:156} INFO - Started process (PID=307) to work on /home/airflow/.local/lib/python3.7/site-packages/airflow/example_dags/example_latest_only_with_trigger.py
[2023-06-04T01:08:01.265+0000] {processor.py:758} INFO - Processing file /home/airflow/.local/lib/python3.7/site-packages/airflow/example_dags/example_latest_only_with_trigger.py for tasks to queue
[2023-06-04T01:08:01.267+0000] {logging_mixin.py:117} INFO - [2023-06-04T01:08:01.267+0000] {dagbag.py:525} INFO - Filling up the DagBag from /home/airflow/.local/lib/python3.7/site-packages/airflow/example_dags/example_latest_only_with_trigger.py
[2023-06-04T01:08:01.291+0000] {processor.py:768} INFO - DAG(s) dict_keys(['latest_only_with_trigger']) retrieved from /home/airflow/.local/lib/python3.7/site-packages/airflow/example_dags/example_latest_only_with_trigger.py
[2023-06-04T01:08:01.353+0000] {logging_mixin.py:117} INFO - [2023-06-04T01:08:01.353+0000] {dag.py:2573} INFO - Sync 1 DAGs
[2023-06-04T01:08:01.394+0000] {logging_mixin.py:117} INFO - [2023-06-04T01:08:01.394+0000] {dag.py:3328} INFO - Setting next_dagrun for latest_only_with_trigger to 2023-06-03T21:08:01.393780+00:00, run_after=2023-06-04T01:08:01.393780+00:00
[2023-06-04T01:08:01.420+0000] {processor.py:178} INFO - Processing /home/airflow/.local/lib/python3.7/site-packages/airflow/example_dags/example_latest_only_with_trigger.py took 0.161 seconds
[2023-06-04T01:08:32.091+0000] {processor.py:156} INFO - Started process (PID=364) to work on /home/airflow/.local/lib/python3.7/site-packages/airflow/example_dags/example_latest_only_with_trigger.py
[2023-06-04T01:08:32.094+0000] {processor.py:758} INFO - Processing file /home/airflow/.local/lib/python3.7/site-packages/airflow/example_dags/example_latest_only_with_trigger.py for tasks to queue
[2023-06-04T01:08:32.096+0000] {logging_mixin.py:117} INFO - [2023-06-04T01:08:32.096+0000] {dagbag.py:525} INFO - Filling up the DagBag from /home/airflow/.local/lib/python3.7/site-packages/airflow/example_dags/example_latest_only_with_trigger.py
[2023-06-04T01:08:32.118+0000] {processor.py:768} INFO - DAG(s) dict_keys(['latest_only_with_trigger']) retrieved from /home/airflow/.local/lib/python3.7/site-packages/airflow/example_dags/example_latest_only_with_trigger.py
[2023-06-04T01:08:32.171+0000] {logging_mixin.py:117} INFO - [2023-06-04T01:08:32.171+0000] {dag.py:2573} INFO - Sync 1 DAGs
[2023-06-04T01:08:32.204+0000] {logging_mixin.py:117} INFO - [2023-06-04T01:08:32.204+0000] {dag.py:3328} INFO - Setting next_dagrun for latest_only_with_trigger to 2023-06-03T21:08:32.204069+00:00, run_after=2023-06-04T01:08:32.204069+00:00
[2023-06-04T01:08:32.227+0000] {processor.py:178} INFO - Processing /home/airflow/.local/lib/python3.7/site-packages/airflow/example_dags/example_latest_only_with_trigger.py took 0.141 seconds
[2023-06-04T01:09:02.943+0000] {processor.py:156} INFO - Started process (PID=428) to work on /home/airflow/.local/lib/python3.7/site-packages/airflow/example_dags/example_latest_only_with_trigger.py
[2023-06-04T01:09:02.946+0000] {processor.py:758} INFO - Processing file /home/airflow/.local/lib/python3.7/site-packages/airflow/example_dags/example_latest_only_with_trigger.py for tasks to queue
[2023-06-04T01:09:02.948+0000] {logging_mixin.py:117} INFO - [2023-06-04T01:09:02.948+0000] {dagbag.py:525} INFO - Filling up the DagBag from /home/airflow/.local/lib/python3.7/site-packages/airflow/example_dags/example_latest_only_with_trigger.py
[2023-06-04T01:09:02.973+0000] {processor.py:768} INFO - DAG(s) dict_keys(['latest_only_with_trigger']) retrieved from /home/airflow/.local/lib/python3.7/site-packages/airflow/example_dags/example_latest_only_with_trigger.py
[2023-06-04T01:09:03.031+0000] {logging_mixin.py:117} INFO - [2023-06-04T01:09:03.030+0000] {dag.py:2573} INFO - Sync 1 DAGs
[2023-06-04T01:09:03.067+0000] {logging_mixin.py:117} INFO - [2023-06-04T01:09:03.067+0000] {dag.py:3328} INFO - Setting next_dagrun for latest_only_with_trigger to 2023-06-03T21:09:03.067159+00:00, run_after=2023-06-04T01:09:03.067159+00:00
[2023-06-04T01:09:03.092+0000] {processor.py:178} INFO - Processing /home/airflow/.local/lib/python3.7/site-packages/airflow/example_dags/example_latest_only_with_trigger.py took 0.156 seconds
[2023-06-04T01:09:34.012+0000] {processor.py:156} INFO - Started process (PID=492) to work on /home/airflow/.local/lib/python3.7/site-packages/airflow/example_dags/example_latest_only_with_trigger.py
[2023-06-04T01:09:34.014+0000] {processor.py:758} INFO - Processing file /home/airflow/.local/lib/python3.7/site-packages/airflow/example_dags/example_latest_only_with_trigger.py for tasks to queue
[2023-06-04T01:09:34.015+0000] {logging_mixin.py:117} INFO - [2023-06-04T01:09:34.015+0000] {dagbag.py:525} INFO - Filling up the DagBag from /home/airflow/.local/lib/python3.7/site-packages/airflow/example_dags/example_latest_only_with_trigger.py
[2023-06-04T01:09:34.038+0000] {processor.py:768} INFO - DAG(s) dict_keys(['latest_only_with_trigger']) retrieved from /home/airflow/.local/lib/python3.7/site-packages/airflow/example_dags/example_latest_only_with_trigger.py
[2023-06-04T01:09:34.090+0000] {logging_mixin.py:117} INFO - [2023-06-04T01:09:34.090+0000] {dag.py:2573} INFO - Sync 1 DAGs
[2023-06-04T01:09:34.125+0000] {logging_mixin.py:117} INFO - [2023-06-04T01:09:34.125+0000] {dag.py:3328} INFO - Setting next_dagrun for latest_only_with_trigger to 2023-06-03T21:09:34.125078+00:00, run_after=2023-06-04T01:09:34.125078+00:00
[2023-06-04T01:09:34.149+0000] {processor.py:178} INFO - Processing /home/airflow/.local/lib/python3.7/site-packages/airflow/example_dags/example_latest_only_with_trigger.py took 0.141 seconds
[2023-06-04T01:10:04.846+0000] {processor.py:156} INFO - Started process (PID=547) to work on /home/airflow/.local/lib/python3.7/site-packages/airflow/example_dags/example_latest_only_with_trigger.py
[2023-06-04T01:10:04.849+0000] {processor.py:758} INFO - Processing file /home/airflow/.local/lib/python3.7/site-packages/airflow/example_dags/example_latest_only_with_trigger.py for tasks to queue
[2023-06-04T01:10:04.851+0000] {logging_mixin.py:117} INFO - [2023-06-04T01:10:04.851+0000] {dagbag.py:525} INFO - Filling up the DagBag from /home/airflow/.local/lib/python3.7/site-packages/airflow/example_dags/example_latest_only_with_trigger.py
[2023-06-04T01:10:04.874+0000] {processor.py:768} INFO - DAG(s) dict_keys(['latest_only_with_trigger']) retrieved from /home/airflow/.local/lib/python3.7/site-packages/airflow/example_dags/example_latest_only_with_trigger.py
[2023-06-04T01:10:04.931+0000] {logging_mixin.py:117} INFO - [2023-06-04T01:10:04.931+0000] {dag.py:2573} INFO - Sync 1 DAGs
[2023-06-04T01:10:04.969+0000] {logging_mixin.py:117} INFO - [2023-06-04T01:10:04.969+0000] {dag.py:3328} INFO - Setting next_dagrun for latest_only_with_trigger to 2023-06-03T21:10:04.968717+00:00, run_after=2023-06-04T01:10:04.968717+00:00
[2023-06-04T01:10:04.998+0000] {processor.py:178} INFO - Processing /home/airflow/.local/lib/python3.7/site-packages/airflow/example_dags/example_latest_only_with_trigger.py took 0.157 seconds
[2023-06-04T01:10:35.209+0000] {processor.py:156} INFO - Started process (PID=611) to work on /home/airflow/.local/lib/python3.7/site-packages/airflow/example_dags/example_latest_only_with_trigger.py
[2023-06-04T01:10:35.212+0000] {processor.py:758} INFO - Processing file /home/airflow/.local/lib/python3.7/site-packages/airflow/example_dags/example_latest_only_with_trigger.py for tasks to queue
[2023-06-04T01:10:35.214+0000] {logging_mixin.py:117} INFO - [2023-06-04T01:10:35.214+0000] {dagbag.py:525} INFO - Filling up the DagBag from /home/airflow/.local/lib/python3.7/site-packages/airflow/example_dags/example_latest_only_with_trigger.py
[2023-06-04T01:10:35.234+0000] {processor.py:768} INFO - DAG(s) dict_keys(['latest_only_with_trigger']) retrieved from /home/airflow/.local/lib/python3.7/site-packages/airflow/example_dags/example_latest_only_with_trigger.py
[2023-06-04T01:10:35.296+0000] {logging_mixin.py:117} INFO - [2023-06-04T01:10:35.296+0000] {dag.py:2573} INFO - Sync 1 DAGs
[2023-06-04T01:10:35.351+0000] {logging_mixin.py:117} INFO - [2023-06-04T01:10:35.351+0000] {dag.py:3328} INFO - Setting next_dagrun for latest_only_with_trigger to 2023-06-03T21:10:35.350649+00:00, run_after=2023-06-04T01:10:35.350649+00:00
[2023-06-04T01:10:35.377+0000] {processor.py:178} INFO - Processing /home/airflow/.local/lib/python3.7/site-packages/airflow/example_dags/example_latest_only_with_trigger.py took 0.173 seconds
[2023-06-04T01:11:06.009+0000] {processor.py:156} INFO - Started process (PID=675) to work on /home/airflow/.local/lib/python3.7/site-packages/airflow/example_dags/example_latest_only_with_trigger.py
[2023-06-04T01:11:06.011+0000] {processor.py:758} INFO - Processing file /home/airflow/.local/lib/python3.7/site-packages/airflow/example_dags/example_latest_only_with_trigger.py for tasks to queue
[2023-06-04T01:11:06.013+0000] {logging_mixin.py:117} INFO - [2023-06-04T01:11:06.012+0000] {dagbag.py:525} INFO - Filling up the DagBag from /home/airflow/.local/lib/python3.7/site-packages/airflow/example_dags/example_latest_only_with_trigger.py
[2023-06-04T01:11:06.031+0000] {processor.py:768} INFO - DAG(s) dict_keys(['latest_only_with_trigger']) retrieved from /home/airflow/.local/lib/python3.7/site-packages/airflow/example_dags/example_latest_only_with_trigger.py
[2023-06-04T01:11:06.080+0000] {logging_mixin.py:117} INFO - [2023-06-04T01:11:06.080+0000] {dag.py:2573} INFO - Sync 1 DAGs
[2023-06-04T01:11:06.111+0000] {logging_mixin.py:117} INFO - [2023-06-04T01:11:06.111+0000] {dag.py:3328} INFO - Setting next_dagrun for latest_only_with_trigger to 2023-06-03T21:11:06.111353+00:00, run_after=2023-06-04T01:11:06.111353+00:00
[2023-06-04T01:11:06.133+0000] {processor.py:178} INFO - Processing /home/airflow/.local/lib/python3.7/site-packages/airflow/example_dags/example_latest_only_with_trigger.py took 0.128 seconds
[2023-06-04T01:11:36.827+0000] {processor.py:156} INFO - Started process (PID=730) to work on /home/airflow/.local/lib/python3.7/site-packages/airflow/example_dags/example_latest_only_with_trigger.py
[2023-06-04T01:11:36.830+0000] {processor.py:758} INFO - Processing file /home/airflow/.local/lib/python3.7/site-packages/airflow/example_dags/example_latest_only_with_trigger.py for tasks to queue
[2023-06-04T01:11:36.833+0000] {logging_mixin.py:117} INFO - [2023-06-04T01:11:36.832+0000] {dagbag.py:525} INFO - Filling up the DagBag from /home/airflow/.local/lib/python3.7/site-packages/airflow/example_dags/example_latest_only_with_trigger.py
[2023-06-04T01:11:36.857+0000] {processor.py:768} INFO - DAG(s) dict_keys(['latest_only_with_trigger']) retrieved from /home/airflow/.local/lib/python3.7/site-packages/airflow/example_dags/example_latest_only_with_trigger.py
[2023-06-04T01:11:36.921+0000] {logging_mixin.py:117} INFO - [2023-06-04T01:11:36.921+0000] {dag.py:2573} INFO - Sync 1 DAGs
[2023-06-04T01:11:36.958+0000] {logging_mixin.py:117} INFO - [2023-06-04T01:11:36.958+0000] {dag.py:3328} INFO - Setting next_dagrun for latest_only_with_trigger to 2023-06-03T21:11:36.958094+00:00, run_after=2023-06-04T01:11:36.958094+00:00
[2023-06-04T01:11:36.984+0000] {processor.py:178} INFO - Processing /home/airflow/.local/lib/python3.7/site-packages/airflow/example_dags/example_latest_only_with_trigger.py took 0.162 seconds
[2023-06-04T01:12:07.253+0000] {processor.py:156} INFO - Started process (PID=794) to work on /home/airflow/.local/lib/python3.7/site-packages/airflow/example_dags/example_latest_only_with_trigger.py
[2023-06-04T01:12:07.257+0000] {processor.py:758} INFO - Processing file /home/airflow/.local/lib/python3.7/site-packages/airflow/example_dags/example_latest_only_with_trigger.py for tasks to queue
[2023-06-04T01:12:07.259+0000] {logging_mixin.py:117} INFO - [2023-06-04T01:12:07.259+0000] {dagbag.py:525} INFO - Filling up the DagBag from /home/airflow/.local/lib/python3.7/site-packages/airflow/example_dags/example_latest_only_with_trigger.py
[2023-06-04T01:12:07.281+0000] {processor.py:768} INFO - DAG(s) dict_keys(['latest_only_with_trigger']) retrieved from /home/airflow/.local/lib/python3.7/site-packages/airflow/example_dags/example_latest_only_with_trigger.py
[2023-06-04T01:12:07.335+0000] {logging_mixin.py:117} INFO - [2023-06-04T01:12:07.335+0000] {dag.py:2573} INFO - Sync 1 DAGs
[2023-06-04T01:12:07.370+0000] {logging_mixin.py:117} INFO - [2023-06-04T01:12:07.370+0000] {dag.py:3328} INFO - Setting next_dagrun for latest_only_with_trigger to 2023-06-03T21:12:07.370261+00:00, run_after=2023-06-04T01:12:07.370261+00:00
[2023-06-04T01:12:07.393+0000] {processor.py:178} INFO - Processing /home/airflow/.local/lib/python3.7/site-packages/airflow/example_dags/example_latest_only_with_trigger.py took 0.144 seconds
[2023-06-04T01:12:37.757+0000] {processor.py:156} INFO - Started process (PID=858) to work on /home/airflow/.local/lib/python3.7/site-packages/airflow/example_dags/example_latest_only_with_trigger.py
[2023-06-04T01:12:37.759+0000] {processor.py:758} INFO - Processing file /home/airflow/.local/lib/python3.7/site-packages/airflow/example_dags/example_latest_only_with_trigger.py for tasks to queue
[2023-06-04T01:12:37.761+0000] {logging_mixin.py:117} INFO - [2023-06-04T01:12:37.761+0000] {dagbag.py:525} INFO - Filling up the DagBag from /home/airflow/.local/lib/python3.7/site-packages/airflow/example_dags/example_latest_only_with_trigger.py
[2023-06-04T01:12:37.783+0000] {processor.py:768} INFO - DAG(s) dict_keys(['latest_only_with_trigger']) retrieved from /home/airflow/.local/lib/python3.7/site-packages/airflow/example_dags/example_latest_only_with_trigger.py
[2023-06-04T01:12:37.850+0000] {logging_mixin.py:117} INFO - [2023-06-04T01:12:37.850+0000] {dag.py:2573} INFO - Sync 1 DAGs
[2023-06-04T01:12:37.888+0000] {logging_mixin.py:117} INFO - [2023-06-04T01:12:37.887+0000] {dag.py:3328} INFO - Setting next_dagrun for latest_only_with_trigger to 2023-06-03T21:12:37.887415+00:00, run_after=2023-06-04T01:12:37.887415+00:00
[2023-06-04T01:12:37.912+0000] {processor.py:178} INFO - Processing /home/airflow/.local/lib/python3.7/site-packages/airflow/example_dags/example_latest_only_with_trigger.py took 0.159 seconds
[2023-06-04T01:13:08.123+0000] {processor.py:156} INFO - Started process (PID=920) to work on /home/airflow/.local/lib/python3.7/site-packages/airflow/example_dags/example_latest_only_with_trigger.py
[2023-06-04T01:13:08.125+0000] {processor.py:758} INFO - Processing file /home/airflow/.local/lib/python3.7/site-packages/airflow/example_dags/example_latest_only_with_trigger.py for tasks to queue
[2023-06-04T01:13:08.127+0000] {logging_mixin.py:117} INFO - [2023-06-04T01:13:08.127+0000] {dagbag.py:525} INFO - Filling up the DagBag from /home/airflow/.local/lib/python3.7/site-packages/airflow/example_dags/example_latest_only_with_trigger.py
[2023-06-04T01:13:08.150+0000] {processor.py:768} INFO - DAG(s) dict_keys(['latest_only_with_trigger']) retrieved from /home/airflow/.local/lib/python3.7/site-packages/airflow/example_dags/example_latest_only_with_trigger.py
[2023-06-04T01:13:08.202+0000] {logging_mixin.py:117} INFO - [2023-06-04T01:13:08.202+0000] {dag.py:2573} INFO - Sync 1 DAGs
[2023-06-04T01:13:08.236+0000] {logging_mixin.py:117} INFO - [2023-06-04T01:13:08.236+0000] {dag.py:3328} INFO - Setting next_dagrun for latest_only_with_trigger to 2023-06-03T21:13:08.235703+00:00, run_after=2023-06-04T01:13:08.235703+00:00
[2023-06-04T01:13:08.261+0000] {processor.py:178} INFO - Processing /home/airflow/.local/lib/python3.7/site-packages/airflow/example_dags/example_latest_only_with_trigger.py took 0.141 seconds
[2023-06-04T01:13:38.554+0000] {processor.py:156} INFO - Started process (PID=977) to work on /home/airflow/.local/lib/python3.7/site-packages/airflow/example_dags/example_latest_only_with_trigger.py
[2023-06-04T01:13:38.556+0000] {processor.py:758} INFO - Processing file /home/airflow/.local/lib/python3.7/site-packages/airflow/example_dags/example_latest_only_with_trigger.py for tasks to queue
[2023-06-04T01:13:38.558+0000] {logging_mixin.py:117} INFO - [2023-06-04T01:13:38.558+0000] {dagbag.py:525} INFO - Filling up the DagBag from /home/airflow/.local/lib/python3.7/site-packages/airflow/example_dags/example_latest_only_with_trigger.py
[2023-06-04T01:13:38.577+0000] {processor.py:768} INFO - DAG(s) dict_keys(['latest_only_with_trigger']) retrieved from /home/airflow/.local/lib/python3.7/site-packages/airflow/example_dags/example_latest_only_with_trigger.py
[2023-06-04T01:13:38.629+0000] {logging_mixin.py:117} INFO - [2023-06-04T01:13:38.629+0000] {dag.py:2573} INFO - Sync 1 DAGs
[2023-06-04T01:13:38.663+0000] {logging_mixin.py:117} INFO - [2023-06-04T01:13:38.663+0000] {dag.py:3328} INFO - Setting next_dagrun for latest_only_with_trigger to 2023-06-03T21:13:38.663138+00:00, run_after=2023-06-04T01:13:38.663138+00:00
[2023-06-04T01:13:38.686+0000] {processor.py:178} INFO - Processing /home/airflow/.local/lib/python3.7/site-packages/airflow/example_dags/example_latest_only_with_trigger.py took 0.138 seconds
[2023-06-04T01:14:09.096+0000] {processor.py:156} INFO - Started process (PID=1040) to work on /home/airflow/.local/lib/python3.7/site-packages/airflow/example_dags/example_latest_only_with_trigger.py
[2023-06-04T01:14:09.100+0000] {processor.py:758} INFO - Processing file /home/airflow/.local/lib/python3.7/site-packages/airflow/example_dags/example_latest_only_with_trigger.py for tasks to queue
[2023-06-04T01:14:09.103+0000] {logging_mixin.py:117} INFO - [2023-06-04T01:14:09.102+0000] {dagbag.py:525} INFO - Filling up the DagBag from /home/airflow/.local/lib/python3.7/site-packages/airflow/example_dags/example_latest_only_with_trigger.py
[2023-06-04T01:14:09.133+0000] {processor.py:768} INFO - DAG(s) dict_keys(['latest_only_with_trigger']) retrieved from /home/airflow/.local/lib/python3.7/site-packages/airflow/example_dags/example_latest_only_with_trigger.py
[2023-06-04T01:14:09.211+0000] {logging_mixin.py:117} INFO - [2023-06-04T01:14:09.211+0000] {dag.py:2573} INFO - Sync 1 DAGs
[2023-06-04T01:14:09.270+0000] {logging_mixin.py:117} INFO - [2023-06-04T01:14:09.270+0000] {dag.py:3328} INFO - Setting next_dagrun for latest_only_with_trigger to 2023-06-03T21:14:09.270038+00:00, run_after=2023-06-04T01:14:09.270038+00:00
[2023-06-04T01:14:09.315+0000] {processor.py:178} INFO - Processing /home/airflow/.local/lib/python3.7/site-packages/airflow/example_dags/example_latest_only_with_trigger.py took 0.226 seconds
[2023-06-04T01:14:39.811+0000] {processor.py:156} INFO - Started process (PID=1101) to work on /home/airflow/.local/lib/python3.7/site-packages/airflow/example_dags/example_latest_only_with_trigger.py
[2023-06-04T01:14:39.814+0000] {processor.py:758} INFO - Processing file /home/airflow/.local/lib/python3.7/site-packages/airflow/example_dags/example_latest_only_with_trigger.py for tasks to queue
[2023-06-04T01:14:39.815+0000] {logging_mixin.py:117} INFO - [2023-06-04T01:14:39.815+0000] {dagbag.py:525} INFO - Filling up the DagBag from /home/airflow/.local/lib/python3.7/site-packages/airflow/example_dags/example_latest_only_with_trigger.py
[2023-06-04T01:14:39.835+0000] {processor.py:768} INFO - DAG(s) dict_keys(['latest_only_with_trigger']) retrieved from /home/airflow/.local/lib/python3.7/site-packages/airflow/example_dags/example_latest_only_with_trigger.py
[2023-06-04T01:14:39.892+0000] {logging_mixin.py:117} INFO - [2023-06-04T01:14:39.892+0000] {dag.py:2573} INFO - Sync 1 DAGs
[2023-06-04T01:14:39.929+0000] {logging_mixin.py:117} INFO - [2023-06-04T01:14:39.929+0000] {dag.py:3328} INFO - Setting next_dagrun for latest_only_with_trigger to 2023-06-03T21:14:39.929220+00:00, run_after=2023-06-04T01:14:39.929220+00:00
[2023-06-04T01:14:39.968+0000] {processor.py:178} INFO - Processing /home/airflow/.local/lib/python3.7/site-packages/airflow/example_dags/example_latest_only_with_trigger.py took 0.161 seconds
[2023-06-04T01:15:10.061+0000] {processor.py:156} INFO - Started process (PID=1158) to work on /home/airflow/.local/lib/python3.7/site-packages/airflow/example_dags/example_latest_only_with_trigger.py
[2023-06-04T01:15:10.064+0000] {processor.py:758} INFO - Processing file /home/airflow/.local/lib/python3.7/site-packages/airflow/example_dags/example_latest_only_with_trigger.py for tasks to queue
[2023-06-04T01:15:10.066+0000] {logging_mixin.py:117} INFO - [2023-06-04T01:15:10.066+0000] {dagbag.py:525} INFO - Filling up the DagBag from /home/airflow/.local/lib/python3.7/site-packages/airflow/example_dags/example_latest_only_with_trigger.py
[2023-06-04T01:15:10.089+0000] {processor.py:768} INFO - DAG(s) dict_keys(['latest_only_with_trigger']) retrieved from /home/airflow/.local/lib/python3.7/site-packages/airflow/example_dags/example_latest_only_with_trigger.py
[2023-06-04T01:15:10.146+0000] {logging_mixin.py:117} INFO - [2023-06-04T01:15:10.146+0000] {dag.py:2573} INFO - Sync 1 DAGs
[2023-06-04T01:15:10.193+0000] {logging_mixin.py:117} INFO - [2023-06-04T01:15:10.193+0000] {dag.py:3328} INFO - Setting next_dagrun for latest_only_with_trigger to 2023-06-03T21:15:10.193088+00:00, run_after=2023-06-04T01:15:10.193088+00:00
[2023-06-04T01:15:10.245+0000] {processor.py:178} INFO - Processing /home/airflow/.local/lib/python3.7/site-packages/airflow/example_dags/example_latest_only_with_trigger.py took 0.189 seconds
[2023-06-04T01:15:40.961+0000] {processor.py:156} INFO - Started process (PID=1222) to work on /home/airflow/.local/lib/python3.7/site-packages/airflow/example_dags/example_latest_only_with_trigger.py
[2023-06-04T01:15:40.965+0000] {processor.py:758} INFO - Processing file /home/airflow/.local/lib/python3.7/site-packages/airflow/example_dags/example_latest_only_with_trigger.py for tasks to queue
[2023-06-04T01:15:40.969+0000] {logging_mixin.py:117} INFO - [2023-06-04T01:15:40.969+0000] {dagbag.py:525} INFO - Filling up the DagBag from /home/airflow/.local/lib/python3.7/site-packages/airflow/example_dags/example_latest_only_with_trigger.py
[2023-06-04T01:15:40.998+0000] {processor.py:768} INFO - DAG(s) dict_keys(['latest_only_with_trigger']) retrieved from /home/airflow/.local/lib/python3.7/site-packages/airflow/example_dags/example_latest_only_with_trigger.py
[2023-06-04T01:15:41.083+0000] {logging_mixin.py:117} INFO - [2023-06-04T01:15:41.082+0000] {dag.py:2573} INFO - Sync 1 DAGs
[2023-06-04T01:15:41.124+0000] {logging_mixin.py:117} INFO - [2023-06-04T01:15:41.124+0000] {dag.py:3328} INFO - Setting next_dagrun for latest_only_with_trigger to 2023-06-03T21:15:41.124289+00:00, run_after=2023-06-04T01:15:41.124289+00:00
[2023-06-04T01:15:41.166+0000] {processor.py:178} INFO - Processing /home/airflow/.local/lib/python3.7/site-packages/airflow/example_dags/example_latest_only_with_trigger.py took 0.211 seconds
[2023-06-04T01:16:11.350+0000] {processor.py:156} INFO - Started process (PID=1277) to work on /home/airflow/.local/lib/python3.7/site-packages/airflow/example_dags/example_latest_only_with_trigger.py
[2023-06-04T01:16:11.354+0000] {processor.py:758} INFO - Processing file /home/airflow/.local/lib/python3.7/site-packages/airflow/example_dags/example_latest_only_with_trigger.py for tasks to queue
[2023-06-04T01:16:11.358+0000] {logging_mixin.py:117} INFO - [2023-06-04T01:16:11.357+0000] {dagbag.py:525} INFO - Filling up the DagBag from /home/airflow/.local/lib/python3.7/site-packages/airflow/example_dags/example_latest_only_with_trigger.py
[2023-06-04T01:16:11.403+0000] {processor.py:768} INFO - DAG(s) dict_keys(['latest_only_with_trigger']) retrieved from /home/airflow/.local/lib/python3.7/site-packages/airflow/example_dags/example_latest_only_with_trigger.py
[2023-06-04T01:16:11.496+0000] {logging_mixin.py:117} INFO - [2023-06-04T01:16:11.495+0000] {dag.py:2573} INFO - Sync 1 DAGs
[2023-06-04T01:16:11.548+0000] {logging_mixin.py:117} INFO - [2023-06-04T01:16:11.548+0000] {dag.py:3328} INFO - Setting next_dagrun for latest_only_with_trigger to 2023-06-03T21:16:11.548265+00:00, run_after=2023-06-04T01:16:11.548265+00:00
[2023-06-04T01:16:11.600+0000] {processor.py:178} INFO - Processing /home/airflow/.local/lib/python3.7/site-packages/airflow/example_dags/example_latest_only_with_trigger.py took 0.260 seconds
[2023-06-04T01:16:41.649+0000] {processor.py:156} INFO - Started process (PID=1341) to work on /home/airflow/.local/lib/python3.7/site-packages/airflow/example_dags/example_latest_only_with_trigger.py
[2023-06-04T01:16:41.651+0000] {processor.py:758} INFO - Processing file /home/airflow/.local/lib/python3.7/site-packages/airflow/example_dags/example_latest_only_with_trigger.py for tasks to queue
[2023-06-04T01:16:41.653+0000] {logging_mixin.py:117} INFO - [2023-06-04T01:16:41.652+0000] {dagbag.py:525} INFO - Filling up the DagBag from /home/airflow/.local/lib/python3.7/site-packages/airflow/example_dags/example_latest_only_with_trigger.py
[2023-06-04T01:16:41.673+0000] {processor.py:768} INFO - DAG(s) dict_keys(['latest_only_with_trigger']) retrieved from /home/airflow/.local/lib/python3.7/site-packages/airflow/example_dags/example_latest_only_with_trigger.py
[2023-06-04T01:16:41.728+0000] {logging_mixin.py:117} INFO - [2023-06-04T01:16:41.727+0000] {dag.py:2573} INFO - Sync 1 DAGs
[2023-06-04T01:16:41.764+0000] {logging_mixin.py:117} INFO - [2023-06-04T01:16:41.764+0000] {dag.py:3328} INFO - Setting next_dagrun for latest_only_with_trigger to 2023-06-03T21:16:41.763644+00:00, run_after=2023-06-04T01:16:41.763644+00:00
[2023-06-04T01:16:41.798+0000] {processor.py:178} INFO - Processing /home/airflow/.local/lib/python3.7/site-packages/airflow/example_dags/example_latest_only_with_trigger.py took 0.154 seconds
[2023-06-04T01:17:12.581+0000] {processor.py:156} INFO - Started process (PID=1405) to work on /home/airflow/.local/lib/python3.7/site-packages/airflow/example_dags/example_latest_only_with_trigger.py
[2023-06-04T01:17:12.585+0000] {processor.py:758} INFO - Processing file /home/airflow/.local/lib/python3.7/site-packages/airflow/example_dags/example_latest_only_with_trigger.py for tasks to queue
[2023-06-04T01:17:12.590+0000] {logging_mixin.py:117} INFO - [2023-06-04T01:17:12.590+0000] {dagbag.py:525} INFO - Filling up the DagBag from /home/airflow/.local/lib/python3.7/site-packages/airflow/example_dags/example_latest_only_with_trigger.py
[2023-06-04T01:17:12.614+0000] {processor.py:768} INFO - DAG(s) dict_keys(['latest_only_with_trigger']) retrieved from /home/airflow/.local/lib/python3.7/site-packages/airflow/example_dags/example_latest_only_with_trigger.py
[2023-06-04T01:17:12.670+0000] {logging_mixin.py:117} INFO - [2023-06-04T01:17:12.670+0000] {dag.py:2573} INFO - Sync 1 DAGs
[2023-06-04T01:17:12.705+0000] {logging_mixin.py:117} INFO - [2023-06-04T01:17:12.705+0000] {dag.py:3328} INFO - Setting next_dagrun for latest_only_with_trigger to 2023-06-03T21:17:12.704833+00:00, run_after=2023-06-04T01:17:12.704833+00:00
[2023-06-04T01:17:12.730+0000] {processor.py:178} INFO - Processing /home/airflow/.local/lib/python3.7/site-packages/airflow/example_dags/example_latest_only_with_trigger.py took 0.154 seconds
[2023-06-04T01:17:42.831+0000] {processor.py:156} INFO - Started process (PID=1460) to work on /home/airflow/.local/lib/python3.7/site-packages/airflow/example_dags/example_latest_only_with_trigger.py
[2023-06-04T01:17:42.834+0000] {processor.py:758} INFO - Processing file /home/airflow/.local/lib/python3.7/site-packages/airflow/example_dags/example_latest_only_with_trigger.py for tasks to queue
[2023-06-04T01:17:42.835+0000] {logging_mixin.py:117} INFO - [2023-06-04T01:17:42.835+0000] {dagbag.py:525} INFO - Filling up the DagBag from /home/airflow/.local/lib/python3.7/site-packages/airflow/example_dags/example_latest_only_with_trigger.py
[2023-06-04T01:17:42.855+0000] {processor.py:768} INFO - DAG(s) dict_keys(['latest_only_with_trigger']) retrieved from /home/airflow/.local/lib/python3.7/site-packages/airflow/example_dags/example_latest_only_with_trigger.py
[2023-06-04T01:17:42.912+0000] {logging_mixin.py:117} INFO - [2023-06-04T01:17:42.912+0000] {dag.py:2573} INFO - Sync 1 DAGs
[2023-06-04T01:17:42.951+0000] {logging_mixin.py:117} INFO - [2023-06-04T01:17:42.950+0000] {dag.py:3328} INFO - Setting next_dagrun for latest_only_with_trigger to 2023-06-03T21:17:42.950659+00:00, run_after=2023-06-04T01:17:42.950659+00:00
[2023-06-04T01:17:42.973+0000] {processor.py:178} INFO - Processing /home/airflow/.local/lib/python3.7/site-packages/airflow/example_dags/example_latest_only_with_trigger.py took 0.146 seconds
[2023-06-04T01:18:13.034+0000] {processor.py:156} INFO - Started process (PID=1524) to work on /home/airflow/.local/lib/python3.7/site-packages/airflow/example_dags/example_latest_only_with_trigger.py
[2023-06-04T01:18:13.036+0000] {processor.py:758} INFO - Processing file /home/airflow/.local/lib/python3.7/site-packages/airflow/example_dags/example_latest_only_with_trigger.py for tasks to queue
[2023-06-04T01:18:13.038+0000] {logging_mixin.py:117} INFO - [2023-06-04T01:18:13.038+0000] {dagbag.py:525} INFO - Filling up the DagBag from /home/airflow/.local/lib/python3.7/site-packages/airflow/example_dags/example_latest_only_with_trigger.py
[2023-06-04T01:18:13.058+0000] {processor.py:768} INFO - DAG(s) dict_keys(['latest_only_with_trigger']) retrieved from /home/airflow/.local/lib/python3.7/site-packages/airflow/example_dags/example_latest_only_with_trigger.py
[2023-06-04T01:18:13.111+0000] {logging_mixin.py:117} INFO - [2023-06-04T01:18:13.111+0000] {dag.py:2573} INFO - Sync 1 DAGs
[2023-06-04T01:18:13.142+0000] {logging_mixin.py:117} INFO - [2023-06-04T01:18:13.142+0000] {dag.py:3328} INFO - Setting next_dagrun for latest_only_with_trigger to 2023-06-03T21:18:13.142187+00:00, run_after=2023-06-04T01:18:13.142187+00:00
[2023-06-04T01:18:13.165+0000] {processor.py:178} INFO - Processing /home/airflow/.local/lib/python3.7/site-packages/airflow/example_dags/example_latest_only_with_trigger.py took 0.135 seconds
[2023-06-04T01:18:43.310+0000] {processor.py:156} INFO - Started process (PID=1585) to work on /home/airflow/.local/lib/python3.7/site-packages/airflow/example_dags/example_latest_only_with_trigger.py
[2023-06-04T01:18:43.313+0000] {processor.py:758} INFO - Processing file /home/airflow/.local/lib/python3.7/site-packages/airflow/example_dags/example_latest_only_with_trigger.py for tasks to queue
[2023-06-04T01:18:43.314+0000] {logging_mixin.py:117} INFO - [2023-06-04T01:18:43.314+0000] {dagbag.py:525} INFO - Filling up the DagBag from /home/airflow/.local/lib/python3.7/site-packages/airflow/example_dags/example_latest_only_with_trigger.py
[2023-06-04T01:18:43.333+0000] {processor.py:768} INFO - DAG(s) dict_keys(['latest_only_with_trigger']) retrieved from /home/airflow/.local/lib/python3.7/site-packages/airflow/example_dags/example_latest_only_with_trigger.py
[2023-06-04T01:18:43.386+0000] {logging_mixin.py:117} INFO - [2023-06-04T01:18:43.386+0000] {dag.py:2573} INFO - Sync 1 DAGs
[2023-06-04T01:18:43.419+0000] {logging_mixin.py:117} INFO - [2023-06-04T01:18:43.419+0000] {dag.py:3328} INFO - Setting next_dagrun for latest_only_with_trigger to 2023-06-03T21:18:43.419172+00:00, run_after=2023-06-04T01:18:43.419172+00:00
[2023-06-04T01:18:43.443+0000] {processor.py:178} INFO - Processing /home/airflow/.local/lib/python3.7/site-packages/airflow/example_dags/example_latest_only_with_trigger.py took 0.138 seconds
[2023-06-04T01:19:13.518+0000] {processor.py:156} INFO - Started process (PID=1642) to work on /home/airflow/.local/lib/python3.7/site-packages/airflow/example_dags/example_latest_only_with_trigger.py
[2023-06-04T01:19:13.520+0000] {processor.py:758} INFO - Processing file /home/airflow/.local/lib/python3.7/site-packages/airflow/example_dags/example_latest_only_with_trigger.py for tasks to queue
[2023-06-04T01:19:13.522+0000] {logging_mixin.py:117} INFO - [2023-06-04T01:19:13.522+0000] {dagbag.py:525} INFO - Filling up the DagBag from /home/airflow/.local/lib/python3.7/site-packages/airflow/example_dags/example_latest_only_with_trigger.py
[2023-06-04T01:19:13.542+0000] {processor.py:768} INFO - DAG(s) dict_keys(['latest_only_with_trigger']) retrieved from /home/airflow/.local/lib/python3.7/site-packages/airflow/example_dags/example_latest_only_with_trigger.py
[2023-06-04T01:19:13.594+0000] {logging_mixin.py:117} INFO - [2023-06-04T01:19:13.594+0000] {dag.py:2573} INFO - Sync 1 DAGs
[2023-06-04T01:19:13.627+0000] {logging_mixin.py:117} INFO - [2023-06-04T01:19:13.627+0000] {dag.py:3328} INFO - Setting next_dagrun for latest_only_with_trigger to 2023-06-03T21:19:13.625802+00:00, run_after=2023-06-04T01:19:13.625802+00:00
[2023-06-04T01:19:13.650+0000] {processor.py:178} INFO - Processing /home/airflow/.local/lib/python3.7/site-packages/airflow/example_dags/example_latest_only_with_trigger.py took 0.136 seconds
[2023-06-04T01:20:40.238+0000] {processor.py:157} INFO - Started process (PID=59) to work on /home/airflow/.local/lib/python3.7/site-packages/airflow/example_dags/example_latest_only_with_trigger.py
[2023-06-04T01:20:40.242+0000] {processor.py:826} INFO - Processing file /home/airflow/.local/lib/python3.7/site-packages/airflow/example_dags/example_latest_only_with_trigger.py for tasks to queue
[2023-06-04T01:20:40.246+0000] {logging_mixin.py:149} INFO - [2023-06-04T01:20:40.246+0000] {dagbag.py:541} INFO - Filling up the DagBag from /home/airflow/.local/lib/python3.7/site-packages/airflow/example_dags/example_latest_only_with_trigger.py
[2023-06-04T01:20:40.270+0000] {processor.py:836} INFO - DAG(s) dict_keys(['latest_only_with_trigger']) retrieved from /home/airflow/.local/lib/python3.7/site-packages/airflow/example_dags/example_latest_only_with_trigger.py
[2023-06-04T01:20:40.300+0000] {logging_mixin.py:149} INFO - [2023-06-04T01:20:40.299+0000] {dag.py:2726} INFO - Sync 1 DAGs
[2023-06-04T01:20:40.345+0000] {logging_mixin.py:149} INFO - [2023-06-04T01:20:40.345+0000] {dag.py:3490} INFO - Setting next_dagrun for latest_only_with_trigger to 2023-06-03T21:20:40.344533+00:00, run_after=2023-06-04T01:20:40.344533+00:00
[2023-06-04T01:20:40.400+0000] {processor.py:179} INFO - Processing /home/airflow/.local/lib/python3.7/site-packages/airflow/example_dags/example_latest_only_with_trigger.py took 0.181 seconds
[2023-06-04T01:21:11.021+0000] {processor.py:157} INFO - Started process (PID=129) to work on /home/airflow/.local/lib/python3.7/site-packages/airflow/example_dags/example_latest_only_with_trigger.py
[2023-06-04T01:21:11.023+0000] {processor.py:826} INFO - Processing file /home/airflow/.local/lib/python3.7/site-packages/airflow/example_dags/example_latest_only_with_trigger.py for tasks to queue
[2023-06-04T01:21:11.025+0000] {logging_mixin.py:149} INFO - [2023-06-04T01:21:11.025+0000] {dagbag.py:541} INFO - Filling up the DagBag from /home/airflow/.local/lib/python3.7/site-packages/airflow/example_dags/example_latest_only_with_trigger.py
[2023-06-04T01:21:11.034+0000] {processor.py:836} INFO - DAG(s) dict_keys(['latest_only_with_trigger']) retrieved from /home/airflow/.local/lib/python3.7/site-packages/airflow/example_dags/example_latest_only_with_trigger.py
[2023-06-04T01:21:11.068+0000] {logging_mixin.py:149} INFO - [2023-06-04T01:21:11.068+0000] {dag.py:2726} INFO - Sync 1 DAGs
[2023-06-04T01:21:11.099+0000] {logging_mixin.py:149} INFO - [2023-06-04T01:21:11.099+0000] {dag.py:3490} INFO - Setting next_dagrun for latest_only_with_trigger to 2023-06-03T21:21:11.098899+00:00, run_after=2023-06-04T01:21:11.098899+00:00
[2023-06-04T01:21:11.120+0000] {processor.py:179} INFO - Processing /home/airflow/.local/lib/python3.7/site-packages/airflow/example_dags/example_latest_only_with_trigger.py took 0.104 seconds
[2023-06-04T01:21:41.636+0000] {processor.py:157} INFO - Started process (PID=208) to work on /home/airflow/.local/lib/python3.7/site-packages/airflow/example_dags/example_latest_only_with_trigger.py
[2023-06-04T01:21:41.639+0000] {processor.py:826} INFO - Processing file /home/airflow/.local/lib/python3.7/site-packages/airflow/example_dags/example_latest_only_with_trigger.py for tasks to queue
[2023-06-04T01:21:41.642+0000] {logging_mixin.py:149} INFO - [2023-06-04T01:21:41.642+0000] {dagbag.py:541} INFO - Filling up the DagBag from /home/airflow/.local/lib/python3.7/site-packages/airflow/example_dags/example_latest_only_with_trigger.py
[2023-06-04T01:21:41.658+0000] {processor.py:836} INFO - DAG(s) dict_keys(['latest_only_with_trigger']) retrieved from /home/airflow/.local/lib/python3.7/site-packages/airflow/example_dags/example_latest_only_with_trigger.py
[2023-06-04T01:21:41.706+0000] {logging_mixin.py:149} INFO - [2023-06-04T01:21:41.706+0000] {dag.py:2726} INFO - Sync 1 DAGs
[2023-06-04T01:21:41.745+0000] {logging_mixin.py:149} INFO - [2023-06-04T01:21:41.745+0000] {dag.py:3490} INFO - Setting next_dagrun for latest_only_with_trigger to 2023-06-03T21:21:41.744884+00:00, run_after=2023-06-04T01:21:41.744884+00:00
[2023-06-04T01:21:41.776+0000] {processor.py:179} INFO - Processing /home/airflow/.local/lib/python3.7/site-packages/airflow/example_dags/example_latest_only_with_trigger.py took 0.145 seconds
[2023-06-04T01:22:12.135+0000] {processor.py:157} INFO - Started process (PID=278) to work on /home/airflow/.local/lib/python3.7/site-packages/airflow/example_dags/example_latest_only_with_trigger.py
[2023-06-04T01:22:12.138+0000] {processor.py:826} INFO - Processing file /home/airflow/.local/lib/python3.7/site-packages/airflow/example_dags/example_latest_only_with_trigger.py for tasks to queue
[2023-06-04T01:22:12.140+0000] {logging_mixin.py:149} INFO - [2023-06-04T01:22:12.140+0000] {dagbag.py:541} INFO - Filling up the DagBag from /home/airflow/.local/lib/python3.7/site-packages/airflow/example_dags/example_latest_only_with_trigger.py
[2023-06-04T01:22:12.152+0000] {processor.py:836} INFO - DAG(s) dict_keys(['latest_only_with_trigger']) retrieved from /home/airflow/.local/lib/python3.7/site-packages/airflow/example_dags/example_latest_only_with_trigger.py
[2023-06-04T01:22:12.193+0000] {logging_mixin.py:149} INFO - [2023-06-04T01:22:12.193+0000] {dag.py:2726} INFO - Sync 1 DAGs
[2023-06-04T01:22:12.239+0000] {logging_mixin.py:149} INFO - [2023-06-04T01:22:12.239+0000] {dag.py:3490} INFO - Setting next_dagrun for latest_only_with_trigger to 2023-06-03T21:22:12.239117+00:00, run_after=2023-06-04T01:22:12.239117+00:00
[2023-06-04T01:22:12.265+0000] {processor.py:179} INFO - Processing /home/airflow/.local/lib/python3.7/site-packages/airflow/example_dags/example_latest_only_with_trigger.py took 0.135 seconds
[2023-06-04T01:22:42.894+0000] {processor.py:157} INFO - Started process (PID=348) to work on /home/airflow/.local/lib/python3.7/site-packages/airflow/example_dags/example_latest_only_with_trigger.py
[2023-06-04T01:22:42.909+0000] {processor.py:826} INFO - Processing file /home/airflow/.local/lib/python3.7/site-packages/airflow/example_dags/example_latest_only_with_trigger.py for tasks to queue
[2023-06-04T01:22:42.911+0000] {logging_mixin.py:149} INFO - [2023-06-04T01:22:42.911+0000] {dagbag.py:541} INFO - Filling up the DagBag from /home/airflow/.local/lib/python3.7/site-packages/airflow/example_dags/example_latest_only_with_trigger.py
[2023-06-04T01:22:42.922+0000] {processor.py:836} INFO - DAG(s) dict_keys(['latest_only_with_trigger']) retrieved from /home/airflow/.local/lib/python3.7/site-packages/airflow/example_dags/example_latest_only_with_trigger.py
[2023-06-04T01:22:42.965+0000] {logging_mixin.py:149} INFO - [2023-06-04T01:22:42.965+0000] {dag.py:2726} INFO - Sync 1 DAGs
[2023-06-04T01:22:43.004+0000] {logging_mixin.py:149} INFO - [2023-06-04T01:22:43.004+0000] {dag.py:3490} INFO - Setting next_dagrun for latest_only_with_trigger to 2023-06-03T21:22:43.004188+00:00, run_after=2023-06-04T01:22:43.004188+00:00
[2023-06-04T01:22:43.032+0000] {processor.py:179} INFO - Processing /home/airflow/.local/lib/python3.7/site-packages/airflow/example_dags/example_latest_only_with_trigger.py took 0.144 seconds
[2023-06-04T01:23:13.966+0000] {processor.py:157} INFO - Started process (PID=427) to work on /home/airflow/.local/lib/python3.7/site-packages/airflow/example_dags/example_latest_only_with_trigger.py
[2023-06-04T01:23:13.978+0000] {processor.py:826} INFO - Processing file /home/airflow/.local/lib/python3.7/site-packages/airflow/example_dags/example_latest_only_with_trigger.py for tasks to queue
[2023-06-04T01:23:13.996+0000] {logging_mixin.py:149} INFO - [2023-06-04T01:23:13.995+0000] {dagbag.py:541} INFO - Filling up the DagBag from /home/airflow/.local/lib/python3.7/site-packages/airflow/example_dags/example_latest_only_with_trigger.py
[2023-06-04T01:23:14.016+0000] {processor.py:836} INFO - DAG(s) dict_keys(['latest_only_with_trigger']) retrieved from /home/airflow/.local/lib/python3.7/site-packages/airflow/example_dags/example_latest_only_with_trigger.py
[2023-06-04T01:23:14.054+0000] {logging_mixin.py:149} INFO - [2023-06-04T01:23:14.053+0000] {dag.py:2726} INFO - Sync 1 DAGs
[2023-06-04T01:23:14.093+0000] {logging_mixin.py:149} INFO - [2023-06-04T01:23:14.093+0000] {dag.py:3490} INFO - Setting next_dagrun for latest_only_with_trigger to 2023-06-03T21:23:14.092972+00:00, run_after=2023-06-04T01:23:14.092972+00:00
[2023-06-04T01:23:14.120+0000] {processor.py:179} INFO - Processing /home/airflow/.local/lib/python3.7/site-packages/airflow/example_dags/example_latest_only_with_trigger.py took 0.160 seconds
[2023-06-04T01:23:45.019+0000] {processor.py:157} INFO - Started process (PID=497) to work on /home/airflow/.local/lib/python3.7/site-packages/airflow/example_dags/example_latest_only_with_trigger.py
[2023-06-04T01:23:45.021+0000] {processor.py:826} INFO - Processing file /home/airflow/.local/lib/python3.7/site-packages/airflow/example_dags/example_latest_only_with_trigger.py for tasks to queue
[2023-06-04T01:23:45.023+0000] {logging_mixin.py:149} INFO - [2023-06-04T01:23:45.023+0000] {dagbag.py:541} INFO - Filling up the DagBag from /home/airflow/.local/lib/python3.7/site-packages/airflow/example_dags/example_latest_only_with_trigger.py
[2023-06-04T01:23:45.033+0000] {processor.py:836} INFO - DAG(s) dict_keys(['latest_only_with_trigger']) retrieved from /home/airflow/.local/lib/python3.7/site-packages/airflow/example_dags/example_latest_only_with_trigger.py
[2023-06-04T01:23:45.070+0000] {logging_mixin.py:149} INFO - [2023-06-04T01:23:45.070+0000] {dag.py:2726} INFO - Sync 1 DAGs
[2023-06-04T01:23:45.107+0000] {logging_mixin.py:149} INFO - [2023-06-04T01:23:45.107+0000] {dag.py:3490} INFO - Setting next_dagrun for latest_only_with_trigger to 2023-06-03T21:23:45.106744+00:00, run_after=2023-06-04T01:23:45.106744+00:00
[2023-06-04T01:23:45.132+0000] {processor.py:179} INFO - Processing /home/airflow/.local/lib/python3.7/site-packages/airflow/example_dags/example_latest_only_with_trigger.py took 0.118 seconds
[2023-06-04T01:24:15.544+0000] {processor.py:157} INFO - Started process (PID=576) to work on /home/airflow/.local/lib/python3.7/site-packages/airflow/example_dags/example_latest_only_with_trigger.py
[2023-06-04T01:24:15.546+0000] {processor.py:826} INFO - Processing file /home/airflow/.local/lib/python3.7/site-packages/airflow/example_dags/example_latest_only_with_trigger.py for tasks to queue
[2023-06-04T01:24:15.548+0000] {logging_mixin.py:149} INFO - [2023-06-04T01:24:15.548+0000] {dagbag.py:541} INFO - Filling up the DagBag from /home/airflow/.local/lib/python3.7/site-packages/airflow/example_dags/example_latest_only_with_trigger.py
[2023-06-04T01:24:15.558+0000] {processor.py:836} INFO - DAG(s) dict_keys(['latest_only_with_trigger']) retrieved from /home/airflow/.local/lib/python3.7/site-packages/airflow/example_dags/example_latest_only_with_trigger.py
[2023-06-04T01:24:15.593+0000] {logging_mixin.py:149} INFO - [2023-06-04T01:24:15.593+0000] {dag.py:2726} INFO - Sync 1 DAGs
[2023-06-04T01:24:15.629+0000] {logging_mixin.py:149} INFO - [2023-06-04T01:24:15.629+0000] {dag.py:3490} INFO - Setting next_dagrun for latest_only_with_trigger to 2023-06-03T21:24:15.628740+00:00, run_after=2023-06-04T01:24:15.628740+00:00
[2023-06-04T01:24:15.658+0000] {processor.py:179} INFO - Processing /home/airflow/.local/lib/python3.7/site-packages/airflow/example_dags/example_latest_only_with_trigger.py took 0.120 seconds
[2023-06-04T01:24:45.784+0000] {processor.py:157} INFO - Started process (PID=646) to work on /home/airflow/.local/lib/python3.7/site-packages/airflow/example_dags/example_latest_only_with_trigger.py
[2023-06-04T01:24:45.788+0000] {processor.py:826} INFO - Processing file /home/airflow/.local/lib/python3.7/site-packages/airflow/example_dags/example_latest_only_with_trigger.py for tasks to queue
[2023-06-04T01:24:45.791+0000] {logging_mixin.py:149} INFO - [2023-06-04T01:24:45.791+0000] {dagbag.py:541} INFO - Filling up the DagBag from /home/airflow/.local/lib/python3.7/site-packages/airflow/example_dags/example_latest_only_with_trigger.py
[2023-06-04T01:24:45.815+0000] {processor.py:836} INFO - DAG(s) dict_keys(['latest_only_with_trigger']) retrieved from /home/airflow/.local/lib/python3.7/site-packages/airflow/example_dags/example_latest_only_with_trigger.py
[2023-06-04T01:24:45.901+0000] {logging_mixin.py:149} INFO - [2023-06-04T01:24:45.901+0000] {dag.py:2726} INFO - Sync 1 DAGs
[2023-06-04T01:24:45.949+0000] {logging_mixin.py:149} INFO - [2023-06-04T01:24:45.949+0000] {dag.py:3490} INFO - Setting next_dagrun for latest_only_with_trigger to 2023-06-03T21:24:45.948945+00:00, run_after=2023-06-04T01:24:45.948945+00:00
[2023-06-04T01:24:45.977+0000] {processor.py:179} INFO - Processing /home/airflow/.local/lib/python3.7/site-packages/airflow/example_dags/example_latest_only_with_trigger.py took 0.198 seconds
[2023-06-04T01:25:16.188+0000] {processor.py:157} INFO - Started process (PID=716) to work on /home/airflow/.local/lib/python3.7/site-packages/airflow/example_dags/example_latest_only_with_trigger.py
[2023-06-04T01:25:16.190+0000] {processor.py:826} INFO - Processing file /home/airflow/.local/lib/python3.7/site-packages/airflow/example_dags/example_latest_only_with_trigger.py for tasks to queue
[2023-06-04T01:25:16.193+0000] {logging_mixin.py:149} INFO - [2023-06-04T01:25:16.192+0000] {dagbag.py:541} INFO - Filling up the DagBag from /home/airflow/.local/lib/python3.7/site-packages/airflow/example_dags/example_latest_only_with_trigger.py
[2023-06-04T01:25:16.203+0000] {processor.py:836} INFO - DAG(s) dict_keys(['latest_only_with_trigger']) retrieved from /home/airflow/.local/lib/python3.7/site-packages/airflow/example_dags/example_latest_only_with_trigger.py
[2023-06-04T01:25:16.238+0000] {logging_mixin.py:149} INFO - [2023-06-04T01:25:16.238+0000] {dag.py:2726} INFO - Sync 1 DAGs
[2023-06-04T01:25:16.275+0000] {logging_mixin.py:149} INFO - [2023-06-04T01:25:16.275+0000] {dag.py:3490} INFO - Setting next_dagrun for latest_only_with_trigger to 2023-06-03T21:25:16.274657+00:00, run_after=2023-06-04T01:25:16.274657+00:00
[2023-06-04T01:25:16.301+0000] {processor.py:179} INFO - Processing /home/airflow/.local/lib/python3.7/site-packages/airflow/example_dags/example_latest_only_with_trigger.py took 0.118 seconds
[2023-06-04T01:25:46.669+0000] {processor.py:157} INFO - Started process (PID=795) to work on /home/airflow/.local/lib/python3.7/site-packages/airflow/example_dags/example_latest_only_with_trigger.py
[2023-06-04T01:25:46.672+0000] {processor.py:826} INFO - Processing file /home/airflow/.local/lib/python3.7/site-packages/airflow/example_dags/example_latest_only_with_trigger.py for tasks to queue
[2023-06-04T01:25:46.673+0000] {logging_mixin.py:149} INFO - [2023-06-04T01:25:46.673+0000] {dagbag.py:541} INFO - Filling up the DagBag from /home/airflow/.local/lib/python3.7/site-packages/airflow/example_dags/example_latest_only_with_trigger.py
[2023-06-04T01:25:46.684+0000] {processor.py:836} INFO - DAG(s) dict_keys(['latest_only_with_trigger']) retrieved from /home/airflow/.local/lib/python3.7/site-packages/airflow/example_dags/example_latest_only_with_trigger.py
[2023-06-04T01:25:46.720+0000] {logging_mixin.py:149} INFO - [2023-06-04T01:25:46.720+0000] {dag.py:2726} INFO - Sync 1 DAGs
[2023-06-04T01:25:46.755+0000] {logging_mixin.py:149} INFO - [2023-06-04T01:25:46.755+0000] {dag.py:3490} INFO - Setting next_dagrun for latest_only_with_trigger to 2023-06-03T21:25:46.754768+00:00, run_after=2023-06-04T01:25:46.754768+00:00
[2023-06-04T01:25:46.782+0000] {processor.py:179} INFO - Processing /home/airflow/.local/lib/python3.7/site-packages/airflow/example_dags/example_latest_only_with_trigger.py took 0.117 seconds
