[2023-06-04T00:36:57.591+0000] {processor.py:156} INFO - Started process (PID=71) to work on /home/airflow/.local/lib/python3.7/site-packages/airflow/example_dags/example_branch_labels.py
[2023-06-04T00:36:57.594+0000] {processor.py:758} INFO - Processing file /home/airflow/.local/lib/python3.7/site-packages/airflow/example_dags/example_branch_labels.py for tasks to queue
[2023-06-04T00:36:57.598+0000] {logging_mixin.py:117} INFO - [2023-06-04T00:36:57.598+0000] {dagbag.py:525} INFO - Filling up the DagBag from /home/airflow/.local/lib/python3.7/site-packages/airflow/example_dags/example_branch_labels.py
[2023-06-04T00:36:57.629+0000] {processor.py:768} INFO - DAG(s) dict_keys(['example_branch_labels']) retrieved from /home/airflow/.local/lib/python3.7/site-packages/airflow/example_dags/example_branch_labels.py
[2023-06-04T00:36:57.807+0000] {logging_mixin.py:117} INFO - [2023-06-04T00:36:57.807+0000] {manager.py:507} INFO - Created Permission View: can delete on DAG:example_branch_labels
[2023-06-04T00:36:57.821+0000] {logging_mixin.py:117} INFO - [2023-06-04T00:36:57.821+0000] {manager.py:507} INFO - Created Permission View: can read on DAG:example_branch_labels
[2023-06-04T00:36:57.834+0000] {logging_mixin.py:117} INFO - [2023-06-04T00:36:57.834+0000] {manager.py:507} INFO - Created Permission View: can edit on DAG:example_branch_labels
[2023-06-04T00:36:57.836+0000] {logging_mixin.py:117} INFO - [2023-06-04T00:36:57.836+0000] {dag.py:2573} INFO - Sync 1 DAGs
[2023-06-04T00:36:57.855+0000] {logging_mixin.py:117} INFO - [2023-06-04T00:36:57.854+0000] {dag.py:2594} INFO - Creating ORM DAG for example_branch_labels
[2023-06-04T00:36:57.875+0000] {logging_mixin.py:117} INFO - [2023-06-04T00:36:57.875+0000] {dag.py:3328} INFO - Setting next_dagrun for example_branch_labels to 2023-06-03T00:00:00+00:00, run_after=2023-06-04T00:00:00+00:00
[2023-06-04T00:36:57.903+0000] {processor.py:178} INFO - Processing /home/airflow/.local/lib/python3.7/site-packages/airflow/example_dags/example_branch_labels.py took 0.317 seconds
[2023-06-04T00:37:28.721+0000] {processor.py:156} INFO - Started process (PID=133) to work on /home/airflow/.local/lib/python3.7/site-packages/airflow/example_dags/example_branch_labels.py
[2023-06-04T00:37:28.723+0000] {processor.py:758} INFO - Processing file /home/airflow/.local/lib/python3.7/site-packages/airflow/example_dags/example_branch_labels.py for tasks to queue
[2023-06-04T00:37:28.725+0000] {logging_mixin.py:117} INFO - [2023-06-04T00:37:28.725+0000] {dagbag.py:525} INFO - Filling up the DagBag from /home/airflow/.local/lib/python3.7/site-packages/airflow/example_dags/example_branch_labels.py
[2023-06-04T00:37:28.749+0000] {processor.py:768} INFO - DAG(s) dict_keys(['example_branch_labels']) retrieved from /home/airflow/.local/lib/python3.7/site-packages/airflow/example_dags/example_branch_labels.py
[2023-06-04T00:37:28.806+0000] {logging_mixin.py:117} INFO - [2023-06-04T00:37:28.805+0000] {dag.py:2573} INFO - Sync 1 DAGs
[2023-06-04T00:37:28.842+0000] {logging_mixin.py:117} INFO - [2023-06-04T00:37:28.842+0000] {dag.py:3328} INFO - Setting next_dagrun for example_branch_labels to 2023-06-03T00:00:00+00:00, run_after=2023-06-04T00:00:00+00:00
[2023-06-04T00:37:28.868+0000] {processor.py:178} INFO - Processing /home/airflow/.local/lib/python3.7/site-packages/airflow/example_dags/example_branch_labels.py took 0.152 seconds
[2023-06-04T00:37:59.087+0000] {processor.py:156} INFO - Started process (PID=187) to work on /home/airflow/.local/lib/python3.7/site-packages/airflow/example_dags/example_branch_labels.py
[2023-06-04T00:37:59.090+0000] {processor.py:758} INFO - Processing file /home/airflow/.local/lib/python3.7/site-packages/airflow/example_dags/example_branch_labels.py for tasks to queue
[2023-06-04T00:37:59.091+0000] {logging_mixin.py:117} INFO - [2023-06-04T00:37:59.091+0000] {dagbag.py:525} INFO - Filling up the DagBag from /home/airflow/.local/lib/python3.7/site-packages/airflow/example_dags/example_branch_labels.py
[2023-06-04T00:37:59.113+0000] {processor.py:768} INFO - DAG(s) dict_keys(['example_branch_labels']) retrieved from /home/airflow/.local/lib/python3.7/site-packages/airflow/example_dags/example_branch_labels.py
[2023-06-04T00:37:59.166+0000] {logging_mixin.py:117} INFO - [2023-06-04T00:37:59.166+0000] {dag.py:2573} INFO - Sync 1 DAGs
[2023-06-04T00:37:59.202+0000] {logging_mixin.py:117} INFO - [2023-06-04T00:37:59.201+0000] {dag.py:3328} INFO - Setting next_dagrun for example_branch_labels to 2023-06-03T00:00:00+00:00, run_after=2023-06-04T00:00:00+00:00
[2023-06-04T00:37:59.224+0000] {processor.py:178} INFO - Processing /home/airflow/.local/lib/python3.7/site-packages/airflow/example_dags/example_branch_labels.py took 0.141 seconds
[2023-06-04T00:38:29.385+0000] {processor.py:156} INFO - Started process (PID=250) to work on /home/airflow/.local/lib/python3.7/site-packages/airflow/example_dags/example_branch_labels.py
[2023-06-04T00:38:29.388+0000] {processor.py:758} INFO - Processing file /home/airflow/.local/lib/python3.7/site-packages/airflow/example_dags/example_branch_labels.py for tasks to queue
[2023-06-04T00:38:29.390+0000] {logging_mixin.py:117} INFO - [2023-06-04T00:38:29.390+0000] {dagbag.py:525} INFO - Filling up the DagBag from /home/airflow/.local/lib/python3.7/site-packages/airflow/example_dags/example_branch_labels.py
[2023-06-04T00:38:29.412+0000] {processor.py:768} INFO - DAG(s) dict_keys(['example_branch_labels']) retrieved from /home/airflow/.local/lib/python3.7/site-packages/airflow/example_dags/example_branch_labels.py
[2023-06-04T00:38:29.465+0000] {logging_mixin.py:117} INFO - [2023-06-04T00:38:29.464+0000] {dag.py:2573} INFO - Sync 1 DAGs
[2023-06-04T00:38:29.500+0000] {logging_mixin.py:117} INFO - [2023-06-04T00:38:29.500+0000] {dag.py:3328} INFO - Setting next_dagrun for example_branch_labels to 2023-06-03T00:00:00+00:00, run_after=2023-06-04T00:00:00+00:00
[2023-06-04T00:38:29.523+0000] {processor.py:178} INFO - Processing /home/airflow/.local/lib/python3.7/site-packages/airflow/example_dags/example_branch_labels.py took 0.144 seconds
[2023-06-04T00:38:59.640+0000] {processor.py:156} INFO - Started process (PID=313) to work on /home/airflow/.local/lib/python3.7/site-packages/airflow/example_dags/example_branch_labels.py
[2023-06-04T00:38:59.642+0000] {processor.py:758} INFO - Processing file /home/airflow/.local/lib/python3.7/site-packages/airflow/example_dags/example_branch_labels.py for tasks to queue
[2023-06-04T00:38:59.643+0000] {logging_mixin.py:117} INFO - [2023-06-04T00:38:59.643+0000] {dagbag.py:525} INFO - Filling up the DagBag from /home/airflow/.local/lib/python3.7/site-packages/airflow/example_dags/example_branch_labels.py
[2023-06-04T00:38:59.664+0000] {processor.py:768} INFO - DAG(s) dict_keys(['example_branch_labels']) retrieved from /home/airflow/.local/lib/python3.7/site-packages/airflow/example_dags/example_branch_labels.py
[2023-06-04T00:38:59.718+0000] {logging_mixin.py:117} INFO - [2023-06-04T00:38:59.718+0000] {dag.py:2573} INFO - Sync 1 DAGs
[2023-06-04T00:38:59.754+0000] {logging_mixin.py:117} INFO - [2023-06-04T00:38:59.754+0000] {dag.py:3328} INFO - Setting next_dagrun for example_branch_labels to 2023-06-03T00:00:00+00:00, run_after=2023-06-04T00:00:00+00:00
[2023-06-04T00:38:59.776+0000] {processor.py:178} INFO - Processing /home/airflow/.local/lib/python3.7/site-packages/airflow/example_dags/example_branch_labels.py took 0.142 seconds
[2023-06-04T00:59:49.260+0000] {processor.py:156} INFO - Started process (PID=72) to work on /home/airflow/.local/lib/python3.7/site-packages/airflow/example_dags/example_branch_labels.py
[2023-06-04T00:59:49.263+0000] {processor.py:758} INFO - Processing file /home/airflow/.local/lib/python3.7/site-packages/airflow/example_dags/example_branch_labels.py for tasks to queue
[2023-06-04T00:59:49.265+0000] {logging_mixin.py:117} INFO - [2023-06-04T00:59:49.265+0000] {dagbag.py:525} INFO - Filling up the DagBag from /home/airflow/.local/lib/python3.7/site-packages/airflow/example_dags/example_branch_labels.py
[2023-06-04T00:59:49.322+0000] {processor.py:768} INFO - DAG(s) dict_keys(['example_branch_labels']) retrieved from /home/airflow/.local/lib/python3.7/site-packages/airflow/example_dags/example_branch_labels.py
[2023-06-04T00:59:49.429+0000] {logging_mixin.py:117} INFO - [2023-06-04T00:59:49.429+0000] {dag.py:2573} INFO - Sync 1 DAGs
[2023-06-04T00:59:49.501+0000] {logging_mixin.py:117} INFO - [2023-06-04T00:59:49.501+0000] {dag.py:3328} INFO - Setting next_dagrun for example_branch_labels to 2023-06-03T00:00:00+00:00, run_after=2023-06-04T00:00:00+00:00
[2023-06-04T00:59:49.546+0000] {processor.py:178} INFO - Processing /home/airflow/.local/lib/python3.7/site-packages/airflow/example_dags/example_branch_labels.py took 0.295 seconds
[2023-06-04T01:00:19.947+0000] {processor.py:156} INFO - Started process (PID=126) to work on /home/airflow/.local/lib/python3.7/site-packages/airflow/example_dags/example_branch_labels.py
[2023-06-04T01:00:19.949+0000] {processor.py:758} INFO - Processing file /home/airflow/.local/lib/python3.7/site-packages/airflow/example_dags/example_branch_labels.py for tasks to queue
[2023-06-04T01:00:19.951+0000] {logging_mixin.py:117} INFO - [2023-06-04T01:00:19.951+0000] {dagbag.py:525} INFO - Filling up the DagBag from /home/airflow/.local/lib/python3.7/site-packages/airflow/example_dags/example_branch_labels.py
[2023-06-04T01:00:19.984+0000] {processor.py:768} INFO - DAG(s) dict_keys(['example_branch_labels']) retrieved from /home/airflow/.local/lib/python3.7/site-packages/airflow/example_dags/example_branch_labels.py
[2023-06-04T01:00:20.086+0000] {logging_mixin.py:117} INFO - [2023-06-04T01:00:20.086+0000] {dag.py:2573} INFO - Sync 1 DAGs
[2023-06-04T01:00:20.163+0000] {logging_mixin.py:117} INFO - [2023-06-04T01:00:20.162+0000] {dag.py:3328} INFO - Setting next_dagrun for example_branch_labels to 2023-06-03T00:00:00+00:00, run_after=2023-06-04T00:00:00+00:00
[2023-06-04T01:00:20.213+0000] {processor.py:178} INFO - Processing /home/airflow/.local/lib/python3.7/site-packages/airflow/example_dags/example_branch_labels.py took 0.273 seconds
[2023-06-04T01:00:50.350+0000] {processor.py:156} INFO - Started process (PID=189) to work on /home/airflow/.local/lib/python3.7/site-packages/airflow/example_dags/example_branch_labels.py
[2023-06-04T01:00:50.352+0000] {processor.py:758} INFO - Processing file /home/airflow/.local/lib/python3.7/site-packages/airflow/example_dags/example_branch_labels.py for tasks to queue
[2023-06-04T01:00:50.353+0000] {logging_mixin.py:117} INFO - [2023-06-04T01:00:50.353+0000] {dagbag.py:525} INFO - Filling up the DagBag from /home/airflow/.local/lib/python3.7/site-packages/airflow/example_dags/example_branch_labels.py
[2023-06-04T01:00:50.377+0000] {processor.py:768} INFO - DAG(s) dict_keys(['example_branch_labels']) retrieved from /home/airflow/.local/lib/python3.7/site-packages/airflow/example_dags/example_branch_labels.py
[2023-06-04T01:00:50.429+0000] {logging_mixin.py:117} INFO - [2023-06-04T01:00:50.429+0000] {dag.py:2573} INFO - Sync 1 DAGs
[2023-06-04T01:00:50.464+0000] {logging_mixin.py:117} INFO - [2023-06-04T01:00:50.464+0000] {dag.py:3328} INFO - Setting next_dagrun for example_branch_labels to 2023-06-03T00:00:00+00:00, run_after=2023-06-04T00:00:00+00:00
[2023-06-04T01:00:50.519+0000] {processor.py:178} INFO - Processing /home/airflow/.local/lib/python3.7/site-packages/airflow/example_dags/example_branch_labels.py took 0.174 seconds
[2023-06-04T01:01:20.554+0000] {processor.py:156} INFO - Started process (PID=252) to work on /home/airflow/.local/lib/python3.7/site-packages/airflow/example_dags/example_branch_labels.py
[2023-06-04T01:01:20.556+0000] {processor.py:758} INFO - Processing file /home/airflow/.local/lib/python3.7/site-packages/airflow/example_dags/example_branch_labels.py for tasks to queue
[2023-06-04T01:01:20.559+0000] {logging_mixin.py:117} INFO - [2023-06-04T01:01:20.558+0000] {dagbag.py:525} INFO - Filling up the DagBag from /home/airflow/.local/lib/python3.7/site-packages/airflow/example_dags/example_branch_labels.py
[2023-06-04T01:01:20.581+0000] {processor.py:768} INFO - DAG(s) dict_keys(['example_branch_labels']) retrieved from /home/airflow/.local/lib/python3.7/site-packages/airflow/example_dags/example_branch_labels.py
[2023-06-04T01:01:20.633+0000] {logging_mixin.py:117} INFO - [2023-06-04T01:01:20.633+0000] {dag.py:2573} INFO - Sync 1 DAGs
[2023-06-04T01:01:20.668+0000] {logging_mixin.py:117} INFO - [2023-06-04T01:01:20.667+0000] {dag.py:3328} INFO - Setting next_dagrun for example_branch_labels to 2023-06-03T00:00:00+00:00, run_after=2023-06-04T00:00:00+00:00
[2023-06-04T01:01:20.691+0000] {processor.py:178} INFO - Processing /home/airflow/.local/lib/python3.7/site-packages/airflow/example_dags/example_branch_labels.py took 0.141 seconds
[2023-06-04T01:01:50.935+0000] {processor.py:156} INFO - Started process (PID=306) to work on /home/airflow/.local/lib/python3.7/site-packages/airflow/example_dags/example_branch_labels.py
[2023-06-04T01:01:50.938+0000] {processor.py:758} INFO - Processing file /home/airflow/.local/lib/python3.7/site-packages/airflow/example_dags/example_branch_labels.py for tasks to queue
[2023-06-04T01:01:50.940+0000] {logging_mixin.py:117} INFO - [2023-06-04T01:01:50.940+0000] {dagbag.py:525} INFO - Filling up the DagBag from /home/airflow/.local/lib/python3.7/site-packages/airflow/example_dags/example_branch_labels.py
[2023-06-04T01:01:50.962+0000] {processor.py:768} INFO - DAG(s) dict_keys(['example_branch_labels']) retrieved from /home/airflow/.local/lib/python3.7/site-packages/airflow/example_dags/example_branch_labels.py
[2023-06-04T01:01:51.021+0000] {logging_mixin.py:117} INFO - [2023-06-04T01:01:51.021+0000] {dag.py:2573} INFO - Sync 1 DAGs
[2023-06-04T01:01:51.062+0000] {logging_mixin.py:117} INFO - [2023-06-04T01:01:51.062+0000] {dag.py:3328} INFO - Setting next_dagrun for example_branch_labels to 2023-06-03T00:00:00+00:00, run_after=2023-06-04T00:00:00+00:00
[2023-06-04T01:01:51.089+0000] {processor.py:178} INFO - Processing /home/airflow/.local/lib/python3.7/site-packages/airflow/example_dags/example_branch_labels.py took 0.159 seconds
[2023-06-04T01:02:21.366+0000] {processor.py:156} INFO - Started process (PID=369) to work on /home/airflow/.local/lib/python3.7/site-packages/airflow/example_dags/example_branch_labels.py
[2023-06-04T01:02:21.368+0000] {processor.py:758} INFO - Processing file /home/airflow/.local/lib/python3.7/site-packages/airflow/example_dags/example_branch_labels.py for tasks to queue
[2023-06-04T01:02:21.371+0000] {logging_mixin.py:117} INFO - [2023-06-04T01:02:21.370+0000] {dagbag.py:525} INFO - Filling up the DagBag from /home/airflow/.local/lib/python3.7/site-packages/airflow/example_dags/example_branch_labels.py
[2023-06-04T01:02:21.399+0000] {processor.py:768} INFO - DAG(s) dict_keys(['example_branch_labels']) retrieved from /home/airflow/.local/lib/python3.7/site-packages/airflow/example_dags/example_branch_labels.py
[2023-06-04T01:02:21.465+0000] {logging_mixin.py:117} INFO - [2023-06-04T01:02:21.465+0000] {dag.py:2573} INFO - Sync 1 DAGs
[2023-06-04T01:02:21.509+0000] {logging_mixin.py:117} INFO - [2023-06-04T01:02:21.509+0000] {dag.py:3328} INFO - Setting next_dagrun for example_branch_labels to 2023-06-03T00:00:00+00:00, run_after=2023-06-04T00:00:00+00:00
[2023-06-04T01:02:21.535+0000] {processor.py:178} INFO - Processing /home/airflow/.local/lib/python3.7/site-packages/airflow/example_dags/example_branch_labels.py took 0.176 seconds
[2023-06-04T01:02:51.575+0000] {processor.py:156} INFO - Started process (PID=432) to work on /home/airflow/.local/lib/python3.7/site-packages/airflow/example_dags/example_branch_labels.py
[2023-06-04T01:02:51.576+0000] {processor.py:758} INFO - Processing file /home/airflow/.local/lib/python3.7/site-packages/airflow/example_dags/example_branch_labels.py for tasks to queue
[2023-06-04T01:02:51.578+0000] {logging_mixin.py:117} INFO - [2023-06-04T01:02:51.578+0000] {dagbag.py:525} INFO - Filling up the DagBag from /home/airflow/.local/lib/python3.7/site-packages/airflow/example_dags/example_branch_labels.py
[2023-06-04T01:02:51.599+0000] {processor.py:768} INFO - DAG(s) dict_keys(['example_branch_labels']) retrieved from /home/airflow/.local/lib/python3.7/site-packages/airflow/example_dags/example_branch_labels.py
[2023-06-04T01:02:51.653+0000] {logging_mixin.py:117} INFO - [2023-06-04T01:02:51.653+0000] {dag.py:2573} INFO - Sync 1 DAGs
[2023-06-04T01:02:51.686+0000] {logging_mixin.py:117} INFO - [2023-06-04T01:02:51.686+0000] {dag.py:3328} INFO - Setting next_dagrun for example_branch_labels to 2023-06-03T00:00:00+00:00, run_after=2023-06-04T00:00:00+00:00
[2023-06-04T01:02:51.707+0000] {processor.py:178} INFO - Processing /home/airflow/.local/lib/python3.7/site-packages/airflow/example_dags/example_branch_labels.py took 0.136 seconds
[2023-06-04T01:03:22.331+0000] {processor.py:156} INFO - Started process (PID=486) to work on /home/airflow/.local/lib/python3.7/site-packages/airflow/example_dags/example_branch_labels.py
[2023-06-04T01:03:22.334+0000] {processor.py:758} INFO - Processing file /home/airflow/.local/lib/python3.7/site-packages/airflow/example_dags/example_branch_labels.py for tasks to queue
[2023-06-04T01:03:22.337+0000] {logging_mixin.py:117} INFO - [2023-06-04T01:03:22.336+0000] {dagbag.py:525} INFO - Filling up the DagBag from /home/airflow/.local/lib/python3.7/site-packages/airflow/example_dags/example_branch_labels.py
[2023-06-04T01:03:22.363+0000] {processor.py:768} INFO - DAG(s) dict_keys(['example_branch_labels']) retrieved from /home/airflow/.local/lib/python3.7/site-packages/airflow/example_dags/example_branch_labels.py
[2023-06-04T01:03:22.439+0000] {logging_mixin.py:117} INFO - [2023-06-04T01:03:22.439+0000] {dag.py:2573} INFO - Sync 1 DAGs
[2023-06-04T01:03:22.493+0000] {logging_mixin.py:117} INFO - [2023-06-04T01:03:22.493+0000] {dag.py:3328} INFO - Setting next_dagrun for example_branch_labels to 2023-06-03T00:00:00+00:00, run_after=2023-06-04T00:00:00+00:00
[2023-06-04T01:03:22.542+0000] {processor.py:178} INFO - Processing /home/airflow/.local/lib/python3.7/site-packages/airflow/example_dags/example_branch_labels.py took 0.216 seconds
[2023-06-04T01:03:53.384+0000] {processor.py:156} INFO - Started process (PID=549) to work on /home/airflow/.local/lib/python3.7/site-packages/airflow/example_dags/example_branch_labels.py
[2023-06-04T01:03:53.387+0000] {processor.py:758} INFO - Processing file /home/airflow/.local/lib/python3.7/site-packages/airflow/example_dags/example_branch_labels.py for tasks to queue
[2023-06-04T01:03:53.388+0000] {logging_mixin.py:117} INFO - [2023-06-04T01:03:53.388+0000] {dagbag.py:525} INFO - Filling up the DagBag from /home/airflow/.local/lib/python3.7/site-packages/airflow/example_dags/example_branch_labels.py
[2023-06-04T01:03:53.411+0000] {processor.py:768} INFO - DAG(s) dict_keys(['example_branch_labels']) retrieved from /home/airflow/.local/lib/python3.7/site-packages/airflow/example_dags/example_branch_labels.py
[2023-06-04T01:03:53.464+0000] {logging_mixin.py:117} INFO - [2023-06-04T01:03:53.464+0000] {dag.py:2573} INFO - Sync 1 DAGs
[2023-06-04T01:03:53.495+0000] {logging_mixin.py:117} INFO - [2023-06-04T01:03:53.495+0000] {dag.py:3328} INFO - Setting next_dagrun for example_branch_labels to 2023-06-03T00:00:00+00:00, run_after=2023-06-04T00:00:00+00:00
[2023-06-04T01:03:53.515+0000] {processor.py:178} INFO - Processing /home/airflow/.local/lib/python3.7/site-packages/airflow/example_dags/example_branch_labels.py took 0.134 seconds
[2023-06-04T01:04:23.972+0000] {processor.py:156} INFO - Started process (PID=612) to work on /home/airflow/.local/lib/python3.7/site-packages/airflow/example_dags/example_branch_labels.py
[2023-06-04T01:04:23.973+0000] {processor.py:758} INFO - Processing file /home/airflow/.local/lib/python3.7/site-packages/airflow/example_dags/example_branch_labels.py for tasks to queue
[2023-06-04T01:04:23.975+0000] {logging_mixin.py:117} INFO - [2023-06-04T01:04:23.975+0000] {dagbag.py:525} INFO - Filling up the DagBag from /home/airflow/.local/lib/python3.7/site-packages/airflow/example_dags/example_branch_labels.py
[2023-06-04T01:04:23.998+0000] {processor.py:768} INFO - DAG(s) dict_keys(['example_branch_labels']) retrieved from /home/airflow/.local/lib/python3.7/site-packages/airflow/example_dags/example_branch_labels.py
[2023-06-04T01:04:24.060+0000] {logging_mixin.py:117} INFO - [2023-06-04T01:04:24.060+0000] {dag.py:2573} INFO - Sync 1 DAGs
[2023-06-04T01:04:24.091+0000] {logging_mixin.py:117} INFO - [2023-06-04T01:04:24.091+0000] {dag.py:3328} INFO - Setting next_dagrun for example_branch_labels to 2023-06-03T00:00:00+00:00, run_after=2023-06-04T00:00:00+00:00
[2023-06-04T01:04:24.109+0000] {processor.py:178} INFO - Processing /home/airflow/.local/lib/python3.7/site-packages/airflow/example_dags/example_branch_labels.py took 0.143 seconds
[2023-06-04T01:04:54.786+0000] {processor.py:156} INFO - Started process (PID=667) to work on /home/airflow/.local/lib/python3.7/site-packages/airflow/example_dags/example_branch_labels.py
[2023-06-04T01:04:54.789+0000] {processor.py:758} INFO - Processing file /home/airflow/.local/lib/python3.7/site-packages/airflow/example_dags/example_branch_labels.py for tasks to queue
[2023-06-04T01:04:54.791+0000] {logging_mixin.py:117} INFO - [2023-06-04T01:04:54.791+0000] {dagbag.py:525} INFO - Filling up the DagBag from /home/airflow/.local/lib/python3.7/site-packages/airflow/example_dags/example_branch_labels.py
[2023-06-04T01:04:54.819+0000] {processor.py:768} INFO - DAG(s) dict_keys(['example_branch_labels']) retrieved from /home/airflow/.local/lib/python3.7/site-packages/airflow/example_dags/example_branch_labels.py
[2023-06-04T01:04:54.882+0000] {logging_mixin.py:117} INFO - [2023-06-04T01:04:54.882+0000] {dag.py:2573} INFO - Sync 1 DAGs
[2023-06-04T01:04:54.922+0000] {logging_mixin.py:117} INFO - [2023-06-04T01:04:54.922+0000] {dag.py:3328} INFO - Setting next_dagrun for example_branch_labels to 2023-06-03T00:00:00+00:00, run_after=2023-06-04T00:00:00+00:00
[2023-06-04T01:04:54.955+0000] {processor.py:178} INFO - Processing /home/airflow/.local/lib/python3.7/site-packages/airflow/example_dags/example_branch_labels.py took 0.172 seconds
[2023-06-04T01:05:59.573+0000] {processor.py:156} INFO - Started process (PID=74) to work on /home/airflow/.local/lib/python3.7/site-packages/airflow/example_dags/example_branch_labels.py
[2023-06-04T01:05:59.576+0000] {processor.py:758} INFO - Processing file /home/airflow/.local/lib/python3.7/site-packages/airflow/example_dags/example_branch_labels.py for tasks to queue
[2023-06-04T01:05:59.578+0000] {logging_mixin.py:117} INFO - [2023-06-04T01:05:59.577+0000] {dagbag.py:525} INFO - Filling up the DagBag from /home/airflow/.local/lib/python3.7/site-packages/airflow/example_dags/example_branch_labels.py
[2023-06-04T01:05:59.603+0000] {processor.py:768} INFO - DAG(s) dict_keys(['example_branch_labels']) retrieved from /home/airflow/.local/lib/python3.7/site-packages/airflow/example_dags/example_branch_labels.py
[2023-06-04T01:05:59.646+0000] {logging_mixin.py:117} INFO - [2023-06-04T01:05:59.646+0000] {dag.py:2573} INFO - Sync 1 DAGs
[2023-06-04T01:05:59.692+0000] {logging_mixin.py:117} INFO - [2023-06-04T01:05:59.692+0000] {dag.py:3328} INFO - Setting next_dagrun for example_branch_labels to 2023-06-03T00:00:00+00:00, run_after=2023-06-04T00:00:00+00:00
[2023-06-04T01:05:59.724+0000] {processor.py:178} INFO - Processing /home/airflow/.local/lib/python3.7/site-packages/airflow/example_dags/example_branch_labels.py took 0.156 seconds
[2023-06-04T01:06:30.367+0000] {processor.py:156} INFO - Started process (PID=129) to work on /home/airflow/.local/lib/python3.7/site-packages/airflow/example_dags/example_branch_labels.py
[2023-06-04T01:06:30.369+0000] {processor.py:758} INFO - Processing file /home/airflow/.local/lib/python3.7/site-packages/airflow/example_dags/example_branch_labels.py for tasks to queue
[2023-06-04T01:06:30.371+0000] {logging_mixin.py:117} INFO - [2023-06-04T01:06:30.371+0000] {dagbag.py:525} INFO - Filling up the DagBag from /home/airflow/.local/lib/python3.7/site-packages/airflow/example_dags/example_branch_labels.py
[2023-06-04T01:06:30.391+0000] {processor.py:768} INFO - DAG(s) dict_keys(['example_branch_labels']) retrieved from /home/airflow/.local/lib/python3.7/site-packages/airflow/example_dags/example_branch_labels.py
[2023-06-04T01:06:30.439+0000] {logging_mixin.py:117} INFO - [2023-06-04T01:06:30.439+0000] {dag.py:2573} INFO - Sync 1 DAGs
[2023-06-04T01:06:30.469+0000] {logging_mixin.py:117} INFO - [2023-06-04T01:06:30.469+0000] {dag.py:3328} INFO - Setting next_dagrun for example_branch_labels to 2023-06-03T00:00:00+00:00, run_after=2023-06-04T00:00:00+00:00
[2023-06-04T01:06:30.493+0000] {processor.py:178} INFO - Processing /home/airflow/.local/lib/python3.7/site-packages/airflow/example_dags/example_branch_labels.py took 0.130 seconds
[2023-06-04T01:07:01.165+0000] {processor.py:156} INFO - Started process (PID=195) to work on /home/airflow/.local/lib/python3.7/site-packages/airflow/example_dags/example_branch_labels.py
[2023-06-04T01:07:01.167+0000] {processor.py:758} INFO - Processing file /home/airflow/.local/lib/python3.7/site-packages/airflow/example_dags/example_branch_labels.py for tasks to queue
[2023-06-04T01:07:01.169+0000] {logging_mixin.py:117} INFO - [2023-06-04T01:07:01.169+0000] {dagbag.py:525} INFO - Filling up the DagBag from /home/airflow/.local/lib/python3.7/site-packages/airflow/example_dags/example_branch_labels.py
[2023-06-04T01:07:01.190+0000] {processor.py:768} INFO - DAG(s) dict_keys(['example_branch_labels']) retrieved from /home/airflow/.local/lib/python3.7/site-packages/airflow/example_dags/example_branch_labels.py
[2023-06-04T01:07:01.235+0000] {logging_mixin.py:117} INFO - [2023-06-04T01:07:01.235+0000] {dag.py:2573} INFO - Sync 1 DAGs
[2023-06-04T01:07:01.264+0000] {logging_mixin.py:117} INFO - [2023-06-04T01:07:01.264+0000] {dag.py:3328} INFO - Setting next_dagrun for example_branch_labels to 2023-06-03T00:00:00+00:00, run_after=2023-06-04T00:00:00+00:00
[2023-06-04T01:07:01.283+0000] {processor.py:178} INFO - Processing /home/airflow/.local/lib/python3.7/site-packages/airflow/example_dags/example_branch_labels.py took 0.123 seconds
[2023-06-04T01:07:31.980+0000] {processor.py:156} INFO - Started process (PID=259) to work on /home/airflow/.local/lib/python3.7/site-packages/airflow/example_dags/example_branch_labels.py
[2023-06-04T01:07:31.982+0000] {processor.py:758} INFO - Processing file /home/airflow/.local/lib/python3.7/site-packages/airflow/example_dags/example_branch_labels.py for tasks to queue
[2023-06-04T01:07:31.983+0000] {logging_mixin.py:117} INFO - [2023-06-04T01:07:31.983+0000] {dagbag.py:525} INFO - Filling up the DagBag from /home/airflow/.local/lib/python3.7/site-packages/airflow/example_dags/example_branch_labels.py
[2023-06-04T01:07:32.002+0000] {processor.py:768} INFO - DAG(s) dict_keys(['example_branch_labels']) retrieved from /home/airflow/.local/lib/python3.7/site-packages/airflow/example_dags/example_branch_labels.py
[2023-06-04T01:07:32.046+0000] {logging_mixin.py:117} INFO - [2023-06-04T01:07:32.046+0000] {dag.py:2573} INFO - Sync 1 DAGs
[2023-06-04T01:07:32.076+0000] {logging_mixin.py:117} INFO - [2023-06-04T01:07:32.075+0000] {dag.py:3328} INFO - Setting next_dagrun for example_branch_labels to 2023-06-03T00:00:00+00:00, run_after=2023-06-04T00:00:00+00:00
[2023-06-04T01:07:32.094+0000] {processor.py:178} INFO - Processing /home/airflow/.local/lib/python3.7/site-packages/airflow/example_dags/example_branch_labels.py took 0.119 seconds
[2023-06-04T01:08:02.613+0000] {processor.py:156} INFO - Started process (PID=322) to work on /home/airflow/.local/lib/python3.7/site-packages/airflow/example_dags/example_branch_labels.py
[2023-06-04T01:08:02.615+0000] {processor.py:758} INFO - Processing file /home/airflow/.local/lib/python3.7/site-packages/airflow/example_dags/example_branch_labels.py for tasks to queue
[2023-06-04T01:08:02.617+0000] {logging_mixin.py:117} INFO - [2023-06-04T01:08:02.616+0000] {dagbag.py:525} INFO - Filling up the DagBag from /home/airflow/.local/lib/python3.7/site-packages/airflow/example_dags/example_branch_labels.py
[2023-06-04T01:08:02.638+0000] {processor.py:768} INFO - DAG(s) dict_keys(['example_branch_labels']) retrieved from /home/airflow/.local/lib/python3.7/site-packages/airflow/example_dags/example_branch_labels.py
[2023-06-04T01:08:02.690+0000] {logging_mixin.py:117} INFO - [2023-06-04T01:08:02.689+0000] {dag.py:2573} INFO - Sync 1 DAGs
[2023-06-04T01:08:02.726+0000] {logging_mixin.py:117} INFO - [2023-06-04T01:08:02.726+0000] {dag.py:3328} INFO - Setting next_dagrun for example_branch_labels to 2023-06-03T00:00:00+00:00, run_after=2023-06-04T00:00:00+00:00
[2023-06-04T01:08:02.750+0000] {processor.py:178} INFO - Processing /home/airflow/.local/lib/python3.7/site-packages/airflow/example_dags/example_branch_labels.py took 0.141 seconds
[2023-06-04T01:08:33.294+0000] {processor.py:156} INFO - Started process (PID=377) to work on /home/airflow/.local/lib/python3.7/site-packages/airflow/example_dags/example_branch_labels.py
[2023-06-04T01:08:33.296+0000] {processor.py:758} INFO - Processing file /home/airflow/.local/lib/python3.7/site-packages/airflow/example_dags/example_branch_labels.py for tasks to queue
[2023-06-04T01:08:33.298+0000] {logging_mixin.py:117} INFO - [2023-06-04T01:08:33.298+0000] {dagbag.py:525} INFO - Filling up the DagBag from /home/airflow/.local/lib/python3.7/site-packages/airflow/example_dags/example_branch_labels.py
[2023-06-04T01:08:33.319+0000] {processor.py:768} INFO - DAG(s) dict_keys(['example_branch_labels']) retrieved from /home/airflow/.local/lib/python3.7/site-packages/airflow/example_dags/example_branch_labels.py
[2023-06-04T01:08:33.373+0000] {logging_mixin.py:117} INFO - [2023-06-04T01:08:33.373+0000] {dag.py:2573} INFO - Sync 1 DAGs
[2023-06-04T01:08:33.410+0000] {logging_mixin.py:117} INFO - [2023-06-04T01:08:33.410+0000] {dag.py:3328} INFO - Setting next_dagrun for example_branch_labels to 2023-06-03T00:00:00+00:00, run_after=2023-06-04T00:00:00+00:00
[2023-06-04T01:08:33.432+0000] {processor.py:178} INFO - Processing /home/airflow/.local/lib/python3.7/site-packages/airflow/example_dags/example_branch_labels.py took 0.142 seconds
[2023-06-04T01:09:04.240+0000] {processor.py:156} INFO - Started process (PID=441) to work on /home/airflow/.local/lib/python3.7/site-packages/airflow/example_dags/example_branch_labels.py
[2023-06-04T01:09:04.244+0000] {processor.py:758} INFO - Processing file /home/airflow/.local/lib/python3.7/site-packages/airflow/example_dags/example_branch_labels.py for tasks to queue
[2023-06-04T01:09:04.246+0000] {logging_mixin.py:117} INFO - [2023-06-04T01:09:04.246+0000] {dagbag.py:525} INFO - Filling up the DagBag from /home/airflow/.local/lib/python3.7/site-packages/airflow/example_dags/example_branch_labels.py
[2023-06-04T01:09:04.268+0000] {processor.py:768} INFO - DAG(s) dict_keys(['example_branch_labels']) retrieved from /home/airflow/.local/lib/python3.7/site-packages/airflow/example_dags/example_branch_labels.py
[2023-06-04T01:09:04.323+0000] {logging_mixin.py:117} INFO - [2023-06-04T01:09:04.323+0000] {dag.py:2573} INFO - Sync 1 DAGs
[2023-06-04T01:09:04.360+0000] {logging_mixin.py:117} INFO - [2023-06-04T01:09:04.360+0000] {dag.py:3328} INFO - Setting next_dagrun for example_branch_labels to 2023-06-03T00:00:00+00:00, run_after=2023-06-04T00:00:00+00:00
[2023-06-04T01:09:04.384+0000] {processor.py:178} INFO - Processing /home/airflow/.local/lib/python3.7/site-packages/airflow/example_dags/example_branch_labels.py took 0.149 seconds
[2023-06-04T01:09:35.305+0000] {processor.py:156} INFO - Started process (PID=505) to work on /home/airflow/.local/lib/python3.7/site-packages/airflow/example_dags/example_branch_labels.py
[2023-06-04T01:09:35.307+0000] {processor.py:758} INFO - Processing file /home/airflow/.local/lib/python3.7/site-packages/airflow/example_dags/example_branch_labels.py for tasks to queue
[2023-06-04T01:09:35.309+0000] {logging_mixin.py:117} INFO - [2023-06-04T01:09:35.308+0000] {dagbag.py:525} INFO - Filling up the DagBag from /home/airflow/.local/lib/python3.7/site-packages/airflow/example_dags/example_branch_labels.py
[2023-06-04T01:09:35.330+0000] {processor.py:768} INFO - DAG(s) dict_keys(['example_branch_labels']) retrieved from /home/airflow/.local/lib/python3.7/site-packages/airflow/example_dags/example_branch_labels.py
[2023-06-04T01:09:35.384+0000] {logging_mixin.py:117} INFO - [2023-06-04T01:09:35.384+0000] {dag.py:2573} INFO - Sync 1 DAGs
[2023-06-04T01:09:35.423+0000] {logging_mixin.py:117} INFO - [2023-06-04T01:09:35.423+0000] {dag.py:3328} INFO - Setting next_dagrun for example_branch_labels to 2023-06-03T00:00:00+00:00, run_after=2023-06-04T00:00:00+00:00
[2023-06-04T01:09:35.447+0000] {processor.py:178} INFO - Processing /home/airflow/.local/lib/python3.7/site-packages/airflow/example_dags/example_branch_labels.py took 0.148 seconds
[2023-06-04T01:10:06.303+0000] {processor.py:156} INFO - Started process (PID=568) to work on /home/airflow/.local/lib/python3.7/site-packages/airflow/example_dags/example_branch_labels.py
[2023-06-04T01:10:06.305+0000] {processor.py:758} INFO - Processing file /home/airflow/.local/lib/python3.7/site-packages/airflow/example_dags/example_branch_labels.py for tasks to queue
[2023-06-04T01:10:06.307+0000] {logging_mixin.py:117} INFO - [2023-06-04T01:10:06.307+0000] {dagbag.py:525} INFO - Filling up the DagBag from /home/airflow/.local/lib/python3.7/site-packages/airflow/example_dags/example_branch_labels.py
[2023-06-04T01:10:06.327+0000] {processor.py:768} INFO - DAG(s) dict_keys(['example_branch_labels']) retrieved from /home/airflow/.local/lib/python3.7/site-packages/airflow/example_dags/example_branch_labels.py
[2023-06-04T01:10:06.385+0000] {logging_mixin.py:117} INFO - [2023-06-04T01:10:06.384+0000] {dag.py:2573} INFO - Sync 1 DAGs
[2023-06-04T01:10:06.418+0000] {logging_mixin.py:117} INFO - [2023-06-04T01:10:06.418+0000] {dag.py:3328} INFO - Setting next_dagrun for example_branch_labels to 2023-06-03T00:00:00+00:00, run_after=2023-06-04T00:00:00+00:00
[2023-06-04T01:10:06.441+0000] {processor.py:178} INFO - Processing /home/airflow/.local/lib/python3.7/site-packages/airflow/example_dags/example_branch_labels.py took 0.143 seconds
[2023-06-04T01:10:36.747+0000] {processor.py:156} INFO - Started process (PID=625) to work on /home/airflow/.local/lib/python3.7/site-packages/airflow/example_dags/example_branch_labels.py
[2023-06-04T01:10:36.749+0000] {processor.py:758} INFO - Processing file /home/airflow/.local/lib/python3.7/site-packages/airflow/example_dags/example_branch_labels.py for tasks to queue
[2023-06-04T01:10:36.750+0000] {logging_mixin.py:117} INFO - [2023-06-04T01:10:36.750+0000] {dagbag.py:525} INFO - Filling up the DagBag from /home/airflow/.local/lib/python3.7/site-packages/airflow/example_dags/example_branch_labels.py
[2023-06-04T01:10:36.770+0000] {processor.py:768} INFO - DAG(s) dict_keys(['example_branch_labels']) retrieved from /home/airflow/.local/lib/python3.7/site-packages/airflow/example_dags/example_branch_labels.py
[2023-06-04T01:10:36.814+0000] {logging_mixin.py:117} INFO - [2023-06-04T01:10:36.814+0000] {dag.py:2573} INFO - Sync 1 DAGs
[2023-06-04T01:10:36.843+0000] {logging_mixin.py:117} INFO - [2023-06-04T01:10:36.843+0000] {dag.py:3328} INFO - Setting next_dagrun for example_branch_labels to 2023-06-03T00:00:00+00:00, run_after=2023-06-04T00:00:00+00:00
[2023-06-04T01:10:36.863+0000] {processor.py:178} INFO - Processing /home/airflow/.local/lib/python3.7/site-packages/airflow/example_dags/example_branch_labels.py took 0.121 seconds
[2023-06-04T01:11:07.236+0000] {processor.py:156} INFO - Started process (PID=689) to work on /home/airflow/.local/lib/python3.7/site-packages/airflow/example_dags/example_branch_labels.py
[2023-06-04T01:11:07.238+0000] {processor.py:758} INFO - Processing file /home/airflow/.local/lib/python3.7/site-packages/airflow/example_dags/example_branch_labels.py for tasks to queue
[2023-06-04T01:11:07.239+0000] {logging_mixin.py:117} INFO - [2023-06-04T01:11:07.239+0000] {dagbag.py:525} INFO - Filling up the DagBag from /home/airflow/.local/lib/python3.7/site-packages/airflow/example_dags/example_branch_labels.py
[2023-06-04T01:11:07.258+0000] {processor.py:768} INFO - DAG(s) dict_keys(['example_branch_labels']) retrieved from /home/airflow/.local/lib/python3.7/site-packages/airflow/example_dags/example_branch_labels.py
[2023-06-04T01:11:07.306+0000] {logging_mixin.py:117} INFO - [2023-06-04T01:11:07.305+0000] {dag.py:2573} INFO - Sync 1 DAGs
[2023-06-04T01:11:07.370+0000] {logging_mixin.py:117} INFO - [2023-06-04T01:11:07.370+0000] {dag.py:3328} INFO - Setting next_dagrun for example_branch_labels to 2023-06-03T00:00:00+00:00, run_after=2023-06-04T00:00:00+00:00
[2023-06-04T01:11:07.392+0000] {processor.py:178} INFO - Processing /home/airflow/.local/lib/python3.7/site-packages/airflow/example_dags/example_branch_labels.py took 0.160 seconds
[2023-06-04T01:11:38.495+0000] {processor.py:156} INFO - Started process (PID=753) to work on /home/airflow/.local/lib/python3.7/site-packages/airflow/example_dags/example_branch_labels.py
[2023-06-04T01:11:38.497+0000] {processor.py:758} INFO - Processing file /home/airflow/.local/lib/python3.7/site-packages/airflow/example_dags/example_branch_labels.py for tasks to queue
[2023-06-04T01:11:38.500+0000] {logging_mixin.py:117} INFO - [2023-06-04T01:11:38.499+0000] {dagbag.py:525} INFO - Filling up the DagBag from /home/airflow/.local/lib/python3.7/site-packages/airflow/example_dags/example_branch_labels.py
[2023-06-04T01:11:38.522+0000] {processor.py:768} INFO - DAG(s) dict_keys(['example_branch_labels']) retrieved from /home/airflow/.local/lib/python3.7/site-packages/airflow/example_dags/example_branch_labels.py
[2023-06-04T01:11:38.581+0000] {logging_mixin.py:117} INFO - [2023-06-04T01:11:38.581+0000] {dag.py:2573} INFO - Sync 1 DAGs
[2023-06-04T01:11:38.616+0000] {logging_mixin.py:117} INFO - [2023-06-04T01:11:38.616+0000] {dag.py:3328} INFO - Setting next_dagrun for example_branch_labels to 2023-06-03T00:00:00+00:00, run_after=2023-06-04T00:00:00+00:00
[2023-06-04T01:11:38.641+0000] {processor.py:178} INFO - Processing /home/airflow/.local/lib/python3.7/site-packages/airflow/example_dags/example_branch_labels.py took 0.151 seconds
[2023-06-04T01:12:08.836+0000] {processor.py:156} INFO - Started process (PID=807) to work on /home/airflow/.local/lib/python3.7/site-packages/airflow/example_dags/example_branch_labels.py
[2023-06-04T01:12:08.838+0000] {processor.py:758} INFO - Processing file /home/airflow/.local/lib/python3.7/site-packages/airflow/example_dags/example_branch_labels.py for tasks to queue
[2023-06-04T01:12:08.840+0000] {logging_mixin.py:117} INFO - [2023-06-04T01:12:08.840+0000] {dagbag.py:525} INFO - Filling up the DagBag from /home/airflow/.local/lib/python3.7/site-packages/airflow/example_dags/example_branch_labels.py
[2023-06-04T01:12:08.862+0000] {processor.py:768} INFO - DAG(s) dict_keys(['example_branch_labels']) retrieved from /home/airflow/.local/lib/python3.7/site-packages/airflow/example_dags/example_branch_labels.py
[2023-06-04T01:12:08.914+0000] {logging_mixin.py:117} INFO - [2023-06-04T01:12:08.914+0000] {dag.py:2573} INFO - Sync 1 DAGs
[2023-06-04T01:12:08.946+0000] {logging_mixin.py:117} INFO - [2023-06-04T01:12:08.946+0000] {dag.py:3328} INFO - Setting next_dagrun for example_branch_labels to 2023-06-03T00:00:00+00:00, run_after=2023-06-04T00:00:00+00:00
[2023-06-04T01:12:08.965+0000] {processor.py:178} INFO - Processing /home/airflow/.local/lib/python3.7/site-packages/airflow/example_dags/example_branch_labels.py took 0.133 seconds
[2023-06-04T01:12:39.152+0000] {processor.py:156} INFO - Started process (PID=871) to work on /home/airflow/.local/lib/python3.7/site-packages/airflow/example_dags/example_branch_labels.py
[2023-06-04T01:12:39.154+0000] {processor.py:758} INFO - Processing file /home/airflow/.local/lib/python3.7/site-packages/airflow/example_dags/example_branch_labels.py for tasks to queue
[2023-06-04T01:12:39.156+0000] {logging_mixin.py:117} INFO - [2023-06-04T01:12:39.156+0000] {dagbag.py:525} INFO - Filling up the DagBag from /home/airflow/.local/lib/python3.7/site-packages/airflow/example_dags/example_branch_labels.py
[2023-06-04T01:12:39.177+0000] {processor.py:768} INFO - DAG(s) dict_keys(['example_branch_labels']) retrieved from /home/airflow/.local/lib/python3.7/site-packages/airflow/example_dags/example_branch_labels.py
[2023-06-04T01:12:39.230+0000] {logging_mixin.py:117} INFO - [2023-06-04T01:12:39.229+0000] {dag.py:2573} INFO - Sync 1 DAGs
[2023-06-04T01:12:39.271+0000] {logging_mixin.py:117} INFO - [2023-06-04T01:12:39.270+0000] {dag.py:3328} INFO - Setting next_dagrun for example_branch_labels to 2023-06-03T00:00:00+00:00, run_after=2023-06-04T00:00:00+00:00
[2023-06-04T01:12:39.297+0000] {processor.py:178} INFO - Processing /home/airflow/.local/lib/python3.7/site-packages/airflow/example_dags/example_branch_labels.py took 0.150 seconds
[2023-06-04T01:13:09.534+0000] {processor.py:156} INFO - Started process (PID=935) to work on /home/airflow/.local/lib/python3.7/site-packages/airflow/example_dags/example_branch_labels.py
[2023-06-04T01:13:09.536+0000] {processor.py:758} INFO - Processing file /home/airflow/.local/lib/python3.7/site-packages/airflow/example_dags/example_branch_labels.py for tasks to queue
[2023-06-04T01:13:09.539+0000] {logging_mixin.py:117} INFO - [2023-06-04T01:13:09.538+0000] {dagbag.py:525} INFO - Filling up the DagBag from /home/airflow/.local/lib/python3.7/site-packages/airflow/example_dags/example_branch_labels.py
[2023-06-04T01:13:09.566+0000] {processor.py:768} INFO - DAG(s) dict_keys(['example_branch_labels']) retrieved from /home/airflow/.local/lib/python3.7/site-packages/airflow/example_dags/example_branch_labels.py
[2023-06-04T01:13:09.622+0000] {logging_mixin.py:117} INFO - [2023-06-04T01:13:09.621+0000] {dag.py:2573} INFO - Sync 1 DAGs
[2023-06-04T01:13:09.659+0000] {logging_mixin.py:117} INFO - [2023-06-04T01:13:09.658+0000] {dag.py:3328} INFO - Setting next_dagrun for example_branch_labels to 2023-06-03T00:00:00+00:00, run_after=2023-06-04T00:00:00+00:00
[2023-06-04T01:13:09.683+0000] {processor.py:178} INFO - Processing /home/airflow/.local/lib/python3.7/site-packages/airflow/example_dags/example_branch_labels.py took 0.154 seconds
[2023-06-04T01:13:39.836+0000] {processor.py:156} INFO - Started process (PID=990) to work on /home/airflow/.local/lib/python3.7/site-packages/airflow/example_dags/example_branch_labels.py
[2023-06-04T01:13:39.838+0000] {processor.py:758} INFO - Processing file /home/airflow/.local/lib/python3.7/site-packages/airflow/example_dags/example_branch_labels.py for tasks to queue
[2023-06-04T01:13:39.840+0000] {logging_mixin.py:117} INFO - [2023-06-04T01:13:39.840+0000] {dagbag.py:525} INFO - Filling up the DagBag from /home/airflow/.local/lib/python3.7/site-packages/airflow/example_dags/example_branch_labels.py
[2023-06-04T01:13:39.864+0000] {processor.py:768} INFO - DAG(s) dict_keys(['example_branch_labels']) retrieved from /home/airflow/.local/lib/python3.7/site-packages/airflow/example_dags/example_branch_labels.py
[2023-06-04T01:13:39.920+0000] {logging_mixin.py:117} INFO - [2023-06-04T01:13:39.920+0000] {dag.py:2573} INFO - Sync 1 DAGs
[2023-06-04T01:13:39.959+0000] {logging_mixin.py:117} INFO - [2023-06-04T01:13:39.959+0000] {dag.py:3328} INFO - Setting next_dagrun for example_branch_labels to 2023-06-03T00:00:00+00:00, run_after=2023-06-04T00:00:00+00:00
[2023-06-04T01:13:39.982+0000] {processor.py:178} INFO - Processing /home/airflow/.local/lib/python3.7/site-packages/airflow/example_dags/example_branch_labels.py took 0.150 seconds
[2023-06-04T01:14:10.586+0000] {processor.py:156} INFO - Started process (PID=1053) to work on /home/airflow/.local/lib/python3.7/site-packages/airflow/example_dags/example_branch_labels.py
[2023-06-04T01:14:10.588+0000] {processor.py:758} INFO - Processing file /home/airflow/.local/lib/python3.7/site-packages/airflow/example_dags/example_branch_labels.py for tasks to queue
[2023-06-04T01:14:10.590+0000] {logging_mixin.py:117} INFO - [2023-06-04T01:14:10.590+0000] {dagbag.py:525} INFO - Filling up the DagBag from /home/airflow/.local/lib/python3.7/site-packages/airflow/example_dags/example_branch_labels.py
[2023-06-04T01:14:10.615+0000] {processor.py:768} INFO - DAG(s) dict_keys(['example_branch_labels']) retrieved from /home/airflow/.local/lib/python3.7/site-packages/airflow/example_dags/example_branch_labels.py
[2023-06-04T01:14:10.698+0000] {logging_mixin.py:117} INFO - [2023-06-04T01:14:10.698+0000] {dag.py:2573} INFO - Sync 1 DAGs
[2023-06-04T01:14:10.742+0000] {logging_mixin.py:117} INFO - [2023-06-04T01:14:10.742+0000] {dag.py:3328} INFO - Setting next_dagrun for example_branch_labels to 2023-06-03T00:00:00+00:00, run_after=2023-06-04T00:00:00+00:00
[2023-06-04T01:14:10.787+0000] {processor.py:178} INFO - Processing /home/airflow/.local/lib/python3.7/site-packages/airflow/example_dags/example_branch_labels.py took 0.205 seconds
[2023-06-04T01:14:41.583+0000] {processor.py:156} INFO - Started process (PID=1116) to work on /home/airflow/.local/lib/python3.7/site-packages/airflow/example_dags/example_branch_labels.py
[2023-06-04T01:14:41.586+0000] {processor.py:758} INFO - Processing file /home/airflow/.local/lib/python3.7/site-packages/airflow/example_dags/example_branch_labels.py for tasks to queue
[2023-06-04T01:14:41.588+0000] {logging_mixin.py:117} INFO - [2023-06-04T01:14:41.587+0000] {dagbag.py:525} INFO - Filling up the DagBag from /home/airflow/.local/lib/python3.7/site-packages/airflow/example_dags/example_branch_labels.py
[2023-06-04T01:14:41.610+0000] {processor.py:768} INFO - DAG(s) dict_keys(['example_branch_labels']) retrieved from /home/airflow/.local/lib/python3.7/site-packages/airflow/example_dags/example_branch_labels.py
[2023-06-04T01:14:41.663+0000] {logging_mixin.py:117} INFO - [2023-06-04T01:14:41.663+0000] {dag.py:2573} INFO - Sync 1 DAGs
[2023-06-04T01:14:41.697+0000] {logging_mixin.py:117} INFO - [2023-06-04T01:14:41.697+0000] {dag.py:3328} INFO - Setting next_dagrun for example_branch_labels to 2023-06-03T00:00:00+00:00, run_after=2023-06-04T00:00:00+00:00
[2023-06-04T01:14:41.719+0000] {processor.py:178} INFO - Processing /home/airflow/.local/lib/python3.7/site-packages/airflow/example_dags/example_branch_labels.py took 0.140 seconds
[2023-06-04T01:15:12.416+0000] {processor.py:156} INFO - Started process (PID=1171) to work on /home/airflow/.local/lib/python3.7/site-packages/airflow/example_dags/example_branch_labels.py
[2023-06-04T01:15:12.418+0000] {processor.py:758} INFO - Processing file /home/airflow/.local/lib/python3.7/site-packages/airflow/example_dags/example_branch_labels.py for tasks to queue
[2023-06-04T01:15:12.421+0000] {logging_mixin.py:117} INFO - [2023-06-04T01:15:12.421+0000] {dagbag.py:525} INFO - Filling up the DagBag from /home/airflow/.local/lib/python3.7/site-packages/airflow/example_dags/example_branch_labels.py
[2023-06-04T01:15:12.449+0000] {processor.py:768} INFO - DAG(s) dict_keys(['example_branch_labels']) retrieved from /home/airflow/.local/lib/python3.7/site-packages/airflow/example_dags/example_branch_labels.py
[2023-06-04T01:15:12.519+0000] {logging_mixin.py:117} INFO - [2023-06-04T01:15:12.519+0000] {dag.py:2573} INFO - Sync 1 DAGs
[2023-06-04T01:15:12.566+0000] {logging_mixin.py:117} INFO - [2023-06-04T01:15:12.566+0000] {dag.py:3328} INFO - Setting next_dagrun for example_branch_labels to 2023-06-03T00:00:00+00:00, run_after=2023-06-04T00:00:00+00:00
[2023-06-04T01:15:12.602+0000] {processor.py:178} INFO - Processing /home/airflow/.local/lib/python3.7/site-packages/airflow/example_dags/example_branch_labels.py took 0.192 seconds
[2023-06-04T01:15:42.802+0000] {processor.py:156} INFO - Started process (PID=1235) to work on /home/airflow/.local/lib/python3.7/site-packages/airflow/example_dags/example_branch_labels.py
[2023-06-04T01:15:42.804+0000] {processor.py:758} INFO - Processing file /home/airflow/.local/lib/python3.7/site-packages/airflow/example_dags/example_branch_labels.py for tasks to queue
[2023-06-04T01:15:42.805+0000] {logging_mixin.py:117} INFO - [2023-06-04T01:15:42.805+0000] {dagbag.py:525} INFO - Filling up the DagBag from /home/airflow/.local/lib/python3.7/site-packages/airflow/example_dags/example_branch_labels.py
[2023-06-04T01:15:42.826+0000] {processor.py:768} INFO - DAG(s) dict_keys(['example_branch_labels']) retrieved from /home/airflow/.local/lib/python3.7/site-packages/airflow/example_dags/example_branch_labels.py
[2023-06-04T01:15:42.880+0000] {logging_mixin.py:117} INFO - [2023-06-04T01:15:42.880+0000] {dag.py:2573} INFO - Sync 1 DAGs
[2023-06-04T01:15:42.917+0000] {logging_mixin.py:117} INFO - [2023-06-04T01:15:42.917+0000] {dag.py:3328} INFO - Setting next_dagrun for example_branch_labels to 2023-06-03T00:00:00+00:00, run_after=2023-06-04T00:00:00+00:00
[2023-06-04T01:15:42.942+0000] {processor.py:178} INFO - Processing /home/airflow/.local/lib/python3.7/site-packages/airflow/example_dags/example_branch_labels.py took 0.144 seconds
[2023-06-04T01:16:13.238+0000] {processor.py:156} INFO - Started process (PID=1290) to work on /home/airflow/.local/lib/python3.7/site-packages/airflow/example_dags/example_branch_labels.py
[2023-06-04T01:16:13.240+0000] {processor.py:758} INFO - Processing file /home/airflow/.local/lib/python3.7/site-packages/airflow/example_dags/example_branch_labels.py for tasks to queue
[2023-06-04T01:16:13.242+0000] {logging_mixin.py:117} INFO - [2023-06-04T01:16:13.242+0000] {dagbag.py:525} INFO - Filling up the DagBag from /home/airflow/.local/lib/python3.7/site-packages/airflow/example_dags/example_branch_labels.py
[2023-06-04T01:16:13.264+0000] {processor.py:768} INFO - DAG(s) dict_keys(['example_branch_labels']) retrieved from /home/airflow/.local/lib/python3.7/site-packages/airflow/example_dags/example_branch_labels.py
[2023-06-04T01:16:13.327+0000] {logging_mixin.py:117} INFO - [2023-06-04T01:16:13.327+0000] {dag.py:2573} INFO - Sync 1 DAGs
[2023-06-04T01:16:13.375+0000] {logging_mixin.py:117} INFO - [2023-06-04T01:16:13.374+0000] {dag.py:3328} INFO - Setting next_dagrun for example_branch_labels to 2023-06-03T00:00:00+00:00, run_after=2023-06-04T00:00:00+00:00
[2023-06-04T01:16:13.407+0000] {processor.py:178} INFO - Processing /home/airflow/.local/lib/python3.7/site-packages/airflow/example_dags/example_branch_labels.py took 0.175 seconds
[2023-06-04T01:16:44.645+0000] {processor.py:156} INFO - Started process (PID=1354) to work on /home/airflow/.local/lib/python3.7/site-packages/airflow/example_dags/example_branch_labels.py
[2023-06-04T01:16:44.649+0000] {processor.py:758} INFO - Processing file /home/airflow/.local/lib/python3.7/site-packages/airflow/example_dags/example_branch_labels.py for tasks to queue
[2023-06-04T01:16:44.652+0000] {logging_mixin.py:117} INFO - [2023-06-04T01:16:44.652+0000] {dagbag.py:525} INFO - Filling up the DagBag from /home/airflow/.local/lib/python3.7/site-packages/airflow/example_dags/example_branch_labels.py
[2023-06-04T01:16:44.686+0000] {processor.py:768} INFO - DAG(s) dict_keys(['example_branch_labels']) retrieved from /home/airflow/.local/lib/python3.7/site-packages/airflow/example_dags/example_branch_labels.py
[2023-06-04T01:16:44.768+0000] {logging_mixin.py:117} INFO - [2023-06-04T01:16:44.768+0000] {dag.py:2573} INFO - Sync 1 DAGs
[2023-06-04T01:16:44.816+0000] {logging_mixin.py:117} INFO - [2023-06-04T01:16:44.815+0000] {dag.py:3328} INFO - Setting next_dagrun for example_branch_labels to 2023-06-03T00:00:00+00:00, run_after=2023-06-04T00:00:00+00:00
[2023-06-04T01:16:44.859+0000] {processor.py:178} INFO - Processing /home/airflow/.local/lib/python3.7/site-packages/airflow/example_dags/example_branch_labels.py took 0.220 seconds
[2023-06-04T01:17:14.960+0000] {processor.py:156} INFO - Started process (PID=1418) to work on /home/airflow/.local/lib/python3.7/site-packages/airflow/example_dags/example_branch_labels.py
[2023-06-04T01:17:14.962+0000] {processor.py:758} INFO - Processing file /home/airflow/.local/lib/python3.7/site-packages/airflow/example_dags/example_branch_labels.py for tasks to queue
[2023-06-04T01:17:14.965+0000] {logging_mixin.py:117} INFO - [2023-06-04T01:17:14.964+0000] {dagbag.py:525} INFO - Filling up the DagBag from /home/airflow/.local/lib/python3.7/site-packages/airflow/example_dags/example_branch_labels.py
[2023-06-04T01:17:14.987+0000] {processor.py:768} INFO - DAG(s) dict_keys(['example_branch_labels']) retrieved from /home/airflow/.local/lib/python3.7/site-packages/airflow/example_dags/example_branch_labels.py
[2023-06-04T01:17:15.041+0000] {logging_mixin.py:117} INFO - [2023-06-04T01:17:15.041+0000] {dag.py:2573} INFO - Sync 1 DAGs
[2023-06-04T01:17:15.077+0000] {logging_mixin.py:117} INFO - [2023-06-04T01:17:15.077+0000] {dag.py:3328} INFO - Setting next_dagrun for example_branch_labels to 2023-06-03T00:00:00+00:00, run_after=2023-06-04T00:00:00+00:00
[2023-06-04T01:17:15.101+0000] {processor.py:178} INFO - Processing /home/airflow/.local/lib/python3.7/site-packages/airflow/example_dags/example_branch_labels.py took 0.145 seconds
[2023-06-04T01:17:45.283+0000] {processor.py:156} INFO - Started process (PID=1473) to work on /home/airflow/.local/lib/python3.7/site-packages/airflow/example_dags/example_branch_labels.py
[2023-06-04T01:17:45.285+0000] {processor.py:758} INFO - Processing file /home/airflow/.local/lib/python3.7/site-packages/airflow/example_dags/example_branch_labels.py for tasks to queue
[2023-06-04T01:17:45.287+0000] {logging_mixin.py:117} INFO - [2023-06-04T01:17:45.287+0000] {dagbag.py:525} INFO - Filling up the DagBag from /home/airflow/.local/lib/python3.7/site-packages/airflow/example_dags/example_branch_labels.py
[2023-06-04T01:17:45.309+0000] {processor.py:768} INFO - DAG(s) dict_keys(['example_branch_labels']) retrieved from /home/airflow/.local/lib/python3.7/site-packages/airflow/example_dags/example_branch_labels.py
[2023-06-04T01:17:45.362+0000] {logging_mixin.py:117} INFO - [2023-06-04T01:17:45.362+0000] {dag.py:2573} INFO - Sync 1 DAGs
[2023-06-04T01:17:45.397+0000] {logging_mixin.py:117} INFO - [2023-06-04T01:17:45.397+0000] {dag.py:3328} INFO - Setting next_dagrun for example_branch_labels to 2023-06-03T00:00:00+00:00, run_after=2023-06-04T00:00:00+00:00
[2023-06-04T01:17:45.423+0000] {processor.py:178} INFO - Processing /home/airflow/.local/lib/python3.7/site-packages/airflow/example_dags/example_branch_labels.py took 0.145 seconds
[2023-06-04T01:18:15.602+0000] {processor.py:156} INFO - Started process (PID=1537) to work on /home/airflow/.local/lib/python3.7/site-packages/airflow/example_dags/example_branch_labels.py
[2023-06-04T01:18:15.604+0000] {processor.py:758} INFO - Processing file /home/airflow/.local/lib/python3.7/site-packages/airflow/example_dags/example_branch_labels.py for tasks to queue
[2023-06-04T01:18:15.606+0000] {logging_mixin.py:117} INFO - [2023-06-04T01:18:15.606+0000] {dagbag.py:525} INFO - Filling up the DagBag from /home/airflow/.local/lib/python3.7/site-packages/airflow/example_dags/example_branch_labels.py
[2023-06-04T01:18:15.627+0000] {processor.py:768} INFO - DAG(s) dict_keys(['example_branch_labels']) retrieved from /home/airflow/.local/lib/python3.7/site-packages/airflow/example_dags/example_branch_labels.py
[2023-06-04T01:18:15.682+0000] {logging_mixin.py:117} INFO - [2023-06-04T01:18:15.682+0000] {dag.py:2573} INFO - Sync 1 DAGs
[2023-06-04T01:18:15.716+0000] {logging_mixin.py:117} INFO - [2023-06-04T01:18:15.716+0000] {dag.py:3328} INFO - Setting next_dagrun for example_branch_labels to 2023-06-03T00:00:00+00:00, run_after=2023-06-04T00:00:00+00:00
[2023-06-04T01:18:15.741+0000] {processor.py:178} INFO - Processing /home/airflow/.local/lib/python3.7/site-packages/airflow/example_dags/example_branch_labels.py took 0.143 seconds
[2023-06-04T01:18:46.032+0000] {processor.py:156} INFO - Started process (PID=1600) to work on /home/airflow/.local/lib/python3.7/site-packages/airflow/example_dags/example_branch_labels.py
[2023-06-04T01:18:46.034+0000] {processor.py:758} INFO - Processing file /home/airflow/.local/lib/python3.7/site-packages/airflow/example_dags/example_branch_labels.py for tasks to queue
[2023-06-04T01:18:46.036+0000] {logging_mixin.py:117} INFO - [2023-06-04T01:18:46.036+0000] {dagbag.py:525} INFO - Filling up the DagBag from /home/airflow/.local/lib/python3.7/site-packages/airflow/example_dags/example_branch_labels.py
[2023-06-04T01:18:46.060+0000] {processor.py:768} INFO - DAG(s) dict_keys(['example_branch_labels']) retrieved from /home/airflow/.local/lib/python3.7/site-packages/airflow/example_dags/example_branch_labels.py
[2023-06-04T01:18:46.113+0000] {logging_mixin.py:117} INFO - [2023-06-04T01:18:46.113+0000] {dag.py:2573} INFO - Sync 1 DAGs
[2023-06-04T01:18:46.147+0000] {logging_mixin.py:117} INFO - [2023-06-04T01:18:46.147+0000] {dag.py:3328} INFO - Setting next_dagrun for example_branch_labels to 2023-06-03T00:00:00+00:00, run_after=2023-06-04T00:00:00+00:00
[2023-06-04T01:18:46.172+0000] {processor.py:178} INFO - Processing /home/airflow/.local/lib/python3.7/site-packages/airflow/example_dags/example_branch_labels.py took 0.145 seconds
[2023-06-04T01:19:16.851+0000] {processor.py:156} INFO - Started process (PID=1655) to work on /home/airflow/.local/lib/python3.7/site-packages/airflow/example_dags/example_branch_labels.py
[2023-06-04T01:19:16.854+0000] {processor.py:758} INFO - Processing file /home/airflow/.local/lib/python3.7/site-packages/airflow/example_dags/example_branch_labels.py for tasks to queue
[2023-06-04T01:19:16.856+0000] {logging_mixin.py:117} INFO - [2023-06-04T01:19:16.856+0000] {dagbag.py:525} INFO - Filling up the DagBag from /home/airflow/.local/lib/python3.7/site-packages/airflow/example_dags/example_branch_labels.py
[2023-06-04T01:19:16.878+0000] {processor.py:768} INFO - DAG(s) dict_keys(['example_branch_labels']) retrieved from /home/airflow/.local/lib/python3.7/site-packages/airflow/example_dags/example_branch_labels.py
[2023-06-04T01:19:16.936+0000] {logging_mixin.py:117} INFO - [2023-06-04T01:19:16.936+0000] {dag.py:2573} INFO - Sync 1 DAGs
[2023-06-04T01:19:16.975+0000] {logging_mixin.py:117} INFO - [2023-06-04T01:19:16.975+0000] {dag.py:3328} INFO - Setting next_dagrun for example_branch_labels to 2023-06-03T00:00:00+00:00, run_after=2023-06-04T00:00:00+00:00
[2023-06-04T01:19:17.000+0000] {processor.py:178} INFO - Processing /home/airflow/.local/lib/python3.7/site-packages/airflow/example_dags/example_branch_labels.py took 0.154 seconds
[2023-06-04T01:20:42.127+0000] {processor.py:157} INFO - Started process (PID=75) to work on /home/airflow/.local/lib/python3.7/site-packages/airflow/example_dags/example_branch_labels.py
[2023-06-04T01:20:42.131+0000] {processor.py:826} INFO - Processing file /home/airflow/.local/lib/python3.7/site-packages/airflow/example_dags/example_branch_labels.py for tasks to queue
[2023-06-04T01:20:42.134+0000] {logging_mixin.py:149} INFO - [2023-06-04T01:20:42.134+0000] {dagbag.py:541} INFO - Filling up the DagBag from /home/airflow/.local/lib/python3.7/site-packages/airflow/example_dags/example_branch_labels.py
[2023-06-04T01:20:42.158+0000] {processor.py:836} INFO - DAG(s) dict_keys(['example_branch_labels']) retrieved from /home/airflow/.local/lib/python3.7/site-packages/airflow/example_dags/example_branch_labels.py
[2023-06-04T01:20:42.189+0000] {logging_mixin.py:149} INFO - [2023-06-04T01:20:42.189+0000] {dag.py:2726} INFO - Sync 1 DAGs
[2023-06-04T01:20:42.252+0000] {logging_mixin.py:149} INFO - [2023-06-04T01:20:42.252+0000] {dag.py:3490} INFO - Setting next_dagrun for example_branch_labels to 2023-06-03T00:00:00+00:00, run_after=2023-06-04T00:00:00+00:00
[2023-06-04T01:20:42.287+0000] {processor.py:179} INFO - Processing /home/airflow/.local/lib/python3.7/site-packages/airflow/example_dags/example_branch_labels.py took 0.167 seconds
[2023-06-04T01:21:12.432+0000] {processor.py:157} INFO - Started process (PID=145) to work on /home/airflow/.local/lib/python3.7/site-packages/airflow/example_dags/example_branch_labels.py
[2023-06-04T01:21:12.434+0000] {processor.py:826} INFO - Processing file /home/airflow/.local/lib/python3.7/site-packages/airflow/example_dags/example_branch_labels.py for tasks to queue
[2023-06-04T01:21:12.436+0000] {logging_mixin.py:149} INFO - [2023-06-04T01:21:12.436+0000] {dagbag.py:541} INFO - Filling up the DagBag from /home/airflow/.local/lib/python3.7/site-packages/airflow/example_dags/example_branch_labels.py
[2023-06-04T01:21:12.448+0000] {processor.py:836} INFO - DAG(s) dict_keys(['example_branch_labels']) retrieved from /home/airflow/.local/lib/python3.7/site-packages/airflow/example_dags/example_branch_labels.py
[2023-06-04T01:21:12.482+0000] {logging_mixin.py:149} INFO - [2023-06-04T01:21:12.481+0000] {dag.py:2726} INFO - Sync 1 DAGs
[2023-06-04T01:21:12.512+0000] {logging_mixin.py:149} INFO - [2023-06-04T01:21:12.511+0000] {dag.py:3490} INFO - Setting next_dagrun for example_branch_labels to 2023-06-03T00:00:00+00:00, run_after=2023-06-04T00:00:00+00:00
[2023-06-04T01:21:12.532+0000] {processor.py:179} INFO - Processing /home/airflow/.local/lib/python3.7/site-packages/airflow/example_dags/example_branch_labels.py took 0.105 seconds
[2023-06-04T01:21:43.318+0000] {processor.py:157} INFO - Started process (PID=224) to work on /home/airflow/.local/lib/python3.7/site-packages/airflow/example_dags/example_branch_labels.py
[2023-06-04T01:21:43.323+0000] {processor.py:826} INFO - Processing file /home/airflow/.local/lib/python3.7/site-packages/airflow/example_dags/example_branch_labels.py for tasks to queue
[2023-06-04T01:21:43.327+0000] {logging_mixin.py:149} INFO - [2023-06-04T01:21:43.327+0000] {dagbag.py:541} INFO - Filling up the DagBag from /home/airflow/.local/lib/python3.7/site-packages/airflow/example_dags/example_branch_labels.py
[2023-06-04T01:21:43.366+0000] {processor.py:836} INFO - DAG(s) dict_keys(['example_branch_labels']) retrieved from /home/airflow/.local/lib/python3.7/site-packages/airflow/example_dags/example_branch_labels.py
[2023-06-04T01:21:43.429+0000] {logging_mixin.py:149} INFO - [2023-06-04T01:21:43.429+0000] {dag.py:2726} INFO - Sync 1 DAGs
[2023-06-04T01:21:43.499+0000] {logging_mixin.py:149} INFO - [2023-06-04T01:21:43.499+0000] {dag.py:3490} INFO - Setting next_dagrun for example_branch_labels to 2023-06-03T00:00:00+00:00, run_after=2023-06-04T00:00:00+00:00
[2023-06-04T01:21:43.547+0000] {processor.py:179} INFO - Processing /home/airflow/.local/lib/python3.7/site-packages/airflow/example_dags/example_branch_labels.py took 0.239 seconds
[2023-06-04T01:22:13.983+0000] {processor.py:157} INFO - Started process (PID=294) to work on /home/airflow/.local/lib/python3.7/site-packages/airflow/example_dags/example_branch_labels.py
[2023-06-04T01:22:13.986+0000] {processor.py:826} INFO - Processing file /home/airflow/.local/lib/python3.7/site-packages/airflow/example_dags/example_branch_labels.py for tasks to queue
[2023-06-04T01:22:13.989+0000] {logging_mixin.py:149} INFO - [2023-06-04T01:22:13.989+0000] {dagbag.py:541} INFO - Filling up the DagBag from /home/airflow/.local/lib/python3.7/site-packages/airflow/example_dags/example_branch_labels.py
[2023-06-04T01:22:14.013+0000] {processor.py:836} INFO - DAG(s) dict_keys(['example_branch_labels']) retrieved from /home/airflow/.local/lib/python3.7/site-packages/airflow/example_dags/example_branch_labels.py
[2023-06-04T01:22:14.065+0000] {logging_mixin.py:149} INFO - [2023-06-04T01:22:14.065+0000] {dag.py:2726} INFO - Sync 1 DAGs
[2023-06-04T01:22:14.108+0000] {logging_mixin.py:149} INFO - [2023-06-04T01:22:14.107+0000] {dag.py:3490} INFO - Setting next_dagrun for example_branch_labels to 2023-06-03T00:00:00+00:00, run_after=2023-06-04T00:00:00+00:00
[2023-06-04T01:22:14.136+0000] {processor.py:179} INFO - Processing /home/airflow/.local/lib/python3.7/site-packages/airflow/example_dags/example_branch_labels.py took 0.160 seconds
[2023-06-04T01:22:44.535+0000] {processor.py:157} INFO - Started process (PID=373) to work on /home/airflow/.local/lib/python3.7/site-packages/airflow/example_dags/example_branch_labels.py
[2023-06-04T01:22:44.538+0000] {processor.py:826} INFO - Processing file /home/airflow/.local/lib/python3.7/site-packages/airflow/example_dags/example_branch_labels.py for tasks to queue
[2023-06-04T01:22:44.541+0000] {logging_mixin.py:149} INFO - [2023-06-04T01:22:44.541+0000] {dagbag.py:541} INFO - Filling up the DagBag from /home/airflow/.local/lib/python3.7/site-packages/airflow/example_dags/example_branch_labels.py
[2023-06-04T01:22:44.556+0000] {processor.py:836} INFO - DAG(s) dict_keys(['example_branch_labels']) retrieved from /home/airflow/.local/lib/python3.7/site-packages/airflow/example_dags/example_branch_labels.py
[2023-06-04T01:22:44.603+0000] {logging_mixin.py:149} INFO - [2023-06-04T01:22:44.602+0000] {dag.py:2726} INFO - Sync 1 DAGs
[2023-06-04T01:22:44.662+0000] {logging_mixin.py:149} INFO - [2023-06-04T01:22:44.662+0000] {dag.py:3490} INFO - Setting next_dagrun for example_branch_labels to 2023-06-03T00:00:00+00:00, run_after=2023-06-04T00:00:00+00:00
[2023-06-04T01:22:44.699+0000] {processor.py:179} INFO - Processing /home/airflow/.local/lib/python3.7/site-packages/airflow/example_dags/example_branch_labels.py took 0.170 seconds
[2023-06-04T01:23:15.419+0000] {processor.py:157} INFO - Started process (PID=443) to work on /home/airflow/.local/lib/python3.7/site-packages/airflow/example_dags/example_branch_labels.py
[2023-06-04T01:23:15.421+0000] {processor.py:826} INFO - Processing file /home/airflow/.local/lib/python3.7/site-packages/airflow/example_dags/example_branch_labels.py for tasks to queue
[2023-06-04T01:23:15.423+0000] {logging_mixin.py:149} INFO - [2023-06-04T01:23:15.422+0000] {dagbag.py:541} INFO - Filling up the DagBag from /home/airflow/.local/lib/python3.7/site-packages/airflow/example_dags/example_branch_labels.py
[2023-06-04T01:23:15.436+0000] {processor.py:836} INFO - DAG(s) dict_keys(['example_branch_labels']) retrieved from /home/airflow/.local/lib/python3.7/site-packages/airflow/example_dags/example_branch_labels.py
[2023-06-04T01:23:15.474+0000] {logging_mixin.py:149} INFO - [2023-06-04T01:23:15.474+0000] {dag.py:2726} INFO - Sync 1 DAGs
[2023-06-04T01:23:15.512+0000] {logging_mixin.py:149} INFO - [2023-06-04T01:23:15.512+0000] {dag.py:3490} INFO - Setting next_dagrun for example_branch_labels to 2023-06-03T00:00:00+00:00, run_after=2023-06-04T00:00:00+00:00
[2023-06-04T01:23:15.540+0000] {processor.py:179} INFO - Processing /home/airflow/.local/lib/python3.7/site-packages/airflow/example_dags/example_branch_labels.py took 0.126 seconds
[2023-06-04T01:23:46.413+0000] {processor.py:157} INFO - Started process (PID=513) to work on /home/airflow/.local/lib/python3.7/site-packages/airflow/example_dags/example_branch_labels.py
[2023-06-04T01:23:46.415+0000] {processor.py:826} INFO - Processing file /home/airflow/.local/lib/python3.7/site-packages/airflow/example_dags/example_branch_labels.py for tasks to queue
[2023-06-04T01:23:46.418+0000] {logging_mixin.py:149} INFO - [2023-06-04T01:23:46.417+0000] {dagbag.py:541} INFO - Filling up the DagBag from /home/airflow/.local/lib/python3.7/site-packages/airflow/example_dags/example_branch_labels.py
[2023-06-04T01:23:46.431+0000] {processor.py:836} INFO - DAG(s) dict_keys(['example_branch_labels']) retrieved from /home/airflow/.local/lib/python3.7/site-packages/airflow/example_dags/example_branch_labels.py
[2023-06-04T01:23:46.470+0000] {logging_mixin.py:149} INFO - [2023-06-04T01:23:46.470+0000] {dag.py:2726} INFO - Sync 1 DAGs
[2023-06-04T01:23:46.515+0000] {logging_mixin.py:149} INFO - [2023-06-04T01:23:46.515+0000] {dag.py:3490} INFO - Setting next_dagrun for example_branch_labels to 2023-06-03T00:00:00+00:00, run_after=2023-06-04T00:00:00+00:00
[2023-06-04T01:23:46.542+0000] {processor.py:179} INFO - Processing /home/airflow/.local/lib/python3.7/site-packages/airflow/example_dags/example_branch_labels.py took 0.135 seconds
[2023-06-04T01:24:16.946+0000] {processor.py:157} INFO - Started process (PID=592) to work on /home/airflow/.local/lib/python3.7/site-packages/airflow/example_dags/example_branch_labels.py
[2023-06-04T01:24:16.948+0000] {processor.py:826} INFO - Processing file /home/airflow/.local/lib/python3.7/site-packages/airflow/example_dags/example_branch_labels.py for tasks to queue
[2023-06-04T01:24:16.950+0000] {logging_mixin.py:149} INFO - [2023-06-04T01:24:16.950+0000] {dagbag.py:541} INFO - Filling up the DagBag from /home/airflow/.local/lib/python3.7/site-packages/airflow/example_dags/example_branch_labels.py
[2023-06-04T01:24:16.963+0000] {processor.py:836} INFO - DAG(s) dict_keys(['example_branch_labels']) retrieved from /home/airflow/.local/lib/python3.7/site-packages/airflow/example_dags/example_branch_labels.py
[2023-06-04T01:24:17.002+0000] {logging_mixin.py:149} INFO - [2023-06-04T01:24:17.002+0000] {dag.py:2726} INFO - Sync 1 DAGs
[2023-06-04T01:24:17.040+0000] {logging_mixin.py:149} INFO - [2023-06-04T01:24:17.039+0000] {dag.py:3490} INFO - Setting next_dagrun for example_branch_labels to 2023-06-03T00:00:00+00:00, run_after=2023-06-04T00:00:00+00:00
[2023-06-04T01:24:17.064+0000] {processor.py:179} INFO - Processing /home/airflow/.local/lib/python3.7/site-packages/airflow/example_dags/example_branch_labels.py took 0.125 seconds
[2023-06-04T01:24:47.731+0000] {processor.py:157} INFO - Started process (PID=662) to work on /home/airflow/.local/lib/python3.7/site-packages/airflow/example_dags/example_branch_labels.py
[2023-06-04T01:24:47.734+0000] {processor.py:826} INFO - Processing file /home/airflow/.local/lib/python3.7/site-packages/airflow/example_dags/example_branch_labels.py for tasks to queue
[2023-06-04T01:24:47.736+0000] {logging_mixin.py:149} INFO - [2023-06-04T01:24:47.736+0000] {dagbag.py:541} INFO - Filling up the DagBag from /home/airflow/.local/lib/python3.7/site-packages/airflow/example_dags/example_branch_labels.py
[2023-06-04T01:24:47.753+0000] {processor.py:836} INFO - DAG(s) dict_keys(['example_branch_labels']) retrieved from /home/airflow/.local/lib/python3.7/site-packages/airflow/example_dags/example_branch_labels.py
[2023-06-04T01:24:47.797+0000] {logging_mixin.py:149} INFO - [2023-06-04T01:24:47.797+0000] {dag.py:2726} INFO - Sync 1 DAGs
[2023-06-04T01:24:47.836+0000] {logging_mixin.py:149} INFO - [2023-06-04T01:24:47.836+0000] {dag.py:3490} INFO - Setting next_dagrun for example_branch_labels to 2023-06-03T00:00:00+00:00, run_after=2023-06-04T00:00:00+00:00
[2023-06-04T01:24:47.868+0000] {processor.py:179} INFO - Processing /home/airflow/.local/lib/python3.7/site-packages/airflow/example_dags/example_branch_labels.py took 0.142 seconds
[2023-06-04T01:25:18.613+0000] {processor.py:157} INFO - Started process (PID=741) to work on /home/airflow/.local/lib/python3.7/site-packages/airflow/example_dags/example_branch_labels.py
[2023-06-04T01:25:18.616+0000] {processor.py:826} INFO - Processing file /home/airflow/.local/lib/python3.7/site-packages/airflow/example_dags/example_branch_labels.py for tasks to queue
[2023-06-04T01:25:18.618+0000] {logging_mixin.py:149} INFO - [2023-06-04T01:25:18.618+0000] {dagbag.py:541} INFO - Filling up the DagBag from /home/airflow/.local/lib/python3.7/site-packages/airflow/example_dags/example_branch_labels.py
[2023-06-04T01:25:18.631+0000] {processor.py:836} INFO - DAG(s) dict_keys(['example_branch_labels']) retrieved from /home/airflow/.local/lib/python3.7/site-packages/airflow/example_dags/example_branch_labels.py
[2023-06-04T01:25:18.675+0000] {logging_mixin.py:149} INFO - [2023-06-04T01:25:18.675+0000] {dag.py:2726} INFO - Sync 1 DAGs
[2023-06-04T01:25:18.719+0000] {logging_mixin.py:149} INFO - [2023-06-04T01:25:18.719+0000] {dag.py:3490} INFO - Setting next_dagrun for example_branch_labels to 2023-06-03T00:00:00+00:00, run_after=2023-06-04T00:00:00+00:00
[2023-06-04T01:25:18.743+0000] {processor.py:179} INFO - Processing /home/airflow/.local/lib/python3.7/site-packages/airflow/example_dags/example_branch_labels.py took 0.135 seconds
[2023-06-04T01:25:49.008+0000] {processor.py:157} INFO - Started process (PID=811) to work on /home/airflow/.local/lib/python3.7/site-packages/airflow/example_dags/example_branch_labels.py
[2023-06-04T01:25:49.011+0000] {processor.py:826} INFO - Processing file /home/airflow/.local/lib/python3.7/site-packages/airflow/example_dags/example_branch_labels.py for tasks to queue
[2023-06-04T01:25:49.012+0000] {logging_mixin.py:149} INFO - [2023-06-04T01:25:49.012+0000] {dagbag.py:541} INFO - Filling up the DagBag from /home/airflow/.local/lib/python3.7/site-packages/airflow/example_dags/example_branch_labels.py
[2023-06-04T01:25:49.026+0000] {processor.py:836} INFO - DAG(s) dict_keys(['example_branch_labels']) retrieved from /home/airflow/.local/lib/python3.7/site-packages/airflow/example_dags/example_branch_labels.py
[2023-06-04T01:25:49.064+0000] {logging_mixin.py:149} INFO - [2023-06-04T01:25:49.064+0000] {dag.py:2726} INFO - Sync 1 DAGs
[2023-06-04T01:25:49.101+0000] {logging_mixin.py:149} INFO - [2023-06-04T01:25:49.101+0000] {dag.py:3490} INFO - Setting next_dagrun for example_branch_labels to 2023-06-03T00:00:00+00:00, run_after=2023-06-04T00:00:00+00:00
[2023-06-04T01:25:49.128+0000] {processor.py:179} INFO - Processing /home/airflow/.local/lib/python3.7/site-packages/airflow/example_dags/example_branch_labels.py took 0.124 seconds
