[2023-06-04T00:36:54.291+0000] {processor.py:156} INFO - Started process (PID=59) to work on /home/airflow/.local/lib/python3.7/site-packages/airflow/example_dags/example_short_circuit_operator.py
[2023-06-04T00:36:54.294+0000] {processor.py:758} INFO - Processing file /home/airflow/.local/lib/python3.7/site-packages/airflow/example_dags/example_short_circuit_operator.py for tasks to queue
[2023-06-04T00:36:54.298+0000] {logging_mixin.py:117} INFO - [2023-06-04T00:36:54.297+0000] {dagbag.py:525} INFO - Filling up the DagBag from /home/airflow/.local/lib/python3.7/site-packages/airflow/example_dags/example_short_circuit_operator.py
[2023-06-04T00:36:54.340+0000] {processor.py:768} INFO - DAG(s) dict_keys(['example_short_circuit_operator']) retrieved from /home/airflow/.local/lib/python3.7/site-packages/airflow/example_dags/example_short_circuit_operator.py
[2023-06-04T00:36:54.590+0000] {logging_mixin.py:117} INFO - [2023-06-04T00:36:54.590+0000] {manager.py:507} INFO - Created Permission View: can delete on DAG:example_short_circuit_operator
[2023-06-04T00:36:54.605+0000] {logging_mixin.py:117} INFO - [2023-06-04T00:36:54.605+0000] {manager.py:507} INFO - Created Permission View: can read on DAG:example_short_circuit_operator
[2023-06-04T00:36:54.618+0000] {logging_mixin.py:117} INFO - [2023-06-04T00:36:54.618+0000] {manager.py:507} INFO - Created Permission View: can edit on DAG:example_short_circuit_operator
[2023-06-04T00:36:54.620+0000] {logging_mixin.py:117} INFO - [2023-06-04T00:36:54.620+0000] {dag.py:2573} INFO - Sync 1 DAGs
[2023-06-04T00:36:54.643+0000] {logging_mixin.py:117} INFO - [2023-06-04T00:36:54.643+0000] {dag.py:2594} INFO - Creating ORM DAG for example_short_circuit_operator
[2023-06-04T00:36:54.667+0000] {logging_mixin.py:117} INFO - [2023-06-04T00:36:54.666+0000] {dag.py:3328} INFO - Setting next_dagrun for example_short_circuit_operator to 2023-06-03T00:36:54.666584+00:00, run_after=2023-06-04T00:36:54.666584+00:00
[2023-06-04T00:36:54.708+0000] {processor.py:178} INFO - Processing /home/airflow/.local/lib/python3.7/site-packages/airflow/example_dags/example_short_circuit_operator.py took 0.423 seconds
[2023-06-04T00:37:25.331+0000] {processor.py:156} INFO - Started process (PID=113) to work on /home/airflow/.local/lib/python3.7/site-packages/airflow/example_dags/example_short_circuit_operator.py
[2023-06-04T00:37:25.333+0000] {processor.py:758} INFO - Processing file /home/airflow/.local/lib/python3.7/site-packages/airflow/example_dags/example_short_circuit_operator.py for tasks to queue
[2023-06-04T00:37:25.334+0000] {logging_mixin.py:117} INFO - [2023-06-04T00:37:25.334+0000] {dagbag.py:525} INFO - Filling up the DagBag from /home/airflow/.local/lib/python3.7/site-packages/airflow/example_dags/example_short_circuit_operator.py
[2023-06-04T00:37:25.362+0000] {processor.py:768} INFO - DAG(s) dict_keys(['example_short_circuit_operator']) retrieved from /home/airflow/.local/lib/python3.7/site-packages/airflow/example_dags/example_short_circuit_operator.py
[2023-06-04T00:37:25.427+0000] {logging_mixin.py:117} INFO - [2023-06-04T00:37:25.426+0000] {dag.py:2573} INFO - Sync 1 DAGs
[2023-06-04T00:37:25.472+0000] {logging_mixin.py:117} INFO - [2023-06-04T00:37:25.472+0000] {dag.py:3328} INFO - Setting next_dagrun for example_short_circuit_operator to 2023-06-03T00:37:25.472134+00:00, run_after=2023-06-04T00:37:25.472134+00:00
[2023-06-04T00:37:25.501+0000] {processor.py:178} INFO - Processing /home/airflow/.local/lib/python3.7/site-packages/airflow/example_dags/example_short_circuit_operator.py took 0.174 seconds
[2023-06-04T00:37:55.628+0000] {processor.py:156} INFO - Started process (PID=176) to work on /home/airflow/.local/lib/python3.7/site-packages/airflow/example_dags/example_short_circuit_operator.py
[2023-06-04T00:37:55.630+0000] {processor.py:758} INFO - Processing file /home/airflow/.local/lib/python3.7/site-packages/airflow/example_dags/example_short_circuit_operator.py for tasks to queue
[2023-06-04T00:37:55.632+0000] {logging_mixin.py:117} INFO - [2023-06-04T00:37:55.632+0000] {dagbag.py:525} INFO - Filling up the DagBag from /home/airflow/.local/lib/python3.7/site-packages/airflow/example_dags/example_short_circuit_operator.py
[2023-06-04T00:37:55.660+0000] {processor.py:768} INFO - DAG(s) dict_keys(['example_short_circuit_operator']) retrieved from /home/airflow/.local/lib/python3.7/site-packages/airflow/example_dags/example_short_circuit_operator.py
[2023-06-04T00:37:55.717+0000] {logging_mixin.py:117} INFO - [2023-06-04T00:37:55.717+0000] {dag.py:2573} INFO - Sync 1 DAGs
[2023-06-04T00:37:55.749+0000] {logging_mixin.py:117} INFO - [2023-06-04T00:37:55.749+0000] {dag.py:3328} INFO - Setting next_dagrun for example_short_circuit_operator to 2023-06-03T00:37:55.748864+00:00, run_after=2023-06-04T00:37:55.748864+00:00
[2023-06-04T00:37:55.771+0000] {processor.py:178} INFO - Processing /home/airflow/.local/lib/python3.7/site-packages/airflow/example_dags/example_short_circuit_operator.py took 0.148 seconds
[2023-06-04T00:38:26.117+0000] {processor.py:156} INFO - Started process (PID=239) to work on /home/airflow/.local/lib/python3.7/site-packages/airflow/example_dags/example_short_circuit_operator.py
[2023-06-04T00:38:26.119+0000] {processor.py:758} INFO - Processing file /home/airflow/.local/lib/python3.7/site-packages/airflow/example_dags/example_short_circuit_operator.py for tasks to queue
[2023-06-04T00:38:26.121+0000] {logging_mixin.py:117} INFO - [2023-06-04T00:38:26.121+0000] {dagbag.py:525} INFO - Filling up the DagBag from /home/airflow/.local/lib/python3.7/site-packages/airflow/example_dags/example_short_circuit_operator.py
[2023-06-04T00:38:26.143+0000] {processor.py:768} INFO - DAG(s) dict_keys(['example_short_circuit_operator']) retrieved from /home/airflow/.local/lib/python3.7/site-packages/airflow/example_dags/example_short_circuit_operator.py
[2023-06-04T00:38:26.202+0000] {logging_mixin.py:117} INFO - [2023-06-04T00:38:26.202+0000] {dag.py:2573} INFO - Sync 1 DAGs
[2023-06-04T00:38:26.237+0000] {logging_mixin.py:117} INFO - [2023-06-04T00:38:26.237+0000] {dag.py:3328} INFO - Setting next_dagrun for example_short_circuit_operator to 2023-06-03T00:38:26.236736+00:00, run_after=2023-06-04T00:38:26.236736+00:00
[2023-06-04T00:38:26.265+0000] {processor.py:178} INFO - Processing /home/airflow/.local/lib/python3.7/site-packages/airflow/example_dags/example_short_circuit_operator.py took 0.152 seconds
[2023-06-04T00:38:56.651+0000] {processor.py:156} INFO - Started process (PID=302) to work on /home/airflow/.local/lib/python3.7/site-packages/airflow/example_dags/example_short_circuit_operator.py
[2023-06-04T00:38:56.654+0000] {processor.py:758} INFO - Processing file /home/airflow/.local/lib/python3.7/site-packages/airflow/example_dags/example_short_circuit_operator.py for tasks to queue
[2023-06-04T00:38:56.656+0000] {logging_mixin.py:117} INFO - [2023-06-04T00:38:56.656+0000] {dagbag.py:525} INFO - Filling up the DagBag from /home/airflow/.local/lib/python3.7/site-packages/airflow/example_dags/example_short_circuit_operator.py
[2023-06-04T00:38:56.681+0000] {processor.py:768} INFO - DAG(s) dict_keys(['example_short_circuit_operator']) retrieved from /home/airflow/.local/lib/python3.7/site-packages/airflow/example_dags/example_short_circuit_operator.py
[2023-06-04T00:38:56.738+0000] {logging_mixin.py:117} INFO - [2023-06-04T00:38:56.738+0000] {dag.py:2573} INFO - Sync 1 DAGs
[2023-06-04T00:38:56.772+0000] {logging_mixin.py:117} INFO - [2023-06-04T00:38:56.772+0000] {dag.py:3328} INFO - Setting next_dagrun for example_short_circuit_operator to 2023-06-03T00:38:56.771848+00:00, run_after=2023-06-04T00:38:56.771848+00:00
[2023-06-04T00:38:56.795+0000] {processor.py:178} INFO - Processing /home/airflow/.local/lib/python3.7/site-packages/airflow/example_dags/example_short_circuit_operator.py took 0.150 seconds
[2023-06-04T00:59:47.785+0000] {processor.py:156} INFO - Started process (PID=60) to work on /home/airflow/.local/lib/python3.7/site-packages/airflow/example_dags/example_short_circuit_operator.py
[2023-06-04T00:59:47.792+0000] {processor.py:758} INFO - Processing file /home/airflow/.local/lib/python3.7/site-packages/airflow/example_dags/example_short_circuit_operator.py for tasks to queue
[2023-06-04T00:59:47.796+0000] {logging_mixin.py:117} INFO - [2023-06-04T00:59:47.795+0000] {dagbag.py:525} INFO - Filling up the DagBag from /home/airflow/.local/lib/python3.7/site-packages/airflow/example_dags/example_short_circuit_operator.py
[2023-06-04T00:59:47.833+0000] {processor.py:768} INFO - DAG(s) dict_keys(['example_short_circuit_operator']) retrieved from /home/airflow/.local/lib/python3.7/site-packages/airflow/example_dags/example_short_circuit_operator.py
[2023-06-04T00:59:47.886+0000] {logging_mixin.py:117} INFO - [2023-06-04T00:59:47.886+0000] {dag.py:2573} INFO - Sync 1 DAGs
[2023-06-04T00:59:47.929+0000] {logging_mixin.py:117} INFO - [2023-06-04T00:59:47.929+0000] {dag.py:3328} INFO - Setting next_dagrun for example_short_circuit_operator to 2023-06-03T00:59:47.928710+00:00, run_after=2023-06-04T00:59:47.928710+00:00
[2023-06-04T00:59:47.960+0000] {processor.py:178} INFO - Processing /home/airflow/.local/lib/python3.7/site-packages/airflow/example_dags/example_short_circuit_operator.py took 0.182 seconds
[2023-06-04T01:00:18.321+0000] {processor.py:156} INFO - Started process (PID=114) to work on /home/airflow/.local/lib/python3.7/site-packages/airflow/example_dags/example_short_circuit_operator.py
[2023-06-04T01:00:18.324+0000] {processor.py:758} INFO - Processing file /home/airflow/.local/lib/python3.7/site-packages/airflow/example_dags/example_short_circuit_operator.py for tasks to queue
[2023-06-04T01:00:18.328+0000] {logging_mixin.py:117} INFO - [2023-06-04T01:00:18.328+0000] {dagbag.py:525} INFO - Filling up the DagBag from /home/airflow/.local/lib/python3.7/site-packages/airflow/example_dags/example_short_circuit_operator.py
[2023-06-04T01:00:18.373+0000] {processor.py:768} INFO - DAG(s) dict_keys(['example_short_circuit_operator']) retrieved from /home/airflow/.local/lib/python3.7/site-packages/airflow/example_dags/example_short_circuit_operator.py
[2023-06-04T01:00:18.472+0000] {logging_mixin.py:117} INFO - [2023-06-04T01:00:18.471+0000] {dag.py:2573} INFO - Sync 1 DAGs
[2023-06-04T01:00:18.519+0000] {logging_mixin.py:117} INFO - [2023-06-04T01:00:18.519+0000] {dag.py:3328} INFO - Setting next_dagrun for example_short_circuit_operator to 2023-06-03T01:00:18.519307+00:00, run_after=2023-06-04T01:00:18.519307+00:00
[2023-06-04T01:00:18.558+0000] {processor.py:178} INFO - Processing /home/airflow/.local/lib/python3.7/site-packages/airflow/example_dags/example_short_circuit_operator.py took 0.242 seconds
[2023-06-04T01:00:48.652+0000] {processor.py:156} INFO - Started process (PID=178) to work on /home/airflow/.local/lib/python3.7/site-packages/airflow/example_dags/example_short_circuit_operator.py
[2023-06-04T01:00:48.654+0000] {processor.py:758} INFO - Processing file /home/airflow/.local/lib/python3.7/site-packages/airflow/example_dags/example_short_circuit_operator.py for tasks to queue
[2023-06-04T01:00:48.656+0000] {logging_mixin.py:117} INFO - [2023-06-04T01:00:48.656+0000] {dagbag.py:525} INFO - Filling up the DagBag from /home/airflow/.local/lib/python3.7/site-packages/airflow/example_dags/example_short_circuit_operator.py
[2023-06-04T01:00:48.685+0000] {processor.py:768} INFO - DAG(s) dict_keys(['example_short_circuit_operator']) retrieved from /home/airflow/.local/lib/python3.7/site-packages/airflow/example_dags/example_short_circuit_operator.py
[2023-06-04T01:00:48.746+0000] {logging_mixin.py:117} INFO - [2023-06-04T01:00:48.746+0000] {dag.py:2573} INFO - Sync 1 DAGs
[2023-06-04T01:00:48.797+0000] {logging_mixin.py:117} INFO - [2023-06-04T01:00:48.797+0000] {dag.py:3328} INFO - Setting next_dagrun for example_short_circuit_operator to 2023-06-03T01:00:48.797215+00:00, run_after=2023-06-04T01:00:48.797215+00:00
[2023-06-04T01:00:48.833+0000] {processor.py:178} INFO - Processing /home/airflow/.local/lib/python3.7/site-packages/airflow/example_dags/example_short_circuit_operator.py took 0.186 seconds
[2023-06-04T01:01:19.199+0000] {processor.py:156} INFO - Started process (PID=241) to work on /home/airflow/.local/lib/python3.7/site-packages/airflow/example_dags/example_short_circuit_operator.py
[2023-06-04T01:01:19.202+0000] {processor.py:758} INFO - Processing file /home/airflow/.local/lib/python3.7/site-packages/airflow/example_dags/example_short_circuit_operator.py for tasks to queue
[2023-06-04T01:01:19.204+0000] {logging_mixin.py:117} INFO - [2023-06-04T01:01:19.204+0000] {dagbag.py:525} INFO - Filling up the DagBag from /home/airflow/.local/lib/python3.7/site-packages/airflow/example_dags/example_short_circuit_operator.py
[2023-06-04T01:01:19.228+0000] {processor.py:768} INFO - DAG(s) dict_keys(['example_short_circuit_operator']) retrieved from /home/airflow/.local/lib/python3.7/site-packages/airflow/example_dags/example_short_circuit_operator.py
[2023-06-04T01:01:19.284+0000] {logging_mixin.py:117} INFO - [2023-06-04T01:01:19.284+0000] {dag.py:2573} INFO - Sync 1 DAGs
[2023-06-04T01:01:19.319+0000] {logging_mixin.py:117} INFO - [2023-06-04T01:01:19.319+0000] {dag.py:3328} INFO - Setting next_dagrun for example_short_circuit_operator to 2023-06-03T01:01:19.319216+00:00, run_after=2023-06-04T01:01:19.319216+00:00
[2023-06-04T01:01:19.355+0000] {processor.py:178} INFO - Processing /home/airflow/.local/lib/python3.7/site-packages/airflow/example_dags/example_short_circuit_operator.py took 0.160 seconds
[2023-06-04T01:01:49.675+0000] {processor.py:156} INFO - Started process (PID=295) to work on /home/airflow/.local/lib/python3.7/site-packages/airflow/example_dags/example_short_circuit_operator.py
[2023-06-04T01:01:49.678+0000] {processor.py:758} INFO - Processing file /home/airflow/.local/lib/python3.7/site-packages/airflow/example_dags/example_short_circuit_operator.py for tasks to queue
[2023-06-04T01:01:49.680+0000] {logging_mixin.py:117} INFO - [2023-06-04T01:01:49.680+0000] {dagbag.py:525} INFO - Filling up the DagBag from /home/airflow/.local/lib/python3.7/site-packages/airflow/example_dags/example_short_circuit_operator.py
[2023-06-04T01:01:49.705+0000] {processor.py:768} INFO - DAG(s) dict_keys(['example_short_circuit_operator']) retrieved from /home/airflow/.local/lib/python3.7/site-packages/airflow/example_dags/example_short_circuit_operator.py
[2023-06-04T01:01:49.767+0000] {logging_mixin.py:117} INFO - [2023-06-04T01:01:49.766+0000] {dag.py:2573} INFO - Sync 1 DAGs
[2023-06-04T01:01:49.801+0000] {logging_mixin.py:117} INFO - [2023-06-04T01:01:49.801+0000] {dag.py:3328} INFO - Setting next_dagrun for example_short_circuit_operator to 2023-06-03T01:01:49.800984+00:00, run_after=2023-06-04T01:01:49.800984+00:00
[2023-06-04T01:01:49.825+0000] {processor.py:178} INFO - Processing /home/airflow/.local/lib/python3.7/site-packages/airflow/example_dags/example_short_circuit_operator.py took 0.155 seconds
[2023-06-04T01:02:19.926+0000] {processor.py:156} INFO - Started process (PID=358) to work on /home/airflow/.local/lib/python3.7/site-packages/airflow/example_dags/example_short_circuit_operator.py
[2023-06-04T01:02:19.929+0000] {processor.py:758} INFO - Processing file /home/airflow/.local/lib/python3.7/site-packages/airflow/example_dags/example_short_circuit_operator.py for tasks to queue
[2023-06-04T01:02:19.931+0000] {logging_mixin.py:117} INFO - [2023-06-04T01:02:19.931+0000] {dagbag.py:525} INFO - Filling up the DagBag from /home/airflow/.local/lib/python3.7/site-packages/airflow/example_dags/example_short_circuit_operator.py
[2023-06-04T01:02:19.955+0000] {processor.py:768} INFO - DAG(s) dict_keys(['example_short_circuit_operator']) retrieved from /home/airflow/.local/lib/python3.7/site-packages/airflow/example_dags/example_short_circuit_operator.py
[2023-06-04T01:02:20.012+0000] {logging_mixin.py:117} INFO - [2023-06-04T01:02:20.012+0000] {dag.py:2573} INFO - Sync 1 DAGs
[2023-06-04T01:02:20.047+0000] {logging_mixin.py:117} INFO - [2023-06-04T01:02:20.047+0000] {dag.py:3328} INFO - Setting next_dagrun for example_short_circuit_operator to 2023-06-03T01:02:20.046661+00:00, run_after=2023-06-04T01:02:20.046661+00:00
[2023-06-04T01:02:20.074+0000] {processor.py:178} INFO - Processing /home/airflow/.local/lib/python3.7/site-packages/airflow/example_dags/example_short_circuit_operator.py took 0.153 seconds
[2023-06-04T01:02:50.411+0000] {processor.py:156} INFO - Started process (PID=421) to work on /home/airflow/.local/lib/python3.7/site-packages/airflow/example_dags/example_short_circuit_operator.py
[2023-06-04T01:02:50.414+0000] {processor.py:758} INFO - Processing file /home/airflow/.local/lib/python3.7/site-packages/airflow/example_dags/example_short_circuit_operator.py for tasks to queue
[2023-06-04T01:02:50.415+0000] {logging_mixin.py:117} INFO - [2023-06-04T01:02:50.415+0000] {dagbag.py:525} INFO - Filling up the DagBag from /home/airflow/.local/lib/python3.7/site-packages/airflow/example_dags/example_short_circuit_operator.py
[2023-06-04T01:02:50.440+0000] {processor.py:768} INFO - DAG(s) dict_keys(['example_short_circuit_operator']) retrieved from /home/airflow/.local/lib/python3.7/site-packages/airflow/example_dags/example_short_circuit_operator.py
[2023-06-04T01:02:50.500+0000] {logging_mixin.py:117} INFO - [2023-06-04T01:02:50.500+0000] {dag.py:2573} INFO - Sync 1 DAGs
[2023-06-04T01:02:50.537+0000] {logging_mixin.py:117} INFO - [2023-06-04T01:02:50.537+0000] {dag.py:3328} INFO - Setting next_dagrun for example_short_circuit_operator to 2023-06-03T01:02:50.536598+00:00, run_after=2023-06-04T01:02:50.536598+00:00
[2023-06-04T01:02:50.597+0000] {processor.py:178} INFO - Processing /home/airflow/.local/lib/python3.7/site-packages/airflow/example_dags/example_short_circuit_operator.py took 0.191 seconds
[2023-06-04T01:03:21.069+0000] {processor.py:156} INFO - Started process (PID=475) to work on /home/airflow/.local/lib/python3.7/site-packages/airflow/example_dags/example_short_circuit_operator.py
[2023-06-04T01:03:21.071+0000] {processor.py:758} INFO - Processing file /home/airflow/.local/lib/python3.7/site-packages/airflow/example_dags/example_short_circuit_operator.py for tasks to queue
[2023-06-04T01:03:21.073+0000] {logging_mixin.py:117} INFO - [2023-06-04T01:03:21.073+0000] {dagbag.py:525} INFO - Filling up the DagBag from /home/airflow/.local/lib/python3.7/site-packages/airflow/example_dags/example_short_circuit_operator.py
[2023-06-04T01:03:21.100+0000] {processor.py:768} INFO - DAG(s) dict_keys(['example_short_circuit_operator']) retrieved from /home/airflow/.local/lib/python3.7/site-packages/airflow/example_dags/example_short_circuit_operator.py
[2023-06-04T01:03:21.157+0000] {logging_mixin.py:117} INFO - [2023-06-04T01:03:21.157+0000] {dag.py:2573} INFO - Sync 1 DAGs
[2023-06-04T01:03:21.198+0000] {logging_mixin.py:117} INFO - [2023-06-04T01:03:21.197+0000] {dag.py:3328} INFO - Setting next_dagrun for example_short_circuit_operator to 2023-06-03T01:03:21.197627+00:00, run_after=2023-06-04T01:03:21.197627+00:00
[2023-06-04T01:03:21.223+0000] {processor.py:178} INFO - Processing /home/airflow/.local/lib/python3.7/site-packages/airflow/example_dags/example_short_circuit_operator.py took 0.159 seconds
[2023-06-04T01:03:51.393+0000] {processor.py:156} INFO - Started process (PID=538) to work on /home/airflow/.local/lib/python3.7/site-packages/airflow/example_dags/example_short_circuit_operator.py
[2023-06-04T01:03:51.395+0000] {processor.py:758} INFO - Processing file /home/airflow/.local/lib/python3.7/site-packages/airflow/example_dags/example_short_circuit_operator.py for tasks to queue
[2023-06-04T01:03:51.397+0000] {logging_mixin.py:117} INFO - [2023-06-04T01:03:51.397+0000] {dagbag.py:525} INFO - Filling up the DagBag from /home/airflow/.local/lib/python3.7/site-packages/airflow/example_dags/example_short_circuit_operator.py
[2023-06-04T01:03:51.420+0000] {processor.py:768} INFO - DAG(s) dict_keys(['example_short_circuit_operator']) retrieved from /home/airflow/.local/lib/python3.7/site-packages/airflow/example_dags/example_short_circuit_operator.py
[2023-06-04T01:03:51.477+0000] {logging_mixin.py:117} INFO - [2023-06-04T01:03:51.477+0000] {dag.py:2573} INFO - Sync 1 DAGs
[2023-06-04T01:03:51.509+0000] {logging_mixin.py:117} INFO - [2023-06-04T01:03:51.509+0000] {dag.py:3328} INFO - Setting next_dagrun for example_short_circuit_operator to 2023-06-03T01:03:51.509277+00:00, run_after=2023-06-04T01:03:51.509277+00:00
[2023-06-04T01:03:51.532+0000] {processor.py:178} INFO - Processing /home/airflow/.local/lib/python3.7/site-packages/airflow/example_dags/example_short_circuit_operator.py took 0.144 seconds
[2023-06-04T01:04:21.855+0000] {processor.py:156} INFO - Started process (PID=601) to work on /home/airflow/.local/lib/python3.7/site-packages/airflow/example_dags/example_short_circuit_operator.py
[2023-06-04T01:04:21.857+0000] {processor.py:758} INFO - Processing file /home/airflow/.local/lib/python3.7/site-packages/airflow/example_dags/example_short_circuit_operator.py for tasks to queue
[2023-06-04T01:04:21.859+0000] {logging_mixin.py:117} INFO - [2023-06-04T01:04:21.858+0000] {dagbag.py:525} INFO - Filling up the DagBag from /home/airflow/.local/lib/python3.7/site-packages/airflow/example_dags/example_short_circuit_operator.py
[2023-06-04T01:04:21.882+0000] {processor.py:768} INFO - DAG(s) dict_keys(['example_short_circuit_operator']) retrieved from /home/airflow/.local/lib/python3.7/site-packages/airflow/example_dags/example_short_circuit_operator.py
[2023-06-04T01:04:21.940+0000] {logging_mixin.py:117} INFO - [2023-06-04T01:04:21.939+0000] {dag.py:2573} INFO - Sync 1 DAGs
[2023-06-04T01:04:21.979+0000] {logging_mixin.py:117} INFO - [2023-06-04T01:04:21.979+0000] {dag.py:3328} INFO - Setting next_dagrun for example_short_circuit_operator to 2023-06-03T01:04:21.979310+00:00, run_after=2023-06-04T01:04:21.979310+00:00
[2023-06-04T01:04:22.006+0000] {processor.py:178} INFO - Processing /home/airflow/.local/lib/python3.7/site-packages/airflow/example_dags/example_short_circuit_operator.py took 0.155 seconds
[2023-06-04T01:04:52.636+0000] {processor.py:156} INFO - Started process (PID=656) to work on /home/airflow/.local/lib/python3.7/site-packages/airflow/example_dags/example_short_circuit_operator.py
[2023-06-04T01:04:52.638+0000] {processor.py:758} INFO - Processing file /home/airflow/.local/lib/python3.7/site-packages/airflow/example_dags/example_short_circuit_operator.py for tasks to queue
[2023-06-04T01:04:52.640+0000] {logging_mixin.py:117} INFO - [2023-06-04T01:04:52.640+0000] {dagbag.py:525} INFO - Filling up the DagBag from /home/airflow/.local/lib/python3.7/site-packages/airflow/example_dags/example_short_circuit_operator.py
[2023-06-04T01:04:52.663+0000] {processor.py:768} INFO - DAG(s) dict_keys(['example_short_circuit_operator']) retrieved from /home/airflow/.local/lib/python3.7/site-packages/airflow/example_dags/example_short_circuit_operator.py
[2023-06-04T01:04:52.720+0000] {logging_mixin.py:117} INFO - [2023-06-04T01:04:52.720+0000] {dag.py:2573} INFO - Sync 1 DAGs
[2023-06-04T01:04:52.755+0000] {logging_mixin.py:117} INFO - [2023-06-04T01:04:52.755+0000] {dag.py:3328} INFO - Setting next_dagrun for example_short_circuit_operator to 2023-06-03T01:04:52.754735+00:00, run_after=2023-06-04T01:04:52.754735+00:00
[2023-06-04T01:04:52.779+0000] {processor.py:178} INFO - Processing /home/airflow/.local/lib/python3.7/site-packages/airflow/example_dags/example_short_circuit_operator.py took 0.148 seconds
[2023-06-04T01:05:58.278+0000] {processor.py:156} INFO - Started process (PID=62) to work on /home/airflow/.local/lib/python3.7/site-packages/airflow/example_dags/example_short_circuit_operator.py
[2023-06-04T01:05:58.281+0000] {processor.py:758} INFO - Processing file /home/airflow/.local/lib/python3.7/site-packages/airflow/example_dags/example_short_circuit_operator.py for tasks to queue
[2023-06-04T01:05:58.284+0000] {logging_mixin.py:117} INFO - [2023-06-04T01:05:58.284+0000] {dagbag.py:525} INFO - Filling up the DagBag from /home/airflow/.local/lib/python3.7/site-packages/airflow/example_dags/example_short_circuit_operator.py
[2023-06-04T01:05:58.318+0000] {processor.py:768} INFO - DAG(s) dict_keys(['example_short_circuit_operator']) retrieved from /home/airflow/.local/lib/python3.7/site-packages/airflow/example_dags/example_short_circuit_operator.py
[2023-06-04T01:05:58.368+0000] {logging_mixin.py:117} INFO - [2023-06-04T01:05:58.368+0000] {dag.py:2573} INFO - Sync 1 DAGs
[2023-06-04T01:05:58.408+0000] {logging_mixin.py:117} INFO - [2023-06-04T01:05:58.408+0000] {dag.py:3328} INFO - Setting next_dagrun for example_short_circuit_operator to 2023-06-03T01:05:58.407884+00:00, run_after=2023-06-04T01:05:58.407884+00:00
[2023-06-04T01:05:58.444+0000] {processor.py:178} INFO - Processing /home/airflow/.local/lib/python3.7/site-packages/airflow/example_dags/example_short_circuit_operator.py took 0.171 seconds
[2023-06-04T01:06:29.161+0000] {processor.py:156} INFO - Started process (PID=117) to work on /home/airflow/.local/lib/python3.7/site-packages/airflow/example_dags/example_short_circuit_operator.py
[2023-06-04T01:06:29.164+0000] {processor.py:758} INFO - Processing file /home/airflow/.local/lib/python3.7/site-packages/airflow/example_dags/example_short_circuit_operator.py for tasks to queue
[2023-06-04T01:06:29.166+0000] {logging_mixin.py:117} INFO - [2023-06-04T01:06:29.166+0000] {dagbag.py:525} INFO - Filling up the DagBag from /home/airflow/.local/lib/python3.7/site-packages/airflow/example_dags/example_short_circuit_operator.py
[2023-06-04T01:06:29.191+0000] {processor.py:768} INFO - DAG(s) dict_keys(['example_short_circuit_operator']) retrieved from /home/airflow/.local/lib/python3.7/site-packages/airflow/example_dags/example_short_circuit_operator.py
[2023-06-04T01:06:29.245+0000] {logging_mixin.py:117} INFO - [2023-06-04T01:06:29.245+0000] {dag.py:2573} INFO - Sync 1 DAGs
[2023-06-04T01:06:29.276+0000] {logging_mixin.py:117} INFO - [2023-06-04T01:06:29.276+0000] {dag.py:3328} INFO - Setting next_dagrun for example_short_circuit_operator to 2023-06-03T01:06:29.276078+00:00, run_after=2023-06-04T01:06:29.276078+00:00
[2023-06-04T01:06:29.299+0000] {processor.py:178} INFO - Processing /home/airflow/.local/lib/python3.7/site-packages/airflow/example_dags/example_short_circuit_operator.py took 0.142 seconds
[2023-06-04T01:07:00.015+0000] {processor.py:156} INFO - Started process (PID=183) to work on /home/airflow/.local/lib/python3.7/site-packages/airflow/example_dags/example_short_circuit_operator.py
[2023-06-04T01:07:00.017+0000] {processor.py:758} INFO - Processing file /home/airflow/.local/lib/python3.7/site-packages/airflow/example_dags/example_short_circuit_operator.py for tasks to queue
[2023-06-04T01:07:00.019+0000] {logging_mixin.py:117} INFO - [2023-06-04T01:07:00.019+0000] {dagbag.py:525} INFO - Filling up the DagBag from /home/airflow/.local/lib/python3.7/site-packages/airflow/example_dags/example_short_circuit_operator.py
[2023-06-04T01:07:00.045+0000] {processor.py:768} INFO - DAG(s) dict_keys(['example_short_circuit_operator']) retrieved from /home/airflow/.local/lib/python3.7/site-packages/airflow/example_dags/example_short_circuit_operator.py
[2023-06-04T01:07:00.098+0000] {logging_mixin.py:117} INFO - [2023-06-04T01:07:00.098+0000] {dag.py:2573} INFO - Sync 1 DAGs
[2023-06-04T01:07:00.130+0000] {logging_mixin.py:117} INFO - [2023-06-04T01:07:00.130+0000] {dag.py:3328} INFO - Setting next_dagrun for example_short_circuit_operator to 2023-06-03T01:07:00.129839+00:00, run_after=2023-06-04T01:07:00.129839+00:00
[2023-06-04T01:07:00.152+0000] {processor.py:178} INFO - Processing /home/airflow/.local/lib/python3.7/site-packages/airflow/example_dags/example_short_circuit_operator.py took 0.141 seconds
[2023-06-04T01:07:30.795+0000] {processor.py:156} INFO - Started process (PID=247) to work on /home/airflow/.local/lib/python3.7/site-packages/airflow/example_dags/example_short_circuit_operator.py
[2023-06-04T01:07:30.797+0000] {processor.py:758} INFO - Processing file /home/airflow/.local/lib/python3.7/site-packages/airflow/example_dags/example_short_circuit_operator.py for tasks to queue
[2023-06-04T01:07:30.799+0000] {logging_mixin.py:117} INFO - [2023-06-04T01:07:30.799+0000] {dagbag.py:525} INFO - Filling up the DagBag from /home/airflow/.local/lib/python3.7/site-packages/airflow/example_dags/example_short_circuit_operator.py
[2023-06-04T01:07:30.823+0000] {processor.py:768} INFO - DAG(s) dict_keys(['example_short_circuit_operator']) retrieved from /home/airflow/.local/lib/python3.7/site-packages/airflow/example_dags/example_short_circuit_operator.py
[2023-06-04T01:07:30.877+0000] {logging_mixin.py:117} INFO - [2023-06-04T01:07:30.877+0000] {dag.py:2573} INFO - Sync 1 DAGs
[2023-06-04T01:07:30.909+0000] {logging_mixin.py:117} INFO - [2023-06-04T01:07:30.908+0000] {dag.py:3328} INFO - Setting next_dagrun for example_short_circuit_operator to 2023-06-03T01:07:30.908562+00:00, run_after=2023-06-04T01:07:30.908562+00:00
[2023-06-04T01:07:30.934+0000] {processor.py:178} INFO - Processing /home/airflow/.local/lib/python3.7/site-packages/airflow/example_dags/example_short_circuit_operator.py took 0.144 seconds
[2023-06-04T01:08:01.466+0000] {processor.py:156} INFO - Started process (PID=311) to work on /home/airflow/.local/lib/python3.7/site-packages/airflow/example_dags/example_short_circuit_operator.py
[2023-06-04T01:08:01.469+0000] {processor.py:758} INFO - Processing file /home/airflow/.local/lib/python3.7/site-packages/airflow/example_dags/example_short_circuit_operator.py for tasks to queue
[2023-06-04T01:08:01.471+0000] {logging_mixin.py:117} INFO - [2023-06-04T01:08:01.471+0000] {dagbag.py:525} INFO - Filling up the DagBag from /home/airflow/.local/lib/python3.7/site-packages/airflow/example_dags/example_short_circuit_operator.py
[2023-06-04T01:08:01.501+0000] {processor.py:768} INFO - DAG(s) dict_keys(['example_short_circuit_operator']) retrieved from /home/airflow/.local/lib/python3.7/site-packages/airflow/example_dags/example_short_circuit_operator.py
[2023-06-04T01:08:01.569+0000] {logging_mixin.py:117} INFO - [2023-06-04T01:08:01.569+0000] {dag.py:2573} INFO - Sync 1 DAGs
[2023-06-04T01:08:01.602+0000] {logging_mixin.py:117} INFO - [2023-06-04T01:08:01.602+0000] {dag.py:3328} INFO - Setting next_dagrun for example_short_circuit_operator to 2023-06-03T01:08:01.602077+00:00, run_after=2023-06-04T01:08:01.602077+00:00
[2023-06-04T01:08:01.626+0000] {processor.py:178} INFO - Processing /home/airflow/.local/lib/python3.7/site-packages/airflow/example_dags/example_short_circuit_operator.py took 0.165 seconds
[2023-06-04T01:08:32.262+0000] {processor.py:156} INFO - Started process (PID=366) to work on /home/airflow/.local/lib/python3.7/site-packages/airflow/example_dags/example_short_circuit_operator.py
[2023-06-04T01:08:32.265+0000] {processor.py:758} INFO - Processing file /home/airflow/.local/lib/python3.7/site-packages/airflow/example_dags/example_short_circuit_operator.py for tasks to queue
[2023-06-04T01:08:32.266+0000] {logging_mixin.py:117} INFO - [2023-06-04T01:08:32.266+0000] {dagbag.py:525} INFO - Filling up the DagBag from /home/airflow/.local/lib/python3.7/site-packages/airflow/example_dags/example_short_circuit_operator.py
[2023-06-04T01:08:32.292+0000] {processor.py:768} INFO - DAG(s) dict_keys(['example_short_circuit_operator']) retrieved from /home/airflow/.local/lib/python3.7/site-packages/airflow/example_dags/example_short_circuit_operator.py
[2023-06-04T01:08:32.346+0000] {logging_mixin.py:117} INFO - [2023-06-04T01:08:32.346+0000] {dag.py:2573} INFO - Sync 1 DAGs
[2023-06-04T01:08:32.378+0000] {logging_mixin.py:117} INFO - [2023-06-04T01:08:32.378+0000] {dag.py:3328} INFO - Setting next_dagrun for example_short_circuit_operator to 2023-06-03T01:08:32.378433+00:00, run_after=2023-06-04T01:08:32.378433+00:00
[2023-06-04T01:08:32.402+0000] {processor.py:178} INFO - Processing /home/airflow/.local/lib/python3.7/site-packages/airflow/example_dags/example_short_circuit_operator.py took 0.144 seconds
[2023-06-04T01:09:03.129+0000] {processor.py:156} INFO - Started process (PID=430) to work on /home/airflow/.local/lib/python3.7/site-packages/airflow/example_dags/example_short_circuit_operator.py
[2023-06-04T01:09:03.131+0000] {processor.py:758} INFO - Processing file /home/airflow/.local/lib/python3.7/site-packages/airflow/example_dags/example_short_circuit_operator.py for tasks to queue
[2023-06-04T01:09:03.133+0000] {logging_mixin.py:117} INFO - [2023-06-04T01:09:03.133+0000] {dagbag.py:525} INFO - Filling up the DagBag from /home/airflow/.local/lib/python3.7/site-packages/airflow/example_dags/example_short_circuit_operator.py
[2023-06-04T01:09:03.164+0000] {processor.py:768} INFO - DAG(s) dict_keys(['example_short_circuit_operator']) retrieved from /home/airflow/.local/lib/python3.7/site-packages/airflow/example_dags/example_short_circuit_operator.py
[2023-06-04T01:09:03.221+0000] {logging_mixin.py:117} INFO - [2023-06-04T01:09:03.221+0000] {dag.py:2573} INFO - Sync 1 DAGs
[2023-06-04T01:09:03.256+0000] {logging_mixin.py:117} INFO - [2023-06-04T01:09:03.255+0000] {dag.py:3328} INFO - Setting next_dagrun for example_short_circuit_operator to 2023-06-03T01:09:03.255508+00:00, run_after=2023-06-04T01:09:03.255508+00:00
[2023-06-04T01:09:03.280+0000] {processor.py:178} INFO - Processing /home/airflow/.local/lib/python3.7/site-packages/airflow/example_dags/example_short_circuit_operator.py took 0.156 seconds
[2023-06-04T01:09:34.189+0000] {processor.py:156} INFO - Started process (PID=494) to work on /home/airflow/.local/lib/python3.7/site-packages/airflow/example_dags/example_short_circuit_operator.py
[2023-06-04T01:09:34.191+0000] {processor.py:758} INFO - Processing file /home/airflow/.local/lib/python3.7/site-packages/airflow/example_dags/example_short_circuit_operator.py for tasks to queue
[2023-06-04T01:09:34.194+0000] {logging_mixin.py:117} INFO - [2023-06-04T01:09:34.193+0000] {dagbag.py:525} INFO - Filling up the DagBag from /home/airflow/.local/lib/python3.7/site-packages/airflow/example_dags/example_short_circuit_operator.py
[2023-06-04T01:09:34.224+0000] {processor.py:768} INFO - DAG(s) dict_keys(['example_short_circuit_operator']) retrieved from /home/airflow/.local/lib/python3.7/site-packages/airflow/example_dags/example_short_circuit_operator.py
[2023-06-04T01:09:34.278+0000] {logging_mixin.py:117} INFO - [2023-06-04T01:09:34.278+0000] {dag.py:2573} INFO - Sync 1 DAGs
[2023-06-04T01:09:34.311+0000] {logging_mixin.py:117} INFO - [2023-06-04T01:09:34.311+0000] {dag.py:3328} INFO - Setting next_dagrun for example_short_circuit_operator to 2023-06-03T01:09:34.311242+00:00, run_after=2023-06-04T01:09:34.311242+00:00
[2023-06-04T01:09:34.335+0000] {processor.py:178} INFO - Processing /home/airflow/.local/lib/python3.7/site-packages/airflow/example_dags/example_short_circuit_operator.py took 0.152 seconds
[2023-06-04T01:10:05.040+0000] {processor.py:156} INFO - Started process (PID=549) to work on /home/airflow/.local/lib/python3.7/site-packages/airflow/example_dags/example_short_circuit_operator.py
[2023-06-04T01:10:05.041+0000] {processor.py:758} INFO - Processing file /home/airflow/.local/lib/python3.7/site-packages/airflow/example_dags/example_short_circuit_operator.py for tasks to queue
[2023-06-04T01:10:05.043+0000] {logging_mixin.py:117} INFO - [2023-06-04T01:10:05.043+0000] {dagbag.py:525} INFO - Filling up the DagBag from /home/airflow/.local/lib/python3.7/site-packages/airflow/example_dags/example_short_circuit_operator.py
[2023-06-04T01:10:05.069+0000] {processor.py:768} INFO - DAG(s) dict_keys(['example_short_circuit_operator']) retrieved from /home/airflow/.local/lib/python3.7/site-packages/airflow/example_dags/example_short_circuit_operator.py
[2023-06-04T01:10:05.122+0000] {logging_mixin.py:117} INFO - [2023-06-04T01:10:05.122+0000] {dag.py:2573} INFO - Sync 1 DAGs
[2023-06-04T01:10:05.154+0000] {logging_mixin.py:117} INFO - [2023-06-04T01:10:05.154+0000] {dag.py:3328} INFO - Setting next_dagrun for example_short_circuit_operator to 2023-06-03T01:10:05.153889+00:00, run_after=2023-06-04T01:10:05.153889+00:00
[2023-06-04T01:10:05.178+0000] {processor.py:178} INFO - Processing /home/airflow/.local/lib/python3.7/site-packages/airflow/example_dags/example_short_circuit_operator.py took 0.143 seconds
[2023-06-04T01:10:35.584+0000] {processor.py:156} INFO - Started process (PID=613) to work on /home/airflow/.local/lib/python3.7/site-packages/airflow/example_dags/example_short_circuit_operator.py
[2023-06-04T01:10:35.586+0000] {processor.py:758} INFO - Processing file /home/airflow/.local/lib/python3.7/site-packages/airflow/example_dags/example_short_circuit_operator.py for tasks to queue
[2023-06-04T01:10:35.589+0000] {logging_mixin.py:117} INFO - [2023-06-04T01:10:35.589+0000] {dagbag.py:525} INFO - Filling up the DagBag from /home/airflow/.local/lib/python3.7/site-packages/airflow/example_dags/example_short_circuit_operator.py
[2023-06-04T01:10:35.613+0000] {processor.py:768} INFO - DAG(s) dict_keys(['example_short_circuit_operator']) retrieved from /home/airflow/.local/lib/python3.7/site-packages/airflow/example_dags/example_short_circuit_operator.py
[2023-06-04T01:10:35.667+0000] {logging_mixin.py:117} INFO - [2023-06-04T01:10:35.667+0000] {dag.py:2573} INFO - Sync 1 DAGs
[2023-06-04T01:10:35.699+0000] {logging_mixin.py:117} INFO - [2023-06-04T01:10:35.699+0000] {dag.py:3328} INFO - Setting next_dagrun for example_short_circuit_operator to 2023-06-03T01:10:35.699172+00:00, run_after=2023-06-04T01:10:35.699172+00:00
[2023-06-04T01:10:35.725+0000] {processor.py:178} INFO - Processing /home/airflow/.local/lib/python3.7/site-packages/airflow/example_dags/example_short_circuit_operator.py took 0.146 seconds
[2023-06-04T01:11:06.170+0000] {processor.py:156} INFO - Started process (PID=677) to work on /home/airflow/.local/lib/python3.7/site-packages/airflow/example_dags/example_short_circuit_operator.py
[2023-06-04T01:11:06.172+0000] {processor.py:758} INFO - Processing file /home/airflow/.local/lib/python3.7/site-packages/airflow/example_dags/example_short_circuit_operator.py for tasks to queue
[2023-06-04T01:11:06.174+0000] {logging_mixin.py:117} INFO - [2023-06-04T01:11:06.173+0000] {dagbag.py:525} INFO - Filling up the DagBag from /home/airflow/.local/lib/python3.7/site-packages/airflow/example_dags/example_short_circuit_operator.py
[2023-06-04T01:11:06.195+0000] {processor.py:768} INFO - DAG(s) dict_keys(['example_short_circuit_operator']) retrieved from /home/airflow/.local/lib/python3.7/site-packages/airflow/example_dags/example_short_circuit_operator.py
[2023-06-04T01:11:06.242+0000] {logging_mixin.py:117} INFO - [2023-06-04T01:11:06.242+0000] {dag.py:2573} INFO - Sync 1 DAGs
[2023-06-04T01:11:06.271+0000] {logging_mixin.py:117} INFO - [2023-06-04T01:11:06.271+0000] {dag.py:3328} INFO - Setting next_dagrun for example_short_circuit_operator to 2023-06-03T01:11:06.270778+00:00, run_after=2023-06-04T01:11:06.270778+00:00
[2023-06-04T01:11:06.292+0000] {processor.py:178} INFO - Processing /home/airflow/.local/lib/python3.7/site-packages/airflow/example_dags/example_short_circuit_operator.py took 0.126 seconds
[2023-06-04T01:11:37.026+0000] {processor.py:156} INFO - Started process (PID=732) to work on /home/airflow/.local/lib/python3.7/site-packages/airflow/example_dags/example_short_circuit_operator.py
[2023-06-04T01:11:37.029+0000] {processor.py:758} INFO - Processing file /home/airflow/.local/lib/python3.7/site-packages/airflow/example_dags/example_short_circuit_operator.py for tasks to queue
[2023-06-04T01:11:37.032+0000] {logging_mixin.py:117} INFO - [2023-06-04T01:11:37.032+0000] {dagbag.py:525} INFO - Filling up the DagBag from /home/airflow/.local/lib/python3.7/site-packages/airflow/example_dags/example_short_circuit_operator.py
[2023-06-04T01:11:37.060+0000] {processor.py:768} INFO - DAG(s) dict_keys(['example_short_circuit_operator']) retrieved from /home/airflow/.local/lib/python3.7/site-packages/airflow/example_dags/example_short_circuit_operator.py
[2023-06-04T01:11:37.120+0000] {logging_mixin.py:117} INFO - [2023-06-04T01:11:37.120+0000] {dag.py:2573} INFO - Sync 1 DAGs
[2023-06-04T01:11:37.154+0000] {logging_mixin.py:117} INFO - [2023-06-04T01:11:37.154+0000] {dag.py:3328} INFO - Setting next_dagrun for example_short_circuit_operator to 2023-06-03T01:11:37.153987+00:00, run_after=2023-06-04T01:11:37.153987+00:00
[2023-06-04T01:11:37.185+0000] {processor.py:178} INFO - Processing /home/airflow/.local/lib/python3.7/site-packages/airflow/example_dags/example_short_circuit_operator.py took 0.164 seconds
[2023-06-04T01:12:07.430+0000] {processor.py:156} INFO - Started process (PID=796) to work on /home/airflow/.local/lib/python3.7/site-packages/airflow/example_dags/example_short_circuit_operator.py
[2023-06-04T01:12:07.433+0000] {processor.py:758} INFO - Processing file /home/airflow/.local/lib/python3.7/site-packages/airflow/example_dags/example_short_circuit_operator.py for tasks to queue
[2023-06-04T01:12:07.435+0000] {logging_mixin.py:117} INFO - [2023-06-04T01:12:07.435+0000] {dagbag.py:525} INFO - Filling up the DagBag from /home/airflow/.local/lib/python3.7/site-packages/airflow/example_dags/example_short_circuit_operator.py
[2023-06-04T01:12:07.460+0000] {processor.py:768} INFO - DAG(s) dict_keys(['example_short_circuit_operator']) retrieved from /home/airflow/.local/lib/python3.7/site-packages/airflow/example_dags/example_short_circuit_operator.py
[2023-06-04T01:12:07.513+0000] {logging_mixin.py:117} INFO - [2023-06-04T01:12:07.513+0000] {dag.py:2573} INFO - Sync 1 DAGs
[2023-06-04T01:12:07.545+0000] {logging_mixin.py:117} INFO - [2023-06-04T01:12:07.545+0000] {dag.py:3328} INFO - Setting next_dagrun for example_short_circuit_operator to 2023-06-03T01:12:07.544686+00:00, run_after=2023-06-04T01:12:07.544686+00:00
[2023-06-04T01:12:07.567+0000] {processor.py:178} INFO - Processing /home/airflow/.local/lib/python3.7/site-packages/airflow/example_dags/example_short_circuit_operator.py took 0.142 seconds
[2023-06-04T01:12:37.953+0000] {processor.py:156} INFO - Started process (PID=860) to work on /home/airflow/.local/lib/python3.7/site-packages/airflow/example_dags/example_short_circuit_operator.py
[2023-06-04T01:12:37.955+0000] {processor.py:758} INFO - Processing file /home/airflow/.local/lib/python3.7/site-packages/airflow/example_dags/example_short_circuit_operator.py for tasks to queue
[2023-06-04T01:12:37.957+0000] {logging_mixin.py:117} INFO - [2023-06-04T01:12:37.956+0000] {dagbag.py:525} INFO - Filling up the DagBag from /home/airflow/.local/lib/python3.7/site-packages/airflow/example_dags/example_short_circuit_operator.py
[2023-06-04T01:12:37.981+0000] {processor.py:768} INFO - DAG(s) dict_keys(['example_short_circuit_operator']) retrieved from /home/airflow/.local/lib/python3.7/site-packages/airflow/example_dags/example_short_circuit_operator.py
[2023-06-04T01:12:38.035+0000] {logging_mixin.py:117} INFO - [2023-06-04T01:12:38.035+0000] {dag.py:2573} INFO - Sync 1 DAGs
[2023-06-04T01:12:38.068+0000] {logging_mixin.py:117} INFO - [2023-06-04T01:12:38.068+0000] {dag.py:3328} INFO - Setting next_dagrun for example_short_circuit_operator to 2023-06-03T01:12:38.068099+00:00, run_after=2023-06-04T01:12:38.068099+00:00
[2023-06-04T01:12:38.094+0000] {processor.py:178} INFO - Processing /home/airflow/.local/lib/python3.7/site-packages/airflow/example_dags/example_short_circuit_operator.py took 0.146 seconds
[2023-06-04T01:13:08.306+0000] {processor.py:156} INFO - Started process (PID=922) to work on /home/airflow/.local/lib/python3.7/site-packages/airflow/example_dags/example_short_circuit_operator.py
[2023-06-04T01:13:08.309+0000] {processor.py:758} INFO - Processing file /home/airflow/.local/lib/python3.7/site-packages/airflow/example_dags/example_short_circuit_operator.py for tasks to queue
[2023-06-04T01:13:08.311+0000] {logging_mixin.py:117} INFO - [2023-06-04T01:13:08.311+0000] {dagbag.py:525} INFO - Filling up the DagBag from /home/airflow/.local/lib/python3.7/site-packages/airflow/example_dags/example_short_circuit_operator.py
[2023-06-04T01:13:08.336+0000] {processor.py:768} INFO - DAG(s) dict_keys(['example_short_circuit_operator']) retrieved from /home/airflow/.local/lib/python3.7/site-packages/airflow/example_dags/example_short_circuit_operator.py
[2023-06-04T01:13:08.393+0000] {logging_mixin.py:117} INFO - [2023-06-04T01:13:08.392+0000] {dag.py:2573} INFO - Sync 1 DAGs
[2023-06-04T01:13:08.427+0000] {logging_mixin.py:117} INFO - [2023-06-04T01:13:08.427+0000] {dag.py:3328} INFO - Setting next_dagrun for example_short_circuit_operator to 2023-06-03T01:13:08.426889+00:00, run_after=2023-06-04T01:13:08.426889+00:00
[2023-06-04T01:13:08.452+0000] {processor.py:178} INFO - Processing /home/airflow/.local/lib/python3.7/site-packages/airflow/example_dags/example_short_circuit_operator.py took 0.151 seconds
[2023-06-04T01:13:38.727+0000] {processor.py:156} INFO - Started process (PID=979) to work on /home/airflow/.local/lib/python3.7/site-packages/airflow/example_dags/example_short_circuit_operator.py
[2023-06-04T01:13:38.729+0000] {processor.py:758} INFO - Processing file /home/airflow/.local/lib/python3.7/site-packages/airflow/example_dags/example_short_circuit_operator.py for tasks to queue
[2023-06-04T01:13:38.731+0000] {logging_mixin.py:117} INFO - [2023-06-04T01:13:38.731+0000] {dagbag.py:525} INFO - Filling up the DagBag from /home/airflow/.local/lib/python3.7/site-packages/airflow/example_dags/example_short_circuit_operator.py
[2023-06-04T01:13:38.759+0000] {processor.py:768} INFO - DAG(s) dict_keys(['example_short_circuit_operator']) retrieved from /home/airflow/.local/lib/python3.7/site-packages/airflow/example_dags/example_short_circuit_operator.py
[2023-06-04T01:13:38.814+0000] {logging_mixin.py:117} INFO - [2023-06-04T01:13:38.814+0000] {dag.py:2573} INFO - Sync 1 DAGs
[2023-06-04T01:13:38.848+0000] {logging_mixin.py:117} INFO - [2023-06-04T01:13:38.847+0000] {dag.py:3328} INFO - Setting next_dagrun for example_short_circuit_operator to 2023-06-03T01:13:38.847470+00:00, run_after=2023-06-04T01:13:38.847470+00:00
[2023-06-04T01:13:38.874+0000] {processor.py:178} INFO - Processing /home/airflow/.local/lib/python3.7/site-packages/airflow/example_dags/example_short_circuit_operator.py took 0.152 seconds
[2023-06-04T01:14:09.376+0000] {processor.py:156} INFO - Started process (PID=1042) to work on /home/airflow/.local/lib/python3.7/site-packages/airflow/example_dags/example_short_circuit_operator.py
[2023-06-04T01:14:09.379+0000] {processor.py:758} INFO - Processing file /home/airflow/.local/lib/python3.7/site-packages/airflow/example_dags/example_short_circuit_operator.py for tasks to queue
[2023-06-04T01:14:09.381+0000] {logging_mixin.py:117} INFO - [2023-06-04T01:14:09.380+0000] {dagbag.py:525} INFO - Filling up the DagBag from /home/airflow/.local/lib/python3.7/site-packages/airflow/example_dags/example_short_circuit_operator.py
[2023-06-04T01:14:09.408+0000] {processor.py:768} INFO - DAG(s) dict_keys(['example_short_circuit_operator']) retrieved from /home/airflow/.local/lib/python3.7/site-packages/airflow/example_dags/example_short_circuit_operator.py
[2023-06-04T01:14:09.489+0000] {logging_mixin.py:117} INFO - [2023-06-04T01:14:09.488+0000] {dag.py:2573} INFO - Sync 1 DAGs
[2023-06-04T01:14:09.528+0000] {logging_mixin.py:117} INFO - [2023-06-04T01:14:09.528+0000] {dag.py:3328} INFO - Setting next_dagrun for example_short_circuit_operator to 2023-06-03T01:14:09.527889+00:00, run_after=2023-06-04T01:14:09.527889+00:00
[2023-06-04T01:14:09.560+0000] {processor.py:178} INFO - Processing /home/airflow/.local/lib/python3.7/site-packages/airflow/example_dags/example_short_circuit_operator.py took 0.191 seconds
[2023-06-04T01:14:40.019+0000] {processor.py:156} INFO - Started process (PID=1103) to work on /home/airflow/.local/lib/python3.7/site-packages/airflow/example_dags/example_short_circuit_operator.py
[2023-06-04T01:14:40.022+0000] {processor.py:758} INFO - Processing file /home/airflow/.local/lib/python3.7/site-packages/airflow/example_dags/example_short_circuit_operator.py for tasks to queue
[2023-06-04T01:14:40.024+0000] {logging_mixin.py:117} INFO - [2023-06-04T01:14:40.024+0000] {dagbag.py:525} INFO - Filling up the DagBag from /home/airflow/.local/lib/python3.7/site-packages/airflow/example_dags/example_short_circuit_operator.py
[2023-06-04T01:14:40.057+0000] {processor.py:768} INFO - DAG(s) dict_keys(['example_short_circuit_operator']) retrieved from /home/airflow/.local/lib/python3.7/site-packages/airflow/example_dags/example_short_circuit_operator.py
[2023-06-04T01:14:40.118+0000] {logging_mixin.py:117} INFO - [2023-06-04T01:14:40.118+0000] {dag.py:2573} INFO - Sync 1 DAGs
[2023-06-04T01:14:40.157+0000] {logging_mixin.py:117} INFO - [2023-06-04T01:14:40.157+0000] {dag.py:3328} INFO - Setting next_dagrun for example_short_circuit_operator to 2023-06-03T01:14:40.156956+00:00, run_after=2023-06-04T01:14:40.156956+00:00
[2023-06-04T01:14:40.183+0000] {processor.py:178} INFO - Processing /home/airflow/.local/lib/python3.7/site-packages/airflow/example_dags/example_short_circuit_operator.py took 0.170 seconds
[2023-06-04T01:15:10.324+0000] {processor.py:156} INFO - Started process (PID=1160) to work on /home/airflow/.local/lib/python3.7/site-packages/airflow/example_dags/example_short_circuit_operator.py
[2023-06-04T01:15:10.327+0000] {processor.py:758} INFO - Processing file /home/airflow/.local/lib/python3.7/site-packages/airflow/example_dags/example_short_circuit_operator.py for tasks to queue
[2023-06-04T01:15:10.330+0000] {logging_mixin.py:117} INFO - [2023-06-04T01:15:10.329+0000] {dagbag.py:525} INFO - Filling up the DagBag from /home/airflow/.local/lib/python3.7/site-packages/airflow/example_dags/example_short_circuit_operator.py
[2023-06-04T01:15:10.381+0000] {processor.py:768} INFO - DAG(s) dict_keys(['example_short_circuit_operator']) retrieved from /home/airflow/.local/lib/python3.7/site-packages/airflow/example_dags/example_short_circuit_operator.py
[2023-06-04T01:15:10.470+0000] {logging_mixin.py:117} INFO - [2023-06-04T01:15:10.470+0000] {dag.py:2573} INFO - Sync 1 DAGs
[2023-06-04T01:15:10.574+0000] {logging_mixin.py:117} INFO - [2023-06-04T01:15:10.574+0000] {dag.py:3328} INFO - Setting next_dagrun for example_short_circuit_operator to 2023-06-03T01:15:10.573114+00:00, run_after=2023-06-04T01:15:10.573114+00:00
[2023-06-04T01:15:10.641+0000] {processor.py:178} INFO - Processing /home/airflow/.local/lib/python3.7/site-packages/airflow/example_dags/example_short_circuit_operator.py took 0.324 seconds
[2023-06-04T01:15:41.244+0000] {processor.py:156} INFO - Started process (PID=1224) to work on /home/airflow/.local/lib/python3.7/site-packages/airflow/example_dags/example_short_circuit_operator.py
[2023-06-04T01:15:41.266+0000] {processor.py:758} INFO - Processing file /home/airflow/.local/lib/python3.7/site-packages/airflow/example_dags/example_short_circuit_operator.py for tasks to queue
[2023-06-04T01:15:41.271+0000] {logging_mixin.py:117} INFO - [2023-06-04T01:15:41.271+0000] {dagbag.py:525} INFO - Filling up the DagBag from /home/airflow/.local/lib/python3.7/site-packages/airflow/example_dags/example_short_circuit_operator.py
[2023-06-04T01:15:41.311+0000] {processor.py:768} INFO - DAG(s) dict_keys(['example_short_circuit_operator']) retrieved from /home/airflow/.local/lib/python3.7/site-packages/airflow/example_dags/example_short_circuit_operator.py
[2023-06-04T01:15:41.426+0000] {logging_mixin.py:117} INFO - [2023-06-04T01:15:41.426+0000] {dag.py:2573} INFO - Sync 1 DAGs
[2023-06-04T01:15:41.475+0000] {logging_mixin.py:117} INFO - [2023-06-04T01:15:41.474+0000] {dag.py:3328} INFO - Setting next_dagrun for example_short_circuit_operator to 2023-06-03T01:15:41.474431+00:00, run_after=2023-06-04T01:15:41.474431+00:00
[2023-06-04T01:15:41.505+0000] {processor.py:178} INFO - Processing /home/airflow/.local/lib/python3.7/site-packages/airflow/example_dags/example_short_circuit_operator.py took 0.269 seconds
[2023-06-04T01:16:11.651+0000] {processor.py:156} INFO - Started process (PID=1279) to work on /home/airflow/.local/lib/python3.7/site-packages/airflow/example_dags/example_short_circuit_operator.py
[2023-06-04T01:16:11.654+0000] {processor.py:758} INFO - Processing file /home/airflow/.local/lib/python3.7/site-packages/airflow/example_dags/example_short_circuit_operator.py for tasks to queue
[2023-06-04T01:16:11.658+0000] {logging_mixin.py:117} INFO - [2023-06-04T01:16:11.657+0000] {dagbag.py:525} INFO - Filling up the DagBag from /home/airflow/.local/lib/python3.7/site-packages/airflow/example_dags/example_short_circuit_operator.py
[2023-06-04T01:16:11.717+0000] {processor.py:768} INFO - DAG(s) dict_keys(['example_short_circuit_operator']) retrieved from /home/airflow/.local/lib/python3.7/site-packages/airflow/example_dags/example_short_circuit_operator.py
[2023-06-04T01:16:11.836+0000] {logging_mixin.py:117} INFO - [2023-06-04T01:16:11.835+0000] {dag.py:2573} INFO - Sync 1 DAGs
[2023-06-04T01:16:11.917+0000] {logging_mixin.py:117} INFO - [2023-06-04T01:16:11.916+0000] {dag.py:3328} INFO - Setting next_dagrun for example_short_circuit_operator to 2023-06-03T01:16:11.915930+00:00, run_after=2023-06-04T01:16:11.915930+00:00
[2023-06-04T01:16:11.971+0000] {processor.py:178} INFO - Processing /home/airflow/.local/lib/python3.7/site-packages/airflow/example_dags/example_short_circuit_operator.py took 0.325 seconds
[2023-06-04T01:16:42.827+0000] {processor.py:156} INFO - Started process (PID=1343) to work on /home/airflow/.local/lib/python3.7/site-packages/airflow/example_dags/example_short_circuit_operator.py
[2023-06-04T01:16:42.829+0000] {processor.py:758} INFO - Processing file /home/airflow/.local/lib/python3.7/site-packages/airflow/example_dags/example_short_circuit_operator.py for tasks to queue
[2023-06-04T01:16:42.831+0000] {logging_mixin.py:117} INFO - [2023-06-04T01:16:42.830+0000] {dagbag.py:525} INFO - Filling up the DagBag from /home/airflow/.local/lib/python3.7/site-packages/airflow/example_dags/example_short_circuit_operator.py
[2023-06-04T01:16:42.855+0000] {processor.py:768} INFO - DAG(s) dict_keys(['example_short_circuit_operator']) retrieved from /home/airflow/.local/lib/python3.7/site-packages/airflow/example_dags/example_short_circuit_operator.py
[2023-06-04T01:16:42.910+0000] {logging_mixin.py:117} INFO - [2023-06-04T01:16:42.910+0000] {dag.py:2573} INFO - Sync 1 DAGs
[2023-06-04T01:16:42.943+0000] {logging_mixin.py:117} INFO - [2023-06-04T01:16:42.943+0000] {dag.py:3328} INFO - Setting next_dagrun for example_short_circuit_operator to 2023-06-03T01:16:42.942730+00:00, run_after=2023-06-04T01:16:42.942730+00:00
[2023-06-04T01:16:42.974+0000] {processor.py:178} INFO - Processing /home/airflow/.local/lib/python3.7/site-packages/airflow/example_dags/example_short_circuit_operator.py took 0.152 seconds
[2023-06-04T01:17:13.619+0000] {processor.py:156} INFO - Started process (PID=1407) to work on /home/airflow/.local/lib/python3.7/site-packages/airflow/example_dags/example_short_circuit_operator.py
[2023-06-04T01:17:13.622+0000] {processor.py:758} INFO - Processing file /home/airflow/.local/lib/python3.7/site-packages/airflow/example_dags/example_short_circuit_operator.py for tasks to queue
[2023-06-04T01:17:13.624+0000] {logging_mixin.py:117} INFO - [2023-06-04T01:17:13.624+0000] {dagbag.py:525} INFO - Filling up the DagBag from /home/airflow/.local/lib/python3.7/site-packages/airflow/example_dags/example_short_circuit_operator.py
[2023-06-04T01:17:13.658+0000] {processor.py:768} INFO - DAG(s) dict_keys(['example_short_circuit_operator']) retrieved from /home/airflow/.local/lib/python3.7/site-packages/airflow/example_dags/example_short_circuit_operator.py
[2023-06-04T01:17:13.750+0000] {logging_mixin.py:117} INFO - [2023-06-04T01:17:13.750+0000] {dag.py:2573} INFO - Sync 1 DAGs
[2023-06-04T01:17:13.867+0000] {logging_mixin.py:117} INFO - [2023-06-04T01:17:13.867+0000] {dag.py:3328} INFO - Setting next_dagrun for example_short_circuit_operator to 2023-06-03T01:17:13.866970+00:00, run_after=2023-06-04T01:17:13.866970+00:00
[2023-06-04T01:17:13.891+0000] {processor.py:178} INFO - Processing /home/airflow/.local/lib/python3.7/site-packages/airflow/example_dags/example_short_circuit_operator.py took 0.278 seconds
[2023-06-04T01:17:44.021+0000] {processor.py:156} INFO - Started process (PID=1462) to work on /home/airflow/.local/lib/python3.7/site-packages/airflow/example_dags/example_short_circuit_operator.py
[2023-06-04T01:17:44.023+0000] {processor.py:758} INFO - Processing file /home/airflow/.local/lib/python3.7/site-packages/airflow/example_dags/example_short_circuit_operator.py for tasks to queue
[2023-06-04T01:17:44.024+0000] {logging_mixin.py:117} INFO - [2023-06-04T01:17:44.024+0000] {dagbag.py:525} INFO - Filling up the DagBag from /home/airflow/.local/lib/python3.7/site-packages/airflow/example_dags/example_short_circuit_operator.py
[2023-06-04T01:17:44.048+0000] {processor.py:768} INFO - DAG(s) dict_keys(['example_short_circuit_operator']) retrieved from /home/airflow/.local/lib/python3.7/site-packages/airflow/example_dags/example_short_circuit_operator.py
[2023-06-04T01:17:44.104+0000] {logging_mixin.py:117} INFO - [2023-06-04T01:17:44.104+0000] {dag.py:2573} INFO - Sync 1 DAGs
[2023-06-04T01:17:44.137+0000] {logging_mixin.py:117} INFO - [2023-06-04T01:17:44.136+0000] {dag.py:3328} INFO - Setting next_dagrun for example_short_circuit_operator to 2023-06-03T01:17:44.136489+00:00, run_after=2023-06-04T01:17:44.136489+00:00
[2023-06-04T01:17:44.160+0000] {processor.py:178} INFO - Processing /home/airflow/.local/lib/python3.7/site-packages/airflow/example_dags/example_short_circuit_operator.py took 0.144 seconds
[2023-06-04T01:18:14.211+0000] {processor.py:156} INFO - Started process (PID=1526) to work on /home/airflow/.local/lib/python3.7/site-packages/airflow/example_dags/example_short_circuit_operator.py
[2023-06-04T01:18:14.217+0000] {processor.py:758} INFO - Processing file /home/airflow/.local/lib/python3.7/site-packages/airflow/example_dags/example_short_circuit_operator.py for tasks to queue
[2023-06-04T01:18:14.220+0000] {logging_mixin.py:117} INFO - [2023-06-04T01:18:14.219+0000] {dagbag.py:525} INFO - Filling up the DagBag from /home/airflow/.local/lib/python3.7/site-packages/airflow/example_dags/example_short_circuit_operator.py
[2023-06-04T01:18:14.259+0000] {processor.py:768} INFO - DAG(s) dict_keys(['example_short_circuit_operator']) retrieved from /home/airflow/.local/lib/python3.7/site-packages/airflow/example_dags/example_short_circuit_operator.py
[2023-06-04T01:18:14.338+0000] {logging_mixin.py:117} INFO - [2023-06-04T01:18:14.337+0000] {dag.py:2573} INFO - Sync 1 DAGs
[2023-06-04T01:18:14.378+0000] {logging_mixin.py:117} INFO - [2023-06-04T01:18:14.378+0000] {dag.py:3328} INFO - Setting next_dagrun for example_short_circuit_operator to 2023-06-03T01:18:14.378332+00:00, run_after=2023-06-04T01:18:14.378332+00:00
[2023-06-04T01:18:14.409+0000] {processor.py:178} INFO - Processing /home/airflow/.local/lib/python3.7/site-packages/airflow/example_dags/example_short_circuit_operator.py took 0.202 seconds
[2023-06-04T01:18:44.498+0000] {processor.py:156} INFO - Started process (PID=1589) to work on /home/airflow/.local/lib/python3.7/site-packages/airflow/example_dags/example_short_circuit_operator.py
[2023-06-04T01:18:44.500+0000] {processor.py:758} INFO - Processing file /home/airflow/.local/lib/python3.7/site-packages/airflow/example_dags/example_short_circuit_operator.py for tasks to queue
[2023-06-04T01:18:44.502+0000] {logging_mixin.py:117} INFO - [2023-06-04T01:18:44.502+0000] {dagbag.py:525} INFO - Filling up the DagBag from /home/airflow/.local/lib/python3.7/site-packages/airflow/example_dags/example_short_circuit_operator.py
[2023-06-04T01:18:44.533+0000] {processor.py:768} INFO - DAG(s) dict_keys(['example_short_circuit_operator']) retrieved from /home/airflow/.local/lib/python3.7/site-packages/airflow/example_dags/example_short_circuit_operator.py
[2023-06-04T01:18:44.590+0000] {logging_mixin.py:117} INFO - [2023-06-04T01:18:44.590+0000] {dag.py:2573} INFO - Sync 1 DAGs
[2023-06-04T01:18:44.622+0000] {logging_mixin.py:117} INFO - [2023-06-04T01:18:44.622+0000] {dag.py:3328} INFO - Setting next_dagrun for example_short_circuit_operator to 2023-06-03T01:18:44.621815+00:00, run_after=2023-06-04T01:18:44.621815+00:00
[2023-06-04T01:18:44.646+0000] {processor.py:178} INFO - Processing /home/airflow/.local/lib/python3.7/site-packages/airflow/example_dags/example_short_circuit_operator.py took 0.154 seconds
[2023-06-04T01:19:14.700+0000] {processor.py:156} INFO - Started process (PID=1644) to work on /home/airflow/.local/lib/python3.7/site-packages/airflow/example_dags/example_short_circuit_operator.py
[2023-06-04T01:19:14.703+0000] {processor.py:758} INFO - Processing file /home/airflow/.local/lib/python3.7/site-packages/airflow/example_dags/example_short_circuit_operator.py for tasks to queue
[2023-06-04T01:19:14.705+0000] {logging_mixin.py:117} INFO - [2023-06-04T01:19:14.705+0000] {dagbag.py:525} INFO - Filling up the DagBag from /home/airflow/.local/lib/python3.7/site-packages/airflow/example_dags/example_short_circuit_operator.py
[2023-06-04T01:19:14.730+0000] {processor.py:768} INFO - DAG(s) dict_keys(['example_short_circuit_operator']) retrieved from /home/airflow/.local/lib/python3.7/site-packages/airflow/example_dags/example_short_circuit_operator.py
[2023-06-04T01:19:14.785+0000] {logging_mixin.py:117} INFO - [2023-06-04T01:19:14.785+0000] {dag.py:2573} INFO - Sync 1 DAGs
[2023-06-04T01:19:14.818+0000] {logging_mixin.py:117} INFO - [2023-06-04T01:19:14.818+0000] {dag.py:3328} INFO - Setting next_dagrun for example_short_circuit_operator to 2023-06-03T01:19:14.818319+00:00, run_after=2023-06-04T01:19:14.818319+00:00
[2023-06-04T01:19:14.842+0000] {processor.py:178} INFO - Processing /home/airflow/.local/lib/python3.7/site-packages/airflow/example_dags/example_short_circuit_operator.py took 0.146 seconds
[2023-06-04T01:20:40.476+0000] {processor.py:157} INFO - Started process (PID=61) to work on /home/airflow/.local/lib/python3.7/site-packages/airflow/example_dags/example_short_circuit_operator.py
[2023-06-04T01:20:40.480+0000] {processor.py:826} INFO - Processing file /home/airflow/.local/lib/python3.7/site-packages/airflow/example_dags/example_short_circuit_operator.py for tasks to queue
[2023-06-04T01:20:40.484+0000] {logging_mixin.py:149} INFO - [2023-06-04T01:20:40.483+0000] {dagbag.py:541} INFO - Filling up the DagBag from /home/airflow/.local/lib/python3.7/site-packages/airflow/example_dags/example_short_circuit_operator.py
[2023-06-04T01:20:40.516+0000] {processor.py:836} INFO - DAG(s) dict_keys(['example_short_circuit_operator']) retrieved from /home/airflow/.local/lib/python3.7/site-packages/airflow/example_dags/example_short_circuit_operator.py
[2023-06-04T01:20:40.548+0000] {logging_mixin.py:149} INFO - [2023-06-04T01:20:40.547+0000] {dag.py:2726} INFO - Sync 1 DAGs
[2023-06-04T01:20:40.625+0000] {logging_mixin.py:149} INFO - [2023-06-04T01:20:40.625+0000] {dag.py:3490} INFO - Setting next_dagrun for example_short_circuit_operator to 2023-06-03T01:20:40.624749+00:00, run_after=2023-06-04T01:20:40.624749+00:00
[2023-06-04T01:20:40.675+0000] {processor.py:179} INFO - Processing /home/airflow/.local/lib/python3.7/site-packages/airflow/example_dags/example_short_circuit_operator.py took 0.207 seconds
[2023-06-04T01:21:11.158+0000] {processor.py:157} INFO - Started process (PID=131) to work on /home/airflow/.local/lib/python3.7/site-packages/airflow/example_dags/example_short_circuit_operator.py
[2023-06-04T01:21:11.161+0000] {processor.py:826} INFO - Processing file /home/airflow/.local/lib/python3.7/site-packages/airflow/example_dags/example_short_circuit_operator.py for tasks to queue
[2023-06-04T01:21:11.163+0000] {logging_mixin.py:149} INFO - [2023-06-04T01:21:11.162+0000] {dagbag.py:541} INFO - Filling up the DagBag from /home/airflow/.local/lib/python3.7/site-packages/airflow/example_dags/example_short_circuit_operator.py
[2023-06-04T01:21:11.175+0000] {processor.py:836} INFO - DAG(s) dict_keys(['example_short_circuit_operator']) retrieved from /home/airflow/.local/lib/python3.7/site-packages/airflow/example_dags/example_short_circuit_operator.py
[2023-06-04T01:21:11.218+0000] {logging_mixin.py:149} INFO - [2023-06-04T01:21:11.218+0000] {dag.py:2726} INFO - Sync 1 DAGs
[2023-06-04T01:21:11.255+0000] {logging_mixin.py:149} INFO - [2023-06-04T01:21:11.255+0000] {dag.py:3490} INFO - Setting next_dagrun for example_short_circuit_operator to 2023-06-03T01:21:11.255162+00:00, run_after=2023-06-04T01:21:11.255162+00:00
[2023-06-04T01:21:11.284+0000] {processor.py:179} INFO - Processing /home/airflow/.local/lib/python3.7/site-packages/airflow/example_dags/example_short_circuit_operator.py took 0.131 seconds
[2023-06-04T01:21:41.818+0000] {processor.py:157} INFO - Started process (PID=210) to work on /home/airflow/.local/lib/python3.7/site-packages/airflow/example_dags/example_short_circuit_operator.py
[2023-06-04T01:21:41.821+0000] {processor.py:826} INFO - Processing file /home/airflow/.local/lib/python3.7/site-packages/airflow/example_dags/example_short_circuit_operator.py for tasks to queue
[2023-06-04T01:21:41.824+0000] {logging_mixin.py:149} INFO - [2023-06-04T01:21:41.824+0000] {dagbag.py:541} INFO - Filling up the DagBag from /home/airflow/.local/lib/python3.7/site-packages/airflow/example_dags/example_short_circuit_operator.py
[2023-06-04T01:21:41.838+0000] {processor.py:836} INFO - DAG(s) dict_keys(['example_short_circuit_operator']) retrieved from /home/airflow/.local/lib/python3.7/site-packages/airflow/example_dags/example_short_circuit_operator.py
[2023-06-04T01:21:41.886+0000] {logging_mixin.py:149} INFO - [2023-06-04T01:21:41.886+0000] {dag.py:2726} INFO - Sync 1 DAGs
[2023-06-04T01:21:41.929+0000] {logging_mixin.py:149} INFO - [2023-06-04T01:21:41.929+0000] {dag.py:3490} INFO - Setting next_dagrun for example_short_circuit_operator to 2023-06-03T01:21:41.928576+00:00, run_after=2023-06-04T01:21:41.928576+00:00
[2023-06-04T01:21:41.971+0000] {processor.py:179} INFO - Processing /home/airflow/.local/lib/python3.7/site-packages/airflow/example_dags/example_short_circuit_operator.py took 0.158 seconds
[2023-06-04T01:22:12.297+0000] {processor.py:157} INFO - Started process (PID=280) to work on /home/airflow/.local/lib/python3.7/site-packages/airflow/example_dags/example_short_circuit_operator.py
[2023-06-04T01:22:12.299+0000] {processor.py:826} INFO - Processing file /home/airflow/.local/lib/python3.7/site-packages/airflow/example_dags/example_short_circuit_operator.py for tasks to queue
[2023-06-04T01:22:12.301+0000] {logging_mixin.py:149} INFO - [2023-06-04T01:22:12.301+0000] {dagbag.py:541} INFO - Filling up the DagBag from /home/airflow/.local/lib/python3.7/site-packages/airflow/example_dags/example_short_circuit_operator.py
[2023-06-04T01:22:12.313+0000] {processor.py:836} INFO - DAG(s) dict_keys(['example_short_circuit_operator']) retrieved from /home/airflow/.local/lib/python3.7/site-packages/airflow/example_dags/example_short_circuit_operator.py
[2023-06-04T01:22:12.351+0000] {logging_mixin.py:149} INFO - [2023-06-04T01:22:12.351+0000] {dag.py:2726} INFO - Sync 1 DAGs
[2023-06-04T01:22:12.384+0000] {logging_mixin.py:149} INFO - [2023-06-04T01:22:12.384+0000] {dag.py:3490} INFO - Setting next_dagrun for example_short_circuit_operator to 2023-06-03T01:22:12.384437+00:00, run_after=2023-06-04T01:22:12.384437+00:00
[2023-06-04T01:22:12.406+0000] {processor.py:179} INFO - Processing /home/airflow/.local/lib/python3.7/site-packages/airflow/example_dags/example_short_circuit_operator.py took 0.114 seconds
[2023-06-04T01:22:43.082+0000] {processor.py:157} INFO - Started process (PID=350) to work on /home/airflow/.local/lib/python3.7/site-packages/airflow/example_dags/example_short_circuit_operator.py
[2023-06-04T01:22:43.084+0000] {processor.py:826} INFO - Processing file /home/airflow/.local/lib/python3.7/site-packages/airflow/example_dags/example_short_circuit_operator.py for tasks to queue
[2023-06-04T01:22:43.086+0000] {logging_mixin.py:149} INFO - [2023-06-04T01:22:43.086+0000] {dagbag.py:541} INFO - Filling up the DagBag from /home/airflow/.local/lib/python3.7/site-packages/airflow/example_dags/example_short_circuit_operator.py
[2023-06-04T01:22:43.101+0000] {processor.py:836} INFO - DAG(s) dict_keys(['example_short_circuit_operator']) retrieved from /home/airflow/.local/lib/python3.7/site-packages/airflow/example_dags/example_short_circuit_operator.py
[2023-06-04T01:22:43.141+0000] {logging_mixin.py:149} INFO - [2023-06-04T01:22:43.141+0000] {dag.py:2726} INFO - Sync 1 DAGs
[2023-06-04T01:22:43.180+0000] {logging_mixin.py:149} INFO - [2023-06-04T01:22:43.179+0000] {dag.py:3490} INFO - Setting next_dagrun for example_short_circuit_operator to 2023-06-03T01:22:43.179557+00:00, run_after=2023-06-04T01:22:43.179557+00:00
[2023-06-04T01:22:43.212+0000] {processor.py:179} INFO - Processing /home/airflow/.local/lib/python3.7/site-packages/airflow/example_dags/example_short_circuit_operator.py took 0.135 seconds
[2023-06-04T01:23:14.172+0000] {processor.py:157} INFO - Started process (PID=429) to work on /home/airflow/.local/lib/python3.7/site-packages/airflow/example_dags/example_short_circuit_operator.py
[2023-06-04T01:23:14.176+0000] {processor.py:826} INFO - Processing file /home/airflow/.local/lib/python3.7/site-packages/airflow/example_dags/example_short_circuit_operator.py for tasks to queue
[2023-06-04T01:23:14.179+0000] {logging_mixin.py:149} INFO - [2023-06-04T01:23:14.179+0000] {dagbag.py:541} INFO - Filling up the DagBag from /home/airflow/.local/lib/python3.7/site-packages/airflow/example_dags/example_short_circuit_operator.py
[2023-06-04T01:23:14.201+0000] {processor.py:836} INFO - DAG(s) dict_keys(['example_short_circuit_operator']) retrieved from /home/airflow/.local/lib/python3.7/site-packages/airflow/example_dags/example_short_circuit_operator.py
[2023-06-04T01:23:14.242+0000] {logging_mixin.py:149} INFO - [2023-06-04T01:23:14.242+0000] {dag.py:2726} INFO - Sync 1 DAGs
[2023-06-04T01:23:14.278+0000] {logging_mixin.py:149} INFO - [2023-06-04T01:23:14.278+0000] {dag.py:3490} INFO - Setting next_dagrun for example_short_circuit_operator to 2023-06-03T01:23:14.278143+00:00, run_after=2023-06-04T01:23:14.278143+00:00
[2023-06-04T01:23:14.311+0000] {processor.py:179} INFO - Processing /home/airflow/.local/lib/python3.7/site-packages/airflow/example_dags/example_short_circuit_operator.py took 0.145 seconds
[2023-06-04T01:23:45.317+0000] {processor.py:157} INFO - Started process (PID=499) to work on /home/airflow/.local/lib/python3.7/site-packages/airflow/example_dags/example_short_circuit_operator.py
[2023-06-04T01:23:45.319+0000] {processor.py:826} INFO - Processing file /home/airflow/.local/lib/python3.7/site-packages/airflow/example_dags/example_short_circuit_operator.py for tasks to queue
[2023-06-04T01:23:45.322+0000] {logging_mixin.py:149} INFO - [2023-06-04T01:23:45.321+0000] {dagbag.py:541} INFO - Filling up the DagBag from /home/airflow/.local/lib/python3.7/site-packages/airflow/example_dags/example_short_circuit_operator.py
[2023-06-04T01:23:45.335+0000] {processor.py:836} INFO - DAG(s) dict_keys(['example_short_circuit_operator']) retrieved from /home/airflow/.local/lib/python3.7/site-packages/airflow/example_dags/example_short_circuit_operator.py
[2023-06-04T01:23:45.378+0000] {logging_mixin.py:149} INFO - [2023-06-04T01:23:45.378+0000] {dag.py:2726} INFO - Sync 1 DAGs
[2023-06-04T01:23:45.416+0000] {logging_mixin.py:149} INFO - [2023-06-04T01:23:45.416+0000] {dag.py:3490} INFO - Setting next_dagrun for example_short_circuit_operator to 2023-06-03T01:23:45.415998+00:00, run_after=2023-06-04T01:23:45.415998+00:00
[2023-06-04T01:23:45.442+0000] {processor.py:179} INFO - Processing /home/airflow/.local/lib/python3.7/site-packages/airflow/example_dags/example_short_circuit_operator.py took 0.130 seconds
[2023-06-04T01:24:15.697+0000] {processor.py:157} INFO - Started process (PID=578) to work on /home/airflow/.local/lib/python3.7/site-packages/airflow/example_dags/example_short_circuit_operator.py
[2023-06-04T01:24:15.699+0000] {processor.py:826} INFO - Processing file /home/airflow/.local/lib/python3.7/site-packages/airflow/example_dags/example_short_circuit_operator.py for tasks to queue
[2023-06-04T01:24:15.701+0000] {logging_mixin.py:149} INFO - [2023-06-04T01:24:15.701+0000] {dagbag.py:541} INFO - Filling up the DagBag from /home/airflow/.local/lib/python3.7/site-packages/airflow/example_dags/example_short_circuit_operator.py
[2023-06-04T01:24:15.714+0000] {processor.py:836} INFO - DAG(s) dict_keys(['example_short_circuit_operator']) retrieved from /home/airflow/.local/lib/python3.7/site-packages/airflow/example_dags/example_short_circuit_operator.py
[2023-06-04T01:24:15.752+0000] {logging_mixin.py:149} INFO - [2023-06-04T01:24:15.752+0000] {dag.py:2726} INFO - Sync 1 DAGs
[2023-06-04T01:24:15.785+0000] {logging_mixin.py:149} INFO - [2023-06-04T01:24:15.785+0000] {dag.py:3490} INFO - Setting next_dagrun for example_short_circuit_operator to 2023-06-03T01:24:15.784745+00:00, run_after=2023-06-04T01:24:15.784745+00:00
[2023-06-04T01:24:15.815+0000] {processor.py:179} INFO - Processing /home/airflow/.local/lib/python3.7/site-packages/airflow/example_dags/example_short_circuit_operator.py took 0.123 seconds
[2023-06-04T01:24:46.173+0000] {processor.py:157} INFO - Started process (PID=648) to work on /home/airflow/.local/lib/python3.7/site-packages/airflow/example_dags/example_short_circuit_operator.py
[2023-06-04T01:24:46.176+0000] {processor.py:826} INFO - Processing file /home/airflow/.local/lib/python3.7/site-packages/airflow/example_dags/example_short_circuit_operator.py for tasks to queue
[2023-06-04T01:24:46.178+0000] {logging_mixin.py:149} INFO - [2023-06-04T01:24:46.178+0000] {dagbag.py:541} INFO - Filling up the DagBag from /home/airflow/.local/lib/python3.7/site-packages/airflow/example_dags/example_short_circuit_operator.py
[2023-06-04T01:24:46.196+0000] {processor.py:836} INFO - DAG(s) dict_keys(['example_short_circuit_operator']) retrieved from /home/airflow/.local/lib/python3.7/site-packages/airflow/example_dags/example_short_circuit_operator.py
[2023-06-04T01:24:46.245+0000] {logging_mixin.py:149} INFO - [2023-06-04T01:24:46.245+0000] {dag.py:2726} INFO - Sync 1 DAGs
[2023-06-04T01:24:46.279+0000] {logging_mixin.py:149} INFO - [2023-06-04T01:24:46.279+0000] {dag.py:3490} INFO - Setting next_dagrun for example_short_circuit_operator to 2023-06-03T01:24:46.279275+00:00, run_after=2023-06-04T01:24:46.279275+00:00
[2023-06-04T01:24:46.306+0000] {processor.py:179} INFO - Processing /home/airflow/.local/lib/python3.7/site-packages/airflow/example_dags/example_short_circuit_operator.py took 0.139 seconds
[2023-06-04T01:25:16.343+0000] {processor.py:157} INFO - Started process (PID=718) to work on /home/airflow/.local/lib/python3.7/site-packages/airflow/example_dags/example_short_circuit_operator.py
[2023-06-04T01:25:16.345+0000] {processor.py:826} INFO - Processing file /home/airflow/.local/lib/python3.7/site-packages/airflow/example_dags/example_short_circuit_operator.py for tasks to queue
[2023-06-04T01:25:16.347+0000] {logging_mixin.py:149} INFO - [2023-06-04T01:25:16.346+0000] {dagbag.py:541} INFO - Filling up the DagBag from /home/airflow/.local/lib/python3.7/site-packages/airflow/example_dags/example_short_circuit_operator.py
[2023-06-04T01:25:16.360+0000] {processor.py:836} INFO - DAG(s) dict_keys(['example_short_circuit_operator']) retrieved from /home/airflow/.local/lib/python3.7/site-packages/airflow/example_dags/example_short_circuit_operator.py
[2023-06-04T01:25:16.398+0000] {logging_mixin.py:149} INFO - [2023-06-04T01:25:16.398+0000] {dag.py:2726} INFO - Sync 1 DAGs
[2023-06-04T01:25:16.434+0000] {logging_mixin.py:149} INFO - [2023-06-04T01:25:16.433+0000] {dag.py:3490} INFO - Setting next_dagrun for example_short_circuit_operator to 2023-06-03T01:25:16.433593+00:00, run_after=2023-06-04T01:25:16.433593+00:00
[2023-06-04T01:25:16.462+0000] {processor.py:179} INFO - Processing /home/airflow/.local/lib/python3.7/site-packages/airflow/example_dags/example_short_circuit_operator.py took 0.124 seconds
[2023-06-04T01:25:46.818+0000] {processor.py:157} INFO - Started process (PID=797) to work on /home/airflow/.local/lib/python3.7/site-packages/airflow/example_dags/example_short_circuit_operator.py
[2023-06-04T01:25:46.821+0000] {processor.py:826} INFO - Processing file /home/airflow/.local/lib/python3.7/site-packages/airflow/example_dags/example_short_circuit_operator.py for tasks to queue
[2023-06-04T01:25:46.823+0000] {logging_mixin.py:149} INFO - [2023-06-04T01:25:46.823+0000] {dagbag.py:541} INFO - Filling up the DagBag from /home/airflow/.local/lib/python3.7/site-packages/airflow/example_dags/example_short_circuit_operator.py
[2023-06-04T01:25:46.836+0000] {processor.py:836} INFO - DAG(s) dict_keys(['example_short_circuit_operator']) retrieved from /home/airflow/.local/lib/python3.7/site-packages/airflow/example_dags/example_short_circuit_operator.py
[2023-06-04T01:25:46.872+0000] {logging_mixin.py:149} INFO - [2023-06-04T01:25:46.872+0000] {dag.py:2726} INFO - Sync 1 DAGs
[2023-06-04T01:25:46.905+0000] {logging_mixin.py:149} INFO - [2023-06-04T01:25:46.905+0000] {dag.py:3490} INFO - Setting next_dagrun for example_short_circuit_operator to 2023-06-03T01:25:46.905110+00:00, run_after=2023-06-04T01:25:46.905110+00:00
[2023-06-04T01:25:46.930+0000] {processor.py:179} INFO - Processing /home/airflow/.local/lib/python3.7/site-packages/airflow/example_dags/example_short_circuit_operator.py took 0.116 seconds
