[2023-06-04T00:36:55.920+0000] {processor.py:156} INFO - Started process (PID=65) to work on /home/airflow/.local/lib/python3.7/site-packages/airflow/example_dags/example_time_delta_sensor_async.py
[2023-06-04T00:36:55.924+0000] {processor.py:758} INFO - Processing file /home/airflow/.local/lib/python3.7/site-packages/airflow/example_dags/example_time_delta_sensor_async.py for tasks to queue
[2023-06-04T00:36:55.926+0000] {logging_mixin.py:117} INFO - [2023-06-04T00:36:55.926+0000] {dagbag.py:525} INFO - Filling up the DagBag from /home/airflow/.local/lib/python3.7/site-packages/airflow/example_dags/example_time_delta_sensor_async.py
[2023-06-04T00:36:55.953+0000] {processor.py:768} INFO - DAG(s) dict_keys(['example_time_delta_sensor_async']) retrieved from /home/airflow/.local/lib/python3.7/site-packages/airflow/example_dags/example_time_delta_sensor_async.py
[2023-06-04T00:36:56.488+0000] {logging_mixin.py:117} INFO - [2023-06-04T00:36:56.488+0000] {manager.py:507} INFO - Created Permission View: can delete on DAG:example_time_delta_sensor_async
[2023-06-04T00:36:56.505+0000] {logging_mixin.py:117} INFO - [2023-06-04T00:36:56.505+0000] {manager.py:507} INFO - Created Permission View: can read on DAG:example_time_delta_sensor_async
[2023-06-04T00:36:56.515+0000] {logging_mixin.py:117} INFO - [2023-06-04T00:36:56.515+0000] {manager.py:507} INFO - Created Permission View: can edit on DAG:example_time_delta_sensor_async
[2023-06-04T00:36:56.517+0000] {logging_mixin.py:117} INFO - [2023-06-04T00:36:56.516+0000] {dag.py:2573} INFO - Sync 1 DAGs
[2023-06-04T00:36:56.548+0000] {logging_mixin.py:117} INFO - [2023-06-04T00:36:56.547+0000] {dag.py:2594} INFO - Creating ORM DAG for example_time_delta_sensor_async
[2023-06-04T00:36:56.577+0000] {logging_mixin.py:117} INFO - [2023-06-04T00:36:56.576+0000] {dag.py:3328} INFO - Setting next_dagrun for example_time_delta_sensor_async to None, run_after=None
[2023-06-04T00:36:56.615+0000] {processor.py:178} INFO - Processing /home/airflow/.local/lib/python3.7/site-packages/airflow/example_dags/example_time_delta_sensor_async.py took 0.702 seconds
[2023-06-04T00:37:27.029+0000] {processor.py:156} INFO - Started process (PID=127) to work on /home/airflow/.local/lib/python3.7/site-packages/airflow/example_dags/example_time_delta_sensor_async.py
[2023-06-04T00:37:27.032+0000] {processor.py:758} INFO - Processing file /home/airflow/.local/lib/python3.7/site-packages/airflow/example_dags/example_time_delta_sensor_async.py for tasks to queue
[2023-06-04T00:37:27.033+0000] {logging_mixin.py:117} INFO - [2023-06-04T00:37:27.033+0000] {dagbag.py:525} INFO - Filling up the DagBag from /home/airflow/.local/lib/python3.7/site-packages/airflow/example_dags/example_time_delta_sensor_async.py
[2023-06-04T00:37:27.053+0000] {processor.py:768} INFO - DAG(s) dict_keys(['example_time_delta_sensor_async']) retrieved from /home/airflow/.local/lib/python3.7/site-packages/airflow/example_dags/example_time_delta_sensor_async.py
[2023-06-04T00:37:27.288+0000] {logging_mixin.py:117} INFO - [2023-06-04T00:37:27.287+0000] {dag.py:2573} INFO - Sync 1 DAGs
[2023-06-04T00:37:27.322+0000] {logging_mixin.py:117} INFO - [2023-06-04T00:37:27.322+0000] {dag.py:3328} INFO - Setting next_dagrun for example_time_delta_sensor_async to None, run_after=None
[2023-06-04T00:37:27.349+0000] {processor.py:178} INFO - Processing /home/airflow/.local/lib/python3.7/site-packages/airflow/example_dags/example_time_delta_sensor_async.py took 0.325 seconds
[2023-06-04T00:37:57.402+0000] {processor.py:156} INFO - Started process (PID=182) to work on /home/airflow/.local/lib/python3.7/site-packages/airflow/example_dags/example_time_delta_sensor_async.py
[2023-06-04T00:37:57.404+0000] {processor.py:758} INFO - Processing file /home/airflow/.local/lib/python3.7/site-packages/airflow/example_dags/example_time_delta_sensor_async.py for tasks to queue
[2023-06-04T00:37:57.406+0000] {logging_mixin.py:117} INFO - [2023-06-04T00:37:57.406+0000] {dagbag.py:525} INFO - Filling up the DagBag from /home/airflow/.local/lib/python3.7/site-packages/airflow/example_dags/example_time_delta_sensor_async.py
[2023-06-04T00:37:57.426+0000] {processor.py:768} INFO - DAG(s) dict_keys(['example_time_delta_sensor_async']) retrieved from /home/airflow/.local/lib/python3.7/site-packages/airflow/example_dags/example_time_delta_sensor_async.py
[2023-06-04T00:37:57.643+0000] {logging_mixin.py:117} INFO - [2023-06-04T00:37:57.643+0000] {dag.py:2573} INFO - Sync 1 DAGs
[2023-06-04T00:37:57.675+0000] {logging_mixin.py:117} INFO - [2023-06-04T00:37:57.675+0000] {dag.py:3328} INFO - Setting next_dagrun for example_time_delta_sensor_async to None, run_after=None
[2023-06-04T00:37:57.701+0000] {processor.py:178} INFO - Processing /home/airflow/.local/lib/python3.7/site-packages/airflow/example_dags/example_time_delta_sensor_async.py took 0.303 seconds
[2023-06-04T00:38:27.883+0000] {processor.py:156} INFO - Started process (PID=245) to work on /home/airflow/.local/lib/python3.7/site-packages/airflow/example_dags/example_time_delta_sensor_async.py
[2023-06-04T00:38:27.885+0000] {processor.py:758} INFO - Processing file /home/airflow/.local/lib/python3.7/site-packages/airflow/example_dags/example_time_delta_sensor_async.py for tasks to queue
[2023-06-04T00:38:27.886+0000] {logging_mixin.py:117} INFO - [2023-06-04T00:38:27.886+0000] {dagbag.py:525} INFO - Filling up the DagBag from /home/airflow/.local/lib/python3.7/site-packages/airflow/example_dags/example_time_delta_sensor_async.py
[2023-06-04T00:38:27.904+0000] {processor.py:768} INFO - DAG(s) dict_keys(['example_time_delta_sensor_async']) retrieved from /home/airflow/.local/lib/python3.7/site-packages/airflow/example_dags/example_time_delta_sensor_async.py
[2023-06-04T00:38:28.131+0000] {logging_mixin.py:117} INFO - [2023-06-04T00:38:28.130+0000] {dag.py:2573} INFO - Sync 1 DAGs
[2023-06-04T00:38:28.156+0000] {logging_mixin.py:117} INFO - [2023-06-04T00:38:28.156+0000] {dag.py:3328} INFO - Setting next_dagrun for example_time_delta_sensor_async to None, run_after=None
[2023-06-04T00:38:28.175+0000] {processor.py:178} INFO - Processing /home/airflow/.local/lib/python3.7/site-packages/airflow/example_dags/example_time_delta_sensor_async.py took 0.297 seconds
[2023-06-04T00:38:58.251+0000] {processor.py:156} INFO - Started process (PID=309) to work on /home/airflow/.local/lib/python3.7/site-packages/airflow/example_dags/example_time_delta_sensor_async.py
[2023-06-04T00:38:58.253+0000] {processor.py:758} INFO - Processing file /home/airflow/.local/lib/python3.7/site-packages/airflow/example_dags/example_time_delta_sensor_async.py for tasks to queue
[2023-06-04T00:38:58.255+0000] {logging_mixin.py:117} INFO - [2023-06-04T00:38:58.255+0000] {dagbag.py:525} INFO - Filling up the DagBag from /home/airflow/.local/lib/python3.7/site-packages/airflow/example_dags/example_time_delta_sensor_async.py
[2023-06-04T00:38:58.277+0000] {processor.py:768} INFO - DAG(s) dict_keys(['example_time_delta_sensor_async']) retrieved from /home/airflow/.local/lib/python3.7/site-packages/airflow/example_dags/example_time_delta_sensor_async.py
[2023-06-04T00:38:58.499+0000] {logging_mixin.py:117} INFO - [2023-06-04T00:38:58.498+0000] {dag.py:2573} INFO - Sync 1 DAGs
[2023-06-04T00:38:58.529+0000] {logging_mixin.py:117} INFO - [2023-06-04T00:38:58.529+0000] {dag.py:3328} INFO - Setting next_dagrun for example_time_delta_sensor_async to None, run_after=None
[2023-06-04T00:38:58.554+0000] {processor.py:178} INFO - Processing /home/airflow/.local/lib/python3.7/site-packages/airflow/example_dags/example_time_delta_sensor_async.py took 0.307 seconds
[2023-06-04T00:59:48.461+0000] {processor.py:156} INFO - Started process (PID=66) to work on /home/airflow/.local/lib/python3.7/site-packages/airflow/example_dags/example_time_delta_sensor_async.py
[2023-06-04T00:59:48.464+0000] {processor.py:758} INFO - Processing file /home/airflow/.local/lib/python3.7/site-packages/airflow/example_dags/example_time_delta_sensor_async.py for tasks to queue
[2023-06-04T00:59:48.466+0000] {logging_mixin.py:117} INFO - [2023-06-04T00:59:48.466+0000] {dagbag.py:525} INFO - Filling up the DagBag from /home/airflow/.local/lib/python3.7/site-packages/airflow/example_dags/example_time_delta_sensor_async.py
[2023-06-04T00:59:48.498+0000] {processor.py:768} INFO - DAG(s) dict_keys(['example_time_delta_sensor_async']) retrieved from /home/airflow/.local/lib/python3.7/site-packages/airflow/example_dags/example_time_delta_sensor_async.py
[2023-06-04T00:59:48.552+0000] {logging_mixin.py:117} INFO - [2023-06-04T00:59:48.551+0000] {dag.py:2573} INFO - Sync 1 DAGs
[2023-06-04T00:59:48.599+0000] {logging_mixin.py:117} INFO - [2023-06-04T00:59:48.599+0000] {dag.py:3328} INFO - Setting next_dagrun for example_time_delta_sensor_async to None, run_after=None
[2023-06-04T00:59:48.632+0000] {processor.py:178} INFO - Processing /home/airflow/.local/lib/python3.7/site-packages/airflow/example_dags/example_time_delta_sensor_async.py took 0.178 seconds
[2023-06-04T01:00:19.200+0000] {processor.py:156} INFO - Started process (PID=120) to work on /home/airflow/.local/lib/python3.7/site-packages/airflow/example_dags/example_time_delta_sensor_async.py
[2023-06-04T01:00:19.202+0000] {processor.py:758} INFO - Processing file /home/airflow/.local/lib/python3.7/site-packages/airflow/example_dags/example_time_delta_sensor_async.py for tasks to queue
[2023-06-04T01:00:19.204+0000] {logging_mixin.py:117} INFO - [2023-06-04T01:00:19.204+0000] {dagbag.py:525} INFO - Filling up the DagBag from /home/airflow/.local/lib/python3.7/site-packages/airflow/example_dags/example_time_delta_sensor_async.py
[2023-06-04T01:00:19.223+0000] {processor.py:768} INFO - DAG(s) dict_keys(['example_time_delta_sensor_async']) retrieved from /home/airflow/.local/lib/python3.7/site-packages/airflow/example_dags/example_time_delta_sensor_async.py
[2023-06-04T01:00:19.484+0000] {logging_mixin.py:117} INFO - [2023-06-04T01:00:19.484+0000] {dag.py:2573} INFO - Sync 1 DAGs
[2023-06-04T01:00:19.519+0000] {logging_mixin.py:117} INFO - [2023-06-04T01:00:19.519+0000] {dag.py:3328} INFO - Setting next_dagrun for example_time_delta_sensor_async to None, run_after=None
[2023-06-04T01:00:19.547+0000] {processor.py:178} INFO - Processing /home/airflow/.local/lib/python3.7/site-packages/airflow/example_dags/example_time_delta_sensor_async.py took 0.351 seconds
[2023-06-04T01:00:49.765+0000] {processor.py:156} INFO - Started process (PID=185) to work on /home/airflow/.local/lib/python3.7/site-packages/airflow/example_dags/example_time_delta_sensor_async.py
[2023-06-04T01:00:49.767+0000] {processor.py:758} INFO - Processing file /home/airflow/.local/lib/python3.7/site-packages/airflow/example_dags/example_time_delta_sensor_async.py for tasks to queue
[2023-06-04T01:00:49.769+0000] {logging_mixin.py:117} INFO - [2023-06-04T01:00:49.769+0000] {dagbag.py:525} INFO - Filling up the DagBag from /home/airflow/.local/lib/python3.7/site-packages/airflow/example_dags/example_time_delta_sensor_async.py
[2023-06-04T01:00:49.788+0000] {processor.py:768} INFO - DAG(s) dict_keys(['example_time_delta_sensor_async']) retrieved from /home/airflow/.local/lib/python3.7/site-packages/airflow/example_dags/example_time_delta_sensor_async.py
[2023-06-04T01:00:50.059+0000] {logging_mixin.py:117} INFO - [2023-06-04T01:00:50.059+0000] {dag.py:2573} INFO - Sync 1 DAGs
[2023-06-04T01:00:50.094+0000] {logging_mixin.py:117} INFO - [2023-06-04T01:00:50.094+0000] {dag.py:3328} INFO - Setting next_dagrun for example_time_delta_sensor_async to None, run_after=None
[2023-06-04T01:00:50.122+0000] {processor.py:178} INFO - Processing /home/airflow/.local/lib/python3.7/site-packages/airflow/example_dags/example_time_delta_sensor_async.py took 0.361 seconds
[2023-06-04T01:01:20.158+0000] {processor.py:156} INFO - Started process (PID=248) to work on /home/airflow/.local/lib/python3.7/site-packages/airflow/example_dags/example_time_delta_sensor_async.py
[2023-06-04T01:01:20.160+0000] {processor.py:758} INFO - Processing file /home/airflow/.local/lib/python3.7/site-packages/airflow/example_dags/example_time_delta_sensor_async.py for tasks to queue
[2023-06-04T01:01:20.161+0000] {logging_mixin.py:117} INFO - [2023-06-04T01:01:20.161+0000] {dagbag.py:525} INFO - Filling up the DagBag from /home/airflow/.local/lib/python3.7/site-packages/airflow/example_dags/example_time_delta_sensor_async.py
[2023-06-04T01:01:20.181+0000] {processor.py:768} INFO - DAG(s) dict_keys(['example_time_delta_sensor_async']) retrieved from /home/airflow/.local/lib/python3.7/site-packages/airflow/example_dags/example_time_delta_sensor_async.py
[2023-06-04T01:01:20.434+0000] {logging_mixin.py:117} INFO - [2023-06-04T01:01:20.434+0000] {dag.py:2573} INFO - Sync 1 DAGs
[2023-06-04T01:01:20.470+0000] {logging_mixin.py:117} INFO - [2023-06-04T01:01:20.470+0000] {dag.py:3328} INFO - Setting next_dagrun for example_time_delta_sensor_async to None, run_after=None
[2023-06-04T01:01:20.499+0000] {processor.py:178} INFO - Processing /home/airflow/.local/lib/python3.7/site-packages/airflow/example_dags/example_time_delta_sensor_async.py took 0.346 seconds
[2023-06-04T01:01:50.554+0000] {processor.py:156} INFO - Started process (PID=303) to work on /home/airflow/.local/lib/python3.7/site-packages/airflow/example_dags/example_time_delta_sensor_async.py
[2023-06-04T01:01:50.557+0000] {processor.py:758} INFO - Processing file /home/airflow/.local/lib/python3.7/site-packages/airflow/example_dags/example_time_delta_sensor_async.py for tasks to queue
[2023-06-04T01:01:50.559+0000] {logging_mixin.py:117} INFO - [2023-06-04T01:01:50.559+0000] {dagbag.py:525} INFO - Filling up the DagBag from /home/airflow/.local/lib/python3.7/site-packages/airflow/example_dags/example_time_delta_sensor_async.py
[2023-06-04T01:01:50.582+0000] {processor.py:768} INFO - DAG(s) dict_keys(['example_time_delta_sensor_async']) retrieved from /home/airflow/.local/lib/python3.7/site-packages/airflow/example_dags/example_time_delta_sensor_async.py
[2023-06-04T01:01:50.825+0000] {logging_mixin.py:117} INFO - [2023-06-04T01:01:50.825+0000] {dag.py:2573} INFO - Sync 1 DAGs
[2023-06-04T01:01:50.865+0000] {logging_mixin.py:117} INFO - [2023-06-04T01:01:50.864+0000] {dag.py:3328} INFO - Setting next_dagrun for example_time_delta_sensor_async to None, run_after=None
[2023-06-04T01:01:50.893+0000] {processor.py:178} INFO - Processing /home/airflow/.local/lib/python3.7/site-packages/airflow/example_dags/example_time_delta_sensor_async.py took 0.344 seconds
[2023-06-04T01:02:21.125+0000] {processor.py:156} INFO - Started process (PID=367) to work on /home/airflow/.local/lib/python3.7/site-packages/airflow/example_dags/example_time_delta_sensor_async.py
[2023-06-04T01:02:21.127+0000] {processor.py:758} INFO - Processing file /home/airflow/.local/lib/python3.7/site-packages/airflow/example_dags/example_time_delta_sensor_async.py for tasks to queue
[2023-06-04T01:02:21.129+0000] {logging_mixin.py:117} INFO - [2023-06-04T01:02:21.129+0000] {dagbag.py:525} INFO - Filling up the DagBag from /home/airflow/.local/lib/python3.7/site-packages/airflow/example_dags/example_time_delta_sensor_async.py
[2023-06-04T01:02:21.151+0000] {processor.py:768} INFO - DAG(s) dict_keys(['example_time_delta_sensor_async']) retrieved from /home/airflow/.local/lib/python3.7/site-packages/airflow/example_dags/example_time_delta_sensor_async.py
[2023-06-04T01:02:21.451+0000] {logging_mixin.py:117} INFO - [2023-06-04T01:02:21.451+0000] {dag.py:2573} INFO - Sync 1 DAGs
[2023-06-04T01:02:21.495+0000] {logging_mixin.py:117} INFO - [2023-06-04T01:02:21.495+0000] {dag.py:3328} INFO - Setting next_dagrun for example_time_delta_sensor_async to None, run_after=None
[2023-06-04T01:02:21.520+0000] {processor.py:178} INFO - Processing /home/airflow/.local/lib/python3.7/site-packages/airflow/example_dags/example_time_delta_sensor_async.py took 0.400 seconds
[2023-06-04T01:02:51.570+0000] {processor.py:156} INFO - Started process (PID=431) to work on /home/airflow/.local/lib/python3.7/site-packages/airflow/example_dags/example_time_delta_sensor_async.py
[2023-06-04T01:02:51.571+0000] {processor.py:758} INFO - Processing file /home/airflow/.local/lib/python3.7/site-packages/airflow/example_dags/example_time_delta_sensor_async.py for tasks to queue
[2023-06-04T01:02:51.573+0000] {logging_mixin.py:117} INFO - [2023-06-04T01:02:51.573+0000] {dagbag.py:525} INFO - Filling up the DagBag from /home/airflow/.local/lib/python3.7/site-packages/airflow/example_dags/example_time_delta_sensor_async.py
[2023-06-04T01:02:51.592+0000] {processor.py:768} INFO - DAG(s) dict_keys(['example_time_delta_sensor_async']) retrieved from /home/airflow/.local/lib/python3.7/site-packages/airflow/example_dags/example_time_delta_sensor_async.py
[2023-06-04T01:02:51.810+0000] {logging_mixin.py:117} INFO - [2023-06-04T01:02:51.809+0000] {dag.py:2573} INFO - Sync 1 DAGs
[2023-06-04T01:02:51.838+0000] {logging_mixin.py:117} INFO - [2023-06-04T01:02:51.838+0000] {dag.py:3328} INFO - Setting next_dagrun for example_time_delta_sensor_async to None, run_after=None
[2023-06-04T01:02:51.858+0000] {processor.py:178} INFO - Processing /home/airflow/.local/lib/python3.7/site-packages/airflow/example_dags/example_time_delta_sensor_async.py took 0.293 seconds
[2023-06-04T01:03:22.140+0000] {processor.py:156} INFO - Started process (PID=485) to work on /home/airflow/.local/lib/python3.7/site-packages/airflow/example_dags/example_time_delta_sensor_async.py
[2023-06-04T01:03:22.142+0000] {processor.py:758} INFO - Processing file /home/airflow/.local/lib/python3.7/site-packages/airflow/example_dags/example_time_delta_sensor_async.py for tasks to queue
[2023-06-04T01:03:22.144+0000] {logging_mixin.py:117} INFO - [2023-06-04T01:03:22.144+0000] {dagbag.py:525} INFO - Filling up the DagBag from /home/airflow/.local/lib/python3.7/site-packages/airflow/example_dags/example_time_delta_sensor_async.py
[2023-06-04T01:03:22.164+0000] {processor.py:768} INFO - DAG(s) dict_keys(['example_time_delta_sensor_async']) retrieved from /home/airflow/.local/lib/python3.7/site-packages/airflow/example_dags/example_time_delta_sensor_async.py
[2023-06-04T01:03:22.484+0000] {logging_mixin.py:117} INFO - [2023-06-04T01:03:22.484+0000] {dag.py:2573} INFO - Sync 1 DAGs
[2023-06-04T01:03:22.543+0000] {logging_mixin.py:117} INFO - [2023-06-04T01:03:22.543+0000] {dag.py:3328} INFO - Setting next_dagrun for example_time_delta_sensor_async to None, run_after=None
[2023-06-04T01:03:22.591+0000] {processor.py:178} INFO - Processing /home/airflow/.local/lib/python3.7/site-packages/airflow/example_dags/example_time_delta_sensor_async.py took 0.456 seconds
[2023-06-04T01:03:53.381+0000] {processor.py:156} INFO - Started process (PID=548) to work on /home/airflow/.local/lib/python3.7/site-packages/airflow/example_dags/example_time_delta_sensor_async.py
[2023-06-04T01:03:53.383+0000] {processor.py:758} INFO - Processing file /home/airflow/.local/lib/python3.7/site-packages/airflow/example_dags/example_time_delta_sensor_async.py for tasks to queue
[2023-06-04T01:03:53.384+0000] {logging_mixin.py:117} INFO - [2023-06-04T01:03:53.384+0000] {dagbag.py:525} INFO - Filling up the DagBag from /home/airflow/.local/lib/python3.7/site-packages/airflow/example_dags/example_time_delta_sensor_async.py
[2023-06-04T01:03:53.401+0000] {processor.py:768} INFO - DAG(s) dict_keys(['example_time_delta_sensor_async']) retrieved from /home/airflow/.local/lib/python3.7/site-packages/airflow/example_dags/example_time_delta_sensor_async.py
[2023-06-04T01:03:53.628+0000] {logging_mixin.py:117} INFO - [2023-06-04T01:03:53.627+0000] {dag.py:2573} INFO - Sync 1 DAGs
[2023-06-04T01:03:53.657+0000] {logging_mixin.py:117} INFO - [2023-06-04T01:03:53.657+0000] {dag.py:3328} INFO - Setting next_dagrun for example_time_delta_sensor_async to None, run_after=None
[2023-06-04T01:03:53.679+0000] {processor.py:178} INFO - Processing /home/airflow/.local/lib/python3.7/site-packages/airflow/example_dags/example_time_delta_sensor_async.py took 0.302 seconds
[2023-06-04T01:04:23.966+0000] {processor.py:156} INFO - Started process (PID=611) to work on /home/airflow/.local/lib/python3.7/site-packages/airflow/example_dags/example_time_delta_sensor_async.py
[2023-06-04T01:04:23.968+0000] {processor.py:758} INFO - Processing file /home/airflow/.local/lib/python3.7/site-packages/airflow/example_dags/example_time_delta_sensor_async.py for tasks to queue
[2023-06-04T01:04:23.972+0000] {logging_mixin.py:117} INFO - [2023-06-04T01:04:23.972+0000] {dagbag.py:525} INFO - Filling up the DagBag from /home/airflow/.local/lib/python3.7/site-packages/airflow/example_dags/example_time_delta_sensor_async.py
[2023-06-04T01:04:23.993+0000] {processor.py:768} INFO - DAG(s) dict_keys(['example_time_delta_sensor_async']) retrieved from /home/airflow/.local/lib/python3.7/site-packages/airflow/example_dags/example_time_delta_sensor_async.py
[2023-06-04T01:04:24.222+0000] {logging_mixin.py:117} INFO - [2023-06-04T01:04:24.222+0000] {dag.py:2573} INFO - Sync 1 DAGs
[2023-06-04T01:04:24.259+0000] {logging_mixin.py:117} INFO - [2023-06-04T01:04:24.259+0000] {dag.py:3328} INFO - Setting next_dagrun for example_time_delta_sensor_async to None, run_after=None
[2023-06-04T01:04:24.288+0000] {processor.py:178} INFO - Processing /home/airflow/.local/lib/python3.7/site-packages/airflow/example_dags/example_time_delta_sensor_async.py took 0.328 seconds
[2023-06-04T01:04:54.782+0000] {processor.py:156} INFO - Started process (PID=666) to work on /home/airflow/.local/lib/python3.7/site-packages/airflow/example_dags/example_time_delta_sensor_async.py
[2023-06-04T01:04:54.785+0000] {processor.py:758} INFO - Processing file /home/airflow/.local/lib/python3.7/site-packages/airflow/example_dags/example_time_delta_sensor_async.py for tasks to queue
[2023-06-04T01:04:54.787+0000] {logging_mixin.py:117} INFO - [2023-06-04T01:04:54.787+0000] {dagbag.py:525} INFO - Filling up the DagBag from /home/airflow/.local/lib/python3.7/site-packages/airflow/example_dags/example_time_delta_sensor_async.py
[2023-06-04T01:04:54.811+0000] {processor.py:768} INFO - DAG(s) dict_keys(['example_time_delta_sensor_async']) retrieved from /home/airflow/.local/lib/python3.7/site-packages/airflow/example_dags/example_time_delta_sensor_async.py
[2023-06-04T01:04:55.082+0000] {logging_mixin.py:117} INFO - [2023-06-04T01:04:55.081+0000] {dag.py:2573} INFO - Sync 1 DAGs
[2023-06-04T01:04:55.115+0000] {logging_mixin.py:117} INFO - [2023-06-04T01:04:55.115+0000] {dag.py:3328} INFO - Setting next_dagrun for example_time_delta_sensor_async to None, run_after=None
[2023-06-04T01:04:55.141+0000] {processor.py:178} INFO - Processing /home/airflow/.local/lib/python3.7/site-packages/airflow/example_dags/example_time_delta_sensor_async.py took 0.364 seconds
[2023-06-04T01:05:58.917+0000] {processor.py:156} INFO - Started process (PID=68) to work on /home/airflow/.local/lib/python3.7/site-packages/airflow/example_dags/example_time_delta_sensor_async.py
[2023-06-04T01:05:58.920+0000] {processor.py:758} INFO - Processing file /home/airflow/.local/lib/python3.7/site-packages/airflow/example_dags/example_time_delta_sensor_async.py for tasks to queue
[2023-06-04T01:05:58.923+0000] {logging_mixin.py:117} INFO - [2023-06-04T01:05:58.922+0000] {dagbag.py:525} INFO - Filling up the DagBag from /home/airflow/.local/lib/python3.7/site-packages/airflow/example_dags/example_time_delta_sensor_async.py
[2023-06-04T01:05:58.950+0000] {processor.py:768} INFO - DAG(s) dict_keys(['example_time_delta_sensor_async']) retrieved from /home/airflow/.local/lib/python3.7/site-packages/airflow/example_dags/example_time_delta_sensor_async.py
[2023-06-04T01:05:58.995+0000] {logging_mixin.py:117} INFO - [2023-06-04T01:05:58.995+0000] {dag.py:2573} INFO - Sync 1 DAGs
[2023-06-04T01:05:59.039+0000] {logging_mixin.py:117} INFO - [2023-06-04T01:05:59.039+0000] {dag.py:3328} INFO - Setting next_dagrun for example_time_delta_sensor_async to None, run_after=None
[2023-06-04T01:05:59.067+0000] {processor.py:178} INFO - Processing /home/airflow/.local/lib/python3.7/site-packages/airflow/example_dags/example_time_delta_sensor_async.py took 0.156 seconds
[2023-06-04T01:06:29.685+0000] {processor.py:156} INFO - Started process (PID=123) to work on /home/airflow/.local/lib/python3.7/site-packages/airflow/example_dags/example_time_delta_sensor_async.py
[2023-06-04T01:06:29.687+0000] {processor.py:758} INFO - Processing file /home/airflow/.local/lib/python3.7/site-packages/airflow/example_dags/example_time_delta_sensor_async.py for tasks to queue
[2023-06-04T01:06:29.690+0000] {logging_mixin.py:117} INFO - [2023-06-04T01:06:29.689+0000] {dagbag.py:525} INFO - Filling up the DagBag from /home/airflow/.local/lib/python3.7/site-packages/airflow/example_dags/example_time_delta_sensor_async.py
[2023-06-04T01:06:29.709+0000] {processor.py:768} INFO - DAG(s) dict_keys(['example_time_delta_sensor_async']) retrieved from /home/airflow/.local/lib/python3.7/site-packages/airflow/example_dags/example_time_delta_sensor_async.py
[2023-06-04T01:06:29.923+0000] {logging_mixin.py:117} INFO - [2023-06-04T01:06:29.923+0000] {dag.py:2573} INFO - Sync 1 DAGs
[2023-06-04T01:06:29.949+0000] {logging_mixin.py:117} INFO - [2023-06-04T01:06:29.949+0000] {dag.py:3328} INFO - Setting next_dagrun for example_time_delta_sensor_async to None, run_after=None
[2023-06-04T01:06:29.972+0000] {processor.py:178} INFO - Processing /home/airflow/.local/lib/python3.7/site-packages/airflow/example_dags/example_time_delta_sensor_async.py took 0.291 seconds
[2023-06-04T01:07:00.543+0000] {processor.py:156} INFO - Started process (PID=189) to work on /home/airflow/.local/lib/python3.7/site-packages/airflow/example_dags/example_time_delta_sensor_async.py
[2023-06-04T01:07:00.544+0000] {processor.py:758} INFO - Processing file /home/airflow/.local/lib/python3.7/site-packages/airflow/example_dags/example_time_delta_sensor_async.py for tasks to queue
[2023-06-04T01:07:00.546+0000] {logging_mixin.py:117} INFO - [2023-06-04T01:07:00.546+0000] {dagbag.py:525} INFO - Filling up the DagBag from /home/airflow/.local/lib/python3.7/site-packages/airflow/example_dags/example_time_delta_sensor_async.py
[2023-06-04T01:07:00.565+0000] {processor.py:768} INFO - DAG(s) dict_keys(['example_time_delta_sensor_async']) retrieved from /home/airflow/.local/lib/python3.7/site-packages/airflow/example_dags/example_time_delta_sensor_async.py
[2023-06-04T01:07:00.790+0000] {logging_mixin.py:117} INFO - [2023-06-04T01:07:00.790+0000] {dag.py:2573} INFO - Sync 1 DAGs
[2023-06-04T01:07:00.820+0000] {logging_mixin.py:117} INFO - [2023-06-04T01:07:00.819+0000] {dag.py:3328} INFO - Setting next_dagrun for example_time_delta_sensor_async to None, run_after=None
[2023-06-04T01:07:00.843+0000] {processor.py:178} INFO - Processing /home/airflow/.local/lib/python3.7/site-packages/airflow/example_dags/example_time_delta_sensor_async.py took 0.305 seconds
[2023-06-04T01:07:31.353+0000] {processor.py:156} INFO - Started process (PID=253) to work on /home/airflow/.local/lib/python3.7/site-packages/airflow/example_dags/example_time_delta_sensor_async.py
[2023-06-04T01:07:31.356+0000] {processor.py:758} INFO - Processing file /home/airflow/.local/lib/python3.7/site-packages/airflow/example_dags/example_time_delta_sensor_async.py for tasks to queue
[2023-06-04T01:07:31.357+0000] {logging_mixin.py:117} INFO - [2023-06-04T01:07:31.357+0000] {dagbag.py:525} INFO - Filling up the DagBag from /home/airflow/.local/lib/python3.7/site-packages/airflow/example_dags/example_time_delta_sensor_async.py
[2023-06-04T01:07:31.375+0000] {processor.py:768} INFO - DAG(s) dict_keys(['example_time_delta_sensor_async']) retrieved from /home/airflow/.local/lib/python3.7/site-packages/airflow/example_dags/example_time_delta_sensor_async.py
[2023-06-04T01:07:31.610+0000] {logging_mixin.py:117} INFO - [2023-06-04T01:07:31.610+0000] {dag.py:2573} INFO - Sync 1 DAGs
[2023-06-04T01:07:31.641+0000] {logging_mixin.py:117} INFO - [2023-06-04T01:07:31.641+0000] {dag.py:3328} INFO - Setting next_dagrun for example_time_delta_sensor_async to None, run_after=None
[2023-06-04T01:07:31.666+0000] {processor.py:178} INFO - Processing /home/airflow/.local/lib/python3.7/site-packages/airflow/example_dags/example_time_delta_sensor_async.py took 0.317 seconds
[2023-06-04T01:08:02.150+0000] {processor.py:156} INFO - Started process (PID=318) to work on /home/airflow/.local/lib/python3.7/site-packages/airflow/example_dags/example_time_delta_sensor_async.py
[2023-06-04T01:08:02.152+0000] {processor.py:758} INFO - Processing file /home/airflow/.local/lib/python3.7/site-packages/airflow/example_dags/example_time_delta_sensor_async.py for tasks to queue
[2023-06-04T01:08:02.154+0000] {logging_mixin.py:117} INFO - [2023-06-04T01:08:02.154+0000] {dagbag.py:525} INFO - Filling up the DagBag from /home/airflow/.local/lib/python3.7/site-packages/airflow/example_dags/example_time_delta_sensor_async.py
[2023-06-04T01:08:02.173+0000] {processor.py:768} INFO - DAG(s) dict_keys(['example_time_delta_sensor_async']) retrieved from /home/airflow/.local/lib/python3.7/site-packages/airflow/example_dags/example_time_delta_sensor_async.py
[2023-06-04T01:08:02.431+0000] {logging_mixin.py:117} INFO - [2023-06-04T01:08:02.431+0000] {dag.py:2573} INFO - Sync 1 DAGs
[2023-06-04T01:08:02.472+0000] {logging_mixin.py:117} INFO - [2023-06-04T01:08:02.472+0000] {dag.py:3328} INFO - Setting next_dagrun for example_time_delta_sensor_async to None, run_after=None
[2023-06-04T01:08:02.497+0000] {processor.py:178} INFO - Processing /home/airflow/.local/lib/python3.7/site-packages/airflow/example_dags/example_time_delta_sensor_async.py took 0.351 seconds
[2023-06-04T01:08:32.962+0000] {processor.py:156} INFO - Started process (PID=374) to work on /home/airflow/.local/lib/python3.7/site-packages/airflow/example_dags/example_time_delta_sensor_async.py
[2023-06-04T01:08:32.964+0000] {processor.py:758} INFO - Processing file /home/airflow/.local/lib/python3.7/site-packages/airflow/example_dags/example_time_delta_sensor_async.py for tasks to queue
[2023-06-04T01:08:32.966+0000] {logging_mixin.py:117} INFO - [2023-06-04T01:08:32.965+0000] {dagbag.py:525} INFO - Filling up the DagBag from /home/airflow/.local/lib/python3.7/site-packages/airflow/example_dags/example_time_delta_sensor_async.py
[2023-06-04T01:08:32.984+0000] {processor.py:768} INFO - DAG(s) dict_keys(['example_time_delta_sensor_async']) retrieved from /home/airflow/.local/lib/python3.7/site-packages/airflow/example_dags/example_time_delta_sensor_async.py
[2023-06-04T01:08:33.204+0000] {logging_mixin.py:117} INFO - [2023-06-04T01:08:33.204+0000] {dag.py:2573} INFO - Sync 1 DAGs
[2023-06-04T01:08:33.235+0000] {logging_mixin.py:117} INFO - [2023-06-04T01:08:33.235+0000] {dag.py:3328} INFO - Setting next_dagrun for example_time_delta_sensor_async to None, run_after=None
[2023-06-04T01:08:33.257+0000] {processor.py:178} INFO - Processing /home/airflow/.local/lib/python3.7/site-packages/airflow/example_dags/example_time_delta_sensor_async.py took 0.299 seconds
[2023-06-04T01:09:03.694+0000] {processor.py:156} INFO - Started process (PID=436) to work on /home/airflow/.local/lib/python3.7/site-packages/airflow/example_dags/example_time_delta_sensor_async.py
[2023-06-04T01:09:03.696+0000] {processor.py:758} INFO - Processing file /home/airflow/.local/lib/python3.7/site-packages/airflow/example_dags/example_time_delta_sensor_async.py for tasks to queue
[2023-06-04T01:09:03.698+0000] {logging_mixin.py:117} INFO - [2023-06-04T01:09:03.698+0000] {dagbag.py:525} INFO - Filling up the DagBag from /home/airflow/.local/lib/python3.7/site-packages/airflow/example_dags/example_time_delta_sensor_async.py
[2023-06-04T01:09:03.716+0000] {processor.py:768} INFO - DAG(s) dict_keys(['example_time_delta_sensor_async']) retrieved from /home/airflow/.local/lib/python3.7/site-packages/airflow/example_dags/example_time_delta_sensor_async.py
[2023-06-04T01:09:03.947+0000] {logging_mixin.py:117} INFO - [2023-06-04T01:09:03.946+0000] {dag.py:2573} INFO - Sync 1 DAGs
[2023-06-04T01:09:03.980+0000] {logging_mixin.py:117} INFO - [2023-06-04T01:09:03.980+0000] {dag.py:3328} INFO - Setting next_dagrun for example_time_delta_sensor_async to None, run_after=None
[2023-06-04T01:09:04.003+0000] {processor.py:178} INFO - Processing /home/airflow/.local/lib/python3.7/site-packages/airflow/example_dags/example_time_delta_sensor_async.py took 0.313 seconds
[2023-06-04T01:09:34.729+0000] {processor.py:156} INFO - Started process (PID=500) to work on /home/airflow/.local/lib/python3.7/site-packages/airflow/example_dags/example_time_delta_sensor_async.py
[2023-06-04T01:09:34.731+0000] {processor.py:758} INFO - Processing file /home/airflow/.local/lib/python3.7/site-packages/airflow/example_dags/example_time_delta_sensor_async.py for tasks to queue
[2023-06-04T01:09:34.733+0000] {logging_mixin.py:117} INFO - [2023-06-04T01:09:34.733+0000] {dagbag.py:525} INFO - Filling up the DagBag from /home/airflow/.local/lib/python3.7/site-packages/airflow/example_dags/example_time_delta_sensor_async.py
[2023-06-04T01:09:34.751+0000] {processor.py:768} INFO - DAG(s) dict_keys(['example_time_delta_sensor_async']) retrieved from /home/airflow/.local/lib/python3.7/site-packages/airflow/example_dags/example_time_delta_sensor_async.py
[2023-06-04T01:09:34.998+0000] {logging_mixin.py:117} INFO - [2023-06-04T01:09:34.998+0000] {dag.py:2573} INFO - Sync 1 DAGs
[2023-06-04T01:09:35.042+0000] {logging_mixin.py:117} INFO - [2023-06-04T01:09:35.041+0000] {dag.py:3328} INFO - Setting next_dagrun for example_time_delta_sensor_async to None, run_after=None
[2023-06-04T01:09:35.070+0000] {processor.py:178} INFO - Processing /home/airflow/.local/lib/python3.7/site-packages/airflow/example_dags/example_time_delta_sensor_async.py took 0.346 seconds
[2023-06-04T01:10:05.588+0000] {processor.py:156} INFO - Started process (PID=555) to work on /home/airflow/.local/lib/python3.7/site-packages/airflow/example_dags/example_time_delta_sensor_async.py
[2023-06-04T01:10:05.589+0000] {processor.py:758} INFO - Processing file /home/airflow/.local/lib/python3.7/site-packages/airflow/example_dags/example_time_delta_sensor_async.py for tasks to queue
[2023-06-04T01:10:05.591+0000] {logging_mixin.py:117} INFO - [2023-06-04T01:10:05.591+0000] {dagbag.py:525} INFO - Filling up the DagBag from /home/airflow/.local/lib/python3.7/site-packages/airflow/example_dags/example_time_delta_sensor_async.py
[2023-06-04T01:10:05.611+0000] {processor.py:768} INFO - DAG(s) dict_keys(['example_time_delta_sensor_async']) retrieved from /home/airflow/.local/lib/python3.7/site-packages/airflow/example_dags/example_time_delta_sensor_async.py
[2023-06-04T01:10:05.841+0000] {logging_mixin.py:117} INFO - [2023-06-04T01:10:05.841+0000] {dag.py:2573} INFO - Sync 1 DAGs
[2023-06-04T01:10:05.880+0000] {logging_mixin.py:117} INFO - [2023-06-04T01:10:05.880+0000] {dag.py:3328} INFO - Setting next_dagrun for example_time_delta_sensor_async to None, run_after=None
[2023-06-04T01:10:05.906+0000] {processor.py:178} INFO - Processing /home/airflow/.local/lib/python3.7/site-packages/airflow/example_dags/example_time_delta_sensor_async.py took 0.322 seconds
[2023-06-04T01:10:36.118+0000] {processor.py:156} INFO - Started process (PID=619) to work on /home/airflow/.local/lib/python3.7/site-packages/airflow/example_dags/example_time_delta_sensor_async.py
[2023-06-04T01:10:36.121+0000] {processor.py:758} INFO - Processing file /home/airflow/.local/lib/python3.7/site-packages/airflow/example_dags/example_time_delta_sensor_async.py for tasks to queue
[2023-06-04T01:10:36.122+0000] {logging_mixin.py:117} INFO - [2023-06-04T01:10:36.122+0000] {dagbag.py:525} INFO - Filling up the DagBag from /home/airflow/.local/lib/python3.7/site-packages/airflow/example_dags/example_time_delta_sensor_async.py
[2023-06-04T01:10:36.141+0000] {processor.py:768} INFO - DAG(s) dict_keys(['example_time_delta_sensor_async']) retrieved from /home/airflow/.local/lib/python3.7/site-packages/airflow/example_dags/example_time_delta_sensor_async.py
[2023-06-04T01:10:36.367+0000] {logging_mixin.py:117} INFO - [2023-06-04T01:10:36.366+0000] {dag.py:2573} INFO - Sync 1 DAGs
[2023-06-04T01:10:36.398+0000] {logging_mixin.py:117} INFO - [2023-06-04T01:10:36.398+0000] {dag.py:3328} INFO - Setting next_dagrun for example_time_delta_sensor_async to None, run_after=None
[2023-06-04T01:10:36.422+0000] {processor.py:178} INFO - Processing /home/airflow/.local/lib/python3.7/site-packages/airflow/example_dags/example_time_delta_sensor_async.py took 0.308 seconds
[2023-06-04T01:11:06.638+0000] {processor.py:156} INFO - Started process (PID=683) to work on /home/airflow/.local/lib/python3.7/site-packages/airflow/example_dags/example_time_delta_sensor_async.py
[2023-06-04T01:11:06.641+0000] {processor.py:758} INFO - Processing file /home/airflow/.local/lib/python3.7/site-packages/airflow/example_dags/example_time_delta_sensor_async.py for tasks to queue
[2023-06-04T01:11:06.642+0000] {logging_mixin.py:117} INFO - [2023-06-04T01:11:06.642+0000] {dagbag.py:525} INFO - Filling up the DagBag from /home/airflow/.local/lib/python3.7/site-packages/airflow/example_dags/example_time_delta_sensor_async.py
[2023-06-04T01:11:06.659+0000] {processor.py:768} INFO - DAG(s) dict_keys(['example_time_delta_sensor_async']) retrieved from /home/airflow/.local/lib/python3.7/site-packages/airflow/example_dags/example_time_delta_sensor_async.py
[2023-06-04T01:11:06.885+0000] {logging_mixin.py:117} INFO - [2023-06-04T01:11:06.884+0000] {dag.py:2573} INFO - Sync 1 DAGs
[2023-06-04T01:11:06.918+0000] {logging_mixin.py:117} INFO - [2023-06-04T01:11:06.918+0000] {dag.py:3328} INFO - Setting next_dagrun for example_time_delta_sensor_async to None, run_after=None
[2023-06-04T01:11:06.944+0000] {processor.py:178} INFO - Processing /home/airflow/.local/lib/python3.7/site-packages/airflow/example_dags/example_time_delta_sensor_async.py took 0.310 seconds
[2023-06-04T01:11:37.690+0000] {processor.py:156} INFO - Started process (PID=745) to work on /home/airflow/.local/lib/python3.7/site-packages/airflow/example_dags/example_time_delta_sensor_async.py
[2023-06-04T01:11:37.693+0000] {processor.py:758} INFO - Processing file /home/airflow/.local/lib/python3.7/site-packages/airflow/example_dags/example_time_delta_sensor_async.py for tasks to queue
[2023-06-04T01:11:37.695+0000] {logging_mixin.py:117} INFO - [2023-06-04T01:11:37.695+0000] {dagbag.py:525} INFO - Filling up the DagBag from /home/airflow/.local/lib/python3.7/site-packages/airflow/example_dags/example_time_delta_sensor_async.py
[2023-06-04T01:11:37.715+0000] {processor.py:768} INFO - DAG(s) dict_keys(['example_time_delta_sensor_async']) retrieved from /home/airflow/.local/lib/python3.7/site-packages/airflow/example_dags/example_time_delta_sensor_async.py
[2023-06-04T01:11:37.958+0000] {logging_mixin.py:117} INFO - [2023-06-04T01:11:37.958+0000] {dag.py:2573} INFO - Sync 1 DAGs
[2023-06-04T01:11:37.992+0000] {logging_mixin.py:117} INFO - [2023-06-04T01:11:37.992+0000] {dag.py:3328} INFO - Setting next_dagrun for example_time_delta_sensor_async to None, run_after=None
[2023-06-04T01:11:38.021+0000] {processor.py:178} INFO - Processing /home/airflow/.local/lib/python3.7/site-packages/airflow/example_dags/example_time_delta_sensor_async.py took 0.335 seconds
[2023-06-04T01:12:08.155+0000] {processor.py:156} INFO - Started process (PID=802) to work on /home/airflow/.local/lib/python3.7/site-packages/airflow/example_dags/example_time_delta_sensor_async.py
[2023-06-04T01:12:08.157+0000] {processor.py:758} INFO - Processing file /home/airflow/.local/lib/python3.7/site-packages/airflow/example_dags/example_time_delta_sensor_async.py for tasks to queue
[2023-06-04T01:12:08.159+0000] {logging_mixin.py:117} INFO - [2023-06-04T01:12:08.159+0000] {dagbag.py:525} INFO - Filling up the DagBag from /home/airflow/.local/lib/python3.7/site-packages/airflow/example_dags/example_time_delta_sensor_async.py
[2023-06-04T01:12:08.178+0000] {processor.py:768} INFO - DAG(s) dict_keys(['example_time_delta_sensor_async']) retrieved from /home/airflow/.local/lib/python3.7/site-packages/airflow/example_dags/example_time_delta_sensor_async.py
[2023-06-04T01:12:08.402+0000] {logging_mixin.py:117} INFO - [2023-06-04T01:12:08.401+0000] {dag.py:2573} INFO - Sync 1 DAGs
[2023-06-04T01:12:08.428+0000] {logging_mixin.py:117} INFO - [2023-06-04T01:12:08.428+0000] {dag.py:3328} INFO - Setting next_dagrun for example_time_delta_sensor_async to None, run_after=None
[2023-06-04T01:12:08.450+0000] {processor.py:178} INFO - Processing /home/airflow/.local/lib/python3.7/site-packages/airflow/example_dags/example_time_delta_sensor_async.py took 0.300 seconds
[2023-06-04T01:12:38.603+0000] {processor.py:156} INFO - Started process (PID=866) to work on /home/airflow/.local/lib/python3.7/site-packages/airflow/example_dags/example_time_delta_sensor_async.py
[2023-06-04T01:12:38.606+0000] {processor.py:758} INFO - Processing file /home/airflow/.local/lib/python3.7/site-packages/airflow/example_dags/example_time_delta_sensor_async.py for tasks to queue
[2023-06-04T01:12:38.608+0000] {logging_mixin.py:117} INFO - [2023-06-04T01:12:38.608+0000] {dagbag.py:525} INFO - Filling up the DagBag from /home/airflow/.local/lib/python3.7/site-packages/airflow/example_dags/example_time_delta_sensor_async.py
[2023-06-04T01:12:38.627+0000] {processor.py:768} INFO - DAG(s) dict_keys(['example_time_delta_sensor_async']) retrieved from /home/airflow/.local/lib/python3.7/site-packages/airflow/example_dags/example_time_delta_sensor_async.py
[2023-06-04T01:12:38.873+0000] {logging_mixin.py:117} INFO - [2023-06-04T01:12:38.873+0000] {dag.py:2573} INFO - Sync 1 DAGs
[2023-06-04T01:12:38.906+0000] {logging_mixin.py:117} INFO - [2023-06-04T01:12:38.906+0000] {dag.py:3328} INFO - Setting next_dagrun for example_time_delta_sensor_async to None, run_after=None
[2023-06-04T01:12:38.928+0000] {processor.py:178} INFO - Processing /home/airflow/.local/lib/python3.7/site-packages/airflow/example_dags/example_time_delta_sensor_async.py took 0.330 seconds
[2023-06-04T01:13:08.978+0000] {processor.py:156} INFO - Started process (PID=930) to work on /home/airflow/.local/lib/python3.7/site-packages/airflow/example_dags/example_time_delta_sensor_async.py
[2023-06-04T01:13:08.980+0000] {processor.py:758} INFO - Processing file /home/airflow/.local/lib/python3.7/site-packages/airflow/example_dags/example_time_delta_sensor_async.py for tasks to queue
[2023-06-04T01:13:08.982+0000] {logging_mixin.py:117} INFO - [2023-06-04T01:13:08.982+0000] {dagbag.py:525} INFO - Filling up the DagBag from /home/airflow/.local/lib/python3.7/site-packages/airflow/example_dags/example_time_delta_sensor_async.py
[2023-06-04T01:13:09.004+0000] {processor.py:768} INFO - DAG(s) dict_keys(['example_time_delta_sensor_async']) retrieved from /home/airflow/.local/lib/python3.7/site-packages/airflow/example_dags/example_time_delta_sensor_async.py
[2023-06-04T01:13:09.242+0000] {logging_mixin.py:117} INFO - [2023-06-04T01:13:09.242+0000] {dag.py:2573} INFO - Sync 1 DAGs
[2023-06-04T01:13:09.272+0000] {logging_mixin.py:117} INFO - [2023-06-04T01:13:09.272+0000] {dag.py:3328} INFO - Setting next_dagrun for example_time_delta_sensor_async to None, run_after=None
[2023-06-04T01:13:09.295+0000] {processor.py:178} INFO - Processing /home/airflow/.local/lib/python3.7/site-packages/airflow/example_dags/example_time_delta_sensor_async.py took 0.321 seconds
[2023-06-04T01:13:39.397+0000] {processor.py:156} INFO - Started process (PID=986) to work on /home/airflow/.local/lib/python3.7/site-packages/airflow/example_dags/example_time_delta_sensor_async.py
[2023-06-04T01:13:39.400+0000] {processor.py:758} INFO - Processing file /home/airflow/.local/lib/python3.7/site-packages/airflow/example_dags/example_time_delta_sensor_async.py for tasks to queue
[2023-06-04T01:13:39.402+0000] {logging_mixin.py:117} INFO - [2023-06-04T01:13:39.401+0000] {dagbag.py:525} INFO - Filling up the DagBag from /home/airflow/.local/lib/python3.7/site-packages/airflow/example_dags/example_time_delta_sensor_async.py
[2023-06-04T01:13:39.421+0000] {processor.py:768} INFO - DAG(s) dict_keys(['example_time_delta_sensor_async']) retrieved from /home/airflow/.local/lib/python3.7/site-packages/airflow/example_dags/example_time_delta_sensor_async.py
[2023-06-04T01:13:39.663+0000] {logging_mixin.py:117} INFO - [2023-06-04T01:13:39.663+0000] {dag.py:2573} INFO - Sync 1 DAGs
[2023-06-04T01:13:39.694+0000] {logging_mixin.py:117} INFO - [2023-06-04T01:13:39.694+0000] {dag.py:3328} INFO - Setting next_dagrun for example_time_delta_sensor_async to None, run_after=None
[2023-06-04T01:13:39.717+0000] {processor.py:178} INFO - Processing /home/airflow/.local/lib/python3.7/site-packages/airflow/example_dags/example_time_delta_sensor_async.py took 0.324 seconds
[2023-06-04T01:14:09.974+0000] {processor.py:156} INFO - Started process (PID=1048) to work on /home/airflow/.local/lib/python3.7/site-packages/airflow/example_dags/example_time_delta_sensor_async.py
[2023-06-04T01:14:09.977+0000] {processor.py:758} INFO - Processing file /home/airflow/.local/lib/python3.7/site-packages/airflow/example_dags/example_time_delta_sensor_async.py for tasks to queue
[2023-06-04T01:14:09.979+0000] {logging_mixin.py:117} INFO - [2023-06-04T01:14:09.978+0000] {dagbag.py:525} INFO - Filling up the DagBag from /home/airflow/.local/lib/python3.7/site-packages/airflow/example_dags/example_time_delta_sensor_async.py
[2023-06-04T01:14:09.997+0000] {processor.py:768} INFO - DAG(s) dict_keys(['example_time_delta_sensor_async']) retrieved from /home/airflow/.local/lib/python3.7/site-packages/airflow/example_dags/example_time_delta_sensor_async.py
[2023-06-04T01:14:10.225+0000] {logging_mixin.py:117} INFO - [2023-06-04T01:14:10.224+0000] {dag.py:2573} INFO - Sync 1 DAGs
[2023-06-04T01:14:10.255+0000] {logging_mixin.py:117} INFO - [2023-06-04T01:14:10.255+0000] {dag.py:3328} INFO - Setting next_dagrun for example_time_delta_sensor_async to None, run_after=None
[2023-06-04T01:14:10.283+0000] {processor.py:178} INFO - Processing /home/airflow/.local/lib/python3.7/site-packages/airflow/example_dags/example_time_delta_sensor_async.py took 0.313 seconds
[2023-06-04T01:14:40.786+0000] {processor.py:156} INFO - Started process (PID=1111) to work on /home/airflow/.local/lib/python3.7/site-packages/airflow/example_dags/example_time_delta_sensor_async.py
[2023-06-04T01:14:40.790+0000] {processor.py:758} INFO - Processing file /home/airflow/.local/lib/python3.7/site-packages/airflow/example_dags/example_time_delta_sensor_async.py for tasks to queue
[2023-06-04T01:14:40.793+0000] {logging_mixin.py:117} INFO - [2023-06-04T01:14:40.792+0000] {dagbag.py:525} INFO - Filling up the DagBag from /home/airflow/.local/lib/python3.7/site-packages/airflow/example_dags/example_time_delta_sensor_async.py
[2023-06-04T01:14:40.818+0000] {processor.py:768} INFO - DAG(s) dict_keys(['example_time_delta_sensor_async']) retrieved from /home/airflow/.local/lib/python3.7/site-packages/airflow/example_dags/example_time_delta_sensor_async.py
[2023-06-04T01:14:41.073+0000] {logging_mixin.py:117} INFO - [2023-06-04T01:14:41.073+0000] {dag.py:2573} INFO - Sync 1 DAGs
[2023-06-04T01:14:41.102+0000] {logging_mixin.py:117} INFO - [2023-06-04T01:14:41.102+0000] {dag.py:3328} INFO - Setting next_dagrun for example_time_delta_sensor_async to None, run_after=None
[2023-06-04T01:14:41.129+0000] {processor.py:178} INFO - Processing /home/airflow/.local/lib/python3.7/site-packages/airflow/example_dags/example_time_delta_sensor_async.py took 0.350 seconds
[2023-06-04T01:15:11.631+0000] {processor.py:156} INFO - Started process (PID=1166) to work on /home/airflow/.local/lib/python3.7/site-packages/airflow/example_dags/example_time_delta_sensor_async.py
[2023-06-04T01:15:11.634+0000] {processor.py:758} INFO - Processing file /home/airflow/.local/lib/python3.7/site-packages/airflow/example_dags/example_time_delta_sensor_async.py for tasks to queue
[2023-06-04T01:15:11.637+0000] {logging_mixin.py:117} INFO - [2023-06-04T01:15:11.637+0000] {dagbag.py:525} INFO - Filling up the DagBag from /home/airflow/.local/lib/python3.7/site-packages/airflow/example_dags/example_time_delta_sensor_async.py
[2023-06-04T01:15:11.661+0000] {processor.py:768} INFO - DAG(s) dict_keys(['example_time_delta_sensor_async']) retrieved from /home/airflow/.local/lib/python3.7/site-packages/airflow/example_dags/example_time_delta_sensor_async.py
[2023-06-04T01:15:11.969+0000] {logging_mixin.py:117} INFO - [2023-06-04T01:15:11.969+0000] {dag.py:2573} INFO - Sync 1 DAGs
[2023-06-04T01:15:12.011+0000] {logging_mixin.py:117} INFO - [2023-06-04T01:15:12.011+0000] {dag.py:3328} INFO - Setting next_dagrun for example_time_delta_sensor_async to None, run_after=None
[2023-06-04T01:15:12.046+0000] {processor.py:178} INFO - Processing /home/airflow/.local/lib/python3.7/site-packages/airflow/example_dags/example_time_delta_sensor_async.py took 0.421 seconds
[2023-06-04T01:15:42.110+0000] {processor.py:156} INFO - Started process (PID=1230) to work on /home/airflow/.local/lib/python3.7/site-packages/airflow/example_dags/example_time_delta_sensor_async.py
[2023-06-04T01:15:42.112+0000] {processor.py:758} INFO - Processing file /home/airflow/.local/lib/python3.7/site-packages/airflow/example_dags/example_time_delta_sensor_async.py for tasks to queue
[2023-06-04T01:15:42.113+0000] {logging_mixin.py:117} INFO - [2023-06-04T01:15:42.113+0000] {dagbag.py:525} INFO - Filling up the DagBag from /home/airflow/.local/lib/python3.7/site-packages/airflow/example_dags/example_time_delta_sensor_async.py
[2023-06-04T01:15:42.131+0000] {processor.py:768} INFO - DAG(s) dict_keys(['example_time_delta_sensor_async']) retrieved from /home/airflow/.local/lib/python3.7/site-packages/airflow/example_dags/example_time_delta_sensor_async.py
[2023-06-04T01:15:42.351+0000] {logging_mixin.py:117} INFO - [2023-06-04T01:15:42.351+0000] {dag.py:2573} INFO - Sync 1 DAGs
[2023-06-04T01:15:42.378+0000] {logging_mixin.py:117} INFO - [2023-06-04T01:15:42.378+0000] {dag.py:3328} INFO - Setting next_dagrun for example_time_delta_sensor_async to None, run_after=None
[2023-06-04T01:15:42.401+0000] {processor.py:178} INFO - Processing /home/airflow/.local/lib/python3.7/site-packages/airflow/example_dags/example_time_delta_sensor_async.py took 0.296 seconds
[2023-06-04T01:16:12.628+0000] {processor.py:156} INFO - Started process (PID=1285) to work on /home/airflow/.local/lib/python3.7/site-packages/airflow/example_dags/example_time_delta_sensor_async.py
[2023-06-04T01:16:12.630+0000] {processor.py:758} INFO - Processing file /home/airflow/.local/lib/python3.7/site-packages/airflow/example_dags/example_time_delta_sensor_async.py for tasks to queue
[2023-06-04T01:16:12.632+0000] {logging_mixin.py:117} INFO - [2023-06-04T01:16:12.632+0000] {dagbag.py:525} INFO - Filling up the DagBag from /home/airflow/.local/lib/python3.7/site-packages/airflow/example_dags/example_time_delta_sensor_async.py
[2023-06-04T01:16:12.654+0000] {processor.py:768} INFO - DAG(s) dict_keys(['example_time_delta_sensor_async']) retrieved from /home/airflow/.local/lib/python3.7/site-packages/airflow/example_dags/example_time_delta_sensor_async.py
[2023-06-04T01:16:12.916+0000] {logging_mixin.py:117} INFO - [2023-06-04T01:16:12.916+0000] {dag.py:2573} INFO - Sync 1 DAGs
[2023-06-04T01:16:12.949+0000] {logging_mixin.py:117} INFO - [2023-06-04T01:16:12.948+0000] {dag.py:3328} INFO - Setting next_dagrun for example_time_delta_sensor_async to None, run_after=None
[2023-06-04T01:16:12.974+0000] {processor.py:178} INFO - Processing /home/airflow/.local/lib/python3.7/site-packages/airflow/example_dags/example_time_delta_sensor_async.py took 0.352 seconds
[2023-06-04T01:16:43.837+0000] {processor.py:156} INFO - Started process (PID=1349) to work on /home/airflow/.local/lib/python3.7/site-packages/airflow/example_dags/example_time_delta_sensor_async.py
[2023-06-04T01:16:43.839+0000] {processor.py:758} INFO - Processing file /home/airflow/.local/lib/python3.7/site-packages/airflow/example_dags/example_time_delta_sensor_async.py for tasks to queue
[2023-06-04T01:16:43.842+0000] {logging_mixin.py:117} INFO - [2023-06-04T01:16:43.842+0000] {dagbag.py:525} INFO - Filling up the DagBag from /home/airflow/.local/lib/python3.7/site-packages/airflow/example_dags/example_time_delta_sensor_async.py
[2023-06-04T01:16:43.866+0000] {processor.py:768} INFO - DAG(s) dict_keys(['example_time_delta_sensor_async']) retrieved from /home/airflow/.local/lib/python3.7/site-packages/airflow/example_dags/example_time_delta_sensor_async.py
[2023-06-04T01:16:44.174+0000] {logging_mixin.py:117} INFO - [2023-06-04T01:16:44.174+0000] {dag.py:2573} INFO - Sync 1 DAGs
[2023-06-04T01:16:44.224+0000] {logging_mixin.py:117} INFO - [2023-06-04T01:16:44.224+0000] {dag.py:3328} INFO - Setting next_dagrun for example_time_delta_sensor_async to None, run_after=None
[2023-06-04T01:16:44.262+0000] {processor.py:178} INFO - Processing /home/airflow/.local/lib/python3.7/site-packages/airflow/example_dags/example_time_delta_sensor_async.py took 0.430 seconds
[2023-06-04T01:17:14.398+0000] {processor.py:156} INFO - Started process (PID=1413) to work on /home/airflow/.local/lib/python3.7/site-packages/airflow/example_dags/example_time_delta_sensor_async.py
[2023-06-04T01:17:14.400+0000] {processor.py:758} INFO - Processing file /home/airflow/.local/lib/python3.7/site-packages/airflow/example_dags/example_time_delta_sensor_async.py for tasks to queue
[2023-06-04T01:17:14.402+0000] {logging_mixin.py:117} INFO - [2023-06-04T01:17:14.401+0000] {dagbag.py:525} INFO - Filling up the DagBag from /home/airflow/.local/lib/python3.7/site-packages/airflow/example_dags/example_time_delta_sensor_async.py
[2023-06-04T01:17:14.421+0000] {processor.py:768} INFO - DAG(s) dict_keys(['example_time_delta_sensor_async']) retrieved from /home/airflow/.local/lib/python3.7/site-packages/airflow/example_dags/example_time_delta_sensor_async.py
[2023-06-04T01:17:14.660+0000] {logging_mixin.py:117} INFO - [2023-06-04T01:17:14.659+0000] {dag.py:2573} INFO - Sync 1 DAGs
[2023-06-04T01:17:14.692+0000] {logging_mixin.py:117} INFO - [2023-06-04T01:17:14.692+0000] {dag.py:3328} INFO - Setting next_dagrun for example_time_delta_sensor_async to None, run_after=None
[2023-06-04T01:17:14.716+0000] {processor.py:178} INFO - Processing /home/airflow/.local/lib/python3.7/site-packages/airflow/example_dags/example_time_delta_sensor_async.py took 0.323 seconds
[2023-06-04T01:17:44.760+0000] {processor.py:156} INFO - Started process (PID=1468) to work on /home/airflow/.local/lib/python3.7/site-packages/airflow/example_dags/example_time_delta_sensor_async.py
[2023-06-04T01:17:44.763+0000] {processor.py:758} INFO - Processing file /home/airflow/.local/lib/python3.7/site-packages/airflow/example_dags/example_time_delta_sensor_async.py for tasks to queue
[2023-06-04T01:17:44.764+0000] {logging_mixin.py:117} INFO - [2023-06-04T01:17:44.764+0000] {dagbag.py:525} INFO - Filling up the DagBag from /home/airflow/.local/lib/python3.7/site-packages/airflow/example_dags/example_time_delta_sensor_async.py
[2023-06-04T01:17:44.783+0000] {processor.py:768} INFO - DAG(s) dict_keys(['example_time_delta_sensor_async']) retrieved from /home/airflow/.local/lib/python3.7/site-packages/airflow/example_dags/example_time_delta_sensor_async.py
[2023-06-04T01:17:45.008+0000] {logging_mixin.py:117} INFO - [2023-06-04T01:17:45.008+0000] {dag.py:2573} INFO - Sync 1 DAGs
[2023-06-04T01:17:45.037+0000] {logging_mixin.py:117} INFO - [2023-06-04T01:17:45.036+0000] {dag.py:3328} INFO - Setting next_dagrun for example_time_delta_sensor_async to None, run_after=None
[2023-06-04T01:17:45.058+0000] {processor.py:178} INFO - Processing /home/airflow/.local/lib/python3.7/site-packages/airflow/example_dags/example_time_delta_sensor_async.py took 0.302 seconds
[2023-06-04T01:18:15.219+0000] {processor.py:156} INFO - Started process (PID=1533) to work on /home/airflow/.local/lib/python3.7/site-packages/airflow/example_dags/example_time_delta_sensor_async.py
[2023-06-04T01:18:15.222+0000] {processor.py:758} INFO - Processing file /home/airflow/.local/lib/python3.7/site-packages/airflow/example_dags/example_time_delta_sensor_async.py for tasks to queue
[2023-06-04T01:18:15.224+0000] {logging_mixin.py:117} INFO - [2023-06-04T01:18:15.224+0000] {dagbag.py:525} INFO - Filling up the DagBag from /home/airflow/.local/lib/python3.7/site-packages/airflow/example_dags/example_time_delta_sensor_async.py
[2023-06-04T01:18:15.245+0000] {processor.py:768} INFO - DAG(s) dict_keys(['example_time_delta_sensor_async']) retrieved from /home/airflow/.local/lib/python3.7/site-packages/airflow/example_dags/example_time_delta_sensor_async.py
[2023-06-04T01:18:15.472+0000] {logging_mixin.py:117} INFO - [2023-06-04T01:18:15.472+0000] {dag.py:2573} INFO - Sync 1 DAGs
[2023-06-04T01:18:15.502+0000] {logging_mixin.py:117} INFO - [2023-06-04T01:18:15.502+0000] {dag.py:3328} INFO - Setting next_dagrun for example_time_delta_sensor_async to None, run_after=None
[2023-06-04T01:18:15.524+0000] {processor.py:178} INFO - Processing /home/airflow/.local/lib/python3.7/site-packages/airflow/example_dags/example_time_delta_sensor_async.py took 0.310 seconds
[2023-06-04T01:18:45.683+0000] {processor.py:156} INFO - Started process (PID=1597) to work on /home/airflow/.local/lib/python3.7/site-packages/airflow/example_dags/example_time_delta_sensor_async.py
[2023-06-04T01:18:45.686+0000] {processor.py:758} INFO - Processing file /home/airflow/.local/lib/python3.7/site-packages/airflow/example_dags/example_time_delta_sensor_async.py for tasks to queue
[2023-06-04T01:18:45.687+0000] {logging_mixin.py:117} INFO - [2023-06-04T01:18:45.687+0000] {dagbag.py:525} INFO - Filling up the DagBag from /home/airflow/.local/lib/python3.7/site-packages/airflow/example_dags/example_time_delta_sensor_async.py
[2023-06-04T01:18:45.707+0000] {processor.py:768} INFO - DAG(s) dict_keys(['example_time_delta_sensor_async']) retrieved from /home/airflow/.local/lib/python3.7/site-packages/airflow/example_dags/example_time_delta_sensor_async.py
[2023-06-04T01:18:45.939+0000] {logging_mixin.py:117} INFO - [2023-06-04T01:18:45.939+0000] {dag.py:2573} INFO - Sync 1 DAGs
[2023-06-04T01:18:45.971+0000] {logging_mixin.py:117} INFO - [2023-06-04T01:18:45.971+0000] {dag.py:3328} INFO - Setting next_dagrun for example_time_delta_sensor_async to None, run_after=None
[2023-06-04T01:18:45.995+0000] {processor.py:178} INFO - Processing /home/airflow/.local/lib/python3.7/site-packages/airflow/example_dags/example_time_delta_sensor_async.py took 0.317 seconds
[2023-06-04T01:19:16.498+0000] {processor.py:156} INFO - Started process (PID=1652) to work on /home/airflow/.local/lib/python3.7/site-packages/airflow/example_dags/example_time_delta_sensor_async.py
[2023-06-04T01:19:16.501+0000] {processor.py:758} INFO - Processing file /home/airflow/.local/lib/python3.7/site-packages/airflow/example_dags/example_time_delta_sensor_async.py for tasks to queue
[2023-06-04T01:19:16.503+0000] {logging_mixin.py:117} INFO - [2023-06-04T01:19:16.503+0000] {dagbag.py:525} INFO - Filling up the DagBag from /home/airflow/.local/lib/python3.7/site-packages/airflow/example_dags/example_time_delta_sensor_async.py
[2023-06-04T01:19:16.523+0000] {processor.py:768} INFO - DAG(s) dict_keys(['example_time_delta_sensor_async']) retrieved from /home/airflow/.local/lib/python3.7/site-packages/airflow/example_dags/example_time_delta_sensor_async.py
[2023-06-04T01:19:16.755+0000] {logging_mixin.py:117} INFO - [2023-06-04T01:19:16.754+0000] {dag.py:2573} INFO - Sync 1 DAGs
[2023-06-04T01:19:16.787+0000] {logging_mixin.py:117} INFO - [2023-06-04T01:19:16.787+0000] {dag.py:3328} INFO - Setting next_dagrun for example_time_delta_sensor_async to None, run_after=None
[2023-06-04T01:19:16.811+0000] {processor.py:178} INFO - Processing /home/airflow/.local/lib/python3.7/site-packages/airflow/example_dags/example_time_delta_sensor_async.py took 0.317 seconds
[2023-06-04T01:20:41.427+0000] {processor.py:157} INFO - Started process (PID=67) to work on /home/airflow/.local/lib/python3.7/site-packages/airflow/example_dags/example_time_delta_sensor_async.py
[2023-06-04T01:20:41.431+0000] {processor.py:826} INFO - Processing file /home/airflow/.local/lib/python3.7/site-packages/airflow/example_dags/example_time_delta_sensor_async.py for tasks to queue
[2023-06-04T01:20:41.433+0000] {logging_mixin.py:149} INFO - [2023-06-04T01:20:41.433+0000] {dagbag.py:541} INFO - Filling up the DagBag from /home/airflow/.local/lib/python3.7/site-packages/airflow/example_dags/example_time_delta_sensor_async.py
[2023-06-04T01:20:41.447+0000] {processor.py:836} INFO - DAG(s) dict_keys(['example_time_delta_sensor_async']) retrieved from /home/airflow/.local/lib/python3.7/site-packages/airflow/example_dags/example_time_delta_sensor_async.py
[2023-06-04T01:20:41.473+0000] {logging_mixin.py:149} INFO - [2023-06-04T01:20:41.473+0000] {dag.py:2726} INFO - Sync 1 DAGs
[2023-06-04T01:20:41.526+0000] {logging_mixin.py:149} INFO - [2023-06-04T01:20:41.525+0000] {dag.py:3490} INFO - Setting next_dagrun for example_time_delta_sensor_async to None, run_after=None
[2023-06-04T01:20:41.579+0000] {processor.py:179} INFO - Processing /home/airflow/.local/lib/python3.7/site-packages/airflow/example_dags/example_time_delta_sensor_async.py took 0.158 seconds
[2023-06-04T01:21:11.753+0000] {processor.py:157} INFO - Started process (PID=137) to work on /home/airflow/.local/lib/python3.7/site-packages/airflow/example_dags/example_time_delta_sensor_async.py
[2023-06-04T01:21:11.755+0000] {processor.py:826} INFO - Processing file /home/airflow/.local/lib/python3.7/site-packages/airflow/example_dags/example_time_delta_sensor_async.py for tasks to queue
[2023-06-04T01:21:11.757+0000] {logging_mixin.py:149} INFO - [2023-06-04T01:21:11.757+0000] {dagbag.py:541} INFO - Filling up the DagBag from /home/airflow/.local/lib/python3.7/site-packages/airflow/example_dags/example_time_delta_sensor_async.py
[2023-06-04T01:21:11.764+0000] {processor.py:836} INFO - DAG(s) dict_keys(['example_time_delta_sensor_async']) retrieved from /home/airflow/.local/lib/python3.7/site-packages/airflow/example_dags/example_time_delta_sensor_async.py
[2023-06-04T01:21:11.798+0000] {logging_mixin.py:149} INFO - [2023-06-04T01:21:11.798+0000] {dag.py:2726} INFO - Sync 1 DAGs
[2023-06-04T01:21:11.835+0000] {logging_mixin.py:149} INFO - [2023-06-04T01:21:11.834+0000] {dag.py:3490} INFO - Setting next_dagrun for example_time_delta_sensor_async to None, run_after=None
[2023-06-04T01:21:11.859+0000] {processor.py:179} INFO - Processing /home/airflow/.local/lib/python3.7/site-packages/airflow/example_dags/example_time_delta_sensor_async.py took 0.111 seconds
[2023-06-04T01:21:42.625+0000] {processor.py:157} INFO - Started process (PID=216) to work on /home/airflow/.local/lib/python3.7/site-packages/airflow/example_dags/example_time_delta_sensor_async.py
[2023-06-04T01:21:42.627+0000] {processor.py:826} INFO - Processing file /home/airflow/.local/lib/python3.7/site-packages/airflow/example_dags/example_time_delta_sensor_async.py for tasks to queue
[2023-06-04T01:21:42.628+0000] {logging_mixin.py:149} INFO - [2023-06-04T01:21:42.628+0000] {dagbag.py:541} INFO - Filling up the DagBag from /home/airflow/.local/lib/python3.7/site-packages/airflow/example_dags/example_time_delta_sensor_async.py
[2023-06-04T01:21:42.635+0000] {processor.py:836} INFO - DAG(s) dict_keys(['example_time_delta_sensor_async']) retrieved from /home/airflow/.local/lib/python3.7/site-packages/airflow/example_dags/example_time_delta_sensor_async.py
[2023-06-04T01:21:42.668+0000] {logging_mixin.py:149} INFO - [2023-06-04T01:21:42.668+0000] {dag.py:2726} INFO - Sync 1 DAGs
[2023-06-04T01:21:42.703+0000] {logging_mixin.py:149} INFO - [2023-06-04T01:21:42.703+0000] {dag.py:3490} INFO - Setting next_dagrun for example_time_delta_sensor_async to None, run_after=None
[2023-06-04T01:21:42.729+0000] {processor.py:179} INFO - Processing /home/airflow/.local/lib/python3.7/site-packages/airflow/example_dags/example_time_delta_sensor_async.py took 0.109 seconds
[2023-06-04T01:22:12.785+0000] {processor.py:157} INFO - Started process (PID=285) to work on /home/airflow/.local/lib/python3.7/site-packages/airflow/example_dags/example_time_delta_sensor_async.py
[2023-06-04T01:22:12.787+0000] {processor.py:826} INFO - Processing file /home/airflow/.local/lib/python3.7/site-packages/airflow/example_dags/example_time_delta_sensor_async.py for tasks to queue
[2023-06-04T01:22:12.789+0000] {logging_mixin.py:149} INFO - [2023-06-04T01:22:12.789+0000] {dagbag.py:541} INFO - Filling up the DagBag from /home/airflow/.local/lib/python3.7/site-packages/airflow/example_dags/example_time_delta_sensor_async.py
[2023-06-04T01:22:12.796+0000] {processor.py:836} INFO - DAG(s) dict_keys(['example_time_delta_sensor_async']) retrieved from /home/airflow/.local/lib/python3.7/site-packages/airflow/example_dags/example_time_delta_sensor_async.py
[2023-06-04T01:22:12.829+0000] {logging_mixin.py:149} INFO - [2023-06-04T01:22:12.829+0000] {dag.py:2726} INFO - Sync 1 DAGs
[2023-06-04T01:22:12.861+0000] {logging_mixin.py:149} INFO - [2023-06-04T01:22:12.861+0000] {dag.py:3490} INFO - Setting next_dagrun for example_time_delta_sensor_async to None, run_after=None
[2023-06-04T01:22:12.888+0000] {processor.py:179} INFO - Processing /home/airflow/.local/lib/python3.7/site-packages/airflow/example_dags/example_time_delta_sensor_async.py took 0.107 seconds
[2023-06-04T01:22:43.850+0000] {processor.py:157} INFO - Started process (PID=356) to work on /home/airflow/.local/lib/python3.7/site-packages/airflow/example_dags/example_time_delta_sensor_async.py
[2023-06-04T01:22:43.852+0000] {processor.py:826} INFO - Processing file /home/airflow/.local/lib/python3.7/site-packages/airflow/example_dags/example_time_delta_sensor_async.py for tasks to queue
[2023-06-04T01:22:43.855+0000] {logging_mixin.py:149} INFO - [2023-06-04T01:22:43.855+0000] {dagbag.py:541} INFO - Filling up the DagBag from /home/airflow/.local/lib/python3.7/site-packages/airflow/example_dags/example_time_delta_sensor_async.py
[2023-06-04T01:22:43.863+0000] {processor.py:836} INFO - DAG(s) dict_keys(['example_time_delta_sensor_async']) retrieved from /home/airflow/.local/lib/python3.7/site-packages/airflow/example_dags/example_time_delta_sensor_async.py
[2023-06-04T01:22:43.908+0000] {logging_mixin.py:149} INFO - [2023-06-04T01:22:43.907+0000] {dag.py:2726} INFO - Sync 1 DAGs
[2023-06-04T01:22:43.949+0000] {logging_mixin.py:149} INFO - [2023-06-04T01:22:43.949+0000] {dag.py:3490} INFO - Setting next_dagrun for example_time_delta_sensor_async to None, run_after=None
[2023-06-04T01:22:43.985+0000] {processor.py:179} INFO - Processing /home/airflow/.local/lib/python3.7/site-packages/airflow/example_dags/example_time_delta_sensor_async.py took 0.141 seconds
[2023-06-04T01:23:14.882+0000] {processor.py:157} INFO - Started process (PID=435) to work on /home/airflow/.local/lib/python3.7/site-packages/airflow/example_dags/example_time_delta_sensor_async.py
[2023-06-04T01:23:14.884+0000] {processor.py:826} INFO - Processing file /home/airflow/.local/lib/python3.7/site-packages/airflow/example_dags/example_time_delta_sensor_async.py for tasks to queue
[2023-06-04T01:23:14.886+0000] {logging_mixin.py:149} INFO - [2023-06-04T01:23:14.886+0000] {dagbag.py:541} INFO - Filling up the DagBag from /home/airflow/.local/lib/python3.7/site-packages/airflow/example_dags/example_time_delta_sensor_async.py
[2023-06-04T01:23:14.894+0000] {processor.py:836} INFO - DAG(s) dict_keys(['example_time_delta_sensor_async']) retrieved from /home/airflow/.local/lib/python3.7/site-packages/airflow/example_dags/example_time_delta_sensor_async.py
[2023-06-04T01:23:14.932+0000] {logging_mixin.py:149} INFO - [2023-06-04T01:23:14.932+0000] {dag.py:2726} INFO - Sync 1 DAGs
[2023-06-04T01:23:14.969+0000] {logging_mixin.py:149} INFO - [2023-06-04T01:23:14.968+0000] {dag.py:3490} INFO - Setting next_dagrun for example_time_delta_sensor_async to None, run_after=None
[2023-06-04T01:23:15.003+0000] {processor.py:179} INFO - Processing /home/airflow/.local/lib/python3.7/site-packages/airflow/example_dags/example_time_delta_sensor_async.py took 0.126 seconds
[2023-06-04T01:23:45.781+0000] {processor.py:157} INFO - Started process (PID=505) to work on /home/airflow/.local/lib/python3.7/site-packages/airflow/example_dags/example_time_delta_sensor_async.py
[2023-06-04T01:23:45.783+0000] {processor.py:826} INFO - Processing file /home/airflow/.local/lib/python3.7/site-packages/airflow/example_dags/example_time_delta_sensor_async.py for tasks to queue
[2023-06-04T01:23:45.785+0000] {logging_mixin.py:149} INFO - [2023-06-04T01:23:45.785+0000] {dagbag.py:541} INFO - Filling up the DagBag from /home/airflow/.local/lib/python3.7/site-packages/airflow/example_dags/example_time_delta_sensor_async.py
[2023-06-04T01:23:45.792+0000] {processor.py:836} INFO - DAG(s) dict_keys(['example_time_delta_sensor_async']) retrieved from /home/airflow/.local/lib/python3.7/site-packages/airflow/example_dags/example_time_delta_sensor_async.py
[2023-06-04T01:23:45.827+0000] {logging_mixin.py:149} INFO - [2023-06-04T01:23:45.827+0000] {dag.py:2726} INFO - Sync 1 DAGs
[2023-06-04T01:23:45.870+0000] {logging_mixin.py:149} INFO - [2023-06-04T01:23:45.870+0000] {dag.py:3490} INFO - Setting next_dagrun for example_time_delta_sensor_async to None, run_after=None
[2023-06-04T01:23:45.899+0000] {processor.py:179} INFO - Processing /home/airflow/.local/lib/python3.7/site-packages/airflow/example_dags/example_time_delta_sensor_async.py took 0.122 seconds
[2023-06-04T01:24:16.389+0000] {processor.py:157} INFO - Started process (PID=584) to work on /home/airflow/.local/lib/python3.7/site-packages/airflow/example_dags/example_time_delta_sensor_async.py
[2023-06-04T01:24:16.391+0000] {processor.py:826} INFO - Processing file /home/airflow/.local/lib/python3.7/site-packages/airflow/example_dags/example_time_delta_sensor_async.py for tasks to queue
[2023-06-04T01:24:16.393+0000] {logging_mixin.py:149} INFO - [2023-06-04T01:24:16.393+0000] {dagbag.py:541} INFO - Filling up the DagBag from /home/airflow/.local/lib/python3.7/site-packages/airflow/example_dags/example_time_delta_sensor_async.py
[2023-06-04T01:24:16.400+0000] {processor.py:836} INFO - DAG(s) dict_keys(['example_time_delta_sensor_async']) retrieved from /home/airflow/.local/lib/python3.7/site-packages/airflow/example_dags/example_time_delta_sensor_async.py
[2023-06-04T01:24:16.436+0000] {logging_mixin.py:149} INFO - [2023-06-04T01:24:16.436+0000] {dag.py:2726} INFO - Sync 1 DAGs
[2023-06-04T01:24:16.473+0000] {logging_mixin.py:149} INFO - [2023-06-04T01:24:16.473+0000] {dag.py:3490} INFO - Setting next_dagrun for example_time_delta_sensor_async to None, run_after=None
[2023-06-04T01:24:16.497+0000] {processor.py:179} INFO - Processing /home/airflow/.local/lib/python3.7/site-packages/airflow/example_dags/example_time_delta_sensor_async.py took 0.114 seconds
[2023-06-04T01:24:46.756+0000] {processor.py:157} INFO - Started process (PID=654) to work on /home/airflow/.local/lib/python3.7/site-packages/airflow/example_dags/example_time_delta_sensor_async.py
[2023-06-04T01:24:46.779+0000] {processor.py:826} INFO - Processing file /home/airflow/.local/lib/python3.7/site-packages/airflow/example_dags/example_time_delta_sensor_async.py for tasks to queue
[2023-06-04T01:24:46.782+0000] {logging_mixin.py:149} INFO - [2023-06-04T01:24:46.782+0000] {dagbag.py:541} INFO - Filling up the DagBag from /home/airflow/.local/lib/python3.7/site-packages/airflow/example_dags/example_time_delta_sensor_async.py
[2023-06-04T01:24:46.791+0000] {processor.py:836} INFO - DAG(s) dict_keys(['example_time_delta_sensor_async']) retrieved from /home/airflow/.local/lib/python3.7/site-packages/airflow/example_dags/example_time_delta_sensor_async.py
[2023-06-04T01:24:46.871+0000] {logging_mixin.py:149} INFO - [2023-06-04T01:24:46.871+0000] {dag.py:2726} INFO - Sync 1 DAGs
[2023-06-04T01:24:46.962+0000] {logging_mixin.py:149} INFO - [2023-06-04T01:24:46.962+0000] {dag.py:3490} INFO - Setting next_dagrun for example_time_delta_sensor_async to None, run_after=None
[2023-06-04T01:24:47.016+0000] {processor.py:179} INFO - Processing /home/airflow/.local/lib/python3.7/site-packages/airflow/example_dags/example_time_delta_sensor_async.py took 0.264 seconds
[2023-06-04T01:25:17.894+0000] {processor.py:157} INFO - Started process (PID=733) to work on /home/airflow/.local/lib/python3.7/site-packages/airflow/example_dags/example_time_delta_sensor_async.py
[2023-06-04T01:25:17.897+0000] {processor.py:826} INFO - Processing file /home/airflow/.local/lib/python3.7/site-packages/airflow/example_dags/example_time_delta_sensor_async.py for tasks to queue
[2023-06-04T01:25:17.899+0000] {logging_mixin.py:149} INFO - [2023-06-04T01:25:17.899+0000] {dagbag.py:541} INFO - Filling up the DagBag from /home/airflow/.local/lib/python3.7/site-packages/airflow/example_dags/example_time_delta_sensor_async.py
[2023-06-04T01:25:17.907+0000] {processor.py:836} INFO - DAG(s) dict_keys(['example_time_delta_sensor_async']) retrieved from /home/airflow/.local/lib/python3.7/site-packages/airflow/example_dags/example_time_delta_sensor_async.py
[2023-06-04T01:25:17.949+0000] {logging_mixin.py:149} INFO - [2023-06-04T01:25:17.949+0000] {dag.py:2726} INFO - Sync 1 DAGs
[2023-06-04T01:25:17.987+0000] {logging_mixin.py:149} INFO - [2023-06-04T01:25:17.987+0000] {dag.py:3490} INFO - Setting next_dagrun for example_time_delta_sensor_async to None, run_after=None
[2023-06-04T01:25:18.023+0000] {processor.py:179} INFO - Processing /home/airflow/.local/lib/python3.7/site-packages/airflow/example_dags/example_time_delta_sensor_async.py took 0.135 seconds
[2023-06-04T01:25:48.258+0000] {processor.py:157} INFO - Started process (PID=803) to work on /home/airflow/.local/lib/python3.7/site-packages/airflow/example_dags/example_time_delta_sensor_async.py
[2023-06-04T01:25:48.261+0000] {processor.py:826} INFO - Processing file /home/airflow/.local/lib/python3.7/site-packages/airflow/example_dags/example_time_delta_sensor_async.py for tasks to queue
[2023-06-04T01:25:48.263+0000] {logging_mixin.py:149} INFO - [2023-06-04T01:25:48.262+0000] {dagbag.py:541} INFO - Filling up the DagBag from /home/airflow/.local/lib/python3.7/site-packages/airflow/example_dags/example_time_delta_sensor_async.py
[2023-06-04T01:25:48.269+0000] {processor.py:836} INFO - DAG(s) dict_keys(['example_time_delta_sensor_async']) retrieved from /home/airflow/.local/lib/python3.7/site-packages/airflow/example_dags/example_time_delta_sensor_async.py
[2023-06-04T01:25:48.306+0000] {logging_mixin.py:149} INFO - [2023-06-04T01:25:48.306+0000] {dag.py:2726} INFO - Sync 1 DAGs
[2023-06-04T01:25:48.345+0000] {logging_mixin.py:149} INFO - [2023-06-04T01:25:48.345+0000] {dag.py:3490} INFO - Setting next_dagrun for example_time_delta_sensor_async to None, run_after=None
[2023-06-04T01:25:48.369+0000] {processor.py:179} INFO - Processing /home/airflow/.local/lib/python3.7/site-packages/airflow/example_dags/example_time_delta_sensor_async.py took 0.116 seconds
