[2023-06-04T00:36:56.514+0000] {processor.py:156} INFO - Started process (PID=66) to work on /home/airflow/.local/lib/python3.7/site-packages/airflow/example_dags/example_task_group.py
[2023-06-04T00:36:56.516+0000] {processor.py:758} INFO - Processing file /home/airflow/.local/lib/python3.7/site-packages/airflow/example_dags/example_task_group.py for tasks to queue
[2023-06-04T00:36:56.519+0000] {logging_mixin.py:117} INFO - [2023-06-04T00:36:56.518+0000] {dagbag.py:525} INFO - Filling up the DagBag from /home/airflow/.local/lib/python3.7/site-packages/airflow/example_dags/example_task_group.py
[2023-06-04T00:36:56.563+0000] {processor.py:768} INFO - DAG(s) dict_keys(['example_task_group']) retrieved from /home/airflow/.local/lib/python3.7/site-packages/airflow/example_dags/example_task_group.py
[2023-06-04T00:36:56.819+0000] {logging_mixin.py:117} INFO - [2023-06-04T00:36:56.819+0000] {manager.py:507} INFO - Created Permission View: can delete on DAG:example_task_group
[2023-06-04T00:36:56.841+0000] {logging_mixin.py:117} INFO - [2023-06-04T00:36:56.840+0000] {manager.py:507} INFO - Created Permission View: can read on DAG:example_task_group
[2023-06-04T00:36:56.864+0000] {logging_mixin.py:117} INFO - [2023-06-04T00:36:56.864+0000] {manager.py:507} INFO - Created Permission View: can edit on DAG:example_task_group
[2023-06-04T00:36:56.867+0000] {logging_mixin.py:117} INFO - [2023-06-04T00:36:56.866+0000] {dag.py:2573} INFO - Sync 1 DAGs
[2023-06-04T00:36:56.897+0000] {logging_mixin.py:117} INFO - [2023-06-04T00:36:56.897+0000] {dag.py:2594} INFO - Creating ORM DAG for example_task_group
[2023-06-04T00:36:56.923+0000] {logging_mixin.py:117} INFO - [2023-06-04T00:36:56.923+0000] {dag.py:3328} INFO - Setting next_dagrun for example_task_group to 2023-06-03T00:36:56.922583+00:00, run_after=2023-06-04T00:36:56.922583+00:00
[2023-06-04T00:36:56.963+0000] {processor.py:178} INFO - Processing /home/airflow/.local/lib/python3.7/site-packages/airflow/example_dags/example_task_group.py took 0.454 seconds
[2023-06-04T00:37:27.175+0000] {processor.py:156} INFO - Started process (PID=128) to work on /home/airflow/.local/lib/python3.7/site-packages/airflow/example_dags/example_task_group.py
[2023-06-04T00:37:27.178+0000] {processor.py:758} INFO - Processing file /home/airflow/.local/lib/python3.7/site-packages/airflow/example_dags/example_task_group.py for tasks to queue
[2023-06-04T00:37:27.179+0000] {logging_mixin.py:117} INFO - [2023-06-04T00:37:27.179+0000] {dagbag.py:525} INFO - Filling up the DagBag from /home/airflow/.local/lib/python3.7/site-packages/airflow/example_dags/example_task_group.py
[2023-06-04T00:37:27.198+0000] {processor.py:768} INFO - DAG(s) dict_keys(['example_task_group']) retrieved from /home/airflow/.local/lib/python3.7/site-packages/airflow/example_dags/example_task_group.py
[2023-06-04T00:37:27.247+0000] {logging_mixin.py:117} INFO - [2023-06-04T00:37:27.247+0000] {dag.py:2573} INFO - Sync 1 DAGs
[2023-06-04T00:37:27.278+0000] {logging_mixin.py:117} INFO - [2023-06-04T00:37:27.278+0000] {dag.py:3328} INFO - Setting next_dagrun for example_task_group to 2023-06-03T00:37:27.278511+00:00, run_after=2023-06-04T00:37:27.278511+00:00
[2023-06-04T00:37:27.304+0000] {processor.py:178} INFO - Processing /home/airflow/.local/lib/python3.7/site-packages/airflow/example_dags/example_task_group.py took 0.132 seconds
[2023-06-04T00:37:57.571+0000] {processor.py:156} INFO - Started process (PID=183) to work on /home/airflow/.local/lib/python3.7/site-packages/airflow/example_dags/example_task_group.py
[2023-06-04T00:37:57.573+0000] {processor.py:758} INFO - Processing file /home/airflow/.local/lib/python3.7/site-packages/airflow/example_dags/example_task_group.py for tasks to queue
[2023-06-04T00:37:57.574+0000] {logging_mixin.py:117} INFO - [2023-06-04T00:37:57.574+0000] {dagbag.py:525} INFO - Filling up the DagBag from /home/airflow/.local/lib/python3.7/site-packages/airflow/example_dags/example_task_group.py
[2023-06-04T00:37:57.593+0000] {processor.py:768} INFO - DAG(s) dict_keys(['example_task_group']) retrieved from /home/airflow/.local/lib/python3.7/site-packages/airflow/example_dags/example_task_group.py
[2023-06-04T00:37:57.639+0000] {logging_mixin.py:117} INFO - [2023-06-04T00:37:57.639+0000] {dag.py:2573} INFO - Sync 1 DAGs
[2023-06-04T00:37:57.670+0000] {logging_mixin.py:117} INFO - [2023-06-04T00:37:57.669+0000] {dag.py:3328} INFO - Setting next_dagrun for example_task_group to 2023-06-03T00:37:57.669630+00:00, run_after=2023-06-04T00:37:57.669630+00:00
[2023-06-04T00:37:57.696+0000] {processor.py:178} INFO - Processing /home/airflow/.local/lib/python3.7/site-packages/airflow/example_dags/example_task_group.py took 0.129 seconds
[2023-06-04T00:38:27.889+0000] {processor.py:156} INFO - Started process (PID=246) to work on /home/airflow/.local/lib/python3.7/site-packages/airflow/example_dags/example_task_group.py
[2023-06-04T00:38:27.891+0000] {processor.py:758} INFO - Processing file /home/airflow/.local/lib/python3.7/site-packages/airflow/example_dags/example_task_group.py for tasks to queue
[2023-06-04T00:38:27.893+0000] {logging_mixin.py:117} INFO - [2023-06-04T00:38:27.892+0000] {dagbag.py:525} INFO - Filling up the DagBag from /home/airflow/.local/lib/python3.7/site-packages/airflow/example_dags/example_task_group.py
[2023-06-04T00:38:27.913+0000] {processor.py:768} INFO - DAG(s) dict_keys(['example_task_group']) retrieved from /home/airflow/.local/lib/python3.7/site-packages/airflow/example_dags/example_task_group.py
[2023-06-04T00:38:27.964+0000] {logging_mixin.py:117} INFO - [2023-06-04T00:38:27.964+0000] {dag.py:2573} INFO - Sync 1 DAGs
[2023-06-04T00:38:27.993+0000] {logging_mixin.py:117} INFO - [2023-06-04T00:38:27.993+0000] {dag.py:3328} INFO - Setting next_dagrun for example_task_group to 2023-06-03T00:38:27.993447+00:00, run_after=2023-06-04T00:38:27.993447+00:00
[2023-06-04T00:38:28.017+0000] {processor.py:178} INFO - Processing /home/airflow/.local/lib/python3.7/site-packages/airflow/example_dags/example_task_group.py took 0.133 seconds
[2023-06-04T00:38:58.113+0000] {processor.py:156} INFO - Started process (PID=308) to work on /home/airflow/.local/lib/python3.7/site-packages/airflow/example_dags/example_task_group.py
[2023-06-04T00:38:58.115+0000] {processor.py:758} INFO - Processing file /home/airflow/.local/lib/python3.7/site-packages/airflow/example_dags/example_task_group.py for tasks to queue
[2023-06-04T00:38:58.116+0000] {logging_mixin.py:117} INFO - [2023-06-04T00:38:58.116+0000] {dagbag.py:525} INFO - Filling up the DagBag from /home/airflow/.local/lib/python3.7/site-packages/airflow/example_dags/example_task_group.py
[2023-06-04T00:38:58.139+0000] {processor.py:768} INFO - DAG(s) dict_keys(['example_task_group']) retrieved from /home/airflow/.local/lib/python3.7/site-packages/airflow/example_dags/example_task_group.py
[2023-06-04T00:38:58.193+0000] {logging_mixin.py:117} INFO - [2023-06-04T00:38:58.193+0000] {dag.py:2573} INFO - Sync 1 DAGs
[2023-06-04T00:38:58.225+0000] {logging_mixin.py:117} INFO - [2023-06-04T00:38:58.225+0000] {dag.py:3328} INFO - Setting next_dagrun for example_task_group to 2023-06-03T00:38:58.224973+00:00, run_after=2023-06-04T00:38:58.224973+00:00
[2023-06-04T00:38:58.251+0000] {processor.py:178} INFO - Processing /home/airflow/.local/lib/python3.7/site-packages/airflow/example_dags/example_task_group.py took 0.143 seconds
[2023-06-04T00:59:48.576+0000] {processor.py:156} INFO - Started process (PID=67) to work on /home/airflow/.local/lib/python3.7/site-packages/airflow/example_dags/example_task_group.py
[2023-06-04T00:59:48.579+0000] {processor.py:758} INFO - Processing file /home/airflow/.local/lib/python3.7/site-packages/airflow/example_dags/example_task_group.py for tasks to queue
[2023-06-04T00:59:48.582+0000] {logging_mixin.py:117} INFO - [2023-06-04T00:59:48.582+0000] {dagbag.py:525} INFO - Filling up the DagBag from /home/airflow/.local/lib/python3.7/site-packages/airflow/example_dags/example_task_group.py
[2023-06-04T00:59:48.609+0000] {processor.py:768} INFO - DAG(s) dict_keys(['example_task_group']) retrieved from /home/airflow/.local/lib/python3.7/site-packages/airflow/example_dags/example_task_group.py
[2023-06-04T00:59:48.664+0000] {logging_mixin.py:117} INFO - [2023-06-04T00:59:48.664+0000] {dag.py:2573} INFO - Sync 1 DAGs
[2023-06-04T00:59:48.717+0000] {logging_mixin.py:117} INFO - [2023-06-04T00:59:48.717+0000] {dag.py:3328} INFO - Setting next_dagrun for example_task_group to 2023-06-03T00:59:48.716998+00:00, run_after=2023-06-04T00:59:48.716998+00:00
[2023-06-04T00:59:48.766+0000] {processor.py:178} INFO - Processing /home/airflow/.local/lib/python3.7/site-packages/airflow/example_dags/example_task_group.py took 0.196 seconds
[2023-06-04T01:00:19.333+0000] {processor.py:156} INFO - Started process (PID=121) to work on /home/airflow/.local/lib/python3.7/site-packages/airflow/example_dags/example_task_group.py
[2023-06-04T01:00:19.335+0000] {processor.py:758} INFO - Processing file /home/airflow/.local/lib/python3.7/site-packages/airflow/example_dags/example_task_group.py for tasks to queue
[2023-06-04T01:00:19.337+0000] {logging_mixin.py:117} INFO - [2023-06-04T01:00:19.336+0000] {dagbag.py:525} INFO - Filling up the DagBag from /home/airflow/.local/lib/python3.7/site-packages/airflow/example_dags/example_task_group.py
[2023-06-04T01:00:19.359+0000] {processor.py:768} INFO - DAG(s) dict_keys(['example_task_group']) retrieved from /home/airflow/.local/lib/python3.7/site-packages/airflow/example_dags/example_task_group.py
[2023-06-04T01:00:19.416+0000] {logging_mixin.py:117} INFO - [2023-06-04T01:00:19.416+0000] {dag.py:2573} INFO - Sync 1 DAGs
[2023-06-04T01:00:19.450+0000] {logging_mixin.py:117} INFO - [2023-06-04T01:00:19.450+0000] {dag.py:3328} INFO - Setting next_dagrun for example_task_group to 2023-06-03T01:00:19.450024+00:00, run_after=2023-06-04T01:00:19.450024+00:00
[2023-06-04T01:00:19.475+0000] {processor.py:178} INFO - Processing /home/airflow/.local/lib/python3.7/site-packages/airflow/example_dags/example_task_group.py took 0.146 seconds
[2023-06-04T01:00:49.747+0000] {processor.py:156} INFO - Started process (PID=184) to work on /home/airflow/.local/lib/python3.7/site-packages/airflow/example_dags/example_task_group.py
[2023-06-04T01:00:49.749+0000] {processor.py:758} INFO - Processing file /home/airflow/.local/lib/python3.7/site-packages/airflow/example_dags/example_task_group.py for tasks to queue
[2023-06-04T01:00:49.750+0000] {logging_mixin.py:117} INFO - [2023-06-04T01:00:49.750+0000] {dagbag.py:525} INFO - Filling up the DagBag from /home/airflow/.local/lib/python3.7/site-packages/airflow/example_dags/example_task_group.py
[2023-06-04T01:00:49.776+0000] {processor.py:768} INFO - DAG(s) dict_keys(['example_task_group']) retrieved from /home/airflow/.local/lib/python3.7/site-packages/airflow/example_dags/example_task_group.py
[2023-06-04T01:00:49.829+0000] {logging_mixin.py:117} INFO - [2023-06-04T01:00:49.829+0000] {dag.py:2573} INFO - Sync 1 DAGs
[2023-06-04T01:00:49.869+0000] {logging_mixin.py:117} INFO - [2023-06-04T01:00:49.869+0000] {dag.py:3328} INFO - Setting next_dagrun for example_task_group to 2023-06-03T01:00:49.868808+00:00, run_after=2023-06-04T01:00:49.868808+00:00
[2023-06-04T01:00:49.895+0000] {processor.py:178} INFO - Processing /home/airflow/.local/lib/python3.7/site-packages/airflow/example_dags/example_task_group.py took 0.153 seconds
[2023-06-04T01:01:19.987+0000] {processor.py:156} INFO - Started process (PID=247) to work on /home/airflow/.local/lib/python3.7/site-packages/airflow/example_dags/example_task_group.py
[2023-06-04T01:01:19.990+0000] {processor.py:758} INFO - Processing file /home/airflow/.local/lib/python3.7/site-packages/airflow/example_dags/example_task_group.py for tasks to queue
[2023-06-04T01:01:19.992+0000] {logging_mixin.py:117} INFO - [2023-06-04T01:01:19.992+0000] {dagbag.py:525} INFO - Filling up the DagBag from /home/airflow/.local/lib/python3.7/site-packages/airflow/example_dags/example_task_group.py
[2023-06-04T01:01:20.014+0000] {processor.py:768} INFO - DAG(s) dict_keys(['example_task_group']) retrieved from /home/airflow/.local/lib/python3.7/site-packages/airflow/example_dags/example_task_group.py
[2023-06-04T01:01:20.067+0000] {logging_mixin.py:117} INFO - [2023-06-04T01:01:20.066+0000] {dag.py:2573} INFO - Sync 1 DAGs
[2023-06-04T01:01:20.100+0000] {logging_mixin.py:117} INFO - [2023-06-04T01:01:20.100+0000] {dag.py:3328} INFO - Setting next_dagrun for example_task_group to 2023-06-03T01:01:20.100026+00:00, run_after=2023-06-04T01:01:20.100026+00:00
[2023-06-04T01:01:20.123+0000] {processor.py:178} INFO - Processing /home/airflow/.local/lib/python3.7/site-packages/airflow/example_dags/example_task_group.py took 0.140 seconds
[2023-06-04T01:01:50.333+0000] {processor.py:156} INFO - Started process (PID=301) to work on /home/airflow/.local/lib/python3.7/site-packages/airflow/example_dags/example_task_group.py
[2023-06-04T01:01:50.335+0000] {processor.py:758} INFO - Processing file /home/airflow/.local/lib/python3.7/site-packages/airflow/example_dags/example_task_group.py for tasks to queue
[2023-06-04T01:01:50.337+0000] {logging_mixin.py:117} INFO - [2023-06-04T01:01:50.337+0000] {dagbag.py:525} INFO - Filling up the DagBag from /home/airflow/.local/lib/python3.7/site-packages/airflow/example_dags/example_task_group.py
[2023-06-04T01:01:50.362+0000] {processor.py:768} INFO - DAG(s) dict_keys(['example_task_group']) retrieved from /home/airflow/.local/lib/python3.7/site-packages/airflow/example_dags/example_task_group.py
[2023-06-04T01:01:50.422+0000] {logging_mixin.py:117} INFO - [2023-06-04T01:01:50.421+0000] {dag.py:2573} INFO - Sync 1 DAGs
[2023-06-04T01:01:50.458+0000] {logging_mixin.py:117} INFO - [2023-06-04T01:01:50.458+0000] {dag.py:3328} INFO - Setting next_dagrun for example_task_group to 2023-06-03T01:01:50.457687+00:00, run_after=2023-06-04T01:01:50.457687+00:00
[2023-06-04T01:01:50.495+0000] {processor.py:178} INFO - Processing /home/airflow/.local/lib/python3.7/site-packages/airflow/example_dags/example_task_group.py took 0.169 seconds
[2023-06-04T01:02:20.551+0000] {processor.py:156} INFO - Started process (PID=364) to work on /home/airflow/.local/lib/python3.7/site-packages/airflow/example_dags/example_task_group.py
[2023-06-04T01:02:20.553+0000] {processor.py:758} INFO - Processing file /home/airflow/.local/lib/python3.7/site-packages/airflow/example_dags/example_task_group.py for tasks to queue
[2023-06-04T01:02:20.555+0000] {logging_mixin.py:117} INFO - [2023-06-04T01:02:20.554+0000] {dagbag.py:525} INFO - Filling up the DagBag from /home/airflow/.local/lib/python3.7/site-packages/airflow/example_dags/example_task_group.py
[2023-06-04T01:02:20.576+0000] {processor.py:768} INFO - DAG(s) dict_keys(['example_task_group']) retrieved from /home/airflow/.local/lib/python3.7/site-packages/airflow/example_dags/example_task_group.py
[2023-06-04T01:02:20.633+0000] {logging_mixin.py:117} INFO - [2023-06-04T01:02:20.633+0000] {dag.py:2573} INFO - Sync 1 DAGs
[2023-06-04T01:02:20.668+0000] {logging_mixin.py:117} INFO - [2023-06-04T01:02:20.668+0000] {dag.py:3328} INFO - Setting next_dagrun for example_task_group to 2023-06-03T01:02:20.668258+00:00, run_after=2023-06-04T01:02:20.668258+00:00
[2023-06-04T01:02:20.695+0000] {processor.py:178} INFO - Processing /home/airflow/.local/lib/python3.7/site-packages/airflow/example_dags/example_task_group.py took 0.150 seconds
[2023-06-04T01:02:51.036+0000] {processor.py:156} INFO - Started process (PID=427) to work on /home/airflow/.local/lib/python3.7/site-packages/airflow/example_dags/example_task_group.py
[2023-06-04T01:02:51.038+0000] {processor.py:758} INFO - Processing file /home/airflow/.local/lib/python3.7/site-packages/airflow/example_dags/example_task_group.py for tasks to queue
[2023-06-04T01:02:51.040+0000] {logging_mixin.py:117} INFO - [2023-06-04T01:02:51.039+0000] {dagbag.py:525} INFO - Filling up the DagBag from /home/airflow/.local/lib/python3.7/site-packages/airflow/example_dags/example_task_group.py
[2023-06-04T01:02:51.061+0000] {processor.py:768} INFO - DAG(s) dict_keys(['example_task_group']) retrieved from /home/airflow/.local/lib/python3.7/site-packages/airflow/example_dags/example_task_group.py
[2023-06-04T01:02:51.116+0000] {logging_mixin.py:117} INFO - [2023-06-04T01:02:51.116+0000] {dag.py:2573} INFO - Sync 1 DAGs
[2023-06-04T01:02:51.149+0000] {logging_mixin.py:117} INFO - [2023-06-04T01:02:51.149+0000] {dag.py:3328} INFO - Setting next_dagrun for example_task_group to 2023-06-03T01:02:51.148954+00:00, run_after=2023-06-04T01:02:51.148954+00:00
[2023-06-04T01:02:51.176+0000] {processor.py:178} INFO - Processing /home/airflow/.local/lib/python3.7/site-packages/airflow/example_dags/example_task_group.py took 0.145 seconds
[2023-06-04T01:03:21.726+0000] {processor.py:156} INFO - Started process (PID=481) to work on /home/airflow/.local/lib/python3.7/site-packages/airflow/example_dags/example_task_group.py
[2023-06-04T01:03:21.729+0000] {processor.py:758} INFO - Processing file /home/airflow/.local/lib/python3.7/site-packages/airflow/example_dags/example_task_group.py for tasks to queue
[2023-06-04T01:03:21.731+0000] {logging_mixin.py:117} INFO - [2023-06-04T01:03:21.731+0000] {dagbag.py:525} INFO - Filling up the DagBag from /home/airflow/.local/lib/python3.7/site-packages/airflow/example_dags/example_task_group.py
[2023-06-04T01:03:21.755+0000] {processor.py:768} INFO - DAG(s) dict_keys(['example_task_group']) retrieved from /home/airflow/.local/lib/python3.7/site-packages/airflow/example_dags/example_task_group.py
[2023-06-04T01:03:21.814+0000] {logging_mixin.py:117} INFO - [2023-06-04T01:03:21.814+0000] {dag.py:2573} INFO - Sync 1 DAGs
[2023-06-04T01:03:21.852+0000] {logging_mixin.py:117} INFO - [2023-06-04T01:03:21.851+0000] {dag.py:3328} INFO - Setting next_dagrun for example_task_group to 2023-06-03T01:03:21.851291+00:00, run_after=2023-06-04T01:03:21.851291+00:00
[2023-06-04T01:03:21.879+0000] {processor.py:178} INFO - Processing /home/airflow/.local/lib/python3.7/site-packages/airflow/example_dags/example_task_group.py took 0.159 seconds
[2023-06-04T01:03:52.022+0000] {processor.py:156} INFO - Started process (PID=544) to work on /home/airflow/.local/lib/python3.7/site-packages/airflow/example_dags/example_task_group.py
[2023-06-04T01:03:52.025+0000] {processor.py:758} INFO - Processing file /home/airflow/.local/lib/python3.7/site-packages/airflow/example_dags/example_task_group.py for tasks to queue
[2023-06-04T01:03:52.026+0000] {logging_mixin.py:117} INFO - [2023-06-04T01:03:52.026+0000] {dagbag.py:525} INFO - Filling up the DagBag from /home/airflow/.local/lib/python3.7/site-packages/airflow/example_dags/example_task_group.py
[2023-06-04T01:03:52.049+0000] {processor.py:768} INFO - DAG(s) dict_keys(['example_task_group']) retrieved from /home/airflow/.local/lib/python3.7/site-packages/airflow/example_dags/example_task_group.py
[2023-06-04T01:03:52.104+0000] {logging_mixin.py:117} INFO - [2023-06-04T01:03:52.104+0000] {dag.py:2573} INFO - Sync 1 DAGs
[2023-06-04T01:03:52.136+0000] {logging_mixin.py:117} INFO - [2023-06-04T01:03:52.135+0000] {dag.py:3328} INFO - Setting next_dagrun for example_task_group to 2023-06-03T01:03:52.135625+00:00, run_after=2023-06-04T01:03:52.135625+00:00
[2023-06-04T01:03:52.159+0000] {processor.py:178} INFO - Processing /home/airflow/.local/lib/python3.7/site-packages/airflow/example_dags/example_task_group.py took 0.142 seconds
[2023-06-04T01:04:22.603+0000] {processor.py:156} INFO - Started process (PID=607) to work on /home/airflow/.local/lib/python3.7/site-packages/airflow/example_dags/example_task_group.py
[2023-06-04T01:04:22.604+0000] {processor.py:758} INFO - Processing file /home/airflow/.local/lib/python3.7/site-packages/airflow/example_dags/example_task_group.py for tasks to queue
[2023-06-04T01:04:22.606+0000] {logging_mixin.py:117} INFO - [2023-06-04T01:04:22.606+0000] {dagbag.py:525} INFO - Filling up the DagBag from /home/airflow/.local/lib/python3.7/site-packages/airflow/example_dags/example_task_group.py
[2023-06-04T01:04:22.627+0000] {processor.py:768} INFO - DAG(s) dict_keys(['example_task_group']) retrieved from /home/airflow/.local/lib/python3.7/site-packages/airflow/example_dags/example_task_group.py
[2023-06-04T01:04:22.678+0000] {logging_mixin.py:117} INFO - [2023-06-04T01:04:22.678+0000] {dag.py:2573} INFO - Sync 1 DAGs
[2023-06-04T01:04:22.712+0000] {logging_mixin.py:117} INFO - [2023-06-04T01:04:22.711+0000] {dag.py:3328} INFO - Setting next_dagrun for example_task_group to 2023-06-03T01:04:22.711652+00:00, run_after=2023-06-04T01:04:22.711652+00:00
[2023-06-04T01:04:22.737+0000] {processor.py:178} INFO - Processing /home/airflow/.local/lib/python3.7/site-packages/airflow/example_dags/example_task_group.py took 0.140 seconds
[2023-06-04T01:04:53.181+0000] {processor.py:156} INFO - Started process (PID=662) to work on /home/airflow/.local/lib/python3.7/site-packages/airflow/example_dags/example_task_group.py
[2023-06-04T01:04:53.183+0000] {processor.py:758} INFO - Processing file /home/airflow/.local/lib/python3.7/site-packages/airflow/example_dags/example_task_group.py for tasks to queue
[2023-06-04T01:04:53.185+0000] {logging_mixin.py:117} INFO - [2023-06-04T01:04:53.185+0000] {dagbag.py:525} INFO - Filling up the DagBag from /home/airflow/.local/lib/python3.7/site-packages/airflow/example_dags/example_task_group.py
[2023-06-04T01:04:53.209+0000] {processor.py:768} INFO - DAG(s) dict_keys(['example_task_group']) retrieved from /home/airflow/.local/lib/python3.7/site-packages/airflow/example_dags/example_task_group.py
[2023-06-04T01:04:53.263+0000] {logging_mixin.py:117} INFO - [2023-06-04T01:04:53.263+0000] {dag.py:2573} INFO - Sync 1 DAGs
[2023-06-04T01:04:53.296+0000] {logging_mixin.py:117} INFO - [2023-06-04T01:04:53.296+0000] {dag.py:3328} INFO - Setting next_dagrun for example_task_group to 2023-06-03T01:04:53.295701+00:00, run_after=2023-06-04T01:04:53.295701+00:00
[2023-06-04T01:04:53.323+0000] {processor.py:178} INFO - Processing /home/airflow/.local/lib/python3.7/site-packages/airflow/example_dags/example_task_group.py took 0.147 seconds
[2023-06-04T01:05:59.022+0000] {processor.py:156} INFO - Started process (PID=69) to work on /home/airflow/.local/lib/python3.7/site-packages/airflow/example_dags/example_task_group.py
[2023-06-04T01:05:59.024+0000] {processor.py:758} INFO - Processing file /home/airflow/.local/lib/python3.7/site-packages/airflow/example_dags/example_task_group.py for tasks to queue
[2023-06-04T01:05:59.026+0000] {logging_mixin.py:117} INFO - [2023-06-04T01:05:59.026+0000] {dagbag.py:525} INFO - Filling up the DagBag from /home/airflow/.local/lib/python3.7/site-packages/airflow/example_dags/example_task_group.py
[2023-06-04T01:05:59.054+0000] {processor.py:768} INFO - DAG(s) dict_keys(['example_task_group']) retrieved from /home/airflow/.local/lib/python3.7/site-packages/airflow/example_dags/example_task_group.py
[2023-06-04T01:05:59.098+0000] {logging_mixin.py:117} INFO - [2023-06-04T01:05:59.098+0000] {dag.py:2573} INFO - Sync 1 DAGs
[2023-06-04T01:05:59.139+0000] {logging_mixin.py:117} INFO - [2023-06-04T01:05:59.139+0000] {dag.py:3328} INFO - Setting next_dagrun for example_task_group to 2023-06-03T01:05:59.138577+00:00, run_after=2023-06-04T01:05:59.138577+00:00
[2023-06-04T01:05:59.172+0000] {processor.py:178} INFO - Processing /home/airflow/.local/lib/python3.7/site-packages/airflow/example_dags/example_task_group.py took 0.156 seconds
[2023-06-04T01:06:29.838+0000] {processor.py:156} INFO - Started process (PID=124) to work on /home/airflow/.local/lib/python3.7/site-packages/airflow/example_dags/example_task_group.py
[2023-06-04T01:06:29.840+0000] {processor.py:758} INFO - Processing file /home/airflow/.local/lib/python3.7/site-packages/airflow/example_dags/example_task_group.py for tasks to queue
[2023-06-04T01:06:29.841+0000] {logging_mixin.py:117} INFO - [2023-06-04T01:06:29.841+0000] {dagbag.py:525} INFO - Filling up the DagBag from /home/airflow/.local/lib/python3.7/site-packages/airflow/example_dags/example_task_group.py
[2023-06-04T01:06:29.860+0000] {processor.py:768} INFO - DAG(s) dict_keys(['example_task_group']) retrieved from /home/airflow/.local/lib/python3.7/site-packages/airflow/example_dags/example_task_group.py
[2023-06-04T01:06:29.904+0000] {logging_mixin.py:117} INFO - [2023-06-04T01:06:29.904+0000] {dag.py:2573} INFO - Sync 1 DAGs
[2023-06-04T01:06:29.931+0000] {logging_mixin.py:117} INFO - [2023-06-04T01:06:29.931+0000] {dag.py:3328} INFO - Setting next_dagrun for example_task_group to 2023-06-03T01:06:29.931043+00:00, run_after=2023-06-04T01:06:29.931043+00:00
[2023-06-04T01:06:29.952+0000] {processor.py:178} INFO - Processing /home/airflow/.local/lib/python3.7/site-packages/airflow/example_dags/example_task_group.py took 0.118 seconds
[2023-06-04T01:07:00.636+0000] {processor.py:156} INFO - Started process (PID=190) to work on /home/airflow/.local/lib/python3.7/site-packages/airflow/example_dags/example_task_group.py
[2023-06-04T01:07:00.638+0000] {processor.py:758} INFO - Processing file /home/airflow/.local/lib/python3.7/site-packages/airflow/example_dags/example_task_group.py for tasks to queue
[2023-06-04T01:07:00.639+0000] {logging_mixin.py:117} INFO - [2023-06-04T01:07:00.639+0000] {dagbag.py:525} INFO - Filling up the DagBag from /home/airflow/.local/lib/python3.7/site-packages/airflow/example_dags/example_task_group.py
[2023-06-04T01:07:00.659+0000] {processor.py:768} INFO - DAG(s) dict_keys(['example_task_group']) retrieved from /home/airflow/.local/lib/python3.7/site-packages/airflow/example_dags/example_task_group.py
[2023-06-04T01:07:00.704+0000] {logging_mixin.py:117} INFO - [2023-06-04T01:07:00.703+0000] {dag.py:2573} INFO - Sync 1 DAGs
[2023-06-04T01:07:00.731+0000] {logging_mixin.py:117} INFO - [2023-06-04T01:07:00.731+0000] {dag.py:3328} INFO - Setting next_dagrun for example_task_group to 2023-06-03T01:07:00.730825+00:00, run_after=2023-06-04T01:07:00.730825+00:00
[2023-06-04T01:07:00.751+0000] {processor.py:178} INFO - Processing /home/airflow/.local/lib/python3.7/site-packages/airflow/example_dags/example_task_group.py took 0.119 seconds
[2023-06-04T01:07:31.460+0000] {processor.py:156} INFO - Started process (PID=254) to work on /home/airflow/.local/lib/python3.7/site-packages/airflow/example_dags/example_task_group.py
[2023-06-04T01:07:31.461+0000] {processor.py:758} INFO - Processing file /home/airflow/.local/lib/python3.7/site-packages/airflow/example_dags/example_task_group.py for tasks to queue
[2023-06-04T01:07:31.463+0000] {logging_mixin.py:117} INFO - [2023-06-04T01:07:31.463+0000] {dagbag.py:525} INFO - Filling up the DagBag from /home/airflow/.local/lib/python3.7/site-packages/airflow/example_dags/example_task_group.py
[2023-06-04T01:07:31.481+0000] {processor.py:768} INFO - DAG(s) dict_keys(['example_task_group']) retrieved from /home/airflow/.local/lib/python3.7/site-packages/airflow/example_dags/example_task_group.py
[2023-06-04T01:07:31.529+0000] {logging_mixin.py:117} INFO - [2023-06-04T01:07:31.529+0000] {dag.py:2573} INFO - Sync 1 DAGs
[2023-06-04T01:07:31.557+0000] {logging_mixin.py:117} INFO - [2023-06-04T01:07:31.557+0000] {dag.py:3328} INFO - Setting next_dagrun for example_task_group to 2023-06-03T01:07:31.557074+00:00, run_after=2023-06-04T01:07:31.557074+00:00
[2023-06-04T01:07:31.577+0000] {processor.py:178} INFO - Processing /home/airflow/.local/lib/python3.7/site-packages/airflow/example_dags/example_task_group.py took 0.121 seconds
[2023-06-04T01:08:02.046+0000] {processor.py:156} INFO - Started process (PID=317) to work on /home/airflow/.local/lib/python3.7/site-packages/airflow/example_dags/example_task_group.py
[2023-06-04T01:08:02.048+0000] {processor.py:758} INFO - Processing file /home/airflow/.local/lib/python3.7/site-packages/airflow/example_dags/example_task_group.py for tasks to queue
[2023-06-04T01:08:02.050+0000] {logging_mixin.py:117} INFO - [2023-06-04T01:08:02.050+0000] {dagbag.py:525} INFO - Filling up the DagBag from /home/airflow/.local/lib/python3.7/site-packages/airflow/example_dags/example_task_group.py
[2023-06-04T01:08:02.072+0000] {processor.py:768} INFO - DAG(s) dict_keys(['example_task_group']) retrieved from /home/airflow/.local/lib/python3.7/site-packages/airflow/example_dags/example_task_group.py
[2023-06-04T01:08:02.130+0000] {logging_mixin.py:117} INFO - [2023-06-04T01:08:02.129+0000] {dag.py:2573} INFO - Sync 1 DAGs
[2023-06-04T01:08:02.165+0000] {logging_mixin.py:117} INFO - [2023-06-04T01:08:02.165+0000] {dag.py:3328} INFO - Setting next_dagrun for example_task_group to 2023-06-03T01:08:02.165515+00:00, run_after=2023-06-04T01:08:02.165515+00:00
[2023-06-04T01:08:02.191+0000] {processor.py:178} INFO - Processing /home/airflow/.local/lib/python3.7/site-packages/airflow/example_dags/example_task_group.py took 0.149 seconds
[2023-06-04T01:08:32.790+0000] {processor.py:156} INFO - Started process (PID=372) to work on /home/airflow/.local/lib/python3.7/site-packages/airflow/example_dags/example_task_group.py
[2023-06-04T01:08:32.792+0000] {processor.py:758} INFO - Processing file /home/airflow/.local/lib/python3.7/site-packages/airflow/example_dags/example_task_group.py for tasks to queue
[2023-06-04T01:08:32.793+0000] {logging_mixin.py:117} INFO - [2023-06-04T01:08:32.793+0000] {dagbag.py:525} INFO - Filling up the DagBag from /home/airflow/.local/lib/python3.7/site-packages/airflow/example_dags/example_task_group.py
[2023-06-04T01:08:32.815+0000] {processor.py:768} INFO - DAG(s) dict_keys(['example_task_group']) retrieved from /home/airflow/.local/lib/python3.7/site-packages/airflow/example_dags/example_task_group.py
[2023-06-04T01:08:32.869+0000] {logging_mixin.py:117} INFO - [2023-06-04T01:08:32.869+0000] {dag.py:2573} INFO - Sync 1 DAGs
[2023-06-04T01:08:32.901+0000] {logging_mixin.py:117} INFO - [2023-06-04T01:08:32.901+0000] {dag.py:3328} INFO - Setting next_dagrun for example_task_group to 2023-06-03T01:08:32.901423+00:00, run_after=2023-06-04T01:08:32.901423+00:00
[2023-06-04T01:08:32.924+0000] {processor.py:178} INFO - Processing /home/airflow/.local/lib/python3.7/site-packages/airflow/example_dags/example_task_group.py took 0.138 seconds
[2023-06-04T01:09:03.809+0000] {processor.py:156} INFO - Started process (PID=437) to work on /home/airflow/.local/lib/python3.7/site-packages/airflow/example_dags/example_task_group.py
[2023-06-04T01:09:03.810+0000] {processor.py:758} INFO - Processing file /home/airflow/.local/lib/python3.7/site-packages/airflow/example_dags/example_task_group.py for tasks to queue
[2023-06-04T01:09:03.812+0000] {logging_mixin.py:117} INFO - [2023-06-04T01:09:03.812+0000] {dagbag.py:525} INFO - Filling up the DagBag from /home/airflow/.local/lib/python3.7/site-packages/airflow/example_dags/example_task_group.py
[2023-06-04T01:09:03.831+0000] {processor.py:768} INFO - DAG(s) dict_keys(['example_task_group']) retrieved from /home/airflow/.local/lib/python3.7/site-packages/airflow/example_dags/example_task_group.py
[2023-06-04T01:09:03.883+0000] {logging_mixin.py:117} INFO - [2023-06-04T01:09:03.883+0000] {dag.py:2573} INFO - Sync 1 DAGs
[2023-06-04T01:09:03.913+0000] {logging_mixin.py:117} INFO - [2023-06-04T01:09:03.912+0000] {dag.py:3328} INFO - Setting next_dagrun for example_task_group to 2023-06-03T01:09:03.912648+00:00, run_after=2023-06-04T01:09:03.912648+00:00
[2023-06-04T01:09:03.932+0000] {processor.py:178} INFO - Processing /home/airflow/.local/lib/python3.7/site-packages/airflow/example_dags/example_task_group.py took 0.128 seconds
[2023-06-04T01:09:34.842+0000] {processor.py:156} INFO - Started process (PID=501) to work on /home/airflow/.local/lib/python3.7/site-packages/airflow/example_dags/example_task_group.py
[2023-06-04T01:09:34.845+0000] {processor.py:758} INFO - Processing file /home/airflow/.local/lib/python3.7/site-packages/airflow/example_dags/example_task_group.py for tasks to queue
[2023-06-04T01:09:34.847+0000] {logging_mixin.py:117} INFO - [2023-06-04T01:09:34.846+0000] {dagbag.py:525} INFO - Filling up the DagBag from /home/airflow/.local/lib/python3.7/site-packages/airflow/example_dags/example_task_group.py
[2023-06-04T01:09:34.869+0000] {processor.py:768} INFO - DAG(s) dict_keys(['example_task_group']) retrieved from /home/airflow/.local/lib/python3.7/site-packages/airflow/example_dags/example_task_group.py
[2023-06-04T01:09:34.920+0000] {logging_mixin.py:117} INFO - [2023-06-04T01:09:34.920+0000] {dag.py:2573} INFO - Sync 1 DAGs
[2023-06-04T01:09:34.950+0000] {logging_mixin.py:117} INFO - [2023-06-04T01:09:34.949+0000] {dag.py:3328} INFO - Setting next_dagrun for example_task_group to 2023-06-03T01:09:34.949712+00:00, run_after=2023-06-04T01:09:34.949712+00:00
[2023-06-04T01:09:34.971+0000] {processor.py:178} INFO - Processing /home/airflow/.local/lib/python3.7/site-packages/airflow/example_dags/example_task_group.py took 0.134 seconds
[2023-06-04T01:10:05.696+0000] {processor.py:156} INFO - Started process (PID=556) to work on /home/airflow/.local/lib/python3.7/site-packages/airflow/example_dags/example_task_group.py
[2023-06-04T01:10:05.698+0000] {processor.py:758} INFO - Processing file /home/airflow/.local/lib/python3.7/site-packages/airflow/example_dags/example_task_group.py for tasks to queue
[2023-06-04T01:10:05.700+0000] {logging_mixin.py:117} INFO - [2023-06-04T01:10:05.700+0000] {dagbag.py:525} INFO - Filling up the DagBag from /home/airflow/.local/lib/python3.7/site-packages/airflow/example_dags/example_task_group.py
[2023-06-04T01:10:05.722+0000] {processor.py:768} INFO - DAG(s) dict_keys(['example_task_group']) retrieved from /home/airflow/.local/lib/python3.7/site-packages/airflow/example_dags/example_task_group.py
[2023-06-04T01:10:05.768+0000] {logging_mixin.py:117} INFO - [2023-06-04T01:10:05.768+0000] {dag.py:2573} INFO - Sync 1 DAGs
[2023-06-04T01:10:05.796+0000] {logging_mixin.py:117} INFO - [2023-06-04T01:10:05.796+0000] {dag.py:3328} INFO - Setting next_dagrun for example_task_group to 2023-06-03T01:10:05.795995+00:00, run_after=2023-06-04T01:10:05.795995+00:00
[2023-06-04T01:10:05.816+0000] {processor.py:178} INFO - Processing /home/airflow/.local/lib/python3.7/site-packages/airflow/example_dags/example_task_group.py took 0.124 seconds
[2023-06-04T01:10:36.207+0000] {processor.py:156} INFO - Started process (PID=620) to work on /home/airflow/.local/lib/python3.7/site-packages/airflow/example_dags/example_task_group.py
[2023-06-04T01:10:36.209+0000] {processor.py:758} INFO - Processing file /home/airflow/.local/lib/python3.7/site-packages/airflow/example_dags/example_task_group.py for tasks to queue
[2023-06-04T01:10:36.211+0000] {logging_mixin.py:117} INFO - [2023-06-04T01:10:36.211+0000] {dagbag.py:525} INFO - Filling up the DagBag from /home/airflow/.local/lib/python3.7/site-packages/airflow/example_dags/example_task_group.py
[2023-06-04T01:10:36.233+0000] {processor.py:768} INFO - DAG(s) dict_keys(['example_task_group']) retrieved from /home/airflow/.local/lib/python3.7/site-packages/airflow/example_dags/example_task_group.py
[2023-06-04T01:10:36.280+0000] {logging_mixin.py:117} INFO - [2023-06-04T01:10:36.279+0000] {dag.py:2573} INFO - Sync 1 DAGs
[2023-06-04T01:10:36.306+0000] {logging_mixin.py:117} INFO - [2023-06-04T01:10:36.306+0000] {dag.py:3328} INFO - Setting next_dagrun for example_task_group to 2023-06-03T01:10:36.306416+00:00, run_after=2023-06-04T01:10:36.306416+00:00
[2023-06-04T01:10:36.326+0000] {processor.py:178} INFO - Processing /home/airflow/.local/lib/python3.7/site-packages/airflow/example_dags/example_task_group.py took 0.124 seconds
[2023-06-04T01:11:06.722+0000] {processor.py:156} INFO - Started process (PID=684) to work on /home/airflow/.local/lib/python3.7/site-packages/airflow/example_dags/example_task_group.py
[2023-06-04T01:11:06.724+0000] {processor.py:758} INFO - Processing file /home/airflow/.local/lib/python3.7/site-packages/airflow/example_dags/example_task_group.py for tasks to queue
[2023-06-04T01:11:06.725+0000] {logging_mixin.py:117} INFO - [2023-06-04T01:11:06.725+0000] {dagbag.py:525} INFO - Filling up the DagBag from /home/airflow/.local/lib/python3.7/site-packages/airflow/example_dags/example_task_group.py
[2023-06-04T01:11:06.743+0000] {processor.py:768} INFO - DAG(s) dict_keys(['example_task_group']) retrieved from /home/airflow/.local/lib/python3.7/site-packages/airflow/example_dags/example_task_group.py
[2023-06-04T01:11:06.789+0000] {logging_mixin.py:117} INFO - [2023-06-04T01:11:06.789+0000] {dag.py:2573} INFO - Sync 1 DAGs
[2023-06-04T01:11:06.821+0000] {logging_mixin.py:117} INFO - [2023-06-04T01:11:06.821+0000] {dag.py:3328} INFO - Setting next_dagrun for example_task_group to 2023-06-03T01:11:06.821444+00:00, run_after=2023-06-04T01:11:06.821444+00:00
[2023-06-04T01:11:06.848+0000] {processor.py:178} INFO - Processing /home/airflow/.local/lib/python3.7/site-packages/airflow/example_dags/example_task_group.py took 0.130 seconds
[2023-06-04T01:11:37.871+0000] {processor.py:156} INFO - Started process (PID=748) to work on /home/airflow/.local/lib/python3.7/site-packages/airflow/example_dags/example_task_group.py
[2023-06-04T01:11:37.873+0000] {processor.py:758} INFO - Processing file /home/airflow/.local/lib/python3.7/site-packages/airflow/example_dags/example_task_group.py for tasks to queue
[2023-06-04T01:11:37.875+0000] {logging_mixin.py:117} INFO - [2023-06-04T01:11:37.875+0000] {dagbag.py:525} INFO - Filling up the DagBag from /home/airflow/.local/lib/python3.7/site-packages/airflow/example_dags/example_task_group.py
[2023-06-04T01:11:37.897+0000] {processor.py:768} INFO - DAG(s) dict_keys(['example_task_group']) retrieved from /home/airflow/.local/lib/python3.7/site-packages/airflow/example_dags/example_task_group.py
[2023-06-04T01:11:37.946+0000] {logging_mixin.py:117} INFO - [2023-06-04T01:11:37.946+0000] {dag.py:2573} INFO - Sync 1 DAGs
[2023-06-04T01:11:37.983+0000] {logging_mixin.py:117} INFO - [2023-06-04T01:11:37.982+0000] {dag.py:3328} INFO - Setting next_dagrun for example_task_group to 2023-06-03T01:11:37.981954+00:00, run_after=2023-06-04T01:11:37.981954+00:00
[2023-06-04T01:11:38.010+0000] {processor.py:178} INFO - Processing /home/airflow/.local/lib/python3.7/site-packages/airflow/example_dags/example_task_group.py took 0.144 seconds
[2023-06-04T01:12:08.162+0000] {processor.py:156} INFO - Started process (PID=803) to work on /home/airflow/.local/lib/python3.7/site-packages/airflow/example_dags/example_task_group.py
[2023-06-04T01:12:08.164+0000] {processor.py:758} INFO - Processing file /home/airflow/.local/lib/python3.7/site-packages/airflow/example_dags/example_task_group.py for tasks to queue
[2023-06-04T01:12:08.166+0000] {logging_mixin.py:117} INFO - [2023-06-04T01:12:08.165+0000] {dagbag.py:525} INFO - Filling up the DagBag from /home/airflow/.local/lib/python3.7/site-packages/airflow/example_dags/example_task_group.py
[2023-06-04T01:12:08.187+0000] {processor.py:768} INFO - DAG(s) dict_keys(['example_task_group']) retrieved from /home/airflow/.local/lib/python3.7/site-packages/airflow/example_dags/example_task_group.py
[2023-06-04T01:12:08.239+0000] {logging_mixin.py:117} INFO - [2023-06-04T01:12:08.239+0000] {dag.py:2573} INFO - Sync 1 DAGs
[2023-06-04T01:12:08.268+0000] {logging_mixin.py:117} INFO - [2023-06-04T01:12:08.268+0000] {dag.py:3328} INFO - Setting next_dagrun for example_task_group to 2023-06-03T01:12:08.268448+00:00, run_after=2023-06-04T01:12:08.268448+00:00
[2023-06-04T01:12:08.290+0000] {processor.py:178} INFO - Processing /home/airflow/.local/lib/python3.7/site-packages/airflow/example_dags/example_task_group.py took 0.132 seconds
[2023-06-04T01:12:38.709+0000] {processor.py:156} INFO - Started process (PID=867) to work on /home/airflow/.local/lib/python3.7/site-packages/airflow/example_dags/example_task_group.py
[2023-06-04T01:12:38.711+0000] {processor.py:758} INFO - Processing file /home/airflow/.local/lib/python3.7/site-packages/airflow/example_dags/example_task_group.py for tasks to queue
[2023-06-04T01:12:38.713+0000] {logging_mixin.py:117} INFO - [2023-06-04T01:12:38.713+0000] {dagbag.py:525} INFO - Filling up the DagBag from /home/airflow/.local/lib/python3.7/site-packages/airflow/example_dags/example_task_group.py
[2023-06-04T01:12:38.735+0000] {processor.py:768} INFO - DAG(s) dict_keys(['example_task_group']) retrieved from /home/airflow/.local/lib/python3.7/site-packages/airflow/example_dags/example_task_group.py
[2023-06-04T01:12:38.793+0000] {logging_mixin.py:117} INFO - [2023-06-04T01:12:38.792+0000] {dag.py:2573} INFO - Sync 1 DAGs
[2023-06-04T01:12:38.824+0000] {logging_mixin.py:117} INFO - [2023-06-04T01:12:38.824+0000] {dag.py:3328} INFO - Setting next_dagrun for example_task_group to 2023-06-03T01:12:38.824406+00:00, run_after=2023-06-04T01:12:38.824406+00:00
[2023-06-04T01:12:38.850+0000] {processor.py:178} INFO - Processing /home/airflow/.local/lib/python3.7/site-packages/airflow/example_dags/example_task_group.py took 0.146 seconds
[2023-06-04T01:13:08.985+0000] {processor.py:156} INFO - Started process (PID=931) to work on /home/airflow/.local/lib/python3.7/site-packages/airflow/example_dags/example_task_group.py
[2023-06-04T01:13:08.987+0000] {processor.py:758} INFO - Processing file /home/airflow/.local/lib/python3.7/site-packages/airflow/example_dags/example_task_group.py for tasks to queue
[2023-06-04T01:13:08.989+0000] {logging_mixin.py:117} INFO - [2023-06-04T01:13:08.989+0000] {dagbag.py:525} INFO - Filling up the DagBag from /home/airflow/.local/lib/python3.7/site-packages/airflow/example_dags/example_task_group.py
[2023-06-04T01:13:09.014+0000] {processor.py:768} INFO - DAG(s) dict_keys(['example_task_group']) retrieved from /home/airflow/.local/lib/python3.7/site-packages/airflow/example_dags/example_task_group.py
[2023-06-04T01:13:09.073+0000] {logging_mixin.py:117} INFO - [2023-06-04T01:13:09.073+0000] {dag.py:2573} INFO - Sync 1 DAGs
[2023-06-04T01:13:09.104+0000] {logging_mixin.py:117} INFO - [2023-06-04T01:13:09.104+0000] {dag.py:3328} INFO - Setting next_dagrun for example_task_group to 2023-06-03T01:13:09.104287+00:00, run_after=2023-06-04T01:13:09.104287+00:00
[2023-06-04T01:13:09.127+0000] {processor.py:178} INFO - Processing /home/airflow/.local/lib/python3.7/site-packages/airflow/example_dags/example_task_group.py took 0.147 seconds
[2023-06-04T01:13:39.292+0000] {processor.py:156} INFO - Started process (PID=985) to work on /home/airflow/.local/lib/python3.7/site-packages/airflow/example_dags/example_task_group.py
[2023-06-04T01:13:39.294+0000] {processor.py:758} INFO - Processing file /home/airflow/.local/lib/python3.7/site-packages/airflow/example_dags/example_task_group.py for tasks to queue
[2023-06-04T01:13:39.296+0000] {logging_mixin.py:117} INFO - [2023-06-04T01:13:39.296+0000] {dagbag.py:525} INFO - Filling up the DagBag from /home/airflow/.local/lib/python3.7/site-packages/airflow/example_dags/example_task_group.py
[2023-06-04T01:13:39.318+0000] {processor.py:768} INFO - DAG(s) dict_keys(['example_task_group']) retrieved from /home/airflow/.local/lib/python3.7/site-packages/airflow/example_dags/example_task_group.py
[2023-06-04T01:13:39.374+0000] {logging_mixin.py:117} INFO - [2023-06-04T01:13:39.373+0000] {dag.py:2573} INFO - Sync 1 DAGs
[2023-06-04T01:13:39.410+0000] {logging_mixin.py:117} INFO - [2023-06-04T01:13:39.410+0000] {dag.py:3328} INFO - Setting next_dagrun for example_task_group to 2023-06-03T01:13:39.410346+00:00, run_after=2023-06-04T01:13:39.410346+00:00
[2023-06-04T01:13:39.434+0000] {processor.py:178} INFO - Processing /home/airflow/.local/lib/python3.7/site-packages/airflow/example_dags/example_task_group.py took 0.147 seconds
[2023-06-04T01:14:10.135+0000] {processor.py:156} INFO - Started process (PID=1049) to work on /home/airflow/.local/lib/python3.7/site-packages/airflow/example_dags/example_task_group.py
[2023-06-04T01:14:10.137+0000] {processor.py:758} INFO - Processing file /home/airflow/.local/lib/python3.7/site-packages/airflow/example_dags/example_task_group.py for tasks to queue
[2023-06-04T01:14:10.138+0000] {logging_mixin.py:117} INFO - [2023-06-04T01:14:10.138+0000] {dagbag.py:525} INFO - Filling up the DagBag from /home/airflow/.local/lib/python3.7/site-packages/airflow/example_dags/example_task_group.py
[2023-06-04T01:14:10.157+0000] {processor.py:768} INFO - DAG(s) dict_keys(['example_task_group']) retrieved from /home/airflow/.local/lib/python3.7/site-packages/airflow/example_dags/example_task_group.py
[2023-06-04T01:14:10.203+0000] {logging_mixin.py:117} INFO - [2023-06-04T01:14:10.203+0000] {dag.py:2573} INFO - Sync 1 DAGs
[2023-06-04T01:14:10.235+0000] {logging_mixin.py:117} INFO - [2023-06-04T01:14:10.235+0000] {dag.py:3328} INFO - Setting next_dagrun for example_task_group to 2023-06-03T01:14:10.235427+00:00, run_after=2023-06-04T01:14:10.235427+00:00
[2023-06-04T01:14:10.259+0000] {processor.py:178} INFO - Processing /home/airflow/.local/lib/python3.7/site-packages/airflow/example_dags/example_task_group.py took 0.129 seconds
[2023-06-04T01:14:40.984+0000] {processor.py:156} INFO - Started process (PID=1112) to work on /home/airflow/.local/lib/python3.7/site-packages/airflow/example_dags/example_task_group.py
[2023-06-04T01:14:40.987+0000] {processor.py:758} INFO - Processing file /home/airflow/.local/lib/python3.7/site-packages/airflow/example_dags/example_task_group.py for tasks to queue
[2023-06-04T01:14:40.988+0000] {logging_mixin.py:117} INFO - [2023-06-04T01:14:40.988+0000] {dagbag.py:525} INFO - Filling up the DagBag from /home/airflow/.local/lib/python3.7/site-packages/airflow/example_dags/example_task_group.py
[2023-06-04T01:14:41.011+0000] {processor.py:768} INFO - DAG(s) dict_keys(['example_task_group']) retrieved from /home/airflow/.local/lib/python3.7/site-packages/airflow/example_dags/example_task_group.py
[2023-06-04T01:14:41.065+0000] {logging_mixin.py:117} INFO - [2023-06-04T01:14:41.065+0000] {dag.py:2573} INFO - Sync 1 DAGs
[2023-06-04T01:14:41.096+0000] {logging_mixin.py:117} INFO - [2023-06-04T01:14:41.096+0000] {dag.py:3328} INFO - Setting next_dagrun for example_task_group to 2023-06-03T01:14:41.096246+00:00, run_after=2023-06-04T01:14:41.096246+00:00
[2023-06-04T01:14:41.120+0000] {processor.py:178} INFO - Processing /home/airflow/.local/lib/python3.7/site-packages/airflow/example_dags/example_task_group.py took 0.140 seconds
[2023-06-04T01:15:11.855+0000] {processor.py:156} INFO - Started process (PID=1167) to work on /home/airflow/.local/lib/python3.7/site-packages/airflow/example_dags/example_task_group.py
[2023-06-04T01:15:11.858+0000] {processor.py:758} INFO - Processing file /home/airflow/.local/lib/python3.7/site-packages/airflow/example_dags/example_task_group.py for tasks to queue
[2023-06-04T01:15:11.859+0000] {logging_mixin.py:117} INFO - [2023-06-04T01:15:11.859+0000] {dagbag.py:525} INFO - Filling up the DagBag from /home/airflow/.local/lib/python3.7/site-packages/airflow/example_dags/example_task_group.py
[2023-06-04T01:15:11.883+0000] {processor.py:768} INFO - DAG(s) dict_keys(['example_task_group']) retrieved from /home/airflow/.local/lib/python3.7/site-packages/airflow/example_dags/example_task_group.py
[2023-06-04T01:15:11.948+0000] {logging_mixin.py:117} INFO - [2023-06-04T01:15:11.948+0000] {dag.py:2573} INFO - Sync 1 DAGs
[2023-06-04T01:15:11.991+0000] {logging_mixin.py:117} INFO - [2023-06-04T01:15:11.991+0000] {dag.py:3328} INFO - Setting next_dagrun for example_task_group to 2023-06-03T01:15:11.990817+00:00, run_after=2023-06-04T01:15:11.990817+00:00
[2023-06-04T01:15:12.022+0000] {processor.py:178} INFO - Processing /home/airflow/.local/lib/python3.7/site-packages/airflow/example_dags/example_task_group.py took 0.172 seconds
[2023-06-04T01:15:42.116+0000] {processor.py:156} INFO - Started process (PID=1231) to work on /home/airflow/.local/lib/python3.7/site-packages/airflow/example_dags/example_task_group.py
[2023-06-04T01:15:42.118+0000] {processor.py:758} INFO - Processing file /home/airflow/.local/lib/python3.7/site-packages/airflow/example_dags/example_task_group.py for tasks to queue
[2023-06-04T01:15:42.119+0000] {logging_mixin.py:117} INFO - [2023-06-04T01:15:42.119+0000] {dagbag.py:525} INFO - Filling up the DagBag from /home/airflow/.local/lib/python3.7/site-packages/airflow/example_dags/example_task_group.py
[2023-06-04T01:15:42.141+0000] {processor.py:768} INFO - DAG(s) dict_keys(['example_task_group']) retrieved from /home/airflow/.local/lib/python3.7/site-packages/airflow/example_dags/example_task_group.py
[2023-06-04T01:15:42.210+0000] {logging_mixin.py:117} INFO - [2023-06-04T01:15:42.210+0000] {dag.py:2573} INFO - Sync 1 DAGs
[2023-06-04T01:15:42.239+0000] {logging_mixin.py:117} INFO - [2023-06-04T01:15:42.239+0000] {dag.py:3328} INFO - Setting next_dagrun for example_task_group to 2023-06-03T01:15:42.239414+00:00, run_after=2023-06-04T01:15:42.239414+00:00
[2023-06-04T01:15:42.259+0000] {processor.py:178} INFO - Processing /home/airflow/.local/lib/python3.7/site-packages/airflow/example_dags/example_task_group.py took 0.149 seconds
[2023-06-04T01:16:12.821+0000] {processor.py:156} INFO - Started process (PID=1286) to work on /home/airflow/.local/lib/python3.7/site-packages/airflow/example_dags/example_task_group.py
[2023-06-04T01:16:12.823+0000] {processor.py:758} INFO - Processing file /home/airflow/.local/lib/python3.7/site-packages/airflow/example_dags/example_task_group.py for tasks to queue
[2023-06-04T01:16:12.825+0000] {logging_mixin.py:117} INFO - [2023-06-04T01:16:12.825+0000] {dagbag.py:525} INFO - Filling up the DagBag from /home/airflow/.local/lib/python3.7/site-packages/airflow/example_dags/example_task_group.py
[2023-06-04T01:16:12.849+0000] {processor.py:768} INFO - DAG(s) dict_keys(['example_task_group']) retrieved from /home/airflow/.local/lib/python3.7/site-packages/airflow/example_dags/example_task_group.py
[2023-06-04T01:16:12.904+0000] {logging_mixin.py:117} INFO - [2023-06-04T01:16:12.904+0000] {dag.py:2573} INFO - Sync 1 DAGs
[2023-06-04T01:16:12.939+0000] {logging_mixin.py:117} INFO - [2023-06-04T01:16:12.939+0000] {dag.py:3328} INFO - Setting next_dagrun for example_task_group to 2023-06-03T01:16:12.939184+00:00, run_after=2023-06-04T01:16:12.939184+00:00
[2023-06-04T01:16:12.965+0000] {processor.py:178} INFO - Processing /home/airflow/.local/lib/python3.7/site-packages/airflow/example_dags/example_task_group.py took 0.149 seconds
[2023-06-04T01:16:44.018+0000] {processor.py:156} INFO - Started process (PID=1350) to work on /home/airflow/.local/lib/python3.7/site-packages/airflow/example_dags/example_task_group.py
[2023-06-04T01:16:44.021+0000] {processor.py:758} INFO - Processing file /home/airflow/.local/lib/python3.7/site-packages/airflow/example_dags/example_task_group.py for tasks to queue
[2023-06-04T01:16:44.025+0000] {logging_mixin.py:117} INFO - [2023-06-04T01:16:44.024+0000] {dagbag.py:525} INFO - Filling up the DagBag from /home/airflow/.local/lib/python3.7/site-packages/airflow/example_dags/example_task_group.py
[2023-06-04T01:16:44.053+0000] {processor.py:768} INFO - DAG(s) dict_keys(['example_task_group']) retrieved from /home/airflow/.local/lib/python3.7/site-packages/airflow/example_dags/example_task_group.py
[2023-06-04T01:16:44.118+0000] {logging_mixin.py:117} INFO - [2023-06-04T01:16:44.118+0000] {dag.py:2573} INFO - Sync 1 DAGs
[2023-06-04T01:16:44.158+0000] {logging_mixin.py:117} INFO - [2023-06-04T01:16:44.158+0000] {dag.py:3328} INFO - Setting next_dagrun for example_task_group to 2023-06-03T01:16:44.157675+00:00, run_after=2023-06-04T01:16:44.157675+00:00
[2023-06-04T01:16:44.188+0000] {processor.py:178} INFO - Processing /home/airflow/.local/lib/python3.7/site-packages/airflow/example_dags/example_task_group.py took 0.175 seconds
[2023-06-04T01:17:14.546+0000] {processor.py:156} INFO - Started process (PID=1414) to work on /home/airflow/.local/lib/python3.7/site-packages/airflow/example_dags/example_task_group.py
[2023-06-04T01:17:14.548+0000] {processor.py:758} INFO - Processing file /home/airflow/.local/lib/python3.7/site-packages/airflow/example_dags/example_task_group.py for tasks to queue
[2023-06-04T01:17:14.550+0000] {logging_mixin.py:117} INFO - [2023-06-04T01:17:14.550+0000] {dagbag.py:525} INFO - Filling up the DagBag from /home/airflow/.local/lib/python3.7/site-packages/airflow/example_dags/example_task_group.py
[2023-06-04T01:17:14.572+0000] {processor.py:768} INFO - DAG(s) dict_keys(['example_task_group']) retrieved from /home/airflow/.local/lib/python3.7/site-packages/airflow/example_dags/example_task_group.py
[2023-06-04T01:17:14.623+0000] {logging_mixin.py:117} INFO - [2023-06-04T01:17:14.623+0000] {dag.py:2573} INFO - Sync 1 DAGs
[2023-06-04T01:17:14.653+0000] {logging_mixin.py:117} INFO - [2023-06-04T01:17:14.652+0000] {dag.py:3328} INFO - Setting next_dagrun for example_task_group to 2023-06-03T01:17:14.652605+00:00, run_after=2023-06-04T01:17:14.652605+00:00
[2023-06-04T01:17:14.675+0000] {processor.py:178} INFO - Processing /home/airflow/.local/lib/python3.7/site-packages/airflow/example_dags/example_task_group.py took 0.133 seconds
[2023-06-04T01:17:44.782+0000] {processor.py:156} INFO - Started process (PID=1469) to work on /home/airflow/.local/lib/python3.7/site-packages/airflow/example_dags/example_task_group.py
[2023-06-04T01:17:44.784+0000] {processor.py:758} INFO - Processing file /home/airflow/.local/lib/python3.7/site-packages/airflow/example_dags/example_task_group.py for tasks to queue
[2023-06-04T01:17:44.786+0000] {logging_mixin.py:117} INFO - [2023-06-04T01:17:44.786+0000] {dagbag.py:525} INFO - Filling up the DagBag from /home/airflow/.local/lib/python3.7/site-packages/airflow/example_dags/example_task_group.py
[2023-06-04T01:17:44.808+0000] {processor.py:768} INFO - DAG(s) dict_keys(['example_task_group']) retrieved from /home/airflow/.local/lib/python3.7/site-packages/airflow/example_dags/example_task_group.py
[2023-06-04T01:17:44.861+0000] {logging_mixin.py:117} INFO - [2023-06-04T01:17:44.861+0000] {dag.py:2573} INFO - Sync 1 DAGs
[2023-06-04T01:17:44.892+0000] {logging_mixin.py:117} INFO - [2023-06-04T01:17:44.892+0000] {dag.py:3328} INFO - Setting next_dagrun for example_task_group to 2023-06-03T01:17:44.892357+00:00, run_after=2023-06-04T01:17:44.892357+00:00
[2023-06-04T01:17:44.912+0000] {processor.py:178} INFO - Processing /home/airflow/.local/lib/python3.7/site-packages/airflow/example_dags/example_task_group.py took 0.134 seconds
[2023-06-04T01:18:15.067+0000] {processor.py:156} INFO - Started process (PID=1532) to work on /home/airflow/.local/lib/python3.7/site-packages/airflow/example_dags/example_task_group.py
[2023-06-04T01:18:15.069+0000] {processor.py:758} INFO - Processing file /home/airflow/.local/lib/python3.7/site-packages/airflow/example_dags/example_task_group.py for tasks to queue
[2023-06-04T01:18:15.071+0000] {logging_mixin.py:117} INFO - [2023-06-04T01:18:15.071+0000] {dagbag.py:525} INFO - Filling up the DagBag from /home/airflow/.local/lib/python3.7/site-packages/airflow/example_dags/example_task_group.py
[2023-06-04T01:18:15.095+0000] {processor.py:768} INFO - DAG(s) dict_keys(['example_task_group']) retrieved from /home/airflow/.local/lib/python3.7/site-packages/airflow/example_dags/example_task_group.py
[2023-06-04T01:18:15.150+0000] {logging_mixin.py:117} INFO - [2023-06-04T01:18:15.150+0000] {dag.py:2573} INFO - Sync 1 DAGs
[2023-06-04T01:18:15.183+0000] {logging_mixin.py:117} INFO - [2023-06-04T01:18:15.183+0000] {dag.py:3328} INFO - Setting next_dagrun for example_task_group to 2023-06-03T01:18:15.182828+00:00, run_after=2023-06-04T01:18:15.182828+00:00
[2023-06-04T01:18:15.208+0000] {processor.py:178} INFO - Processing /home/airflow/.local/lib/python3.7/site-packages/airflow/example_dags/example_task_group.py took 0.145 seconds
[2023-06-04T01:18:45.354+0000] {processor.py:156} INFO - Started process (PID=1595) to work on /home/airflow/.local/lib/python3.7/site-packages/airflow/example_dags/example_task_group.py
[2023-06-04T01:18:45.357+0000] {processor.py:758} INFO - Processing file /home/airflow/.local/lib/python3.7/site-packages/airflow/example_dags/example_task_group.py for tasks to queue
[2023-06-04T01:18:45.359+0000] {logging_mixin.py:117} INFO - [2023-06-04T01:18:45.359+0000] {dagbag.py:525} INFO - Filling up the DagBag from /home/airflow/.local/lib/python3.7/site-packages/airflow/example_dags/example_task_group.py
[2023-06-04T01:18:45.383+0000] {processor.py:768} INFO - DAG(s) dict_keys(['example_task_group']) retrieved from /home/airflow/.local/lib/python3.7/site-packages/airflow/example_dags/example_task_group.py
[2023-06-04T01:18:45.439+0000] {logging_mixin.py:117} INFO - [2023-06-04T01:18:45.438+0000] {dag.py:2573} INFO - Sync 1 DAGs
[2023-06-04T01:18:45.472+0000] {logging_mixin.py:117} INFO - [2023-06-04T01:18:45.472+0000] {dag.py:3328} INFO - Setting next_dagrun for example_task_group to 2023-06-03T01:18:45.472323+00:00, run_after=2023-06-04T01:18:45.472323+00:00
[2023-06-04T01:18:45.500+0000] {processor.py:178} INFO - Processing /home/airflow/.local/lib/python3.7/site-packages/airflow/example_dags/example_task_group.py took 0.151 seconds
[2023-06-04T01:19:16.301+0000] {processor.py:156} INFO - Started process (PID=1650) to work on /home/airflow/.local/lib/python3.7/site-packages/airflow/example_dags/example_task_group.py
[2023-06-04T01:19:16.304+0000] {processor.py:758} INFO - Processing file /home/airflow/.local/lib/python3.7/site-packages/airflow/example_dags/example_task_group.py for tasks to queue
[2023-06-04T01:19:16.306+0000] {logging_mixin.py:117} INFO - [2023-06-04T01:19:16.305+0000] {dagbag.py:525} INFO - Filling up the DagBag from /home/airflow/.local/lib/python3.7/site-packages/airflow/example_dags/example_task_group.py
[2023-06-04T01:19:16.330+0000] {processor.py:768} INFO - DAG(s) dict_keys(['example_task_group']) retrieved from /home/airflow/.local/lib/python3.7/site-packages/airflow/example_dags/example_task_group.py
[2023-06-04T01:19:16.387+0000] {logging_mixin.py:117} INFO - [2023-06-04T01:19:16.387+0000] {dag.py:2573} INFO - Sync 1 DAGs
[2023-06-04T01:19:16.424+0000] {logging_mixin.py:117} INFO - [2023-06-04T01:19:16.423+0000] {dag.py:3328} INFO - Setting next_dagrun for example_task_group to 2023-06-03T01:19:16.423514+00:00, run_after=2023-06-04T01:19:16.423514+00:00
[2023-06-04T01:19:16.459+0000] {processor.py:178} INFO - Processing /home/airflow/.local/lib/python3.7/site-packages/airflow/example_dags/example_task_group.py took 0.163 seconds
[2023-06-04T01:20:41.440+0000] {processor.py:157} INFO - Started process (PID=68) to work on /home/airflow/.local/lib/python3.7/site-packages/airflow/example_dags/example_task_group.py
[2023-06-04T01:20:41.443+0000] {processor.py:826} INFO - Processing file /home/airflow/.local/lib/python3.7/site-packages/airflow/example_dags/example_task_group.py for tasks to queue
[2023-06-04T01:20:41.446+0000] {logging_mixin.py:149} INFO - [2023-06-04T01:20:41.445+0000] {dagbag.py:541} INFO - Filling up the DagBag from /home/airflow/.local/lib/python3.7/site-packages/airflow/example_dags/example_task_group.py
[2023-06-04T01:20:41.467+0000] {processor.py:836} INFO - DAG(s) dict_keys(['example_task_group']) retrieved from /home/airflow/.local/lib/python3.7/site-packages/airflow/example_dags/example_task_group.py
[2023-06-04T01:20:41.498+0000] {logging_mixin.py:149} INFO - [2023-06-04T01:20:41.498+0000] {dag.py:2726} INFO - Sync 1 DAGs
[2023-06-04T01:20:41.557+0000] {logging_mixin.py:149} INFO - [2023-06-04T01:20:41.557+0000] {dag.py:3490} INFO - Setting next_dagrun for example_task_group to 2023-06-03T01:20:41.556845+00:00, run_after=2023-06-04T01:20:41.556845+00:00
[2023-06-04T01:20:41.602+0000] {processor.py:179} INFO - Processing /home/airflow/.local/lib/python3.7/site-packages/airflow/example_dags/example_task_group.py took 0.167 seconds
[2023-06-04T01:21:11.826+0000] {processor.py:157} INFO - Started process (PID=138) to work on /home/airflow/.local/lib/python3.7/site-packages/airflow/example_dags/example_task_group.py
[2023-06-04T01:21:11.828+0000] {processor.py:826} INFO - Processing file /home/airflow/.local/lib/python3.7/site-packages/airflow/example_dags/example_task_group.py for tasks to queue
[2023-06-04T01:21:11.830+0000] {logging_mixin.py:149} INFO - [2023-06-04T01:21:11.830+0000] {dagbag.py:541} INFO - Filling up the DagBag from /home/airflow/.local/lib/python3.7/site-packages/airflow/example_dags/example_task_group.py
[2023-06-04T01:21:11.843+0000] {processor.py:836} INFO - DAG(s) dict_keys(['example_task_group']) retrieved from /home/airflow/.local/lib/python3.7/site-packages/airflow/example_dags/example_task_group.py
[2023-06-04T01:21:11.883+0000] {logging_mixin.py:149} INFO - [2023-06-04T01:21:11.882+0000] {dag.py:2726} INFO - Sync 1 DAGs
[2023-06-04T01:21:11.922+0000] {logging_mixin.py:149} INFO - [2023-06-04T01:21:11.922+0000] {dag.py:3490} INFO - Setting next_dagrun for example_task_group to 2023-06-03T01:21:11.921882+00:00, run_after=2023-06-04T01:21:11.921882+00:00
[2023-06-04T01:21:11.951+0000] {processor.py:179} INFO - Processing /home/airflow/.local/lib/python3.7/site-packages/airflow/example_dags/example_task_group.py took 0.130 seconds
[2023-06-04T01:21:42.764+0000] {processor.py:157} INFO - Started process (PID=217) to work on /home/airflow/.local/lib/python3.7/site-packages/airflow/example_dags/example_task_group.py
[2023-06-04T01:21:42.768+0000] {processor.py:826} INFO - Processing file /home/airflow/.local/lib/python3.7/site-packages/airflow/example_dags/example_task_group.py for tasks to queue
[2023-06-04T01:21:42.770+0000] {logging_mixin.py:149} INFO - [2023-06-04T01:21:42.770+0000] {dagbag.py:541} INFO - Filling up the DagBag from /home/airflow/.local/lib/python3.7/site-packages/airflow/example_dags/example_task_group.py
[2023-06-04T01:21:42.783+0000] {processor.py:836} INFO - DAG(s) dict_keys(['example_task_group']) retrieved from /home/airflow/.local/lib/python3.7/site-packages/airflow/example_dags/example_task_group.py
[2023-06-04T01:21:42.824+0000] {logging_mixin.py:149} INFO - [2023-06-04T01:21:42.824+0000] {dag.py:2726} INFO - Sync 1 DAGs
[2023-06-04T01:21:42.864+0000] {logging_mixin.py:149} INFO - [2023-06-04T01:21:42.864+0000] {dag.py:3490} INFO - Setting next_dagrun for example_task_group to 2023-06-03T01:21:42.864230+00:00, run_after=2023-06-04T01:21:42.864230+00:00
[2023-06-04T01:21:42.892+0000] {processor.py:179} INFO - Processing /home/airflow/.local/lib/python3.7/site-packages/airflow/example_dags/example_task_group.py took 0.133 seconds
[2023-06-04T01:22:12.982+0000] {processor.py:157} INFO - Started process (PID=288) to work on /home/airflow/.local/lib/python3.7/site-packages/airflow/example_dags/example_task_group.py
[2023-06-04T01:22:12.984+0000] {processor.py:826} INFO - Processing file /home/airflow/.local/lib/python3.7/site-packages/airflow/example_dags/example_task_group.py for tasks to queue
[2023-06-04T01:22:12.986+0000] {logging_mixin.py:149} INFO - [2023-06-04T01:22:12.985+0000] {dagbag.py:541} INFO - Filling up the DagBag from /home/airflow/.local/lib/python3.7/site-packages/airflow/example_dags/example_task_group.py
[2023-06-04T01:22:12.998+0000] {processor.py:836} INFO - DAG(s) dict_keys(['example_task_group']) retrieved from /home/airflow/.local/lib/python3.7/site-packages/airflow/example_dags/example_task_group.py
[2023-06-04T01:22:13.034+0000] {logging_mixin.py:149} INFO - [2023-06-04T01:22:13.033+0000] {dag.py:2726} INFO - Sync 1 DAGs
[2023-06-04T01:22:13.066+0000] {logging_mixin.py:149} INFO - [2023-06-04T01:22:13.065+0000] {dag.py:3490} INFO - Setting next_dagrun for example_task_group to 2023-06-03T01:22:13.065596+00:00, run_after=2023-06-04T01:22:13.065596+00:00
[2023-06-04T01:22:13.090+0000] {processor.py:179} INFO - Processing /home/airflow/.local/lib/python3.7/site-packages/airflow/example_dags/example_task_group.py took 0.113 seconds
[2023-06-04T01:22:43.967+0000] {processor.py:157} INFO - Started process (PID=364) to work on /home/airflow/.local/lib/python3.7/site-packages/airflow/example_dags/example_task_group.py
[2023-06-04T01:22:43.970+0000] {processor.py:826} INFO - Processing file /home/airflow/.local/lib/python3.7/site-packages/airflow/example_dags/example_task_group.py for tasks to queue
[2023-06-04T01:22:43.972+0000] {logging_mixin.py:149} INFO - [2023-06-04T01:22:43.972+0000] {dagbag.py:541} INFO - Filling up the DagBag from /home/airflow/.local/lib/python3.7/site-packages/airflow/example_dags/example_task_group.py
[2023-06-04T01:22:43.987+0000] {processor.py:836} INFO - DAG(s) dict_keys(['example_task_group']) retrieved from /home/airflow/.local/lib/python3.7/site-packages/airflow/example_dags/example_task_group.py
[2023-06-04T01:22:44.035+0000] {logging_mixin.py:149} INFO - [2023-06-04T01:22:44.035+0000] {dag.py:2726} INFO - Sync 1 DAGs
[2023-06-04T01:22:44.076+0000] {logging_mixin.py:149} INFO - [2023-06-04T01:22:44.075+0000] {dag.py:3490} INFO - Setting next_dagrun for example_task_group to 2023-06-03T01:22:44.075438+00:00, run_after=2023-06-04T01:22:44.075438+00:00
[2023-06-04T01:22:44.109+0000] {processor.py:179} INFO - Processing /home/airflow/.local/lib/python3.7/site-packages/airflow/example_dags/example_task_group.py took 0.147 seconds
[2023-06-04T01:23:14.923+0000] {processor.py:157} INFO - Started process (PID=436) to work on /home/airflow/.local/lib/python3.7/site-packages/airflow/example_dags/example_task_group.py
[2023-06-04T01:23:14.927+0000] {processor.py:826} INFO - Processing file /home/airflow/.local/lib/python3.7/site-packages/airflow/example_dags/example_task_group.py for tasks to queue
[2023-06-04T01:23:14.929+0000] {logging_mixin.py:149} INFO - [2023-06-04T01:23:14.929+0000] {dagbag.py:541} INFO - Filling up the DagBag from /home/airflow/.local/lib/python3.7/site-packages/airflow/example_dags/example_task_group.py
[2023-06-04T01:23:14.943+0000] {processor.py:836} INFO - DAG(s) dict_keys(['example_task_group']) retrieved from /home/airflow/.local/lib/python3.7/site-packages/airflow/example_dags/example_task_group.py
[2023-06-04T01:23:14.981+0000] {logging_mixin.py:149} INFO - [2023-06-04T01:23:14.981+0000] {dag.py:2726} INFO - Sync 1 DAGs
[2023-06-04T01:23:15.022+0000] {logging_mixin.py:149} INFO - [2023-06-04T01:23:15.022+0000] {dag.py:3490} INFO - Setting next_dagrun for example_task_group to 2023-06-03T01:23:15.021736+00:00, run_after=2023-06-04T01:23:15.021736+00:00
[2023-06-04T01:23:15.049+0000] {processor.py:179} INFO - Processing /home/airflow/.local/lib/python3.7/site-packages/airflow/example_dags/example_task_group.py took 0.131 seconds
[2023-06-04T01:23:45.922+0000] {processor.py:157} INFO - Started process (PID=506) to work on /home/airflow/.local/lib/python3.7/site-packages/airflow/example_dags/example_task_group.py
[2023-06-04T01:23:45.924+0000] {processor.py:826} INFO - Processing file /home/airflow/.local/lib/python3.7/site-packages/airflow/example_dags/example_task_group.py for tasks to queue
[2023-06-04T01:23:45.926+0000] {logging_mixin.py:149} INFO - [2023-06-04T01:23:45.926+0000] {dagbag.py:541} INFO - Filling up the DagBag from /home/airflow/.local/lib/python3.7/site-packages/airflow/example_dags/example_task_group.py
[2023-06-04T01:23:45.940+0000] {processor.py:836} INFO - DAG(s) dict_keys(['example_task_group']) retrieved from /home/airflow/.local/lib/python3.7/site-packages/airflow/example_dags/example_task_group.py
[2023-06-04T01:23:45.976+0000] {logging_mixin.py:149} INFO - [2023-06-04T01:23:45.976+0000] {dag.py:2726} INFO - Sync 1 DAGs
[2023-06-04T01:23:46.014+0000] {logging_mixin.py:149} INFO - [2023-06-04T01:23:46.013+0000] {dag.py:3490} INFO - Setting next_dagrun for example_task_group to 2023-06-03T01:23:46.013547+00:00, run_after=2023-06-04T01:23:46.013547+00:00
[2023-06-04T01:23:46.039+0000] {processor.py:179} INFO - Processing /home/airflow/.local/lib/python3.7/site-packages/airflow/example_dags/example_task_group.py took 0.124 seconds
[2023-06-04T01:24:16.482+0000] {processor.py:157} INFO - Started process (PID=586) to work on /home/airflow/.local/lib/python3.7/site-packages/airflow/example_dags/example_task_group.py
[2023-06-04T01:24:16.484+0000] {processor.py:826} INFO - Processing file /home/airflow/.local/lib/python3.7/site-packages/airflow/example_dags/example_task_group.py for tasks to queue
[2023-06-04T01:24:16.486+0000] {logging_mixin.py:149} INFO - [2023-06-04T01:24:16.486+0000] {dagbag.py:541} INFO - Filling up the DagBag from /home/airflow/.local/lib/python3.7/site-packages/airflow/example_dags/example_task_group.py
[2023-06-04T01:24:16.498+0000] {processor.py:836} INFO - DAG(s) dict_keys(['example_task_group']) retrieved from /home/airflow/.local/lib/python3.7/site-packages/airflow/example_dags/example_task_group.py
[2023-06-04T01:24:16.537+0000] {logging_mixin.py:149} INFO - [2023-06-04T01:24:16.537+0000] {dag.py:2726} INFO - Sync 1 DAGs
[2023-06-04T01:24:16.572+0000] {logging_mixin.py:149} INFO - [2023-06-04T01:24:16.572+0000] {dag.py:3490} INFO - Setting next_dagrun for example_task_group to 2023-06-03T01:24:16.572096+00:00, run_after=2023-06-04T01:24:16.572096+00:00
[2023-06-04T01:24:16.598+0000] {processor.py:179} INFO - Processing /home/airflow/.local/lib/python3.7/site-packages/airflow/example_dags/example_task_group.py took 0.121 seconds
[2023-06-04T01:24:47.096+0000] {processor.py:157} INFO - Started process (PID=656) to work on /home/airflow/.local/lib/python3.7/site-packages/airflow/example_dags/example_task_group.py
[2023-06-04T01:24:47.102+0000] {processor.py:826} INFO - Processing file /home/airflow/.local/lib/python3.7/site-packages/airflow/example_dags/example_task_group.py for tasks to queue
[2023-06-04T01:24:47.107+0000] {logging_mixin.py:149} INFO - [2023-06-04T01:24:47.106+0000] {dagbag.py:541} INFO - Filling up the DagBag from /home/airflow/.local/lib/python3.7/site-packages/airflow/example_dags/example_task_group.py
[2023-06-04T01:24:47.133+0000] {processor.py:836} INFO - DAG(s) dict_keys(['example_task_group']) retrieved from /home/airflow/.local/lib/python3.7/site-packages/airflow/example_dags/example_task_group.py
[2023-06-04T01:24:47.199+0000] {logging_mixin.py:149} INFO - [2023-06-04T01:24:47.199+0000] {dag.py:2726} INFO - Sync 1 DAGs
[2023-06-04T01:24:47.257+0000] {logging_mixin.py:149} INFO - [2023-06-04T01:24:47.256+0000] {dag.py:3490} INFO - Setting next_dagrun for example_task_group to 2023-06-03T01:24:47.256418+00:00, run_after=2023-06-04T01:24:47.256418+00:00
[2023-06-04T01:24:47.289+0000] {processor.py:179} INFO - Processing /home/airflow/.local/lib/python3.7/site-packages/airflow/example_dags/example_task_group.py took 0.203 seconds
[2023-06-04T01:25:18.053+0000] {processor.py:157} INFO - Started process (PID=734) to work on /home/airflow/.local/lib/python3.7/site-packages/airflow/example_dags/example_task_group.py
[2023-06-04T01:25:18.055+0000] {processor.py:826} INFO - Processing file /home/airflow/.local/lib/python3.7/site-packages/airflow/example_dags/example_task_group.py for tasks to queue
[2023-06-04T01:25:18.058+0000] {logging_mixin.py:149} INFO - [2023-06-04T01:25:18.057+0000] {dagbag.py:541} INFO - Filling up the DagBag from /home/airflow/.local/lib/python3.7/site-packages/airflow/example_dags/example_task_group.py
[2023-06-04T01:25:18.076+0000] {processor.py:836} INFO - DAG(s) dict_keys(['example_task_group']) retrieved from /home/airflow/.local/lib/python3.7/site-packages/airflow/example_dags/example_task_group.py
[2023-06-04T01:25:18.117+0000] {logging_mixin.py:149} INFO - [2023-06-04T01:25:18.117+0000] {dag.py:2726} INFO - Sync 1 DAGs
[2023-06-04T01:25:18.163+0000] {logging_mixin.py:149} INFO - [2023-06-04T01:25:18.163+0000] {dag.py:3490} INFO - Setting next_dagrun for example_task_group to 2023-06-03T01:25:18.163046+00:00, run_after=2023-06-04T01:25:18.163046+00:00
[2023-06-04T01:25:18.191+0000] {processor.py:179} INFO - Processing /home/airflow/.local/lib/python3.7/site-packages/airflow/example_dags/example_task_group.py took 0.144 seconds
[2023-06-04T01:25:48.401+0000] {processor.py:157} INFO - Started process (PID=805) to work on /home/airflow/.local/lib/python3.7/site-packages/airflow/example_dags/example_task_group.py
[2023-06-04T01:25:48.403+0000] {processor.py:826} INFO - Processing file /home/airflow/.local/lib/python3.7/site-packages/airflow/example_dags/example_task_group.py for tasks to queue
[2023-06-04T01:25:48.405+0000] {logging_mixin.py:149} INFO - [2023-06-04T01:25:48.405+0000] {dagbag.py:541} INFO - Filling up the DagBag from /home/airflow/.local/lib/python3.7/site-packages/airflow/example_dags/example_task_group.py
[2023-06-04T01:25:48.417+0000] {processor.py:836} INFO - DAG(s) dict_keys(['example_task_group']) retrieved from /home/airflow/.local/lib/python3.7/site-packages/airflow/example_dags/example_task_group.py
[2023-06-04T01:25:48.452+0000] {logging_mixin.py:149} INFO - [2023-06-04T01:25:48.452+0000] {dag.py:2726} INFO - Sync 1 DAGs
[2023-06-04T01:25:48.485+0000] {logging_mixin.py:149} INFO - [2023-06-04T01:25:48.485+0000] {dag.py:3490} INFO - Setting next_dagrun for example_task_group to 2023-06-03T01:25:48.485250+00:00, run_after=2023-06-04T01:25:48.485250+00:00
[2023-06-04T01:25:48.514+0000] {processor.py:179} INFO - Processing /home/airflow/.local/lib/python3.7/site-packages/airflow/example_dags/example_task_group.py took 0.118 seconds
