[2023-06-04T00:36:57.426+0000] {processor.py:156} INFO - Started process (PID=70) to work on /home/airflow/.local/lib/python3.7/site-packages/airflow/example_dags/example_external_task_marker_dag.py
[2023-06-04T00:36:57.428+0000] {processor.py:758} INFO - Processing file /home/airflow/.local/lib/python3.7/site-packages/airflow/example_dags/example_external_task_marker_dag.py for tasks to queue
[2023-06-04T00:36:57.430+0000] {logging_mixin.py:117} INFO - [2023-06-04T00:36:57.430+0000] {dagbag.py:525} INFO - Filling up the DagBag from /home/airflow/.local/lib/python3.7/site-packages/airflow/example_dags/example_external_task_marker_dag.py
[2023-06-04T00:36:57.453+0000] {processor.py:768} INFO - DAG(s) dict_keys(['example_external_task_marker_child', 'example_external_task_marker_parent']) retrieved from /home/airflow/.local/lib/python3.7/site-packages/airflow/example_dags/example_external_task_marker_dag.py
[2023-06-04T00:36:57.851+0000] {logging_mixin.py:117} INFO - [2023-06-04T00:36:57.851+0000] {manager.py:507} INFO - Created Permission View: can delete on DAG:example_external_task_marker_child
[2023-06-04T00:36:57.873+0000] {logging_mixin.py:117} INFO - [2023-06-04T00:36:57.873+0000] {manager.py:507} INFO - Created Permission View: can read on DAG:example_external_task_marker_child
[2023-06-04T00:36:57.887+0000] {logging_mixin.py:117} INFO - [2023-06-04T00:36:57.887+0000] {manager.py:507} INFO - Created Permission View: can edit on DAG:example_external_task_marker_child
[2023-06-04T00:36:57.913+0000] {logging_mixin.py:117} INFO - [2023-06-04T00:36:57.913+0000] {manager.py:507} INFO - Created Permission View: can delete on DAG:example_external_task_marker_parent
[2023-06-04T00:36:57.925+0000] {logging_mixin.py:117} INFO - [2023-06-04T00:36:57.925+0000] {manager.py:507} INFO - Created Permission View: can read on DAG:example_external_task_marker_parent
[2023-06-04T00:36:57.934+0000] {logging_mixin.py:117} INFO - [2023-06-04T00:36:57.934+0000] {manager.py:507} INFO - Created Permission View: can edit on DAG:example_external_task_marker_parent
[2023-06-04T00:36:57.935+0000] {logging_mixin.py:117} INFO - [2023-06-04T00:36:57.935+0000] {dag.py:2573} INFO - Sync 2 DAGs
[2023-06-04T00:36:57.956+0000] {logging_mixin.py:117} INFO - [2023-06-04T00:36:57.956+0000] {dag.py:2594} INFO - Creating ORM DAG for example_external_task_marker_parent
[2023-06-04T00:36:57.958+0000] {logging_mixin.py:117} INFO - [2023-06-04T00:36:57.957+0000] {dag.py:2594} INFO - Creating ORM DAG for example_external_task_marker_child
[2023-06-04T00:36:57.973+0000] {logging_mixin.py:117} INFO - [2023-06-04T00:36:57.973+0000] {dag.py:3328} INFO - Setting next_dagrun for example_external_task_marker_child to None, run_after=None
[2023-06-04T00:36:57.975+0000] {logging_mixin.py:117} INFO - [2023-06-04T00:36:57.975+0000] {dag.py:3328} INFO - Setting next_dagrun for example_external_task_marker_parent to None, run_after=None
[2023-06-04T00:36:58.005+0000] {processor.py:178} INFO - Processing /home/airflow/.local/lib/python3.7/site-packages/airflow/example_dags/example_external_task_marker_dag.py took 0.585 seconds
[2023-06-04T00:37:28.715+0000] {processor.py:156} INFO - Started process (PID=132) to work on /home/airflow/.local/lib/python3.7/site-packages/airflow/example_dags/example_external_task_marker_dag.py
[2023-06-04T00:37:28.717+0000] {processor.py:758} INFO - Processing file /home/airflow/.local/lib/python3.7/site-packages/airflow/example_dags/example_external_task_marker_dag.py for tasks to queue
[2023-06-04T00:37:28.719+0000] {logging_mixin.py:117} INFO - [2023-06-04T00:37:28.718+0000] {dagbag.py:525} INFO - Filling up the DagBag from /home/airflow/.local/lib/python3.7/site-packages/airflow/example_dags/example_external_task_marker_dag.py
[2023-06-04T00:37:28.742+0000] {processor.py:768} INFO - DAG(s) dict_keys(['example_external_task_marker_parent', 'example_external_task_marker_child']) retrieved from /home/airflow/.local/lib/python3.7/site-packages/airflow/example_dags/example_external_task_marker_dag.py
[2023-06-04T00:37:29.033+0000] {logging_mixin.py:117} INFO - [2023-06-04T00:37:29.033+0000] {dag.py:2573} INFO - Sync 2 DAGs
[2023-06-04T00:37:29.069+0000] {logging_mixin.py:117} INFO - [2023-06-04T00:37:29.069+0000] {dag.py:3328} INFO - Setting next_dagrun for example_external_task_marker_child to None, run_after=None
[2023-06-04T00:37:29.075+0000] {logging_mixin.py:117} INFO - [2023-06-04T00:37:29.075+0000] {dag.py:3328} INFO - Setting next_dagrun for example_external_task_marker_parent to None, run_after=None
[2023-06-04T00:37:29.100+0000] {processor.py:178} INFO - Processing /home/airflow/.local/lib/python3.7/site-packages/airflow/example_dags/example_external_task_marker_dag.py took 0.391 seconds
[2023-06-04T00:37:59.261+0000] {processor.py:156} INFO - Started process (PID=188) to work on /home/airflow/.local/lib/python3.7/site-packages/airflow/example_dags/example_external_task_marker_dag.py
[2023-06-04T00:37:59.264+0000] {processor.py:758} INFO - Processing file /home/airflow/.local/lib/python3.7/site-packages/airflow/example_dags/example_external_task_marker_dag.py for tasks to queue
[2023-06-04T00:37:59.266+0000] {logging_mixin.py:117} INFO - [2023-06-04T00:37:59.265+0000] {dagbag.py:525} INFO - Filling up the DagBag from /home/airflow/.local/lib/python3.7/site-packages/airflow/example_dags/example_external_task_marker_dag.py
[2023-06-04T00:37:59.287+0000] {processor.py:768} INFO - DAG(s) dict_keys(['example_external_task_marker_child', 'example_external_task_marker_parent']) retrieved from /home/airflow/.local/lib/python3.7/site-packages/airflow/example_dags/example_external_task_marker_dag.py
[2023-06-04T00:37:59.504+0000] {logging_mixin.py:117} INFO - [2023-06-04T00:37:59.504+0000] {dag.py:2573} INFO - Sync 2 DAGs
[2023-06-04T00:37:59.535+0000] {logging_mixin.py:117} INFO - [2023-06-04T00:37:59.535+0000] {dag.py:3328} INFO - Setting next_dagrun for example_external_task_marker_child to None, run_after=None
[2023-06-04T00:37:59.542+0000] {logging_mixin.py:117} INFO - [2023-06-04T00:37:59.542+0000] {dag.py:3328} INFO - Setting next_dagrun for example_external_task_marker_parent to None, run_after=None
[2023-06-04T00:37:59.567+0000] {processor.py:178} INFO - Processing /home/airflow/.local/lib/python3.7/site-packages/airflow/example_dags/example_external_task_marker_dag.py took 0.310 seconds
[2023-06-04T00:38:30.400+0000] {processor.py:156} INFO - Started process (PID=251) to work on /home/airflow/.local/lib/python3.7/site-packages/airflow/example_dags/example_external_task_marker_dag.py
[2023-06-04T00:38:30.404+0000] {processor.py:758} INFO - Processing file /home/airflow/.local/lib/python3.7/site-packages/airflow/example_dags/example_external_task_marker_dag.py for tasks to queue
[2023-06-04T00:38:30.406+0000] {logging_mixin.py:117} INFO - [2023-06-04T00:38:30.406+0000] {dagbag.py:525} INFO - Filling up the DagBag from /home/airflow/.local/lib/python3.7/site-packages/airflow/example_dags/example_external_task_marker_dag.py
[2023-06-04T00:38:30.432+0000] {processor.py:768} INFO - DAG(s) dict_keys(['example_external_task_marker_parent', 'example_external_task_marker_child']) retrieved from /home/airflow/.local/lib/python3.7/site-packages/airflow/example_dags/example_external_task_marker_dag.py
[2023-06-04T00:38:30.659+0000] {logging_mixin.py:117} INFO - [2023-06-04T00:38:30.659+0000] {dag.py:2573} INFO - Sync 2 DAGs
[2023-06-04T00:38:30.693+0000] {logging_mixin.py:117} INFO - [2023-06-04T00:38:30.693+0000] {dag.py:3328} INFO - Setting next_dagrun for example_external_task_marker_child to None, run_after=None
[2023-06-04T00:38:30.698+0000] {logging_mixin.py:117} INFO - [2023-06-04T00:38:30.698+0000] {dag.py:3328} INFO - Setting next_dagrun for example_external_task_marker_parent to None, run_after=None
[2023-06-04T00:38:30.717+0000] {processor.py:178} INFO - Processing /home/airflow/.local/lib/python3.7/site-packages/airflow/example_dags/example_external_task_marker_dag.py took 0.323 seconds
[2023-06-04T00:39:00.795+0000] {processor.py:156} INFO - Started process (PID=314) to work on /home/airflow/.local/lib/python3.7/site-packages/airflow/example_dags/example_external_task_marker_dag.py
[2023-06-04T00:39:00.798+0000] {processor.py:758} INFO - Processing file /home/airflow/.local/lib/python3.7/site-packages/airflow/example_dags/example_external_task_marker_dag.py for tasks to queue
[2023-06-04T00:39:00.800+0000] {logging_mixin.py:117} INFO - [2023-06-04T00:39:00.800+0000] {dagbag.py:525} INFO - Filling up the DagBag from /home/airflow/.local/lib/python3.7/site-packages/airflow/example_dags/example_external_task_marker_dag.py
[2023-06-04T00:39:00.822+0000] {processor.py:768} INFO - DAG(s) dict_keys(['example_external_task_marker_parent', 'example_external_task_marker_child']) retrieved from /home/airflow/.local/lib/python3.7/site-packages/airflow/example_dags/example_external_task_marker_dag.py
[2023-06-04T00:39:01.043+0000] {logging_mixin.py:117} INFO - [2023-06-04T00:39:01.043+0000] {dag.py:2573} INFO - Sync 2 DAGs
[2023-06-04T00:39:01.077+0000] {logging_mixin.py:117} INFO - [2023-06-04T00:39:01.077+0000] {dag.py:3328} INFO - Setting next_dagrun for example_external_task_marker_child to None, run_after=None
[2023-06-04T00:39:01.085+0000] {logging_mixin.py:117} INFO - [2023-06-04T00:39:01.085+0000] {dag.py:3328} INFO - Setting next_dagrun for example_external_task_marker_parent to None, run_after=None
[2023-06-04T00:39:01.110+0000] {processor.py:178} INFO - Processing /home/airflow/.local/lib/python3.7/site-packages/airflow/example_dags/example_external_task_marker_dag.py took 0.319 seconds
[2023-06-04T00:59:49.067+0000] {processor.py:156} INFO - Started process (PID=71) to work on /home/airflow/.local/lib/python3.7/site-packages/airflow/example_dags/example_external_task_marker_dag.py
[2023-06-04T00:59:49.069+0000] {processor.py:758} INFO - Processing file /home/airflow/.local/lib/python3.7/site-packages/airflow/example_dags/example_external_task_marker_dag.py for tasks to queue
[2023-06-04T00:59:49.072+0000] {logging_mixin.py:117} INFO - [2023-06-04T00:59:49.072+0000] {dagbag.py:525} INFO - Filling up the DagBag from /home/airflow/.local/lib/python3.7/site-packages/airflow/example_dags/example_external_task_marker_dag.py
[2023-06-04T00:59:49.104+0000] {processor.py:768} INFO - DAG(s) dict_keys(['example_external_task_marker_child', 'example_external_task_marker_parent']) retrieved from /home/airflow/.local/lib/python3.7/site-packages/airflow/example_dags/example_external_task_marker_dag.py
[2023-06-04T00:59:49.177+0000] {logging_mixin.py:117} INFO - [2023-06-04T00:59:49.177+0000] {dag.py:2573} INFO - Sync 2 DAGs
[2023-06-04T00:59:49.234+0000] {logging_mixin.py:117} INFO - [2023-06-04T00:59:49.234+0000] {dag.py:3328} INFO - Setting next_dagrun for example_external_task_marker_child to None, run_after=None
[2023-06-04T00:59:49.253+0000] {logging_mixin.py:117} INFO - [2023-06-04T00:59:49.253+0000] {dag.py:3328} INFO - Setting next_dagrun for example_external_task_marker_parent to None, run_after=None
[2023-06-04T00:59:49.287+0000] {processor.py:178} INFO - Processing /home/airflow/.local/lib/python3.7/site-packages/airflow/example_dags/example_external_task_marker_dag.py took 0.230 seconds
[2023-06-04T01:00:19.793+0000] {processor.py:156} INFO - Started process (PID=125) to work on /home/airflow/.local/lib/python3.7/site-packages/airflow/example_dags/example_external_task_marker_dag.py
[2023-06-04T01:00:19.795+0000] {processor.py:758} INFO - Processing file /home/airflow/.local/lib/python3.7/site-packages/airflow/example_dags/example_external_task_marker_dag.py for tasks to queue
[2023-06-04T01:00:19.797+0000] {logging_mixin.py:117} INFO - [2023-06-04T01:00:19.796+0000] {dagbag.py:525} INFO - Filling up the DagBag from /home/airflow/.local/lib/python3.7/site-packages/airflow/example_dags/example_external_task_marker_dag.py
[2023-06-04T01:00:19.818+0000] {processor.py:768} INFO - DAG(s) dict_keys(['example_external_task_marker_child', 'example_external_task_marker_parent']) retrieved from /home/airflow/.local/lib/python3.7/site-packages/airflow/example_dags/example_external_task_marker_dag.py
[2023-06-04T01:00:20.225+0000] {logging_mixin.py:117} INFO - [2023-06-04T01:00:20.225+0000] {dag.py:2573} INFO - Sync 2 DAGs
[2023-06-04T01:00:20.300+0000] {logging_mixin.py:117} INFO - [2023-06-04T01:00:20.300+0000] {dag.py:3328} INFO - Setting next_dagrun for example_external_task_marker_child to None, run_after=None
[2023-06-04T01:00:20.311+0000] {logging_mixin.py:117} INFO - [2023-06-04T01:00:20.311+0000] {dag.py:3328} INFO - Setting next_dagrun for example_external_task_marker_parent to None, run_after=None
[2023-06-04T01:00:20.353+0000] {processor.py:178} INFO - Processing /home/airflow/.local/lib/python3.7/site-packages/airflow/example_dags/example_external_task_marker_dag.py took 0.566 seconds
[2023-06-04T01:00:50.555+0000] {processor.py:156} INFO - Started process (PID=190) to work on /home/airflow/.local/lib/python3.7/site-packages/airflow/example_dags/example_external_task_marker_dag.py
[2023-06-04T01:00:50.556+0000] {processor.py:758} INFO - Processing file /home/airflow/.local/lib/python3.7/site-packages/airflow/example_dags/example_external_task_marker_dag.py for tasks to queue
[2023-06-04T01:00:50.558+0000] {logging_mixin.py:117} INFO - [2023-06-04T01:00:50.558+0000] {dagbag.py:525} INFO - Filling up the DagBag from /home/airflow/.local/lib/python3.7/site-packages/airflow/example_dags/example_external_task_marker_dag.py
[2023-06-04T01:00:50.580+0000] {processor.py:768} INFO - DAG(s) dict_keys(['example_external_task_marker_child', 'example_external_task_marker_parent']) retrieved from /home/airflow/.local/lib/python3.7/site-packages/airflow/example_dags/example_external_task_marker_dag.py
[2023-06-04T01:00:50.798+0000] {logging_mixin.py:117} INFO - [2023-06-04T01:00:50.798+0000] {dag.py:2573} INFO - Sync 2 DAGs
[2023-06-04T01:00:50.824+0000] {logging_mixin.py:117} INFO - [2023-06-04T01:00:50.824+0000] {dag.py:3328} INFO - Setting next_dagrun for example_external_task_marker_child to None, run_after=None
[2023-06-04T01:00:50.831+0000] {logging_mixin.py:117} INFO - [2023-06-04T01:00:50.831+0000] {dag.py:3328} INFO - Setting next_dagrun for example_external_task_marker_parent to None, run_after=None
[2023-06-04T01:00:50.858+0000] {processor.py:178} INFO - Processing /home/airflow/.local/lib/python3.7/site-packages/airflow/example_dags/example_external_task_marker_dag.py took 0.308 seconds
[2023-06-04T01:01:21.736+0000] {processor.py:156} INFO - Started process (PID=253) to work on /home/airflow/.local/lib/python3.7/site-packages/airflow/example_dags/example_external_task_marker_dag.py
[2023-06-04T01:01:21.738+0000] {processor.py:758} INFO - Processing file /home/airflow/.local/lib/python3.7/site-packages/airflow/example_dags/example_external_task_marker_dag.py for tasks to queue
[2023-06-04T01:01:21.740+0000] {logging_mixin.py:117} INFO - [2023-06-04T01:01:21.740+0000] {dagbag.py:525} INFO - Filling up the DagBag from /home/airflow/.local/lib/python3.7/site-packages/airflow/example_dags/example_external_task_marker_dag.py
[2023-06-04T01:01:21.763+0000] {processor.py:768} INFO - DAG(s) dict_keys(['example_external_task_marker_child', 'example_external_task_marker_parent']) retrieved from /home/airflow/.local/lib/python3.7/site-packages/airflow/example_dags/example_external_task_marker_dag.py
[2023-06-04T01:01:22.018+0000] {logging_mixin.py:117} INFO - [2023-06-04T01:01:22.018+0000] {dag.py:2573} INFO - Sync 2 DAGs
[2023-06-04T01:01:22.049+0000] {logging_mixin.py:117} INFO - [2023-06-04T01:01:22.049+0000] {dag.py:3328} INFO - Setting next_dagrun for example_external_task_marker_child to None, run_after=None
[2023-06-04T01:01:22.054+0000] {logging_mixin.py:117} INFO - [2023-06-04T01:01:22.054+0000] {dag.py:3328} INFO - Setting next_dagrun for example_external_task_marker_parent to None, run_after=None
[2023-06-04T01:01:22.073+0000] {processor.py:178} INFO - Processing /home/airflow/.local/lib/python3.7/site-packages/airflow/example_dags/example_external_task_marker_dag.py took 0.342 seconds
[2023-06-04T01:01:52.135+0000] {processor.py:156} INFO - Started process (PID=308) to work on /home/airflow/.local/lib/python3.7/site-packages/airflow/example_dags/example_external_task_marker_dag.py
[2023-06-04T01:01:52.138+0000] {processor.py:758} INFO - Processing file /home/airflow/.local/lib/python3.7/site-packages/airflow/example_dags/example_external_task_marker_dag.py for tasks to queue
[2023-06-04T01:01:52.141+0000] {logging_mixin.py:117} INFO - [2023-06-04T01:01:52.140+0000] {dagbag.py:525} INFO - Filling up the DagBag from /home/airflow/.local/lib/python3.7/site-packages/airflow/example_dags/example_external_task_marker_dag.py
[2023-06-04T01:01:52.164+0000] {processor.py:768} INFO - DAG(s) dict_keys(['example_external_task_marker_child', 'example_external_task_marker_parent']) retrieved from /home/airflow/.local/lib/python3.7/site-packages/airflow/example_dags/example_external_task_marker_dag.py
[2023-06-04T01:01:52.407+0000] {logging_mixin.py:117} INFO - [2023-06-04T01:01:52.407+0000] {dag.py:2573} INFO - Sync 2 DAGs
[2023-06-04T01:01:52.435+0000] {logging_mixin.py:117} INFO - [2023-06-04T01:01:52.435+0000] {dag.py:3328} INFO - Setting next_dagrun for example_external_task_marker_child to None, run_after=None
[2023-06-04T01:01:52.442+0000] {logging_mixin.py:117} INFO - [2023-06-04T01:01:52.442+0000] {dag.py:3328} INFO - Setting next_dagrun for example_external_task_marker_parent to None, run_after=None
[2023-06-04T01:01:52.462+0000] {processor.py:178} INFO - Processing /home/airflow/.local/lib/python3.7/site-packages/airflow/example_dags/example_external_task_marker_dag.py took 0.331 seconds
[2023-06-04T01:02:22.569+0000] {processor.py:156} INFO - Started process (PID=370) to work on /home/airflow/.local/lib/python3.7/site-packages/airflow/example_dags/example_external_task_marker_dag.py
[2023-06-04T01:02:22.571+0000] {processor.py:758} INFO - Processing file /home/airflow/.local/lib/python3.7/site-packages/airflow/example_dags/example_external_task_marker_dag.py for tasks to queue
[2023-06-04T01:02:22.574+0000] {logging_mixin.py:117} INFO - [2023-06-04T01:02:22.574+0000] {dagbag.py:525} INFO - Filling up the DagBag from /home/airflow/.local/lib/python3.7/site-packages/airflow/example_dags/example_external_task_marker_dag.py
[2023-06-04T01:02:22.604+0000] {processor.py:768} INFO - DAG(s) dict_keys(['example_external_task_marker_child', 'example_external_task_marker_parent']) retrieved from /home/airflow/.local/lib/python3.7/site-packages/airflow/example_dags/example_external_task_marker_dag.py
[2023-06-04T01:02:22.870+0000] {logging_mixin.py:117} INFO - [2023-06-04T01:02:22.870+0000] {dag.py:2573} INFO - Sync 2 DAGs
[2023-06-04T01:02:22.902+0000] {logging_mixin.py:117} INFO - [2023-06-04T01:02:22.902+0000] {dag.py:3328} INFO - Setting next_dagrun for example_external_task_marker_child to None, run_after=None
[2023-06-04T01:02:22.908+0000] {logging_mixin.py:117} INFO - [2023-06-04T01:02:22.908+0000] {dag.py:3328} INFO - Setting next_dagrun for example_external_task_marker_parent to None, run_after=None
[2023-06-04T01:02:22.929+0000] {processor.py:178} INFO - Processing /home/airflow/.local/lib/python3.7/site-packages/airflow/example_dags/example_external_task_marker_dag.py took 0.368 seconds
[2023-06-04T01:02:53.103+0000] {processor.py:156} INFO - Started process (PID=434) to work on /home/airflow/.local/lib/python3.7/site-packages/airflow/example_dags/example_external_task_marker_dag.py
[2023-06-04T01:02:53.105+0000] {processor.py:758} INFO - Processing file /home/airflow/.local/lib/python3.7/site-packages/airflow/example_dags/example_external_task_marker_dag.py for tasks to queue
[2023-06-04T01:02:53.107+0000] {logging_mixin.py:117} INFO - [2023-06-04T01:02:53.107+0000] {dagbag.py:525} INFO - Filling up the DagBag from /home/airflow/.local/lib/python3.7/site-packages/airflow/example_dags/example_external_task_marker_dag.py
[2023-06-04T01:02:53.134+0000] {processor.py:768} INFO - DAG(s) dict_keys(['example_external_task_marker_parent', 'example_external_task_marker_child']) retrieved from /home/airflow/.local/lib/python3.7/site-packages/airflow/example_dags/example_external_task_marker_dag.py
[2023-06-04T01:02:53.378+0000] {logging_mixin.py:117} INFO - [2023-06-04T01:02:53.378+0000] {dag.py:2573} INFO - Sync 2 DAGs
[2023-06-04T01:02:53.406+0000] {logging_mixin.py:117} INFO - [2023-06-04T01:02:53.406+0000] {dag.py:3328} INFO - Setting next_dagrun for example_external_task_marker_child to None, run_after=None
[2023-06-04T01:02:53.411+0000] {logging_mixin.py:117} INFO - [2023-06-04T01:02:53.410+0000] {dag.py:3328} INFO - Setting next_dagrun for example_external_task_marker_parent to None, run_after=None
[2023-06-04T01:02:53.429+0000] {processor.py:178} INFO - Processing /home/airflow/.local/lib/python3.7/site-packages/airflow/example_dags/example_external_task_marker_dag.py took 0.332 seconds
[2023-06-04T01:03:23.604+0000] {processor.py:156} INFO - Started process (PID=487) to work on /home/airflow/.local/lib/python3.7/site-packages/airflow/example_dags/example_external_task_marker_dag.py
[2023-06-04T01:03:23.607+0000] {processor.py:758} INFO - Processing file /home/airflow/.local/lib/python3.7/site-packages/airflow/example_dags/example_external_task_marker_dag.py for tasks to queue
[2023-06-04T01:03:23.609+0000] {logging_mixin.py:117} INFO - [2023-06-04T01:03:23.609+0000] {dagbag.py:525} INFO - Filling up the DagBag from /home/airflow/.local/lib/python3.7/site-packages/airflow/example_dags/example_external_task_marker_dag.py
[2023-06-04T01:03:23.636+0000] {processor.py:768} INFO - DAG(s) dict_keys(['example_external_task_marker_child', 'example_external_task_marker_parent']) retrieved from /home/airflow/.local/lib/python3.7/site-packages/airflow/example_dags/example_external_task_marker_dag.py
[2023-06-04T01:03:24.175+0000] {logging_mixin.py:117} INFO - [2023-06-04T01:03:24.175+0000] {dag.py:2573} INFO - Sync 2 DAGs
[2023-06-04T01:03:24.280+0000] {logging_mixin.py:117} INFO - [2023-06-04T01:03:24.279+0000] {dag.py:3328} INFO - Setting next_dagrun for example_external_task_marker_child to None, run_after=None
[2023-06-04T01:03:24.288+0000] {logging_mixin.py:117} INFO - [2023-06-04T01:03:24.288+0000] {dag.py:3328} INFO - Setting next_dagrun for example_external_task_marker_parent to None, run_after=None
[2023-06-04T01:03:24.314+0000] {processor.py:178} INFO - Processing /home/airflow/.local/lib/python3.7/site-packages/airflow/example_dags/example_external_task_marker_dag.py took 0.715 seconds
[2023-06-04T01:03:54.554+0000] {processor.py:156} INFO - Started process (PID=550) to work on /home/airflow/.local/lib/python3.7/site-packages/airflow/example_dags/example_external_task_marker_dag.py
[2023-06-04T01:03:54.556+0000] {processor.py:758} INFO - Processing file /home/airflow/.local/lib/python3.7/site-packages/airflow/example_dags/example_external_task_marker_dag.py for tasks to queue
[2023-06-04T01:03:54.558+0000] {logging_mixin.py:117} INFO - [2023-06-04T01:03:54.558+0000] {dagbag.py:525} INFO - Filling up the DagBag from /home/airflow/.local/lib/python3.7/site-packages/airflow/example_dags/example_external_task_marker_dag.py
[2023-06-04T01:03:54.581+0000] {processor.py:768} INFO - DAG(s) dict_keys(['example_external_task_marker_child', 'example_external_task_marker_parent']) retrieved from /home/airflow/.local/lib/python3.7/site-packages/airflow/example_dags/example_external_task_marker_dag.py
[2023-06-04T01:03:54.856+0000] {logging_mixin.py:117} INFO - [2023-06-04T01:03:54.856+0000] {dag.py:2573} INFO - Sync 2 DAGs
[2023-06-04T01:03:54.884+0000] {logging_mixin.py:117} INFO - [2023-06-04T01:03:54.884+0000] {dag.py:3328} INFO - Setting next_dagrun for example_external_task_marker_child to None, run_after=None
[2023-06-04T01:03:54.888+0000] {logging_mixin.py:117} INFO - [2023-06-04T01:03:54.888+0000] {dag.py:3328} INFO - Setting next_dagrun for example_external_task_marker_parent to None, run_after=None
[2023-06-04T01:03:54.906+0000] {processor.py:178} INFO - Processing /home/airflow/.local/lib/python3.7/site-packages/airflow/example_dags/example_external_task_marker_dag.py took 0.356 seconds
[2023-06-04T01:04:25.152+0000] {processor.py:156} INFO - Started process (PID=613) to work on /home/airflow/.local/lib/python3.7/site-packages/airflow/example_dags/example_external_task_marker_dag.py
[2023-06-04T01:04:25.154+0000] {processor.py:758} INFO - Processing file /home/airflow/.local/lib/python3.7/site-packages/airflow/example_dags/example_external_task_marker_dag.py for tasks to queue
[2023-06-04T01:04:25.158+0000] {logging_mixin.py:117} INFO - [2023-06-04T01:04:25.157+0000] {dagbag.py:525} INFO - Filling up the DagBag from /home/airflow/.local/lib/python3.7/site-packages/airflow/example_dags/example_external_task_marker_dag.py
[2023-06-04T01:04:25.180+0000] {processor.py:768} INFO - DAG(s) dict_keys(['example_external_task_marker_parent', 'example_external_task_marker_child']) retrieved from /home/airflow/.local/lib/python3.7/site-packages/airflow/example_dags/example_external_task_marker_dag.py
[2023-06-04T01:04:25.409+0000] {logging_mixin.py:117} INFO - [2023-06-04T01:04:25.409+0000] {dag.py:2573} INFO - Sync 2 DAGs
[2023-06-04T01:04:25.435+0000] {logging_mixin.py:117} INFO - [2023-06-04T01:04:25.435+0000] {dag.py:3328} INFO - Setting next_dagrun for example_external_task_marker_child to None, run_after=None
[2023-06-04T01:04:25.441+0000] {logging_mixin.py:117} INFO - [2023-06-04T01:04:25.441+0000] {dag.py:3328} INFO - Setting next_dagrun for example_external_task_marker_parent to None, run_after=None
[2023-06-04T01:04:25.458+0000] {processor.py:178} INFO - Processing /home/airflow/.local/lib/python3.7/site-packages/airflow/example_dags/example_external_task_marker_dag.py took 0.311 seconds
[2023-06-04T01:04:55.997+0000] {processor.py:156} INFO - Started process (PID=677) to work on /home/airflow/.local/lib/python3.7/site-packages/airflow/example_dags/example_external_task_marker_dag.py
[2023-06-04T01:04:56.000+0000] {processor.py:758} INFO - Processing file /home/airflow/.local/lib/python3.7/site-packages/airflow/example_dags/example_external_task_marker_dag.py for tasks to queue
[2023-06-04T01:04:56.002+0000] {logging_mixin.py:117} INFO - [2023-06-04T01:04:56.002+0000] {dagbag.py:525} INFO - Filling up the DagBag from /home/airflow/.local/lib/python3.7/site-packages/airflow/example_dags/example_external_task_marker_dag.py
[2023-06-04T01:04:56.027+0000] {processor.py:768} INFO - DAG(s) dict_keys(['example_external_task_marker_child', 'example_external_task_marker_parent']) retrieved from /home/airflow/.local/lib/python3.7/site-packages/airflow/example_dags/example_external_task_marker_dag.py
[2023-06-04T01:04:56.341+0000] {logging_mixin.py:117} INFO - [2023-06-04T01:04:56.341+0000] {dag.py:2573} INFO - Sync 2 DAGs
[2023-06-04T01:04:56.384+0000] {logging_mixin.py:117} INFO - [2023-06-04T01:04:56.383+0000] {dag.py:3328} INFO - Setting next_dagrun for example_external_task_marker_child to None, run_after=None
[2023-06-04T01:04:56.406+0000] {logging_mixin.py:117} INFO - [2023-06-04T01:04:56.406+0000] {dag.py:3328} INFO - Setting next_dagrun for example_external_task_marker_parent to None, run_after=None
[2023-06-04T01:04:56.467+0000] {processor.py:178} INFO - Processing /home/airflow/.local/lib/python3.7/site-packages/airflow/example_dags/example_external_task_marker_dag.py took 0.474 seconds
[2023-06-04T01:05:59.441+0000] {processor.py:156} INFO - Started process (PID=73) to work on /home/airflow/.local/lib/python3.7/site-packages/airflow/example_dags/example_external_task_marker_dag.py
[2023-06-04T01:05:59.445+0000] {processor.py:758} INFO - Processing file /home/airflow/.local/lib/python3.7/site-packages/airflow/example_dags/example_external_task_marker_dag.py for tasks to queue
[2023-06-04T01:05:59.447+0000] {logging_mixin.py:117} INFO - [2023-06-04T01:05:59.447+0000] {dagbag.py:525} INFO - Filling up the DagBag from /home/airflow/.local/lib/python3.7/site-packages/airflow/example_dags/example_external_task_marker_dag.py
[2023-06-04T01:05:59.479+0000] {processor.py:768} INFO - DAG(s) dict_keys(['example_external_task_marker_parent', 'example_external_task_marker_child']) retrieved from /home/airflow/.local/lib/python3.7/site-packages/airflow/example_dags/example_external_task_marker_dag.py
[2023-06-04T01:05:59.525+0000] {logging_mixin.py:117} INFO - [2023-06-04T01:05:59.525+0000] {dag.py:2573} INFO - Sync 2 DAGs
[2023-06-04T01:05:59.566+0000] {logging_mixin.py:117} INFO - [2023-06-04T01:05:59.566+0000] {dag.py:3328} INFO - Setting next_dagrun for example_external_task_marker_child to None, run_after=None
[2023-06-04T01:05:59.574+0000] {logging_mixin.py:117} INFO - [2023-06-04T01:05:59.573+0000] {dag.py:3328} INFO - Setting next_dagrun for example_external_task_marker_parent to None, run_after=None
[2023-06-04T01:05:59.600+0000] {processor.py:178} INFO - Processing /home/airflow/.local/lib/python3.7/site-packages/airflow/example_dags/example_external_task_marker_dag.py took 0.164 seconds
[2023-06-04T01:06:30.202+0000] {processor.py:156} INFO - Started process (PID=128) to work on /home/airflow/.local/lib/python3.7/site-packages/airflow/example_dags/example_external_task_marker_dag.py
[2023-06-04T01:06:30.204+0000] {processor.py:758} INFO - Processing file /home/airflow/.local/lib/python3.7/site-packages/airflow/example_dags/example_external_task_marker_dag.py for tasks to queue
[2023-06-04T01:06:30.206+0000] {logging_mixin.py:117} INFO - [2023-06-04T01:06:30.206+0000] {dagbag.py:525} INFO - Filling up the DagBag from /home/airflow/.local/lib/python3.7/site-packages/airflow/example_dags/example_external_task_marker_dag.py
[2023-06-04T01:06:30.227+0000] {processor.py:768} INFO - DAG(s) dict_keys(['example_external_task_marker_child', 'example_external_task_marker_parent']) retrieved from /home/airflow/.local/lib/python3.7/site-packages/airflow/example_dags/example_external_task_marker_dag.py
[2023-06-04T01:06:30.454+0000] {logging_mixin.py:117} INFO - [2023-06-04T01:06:30.454+0000] {dag.py:2573} INFO - Sync 2 DAGs
[2023-06-04T01:06:30.481+0000] {logging_mixin.py:117} INFO - [2023-06-04T01:06:30.481+0000] {dag.py:3328} INFO - Setting next_dagrun for example_external_task_marker_child to None, run_after=None
[2023-06-04T01:06:30.486+0000] {logging_mixin.py:117} INFO - [2023-06-04T01:06:30.486+0000] {dag.py:3328} INFO - Setting next_dagrun for example_external_task_marker_parent to None, run_after=None
[2023-06-04T01:06:30.512+0000] {processor.py:178} INFO - Processing /home/airflow/.local/lib/python3.7/site-packages/airflow/example_dags/example_external_task_marker_dag.py took 0.314 seconds
[2023-06-04T01:07:01.061+0000] {processor.py:156} INFO - Started process (PID=194) to work on /home/airflow/.local/lib/python3.7/site-packages/airflow/example_dags/example_external_task_marker_dag.py
[2023-06-04T01:07:01.063+0000] {processor.py:758} INFO - Processing file /home/airflow/.local/lib/python3.7/site-packages/airflow/example_dags/example_external_task_marker_dag.py for tasks to queue
[2023-06-04T01:07:01.064+0000] {logging_mixin.py:117} INFO - [2023-06-04T01:07:01.064+0000] {dagbag.py:525} INFO - Filling up the DagBag from /home/airflow/.local/lib/python3.7/site-packages/airflow/example_dags/example_external_task_marker_dag.py
[2023-06-04T01:07:01.086+0000] {processor.py:768} INFO - DAG(s) dict_keys(['example_external_task_marker_parent', 'example_external_task_marker_child']) retrieved from /home/airflow/.local/lib/python3.7/site-packages/airflow/example_dags/example_external_task_marker_dag.py
[2023-06-04T01:07:01.313+0000] {logging_mixin.py:117} INFO - [2023-06-04T01:07:01.313+0000] {dag.py:2573} INFO - Sync 2 DAGs
[2023-06-04T01:07:01.341+0000] {logging_mixin.py:117} INFO - [2023-06-04T01:07:01.340+0000] {dag.py:3328} INFO - Setting next_dagrun for example_external_task_marker_child to None, run_after=None
[2023-06-04T01:07:01.347+0000] {logging_mixin.py:117} INFO - [2023-06-04T01:07:01.347+0000] {dag.py:3328} INFO - Setting next_dagrun for example_external_task_marker_parent to None, run_after=None
[2023-06-04T01:07:01.371+0000] {processor.py:178} INFO - Processing /home/airflow/.local/lib/python3.7/site-packages/airflow/example_dags/example_external_task_marker_dag.py took 0.315 seconds
[2023-06-04T01:07:31.877+0000] {processor.py:156} INFO - Started process (PID=258) to work on /home/airflow/.local/lib/python3.7/site-packages/airflow/example_dags/example_external_task_marker_dag.py
[2023-06-04T01:07:31.879+0000] {processor.py:758} INFO - Processing file /home/airflow/.local/lib/python3.7/site-packages/airflow/example_dags/example_external_task_marker_dag.py for tasks to queue
[2023-06-04T01:07:31.881+0000] {logging_mixin.py:117} INFO - [2023-06-04T01:07:31.881+0000] {dagbag.py:525} INFO - Filling up the DagBag from /home/airflow/.local/lib/python3.7/site-packages/airflow/example_dags/example_external_task_marker_dag.py
[2023-06-04T01:07:31.902+0000] {processor.py:768} INFO - DAG(s) dict_keys(['example_external_task_marker_child', 'example_external_task_marker_parent']) retrieved from /home/airflow/.local/lib/python3.7/site-packages/airflow/example_dags/example_external_task_marker_dag.py
[2023-06-04T01:07:32.132+0000] {logging_mixin.py:117} INFO - [2023-06-04T01:07:32.132+0000] {dag.py:2573} INFO - Sync 2 DAGs
[2023-06-04T01:07:32.164+0000] {logging_mixin.py:117} INFO - [2023-06-04T01:07:32.164+0000] {dag.py:3328} INFO - Setting next_dagrun for example_external_task_marker_child to None, run_after=None
[2023-06-04T01:07:32.169+0000] {logging_mixin.py:117} INFO - [2023-06-04T01:07:32.169+0000] {dag.py:3328} INFO - Setting next_dagrun for example_external_task_marker_parent to None, run_after=None
[2023-06-04T01:07:32.190+0000] {processor.py:178} INFO - Processing /home/airflow/.local/lib/python3.7/site-packages/airflow/example_dags/example_external_task_marker_dag.py took 0.318 seconds
[2023-06-04T01:08:02.722+0000] {processor.py:156} INFO - Started process (PID=323) to work on /home/airflow/.local/lib/python3.7/site-packages/airflow/example_dags/example_external_task_marker_dag.py
[2023-06-04T01:08:02.724+0000] {processor.py:758} INFO - Processing file /home/airflow/.local/lib/python3.7/site-packages/airflow/example_dags/example_external_task_marker_dag.py for tasks to queue
[2023-06-04T01:08:02.726+0000] {logging_mixin.py:117} INFO - [2023-06-04T01:08:02.725+0000] {dagbag.py:525} INFO - Filling up the DagBag from /home/airflow/.local/lib/python3.7/site-packages/airflow/example_dags/example_external_task_marker_dag.py
[2023-06-04T01:08:02.747+0000] {processor.py:768} INFO - DAG(s) dict_keys(['example_external_task_marker_parent', 'example_external_task_marker_child']) retrieved from /home/airflow/.local/lib/python3.7/site-packages/airflow/example_dags/example_external_task_marker_dag.py
[2023-06-04T01:08:02.970+0000] {logging_mixin.py:117} INFO - [2023-06-04T01:08:02.970+0000] {dag.py:2573} INFO - Sync 2 DAGs
[2023-06-04T01:08:02.996+0000] {logging_mixin.py:117} INFO - [2023-06-04T01:08:02.996+0000] {dag.py:3328} INFO - Setting next_dagrun for example_external_task_marker_child to None, run_after=None
[2023-06-04T01:08:03.001+0000] {logging_mixin.py:117} INFO - [2023-06-04T01:08:03.001+0000] {dag.py:3328} INFO - Setting next_dagrun for example_external_task_marker_parent to None, run_after=None
[2023-06-04T01:08:03.018+0000] {processor.py:178} INFO - Processing /home/airflow/.local/lib/python3.7/site-packages/airflow/example_dags/example_external_task_marker_dag.py took 0.301 seconds
[2023-06-04T01:08:33.413+0000] {processor.py:156} INFO - Started process (PID=378) to work on /home/airflow/.local/lib/python3.7/site-packages/airflow/example_dags/example_external_task_marker_dag.py
[2023-06-04T01:08:33.415+0000] {processor.py:758} INFO - Processing file /home/airflow/.local/lib/python3.7/site-packages/airflow/example_dags/example_external_task_marker_dag.py for tasks to queue
[2023-06-04T01:08:33.417+0000] {logging_mixin.py:117} INFO - [2023-06-04T01:08:33.416+0000] {dagbag.py:525} INFO - Filling up the DagBag from /home/airflow/.local/lib/python3.7/site-packages/airflow/example_dags/example_external_task_marker_dag.py
[2023-06-04T01:08:33.437+0000] {processor.py:768} INFO - DAG(s) dict_keys(['example_external_task_marker_parent', 'example_external_task_marker_child']) retrieved from /home/airflow/.local/lib/python3.7/site-packages/airflow/example_dags/example_external_task_marker_dag.py
[2023-06-04T01:08:33.662+0000] {logging_mixin.py:117} INFO - [2023-06-04T01:08:33.662+0000] {dag.py:2573} INFO - Sync 2 DAGs
[2023-06-04T01:08:33.688+0000] {logging_mixin.py:117} INFO - [2023-06-04T01:08:33.688+0000] {dag.py:3328} INFO - Setting next_dagrun for example_external_task_marker_child to None, run_after=None
[2023-06-04T01:08:33.694+0000] {logging_mixin.py:117} INFO - [2023-06-04T01:08:33.694+0000] {dag.py:3328} INFO - Setting next_dagrun for example_external_task_marker_parent to None, run_after=None
[2023-06-04T01:08:33.711+0000] {processor.py:178} INFO - Processing /home/airflow/.local/lib/python3.7/site-packages/airflow/example_dags/example_external_task_marker_dag.py took 0.302 seconds
[2023-06-04T01:09:04.372+0000] {processor.py:156} INFO - Started process (PID=442) to work on /home/airflow/.local/lib/python3.7/site-packages/airflow/example_dags/example_external_task_marker_dag.py
[2023-06-04T01:09:04.374+0000] {processor.py:758} INFO - Processing file /home/airflow/.local/lib/python3.7/site-packages/airflow/example_dags/example_external_task_marker_dag.py for tasks to queue
[2023-06-04T01:09:04.376+0000] {logging_mixin.py:117} INFO - [2023-06-04T01:09:04.375+0000] {dagbag.py:525} INFO - Filling up the DagBag from /home/airflow/.local/lib/python3.7/site-packages/airflow/example_dags/example_external_task_marker_dag.py
[2023-06-04T01:09:04.399+0000] {processor.py:768} INFO - DAG(s) dict_keys(['example_external_task_marker_child', 'example_external_task_marker_parent']) retrieved from /home/airflow/.local/lib/python3.7/site-packages/airflow/example_dags/example_external_task_marker_dag.py
[2023-06-04T01:09:04.649+0000] {logging_mixin.py:117} INFO - [2023-06-04T01:09:04.649+0000] {dag.py:2573} INFO - Sync 2 DAGs
[2023-06-04T01:09:04.678+0000] {logging_mixin.py:117} INFO - [2023-06-04T01:09:04.678+0000] {dag.py:3328} INFO - Setting next_dagrun for example_external_task_marker_child to None, run_after=None
[2023-06-04T01:09:04.682+0000] {logging_mixin.py:117} INFO - [2023-06-04T01:09:04.682+0000] {dag.py:3328} INFO - Setting next_dagrun for example_external_task_marker_parent to None, run_after=None
[2023-06-04T01:09:04.701+0000] {processor.py:178} INFO - Processing /home/airflow/.local/lib/python3.7/site-packages/airflow/example_dags/example_external_task_marker_dag.py took 0.334 seconds
[2023-06-04T01:09:35.423+0000] {processor.py:156} INFO - Started process (PID=506) to work on /home/airflow/.local/lib/python3.7/site-packages/airflow/example_dags/example_external_task_marker_dag.py
[2023-06-04T01:09:35.425+0000] {processor.py:758} INFO - Processing file /home/airflow/.local/lib/python3.7/site-packages/airflow/example_dags/example_external_task_marker_dag.py for tasks to queue
[2023-06-04T01:09:35.427+0000] {logging_mixin.py:117} INFO - [2023-06-04T01:09:35.427+0000] {dagbag.py:525} INFO - Filling up the DagBag from /home/airflow/.local/lib/python3.7/site-packages/airflow/example_dags/example_external_task_marker_dag.py
[2023-06-04T01:09:35.448+0000] {processor.py:768} INFO - DAG(s) dict_keys(['example_external_task_marker_parent', 'example_external_task_marker_child']) retrieved from /home/airflow/.local/lib/python3.7/site-packages/airflow/example_dags/example_external_task_marker_dag.py
[2023-06-04T01:09:35.699+0000] {logging_mixin.py:117} INFO - [2023-06-04T01:09:35.699+0000] {dag.py:2573} INFO - Sync 2 DAGs
[2023-06-04T01:09:35.726+0000] {logging_mixin.py:117} INFO - [2023-06-04T01:09:35.726+0000] {dag.py:3328} INFO - Setting next_dagrun for example_external_task_marker_child to None, run_after=None
[2023-06-04T01:09:35.730+0000] {logging_mixin.py:117} INFO - [2023-06-04T01:09:35.730+0000] {dag.py:3328} INFO - Setting next_dagrun for example_external_task_marker_parent to None, run_after=None
[2023-06-04T01:09:35.748+0000] {processor.py:178} INFO - Processing /home/airflow/.local/lib/python3.7/site-packages/airflow/example_dags/example_external_task_marker_dag.py took 0.330 seconds
[2023-06-04T01:10:06.178+0000] {processor.py:156} INFO - Started process (PID=567) to work on /home/airflow/.local/lib/python3.7/site-packages/airflow/example_dags/example_external_task_marker_dag.py
[2023-06-04T01:10:06.180+0000] {processor.py:758} INFO - Processing file /home/airflow/.local/lib/python3.7/site-packages/airflow/example_dags/example_external_task_marker_dag.py for tasks to queue
[2023-06-04T01:10:06.183+0000] {logging_mixin.py:117} INFO - [2023-06-04T01:10:06.183+0000] {dagbag.py:525} INFO - Filling up the DagBag from /home/airflow/.local/lib/python3.7/site-packages/airflow/example_dags/example_external_task_marker_dag.py
[2023-06-04T01:10:06.208+0000] {processor.py:768} INFO - DAG(s) dict_keys(['example_external_task_marker_child', 'example_external_task_marker_parent']) retrieved from /home/airflow/.local/lib/python3.7/site-packages/airflow/example_dags/example_external_task_marker_dag.py
[2023-06-04T01:10:06.479+0000] {logging_mixin.py:117} INFO - [2023-06-04T01:10:06.479+0000] {dag.py:2573} INFO - Sync 2 DAGs
[2023-06-04T01:10:06.511+0000] {logging_mixin.py:117} INFO - [2023-06-04T01:10:06.511+0000] {dag.py:3328} INFO - Setting next_dagrun for example_external_task_marker_child to None, run_after=None
[2023-06-04T01:10:06.517+0000] {logging_mixin.py:117} INFO - [2023-06-04T01:10:06.517+0000] {dag.py:3328} INFO - Setting next_dagrun for example_external_task_marker_parent to None, run_after=None
[2023-06-04T01:10:06.539+0000] {processor.py:178} INFO - Processing /home/airflow/.local/lib/python3.7/site-packages/airflow/example_dags/example_external_task_marker_dag.py took 0.367 seconds
[2023-06-04T01:10:36.647+0000] {processor.py:156} INFO - Started process (PID=624) to work on /home/airflow/.local/lib/python3.7/site-packages/airflow/example_dags/example_external_task_marker_dag.py
[2023-06-04T01:10:36.650+0000] {processor.py:758} INFO - Processing file /home/airflow/.local/lib/python3.7/site-packages/airflow/example_dags/example_external_task_marker_dag.py for tasks to queue
[2023-06-04T01:10:36.651+0000] {logging_mixin.py:117} INFO - [2023-06-04T01:10:36.651+0000] {dagbag.py:525} INFO - Filling up the DagBag from /home/airflow/.local/lib/python3.7/site-packages/airflow/example_dags/example_external_task_marker_dag.py
[2023-06-04T01:10:36.672+0000] {processor.py:768} INFO - DAG(s) dict_keys(['example_external_task_marker_child', 'example_external_task_marker_parent']) retrieved from /home/airflow/.local/lib/python3.7/site-packages/airflow/example_dags/example_external_task_marker_dag.py
[2023-06-04T01:10:36.902+0000] {logging_mixin.py:117} INFO - [2023-06-04T01:10:36.902+0000] {dag.py:2573} INFO - Sync 2 DAGs
[2023-06-04T01:10:36.932+0000] {logging_mixin.py:117} INFO - [2023-06-04T01:10:36.932+0000] {dag.py:3328} INFO - Setting next_dagrun for example_external_task_marker_child to None, run_after=None
[2023-06-04T01:10:36.939+0000] {logging_mixin.py:117} INFO - [2023-06-04T01:10:36.939+0000] {dag.py:3328} INFO - Setting next_dagrun for example_external_task_marker_parent to None, run_after=None
[2023-06-04T01:10:36.962+0000] {processor.py:178} INFO - Processing /home/airflow/.local/lib/python3.7/site-packages/airflow/example_dags/example_external_task_marker_dag.py took 0.321 seconds
[2023-06-04T01:11:07.140+0000] {processor.py:156} INFO - Started process (PID=688) to work on /home/airflow/.local/lib/python3.7/site-packages/airflow/example_dags/example_external_task_marker_dag.py
[2023-06-04T01:11:07.142+0000] {processor.py:758} INFO - Processing file /home/airflow/.local/lib/python3.7/site-packages/airflow/example_dags/example_external_task_marker_dag.py for tasks to queue
[2023-06-04T01:11:07.144+0000] {logging_mixin.py:117} INFO - [2023-06-04T01:11:07.143+0000] {dagbag.py:525} INFO - Filling up the DagBag from /home/airflow/.local/lib/python3.7/site-packages/airflow/example_dags/example_external_task_marker_dag.py
[2023-06-04T01:11:07.162+0000] {processor.py:768} INFO - DAG(s) dict_keys(['example_external_task_marker_child', 'example_external_task_marker_parent']) retrieved from /home/airflow/.local/lib/python3.7/site-packages/airflow/example_dags/example_external_task_marker_dag.py
[2023-06-04T01:11:07.380+0000] {logging_mixin.py:117} INFO - [2023-06-04T01:11:07.380+0000] {dag.py:2573} INFO - Sync 2 DAGs
[2023-06-04T01:11:07.410+0000] {logging_mixin.py:117} INFO - [2023-06-04T01:11:07.410+0000] {dag.py:3328} INFO - Setting next_dagrun for example_external_task_marker_child to None, run_after=None
[2023-06-04T01:11:07.418+0000] {logging_mixin.py:117} INFO - [2023-06-04T01:11:07.418+0000] {dag.py:3328} INFO - Setting next_dagrun for example_external_task_marker_parent to None, run_after=None
[2023-06-04T01:11:07.439+0000] {processor.py:178} INFO - Processing /home/airflow/.local/lib/python3.7/site-packages/airflow/example_dags/example_external_task_marker_dag.py took 0.302 seconds
[2023-06-04T01:11:38.469+0000] {processor.py:156} INFO - Started process (PID=752) to work on /home/airflow/.local/lib/python3.7/site-packages/airflow/example_dags/example_external_task_marker_dag.py
[2023-06-04T01:11:38.472+0000] {processor.py:758} INFO - Processing file /home/airflow/.local/lib/python3.7/site-packages/airflow/example_dags/example_external_task_marker_dag.py for tasks to queue
[2023-06-04T01:11:38.474+0000] {logging_mixin.py:117} INFO - [2023-06-04T01:11:38.474+0000] {dagbag.py:525} INFO - Filling up the DagBag from /home/airflow/.local/lib/python3.7/site-packages/airflow/example_dags/example_external_task_marker_dag.py
[2023-06-04T01:11:38.499+0000] {processor.py:768} INFO - DAG(s) dict_keys(['example_external_task_marker_child', 'example_external_task_marker_parent']) retrieved from /home/airflow/.local/lib/python3.7/site-packages/airflow/example_dags/example_external_task_marker_dag.py
[2023-06-04T01:11:38.751+0000] {logging_mixin.py:117} INFO - [2023-06-04T01:11:38.751+0000] {dag.py:2573} INFO - Sync 2 DAGs
[2023-06-04T01:11:38.785+0000] {logging_mixin.py:117} INFO - [2023-06-04T01:11:38.785+0000] {dag.py:3328} INFO - Setting next_dagrun for example_external_task_marker_child to None, run_after=None
[2023-06-04T01:11:38.790+0000] {logging_mixin.py:117} INFO - [2023-06-04T01:11:38.790+0000] {dag.py:3328} INFO - Setting next_dagrun for example_external_task_marker_parent to None, run_after=None
[2023-06-04T01:11:38.812+0000] {processor.py:178} INFO - Processing /home/airflow/.local/lib/python3.7/site-packages/airflow/example_dags/example_external_task_marker_dag.py took 0.348 seconds
[2023-06-04T01:12:08.999+0000] {processor.py:156} INFO - Started process (PID=808) to work on /home/airflow/.local/lib/python3.7/site-packages/airflow/example_dags/example_external_task_marker_dag.py
[2023-06-04T01:12:09.001+0000] {processor.py:758} INFO - Processing file /home/airflow/.local/lib/python3.7/site-packages/airflow/example_dags/example_external_task_marker_dag.py for tasks to queue
[2023-06-04T01:12:09.003+0000] {logging_mixin.py:117} INFO - [2023-06-04T01:12:09.003+0000] {dagbag.py:525} INFO - Filling up the DagBag from /home/airflow/.local/lib/python3.7/site-packages/airflow/example_dags/example_external_task_marker_dag.py
[2023-06-04T01:12:09.025+0000] {processor.py:768} INFO - DAG(s) dict_keys(['example_external_task_marker_child', 'example_external_task_marker_parent']) retrieved from /home/airflow/.local/lib/python3.7/site-packages/airflow/example_dags/example_external_task_marker_dag.py
[2023-06-04T01:12:09.303+0000] {logging_mixin.py:117} INFO - [2023-06-04T01:12:09.303+0000] {dag.py:2573} INFO - Sync 2 DAGs
[2023-06-04T01:12:09.337+0000] {logging_mixin.py:117} INFO - [2023-06-04T01:12:09.336+0000] {dag.py:3328} INFO - Setting next_dagrun for example_external_task_marker_child to None, run_after=None
[2023-06-04T01:12:09.342+0000] {logging_mixin.py:117} INFO - [2023-06-04T01:12:09.342+0000] {dag.py:3328} INFO - Setting next_dagrun for example_external_task_marker_parent to None, run_after=None
[2023-06-04T01:12:09.375+0000] {processor.py:178} INFO - Processing /home/airflow/.local/lib/python3.7/site-packages/airflow/example_dags/example_external_task_marker_dag.py took 0.382 seconds
[2023-06-04T01:12:39.457+0000] {processor.py:156} INFO - Started process (PID=873) to work on /home/airflow/.local/lib/python3.7/site-packages/airflow/example_dags/example_external_task_marker_dag.py
[2023-06-04T01:12:39.459+0000] {processor.py:758} INFO - Processing file /home/airflow/.local/lib/python3.7/site-packages/airflow/example_dags/example_external_task_marker_dag.py for tasks to queue
[2023-06-04T01:12:39.461+0000] {logging_mixin.py:117} INFO - [2023-06-04T01:12:39.461+0000] {dagbag.py:525} INFO - Filling up the DagBag from /home/airflow/.local/lib/python3.7/site-packages/airflow/example_dags/example_external_task_marker_dag.py
[2023-06-04T01:12:39.482+0000] {processor.py:768} INFO - DAG(s) dict_keys(['example_external_task_marker_parent', 'example_external_task_marker_child']) retrieved from /home/airflow/.local/lib/python3.7/site-packages/airflow/example_dags/example_external_task_marker_dag.py
[2023-06-04T01:12:39.710+0000] {logging_mixin.py:117} INFO - [2023-06-04T01:12:39.710+0000] {dag.py:2573} INFO - Sync 2 DAGs
[2023-06-04T01:12:39.738+0000] {logging_mixin.py:117} INFO - [2023-06-04T01:12:39.738+0000] {dag.py:3328} INFO - Setting next_dagrun for example_external_task_marker_child to None, run_after=None
[2023-06-04T01:12:39.743+0000] {logging_mixin.py:117} INFO - [2023-06-04T01:12:39.743+0000] {dag.py:3328} INFO - Setting next_dagrun for example_external_task_marker_parent to None, run_after=None
[2023-06-04T01:12:39.766+0000] {processor.py:178} INFO - Processing /home/airflow/.local/lib/python3.7/site-packages/airflow/example_dags/example_external_task_marker_dag.py took 0.313 seconds
[2023-06-04T01:13:09.904+0000] {processor.py:156} INFO - Started process (PID=937) to work on /home/airflow/.local/lib/python3.7/site-packages/airflow/example_dags/example_external_task_marker_dag.py
[2023-06-04T01:13:09.907+0000] {processor.py:758} INFO - Processing file /home/airflow/.local/lib/python3.7/site-packages/airflow/example_dags/example_external_task_marker_dag.py for tasks to queue
[2023-06-04T01:13:09.908+0000] {logging_mixin.py:117} INFO - [2023-06-04T01:13:09.908+0000] {dagbag.py:525} INFO - Filling up the DagBag from /home/airflow/.local/lib/python3.7/site-packages/airflow/example_dags/example_external_task_marker_dag.py
[2023-06-04T01:13:09.930+0000] {processor.py:768} INFO - DAG(s) dict_keys(['example_external_task_marker_parent', 'example_external_task_marker_child']) retrieved from /home/airflow/.local/lib/python3.7/site-packages/airflow/example_dags/example_external_task_marker_dag.py
[2023-06-04T01:13:10.149+0000] {logging_mixin.py:117} INFO - [2023-06-04T01:13:10.149+0000] {dag.py:2573} INFO - Sync 2 DAGs
[2023-06-04T01:13:10.177+0000] {logging_mixin.py:117} INFO - [2023-06-04T01:13:10.176+0000] {dag.py:3328} INFO - Setting next_dagrun for example_external_task_marker_child to None, run_after=None
[2023-06-04T01:13:10.181+0000] {logging_mixin.py:117} INFO - [2023-06-04T01:13:10.181+0000] {dag.py:3328} INFO - Setting next_dagrun for example_external_task_marker_parent to None, run_after=None
[2023-06-04T01:13:10.203+0000] {processor.py:178} INFO - Processing /home/airflow/.local/lib/python3.7/site-packages/airflow/example_dags/example_external_task_marker_dag.py took 0.304 seconds
[2023-06-04T01:13:41.025+0000] {processor.py:156} INFO - Started process (PID=992) to work on /home/airflow/.local/lib/python3.7/site-packages/airflow/example_dags/example_external_task_marker_dag.py
[2023-06-04T01:13:41.028+0000] {processor.py:758} INFO - Processing file /home/airflow/.local/lib/python3.7/site-packages/airflow/example_dags/example_external_task_marker_dag.py for tasks to queue
[2023-06-04T01:13:41.029+0000] {logging_mixin.py:117} INFO - [2023-06-04T01:13:41.029+0000] {dagbag.py:525} INFO - Filling up the DagBag from /home/airflow/.local/lib/python3.7/site-packages/airflow/example_dags/example_external_task_marker_dag.py
[2023-06-04T01:13:41.050+0000] {processor.py:768} INFO - DAG(s) dict_keys(['example_external_task_marker_child', 'example_external_task_marker_parent']) retrieved from /home/airflow/.local/lib/python3.7/site-packages/airflow/example_dags/example_external_task_marker_dag.py
[2023-06-04T01:13:41.342+0000] {logging_mixin.py:117} INFO - [2023-06-04T01:13:41.342+0000] {dag.py:2573} INFO - Sync 2 DAGs
[2023-06-04T01:13:41.383+0000] {logging_mixin.py:117} INFO - [2023-06-04T01:13:41.383+0000] {dag.py:3328} INFO - Setting next_dagrun for example_external_task_marker_child to None, run_after=None
[2023-06-04T01:13:41.398+0000] {logging_mixin.py:117} INFO - [2023-06-04T01:13:41.398+0000] {dag.py:3328} INFO - Setting next_dagrun for example_external_task_marker_parent to None, run_after=None
[2023-06-04T01:13:41.426+0000] {processor.py:178} INFO - Processing /home/airflow/.local/lib/python3.7/site-packages/airflow/example_dags/example_external_task_marker_dag.py took 0.405 seconds
[2023-06-04T01:14:11.852+0000] {processor.py:156} INFO - Started process (PID=1055) to work on /home/airflow/.local/lib/python3.7/site-packages/airflow/example_dags/example_external_task_marker_dag.py
[2023-06-04T01:14:11.855+0000] {processor.py:758} INFO - Processing file /home/airflow/.local/lib/python3.7/site-packages/airflow/example_dags/example_external_task_marker_dag.py for tasks to queue
[2023-06-04T01:14:11.859+0000] {logging_mixin.py:117} INFO - [2023-06-04T01:14:11.858+0000] {dagbag.py:525} INFO - Filling up the DagBag from /home/airflow/.local/lib/python3.7/site-packages/airflow/example_dags/example_external_task_marker_dag.py
[2023-06-04T01:14:11.886+0000] {processor.py:768} INFO - DAG(s) dict_keys(['example_external_task_marker_child', 'example_external_task_marker_parent']) retrieved from /home/airflow/.local/lib/python3.7/site-packages/airflow/example_dags/example_external_task_marker_dag.py
[2023-06-04T01:14:12.265+0000] {logging_mixin.py:117} INFO - [2023-06-04T01:14:12.265+0000] {dag.py:2573} INFO - Sync 2 DAGs
[2023-06-04T01:14:12.307+0000] {logging_mixin.py:117} INFO - [2023-06-04T01:14:12.307+0000] {dag.py:3328} INFO - Setting next_dagrun for example_external_task_marker_child to None, run_after=None
[2023-06-04T01:14:12.318+0000] {logging_mixin.py:117} INFO - [2023-06-04T01:14:12.317+0000] {dag.py:3328} INFO - Setting next_dagrun for example_external_task_marker_parent to None, run_after=None
[2023-06-04T01:14:12.369+0000] {processor.py:178} INFO - Processing /home/airflow/.local/lib/python3.7/site-packages/airflow/example_dags/example_external_task_marker_dag.py took 0.521 seconds
[2023-06-04T01:14:42.775+0000] {processor.py:156} INFO - Started process (PID=1118) to work on /home/airflow/.local/lib/python3.7/site-packages/airflow/example_dags/example_external_task_marker_dag.py
[2023-06-04T01:14:42.779+0000] {processor.py:758} INFO - Processing file /home/airflow/.local/lib/python3.7/site-packages/airflow/example_dags/example_external_task_marker_dag.py for tasks to queue
[2023-06-04T01:14:42.783+0000] {logging_mixin.py:117} INFO - [2023-06-04T01:14:42.782+0000] {dagbag.py:525} INFO - Filling up the DagBag from /home/airflow/.local/lib/python3.7/site-packages/airflow/example_dags/example_external_task_marker_dag.py
[2023-06-04T01:14:42.827+0000] {processor.py:768} INFO - DAG(s) dict_keys(['example_external_task_marker_parent', 'example_external_task_marker_child']) retrieved from /home/airflow/.local/lib/python3.7/site-packages/airflow/example_dags/example_external_task_marker_dag.py
[2023-06-04T01:14:43.128+0000] {logging_mixin.py:117} INFO - [2023-06-04T01:14:43.128+0000] {dag.py:2573} INFO - Sync 2 DAGs
[2023-06-04T01:14:43.167+0000] {logging_mixin.py:117} INFO - [2023-06-04T01:14:43.167+0000] {dag.py:3328} INFO - Setting next_dagrun for example_external_task_marker_child to None, run_after=None
[2023-06-04T01:14:43.174+0000] {logging_mixin.py:117} INFO - [2023-06-04T01:14:43.174+0000] {dag.py:3328} INFO - Setting next_dagrun for example_external_task_marker_parent to None, run_after=None
[2023-06-04T01:14:43.201+0000] {processor.py:178} INFO - Processing /home/airflow/.local/lib/python3.7/site-packages/airflow/example_dags/example_external_task_marker_dag.py took 0.433 seconds
[2023-06-04T01:15:13.659+0000] {processor.py:156} INFO - Started process (PID=1173) to work on /home/airflow/.local/lib/python3.7/site-packages/airflow/example_dags/example_external_task_marker_dag.py
[2023-06-04T01:15:13.662+0000] {processor.py:758} INFO - Processing file /home/airflow/.local/lib/python3.7/site-packages/airflow/example_dags/example_external_task_marker_dag.py for tasks to queue
[2023-06-04T01:15:13.667+0000] {logging_mixin.py:117} INFO - [2023-06-04T01:15:13.667+0000] {dagbag.py:525} INFO - Filling up the DagBag from /home/airflow/.local/lib/python3.7/site-packages/airflow/example_dags/example_external_task_marker_dag.py
[2023-06-04T01:15:13.697+0000] {processor.py:768} INFO - DAG(s) dict_keys(['example_external_task_marker_child', 'example_external_task_marker_parent']) retrieved from /home/airflow/.local/lib/python3.7/site-packages/airflow/example_dags/example_external_task_marker_dag.py
[2023-06-04T01:15:13.985+0000] {logging_mixin.py:117} INFO - [2023-06-04T01:15:13.985+0000] {dag.py:2573} INFO - Sync 2 DAGs
[2023-06-04T01:15:14.025+0000] {logging_mixin.py:117} INFO - [2023-06-04T01:15:14.025+0000] {dag.py:3328} INFO - Setting next_dagrun for example_external_task_marker_child to None, run_after=None
[2023-06-04T01:15:14.033+0000] {logging_mixin.py:117} INFO - [2023-06-04T01:15:14.032+0000] {dag.py:3328} INFO - Setting next_dagrun for example_external_task_marker_parent to None, run_after=None
[2023-06-04T01:15:14.068+0000] {processor.py:178} INFO - Processing /home/airflow/.local/lib/python3.7/site-packages/airflow/example_dags/example_external_task_marker_dag.py took 0.415 seconds
[2023-06-04T01:15:45.009+0000] {processor.py:156} INFO - Started process (PID=1237) to work on /home/airflow/.local/lib/python3.7/site-packages/airflow/example_dags/example_external_task_marker_dag.py
[2023-06-04T01:15:45.013+0000] {processor.py:758} INFO - Processing file /home/airflow/.local/lib/python3.7/site-packages/airflow/example_dags/example_external_task_marker_dag.py for tasks to queue
[2023-06-04T01:15:45.019+0000] {logging_mixin.py:117} INFO - [2023-06-04T01:15:45.018+0000] {dagbag.py:525} INFO - Filling up the DagBag from /home/airflow/.local/lib/python3.7/site-packages/airflow/example_dags/example_external_task_marker_dag.py
[2023-06-04T01:15:45.068+0000] {processor.py:768} INFO - DAG(s) dict_keys(['example_external_task_marker_parent', 'example_external_task_marker_child']) retrieved from /home/airflow/.local/lib/python3.7/site-packages/airflow/example_dags/example_external_task_marker_dag.py
[2023-06-04T01:15:45.472+0000] {logging_mixin.py:117} INFO - [2023-06-04T01:15:45.471+0000] {dag.py:2573} INFO - Sync 2 DAGs
[2023-06-04T01:15:45.501+0000] {logging_mixin.py:117} INFO - [2023-06-04T01:15:45.501+0000] {dag.py:3328} INFO - Setting next_dagrun for example_external_task_marker_child to None, run_after=None
[2023-06-04T01:15:45.507+0000] {logging_mixin.py:117} INFO - [2023-06-04T01:15:45.507+0000] {dag.py:3328} INFO - Setting next_dagrun for example_external_task_marker_parent to None, run_after=None
[2023-06-04T01:15:45.530+0000] {processor.py:178} INFO - Processing /home/airflow/.local/lib/python3.7/site-packages/airflow/example_dags/example_external_task_marker_dag.py took 0.535 seconds
[2023-06-04T01:16:15.645+0000] {processor.py:156} INFO - Started process (PID=1301) to work on /home/airflow/.local/lib/python3.7/site-packages/airflow/example_dags/example_external_task_marker_dag.py
[2023-06-04T01:16:15.647+0000] {processor.py:758} INFO - Processing file /home/airflow/.local/lib/python3.7/site-packages/airflow/example_dags/example_external_task_marker_dag.py for tasks to queue
[2023-06-04T01:16:15.649+0000] {logging_mixin.py:117} INFO - [2023-06-04T01:16:15.649+0000] {dagbag.py:525} INFO - Filling up the DagBag from /home/airflow/.local/lib/python3.7/site-packages/airflow/example_dags/example_external_task_marker_dag.py
[2023-06-04T01:16:15.676+0000] {processor.py:768} INFO - DAG(s) dict_keys(['example_external_task_marker_child', 'example_external_task_marker_parent']) retrieved from /home/airflow/.local/lib/python3.7/site-packages/airflow/example_dags/example_external_task_marker_dag.py
[2023-06-04T01:16:16.019+0000] {logging_mixin.py:117} INFO - [2023-06-04T01:16:16.019+0000] {dag.py:2573} INFO - Sync 2 DAGs
[2023-06-04T01:16:16.061+0000] {logging_mixin.py:117} INFO - [2023-06-04T01:16:16.061+0000] {dag.py:3328} INFO - Setting next_dagrun for example_external_task_marker_child to None, run_after=None
[2023-06-04T01:16:16.070+0000] {logging_mixin.py:117} INFO - [2023-06-04T01:16:16.069+0000] {dag.py:3328} INFO - Setting next_dagrun for example_external_task_marker_parent to None, run_after=None
[2023-06-04T01:16:16.104+0000] {processor.py:178} INFO - Processing /home/airflow/.local/lib/python3.7/site-packages/airflow/example_dags/example_external_task_marker_dag.py took 0.464 seconds
[2023-06-04T01:16:46.931+0000] {processor.py:156} INFO - Started process (PID=1356) to work on /home/airflow/.local/lib/python3.7/site-packages/airflow/example_dags/example_external_task_marker_dag.py
[2023-06-04T01:16:46.933+0000] {processor.py:758} INFO - Processing file /home/airflow/.local/lib/python3.7/site-packages/airflow/example_dags/example_external_task_marker_dag.py for tasks to queue
[2023-06-04T01:16:46.936+0000] {logging_mixin.py:117} INFO - [2023-06-04T01:16:46.936+0000] {dagbag.py:525} INFO - Filling up the DagBag from /home/airflow/.local/lib/python3.7/site-packages/airflow/example_dags/example_external_task_marker_dag.py
[2023-06-04T01:16:46.961+0000] {processor.py:768} INFO - DAG(s) dict_keys(['example_external_task_marker_parent', 'example_external_task_marker_child']) retrieved from /home/airflow/.local/lib/python3.7/site-packages/airflow/example_dags/example_external_task_marker_dag.py
[2023-06-04T01:16:47.188+0000] {logging_mixin.py:117} INFO - [2023-06-04T01:16:47.188+0000] {dag.py:2573} INFO - Sync 2 DAGs
[2023-06-04T01:16:47.216+0000] {logging_mixin.py:117} INFO - [2023-06-04T01:16:47.216+0000] {dag.py:3328} INFO - Setting next_dagrun for example_external_task_marker_child to None, run_after=None
[2023-06-04T01:16:47.220+0000] {logging_mixin.py:117} INFO - [2023-06-04T01:16:47.220+0000] {dag.py:3328} INFO - Setting next_dagrun for example_external_task_marker_parent to None, run_after=None
[2023-06-04T01:16:47.240+0000] {processor.py:178} INFO - Processing /home/airflow/.local/lib/python3.7/site-packages/airflow/example_dags/example_external_task_marker_dag.py took 0.316 seconds
[2023-06-04T01:17:17.326+0000] {processor.py:156} INFO - Started process (PID=1420) to work on /home/airflow/.local/lib/python3.7/site-packages/airflow/example_dags/example_external_task_marker_dag.py
[2023-06-04T01:17:17.329+0000] {processor.py:758} INFO - Processing file /home/airflow/.local/lib/python3.7/site-packages/airflow/example_dags/example_external_task_marker_dag.py for tasks to queue
[2023-06-04T01:17:17.330+0000] {logging_mixin.py:117} INFO - [2023-06-04T01:17:17.330+0000] {dagbag.py:525} INFO - Filling up the DagBag from /home/airflow/.local/lib/python3.7/site-packages/airflow/example_dags/example_external_task_marker_dag.py
[2023-06-04T01:17:17.352+0000] {processor.py:768} INFO - DAG(s) dict_keys(['example_external_task_marker_parent', 'example_external_task_marker_child']) retrieved from /home/airflow/.local/lib/python3.7/site-packages/airflow/example_dags/example_external_task_marker_dag.py
[2023-06-04T01:17:17.581+0000] {logging_mixin.py:117} INFO - [2023-06-04T01:17:17.581+0000] {dag.py:2573} INFO - Sync 2 DAGs
[2023-06-04T01:17:17.610+0000] {logging_mixin.py:117} INFO - [2023-06-04T01:17:17.610+0000] {dag.py:3328} INFO - Setting next_dagrun for example_external_task_marker_child to None, run_after=None
[2023-06-04T01:17:17.615+0000] {logging_mixin.py:117} INFO - [2023-06-04T01:17:17.615+0000] {dag.py:3328} INFO - Setting next_dagrun for example_external_task_marker_parent to None, run_after=None
[2023-06-04T01:17:17.637+0000] {processor.py:178} INFO - Processing /home/airflow/.local/lib/python3.7/site-packages/airflow/example_dags/example_external_task_marker_dag.py took 0.317 seconds
[2023-06-04T01:17:48.484+0000] {processor.py:156} INFO - Started process (PID=1484) to work on /home/airflow/.local/lib/python3.7/site-packages/airflow/example_dags/example_external_task_marker_dag.py
[2023-06-04T01:17:48.487+0000] {processor.py:758} INFO - Processing file /home/airflow/.local/lib/python3.7/site-packages/airflow/example_dags/example_external_task_marker_dag.py for tasks to queue
[2023-06-04T01:17:48.489+0000] {logging_mixin.py:117} INFO - [2023-06-04T01:17:48.488+0000] {dagbag.py:525} INFO - Filling up the DagBag from /home/airflow/.local/lib/python3.7/site-packages/airflow/example_dags/example_external_task_marker_dag.py
[2023-06-04T01:17:48.513+0000] {processor.py:768} INFO - DAG(s) dict_keys(['example_external_task_marker_parent', 'example_external_task_marker_child']) retrieved from /home/airflow/.local/lib/python3.7/site-packages/airflow/example_dags/example_external_task_marker_dag.py
[2023-06-04T01:17:48.740+0000] {logging_mixin.py:117} INFO - [2023-06-04T01:17:48.740+0000] {dag.py:2573} INFO - Sync 2 DAGs
[2023-06-04T01:17:48.767+0000] {logging_mixin.py:117} INFO - [2023-06-04T01:17:48.767+0000] {dag.py:3328} INFO - Setting next_dagrun for example_external_task_marker_child to None, run_after=None
[2023-06-04T01:17:48.771+0000] {logging_mixin.py:117} INFO - [2023-06-04T01:17:48.771+0000] {dag.py:3328} INFO - Setting next_dagrun for example_external_task_marker_parent to None, run_after=None
[2023-06-04T01:17:48.791+0000] {processor.py:178} INFO - Processing /home/airflow/.local/lib/python3.7/site-packages/airflow/example_dags/example_external_task_marker_dag.py took 0.313 seconds
[2023-06-04T01:18:18.956+0000] {processor.py:156} INFO - Started process (PID=1539) to work on /home/airflow/.local/lib/python3.7/site-packages/airflow/example_dags/example_external_task_marker_dag.py
[2023-06-04T01:18:18.958+0000] {processor.py:758} INFO - Processing file /home/airflow/.local/lib/python3.7/site-packages/airflow/example_dags/example_external_task_marker_dag.py for tasks to queue
[2023-06-04T01:18:18.960+0000] {logging_mixin.py:117} INFO - [2023-06-04T01:18:18.960+0000] {dagbag.py:525} INFO - Filling up the DagBag from /home/airflow/.local/lib/python3.7/site-packages/airflow/example_dags/example_external_task_marker_dag.py
[2023-06-04T01:18:18.984+0000] {processor.py:768} INFO - DAG(s) dict_keys(['example_external_task_marker_parent', 'example_external_task_marker_child']) retrieved from /home/airflow/.local/lib/python3.7/site-packages/airflow/example_dags/example_external_task_marker_dag.py
[2023-06-04T01:18:19.205+0000] {logging_mixin.py:117} INFO - [2023-06-04T01:18:19.205+0000] {dag.py:2573} INFO - Sync 2 DAGs
[2023-06-04T01:18:19.235+0000] {logging_mixin.py:117} INFO - [2023-06-04T01:18:19.235+0000] {dag.py:3328} INFO - Setting next_dagrun for example_external_task_marker_child to None, run_after=None
[2023-06-04T01:18:19.240+0000] {logging_mixin.py:117} INFO - [2023-06-04T01:18:19.240+0000] {dag.py:3328} INFO - Setting next_dagrun for example_external_task_marker_parent to None, run_after=None
[2023-06-04T01:18:19.262+0000] {processor.py:178} INFO - Processing /home/airflow/.local/lib/python3.7/site-packages/airflow/example_dags/example_external_task_marker_dag.py took 0.312 seconds
[2023-06-04T01:18:50.241+0000] {processor.py:156} INFO - Started process (PID=1602) to work on /home/airflow/.local/lib/python3.7/site-packages/airflow/example_dags/example_external_task_marker_dag.py
[2023-06-04T01:18:50.244+0000] {processor.py:758} INFO - Processing file /home/airflow/.local/lib/python3.7/site-packages/airflow/example_dags/example_external_task_marker_dag.py for tasks to queue
[2023-06-04T01:18:50.245+0000] {logging_mixin.py:117} INFO - [2023-06-04T01:18:50.245+0000] {dagbag.py:525} INFO - Filling up the DagBag from /home/airflow/.local/lib/python3.7/site-packages/airflow/example_dags/example_external_task_marker_dag.py
[2023-06-04T01:18:50.269+0000] {processor.py:768} INFO - DAG(s) dict_keys(['example_external_task_marker_parent', 'example_external_task_marker_child']) retrieved from /home/airflow/.local/lib/python3.7/site-packages/airflow/example_dags/example_external_task_marker_dag.py
[2023-06-04T01:18:50.488+0000] {logging_mixin.py:117} INFO - [2023-06-04T01:18:50.488+0000] {dag.py:2573} INFO - Sync 2 DAGs
[2023-06-04T01:18:50.517+0000] {logging_mixin.py:117} INFO - [2023-06-04T01:18:50.517+0000] {dag.py:3328} INFO - Setting next_dagrun for example_external_task_marker_child to None, run_after=None
[2023-06-04T01:18:50.523+0000] {logging_mixin.py:117} INFO - [2023-06-04T01:18:50.523+0000] {dag.py:3328} INFO - Setting next_dagrun for example_external_task_marker_parent to None, run_after=None
[2023-06-04T01:18:50.547+0000] {processor.py:178} INFO - Processing /home/airflow/.local/lib/python3.7/site-packages/airflow/example_dags/example_external_task_marker_dag.py took 0.311 seconds
[2023-06-04T01:19:21.065+0000] {processor.py:156} INFO - Started process (PID=1666) to work on /home/airflow/.local/lib/python3.7/site-packages/airflow/example_dags/example_external_task_marker_dag.py
[2023-06-04T01:19:21.068+0000] {processor.py:758} INFO - Processing file /home/airflow/.local/lib/python3.7/site-packages/airflow/example_dags/example_external_task_marker_dag.py for tasks to queue
[2023-06-04T01:19:21.070+0000] {logging_mixin.py:117} INFO - [2023-06-04T01:19:21.070+0000] {dagbag.py:525} INFO - Filling up the DagBag from /home/airflow/.local/lib/python3.7/site-packages/airflow/example_dags/example_external_task_marker_dag.py
[2023-06-04T01:19:21.093+0000] {processor.py:768} INFO - DAG(s) dict_keys(['example_external_task_marker_child', 'example_external_task_marker_parent']) retrieved from /home/airflow/.local/lib/python3.7/site-packages/airflow/example_dags/example_external_task_marker_dag.py
[2023-06-04T01:19:21.310+0000] {logging_mixin.py:117} INFO - [2023-06-04T01:19:21.310+0000] {dag.py:2573} INFO - Sync 2 DAGs
[2023-06-04T01:19:21.337+0000] {logging_mixin.py:117} INFO - [2023-06-04T01:19:21.337+0000] {dag.py:3328} INFO - Setting next_dagrun for example_external_task_marker_child to None, run_after=None
[2023-06-04T01:19:21.342+0000] {logging_mixin.py:117} INFO - [2023-06-04T01:19:21.342+0000] {dag.py:3328} INFO - Setting next_dagrun for example_external_task_marker_parent to None, run_after=None
[2023-06-04T01:19:21.363+0000] {processor.py:178} INFO - Processing /home/airflow/.local/lib/python3.7/site-packages/airflow/example_dags/example_external_task_marker_dag.py took 0.304 seconds
[2023-06-04T01:20:41.946+0000] {processor.py:157} INFO - Started process (PID=73) to work on /home/airflow/.local/lib/python3.7/site-packages/airflow/example_dags/example_external_task_marker_dag.py
[2023-06-04T01:20:41.949+0000] {processor.py:826} INFO - Processing file /home/airflow/.local/lib/python3.7/site-packages/airflow/example_dags/example_external_task_marker_dag.py for tasks to queue
[2023-06-04T01:20:41.951+0000] {logging_mixin.py:149} INFO - [2023-06-04T01:20:41.951+0000] {dagbag.py:541} INFO - Filling up the DagBag from /home/airflow/.local/lib/python3.7/site-packages/airflow/example_dags/example_external_task_marker_dag.py
[2023-06-04T01:20:41.967+0000] {processor.py:836} INFO - DAG(s) dict_keys(['example_external_task_marker_child', 'example_external_task_marker_parent']) retrieved from /home/airflow/.local/lib/python3.7/site-packages/airflow/example_dags/example_external_task_marker_dag.py
[2023-06-04T01:20:41.994+0000] {logging_mixin.py:149} INFO - [2023-06-04T01:20:41.994+0000] {dag.py:2726} INFO - Sync 2 DAGs
[2023-06-04T01:20:42.045+0000] {logging_mixin.py:149} INFO - [2023-06-04T01:20:42.045+0000] {dag.py:3490} INFO - Setting next_dagrun for example_external_task_marker_child to None, run_after=None
[2023-06-04T01:20:42.054+0000] {logging_mixin.py:149} INFO - [2023-06-04T01:20:42.054+0000] {dag.py:3490} INFO - Setting next_dagrun for example_external_task_marker_parent to None, run_after=None
[2023-06-04T01:20:42.087+0000] {processor.py:179} INFO - Processing /home/airflow/.local/lib/python3.7/site-packages/airflow/example_dags/example_external_task_marker_dag.py took 0.151 seconds
[2023-06-04T01:21:12.145+0000] {processor.py:157} INFO - Started process (PID=143) to work on /home/airflow/.local/lib/python3.7/site-packages/airflow/example_dags/example_external_task_marker_dag.py
[2023-06-04T01:21:12.147+0000] {processor.py:826} INFO - Processing file /home/airflow/.local/lib/python3.7/site-packages/airflow/example_dags/example_external_task_marker_dag.py for tasks to queue
[2023-06-04T01:21:12.149+0000] {logging_mixin.py:149} INFO - [2023-06-04T01:21:12.149+0000] {dagbag.py:541} INFO - Filling up the DagBag from /home/airflow/.local/lib/python3.7/site-packages/airflow/example_dags/example_external_task_marker_dag.py
[2023-06-04T01:21:12.159+0000] {processor.py:836} INFO - DAG(s) dict_keys(['example_external_task_marker_parent', 'example_external_task_marker_child']) retrieved from /home/airflow/.local/lib/python3.7/site-packages/airflow/example_dags/example_external_task_marker_dag.py
[2023-06-04T01:21:12.199+0000] {logging_mixin.py:149} INFO - [2023-06-04T01:21:12.198+0000] {dag.py:2726} INFO - Sync 2 DAGs
[2023-06-04T01:21:12.230+0000] {logging_mixin.py:149} INFO - [2023-06-04T01:21:12.230+0000] {dag.py:3490} INFO - Setting next_dagrun for example_external_task_marker_child to None, run_after=None
[2023-06-04T01:21:12.235+0000] {logging_mixin.py:149} INFO - [2023-06-04T01:21:12.235+0000] {dag.py:3490} INFO - Setting next_dagrun for example_external_task_marker_parent to None, run_after=None
[2023-06-04T01:21:12.262+0000] {processor.py:179} INFO - Processing /home/airflow/.local/lib/python3.7/site-packages/airflow/example_dags/example_external_task_marker_dag.py took 0.123 seconds
[2023-06-04T01:21:43.091+0000] {processor.py:157} INFO - Started process (PID=222) to work on /home/airflow/.local/lib/python3.7/site-packages/airflow/example_dags/example_external_task_marker_dag.py
[2023-06-04T01:21:43.094+0000] {processor.py:826} INFO - Processing file /home/airflow/.local/lib/python3.7/site-packages/airflow/example_dags/example_external_task_marker_dag.py for tasks to queue
[2023-06-04T01:21:43.097+0000] {logging_mixin.py:149} INFO - [2023-06-04T01:21:43.096+0000] {dagbag.py:541} INFO - Filling up the DagBag from /home/airflow/.local/lib/python3.7/site-packages/airflow/example_dags/example_external_task_marker_dag.py
[2023-06-04T01:21:43.108+0000] {processor.py:836} INFO - DAG(s) dict_keys(['example_external_task_marker_parent', 'example_external_task_marker_child']) retrieved from /home/airflow/.local/lib/python3.7/site-packages/airflow/example_dags/example_external_task_marker_dag.py
[2023-06-04T01:21:43.157+0000] {logging_mixin.py:149} INFO - [2023-06-04T01:21:43.157+0000] {dag.py:2726} INFO - Sync 2 DAGs
[2023-06-04T01:21:43.204+0000] {logging_mixin.py:149} INFO - [2023-06-04T01:21:43.204+0000] {dag.py:3490} INFO - Setting next_dagrun for example_external_task_marker_child to None, run_after=None
[2023-06-04T01:21:43.214+0000] {logging_mixin.py:149} INFO - [2023-06-04T01:21:43.214+0000] {dag.py:3490} INFO - Setting next_dagrun for example_external_task_marker_parent to None, run_after=None
[2023-06-04T01:21:43.255+0000] {processor.py:179} INFO - Processing /home/airflow/.local/lib/python3.7/site-packages/airflow/example_dags/example_external_task_marker_dag.py took 0.170 seconds
[2023-06-04T01:22:13.595+0000] {processor.py:157} INFO - Started process (PID=292) to work on /home/airflow/.local/lib/python3.7/site-packages/airflow/example_dags/example_external_task_marker_dag.py
[2023-06-04T01:22:13.598+0000] {processor.py:826} INFO - Processing file /home/airflow/.local/lib/python3.7/site-packages/airflow/example_dags/example_external_task_marker_dag.py for tasks to queue
[2023-06-04T01:22:13.602+0000] {logging_mixin.py:149} INFO - [2023-06-04T01:22:13.601+0000] {dagbag.py:541} INFO - Filling up the DagBag from /home/airflow/.local/lib/python3.7/site-packages/airflow/example_dags/example_external_task_marker_dag.py
[2023-06-04T01:22:13.617+0000] {processor.py:836} INFO - DAG(s) dict_keys(['example_external_task_marker_child', 'example_external_task_marker_parent']) retrieved from /home/airflow/.local/lib/python3.7/site-packages/airflow/example_dags/example_external_task_marker_dag.py
[2023-06-04T01:22:13.666+0000] {logging_mixin.py:149} INFO - [2023-06-04T01:22:13.666+0000] {dag.py:2726} INFO - Sync 2 DAGs
[2023-06-04T01:22:13.710+0000] {logging_mixin.py:149} INFO - [2023-06-04T01:22:13.710+0000] {dag.py:3490} INFO - Setting next_dagrun for example_external_task_marker_child to None, run_after=None
[2023-06-04T01:22:13.717+0000] {logging_mixin.py:149} INFO - [2023-06-04T01:22:13.717+0000] {dag.py:3490} INFO - Setting next_dagrun for example_external_task_marker_parent to None, run_after=None
[2023-06-04T01:22:13.757+0000] {processor.py:179} INFO - Processing /home/airflow/.local/lib/python3.7/site-packages/airflow/example_dags/example_external_task_marker_dag.py took 0.171 seconds
[2023-06-04T01:22:44.347+0000] {processor.py:157} INFO - Started process (PID=369) to work on /home/airflow/.local/lib/python3.7/site-packages/airflow/example_dags/example_external_task_marker_dag.py
[2023-06-04T01:22:44.350+0000] {processor.py:826} INFO - Processing file /home/airflow/.local/lib/python3.7/site-packages/airflow/example_dags/example_external_task_marker_dag.py for tasks to queue
[2023-06-04T01:22:44.352+0000] {logging_mixin.py:149} INFO - [2023-06-04T01:22:44.351+0000] {dagbag.py:541} INFO - Filling up the DagBag from /home/airflow/.local/lib/python3.7/site-packages/airflow/example_dags/example_external_task_marker_dag.py
[2023-06-04T01:22:44.364+0000] {processor.py:836} INFO - DAG(s) dict_keys(['example_external_task_marker_parent', 'example_external_task_marker_child']) retrieved from /home/airflow/.local/lib/python3.7/site-packages/airflow/example_dags/example_external_task_marker_dag.py
[2023-06-04T01:22:44.411+0000] {logging_mixin.py:149} INFO - [2023-06-04T01:22:44.411+0000] {dag.py:2726} INFO - Sync 2 DAGs
[2023-06-04T01:22:44.455+0000] {logging_mixin.py:149} INFO - [2023-06-04T01:22:44.455+0000] {dag.py:3490} INFO - Setting next_dagrun for example_external_task_marker_child to None, run_after=None
[2023-06-04T01:22:44.463+0000] {logging_mixin.py:149} INFO - [2023-06-04T01:22:44.463+0000] {dag.py:3490} INFO - Setting next_dagrun for example_external_task_marker_parent to None, run_after=None
[2023-06-04T01:22:44.493+0000] {processor.py:179} INFO - Processing /home/airflow/.local/lib/python3.7/site-packages/airflow/example_dags/example_external_task_marker_dag.py took 0.151 seconds
[2023-06-04T01:23:15.256+0000] {processor.py:157} INFO - Started process (PID=441) to work on /home/airflow/.local/lib/python3.7/site-packages/airflow/example_dags/example_external_task_marker_dag.py
[2023-06-04T01:23:15.258+0000] {processor.py:826} INFO - Processing file /home/airflow/.local/lib/python3.7/site-packages/airflow/example_dags/example_external_task_marker_dag.py for tasks to queue
[2023-06-04T01:23:15.260+0000] {logging_mixin.py:149} INFO - [2023-06-04T01:23:15.260+0000] {dagbag.py:541} INFO - Filling up the DagBag from /home/airflow/.local/lib/python3.7/site-packages/airflow/example_dags/example_external_task_marker_dag.py
[2023-06-04T01:23:15.269+0000] {processor.py:836} INFO - DAG(s) dict_keys(['example_external_task_marker_parent', 'example_external_task_marker_child']) retrieved from /home/airflow/.local/lib/python3.7/site-packages/airflow/example_dags/example_external_task_marker_dag.py
[2023-06-04T01:23:15.311+0000] {logging_mixin.py:149} INFO - [2023-06-04T01:23:15.311+0000] {dag.py:2726} INFO - Sync 2 DAGs
[2023-06-04T01:23:15.349+0000] {logging_mixin.py:149} INFO - [2023-06-04T01:23:15.349+0000] {dag.py:3490} INFO - Setting next_dagrun for example_external_task_marker_child to None, run_after=None
[2023-06-04T01:23:15.355+0000] {logging_mixin.py:149} INFO - [2023-06-04T01:23:15.355+0000] {dag.py:3490} INFO - Setting next_dagrun for example_external_task_marker_parent to None, run_after=None
[2023-06-04T01:23:15.380+0000] {processor.py:179} INFO - Processing /home/airflow/.local/lib/python3.7/site-packages/airflow/example_dags/example_external_task_marker_dag.py took 0.128 seconds
[2023-06-04T01:23:46.232+0000] {processor.py:157} INFO - Started process (PID=511) to work on /home/airflow/.local/lib/python3.7/site-packages/airflow/example_dags/example_external_task_marker_dag.py
[2023-06-04T01:23:46.234+0000] {processor.py:826} INFO - Processing file /home/airflow/.local/lib/python3.7/site-packages/airflow/example_dags/example_external_task_marker_dag.py for tasks to queue
[2023-06-04T01:23:46.236+0000] {logging_mixin.py:149} INFO - [2023-06-04T01:23:46.235+0000] {dagbag.py:541} INFO - Filling up the DagBag from /home/airflow/.local/lib/python3.7/site-packages/airflow/example_dags/example_external_task_marker_dag.py
[2023-06-04T01:23:46.246+0000] {processor.py:836} INFO - DAG(s) dict_keys(['example_external_task_marker_child', 'example_external_task_marker_parent']) retrieved from /home/airflow/.local/lib/python3.7/site-packages/airflow/example_dags/example_external_task_marker_dag.py
[2023-06-04T01:23:46.287+0000] {logging_mixin.py:149} INFO - [2023-06-04T01:23:46.286+0000] {dag.py:2726} INFO - Sync 2 DAGs
[2023-06-04T01:23:46.328+0000] {logging_mixin.py:149} INFO - [2023-06-04T01:23:46.328+0000] {dag.py:3490} INFO - Setting next_dagrun for example_external_task_marker_child to None, run_after=None
[2023-06-04T01:23:46.335+0000] {logging_mixin.py:149} INFO - [2023-06-04T01:23:46.335+0000] {dag.py:3490} INFO - Setting next_dagrun for example_external_task_marker_parent to None, run_after=None
[2023-06-04T01:23:46.368+0000] {processor.py:179} INFO - Processing /home/airflow/.local/lib/python3.7/site-packages/airflow/example_dags/example_external_task_marker_dag.py took 0.141 seconds
[2023-06-04T01:24:16.780+0000] {processor.py:157} INFO - Started process (PID=590) to work on /home/airflow/.local/lib/python3.7/site-packages/airflow/example_dags/example_external_task_marker_dag.py
[2023-06-04T01:24:16.782+0000] {processor.py:826} INFO - Processing file /home/airflow/.local/lib/python3.7/site-packages/airflow/example_dags/example_external_task_marker_dag.py for tasks to queue
[2023-06-04T01:24:16.784+0000] {logging_mixin.py:149} INFO - [2023-06-04T01:24:16.783+0000] {dagbag.py:541} INFO - Filling up the DagBag from /home/airflow/.local/lib/python3.7/site-packages/airflow/example_dags/example_external_task_marker_dag.py
[2023-06-04T01:24:16.792+0000] {processor.py:836} INFO - DAG(s) dict_keys(['example_external_task_marker_child', 'example_external_task_marker_parent']) retrieved from /home/airflow/.local/lib/python3.7/site-packages/airflow/example_dags/example_external_task_marker_dag.py
[2023-06-04T01:24:16.832+0000] {logging_mixin.py:149} INFO - [2023-06-04T01:24:16.832+0000] {dag.py:2726} INFO - Sync 2 DAGs
[2023-06-04T01:24:16.873+0000] {logging_mixin.py:149} INFO - [2023-06-04T01:24:16.873+0000] {dag.py:3490} INFO - Setting next_dagrun for example_external_task_marker_child to None, run_after=None
[2023-06-04T01:24:16.879+0000] {logging_mixin.py:149} INFO - [2023-06-04T01:24:16.879+0000] {dag.py:3490} INFO - Setting next_dagrun for example_external_task_marker_parent to None, run_after=None
[2023-06-04T01:24:16.904+0000] {processor.py:179} INFO - Processing /home/airflow/.local/lib/python3.7/site-packages/airflow/example_dags/example_external_task_marker_dag.py took 0.129 seconds
[2023-06-04T01:24:47.514+0000] {processor.py:157} INFO - Started process (PID=660) to work on /home/airflow/.local/lib/python3.7/site-packages/airflow/example_dags/example_external_task_marker_dag.py
[2023-06-04T01:24:47.517+0000] {processor.py:826} INFO - Processing file /home/airflow/.local/lib/python3.7/site-packages/airflow/example_dags/example_external_task_marker_dag.py for tasks to queue
[2023-06-04T01:24:47.520+0000] {logging_mixin.py:149} INFO - [2023-06-04T01:24:47.520+0000] {dagbag.py:541} INFO - Filling up the DagBag from /home/airflow/.local/lib/python3.7/site-packages/airflow/example_dags/example_external_task_marker_dag.py
[2023-06-04T01:24:47.532+0000] {processor.py:836} INFO - DAG(s) dict_keys(['example_external_task_marker_child', 'example_external_task_marker_parent']) retrieved from /home/airflow/.local/lib/python3.7/site-packages/airflow/example_dags/example_external_task_marker_dag.py
[2023-06-04T01:24:47.591+0000] {logging_mixin.py:149} INFO - [2023-06-04T01:24:47.591+0000] {dag.py:2726} INFO - Sync 2 DAGs
[2023-06-04T01:24:47.640+0000] {logging_mixin.py:149} INFO - [2023-06-04T01:24:47.640+0000] {dag.py:3490} INFO - Setting next_dagrun for example_external_task_marker_child to None, run_after=None
[2023-06-04T01:24:47.649+0000] {logging_mixin.py:149} INFO - [2023-06-04T01:24:47.649+0000] {dag.py:3490} INFO - Setting next_dagrun for example_external_task_marker_parent to None, run_after=None
[2023-06-04T01:24:47.685+0000] {processor.py:179} INFO - Processing /home/airflow/.local/lib/python3.7/site-packages/airflow/example_dags/example_external_task_marker_dag.py took 0.177 seconds
[2023-06-04T01:25:18.430+0000] {processor.py:157} INFO - Started process (PID=739) to work on /home/airflow/.local/lib/python3.7/site-packages/airflow/example_dags/example_external_task_marker_dag.py
[2023-06-04T01:25:18.433+0000] {processor.py:826} INFO - Processing file /home/airflow/.local/lib/python3.7/site-packages/airflow/example_dags/example_external_task_marker_dag.py for tasks to queue
[2023-06-04T01:25:18.435+0000] {logging_mixin.py:149} INFO - [2023-06-04T01:25:18.435+0000] {dagbag.py:541} INFO - Filling up the DagBag from /home/airflow/.local/lib/python3.7/site-packages/airflow/example_dags/example_external_task_marker_dag.py
[2023-06-04T01:25:18.446+0000] {processor.py:836} INFO - DAG(s) dict_keys(['example_external_task_marker_child', 'example_external_task_marker_parent']) retrieved from /home/airflow/.local/lib/python3.7/site-packages/airflow/example_dags/example_external_task_marker_dag.py
[2023-06-04T01:25:18.491+0000] {logging_mixin.py:149} INFO - [2023-06-04T01:25:18.491+0000] {dag.py:2726} INFO - Sync 2 DAGs
[2023-06-04T01:25:18.539+0000] {logging_mixin.py:149} INFO - [2023-06-04T01:25:18.539+0000] {dag.py:3490} INFO - Setting next_dagrun for example_external_task_marker_child to None, run_after=None
[2023-06-04T01:25:18.547+0000] {logging_mixin.py:149} INFO - [2023-06-04T01:25:18.547+0000] {dag.py:3490} INFO - Setting next_dagrun for example_external_task_marker_parent to None, run_after=None
[2023-06-04T01:25:18.576+0000] {processor.py:179} INFO - Processing /home/airflow/.local/lib/python3.7/site-packages/airflow/example_dags/example_external_task_marker_dag.py took 0.151 seconds
[2023-06-04T01:25:48.857+0000] {processor.py:157} INFO - Started process (PID=809) to work on /home/airflow/.local/lib/python3.7/site-packages/airflow/example_dags/example_external_task_marker_dag.py
[2023-06-04T01:25:48.860+0000] {processor.py:826} INFO - Processing file /home/airflow/.local/lib/python3.7/site-packages/airflow/example_dags/example_external_task_marker_dag.py for tasks to queue
[2023-06-04T01:25:48.861+0000] {logging_mixin.py:149} INFO - [2023-06-04T01:25:48.861+0000] {dagbag.py:541} INFO - Filling up the DagBag from /home/airflow/.local/lib/python3.7/site-packages/airflow/example_dags/example_external_task_marker_dag.py
[2023-06-04T01:25:48.870+0000] {processor.py:836} INFO - DAG(s) dict_keys(['example_external_task_marker_parent', 'example_external_task_marker_child']) retrieved from /home/airflow/.local/lib/python3.7/site-packages/airflow/example_dags/example_external_task_marker_dag.py
[2023-06-04T01:25:48.908+0000] {logging_mixin.py:149} INFO - [2023-06-04T01:25:48.908+0000] {dag.py:2726} INFO - Sync 2 DAGs
[2023-06-04T01:25:48.944+0000] {logging_mixin.py:149} INFO - [2023-06-04T01:25:48.943+0000] {dag.py:3490} INFO - Setting next_dagrun for example_external_task_marker_child to None, run_after=None
[2023-06-04T01:25:48.949+0000] {logging_mixin.py:149} INFO - [2023-06-04T01:25:48.949+0000] {dag.py:3490} INFO - Setting next_dagrun for example_external_task_marker_parent to None, run_after=None
[2023-06-04T01:25:48.971+0000] {processor.py:179} INFO - Processing /home/airflow/.local/lib/python3.7/site-packages/airflow/example_dags/example_external_task_marker_dag.py took 0.119 seconds
