[2023-06-04T01:20:39.434+0000] {processor.py:157} INFO - Started process (PID=54) to work on /home/airflow/.local/lib/python3.7/site-packages/airflow/example_dags/example_sensors.py
[2023-06-04T01:20:39.440+0000] {processor.py:826} INFO - Processing file /home/airflow/.local/lib/python3.7/site-packages/airflow/example_dags/example_sensors.py for tasks to queue
[2023-06-04T01:20:39.444+0000] {logging_mixin.py:149} INFO - [2023-06-04T01:20:39.444+0000] {dagbag.py:541} INFO - Filling up the DagBag from /home/airflow/.local/lib/python3.7/site-packages/airflow/example_dags/example_sensors.py
[2023-06-04T01:20:39.480+0000] {processor.py:836} INFO - DAG(s) dict_keys(['example_sensors']) retrieved from /home/airflow/.local/lib/python3.7/site-packages/airflow/example_dags/example_sensors.py
[2023-06-04T01:20:39.511+0000] {logging_mixin.py:149} INFO - [2023-06-04T01:20:39.511+0000] {dag.py:2726} INFO - Sync 1 DAGs
[2023-06-04T01:20:39.564+0000] {logging_mixin.py:149} INFO - [2023-06-04T01:20:39.564+0000] {dag.py:3490} INFO - Setting next_dagrun for example_sensors to None, run_after=None
[2023-06-04T01:20:39.612+0000] {processor.py:179} INFO - Processing /home/airflow/.local/lib/python3.7/site-packages/airflow/example_dags/example_sensors.py took 0.188 seconds
[2023-06-04T01:21:09.672+0000] {processor.py:157} INFO - Started process (PID=124) to work on /home/airflow/.local/lib/python3.7/site-packages/airflow/example_dags/example_sensors.py
[2023-06-04T01:21:09.675+0000] {processor.py:826} INFO - Processing file /home/airflow/.local/lib/python3.7/site-packages/airflow/example_dags/example_sensors.py for tasks to queue
[2023-06-04T01:21:09.677+0000] {logging_mixin.py:149} INFO - [2023-06-04T01:21:09.677+0000] {dagbag.py:541} INFO - Filling up the DagBag from /home/airflow/.local/lib/python3.7/site-packages/airflow/example_dags/example_sensors.py
[2023-06-04T01:21:09.693+0000] {processor.py:836} INFO - DAG(s) dict_keys(['example_sensors']) retrieved from /home/airflow/.local/lib/python3.7/site-packages/airflow/example_dags/example_sensors.py
[2023-06-04T01:21:09.730+0000] {logging_mixin.py:149} INFO - [2023-06-04T01:21:09.730+0000] {dag.py:2726} INFO - Sync 1 DAGs
[2023-06-04T01:21:09.762+0000] {logging_mixin.py:149} INFO - [2023-06-04T01:21:09.762+0000] {dag.py:3490} INFO - Setting next_dagrun for example_sensors to None, run_after=None
[2023-06-04T01:21:09.785+0000] {processor.py:179} INFO - Processing /home/airflow/.local/lib/python3.7/site-packages/airflow/example_dags/example_sensors.py took 0.118 seconds
[2023-06-04T01:21:40.272+0000] {processor.py:157} INFO - Started process (PID=203) to work on /home/airflow/.local/lib/python3.7/site-packages/airflow/example_dags/example_sensors.py
[2023-06-04T01:21:40.275+0000] {processor.py:826} INFO - Processing file /home/airflow/.local/lib/python3.7/site-packages/airflow/example_dags/example_sensors.py for tasks to queue
[2023-06-04T01:21:40.277+0000] {logging_mixin.py:149} INFO - [2023-06-04T01:21:40.277+0000] {dagbag.py:541} INFO - Filling up the DagBag from /home/airflow/.local/lib/python3.7/site-packages/airflow/example_dags/example_sensors.py
[2023-06-04T01:21:40.295+0000] {processor.py:836} INFO - DAG(s) dict_keys(['example_sensors']) retrieved from /home/airflow/.local/lib/python3.7/site-packages/airflow/example_dags/example_sensors.py
[2023-06-04T01:21:40.338+0000] {logging_mixin.py:149} INFO - [2023-06-04T01:21:40.338+0000] {dag.py:2726} INFO - Sync 1 DAGs
[2023-06-04T01:21:40.371+0000] {logging_mixin.py:149} INFO - [2023-06-04T01:21:40.371+0000] {dag.py:3490} INFO - Setting next_dagrun for example_sensors to None, run_after=None
[2023-06-04T01:21:40.394+0000] {processor.py:179} INFO - Processing /home/airflow/.local/lib/python3.7/site-packages/airflow/example_dags/example_sensors.py took 0.127 seconds
[2023-06-04T01:22:10.680+0000] {processor.py:157} INFO - Started process (PID=273) to work on /home/airflow/.local/lib/python3.7/site-packages/airflow/example_dags/example_sensors.py
[2023-06-04T01:22:10.683+0000] {processor.py:826} INFO - Processing file /home/airflow/.local/lib/python3.7/site-packages/airflow/example_dags/example_sensors.py for tasks to queue
[2023-06-04T01:22:10.687+0000] {logging_mixin.py:149} INFO - [2023-06-04T01:22:10.686+0000] {dagbag.py:541} INFO - Filling up the DagBag from /home/airflow/.local/lib/python3.7/site-packages/airflow/example_dags/example_sensors.py
[2023-06-04T01:22:10.703+0000] {processor.py:836} INFO - DAG(s) dict_keys(['example_sensors']) retrieved from /home/airflow/.local/lib/python3.7/site-packages/airflow/example_dags/example_sensors.py
[2023-06-04T01:22:10.744+0000] {logging_mixin.py:149} INFO - [2023-06-04T01:22:10.744+0000] {dag.py:2726} INFO - Sync 1 DAGs
[2023-06-04T01:22:10.784+0000] {logging_mixin.py:149} INFO - [2023-06-04T01:22:10.783+0000] {dag.py:3490} INFO - Setting next_dagrun for example_sensors to None, run_after=None
[2023-06-04T01:22:10.808+0000] {processor.py:179} INFO - Processing /home/airflow/.local/lib/python3.7/site-packages/airflow/example_dags/example_sensors.py took 0.133 seconds
[2023-06-04T01:22:41.423+0000] {processor.py:157} INFO - Started process (PID=343) to work on /home/airflow/.local/lib/python3.7/site-packages/airflow/example_dags/example_sensors.py
[2023-06-04T01:22:41.425+0000] {processor.py:826} INFO - Processing file /home/airflow/.local/lib/python3.7/site-packages/airflow/example_dags/example_sensors.py for tasks to queue
[2023-06-04T01:22:41.427+0000] {logging_mixin.py:149} INFO - [2023-06-04T01:22:41.427+0000] {dagbag.py:541} INFO - Filling up the DagBag from /home/airflow/.local/lib/python3.7/site-packages/airflow/example_dags/example_sensors.py
[2023-06-04T01:22:41.442+0000] {processor.py:836} INFO - DAG(s) dict_keys(['example_sensors']) retrieved from /home/airflow/.local/lib/python3.7/site-packages/airflow/example_dags/example_sensors.py
[2023-06-04T01:22:41.482+0000] {logging_mixin.py:149} INFO - [2023-06-04T01:22:41.482+0000] {dag.py:2726} INFO - Sync 1 DAGs
[2023-06-04T01:22:41.518+0000] {logging_mixin.py:149} INFO - [2023-06-04T01:22:41.517+0000] {dag.py:3490} INFO - Setting next_dagrun for example_sensors to None, run_after=None
[2023-06-04T01:22:41.542+0000] {processor.py:179} INFO - Processing /home/airflow/.local/lib/python3.7/site-packages/airflow/example_dags/example_sensors.py took 0.124 seconds
[2023-06-04T01:23:12.463+0000] {processor.py:157} INFO - Started process (PID=422) to work on /home/airflow/.local/lib/python3.7/site-packages/airflow/example_dags/example_sensors.py
[2023-06-04T01:23:12.465+0000] {processor.py:826} INFO - Processing file /home/airflow/.local/lib/python3.7/site-packages/airflow/example_dags/example_sensors.py for tasks to queue
[2023-06-04T01:23:12.468+0000] {logging_mixin.py:149} INFO - [2023-06-04T01:23:12.467+0000] {dagbag.py:541} INFO - Filling up the DagBag from /home/airflow/.local/lib/python3.7/site-packages/airflow/example_dags/example_sensors.py
[2023-06-04T01:23:12.485+0000] {processor.py:836} INFO - DAG(s) dict_keys(['example_sensors']) retrieved from /home/airflow/.local/lib/python3.7/site-packages/airflow/example_dags/example_sensors.py
[2023-06-04T01:23:12.536+0000] {logging_mixin.py:149} INFO - [2023-06-04T01:23:12.535+0000] {dag.py:2726} INFO - Sync 1 DAGs
[2023-06-04T01:23:12.580+0000] {logging_mixin.py:149} INFO - [2023-06-04T01:23:12.580+0000] {dag.py:3490} INFO - Setting next_dagrun for example_sensors to None, run_after=None
[2023-06-04T01:23:12.615+0000] {processor.py:179} INFO - Processing /home/airflow/.local/lib/python3.7/site-packages/airflow/example_dags/example_sensors.py took 0.157 seconds
[2023-06-04T01:23:43.587+0000] {processor.py:157} INFO - Started process (PID=492) to work on /home/airflow/.local/lib/python3.7/site-packages/airflow/example_dags/example_sensors.py
[2023-06-04T01:23:43.589+0000] {processor.py:826} INFO - Processing file /home/airflow/.local/lib/python3.7/site-packages/airflow/example_dags/example_sensors.py for tasks to queue
[2023-06-04T01:23:43.591+0000] {logging_mixin.py:149} INFO - [2023-06-04T01:23:43.590+0000] {dagbag.py:541} INFO - Filling up the DagBag from /home/airflow/.local/lib/python3.7/site-packages/airflow/example_dags/example_sensors.py
[2023-06-04T01:23:43.607+0000] {processor.py:836} INFO - DAG(s) dict_keys(['example_sensors']) retrieved from /home/airflow/.local/lib/python3.7/site-packages/airflow/example_dags/example_sensors.py
[2023-06-04T01:23:43.650+0000] {logging_mixin.py:149} INFO - [2023-06-04T01:23:43.650+0000] {dag.py:2726} INFO - Sync 1 DAGs
[2023-06-04T01:23:43.683+0000] {logging_mixin.py:149} INFO - [2023-06-04T01:23:43.683+0000] {dag.py:3490} INFO - Setting next_dagrun for example_sensors to None, run_after=None
[2023-06-04T01:23:43.708+0000] {processor.py:179} INFO - Processing /home/airflow/.local/lib/python3.7/site-packages/airflow/example_dags/example_sensors.py took 0.126 seconds
[2023-06-04T01:24:14.113+0000] {processor.py:157} INFO - Started process (PID=571) to work on /home/airflow/.local/lib/python3.7/site-packages/airflow/example_dags/example_sensors.py
[2023-06-04T01:24:14.115+0000] {processor.py:826} INFO - Processing file /home/airflow/.local/lib/python3.7/site-packages/airflow/example_dags/example_sensors.py for tasks to queue
[2023-06-04T01:24:14.117+0000] {logging_mixin.py:149} INFO - [2023-06-04T01:24:14.117+0000] {dagbag.py:541} INFO - Filling up the DagBag from /home/airflow/.local/lib/python3.7/site-packages/airflow/example_dags/example_sensors.py
[2023-06-04T01:24:14.133+0000] {processor.py:836} INFO - DAG(s) dict_keys(['example_sensors']) retrieved from /home/airflow/.local/lib/python3.7/site-packages/airflow/example_dags/example_sensors.py
[2023-06-04T01:24:14.184+0000] {logging_mixin.py:149} INFO - [2023-06-04T01:24:14.184+0000] {dag.py:2726} INFO - Sync 1 DAGs
[2023-06-04T01:24:14.219+0000] {logging_mixin.py:149} INFO - [2023-06-04T01:24:14.219+0000] {dag.py:3490} INFO - Setting next_dagrun for example_sensors to None, run_after=None
[2023-06-04T01:24:14.248+0000] {processor.py:179} INFO - Processing /home/airflow/.local/lib/python3.7/site-packages/airflow/example_dags/example_sensors.py took 0.140 seconds
[2023-06-04T01:24:44.400+0000] {processor.py:157} INFO - Started process (PID=641) to work on /home/airflow/.local/lib/python3.7/site-packages/airflow/example_dags/example_sensors.py
[2023-06-04T01:24:44.403+0000] {processor.py:826} INFO - Processing file /home/airflow/.local/lib/python3.7/site-packages/airflow/example_dags/example_sensors.py for tasks to queue
[2023-06-04T01:24:44.405+0000] {logging_mixin.py:149} INFO - [2023-06-04T01:24:44.405+0000] {dagbag.py:541} INFO - Filling up the DagBag from /home/airflow/.local/lib/python3.7/site-packages/airflow/example_dags/example_sensors.py
[2023-06-04T01:24:44.422+0000] {processor.py:836} INFO - DAG(s) dict_keys(['example_sensors']) retrieved from /home/airflow/.local/lib/python3.7/site-packages/airflow/example_dags/example_sensors.py
[2023-06-04T01:24:44.461+0000] {logging_mixin.py:149} INFO - [2023-06-04T01:24:44.461+0000] {dag.py:2726} INFO - Sync 1 DAGs
[2023-06-04T01:24:44.493+0000] {logging_mixin.py:149} INFO - [2023-06-04T01:24:44.493+0000] {dag.py:3490} INFO - Setting next_dagrun for example_sensors to None, run_after=None
[2023-06-04T01:24:44.514+0000] {processor.py:179} INFO - Processing /home/airflow/.local/lib/python3.7/site-packages/airflow/example_dags/example_sensors.py took 0.119 seconds
[2023-06-04T01:25:14.781+0000] {processor.py:157} INFO - Started process (PID=711) to work on /home/airflow/.local/lib/python3.7/site-packages/airflow/example_dags/example_sensors.py
[2023-06-04T01:25:14.783+0000] {processor.py:826} INFO - Processing file /home/airflow/.local/lib/python3.7/site-packages/airflow/example_dags/example_sensors.py for tasks to queue
[2023-06-04T01:25:14.785+0000] {logging_mixin.py:149} INFO - [2023-06-04T01:25:14.785+0000] {dagbag.py:541} INFO - Filling up the DagBag from /home/airflow/.local/lib/python3.7/site-packages/airflow/example_dags/example_sensors.py
[2023-06-04T01:25:14.801+0000] {processor.py:836} INFO - DAG(s) dict_keys(['example_sensors']) retrieved from /home/airflow/.local/lib/python3.7/site-packages/airflow/example_dags/example_sensors.py
[2023-06-04T01:25:14.843+0000] {logging_mixin.py:149} INFO - [2023-06-04T01:25:14.843+0000] {dag.py:2726} INFO - Sync 1 DAGs
[2023-06-04T01:25:14.879+0000] {logging_mixin.py:149} INFO - [2023-06-04T01:25:14.879+0000] {dag.py:3490} INFO - Setting next_dagrun for example_sensors to None, run_after=None
[2023-06-04T01:25:14.906+0000] {processor.py:179} INFO - Processing /home/airflow/.local/lib/python3.7/site-packages/airflow/example_dags/example_sensors.py took 0.130 seconds
[2023-06-04T01:25:45.258+0000] {processor.py:157} INFO - Started process (PID=790) to work on /home/airflow/.local/lib/python3.7/site-packages/airflow/example_dags/example_sensors.py
[2023-06-04T01:25:45.261+0000] {processor.py:826} INFO - Processing file /home/airflow/.local/lib/python3.7/site-packages/airflow/example_dags/example_sensors.py for tasks to queue
[2023-06-04T01:25:45.264+0000] {logging_mixin.py:149} INFO - [2023-06-04T01:25:45.264+0000] {dagbag.py:541} INFO - Filling up the DagBag from /home/airflow/.local/lib/python3.7/site-packages/airflow/example_dags/example_sensors.py
[2023-06-04T01:25:45.282+0000] {processor.py:836} INFO - DAG(s) dict_keys(['example_sensors']) retrieved from /home/airflow/.local/lib/python3.7/site-packages/airflow/example_dags/example_sensors.py
[2023-06-04T01:25:45.331+0000] {logging_mixin.py:149} INFO - [2023-06-04T01:25:45.331+0000] {dag.py:2726} INFO - Sync 1 DAGs
[2023-06-04T01:25:45.372+0000] {logging_mixin.py:149} INFO - [2023-06-04T01:25:45.371+0000] {dag.py:3490} INFO - Setting next_dagrun for example_sensors to None, run_after=None
[2023-06-04T01:25:45.405+0000] {processor.py:179} INFO - Processing /home/airflow/.local/lib/python3.7/site-packages/airflow/example_dags/example_sensors.py took 0.152 seconds
