[2023-06-04T00:36:52.657+0000] {processor.py:156} INFO - Started process (PID=51) to work on /home/airflow/.local/lib/python3.7/site-packages/airflow/example_dags/example_python_operator.py
[2023-06-04T00:36:52.663+0000] {processor.py:758} INFO - Processing file /home/airflow/.local/lib/python3.7/site-packages/airflow/example_dags/example_python_operator.py for tasks to queue
[2023-06-04T00:36:52.667+0000] {logging_mixin.py:117} INFO - [2023-06-04T00:36:52.666+0000] {dagbag.py:525} INFO - Filling up the DagBag from /home/airflow/.local/lib/python3.7/site-packages/airflow/example_dags/example_python_operator.py
[2023-06-04T00:36:52.732+0000] {processor.py:768} INFO - DAG(s) dict_keys(['example_python_operator']) retrieved from /home/airflow/.local/lib/python3.7/site-packages/airflow/example_dags/example_python_operator.py
[2023-06-04T00:36:52.926+0000] {logging_mixin.py:117} INFO - [2023-06-04T00:36:52.925+0000] {manager.py:507} INFO - Created Permission View: can delete on DAG:example_python_operator
[2023-06-04T00:36:52.941+0000] {logging_mixin.py:117} INFO - [2023-06-04T00:36:52.941+0000] {manager.py:507} INFO - Created Permission View: can read on DAG:example_python_operator
[2023-06-04T00:36:52.958+0000] {logging_mixin.py:117} INFO - [2023-06-04T00:36:52.958+0000] {manager.py:507} INFO - Created Permission View: can edit on DAG:example_python_operator
[2023-06-04T00:36:52.960+0000] {logging_mixin.py:117} INFO - [2023-06-04T00:36:52.960+0000] {dag.py:2573} INFO - Sync 1 DAGs
[2023-06-04T00:36:52.979+0000] {logging_mixin.py:117} INFO - [2023-06-04T00:36:52.979+0000] {dag.py:2594} INFO - Creating ORM DAG for example_python_operator
[2023-06-04T00:36:52.997+0000] {logging_mixin.py:117} INFO - [2023-06-04T00:36:52.997+0000] {dag.py:3328} INFO - Setting next_dagrun for example_python_operator to None, run_after=None
[2023-06-04T00:36:53.027+0000] {processor.py:178} INFO - Processing /home/airflow/.local/lib/python3.7/site-packages/airflow/example_dags/example_python_operator.py took 0.376 seconds
[2023-06-04T00:37:23.181+0000] {processor.py:156} INFO - Started process (PID=105) to work on /home/airflow/.local/lib/python3.7/site-packages/airflow/example_dags/example_python_operator.py
[2023-06-04T00:37:23.184+0000] {processor.py:758} INFO - Processing file /home/airflow/.local/lib/python3.7/site-packages/airflow/example_dags/example_python_operator.py for tasks to queue
[2023-06-04T00:37:23.185+0000] {logging_mixin.py:117} INFO - [2023-06-04T00:37:23.185+0000] {dagbag.py:525} INFO - Filling up the DagBag from /home/airflow/.local/lib/python3.7/site-packages/airflow/example_dags/example_python_operator.py
[2023-06-04T00:37:23.222+0000] {processor.py:768} INFO - DAG(s) dict_keys(['example_python_operator']) retrieved from /home/airflow/.local/lib/python3.7/site-packages/airflow/example_dags/example_python_operator.py
[2023-06-04T00:37:23.280+0000] {logging_mixin.py:117} INFO - [2023-06-04T00:37:23.279+0000] {dag.py:2573} INFO - Sync 1 DAGs
[2023-06-04T00:37:23.311+0000] {logging_mixin.py:117} INFO - [2023-06-04T00:37:23.311+0000] {dag.py:3328} INFO - Setting next_dagrun for example_python_operator to None, run_after=None
[2023-06-04T00:37:23.336+0000] {processor.py:178} INFO - Processing /home/airflow/.local/lib/python3.7/site-packages/airflow/example_dags/example_python_operator.py took 0.159 seconds
[2023-06-04T00:37:53.736+0000] {processor.py:156} INFO - Started process (PID=168) to work on /home/airflow/.local/lib/python3.7/site-packages/airflow/example_dags/example_python_operator.py
[2023-06-04T00:37:53.747+0000] {processor.py:758} INFO - Processing file /home/airflow/.local/lib/python3.7/site-packages/airflow/example_dags/example_python_operator.py for tasks to queue
[2023-06-04T00:37:53.754+0000] {logging_mixin.py:117} INFO - [2023-06-04T00:37:53.753+0000] {dagbag.py:525} INFO - Filling up the DagBag from /home/airflow/.local/lib/python3.7/site-packages/airflow/example_dags/example_python_operator.py
[2023-06-04T00:37:53.902+0000] {processor.py:768} INFO - DAG(s) dict_keys(['example_python_operator']) retrieved from /home/airflow/.local/lib/python3.7/site-packages/airflow/example_dags/example_python_operator.py
[2023-06-04T00:37:53.969+0000] {logging_mixin.py:117} INFO - [2023-06-04T00:37:53.969+0000] {dag.py:2573} INFO - Sync 1 DAGs
[2023-06-04T00:37:54.002+0000] {logging_mixin.py:117} INFO - [2023-06-04T00:37:54.002+0000] {dag.py:3328} INFO - Setting next_dagrun for example_python_operator to None, run_after=None
[2023-06-04T00:37:54.026+0000] {processor.py:178} INFO - Processing /home/airflow/.local/lib/python3.7/site-packages/airflow/example_dags/example_python_operator.py took 0.311 seconds
[2023-06-04T00:38:24.342+0000] {processor.py:156} INFO - Started process (PID=231) to work on /home/airflow/.local/lib/python3.7/site-packages/airflow/example_dags/example_python_operator.py
[2023-06-04T00:38:24.344+0000] {processor.py:758} INFO - Processing file /home/airflow/.local/lib/python3.7/site-packages/airflow/example_dags/example_python_operator.py for tasks to queue
[2023-06-04T00:38:24.346+0000] {logging_mixin.py:117} INFO - [2023-06-04T00:38:24.346+0000] {dagbag.py:525} INFO - Filling up the DagBag from /home/airflow/.local/lib/python3.7/site-packages/airflow/example_dags/example_python_operator.py
[2023-06-04T00:38:24.380+0000] {processor.py:768} INFO - DAG(s) dict_keys(['example_python_operator']) retrieved from /home/airflow/.local/lib/python3.7/site-packages/airflow/example_dags/example_python_operator.py
[2023-06-04T00:38:24.436+0000] {logging_mixin.py:117} INFO - [2023-06-04T00:38:24.436+0000] {dag.py:2573} INFO - Sync 1 DAGs
[2023-06-04T00:38:24.468+0000] {logging_mixin.py:117} INFO - [2023-06-04T00:38:24.468+0000] {dag.py:3328} INFO - Setting next_dagrun for example_python_operator to None, run_after=None
[2023-06-04T00:38:24.492+0000] {processor.py:178} INFO - Processing /home/airflow/.local/lib/python3.7/site-packages/airflow/example_dags/example_python_operator.py took 0.154 seconds
[2023-06-04T00:38:54.909+0000] {processor.py:156} INFO - Started process (PID=285) to work on /home/airflow/.local/lib/python3.7/site-packages/airflow/example_dags/example_python_operator.py
[2023-06-04T00:38:54.911+0000] {processor.py:758} INFO - Processing file /home/airflow/.local/lib/python3.7/site-packages/airflow/example_dags/example_python_operator.py for tasks to queue
[2023-06-04T00:38:54.913+0000] {logging_mixin.py:117} INFO - [2023-06-04T00:38:54.913+0000] {dagbag.py:525} INFO - Filling up the DagBag from /home/airflow/.local/lib/python3.7/site-packages/airflow/example_dags/example_python_operator.py
[2023-06-04T00:38:54.947+0000] {processor.py:768} INFO - DAG(s) dict_keys(['example_python_operator']) retrieved from /home/airflow/.local/lib/python3.7/site-packages/airflow/example_dags/example_python_operator.py
[2023-06-04T00:38:55.003+0000] {logging_mixin.py:117} INFO - [2023-06-04T00:38:55.003+0000] {dag.py:2573} INFO - Sync 1 DAGs
[2023-06-04T00:38:55.036+0000] {logging_mixin.py:117} INFO - [2023-06-04T00:38:55.036+0000] {dag.py:3328} INFO - Setting next_dagrun for example_python_operator to None, run_after=None
[2023-06-04T00:38:55.060+0000] {processor.py:178} INFO - Processing /home/airflow/.local/lib/python3.7/site-packages/airflow/example_dags/example_python_operator.py took 0.155 seconds
[2023-06-04T00:59:46.080+0000] {processor.py:156} INFO - Started process (PID=52) to work on /home/airflow/.local/lib/python3.7/site-packages/airflow/example_dags/example_python_operator.py
[2023-06-04T00:59:46.083+0000] {processor.py:758} INFO - Processing file /home/airflow/.local/lib/python3.7/site-packages/airflow/example_dags/example_python_operator.py for tasks to queue
[2023-06-04T00:59:46.095+0000] {logging_mixin.py:117} INFO - [2023-06-04T00:59:46.094+0000] {dagbag.py:525} INFO - Filling up the DagBag from /home/airflow/.local/lib/python3.7/site-packages/airflow/example_dags/example_python_operator.py
[2023-06-04T00:59:46.204+0000] {processor.py:768} INFO - DAG(s) dict_keys(['example_python_operator']) retrieved from /home/airflow/.local/lib/python3.7/site-packages/airflow/example_dags/example_python_operator.py
[2023-06-04T00:59:46.272+0000] {logging_mixin.py:117} INFO - [2023-06-04T00:59:46.272+0000] {dag.py:2573} INFO - Sync 1 DAGs
[2023-06-04T00:59:46.345+0000] {logging_mixin.py:117} INFO - [2023-06-04T00:59:46.344+0000] {dag.py:3328} INFO - Setting next_dagrun for example_python_operator to None, run_after=None
[2023-06-04T00:59:46.417+0000] {processor.py:178} INFO - Processing /home/airflow/.local/lib/python3.7/site-packages/airflow/example_dags/example_python_operator.py took 0.343 seconds
[2023-06-04T01:00:17.197+0000] {processor.py:156} INFO - Started process (PID=106) to work on /home/airflow/.local/lib/python3.7/site-packages/airflow/example_dags/example_python_operator.py
[2023-06-04T01:00:17.200+0000] {processor.py:758} INFO - Processing file /home/airflow/.local/lib/python3.7/site-packages/airflow/example_dags/example_python_operator.py for tasks to queue
[2023-06-04T01:00:17.203+0000] {logging_mixin.py:117} INFO - [2023-06-04T01:00:17.202+0000] {dagbag.py:525} INFO - Filling up the DagBag from /home/airflow/.local/lib/python3.7/site-packages/airflow/example_dags/example_python_operator.py
[2023-06-04T01:00:17.244+0000] {processor.py:768} INFO - DAG(s) dict_keys(['example_python_operator']) retrieved from /home/airflow/.local/lib/python3.7/site-packages/airflow/example_dags/example_python_operator.py
[2023-06-04T01:00:17.301+0000] {logging_mixin.py:117} INFO - [2023-06-04T01:00:17.301+0000] {dag.py:2573} INFO - Sync 1 DAGs
[2023-06-04T01:00:17.337+0000] {logging_mixin.py:117} INFO - [2023-06-04T01:00:17.337+0000] {dag.py:3328} INFO - Setting next_dagrun for example_python_operator to None, run_after=None
[2023-06-04T01:00:17.368+0000] {processor.py:178} INFO - Processing /home/airflow/.local/lib/python3.7/site-packages/airflow/example_dags/example_python_operator.py took 0.177 seconds
[2023-06-04T01:00:47.620+0000] {processor.py:156} INFO - Started process (PID=170) to work on /home/airflow/.local/lib/python3.7/site-packages/airflow/example_dags/example_python_operator.py
[2023-06-04T01:00:47.625+0000] {processor.py:758} INFO - Processing file /home/airflow/.local/lib/python3.7/site-packages/airflow/example_dags/example_python_operator.py for tasks to queue
[2023-06-04T01:00:47.630+0000] {logging_mixin.py:117} INFO - [2023-06-04T01:00:47.630+0000] {dagbag.py:525} INFO - Filling up the DagBag from /home/airflow/.local/lib/python3.7/site-packages/airflow/example_dags/example_python_operator.py
[2023-06-04T01:00:47.678+0000] {processor.py:768} INFO - DAG(s) dict_keys(['example_python_operator']) retrieved from /home/airflow/.local/lib/python3.7/site-packages/airflow/example_dags/example_python_operator.py
[2023-06-04T01:00:47.746+0000] {logging_mixin.py:117} INFO - [2023-06-04T01:00:47.745+0000] {dag.py:2573} INFO - Sync 1 DAGs
[2023-06-04T01:00:47.782+0000] {logging_mixin.py:117} INFO - [2023-06-04T01:00:47.782+0000] {dag.py:3328} INFO - Setting next_dagrun for example_python_operator to None, run_after=None
[2023-06-04T01:00:47.816+0000] {processor.py:178} INFO - Processing /home/airflow/.local/lib/python3.7/site-packages/airflow/example_dags/example_python_operator.py took 0.202 seconds
[2023-06-04T01:01:18.263+0000] {processor.py:156} INFO - Started process (PID=231) to work on /home/airflow/.local/lib/python3.7/site-packages/airflow/example_dags/example_python_operator.py
[2023-06-04T01:01:18.266+0000] {processor.py:758} INFO - Processing file /home/airflow/.local/lib/python3.7/site-packages/airflow/example_dags/example_python_operator.py for tasks to queue
[2023-06-04T01:01:18.267+0000] {logging_mixin.py:117} INFO - [2023-06-04T01:01:18.267+0000] {dagbag.py:525} INFO - Filling up the DagBag from /home/airflow/.local/lib/python3.7/site-packages/airflow/example_dags/example_python_operator.py
[2023-06-04T01:01:18.304+0000] {processor.py:768} INFO - DAG(s) dict_keys(['example_python_operator']) retrieved from /home/airflow/.local/lib/python3.7/site-packages/airflow/example_dags/example_python_operator.py
[2023-06-04T01:01:18.365+0000] {logging_mixin.py:117} INFO - [2023-06-04T01:01:18.365+0000] {dag.py:2573} INFO - Sync 1 DAGs
[2023-06-04T01:01:18.406+0000] {logging_mixin.py:117} INFO - [2023-06-04T01:01:18.406+0000] {dag.py:3328} INFO - Setting next_dagrun for example_python_operator to None, run_after=None
[2023-06-04T01:01:18.446+0000] {processor.py:178} INFO - Processing /home/airflow/.local/lib/python3.7/site-packages/airflow/example_dags/example_python_operator.py took 0.187 seconds
[2023-06-04T01:01:48.725+0000] {processor.py:156} INFO - Started process (PID=287) to work on /home/airflow/.local/lib/python3.7/site-packages/airflow/example_dags/example_python_operator.py
[2023-06-04T01:01:48.727+0000] {processor.py:758} INFO - Processing file /home/airflow/.local/lib/python3.7/site-packages/airflow/example_dags/example_python_operator.py for tasks to queue
[2023-06-04T01:01:48.729+0000] {logging_mixin.py:117} INFO - [2023-06-04T01:01:48.729+0000] {dagbag.py:525} INFO - Filling up the DagBag from /home/airflow/.local/lib/python3.7/site-packages/airflow/example_dags/example_python_operator.py
[2023-06-04T01:01:48.765+0000] {processor.py:768} INFO - DAG(s) dict_keys(['example_python_operator']) retrieved from /home/airflow/.local/lib/python3.7/site-packages/airflow/example_dags/example_python_operator.py
[2023-06-04T01:01:48.821+0000] {logging_mixin.py:117} INFO - [2023-06-04T01:01:48.821+0000] {dag.py:2573} INFO - Sync 1 DAGs
[2023-06-04T01:01:48.858+0000] {logging_mixin.py:117} INFO - [2023-06-04T01:01:48.858+0000] {dag.py:3328} INFO - Setting next_dagrun for example_python_operator to None, run_after=None
[2023-06-04T01:01:48.890+0000] {processor.py:178} INFO - Processing /home/airflow/.local/lib/python3.7/site-packages/airflow/example_dags/example_python_operator.py took 0.170 seconds
[2023-06-04T01:02:18.970+0000] {processor.py:156} INFO - Started process (PID=350) to work on /home/airflow/.local/lib/python3.7/site-packages/airflow/example_dags/example_python_operator.py
[2023-06-04T01:02:18.972+0000] {processor.py:758} INFO - Processing file /home/airflow/.local/lib/python3.7/site-packages/airflow/example_dags/example_python_operator.py for tasks to queue
[2023-06-04T01:02:18.974+0000] {logging_mixin.py:117} INFO - [2023-06-04T01:02:18.974+0000] {dagbag.py:525} INFO - Filling up the DagBag from /home/airflow/.local/lib/python3.7/site-packages/airflow/example_dags/example_python_operator.py
[2023-06-04T01:02:19.012+0000] {processor.py:768} INFO - DAG(s) dict_keys(['example_python_operator']) retrieved from /home/airflow/.local/lib/python3.7/site-packages/airflow/example_dags/example_python_operator.py
[2023-06-04T01:02:19.067+0000] {logging_mixin.py:117} INFO - [2023-06-04T01:02:19.066+0000] {dag.py:2573} INFO - Sync 1 DAGs
[2023-06-04T01:02:19.103+0000] {logging_mixin.py:117} INFO - [2023-06-04T01:02:19.103+0000] {dag.py:3328} INFO - Setting next_dagrun for example_python_operator to None, run_after=None
[2023-06-04T01:02:19.130+0000] {processor.py:178} INFO - Processing /home/airflow/.local/lib/python3.7/site-packages/airflow/example_dags/example_python_operator.py took 0.165 seconds
[2023-06-04T01:02:49.599+0000] {processor.py:156} INFO - Started process (PID=411) to work on /home/airflow/.local/lib/python3.7/site-packages/airflow/example_dags/example_python_operator.py
[2023-06-04T01:02:49.602+0000] {processor.py:758} INFO - Processing file /home/airflow/.local/lib/python3.7/site-packages/airflow/example_dags/example_python_operator.py for tasks to queue
[2023-06-04T01:02:49.604+0000] {logging_mixin.py:117} INFO - [2023-06-04T01:02:49.603+0000] {dagbag.py:525} INFO - Filling up the DagBag from /home/airflow/.local/lib/python3.7/site-packages/airflow/example_dags/example_python_operator.py
[2023-06-04T01:02:49.641+0000] {processor.py:768} INFO - DAG(s) dict_keys(['example_python_operator']) retrieved from /home/airflow/.local/lib/python3.7/site-packages/airflow/example_dags/example_python_operator.py
[2023-06-04T01:02:49.696+0000] {logging_mixin.py:117} INFO - [2023-06-04T01:02:49.696+0000] {dag.py:2573} INFO - Sync 1 DAGs
[2023-06-04T01:02:49.731+0000] {logging_mixin.py:117} INFO - [2023-06-04T01:02:49.731+0000] {dag.py:3328} INFO - Setting next_dagrun for example_python_operator to None, run_after=None
[2023-06-04T01:02:49.760+0000] {processor.py:178} INFO - Processing /home/airflow/.local/lib/python3.7/site-packages/airflow/example_dags/example_python_operator.py took 0.166 seconds
[2023-06-04T01:03:19.944+0000] {processor.py:156} INFO - Started process (PID=467) to work on /home/airflow/.local/lib/python3.7/site-packages/airflow/example_dags/example_python_operator.py
[2023-06-04T01:03:19.949+0000] {processor.py:758} INFO - Processing file /home/airflow/.local/lib/python3.7/site-packages/airflow/example_dags/example_python_operator.py for tasks to queue
[2023-06-04T01:03:19.953+0000] {logging_mixin.py:117} INFO - [2023-06-04T01:03:19.953+0000] {dagbag.py:525} INFO - Filling up the DagBag from /home/airflow/.local/lib/python3.7/site-packages/airflow/example_dags/example_python_operator.py
[2023-06-04T01:03:20.028+0000] {processor.py:768} INFO - DAG(s) dict_keys(['example_python_operator']) retrieved from /home/airflow/.local/lib/python3.7/site-packages/airflow/example_dags/example_python_operator.py
[2023-06-04T01:03:20.134+0000] {logging_mixin.py:117} INFO - [2023-06-04T01:03:20.133+0000] {dag.py:2573} INFO - Sync 1 DAGs
[2023-06-04T01:03:20.194+0000] {logging_mixin.py:117} INFO - [2023-06-04T01:03:20.194+0000] {dag.py:3328} INFO - Setting next_dagrun for example_python_operator to None, run_after=None
[2023-06-04T01:03:20.242+0000] {processor.py:178} INFO - Processing /home/airflow/.local/lib/python3.7/site-packages/airflow/example_dags/example_python_operator.py took 0.322 seconds
[2023-06-04T01:03:50.340+0000] {processor.py:156} INFO - Started process (PID=530) to work on /home/airflow/.local/lib/python3.7/site-packages/airflow/example_dags/example_python_operator.py
[2023-06-04T01:03:50.342+0000] {processor.py:758} INFO - Processing file /home/airflow/.local/lib/python3.7/site-packages/airflow/example_dags/example_python_operator.py for tasks to queue
[2023-06-04T01:03:50.344+0000] {logging_mixin.py:117} INFO - [2023-06-04T01:03:50.344+0000] {dagbag.py:525} INFO - Filling up the DagBag from /home/airflow/.local/lib/python3.7/site-packages/airflow/example_dags/example_python_operator.py
[2023-06-04T01:03:50.378+0000] {processor.py:768} INFO - DAG(s) dict_keys(['example_python_operator']) retrieved from /home/airflow/.local/lib/python3.7/site-packages/airflow/example_dags/example_python_operator.py
[2023-06-04T01:03:50.433+0000] {logging_mixin.py:117} INFO - [2023-06-04T01:03:50.433+0000] {dag.py:2573} INFO - Sync 1 DAGs
[2023-06-04T01:03:50.465+0000] {logging_mixin.py:117} INFO - [2023-06-04T01:03:50.465+0000] {dag.py:3328} INFO - Setting next_dagrun for example_python_operator to None, run_after=None
[2023-06-04T01:03:50.488+0000] {processor.py:178} INFO - Processing /home/airflow/.local/lib/python3.7/site-packages/airflow/example_dags/example_python_operator.py took 0.153 seconds
[2023-06-04T01:04:21.073+0000] {processor.py:156} INFO - Started process (PID=591) to work on /home/airflow/.local/lib/python3.7/site-packages/airflow/example_dags/example_python_operator.py
[2023-06-04T01:04:21.075+0000] {processor.py:758} INFO - Processing file /home/airflow/.local/lib/python3.7/site-packages/airflow/example_dags/example_python_operator.py for tasks to queue
[2023-06-04T01:04:21.077+0000] {logging_mixin.py:117} INFO - [2023-06-04T01:04:21.077+0000] {dagbag.py:525} INFO - Filling up the DagBag from /home/airflow/.local/lib/python3.7/site-packages/airflow/example_dags/example_python_operator.py
[2023-06-04T01:04:21.111+0000] {processor.py:768} INFO - DAG(s) dict_keys(['example_python_operator']) retrieved from /home/airflow/.local/lib/python3.7/site-packages/airflow/example_dags/example_python_operator.py
[2023-06-04T01:04:21.164+0000] {logging_mixin.py:117} INFO - [2023-06-04T01:04:21.164+0000] {dag.py:2573} INFO - Sync 1 DAGs
[2023-06-04T01:04:21.196+0000] {logging_mixin.py:117} INFO - [2023-06-04T01:04:21.196+0000] {dag.py:3328} INFO - Setting next_dagrun for example_python_operator to None, run_after=None
[2023-06-04T01:04:21.222+0000] {processor.py:178} INFO - Processing /home/airflow/.local/lib/python3.7/site-packages/airflow/example_dags/example_python_operator.py took 0.154 seconds
[2023-06-04T01:04:51.781+0000] {processor.py:156} INFO - Started process (PID=648) to work on /home/airflow/.local/lib/python3.7/site-packages/airflow/example_dags/example_python_operator.py
[2023-06-04T01:04:51.785+0000] {processor.py:758} INFO - Processing file /home/airflow/.local/lib/python3.7/site-packages/airflow/example_dags/example_python_operator.py for tasks to queue
[2023-06-04T01:04:51.788+0000] {logging_mixin.py:117} INFO - [2023-06-04T01:04:51.788+0000] {dagbag.py:525} INFO - Filling up the DagBag from /home/airflow/.local/lib/python3.7/site-packages/airflow/example_dags/example_python_operator.py
[2023-06-04T01:04:51.838+0000] {processor.py:768} INFO - DAG(s) dict_keys(['example_python_operator']) retrieved from /home/airflow/.local/lib/python3.7/site-packages/airflow/example_dags/example_python_operator.py
[2023-06-04T01:04:51.920+0000] {logging_mixin.py:117} INFO - [2023-06-04T01:04:51.920+0000] {dag.py:2573} INFO - Sync 1 DAGs
[2023-06-04T01:04:51.970+0000] {logging_mixin.py:117} INFO - [2023-06-04T01:04:51.969+0000] {dag.py:3328} INFO - Setting next_dagrun for example_python_operator to None, run_after=None
[2023-06-04T01:04:51.998+0000] {processor.py:178} INFO - Processing /home/airflow/.local/lib/python3.7/site-packages/airflow/example_dags/example_python_operator.py took 0.222 seconds
[2023-06-04T01:05:56.978+0000] {processor.py:156} INFO - Started process (PID=54) to work on /home/airflow/.local/lib/python3.7/site-packages/airflow/example_dags/example_python_operator.py
[2023-06-04T01:05:56.987+0000] {processor.py:758} INFO - Processing file /home/airflow/.local/lib/python3.7/site-packages/airflow/example_dags/example_python_operator.py for tasks to queue
[2023-06-04T01:05:56.989+0000] {logging_mixin.py:117} INFO - [2023-06-04T01:05:56.989+0000] {dagbag.py:525} INFO - Filling up the DagBag from /home/airflow/.local/lib/python3.7/site-packages/airflow/example_dags/example_python_operator.py
[2023-06-04T01:05:57.073+0000] {processor.py:768} INFO - DAG(s) dict_keys(['example_python_operator']) retrieved from /home/airflow/.local/lib/python3.7/site-packages/airflow/example_dags/example_python_operator.py
[2023-06-04T01:05:57.162+0000] {logging_mixin.py:117} INFO - [2023-06-04T01:05:57.162+0000] {dag.py:2573} INFO - Sync 1 DAGs
[2023-06-04T01:05:57.223+0000] {logging_mixin.py:117} INFO - [2023-06-04T01:05:57.222+0000] {dag.py:3328} INFO - Setting next_dagrun for example_python_operator to None, run_after=None
[2023-06-04T01:05:57.282+0000] {processor.py:178} INFO - Processing /home/airflow/.local/lib/python3.7/site-packages/airflow/example_dags/example_python_operator.py took 0.316 seconds
[2023-06-04T01:06:27.395+0000] {processor.py:156} INFO - Started process (PID=109) to work on /home/airflow/.local/lib/python3.7/site-packages/airflow/example_dags/example_python_operator.py
[2023-06-04T01:06:27.397+0000] {processor.py:758} INFO - Processing file /home/airflow/.local/lib/python3.7/site-packages/airflow/example_dags/example_python_operator.py for tasks to queue
[2023-06-04T01:06:27.399+0000] {logging_mixin.py:117} INFO - [2023-06-04T01:06:27.398+0000] {dagbag.py:525} INFO - Filling up the DagBag from /home/airflow/.local/lib/python3.7/site-packages/airflow/example_dags/example_python_operator.py
[2023-06-04T01:06:27.433+0000] {processor.py:768} INFO - DAG(s) dict_keys(['example_python_operator']) retrieved from /home/airflow/.local/lib/python3.7/site-packages/airflow/example_dags/example_python_operator.py
[2023-06-04T01:06:27.486+0000] {logging_mixin.py:117} INFO - [2023-06-04T01:06:27.486+0000] {dag.py:2573} INFO - Sync 1 DAGs
[2023-06-04T01:06:27.516+0000] {logging_mixin.py:117} INFO - [2023-06-04T01:06:27.516+0000] {dag.py:3328} INFO - Setting next_dagrun for example_python_operator to None, run_after=None
[2023-06-04T01:06:27.540+0000] {processor.py:178} INFO - Processing /home/airflow/.local/lib/python3.7/site-packages/airflow/example_dags/example_python_operator.py took 0.148 seconds
[2023-06-04T01:06:58.273+0000] {processor.py:156} INFO - Started process (PID=175) to work on /home/airflow/.local/lib/python3.7/site-packages/airflow/example_dags/example_python_operator.py
[2023-06-04T01:06:58.276+0000] {processor.py:758} INFO - Processing file /home/airflow/.local/lib/python3.7/site-packages/airflow/example_dags/example_python_operator.py for tasks to queue
[2023-06-04T01:06:58.278+0000] {logging_mixin.py:117} INFO - [2023-06-04T01:06:58.278+0000] {dagbag.py:525} INFO - Filling up the DagBag from /home/airflow/.local/lib/python3.7/site-packages/airflow/example_dags/example_python_operator.py
[2023-06-04T01:06:58.323+0000] {processor.py:768} INFO - DAG(s) dict_keys(['example_python_operator']) retrieved from /home/airflow/.local/lib/python3.7/site-packages/airflow/example_dags/example_python_operator.py
[2023-06-04T01:06:58.382+0000] {logging_mixin.py:117} INFO - [2023-06-04T01:06:58.382+0000] {dag.py:2573} INFO - Sync 1 DAGs
[2023-06-04T01:06:58.414+0000] {logging_mixin.py:117} INFO - [2023-06-04T01:06:58.414+0000] {dag.py:3328} INFO - Setting next_dagrun for example_python_operator to None, run_after=None
[2023-06-04T01:06:58.437+0000] {processor.py:178} INFO - Processing /home/airflow/.local/lib/python3.7/site-packages/airflow/example_dags/example_python_operator.py took 0.169 seconds
[2023-06-04T01:07:29.036+0000] {processor.py:156} INFO - Started process (PID=239) to work on /home/airflow/.local/lib/python3.7/site-packages/airflow/example_dags/example_python_operator.py
[2023-06-04T01:07:29.038+0000] {processor.py:758} INFO - Processing file /home/airflow/.local/lib/python3.7/site-packages/airflow/example_dags/example_python_operator.py for tasks to queue
[2023-06-04T01:07:29.040+0000] {logging_mixin.py:117} INFO - [2023-06-04T01:07:29.039+0000] {dagbag.py:525} INFO - Filling up the DagBag from /home/airflow/.local/lib/python3.7/site-packages/airflow/example_dags/example_python_operator.py
[2023-06-04T01:07:29.076+0000] {processor.py:768} INFO - DAG(s) dict_keys(['example_python_operator']) retrieved from /home/airflow/.local/lib/python3.7/site-packages/airflow/example_dags/example_python_operator.py
[2023-06-04T01:07:29.135+0000] {logging_mixin.py:117} INFO - [2023-06-04T01:07:29.135+0000] {dag.py:2573} INFO - Sync 1 DAGs
[2023-06-04T01:07:29.166+0000] {logging_mixin.py:117} INFO - [2023-06-04T01:07:29.166+0000] {dag.py:3328} INFO - Setting next_dagrun for example_python_operator to None, run_after=None
[2023-06-04T01:07:29.189+0000] {processor.py:178} INFO - Processing /home/airflow/.local/lib/python3.7/site-packages/airflow/example_dags/example_python_operator.py took 0.157 seconds
[2023-06-04T01:07:59.729+0000] {processor.py:156} INFO - Started process (PID=294) to work on /home/airflow/.local/lib/python3.7/site-packages/airflow/example_dags/example_python_operator.py
[2023-06-04T01:07:59.731+0000] {processor.py:758} INFO - Processing file /home/airflow/.local/lib/python3.7/site-packages/airflow/example_dags/example_python_operator.py for tasks to queue
[2023-06-04T01:07:59.732+0000] {logging_mixin.py:117} INFO - [2023-06-04T01:07:59.732+0000] {dagbag.py:525} INFO - Filling up the DagBag from /home/airflow/.local/lib/python3.7/site-packages/airflow/example_dags/example_python_operator.py
[2023-06-04T01:07:59.765+0000] {processor.py:768} INFO - DAG(s) dict_keys(['example_python_operator']) retrieved from /home/airflow/.local/lib/python3.7/site-packages/airflow/example_dags/example_python_operator.py
[2023-06-04T01:07:59.820+0000] {logging_mixin.py:117} INFO - [2023-06-04T01:07:59.820+0000] {dag.py:2573} INFO - Sync 1 DAGs
[2023-06-04T01:07:59.852+0000] {logging_mixin.py:117} INFO - [2023-06-04T01:07:59.852+0000] {dag.py:3328} INFO - Setting next_dagrun for example_python_operator to None, run_after=None
[2023-06-04T01:07:59.876+0000] {processor.py:178} INFO - Processing /home/airflow/.local/lib/python3.7/site-packages/airflow/example_dags/example_python_operator.py took 0.152 seconds
[2023-06-04T01:08:30.526+0000] {processor.py:156} INFO - Started process (PID=358) to work on /home/airflow/.local/lib/python3.7/site-packages/airflow/example_dags/example_python_operator.py
[2023-06-04T01:08:30.529+0000] {processor.py:758} INFO - Processing file /home/airflow/.local/lib/python3.7/site-packages/airflow/example_dags/example_python_operator.py for tasks to queue
[2023-06-04T01:08:30.531+0000] {logging_mixin.py:117} INFO - [2023-06-04T01:08:30.531+0000] {dagbag.py:525} INFO - Filling up the DagBag from /home/airflow/.local/lib/python3.7/site-packages/airflow/example_dags/example_python_operator.py
[2023-06-04T01:08:30.565+0000] {processor.py:768} INFO - DAG(s) dict_keys(['example_python_operator']) retrieved from /home/airflow/.local/lib/python3.7/site-packages/airflow/example_dags/example_python_operator.py
[2023-06-04T01:08:30.619+0000] {logging_mixin.py:117} INFO - [2023-06-04T01:08:30.619+0000] {dag.py:2573} INFO - Sync 1 DAGs
[2023-06-04T01:08:30.652+0000] {logging_mixin.py:117} INFO - [2023-06-04T01:08:30.651+0000] {dag.py:3328} INFO - Setting next_dagrun for example_python_operator to None, run_after=None
[2023-06-04T01:08:30.676+0000] {processor.py:178} INFO - Processing /home/airflow/.local/lib/python3.7/site-packages/airflow/example_dags/example_python_operator.py took 0.156 seconds
[2023-06-04T01:09:01.307+0000] {processor.py:156} INFO - Started process (PID=422) to work on /home/airflow/.local/lib/python3.7/site-packages/airflow/example_dags/example_python_operator.py
[2023-06-04T01:09:01.309+0000] {processor.py:758} INFO - Processing file /home/airflow/.local/lib/python3.7/site-packages/airflow/example_dags/example_python_operator.py for tasks to queue
[2023-06-04T01:09:01.311+0000] {logging_mixin.py:117} INFO - [2023-06-04T01:09:01.311+0000] {dagbag.py:525} INFO - Filling up the DagBag from /home/airflow/.local/lib/python3.7/site-packages/airflow/example_dags/example_python_operator.py
[2023-06-04T01:09:01.355+0000] {processor.py:768} INFO - DAG(s) dict_keys(['example_python_operator']) retrieved from /home/airflow/.local/lib/python3.7/site-packages/airflow/example_dags/example_python_operator.py
[2023-06-04T01:09:01.422+0000] {logging_mixin.py:117} INFO - [2023-06-04T01:09:01.421+0000] {dag.py:2573} INFO - Sync 1 DAGs
[2023-06-04T01:09:01.467+0000] {logging_mixin.py:117} INFO - [2023-06-04T01:09:01.467+0000] {dag.py:3328} INFO - Setting next_dagrun for example_python_operator to None, run_after=None
[2023-06-04T01:09:01.503+0000] {processor.py:178} INFO - Processing /home/airflow/.local/lib/python3.7/site-packages/airflow/example_dags/example_python_operator.py took 0.201 seconds
[2023-06-04T01:09:32.369+0000] {processor.py:156} INFO - Started process (PID=486) to work on /home/airflow/.local/lib/python3.7/site-packages/airflow/example_dags/example_python_operator.py
[2023-06-04T01:09:32.371+0000] {processor.py:758} INFO - Processing file /home/airflow/.local/lib/python3.7/site-packages/airflow/example_dags/example_python_operator.py for tasks to queue
[2023-06-04T01:09:32.373+0000] {logging_mixin.py:117} INFO - [2023-06-04T01:09:32.373+0000] {dagbag.py:525} INFO - Filling up the DagBag from /home/airflow/.local/lib/python3.7/site-packages/airflow/example_dags/example_python_operator.py
[2023-06-04T01:09:32.413+0000] {processor.py:768} INFO - DAG(s) dict_keys(['example_python_operator']) retrieved from /home/airflow/.local/lib/python3.7/site-packages/airflow/example_dags/example_python_operator.py
[2023-06-04T01:09:32.477+0000] {logging_mixin.py:117} INFO - [2023-06-04T01:09:32.477+0000] {dag.py:2573} INFO - Sync 1 DAGs
[2023-06-04T01:09:32.510+0000] {logging_mixin.py:117} INFO - [2023-06-04T01:09:32.509+0000] {dag.py:3328} INFO - Setting next_dagrun for example_python_operator to None, run_after=None
[2023-06-04T01:09:32.535+0000] {processor.py:178} INFO - Processing /home/airflow/.local/lib/python3.7/site-packages/airflow/example_dags/example_python_operator.py took 0.171 seconds
[2023-06-04T01:10:03.281+0000] {processor.py:156} INFO - Started process (PID=541) to work on /home/airflow/.local/lib/python3.7/site-packages/airflow/example_dags/example_python_operator.py
[2023-06-04T01:10:03.283+0000] {processor.py:758} INFO - Processing file /home/airflow/.local/lib/python3.7/site-packages/airflow/example_dags/example_python_operator.py for tasks to queue
[2023-06-04T01:10:03.285+0000] {logging_mixin.py:117} INFO - [2023-06-04T01:10:03.285+0000] {dagbag.py:525} INFO - Filling up the DagBag from /home/airflow/.local/lib/python3.7/site-packages/airflow/example_dags/example_python_operator.py
[2023-06-04T01:10:03.319+0000] {processor.py:768} INFO - DAG(s) dict_keys(['example_python_operator']) retrieved from /home/airflow/.local/lib/python3.7/site-packages/airflow/example_dags/example_python_operator.py
[2023-06-04T01:10:03.375+0000] {logging_mixin.py:117} INFO - [2023-06-04T01:10:03.375+0000] {dag.py:2573} INFO - Sync 1 DAGs
[2023-06-04T01:10:03.406+0000] {logging_mixin.py:117} INFO - [2023-06-04T01:10:03.406+0000] {dag.py:3328} INFO - Setting next_dagrun for example_python_operator to None, run_after=None
[2023-06-04T01:10:03.430+0000] {processor.py:178} INFO - Processing /home/airflow/.local/lib/python3.7/site-packages/airflow/example_dags/example_python_operator.py took 0.154 seconds
[2023-06-04T01:10:33.599+0000] {processor.py:156} INFO - Started process (PID=605) to work on /home/airflow/.local/lib/python3.7/site-packages/airflow/example_dags/example_python_operator.py
[2023-06-04T01:10:33.602+0000] {processor.py:758} INFO - Processing file /home/airflow/.local/lib/python3.7/site-packages/airflow/example_dags/example_python_operator.py for tasks to queue
[2023-06-04T01:10:33.604+0000] {logging_mixin.py:117} INFO - [2023-06-04T01:10:33.603+0000] {dagbag.py:525} INFO - Filling up the DagBag from /home/airflow/.local/lib/python3.7/site-packages/airflow/example_dags/example_python_operator.py
[2023-06-04T01:10:33.642+0000] {processor.py:768} INFO - DAG(s) dict_keys(['example_python_operator']) retrieved from /home/airflow/.local/lib/python3.7/site-packages/airflow/example_dags/example_python_operator.py
[2023-06-04T01:10:33.699+0000] {logging_mixin.py:117} INFO - [2023-06-04T01:10:33.698+0000] {dag.py:2573} INFO - Sync 1 DAGs
[2023-06-04T01:10:33.733+0000] {logging_mixin.py:117} INFO - [2023-06-04T01:10:33.733+0000] {dag.py:3328} INFO - Setting next_dagrun for example_python_operator to None, run_after=None
[2023-06-04T01:10:33.762+0000] {processor.py:178} INFO - Processing /home/airflow/.local/lib/python3.7/site-packages/airflow/example_dags/example_python_operator.py took 0.168 seconds
[2023-06-04T01:11:04.481+0000] {processor.py:156} INFO - Started process (PID=669) to work on /home/airflow/.local/lib/python3.7/site-packages/airflow/example_dags/example_python_operator.py
[2023-06-04T01:11:04.483+0000] {processor.py:758} INFO - Processing file /home/airflow/.local/lib/python3.7/site-packages/airflow/example_dags/example_python_operator.py for tasks to queue
[2023-06-04T01:11:04.485+0000] {logging_mixin.py:117} INFO - [2023-06-04T01:11:04.485+0000] {dagbag.py:525} INFO - Filling up the DagBag from /home/airflow/.local/lib/python3.7/site-packages/airflow/example_dags/example_python_operator.py
[2023-06-04T01:11:04.518+0000] {processor.py:768} INFO - DAG(s) dict_keys(['example_python_operator']) retrieved from /home/airflow/.local/lib/python3.7/site-packages/airflow/example_dags/example_python_operator.py
[2023-06-04T01:11:04.571+0000] {logging_mixin.py:117} INFO - [2023-06-04T01:11:04.571+0000] {dag.py:2573} INFO - Sync 1 DAGs
[2023-06-04T01:11:04.605+0000] {logging_mixin.py:117} INFO - [2023-06-04T01:11:04.605+0000] {dag.py:3328} INFO - Setting next_dagrun for example_python_operator to None, run_after=None
[2023-06-04T01:11:04.628+0000] {processor.py:178} INFO - Processing /home/airflow/.local/lib/python3.7/site-packages/airflow/example_dags/example_python_operator.py took 0.152 seconds
[2023-06-04T01:11:35.249+0000] {processor.py:156} INFO - Started process (PID=724) to work on /home/airflow/.local/lib/python3.7/site-packages/airflow/example_dags/example_python_operator.py
[2023-06-04T01:11:35.251+0000] {processor.py:758} INFO - Processing file /home/airflow/.local/lib/python3.7/site-packages/airflow/example_dags/example_python_operator.py for tasks to queue
[2023-06-04T01:11:35.255+0000] {logging_mixin.py:117} INFO - [2023-06-04T01:11:35.254+0000] {dagbag.py:525} INFO - Filling up the DagBag from /home/airflow/.local/lib/python3.7/site-packages/airflow/example_dags/example_python_operator.py
[2023-06-04T01:11:35.290+0000] {processor.py:768} INFO - DAG(s) dict_keys(['example_python_operator']) retrieved from /home/airflow/.local/lib/python3.7/site-packages/airflow/example_dags/example_python_operator.py
[2023-06-04T01:11:35.346+0000] {logging_mixin.py:117} INFO - [2023-06-04T01:11:35.345+0000] {dag.py:2573} INFO - Sync 1 DAGs
[2023-06-04T01:11:35.377+0000] {logging_mixin.py:117} INFO - [2023-06-04T01:11:35.377+0000] {dag.py:3328} INFO - Setting next_dagrun for example_python_operator to None, run_after=None
[2023-06-04T01:11:35.400+0000] {processor.py:178} INFO - Processing /home/airflow/.local/lib/python3.7/site-packages/airflow/example_dags/example_python_operator.py took 0.155 seconds
[2023-06-04T01:12:05.667+0000] {processor.py:156} INFO - Started process (PID=788) to work on /home/airflow/.local/lib/python3.7/site-packages/airflow/example_dags/example_python_operator.py
[2023-06-04T01:12:05.669+0000] {processor.py:758} INFO - Processing file /home/airflow/.local/lib/python3.7/site-packages/airflow/example_dags/example_python_operator.py for tasks to queue
[2023-06-04T01:12:05.671+0000] {logging_mixin.py:117} INFO - [2023-06-04T01:12:05.671+0000] {dagbag.py:525} INFO - Filling up the DagBag from /home/airflow/.local/lib/python3.7/site-packages/airflow/example_dags/example_python_operator.py
[2023-06-04T01:12:05.706+0000] {processor.py:768} INFO - DAG(s) dict_keys(['example_python_operator']) retrieved from /home/airflow/.local/lib/python3.7/site-packages/airflow/example_dags/example_python_operator.py
[2023-06-04T01:12:05.772+0000] {logging_mixin.py:117} INFO - [2023-06-04T01:12:05.771+0000] {dag.py:2573} INFO - Sync 1 DAGs
[2023-06-04T01:12:05.807+0000] {logging_mixin.py:117} INFO - [2023-06-04T01:12:05.807+0000] {dag.py:3328} INFO - Setting next_dagrun for example_python_operator to None, run_after=None
[2023-06-04T01:12:05.835+0000] {processor.py:178} INFO - Processing /home/airflow/.local/lib/python3.7/site-packages/airflow/example_dags/example_python_operator.py took 0.172 seconds
[2023-06-04T01:12:36.193+0000] {processor.py:156} INFO - Started process (PID=852) to work on /home/airflow/.local/lib/python3.7/site-packages/airflow/example_dags/example_python_operator.py
[2023-06-04T01:12:36.195+0000] {processor.py:758} INFO - Processing file /home/airflow/.local/lib/python3.7/site-packages/airflow/example_dags/example_python_operator.py for tasks to queue
[2023-06-04T01:12:36.197+0000] {logging_mixin.py:117} INFO - [2023-06-04T01:12:36.196+0000] {dagbag.py:525} INFO - Filling up the DagBag from /home/airflow/.local/lib/python3.7/site-packages/airflow/example_dags/example_python_operator.py
[2023-06-04T01:12:36.231+0000] {processor.py:768} INFO - DAG(s) dict_keys(['example_python_operator']) retrieved from /home/airflow/.local/lib/python3.7/site-packages/airflow/example_dags/example_python_operator.py
[2023-06-04T01:12:36.288+0000] {logging_mixin.py:117} INFO - [2023-06-04T01:12:36.288+0000] {dag.py:2573} INFO - Sync 1 DAGs
[2023-06-04T01:12:36.322+0000] {logging_mixin.py:117} INFO - [2023-06-04T01:12:36.322+0000] {dag.py:3328} INFO - Setting next_dagrun for example_python_operator to None, run_after=None
[2023-06-04T01:12:36.346+0000] {processor.py:178} INFO - Processing /home/airflow/.local/lib/python3.7/site-packages/airflow/example_dags/example_python_operator.py took 0.157 seconds
[2023-06-04T01:13:06.523+0000] {processor.py:156} INFO - Started process (PID=907) to work on /home/airflow/.local/lib/python3.7/site-packages/airflow/example_dags/example_python_operator.py
[2023-06-04T01:13:06.525+0000] {processor.py:758} INFO - Processing file /home/airflow/.local/lib/python3.7/site-packages/airflow/example_dags/example_python_operator.py for tasks to queue
[2023-06-04T01:13:06.527+0000] {logging_mixin.py:117} INFO - [2023-06-04T01:13:06.527+0000] {dagbag.py:525} INFO - Filling up the DagBag from /home/airflow/.local/lib/python3.7/site-packages/airflow/example_dags/example_python_operator.py
[2023-06-04T01:13:06.564+0000] {processor.py:768} INFO - DAG(s) dict_keys(['example_python_operator']) retrieved from /home/airflow/.local/lib/python3.7/site-packages/airflow/example_dags/example_python_operator.py
[2023-06-04T01:13:06.620+0000] {logging_mixin.py:117} INFO - [2023-06-04T01:13:06.620+0000] {dag.py:2573} INFO - Sync 1 DAGs
[2023-06-04T01:13:06.656+0000] {logging_mixin.py:117} INFO - [2023-06-04T01:13:06.656+0000] {dag.py:3328} INFO - Setting next_dagrun for example_python_operator to None, run_after=None
[2023-06-04T01:13:06.689+0000] {processor.py:178} INFO - Processing /home/airflow/.local/lib/python3.7/site-packages/airflow/example_dags/example_python_operator.py took 0.171 seconds
[2023-06-04T01:13:36.964+0000] {processor.py:156} INFO - Started process (PID=971) to work on /home/airflow/.local/lib/python3.7/site-packages/airflow/example_dags/example_python_operator.py
[2023-06-04T01:13:36.966+0000] {processor.py:758} INFO - Processing file /home/airflow/.local/lib/python3.7/site-packages/airflow/example_dags/example_python_operator.py for tasks to queue
[2023-06-04T01:13:36.968+0000] {logging_mixin.py:117} INFO - [2023-06-04T01:13:36.968+0000] {dagbag.py:525} INFO - Filling up the DagBag from /home/airflow/.local/lib/python3.7/site-packages/airflow/example_dags/example_python_operator.py
[2023-06-04T01:13:37.005+0000] {processor.py:768} INFO - DAG(s) dict_keys(['example_python_operator']) retrieved from /home/airflow/.local/lib/python3.7/site-packages/airflow/example_dags/example_python_operator.py
[2023-06-04T01:13:37.067+0000] {logging_mixin.py:117} INFO - [2023-06-04T01:13:37.067+0000] {dag.py:2573} INFO - Sync 1 DAGs
[2023-06-04T01:13:37.099+0000] {logging_mixin.py:117} INFO - [2023-06-04T01:13:37.099+0000] {dag.py:3328} INFO - Setting next_dagrun for example_python_operator to None, run_after=None
[2023-06-04T01:13:37.123+0000] {processor.py:178} INFO - Processing /home/airflow/.local/lib/python3.7/site-packages/airflow/example_dags/example_python_operator.py took 0.164 seconds
[2023-06-04T01:14:08.175+0000] {processor.py:156} INFO - Started process (PID=1034) to work on /home/airflow/.local/lib/python3.7/site-packages/airflow/example_dags/example_python_operator.py
[2023-06-04T01:14:08.179+0000] {processor.py:758} INFO - Processing file /home/airflow/.local/lib/python3.7/site-packages/airflow/example_dags/example_python_operator.py for tasks to queue
[2023-06-04T01:14:08.182+0000] {logging_mixin.py:117} INFO - [2023-06-04T01:14:08.181+0000] {dagbag.py:525} INFO - Filling up the DagBag from /home/airflow/.local/lib/python3.7/site-packages/airflow/example_dags/example_python_operator.py
[2023-06-04T01:14:08.224+0000] {processor.py:768} INFO - DAG(s) dict_keys(['example_python_operator']) retrieved from /home/airflow/.local/lib/python3.7/site-packages/airflow/example_dags/example_python_operator.py
[2023-06-04T01:14:08.291+0000] {logging_mixin.py:117} INFO - [2023-06-04T01:14:08.291+0000] {dag.py:2573} INFO - Sync 1 DAGs
[2023-06-04T01:14:08.349+0000] {logging_mixin.py:117} INFO - [2023-06-04T01:14:08.349+0000] {dag.py:3328} INFO - Setting next_dagrun for example_python_operator to None, run_after=None
[2023-06-04T01:14:08.386+0000] {processor.py:178} INFO - Processing /home/airflow/.local/lib/python3.7/site-packages/airflow/example_dags/example_python_operator.py took 0.217 seconds
[2023-06-04T01:14:38.883+0000] {processor.py:156} INFO - Started process (PID=1089) to work on /home/airflow/.local/lib/python3.7/site-packages/airflow/example_dags/example_python_operator.py
[2023-06-04T01:14:38.887+0000] {processor.py:758} INFO - Processing file /home/airflow/.local/lib/python3.7/site-packages/airflow/example_dags/example_python_operator.py for tasks to queue
[2023-06-04T01:14:38.891+0000] {logging_mixin.py:117} INFO - [2023-06-04T01:14:38.890+0000] {dagbag.py:525} INFO - Filling up the DagBag from /home/airflow/.local/lib/python3.7/site-packages/airflow/example_dags/example_python_operator.py
[2023-06-04T01:14:38.955+0000] {processor.py:768} INFO - DAG(s) dict_keys(['example_python_operator']) retrieved from /home/airflow/.local/lib/python3.7/site-packages/airflow/example_dags/example_python_operator.py
[2023-06-04T01:14:39.045+0000] {logging_mixin.py:117} INFO - [2023-06-04T01:14:39.045+0000] {dag.py:2573} INFO - Sync 1 DAGs
[2023-06-04T01:14:39.096+0000] {logging_mixin.py:117} INFO - [2023-06-04T01:14:39.096+0000] {dag.py:3328} INFO - Setting next_dagrun for example_python_operator to None, run_after=None
[2023-06-04T01:14:39.136+0000] {processor.py:178} INFO - Processing /home/airflow/.local/lib/python3.7/site-packages/airflow/example_dags/example_python_operator.py took 0.260 seconds
[2023-06-04T01:15:09.375+0000] {processor.py:156} INFO - Started process (PID=1152) to work on /home/airflow/.local/lib/python3.7/site-packages/airflow/example_dags/example_python_operator.py
[2023-06-04T01:15:09.378+0000] {processor.py:758} INFO - Processing file /home/airflow/.local/lib/python3.7/site-packages/airflow/example_dags/example_python_operator.py for tasks to queue
[2023-06-04T01:15:09.380+0000] {logging_mixin.py:117} INFO - [2023-06-04T01:15:09.380+0000] {dagbag.py:525} INFO - Filling up the DagBag from /home/airflow/.local/lib/python3.7/site-packages/airflow/example_dags/example_python_operator.py
[2023-06-04T01:15:09.419+0000] {processor.py:768} INFO - DAG(s) dict_keys(['example_python_operator']) retrieved from /home/airflow/.local/lib/python3.7/site-packages/airflow/example_dags/example_python_operator.py
[2023-06-04T01:15:09.481+0000] {logging_mixin.py:117} INFO - [2023-06-04T01:15:09.481+0000] {dag.py:2573} INFO - Sync 1 DAGs
[2023-06-04T01:15:09.521+0000] {logging_mixin.py:117} INFO - [2023-06-04T01:15:09.521+0000] {dag.py:3328} INFO - Setting next_dagrun for example_python_operator to None, run_after=None
[2023-06-04T01:15:09.554+0000] {processor.py:178} INFO - Processing /home/airflow/.local/lib/python3.7/site-packages/airflow/example_dags/example_python_operator.py took 0.185 seconds
[2023-06-04T01:15:40.091+0000] {processor.py:156} INFO - Started process (PID=1216) to work on /home/airflow/.local/lib/python3.7/site-packages/airflow/example_dags/example_python_operator.py
[2023-06-04T01:15:40.095+0000] {processor.py:758} INFO - Processing file /home/airflow/.local/lib/python3.7/site-packages/airflow/example_dags/example_python_operator.py for tasks to queue
[2023-06-04T01:15:40.099+0000] {logging_mixin.py:117} INFO - [2023-06-04T01:15:40.098+0000] {dagbag.py:525} INFO - Filling up the DagBag from /home/airflow/.local/lib/python3.7/site-packages/airflow/example_dags/example_python_operator.py
[2023-06-04T01:15:40.166+0000] {processor.py:768} INFO - DAG(s) dict_keys(['example_python_operator']) retrieved from /home/airflow/.local/lib/python3.7/site-packages/airflow/example_dags/example_python_operator.py
[2023-06-04T01:15:40.268+0000] {logging_mixin.py:117} INFO - [2023-06-04T01:15:40.268+0000] {dag.py:2573} INFO - Sync 1 DAGs
[2023-06-04T01:15:40.324+0000] {logging_mixin.py:117} INFO - [2023-06-04T01:15:40.324+0000] {dag.py:3328} INFO - Setting next_dagrun for example_python_operator to None, run_after=None
[2023-06-04T01:15:40.358+0000] {processor.py:178} INFO - Processing /home/airflow/.local/lib/python3.7/site-packages/airflow/example_dags/example_python_operator.py took 0.273 seconds
[2023-06-04T01:16:10.517+0000] {processor.py:156} INFO - Started process (PID=1271) to work on /home/airflow/.local/lib/python3.7/site-packages/airflow/example_dags/example_python_operator.py
[2023-06-04T01:16:10.521+0000] {processor.py:758} INFO - Processing file /home/airflow/.local/lib/python3.7/site-packages/airflow/example_dags/example_python_operator.py for tasks to queue
[2023-06-04T01:16:10.524+0000] {logging_mixin.py:117} INFO - [2023-06-04T01:16:10.524+0000] {dagbag.py:525} INFO - Filling up the DagBag from /home/airflow/.local/lib/python3.7/site-packages/airflow/example_dags/example_python_operator.py
[2023-06-04T01:16:10.581+0000] {processor.py:768} INFO - DAG(s) dict_keys(['example_python_operator']) retrieved from /home/airflow/.local/lib/python3.7/site-packages/airflow/example_dags/example_python_operator.py
[2023-06-04T01:16:10.646+0000] {logging_mixin.py:117} INFO - [2023-06-04T01:16:10.646+0000] {dag.py:2573} INFO - Sync 1 DAGs
[2023-06-04T01:16:10.687+0000] {logging_mixin.py:117} INFO - [2023-06-04T01:16:10.687+0000] {dag.py:3328} INFO - Setting next_dagrun for example_python_operator to None, run_after=None
[2023-06-04T01:16:10.722+0000] {processor.py:178} INFO - Processing /home/airflow/.local/lib/python3.7/site-packages/airflow/example_dags/example_python_operator.py took 0.210 seconds
[2023-06-04T01:16:41.052+0000] {processor.py:156} INFO - Started process (PID=1335) to work on /home/airflow/.local/lib/python3.7/site-packages/airflow/example_dags/example_python_operator.py
[2023-06-04T01:16:41.055+0000] {processor.py:758} INFO - Processing file /home/airflow/.local/lib/python3.7/site-packages/airflow/example_dags/example_python_operator.py for tasks to queue
[2023-06-04T01:16:41.056+0000] {logging_mixin.py:117} INFO - [2023-06-04T01:16:41.056+0000] {dagbag.py:525} INFO - Filling up the DagBag from /home/airflow/.local/lib/python3.7/site-packages/airflow/example_dags/example_python_operator.py
[2023-06-04T01:16:41.093+0000] {processor.py:768} INFO - DAG(s) dict_keys(['example_python_operator']) retrieved from /home/airflow/.local/lib/python3.7/site-packages/airflow/example_dags/example_python_operator.py
[2023-06-04T01:16:41.147+0000] {logging_mixin.py:117} INFO - [2023-06-04T01:16:41.147+0000] {dag.py:2573} INFO - Sync 1 DAGs
[2023-06-04T01:16:41.179+0000] {logging_mixin.py:117} INFO - [2023-06-04T01:16:41.179+0000] {dag.py:3328} INFO - Setting next_dagrun for example_python_operator to None, run_after=None
[2023-06-04T01:16:41.205+0000] {processor.py:178} INFO - Processing /home/airflow/.local/lib/python3.7/site-packages/airflow/example_dags/example_python_operator.py took 0.157 seconds
[2023-06-04T01:17:11.730+0000] {processor.py:156} INFO - Started process (PID=1397) to work on /home/airflow/.local/lib/python3.7/site-packages/airflow/example_dags/example_python_operator.py
[2023-06-04T01:17:11.733+0000] {processor.py:758} INFO - Processing file /home/airflow/.local/lib/python3.7/site-packages/airflow/example_dags/example_python_operator.py for tasks to queue
[2023-06-04T01:17:11.737+0000] {logging_mixin.py:117} INFO - [2023-06-04T01:17:11.736+0000] {dagbag.py:525} INFO - Filling up the DagBag from /home/airflow/.local/lib/python3.7/site-packages/airflow/example_dags/example_python_operator.py
[2023-06-04T01:17:11.778+0000] {processor.py:768} INFO - DAG(s) dict_keys(['example_python_operator']) retrieved from /home/airflow/.local/lib/python3.7/site-packages/airflow/example_dags/example_python_operator.py
[2023-06-04T01:17:11.844+0000] {logging_mixin.py:117} INFO - [2023-06-04T01:17:11.843+0000] {dag.py:2573} INFO - Sync 1 DAGs
[2023-06-04T01:17:11.884+0000] {logging_mixin.py:117} INFO - [2023-06-04T01:17:11.883+0000] {dag.py:3328} INFO - Setting next_dagrun for example_python_operator to None, run_after=None
[2023-06-04T01:17:11.914+0000] {processor.py:178} INFO - Processing /home/airflow/.local/lib/python3.7/site-packages/airflow/example_dags/example_python_operator.py took 0.189 seconds
[2023-06-04T01:17:41.972+0000] {processor.py:156} INFO - Started process (PID=1454) to work on /home/airflow/.local/lib/python3.7/site-packages/airflow/example_dags/example_python_operator.py
[2023-06-04T01:17:41.974+0000] {processor.py:758} INFO - Processing file /home/airflow/.local/lib/python3.7/site-packages/airflow/example_dags/example_python_operator.py for tasks to queue
[2023-06-04T01:17:41.976+0000] {logging_mixin.py:117} INFO - [2023-06-04T01:17:41.976+0000] {dagbag.py:525} INFO - Filling up the DagBag from /home/airflow/.local/lib/python3.7/site-packages/airflow/example_dags/example_python_operator.py
[2023-06-04T01:17:42.011+0000] {processor.py:768} INFO - DAG(s) dict_keys(['example_python_operator']) retrieved from /home/airflow/.local/lib/python3.7/site-packages/airflow/example_dags/example_python_operator.py
[2023-06-04T01:17:42.070+0000] {logging_mixin.py:117} INFO - [2023-06-04T01:17:42.070+0000] {dag.py:2573} INFO - Sync 1 DAGs
[2023-06-04T01:17:42.105+0000] {logging_mixin.py:117} INFO - [2023-06-04T01:17:42.105+0000] {dag.py:3328} INFO - Setting next_dagrun for example_python_operator to None, run_after=None
[2023-06-04T01:17:42.128+0000] {processor.py:178} INFO - Processing /home/airflow/.local/lib/python3.7/site-packages/airflow/example_dags/example_python_operator.py took 0.162 seconds
[2023-06-04T01:18:12.209+0000] {processor.py:156} INFO - Started process (PID=1518) to work on /home/airflow/.local/lib/python3.7/site-packages/airflow/example_dags/example_python_operator.py
[2023-06-04T01:18:12.211+0000] {processor.py:758} INFO - Processing file /home/airflow/.local/lib/python3.7/site-packages/airflow/example_dags/example_python_operator.py for tasks to queue
[2023-06-04T01:18:12.212+0000] {logging_mixin.py:117} INFO - [2023-06-04T01:18:12.212+0000] {dagbag.py:525} INFO - Filling up the DagBag from /home/airflow/.local/lib/python3.7/site-packages/airflow/example_dags/example_python_operator.py
[2023-06-04T01:18:12.248+0000] {processor.py:768} INFO - DAG(s) dict_keys(['example_python_operator']) retrieved from /home/airflow/.local/lib/python3.7/site-packages/airflow/example_dags/example_python_operator.py
[2023-06-04T01:18:12.306+0000] {logging_mixin.py:117} INFO - [2023-06-04T01:18:12.306+0000] {dag.py:2573} INFO - Sync 1 DAGs
[2023-06-04T01:18:12.340+0000] {logging_mixin.py:117} INFO - [2023-06-04T01:18:12.340+0000] {dag.py:3328} INFO - Setting next_dagrun for example_python_operator to None, run_after=None
[2023-06-04T01:18:12.364+0000] {processor.py:178} INFO - Processing /home/airflow/.local/lib/python3.7/site-packages/airflow/example_dags/example_python_operator.py took 0.160 seconds
[2023-06-04T01:18:42.635+0000] {processor.py:156} INFO - Started process (PID=1573) to work on /home/airflow/.local/lib/python3.7/site-packages/airflow/example_dags/example_python_operator.py
[2023-06-04T01:18:42.638+0000] {processor.py:758} INFO - Processing file /home/airflow/.local/lib/python3.7/site-packages/airflow/example_dags/example_python_operator.py for tasks to queue
[2023-06-04T01:18:42.640+0000] {logging_mixin.py:117} INFO - [2023-06-04T01:18:42.640+0000] {dagbag.py:525} INFO - Filling up the DagBag from /home/airflow/.local/lib/python3.7/site-packages/airflow/example_dags/example_python_operator.py
[2023-06-04T01:18:42.679+0000] {processor.py:768} INFO - DAG(s) dict_keys(['example_python_operator']) retrieved from /home/airflow/.local/lib/python3.7/site-packages/airflow/example_dags/example_python_operator.py
[2023-06-04T01:18:42.737+0000] {logging_mixin.py:117} INFO - [2023-06-04T01:18:42.736+0000] {dag.py:2573} INFO - Sync 1 DAGs
[2023-06-04T01:18:42.769+0000] {logging_mixin.py:117} INFO - [2023-06-04T01:18:42.769+0000] {dag.py:3328} INFO - Setting next_dagrun for example_python_operator to None, run_after=None
[2023-06-04T01:18:42.794+0000] {processor.py:178} INFO - Processing /home/airflow/.local/lib/python3.7/site-packages/airflow/example_dags/example_python_operator.py took 0.164 seconds
[2023-06-04T01:19:12.876+0000] {processor.py:156} INFO - Started process (PID=1636) to work on /home/airflow/.local/lib/python3.7/site-packages/airflow/example_dags/example_python_operator.py
[2023-06-04T01:19:12.879+0000] {processor.py:758} INFO - Processing file /home/airflow/.local/lib/python3.7/site-packages/airflow/example_dags/example_python_operator.py for tasks to queue
[2023-06-04T01:19:12.880+0000] {logging_mixin.py:117} INFO - [2023-06-04T01:19:12.880+0000] {dagbag.py:525} INFO - Filling up the DagBag from /home/airflow/.local/lib/python3.7/site-packages/airflow/example_dags/example_python_operator.py
[2023-06-04T01:19:12.917+0000] {processor.py:768} INFO - DAG(s) dict_keys(['example_python_operator']) retrieved from /home/airflow/.local/lib/python3.7/site-packages/airflow/example_dags/example_python_operator.py
[2023-06-04T01:19:12.973+0000] {logging_mixin.py:117} INFO - [2023-06-04T01:19:12.973+0000] {dag.py:2573} INFO - Sync 1 DAGs
[2023-06-04T01:19:13.008+0000] {logging_mixin.py:117} INFO - [2023-06-04T01:19:13.008+0000] {dag.py:3328} INFO - Setting next_dagrun for example_python_operator to None, run_after=None
[2023-06-04T01:19:13.032+0000] {processor.py:178} INFO - Processing /home/airflow/.local/lib/python3.7/site-packages/airflow/example_dags/example_python_operator.py took 0.160 seconds
[2023-06-04T01:20:39.072+0000] {processor.py:157} INFO - Started process (PID=52) to work on /home/airflow/.local/lib/python3.7/site-packages/airflow/example_dags/example_python_operator.py
[2023-06-04T01:20:39.076+0000] {processor.py:826} INFO - Processing file /home/airflow/.local/lib/python3.7/site-packages/airflow/example_dags/example_python_operator.py for tasks to queue
[2023-06-04T01:20:39.081+0000] {logging_mixin.py:149} INFO - [2023-06-04T01:20:39.080+0000] {dagbag.py:541} INFO - Filling up the DagBag from /home/airflow/.local/lib/python3.7/site-packages/airflow/example_dags/example_python_operator.py
[2023-06-04T01:20:39.108+0000] {logging_mixin.py:149} INFO - [2023-06-04T01:20:39.106+0000] {taskmixin.py:211} WARNING - Dependency <Task(_PythonDecoratedOperator): print_the_context>, log_sql_query already registered for DAG: example_python_operator
[2023-06-04T01:20:39.148+0000] {logging_mixin.py:149} INFO - [2023-06-04T01:20:39.148+0000] {taskmixin.py:211} WARNING - Dependency <Task(_PythonDecoratedOperator): log_sql_query>, print_the_context already registered for DAG: example_python_operator
[2023-06-04T01:20:39.162+0000] {logging_mixin.py:149} INFO - [2023-06-04T01:20:39.162+0000] {taskmixin.py:211} WARNING - Dependency <Task(_PythonDecoratedOperator): print_the_context>, log_sql_query already registered for DAG: example_python_operator
[2023-06-04T01:20:39.166+0000] {logging_mixin.py:149} INFO - [2023-06-04T01:20:39.165+0000] {taskmixin.py:211} WARNING - Dependency <Task(_PythonDecoratedOperator): log_sql_query>, print_the_context already registered for DAG: example_python_operator
[2023-06-04T01:20:39.173+0000] {logging_mixin.py:149} INFO - [2023-06-04T01:20:39.172+0000] {taskmixin.py:211} WARNING - Dependency <Task(_PythonDecoratedOperator): print_the_context>, log_sql_query already registered for DAG: example_python_operator
[2023-06-04T01:20:39.175+0000] {logging_mixin.py:149} INFO - [2023-06-04T01:20:39.175+0000] {taskmixin.py:211} WARNING - Dependency <Task(_PythonDecoratedOperator): log_sql_query>, print_the_context already registered for DAG: example_python_operator
[2023-06-04T01:20:39.178+0000] {logging_mixin.py:149} INFO - [2023-06-04T01:20:39.178+0000] {taskmixin.py:211} WARNING - Dependency <Task(_PythonDecoratedOperator): print_the_context>, log_sql_query already registered for DAG: example_python_operator
[2023-06-04T01:20:39.180+0000] {logging_mixin.py:149} INFO - [2023-06-04T01:20:39.180+0000] {taskmixin.py:211} WARNING - Dependency <Task(_PythonDecoratedOperator): log_sql_query>, print_the_context already registered for DAG: example_python_operator
[2023-06-04T01:20:39.194+0000] {processor.py:836} INFO - DAG(s) dict_keys(['example_python_operator']) retrieved from /home/airflow/.local/lib/python3.7/site-packages/airflow/example_dags/example_python_operator.py
[2023-06-04T01:20:39.224+0000] {logging_mixin.py:149} INFO - [2023-06-04T01:20:39.223+0000] {dag.py:2726} INFO - Sync 1 DAGs
[2023-06-04T01:20:39.291+0000] {logging_mixin.py:149} INFO - [2023-06-04T01:20:39.290+0000] {dag.py:3490} INFO - Setting next_dagrun for example_python_operator to None, run_after=None
[2023-06-04T01:20:39.348+0000] {processor.py:179} INFO - Processing /home/airflow/.local/lib/python3.7/site-packages/airflow/example_dags/example_python_operator.py took 0.285 seconds
[2023-06-04T01:21:09.493+0000] {processor.py:157} INFO - Started process (PID=122) to work on /home/airflow/.local/lib/python3.7/site-packages/airflow/example_dags/example_python_operator.py
[2023-06-04T01:21:09.495+0000] {processor.py:826} INFO - Processing file /home/airflow/.local/lib/python3.7/site-packages/airflow/example_dags/example_python_operator.py for tasks to queue
[2023-06-04T01:21:09.498+0000] {logging_mixin.py:149} INFO - [2023-06-04T01:21:09.498+0000] {dagbag.py:541} INFO - Filling up the DagBag from /home/airflow/.local/lib/python3.7/site-packages/airflow/example_dags/example_python_operator.py
[2023-06-04T01:21:09.509+0000] {logging_mixin.py:149} INFO - [2023-06-04T01:21:09.509+0000] {taskmixin.py:211} WARNING - Dependency <Task(_PythonDecoratedOperator): print_the_context>, log_sql_query already registered for DAG: example_python_operator
[2023-06-04T01:21:09.511+0000] {logging_mixin.py:149} INFO - [2023-06-04T01:21:09.510+0000] {taskmixin.py:211} WARNING - Dependency <Task(_PythonDecoratedOperator): log_sql_query>, print_the_context already registered for DAG: example_python_operator
[2023-06-04T01:21:09.512+0000] {logging_mixin.py:149} INFO - [2023-06-04T01:21:09.512+0000] {taskmixin.py:211} WARNING - Dependency <Task(_PythonDecoratedOperator): print_the_context>, log_sql_query already registered for DAG: example_python_operator
[2023-06-04T01:21:09.514+0000] {logging_mixin.py:149} INFO - [2023-06-04T01:21:09.513+0000] {taskmixin.py:211} WARNING - Dependency <Task(_PythonDecoratedOperator): log_sql_query>, print_the_context already registered for DAG: example_python_operator
[2023-06-04T01:21:09.516+0000] {logging_mixin.py:149} INFO - [2023-06-04T01:21:09.515+0000] {taskmixin.py:211} WARNING - Dependency <Task(_PythonDecoratedOperator): print_the_context>, log_sql_query already registered for DAG: example_python_operator
[2023-06-04T01:21:09.517+0000] {logging_mixin.py:149} INFO - [2023-06-04T01:21:09.517+0000] {taskmixin.py:211} WARNING - Dependency <Task(_PythonDecoratedOperator): log_sql_query>, print_the_context already registered for DAG: example_python_operator
[2023-06-04T01:21:09.519+0000] {logging_mixin.py:149} INFO - [2023-06-04T01:21:09.518+0000] {taskmixin.py:211} WARNING - Dependency <Task(_PythonDecoratedOperator): print_the_context>, log_sql_query already registered for DAG: example_python_operator
[2023-06-04T01:21:09.520+0000] {logging_mixin.py:149} INFO - [2023-06-04T01:21:09.520+0000] {taskmixin.py:211} WARNING - Dependency <Task(_PythonDecoratedOperator): log_sql_query>, print_the_context already registered for DAG: example_python_operator
[2023-06-04T01:21:09.526+0000] {processor.py:836} INFO - DAG(s) dict_keys(['example_python_operator']) retrieved from /home/airflow/.local/lib/python3.7/site-packages/airflow/example_dags/example_python_operator.py
[2023-06-04T01:21:09.612+0000] {logging_mixin.py:149} INFO - [2023-06-04T01:21:09.612+0000] {dag.py:2726} INFO - Sync 1 DAGs
[2023-06-04T01:21:09.647+0000] {logging_mixin.py:149} INFO - [2023-06-04T01:21:09.647+0000] {dag.py:3490} INFO - Setting next_dagrun for example_python_operator to None, run_after=None
[2023-06-04T01:21:09.676+0000] {processor.py:179} INFO - Processing /home/airflow/.local/lib/python3.7/site-packages/airflow/example_dags/example_python_operator.py took 0.188 seconds
[2023-06-04T01:21:40.093+0000] {processor.py:157} INFO - Started process (PID=201) to work on /home/airflow/.local/lib/python3.7/site-packages/airflow/example_dags/example_python_operator.py
[2023-06-04T01:21:40.096+0000] {processor.py:826} INFO - Processing file /home/airflow/.local/lib/python3.7/site-packages/airflow/example_dags/example_python_operator.py for tasks to queue
[2023-06-04T01:21:40.098+0000] {logging_mixin.py:149} INFO - [2023-06-04T01:21:40.098+0000] {dagbag.py:541} INFO - Filling up the DagBag from /home/airflow/.local/lib/python3.7/site-packages/airflow/example_dags/example_python_operator.py
[2023-06-04T01:21:40.110+0000] {logging_mixin.py:149} INFO - [2023-06-04T01:21:40.110+0000] {taskmixin.py:211} WARNING - Dependency <Task(_PythonDecoratedOperator): print_the_context>, log_sql_query already registered for DAG: example_python_operator
[2023-06-04T01:21:40.112+0000] {logging_mixin.py:149} INFO - [2023-06-04T01:21:40.112+0000] {taskmixin.py:211} WARNING - Dependency <Task(_PythonDecoratedOperator): log_sql_query>, print_the_context already registered for DAG: example_python_operator
[2023-06-04T01:21:40.116+0000] {logging_mixin.py:149} INFO - [2023-06-04T01:21:40.115+0000] {taskmixin.py:211} WARNING - Dependency <Task(_PythonDecoratedOperator): print_the_context>, log_sql_query already registered for DAG: example_python_operator
[2023-06-04T01:21:40.118+0000] {logging_mixin.py:149} INFO - [2023-06-04T01:21:40.117+0000] {taskmixin.py:211} WARNING - Dependency <Task(_PythonDecoratedOperator): log_sql_query>, print_the_context already registered for DAG: example_python_operator
[2023-06-04T01:21:40.120+0000] {logging_mixin.py:149} INFO - [2023-06-04T01:21:40.120+0000] {taskmixin.py:211} WARNING - Dependency <Task(_PythonDecoratedOperator): print_the_context>, log_sql_query already registered for DAG: example_python_operator
[2023-06-04T01:21:40.122+0000] {logging_mixin.py:149} INFO - [2023-06-04T01:21:40.122+0000] {taskmixin.py:211} WARNING - Dependency <Task(_PythonDecoratedOperator): log_sql_query>, print_the_context already registered for DAG: example_python_operator
[2023-06-04T01:21:40.124+0000] {logging_mixin.py:149} INFO - [2023-06-04T01:21:40.124+0000] {taskmixin.py:211} WARNING - Dependency <Task(_PythonDecoratedOperator): print_the_context>, log_sql_query already registered for DAG: example_python_operator
[2023-06-04T01:21:40.126+0000] {logging_mixin.py:149} INFO - [2023-06-04T01:21:40.126+0000] {taskmixin.py:211} WARNING - Dependency <Task(_PythonDecoratedOperator): log_sql_query>, print_the_context already registered for DAG: example_python_operator
[2023-06-04T01:21:40.131+0000] {processor.py:836} INFO - DAG(s) dict_keys(['example_python_operator']) retrieved from /home/airflow/.local/lib/python3.7/site-packages/airflow/example_dags/example_python_operator.py
[2023-06-04T01:21:40.169+0000] {logging_mixin.py:149} INFO - [2023-06-04T01:21:40.169+0000] {dag.py:2726} INFO - Sync 1 DAGs
[2023-06-04T01:21:40.203+0000] {logging_mixin.py:149} INFO - [2023-06-04T01:21:40.203+0000] {dag.py:3490} INFO - Setting next_dagrun for example_python_operator to None, run_after=None
[2023-06-04T01:21:40.230+0000] {processor.py:179} INFO - Processing /home/airflow/.local/lib/python3.7/site-packages/airflow/example_dags/example_python_operator.py took 0.144 seconds
[2023-06-04T01:22:10.448+0000] {processor.py:157} INFO - Started process (PID=271) to work on /home/airflow/.local/lib/python3.7/site-packages/airflow/example_dags/example_python_operator.py
[2023-06-04T01:22:10.452+0000] {processor.py:826} INFO - Processing file /home/airflow/.local/lib/python3.7/site-packages/airflow/example_dags/example_python_operator.py for tasks to queue
[2023-06-04T01:22:10.455+0000] {logging_mixin.py:149} INFO - [2023-06-04T01:22:10.454+0000] {dagbag.py:541} INFO - Filling up the DagBag from /home/airflow/.local/lib/python3.7/site-packages/airflow/example_dags/example_python_operator.py
[2023-06-04T01:22:10.469+0000] {logging_mixin.py:149} INFO - [2023-06-04T01:22:10.469+0000] {taskmixin.py:211} WARNING - Dependency <Task(_PythonDecoratedOperator): print_the_context>, log_sql_query already registered for DAG: example_python_operator
[2023-06-04T01:22:10.471+0000] {logging_mixin.py:149} INFO - [2023-06-04T01:22:10.471+0000] {taskmixin.py:211} WARNING - Dependency <Task(_PythonDecoratedOperator): log_sql_query>, print_the_context already registered for DAG: example_python_operator
[2023-06-04T01:22:10.474+0000] {logging_mixin.py:149} INFO - [2023-06-04T01:22:10.474+0000] {taskmixin.py:211} WARNING - Dependency <Task(_PythonDecoratedOperator): print_the_context>, log_sql_query already registered for DAG: example_python_operator
[2023-06-04T01:22:10.476+0000] {logging_mixin.py:149} INFO - [2023-06-04T01:22:10.476+0000] {taskmixin.py:211} WARNING - Dependency <Task(_PythonDecoratedOperator): log_sql_query>, print_the_context already registered for DAG: example_python_operator
[2023-06-04T01:22:10.478+0000] {logging_mixin.py:149} INFO - [2023-06-04T01:22:10.478+0000] {taskmixin.py:211} WARNING - Dependency <Task(_PythonDecoratedOperator): print_the_context>, log_sql_query already registered for DAG: example_python_operator
[2023-06-04T01:22:10.481+0000] {logging_mixin.py:149} INFO - [2023-06-04T01:22:10.480+0000] {taskmixin.py:211} WARNING - Dependency <Task(_PythonDecoratedOperator): log_sql_query>, print_the_context already registered for DAG: example_python_operator
[2023-06-04T01:22:10.483+0000] {logging_mixin.py:149} INFO - [2023-06-04T01:22:10.482+0000] {taskmixin.py:211} WARNING - Dependency <Task(_PythonDecoratedOperator): print_the_context>, log_sql_query already registered for DAG: example_python_operator
[2023-06-04T01:22:10.484+0000] {logging_mixin.py:149} INFO - [2023-06-04T01:22:10.484+0000] {taskmixin.py:211} WARNING - Dependency <Task(_PythonDecoratedOperator): log_sql_query>, print_the_context already registered for DAG: example_python_operator
[2023-06-04T01:22:10.489+0000] {processor.py:836} INFO - DAG(s) dict_keys(['example_python_operator']) retrieved from /home/airflow/.local/lib/python3.7/site-packages/airflow/example_dags/example_python_operator.py
[2023-06-04T01:22:10.534+0000] {logging_mixin.py:149} INFO - [2023-06-04T01:22:10.534+0000] {dag.py:2726} INFO - Sync 1 DAGs
[2023-06-04T01:22:10.590+0000] {logging_mixin.py:149} INFO - [2023-06-04T01:22:10.590+0000] {dag.py:3490} INFO - Setting next_dagrun for example_python_operator to None, run_after=None
[2023-06-04T01:22:10.633+0000] {processor.py:179} INFO - Processing /home/airflow/.local/lib/python3.7/site-packages/airflow/example_dags/example_python_operator.py took 0.191 seconds
[2023-06-04T01:22:41.245+0000] {processor.py:157} INFO - Started process (PID=341) to work on /home/airflow/.local/lib/python3.7/site-packages/airflow/example_dags/example_python_operator.py
[2023-06-04T01:22:41.247+0000] {processor.py:826} INFO - Processing file /home/airflow/.local/lib/python3.7/site-packages/airflow/example_dags/example_python_operator.py for tasks to queue
[2023-06-04T01:22:41.248+0000] {logging_mixin.py:149} INFO - [2023-06-04T01:22:41.248+0000] {dagbag.py:541} INFO - Filling up the DagBag from /home/airflow/.local/lib/python3.7/site-packages/airflow/example_dags/example_python_operator.py
[2023-06-04T01:22:41.259+0000] {logging_mixin.py:149} INFO - [2023-06-04T01:22:41.259+0000] {taskmixin.py:211} WARNING - Dependency <Task(_PythonDecoratedOperator): print_the_context>, log_sql_query already registered for DAG: example_python_operator
[2023-06-04T01:22:41.260+0000] {logging_mixin.py:149} INFO - [2023-06-04T01:22:41.260+0000] {taskmixin.py:211} WARNING - Dependency <Task(_PythonDecoratedOperator): log_sql_query>, print_the_context already registered for DAG: example_python_operator
[2023-06-04T01:22:41.262+0000] {logging_mixin.py:149} INFO - [2023-06-04T01:22:41.262+0000] {taskmixin.py:211} WARNING - Dependency <Task(_PythonDecoratedOperator): print_the_context>, log_sql_query already registered for DAG: example_python_operator
[2023-06-04T01:22:41.263+0000] {logging_mixin.py:149} INFO - [2023-06-04T01:22:41.263+0000] {taskmixin.py:211} WARNING - Dependency <Task(_PythonDecoratedOperator): log_sql_query>, print_the_context already registered for DAG: example_python_operator
[2023-06-04T01:22:41.265+0000] {logging_mixin.py:149} INFO - [2023-06-04T01:22:41.265+0000] {taskmixin.py:211} WARNING - Dependency <Task(_PythonDecoratedOperator): print_the_context>, log_sql_query already registered for DAG: example_python_operator
[2023-06-04T01:22:41.266+0000] {logging_mixin.py:149} INFO - [2023-06-04T01:22:41.266+0000] {taskmixin.py:211} WARNING - Dependency <Task(_PythonDecoratedOperator): log_sql_query>, print_the_context already registered for DAG: example_python_operator
[2023-06-04T01:22:41.269+0000] {logging_mixin.py:149} INFO - [2023-06-04T01:22:41.269+0000] {taskmixin.py:211} WARNING - Dependency <Task(_PythonDecoratedOperator): print_the_context>, log_sql_query already registered for DAG: example_python_operator
[2023-06-04T01:22:41.270+0000] {logging_mixin.py:149} INFO - [2023-06-04T01:22:41.270+0000] {taskmixin.py:211} WARNING - Dependency <Task(_PythonDecoratedOperator): log_sql_query>, print_the_context already registered for DAG: example_python_operator
[2023-06-04T01:22:41.276+0000] {processor.py:836} INFO - DAG(s) dict_keys(['example_python_operator']) retrieved from /home/airflow/.local/lib/python3.7/site-packages/airflow/example_dags/example_python_operator.py
[2023-06-04T01:22:41.317+0000] {logging_mixin.py:149} INFO - [2023-06-04T01:22:41.317+0000] {dag.py:2726} INFO - Sync 1 DAGs
[2023-06-04T01:22:41.352+0000] {logging_mixin.py:149} INFO - [2023-06-04T01:22:41.352+0000] {dag.py:3490} INFO - Setting next_dagrun for example_python_operator to None, run_after=None
[2023-06-04T01:22:41.381+0000] {processor.py:179} INFO - Processing /home/airflow/.local/lib/python3.7/site-packages/airflow/example_dags/example_python_operator.py took 0.142 seconds
[2023-06-04T01:23:12.281+0000] {processor.py:157} INFO - Started process (PID=420) to work on /home/airflow/.local/lib/python3.7/site-packages/airflow/example_dags/example_python_operator.py
[2023-06-04T01:23:12.283+0000] {processor.py:826} INFO - Processing file /home/airflow/.local/lib/python3.7/site-packages/airflow/example_dags/example_python_operator.py for tasks to queue
[2023-06-04T01:23:12.285+0000] {logging_mixin.py:149} INFO - [2023-06-04T01:23:12.285+0000] {dagbag.py:541} INFO - Filling up the DagBag from /home/airflow/.local/lib/python3.7/site-packages/airflow/example_dags/example_python_operator.py
[2023-06-04T01:23:12.297+0000] {logging_mixin.py:149} INFO - [2023-06-04T01:23:12.297+0000] {taskmixin.py:211} WARNING - Dependency <Task(_PythonDecoratedOperator): print_the_context>, log_sql_query already registered for DAG: example_python_operator
[2023-06-04T01:23:12.299+0000] {logging_mixin.py:149} INFO - [2023-06-04T01:23:12.298+0000] {taskmixin.py:211} WARNING - Dependency <Task(_PythonDecoratedOperator): log_sql_query>, print_the_context already registered for DAG: example_python_operator
[2023-06-04T01:23:12.300+0000] {logging_mixin.py:149} INFO - [2023-06-04T01:23:12.300+0000] {taskmixin.py:211} WARNING - Dependency <Task(_PythonDecoratedOperator): print_the_context>, log_sql_query already registered for DAG: example_python_operator
[2023-06-04T01:23:12.302+0000] {logging_mixin.py:149} INFO - [2023-06-04T01:23:12.302+0000] {taskmixin.py:211} WARNING - Dependency <Task(_PythonDecoratedOperator): log_sql_query>, print_the_context already registered for DAG: example_python_operator
[2023-06-04T01:23:12.304+0000] {logging_mixin.py:149} INFO - [2023-06-04T01:23:12.303+0000] {taskmixin.py:211} WARNING - Dependency <Task(_PythonDecoratedOperator): print_the_context>, log_sql_query already registered for DAG: example_python_operator
[2023-06-04T01:23:12.305+0000] {logging_mixin.py:149} INFO - [2023-06-04T01:23:12.305+0000] {taskmixin.py:211} WARNING - Dependency <Task(_PythonDecoratedOperator): log_sql_query>, print_the_context already registered for DAG: example_python_operator
[2023-06-04T01:23:12.309+0000] {logging_mixin.py:149} INFO - [2023-06-04T01:23:12.308+0000] {taskmixin.py:211} WARNING - Dependency <Task(_PythonDecoratedOperator): print_the_context>, log_sql_query already registered for DAG: example_python_operator
[2023-06-04T01:23:12.310+0000] {logging_mixin.py:149} INFO - [2023-06-04T01:23:12.310+0000] {taskmixin.py:211} WARNING - Dependency <Task(_PythonDecoratedOperator): log_sql_query>, print_the_context already registered for DAG: example_python_operator
[2023-06-04T01:23:12.315+0000] {processor.py:836} INFO - DAG(s) dict_keys(['example_python_operator']) retrieved from /home/airflow/.local/lib/python3.7/site-packages/airflow/example_dags/example_python_operator.py
[2023-06-04T01:23:12.356+0000] {logging_mixin.py:149} INFO - [2023-06-04T01:23:12.356+0000] {dag.py:2726} INFO - Sync 1 DAGs
[2023-06-04T01:23:12.393+0000] {logging_mixin.py:149} INFO - [2023-06-04T01:23:12.393+0000] {dag.py:3490} INFO - Setting next_dagrun for example_python_operator to None, run_after=None
[2023-06-04T01:23:12.421+0000] {processor.py:179} INFO - Processing /home/airflow/.local/lib/python3.7/site-packages/airflow/example_dags/example_python_operator.py took 0.145 seconds
[2023-06-04T01:23:43.415+0000] {processor.py:157} INFO - Started process (PID=490) to work on /home/airflow/.local/lib/python3.7/site-packages/airflow/example_dags/example_python_operator.py
[2023-06-04T01:23:43.417+0000] {processor.py:826} INFO - Processing file /home/airflow/.local/lib/python3.7/site-packages/airflow/example_dags/example_python_operator.py for tasks to queue
[2023-06-04T01:23:43.419+0000] {logging_mixin.py:149} INFO - [2023-06-04T01:23:43.419+0000] {dagbag.py:541} INFO - Filling up the DagBag from /home/airflow/.local/lib/python3.7/site-packages/airflow/example_dags/example_python_operator.py
[2023-06-04T01:23:43.431+0000] {logging_mixin.py:149} INFO - [2023-06-04T01:23:43.431+0000] {taskmixin.py:211} WARNING - Dependency <Task(_PythonDecoratedOperator): print_the_context>, log_sql_query already registered for DAG: example_python_operator
[2023-06-04T01:23:43.432+0000] {logging_mixin.py:149} INFO - [2023-06-04T01:23:43.432+0000] {taskmixin.py:211} WARNING - Dependency <Task(_PythonDecoratedOperator): log_sql_query>, print_the_context already registered for DAG: example_python_operator
[2023-06-04T01:23:43.434+0000] {logging_mixin.py:149} INFO - [2023-06-04T01:23:43.434+0000] {taskmixin.py:211} WARNING - Dependency <Task(_PythonDecoratedOperator): print_the_context>, log_sql_query already registered for DAG: example_python_operator
[2023-06-04T01:23:43.435+0000] {logging_mixin.py:149} INFO - [2023-06-04T01:23:43.435+0000] {taskmixin.py:211} WARNING - Dependency <Task(_PythonDecoratedOperator): log_sql_query>, print_the_context already registered for DAG: example_python_operator
[2023-06-04T01:23:43.437+0000] {logging_mixin.py:149} INFO - [2023-06-04T01:23:43.437+0000] {taskmixin.py:211} WARNING - Dependency <Task(_PythonDecoratedOperator): print_the_context>, log_sql_query already registered for DAG: example_python_operator
[2023-06-04T01:23:43.439+0000] {logging_mixin.py:149} INFO - [2023-06-04T01:23:43.439+0000] {taskmixin.py:211} WARNING - Dependency <Task(_PythonDecoratedOperator): log_sql_query>, print_the_context already registered for DAG: example_python_operator
[2023-06-04T01:23:43.441+0000] {logging_mixin.py:149} INFO - [2023-06-04T01:23:43.441+0000] {taskmixin.py:211} WARNING - Dependency <Task(_PythonDecoratedOperator): print_the_context>, log_sql_query already registered for DAG: example_python_operator
[2023-06-04T01:23:43.442+0000] {logging_mixin.py:149} INFO - [2023-06-04T01:23:43.442+0000] {taskmixin.py:211} WARNING - Dependency <Task(_PythonDecoratedOperator): log_sql_query>, print_the_context already registered for DAG: example_python_operator
[2023-06-04T01:23:43.447+0000] {processor.py:836} INFO - DAG(s) dict_keys(['example_python_operator']) retrieved from /home/airflow/.local/lib/python3.7/site-packages/airflow/example_dags/example_python_operator.py
[2023-06-04T01:23:43.489+0000] {logging_mixin.py:149} INFO - [2023-06-04T01:23:43.489+0000] {dag.py:2726} INFO - Sync 1 DAGs
[2023-06-04T01:23:43.524+0000] {logging_mixin.py:149} INFO - [2023-06-04T01:23:43.524+0000] {dag.py:3490} INFO - Setting next_dagrun for example_python_operator to None, run_after=None
[2023-06-04T01:23:43.549+0000] {processor.py:179} INFO - Processing /home/airflow/.local/lib/python3.7/site-packages/airflow/example_dags/example_python_operator.py took 0.140 seconds
[2023-06-04T01:24:13.921+0000] {processor.py:157} INFO - Started process (PID=569) to work on /home/airflow/.local/lib/python3.7/site-packages/airflow/example_dags/example_python_operator.py
[2023-06-04T01:24:13.924+0000] {processor.py:826} INFO - Processing file /home/airflow/.local/lib/python3.7/site-packages/airflow/example_dags/example_python_operator.py for tasks to queue
[2023-06-04T01:24:13.927+0000] {logging_mixin.py:149} INFO - [2023-06-04T01:24:13.926+0000] {dagbag.py:541} INFO - Filling up the DagBag from /home/airflow/.local/lib/python3.7/site-packages/airflow/example_dags/example_python_operator.py
[2023-06-04T01:24:13.940+0000] {logging_mixin.py:149} INFO - [2023-06-04T01:24:13.940+0000] {taskmixin.py:211} WARNING - Dependency <Task(_PythonDecoratedOperator): print_the_context>, log_sql_query already registered for DAG: example_python_operator
[2023-06-04T01:24:13.943+0000] {logging_mixin.py:149} INFO - [2023-06-04T01:24:13.943+0000] {taskmixin.py:211} WARNING - Dependency <Task(_PythonDecoratedOperator): log_sql_query>, print_the_context already registered for DAG: example_python_operator
[2023-06-04T01:24:13.945+0000] {logging_mixin.py:149} INFO - [2023-06-04T01:24:13.945+0000] {taskmixin.py:211} WARNING - Dependency <Task(_PythonDecoratedOperator): print_the_context>, log_sql_query already registered for DAG: example_python_operator
[2023-06-04T01:24:13.947+0000] {logging_mixin.py:149} INFO - [2023-06-04T01:24:13.947+0000] {taskmixin.py:211} WARNING - Dependency <Task(_PythonDecoratedOperator): log_sql_query>, print_the_context already registered for DAG: example_python_operator
[2023-06-04T01:24:13.950+0000] {logging_mixin.py:149} INFO - [2023-06-04T01:24:13.950+0000] {taskmixin.py:211} WARNING - Dependency <Task(_PythonDecoratedOperator): print_the_context>, log_sql_query already registered for DAG: example_python_operator
[2023-06-04T01:24:13.951+0000] {logging_mixin.py:149} INFO - [2023-06-04T01:24:13.951+0000] {taskmixin.py:211} WARNING - Dependency <Task(_PythonDecoratedOperator): log_sql_query>, print_the_context already registered for DAG: example_python_operator
[2023-06-04T01:24:13.954+0000] {logging_mixin.py:149} INFO - [2023-06-04T01:24:13.953+0000] {taskmixin.py:211} WARNING - Dependency <Task(_PythonDecoratedOperator): print_the_context>, log_sql_query already registered for DAG: example_python_operator
[2023-06-04T01:24:13.955+0000] {logging_mixin.py:149} INFO - [2023-06-04T01:24:13.955+0000] {taskmixin.py:211} WARNING - Dependency <Task(_PythonDecoratedOperator): log_sql_query>, print_the_context already registered for DAG: example_python_operator
[2023-06-04T01:24:13.961+0000] {processor.py:836} INFO - DAG(s) dict_keys(['example_python_operator']) retrieved from /home/airflow/.local/lib/python3.7/site-packages/airflow/example_dags/example_python_operator.py
[2023-06-04T01:24:14.007+0000] {logging_mixin.py:149} INFO - [2023-06-04T01:24:14.007+0000] {dag.py:2726} INFO - Sync 1 DAGs
[2023-06-04T01:24:14.045+0000] {logging_mixin.py:149} INFO - [2023-06-04T01:24:14.045+0000] {dag.py:3490} INFO - Setting next_dagrun for example_python_operator to None, run_after=None
[2023-06-04T01:24:14.074+0000] {processor.py:179} INFO - Processing /home/airflow/.local/lib/python3.7/site-packages/airflow/example_dags/example_python_operator.py took 0.159 seconds
[2023-06-04T01:24:44.219+0000] {processor.py:157} INFO - Started process (PID=639) to work on /home/airflow/.local/lib/python3.7/site-packages/airflow/example_dags/example_python_operator.py
[2023-06-04T01:24:44.222+0000] {processor.py:826} INFO - Processing file /home/airflow/.local/lib/python3.7/site-packages/airflow/example_dags/example_python_operator.py for tasks to queue
[2023-06-04T01:24:44.224+0000] {logging_mixin.py:149} INFO - [2023-06-04T01:24:44.223+0000] {dagbag.py:541} INFO - Filling up the DagBag from /home/airflow/.local/lib/python3.7/site-packages/airflow/example_dags/example_python_operator.py
[2023-06-04T01:24:44.234+0000] {logging_mixin.py:149} INFO - [2023-06-04T01:24:44.234+0000] {taskmixin.py:211} WARNING - Dependency <Task(_PythonDecoratedOperator): print_the_context>, log_sql_query already registered for DAG: example_python_operator
[2023-06-04T01:24:44.236+0000] {logging_mixin.py:149} INFO - [2023-06-04T01:24:44.236+0000] {taskmixin.py:211} WARNING - Dependency <Task(_PythonDecoratedOperator): log_sql_query>, print_the_context already registered for DAG: example_python_operator
[2023-06-04T01:24:44.238+0000] {logging_mixin.py:149} INFO - [2023-06-04T01:24:44.238+0000] {taskmixin.py:211} WARNING - Dependency <Task(_PythonDecoratedOperator): print_the_context>, log_sql_query already registered for DAG: example_python_operator
[2023-06-04T01:24:44.240+0000] {logging_mixin.py:149} INFO - [2023-06-04T01:24:44.239+0000] {taskmixin.py:211} WARNING - Dependency <Task(_PythonDecoratedOperator): log_sql_query>, print_the_context already registered for DAG: example_python_operator
[2023-06-04T01:24:44.243+0000] {logging_mixin.py:149} INFO - [2023-06-04T01:24:44.243+0000] {taskmixin.py:211} WARNING - Dependency <Task(_PythonDecoratedOperator): print_the_context>, log_sql_query already registered for DAG: example_python_operator
[2023-06-04T01:24:44.245+0000] {logging_mixin.py:149} INFO - [2023-06-04T01:24:44.245+0000] {taskmixin.py:211} WARNING - Dependency <Task(_PythonDecoratedOperator): log_sql_query>, print_the_context already registered for DAG: example_python_operator
[2023-06-04T01:24:44.247+0000] {logging_mixin.py:149} INFO - [2023-06-04T01:24:44.247+0000] {taskmixin.py:211} WARNING - Dependency <Task(_PythonDecoratedOperator): print_the_context>, log_sql_query already registered for DAG: example_python_operator
[2023-06-04T01:24:44.248+0000] {logging_mixin.py:149} INFO - [2023-06-04T01:24:44.248+0000] {taskmixin.py:211} WARNING - Dependency <Task(_PythonDecoratedOperator): log_sql_query>, print_the_context already registered for DAG: example_python_operator
[2023-06-04T01:24:44.254+0000] {processor.py:836} INFO - DAG(s) dict_keys(['example_python_operator']) retrieved from /home/airflow/.local/lib/python3.7/site-packages/airflow/example_dags/example_python_operator.py
[2023-06-04T01:24:44.298+0000] {logging_mixin.py:149} INFO - [2023-06-04T01:24:44.298+0000] {dag.py:2726} INFO - Sync 1 DAGs
[2023-06-04T01:24:44.335+0000] {logging_mixin.py:149} INFO - [2023-06-04T01:24:44.335+0000] {dag.py:3490} INFO - Setting next_dagrun for example_python_operator to None, run_after=None
[2023-06-04T01:24:44.362+0000] {processor.py:179} INFO - Processing /home/airflow/.local/lib/python3.7/site-packages/airflow/example_dags/example_python_operator.py took 0.147 seconds
[2023-06-04T01:25:14.607+0000] {processor.py:157} INFO - Started process (PID=709) to work on /home/airflow/.local/lib/python3.7/site-packages/airflow/example_dags/example_python_operator.py
[2023-06-04T01:25:14.609+0000] {processor.py:826} INFO - Processing file /home/airflow/.local/lib/python3.7/site-packages/airflow/example_dags/example_python_operator.py for tasks to queue
[2023-06-04T01:25:14.611+0000] {logging_mixin.py:149} INFO - [2023-06-04T01:25:14.611+0000] {dagbag.py:541} INFO - Filling up the DagBag from /home/airflow/.local/lib/python3.7/site-packages/airflow/example_dags/example_python_operator.py
[2023-06-04T01:25:14.622+0000] {logging_mixin.py:149} INFO - [2023-06-04T01:25:14.622+0000] {taskmixin.py:211} WARNING - Dependency <Task(_PythonDecoratedOperator): print_the_context>, log_sql_query already registered for DAG: example_python_operator
[2023-06-04T01:25:14.623+0000] {logging_mixin.py:149} INFO - [2023-06-04T01:25:14.623+0000] {taskmixin.py:211} WARNING - Dependency <Task(_PythonDecoratedOperator): log_sql_query>, print_the_context already registered for DAG: example_python_operator
[2023-06-04T01:25:14.625+0000] {logging_mixin.py:149} INFO - [2023-06-04T01:25:14.625+0000] {taskmixin.py:211} WARNING - Dependency <Task(_PythonDecoratedOperator): print_the_context>, log_sql_query already registered for DAG: example_python_operator
[2023-06-04T01:25:14.627+0000] {logging_mixin.py:149} INFO - [2023-06-04T01:25:14.627+0000] {taskmixin.py:211} WARNING - Dependency <Task(_PythonDecoratedOperator): log_sql_query>, print_the_context already registered for DAG: example_python_operator
[2023-06-04T01:25:14.629+0000] {logging_mixin.py:149} INFO - [2023-06-04T01:25:14.628+0000] {taskmixin.py:211} WARNING - Dependency <Task(_PythonDecoratedOperator): print_the_context>, log_sql_query already registered for DAG: example_python_operator
[2023-06-04T01:25:14.630+0000] {logging_mixin.py:149} INFO - [2023-06-04T01:25:14.630+0000] {taskmixin.py:211} WARNING - Dependency <Task(_PythonDecoratedOperator): log_sql_query>, print_the_context already registered for DAG: example_python_operator
[2023-06-04T01:25:14.632+0000] {logging_mixin.py:149} INFO - [2023-06-04T01:25:14.632+0000] {taskmixin.py:211} WARNING - Dependency <Task(_PythonDecoratedOperator): print_the_context>, log_sql_query already registered for DAG: example_python_operator
[2023-06-04T01:25:14.634+0000] {logging_mixin.py:149} INFO - [2023-06-04T01:25:14.634+0000] {taskmixin.py:211} WARNING - Dependency <Task(_PythonDecoratedOperator): log_sql_query>, print_the_context already registered for DAG: example_python_operator
[2023-06-04T01:25:14.638+0000] {processor.py:836} INFO - DAG(s) dict_keys(['example_python_operator']) retrieved from /home/airflow/.local/lib/python3.7/site-packages/airflow/example_dags/example_python_operator.py
[2023-06-04T01:25:14.681+0000] {logging_mixin.py:149} INFO - [2023-06-04T01:25:14.681+0000] {dag.py:2726} INFO - Sync 1 DAGs
[2023-06-04T01:25:14.718+0000] {logging_mixin.py:149} INFO - [2023-06-04T01:25:14.718+0000] {dag.py:3490} INFO - Setting next_dagrun for example_python_operator to None, run_after=None
[2023-06-04T01:25:14.743+0000] {processor.py:179} INFO - Processing /home/airflow/.local/lib/python3.7/site-packages/airflow/example_dags/example_python_operator.py took 0.141 seconds
[2023-06-04T01:25:45.046+0000] {processor.py:157} INFO - Started process (PID=788) to work on /home/airflow/.local/lib/python3.7/site-packages/airflow/example_dags/example_python_operator.py
[2023-06-04T01:25:45.049+0000] {processor.py:826} INFO - Processing file /home/airflow/.local/lib/python3.7/site-packages/airflow/example_dags/example_python_operator.py for tasks to queue
[2023-06-04T01:25:45.050+0000] {logging_mixin.py:149} INFO - [2023-06-04T01:25:45.050+0000] {dagbag.py:541} INFO - Filling up the DagBag from /home/airflow/.local/lib/python3.7/site-packages/airflow/example_dags/example_python_operator.py
[2023-06-04T01:25:45.063+0000] {logging_mixin.py:149} INFO - [2023-06-04T01:25:45.062+0000] {taskmixin.py:211} WARNING - Dependency <Task(_PythonDecoratedOperator): print_the_context>, log_sql_query already registered for DAG: example_python_operator
[2023-06-04T01:25:45.064+0000] {logging_mixin.py:149} INFO - [2023-06-04T01:25:45.064+0000] {taskmixin.py:211} WARNING - Dependency <Task(_PythonDecoratedOperator): log_sql_query>, print_the_context already registered for DAG: example_python_operator
[2023-06-04T01:25:45.067+0000] {logging_mixin.py:149} INFO - [2023-06-04T01:25:45.066+0000] {taskmixin.py:211} WARNING - Dependency <Task(_PythonDecoratedOperator): print_the_context>, log_sql_query already registered for DAG: example_python_operator
[2023-06-04T01:25:45.069+0000] {logging_mixin.py:149} INFO - [2023-06-04T01:25:45.068+0000] {taskmixin.py:211} WARNING - Dependency <Task(_PythonDecoratedOperator): log_sql_query>, print_the_context already registered for DAG: example_python_operator
[2023-06-04T01:25:45.071+0000] {logging_mixin.py:149} INFO - [2023-06-04T01:25:45.071+0000] {taskmixin.py:211} WARNING - Dependency <Task(_PythonDecoratedOperator): print_the_context>, log_sql_query already registered for DAG: example_python_operator
[2023-06-04T01:25:45.073+0000] {logging_mixin.py:149} INFO - [2023-06-04T01:25:45.072+0000] {taskmixin.py:211} WARNING - Dependency <Task(_PythonDecoratedOperator): log_sql_query>, print_the_context already registered for DAG: example_python_operator
[2023-06-04T01:25:45.075+0000] {logging_mixin.py:149} INFO - [2023-06-04T01:25:45.075+0000] {taskmixin.py:211} WARNING - Dependency <Task(_PythonDecoratedOperator): print_the_context>, log_sql_query already registered for DAG: example_python_operator
[2023-06-04T01:25:45.077+0000] {logging_mixin.py:149} INFO - [2023-06-04T01:25:45.077+0000] {taskmixin.py:211} WARNING - Dependency <Task(_PythonDecoratedOperator): log_sql_query>, print_the_context already registered for DAG: example_python_operator
[2023-06-04T01:25:45.082+0000] {processor.py:836} INFO - DAG(s) dict_keys(['example_python_operator']) retrieved from /home/airflow/.local/lib/python3.7/site-packages/airflow/example_dags/example_python_operator.py
[2023-06-04T01:25:45.129+0000] {logging_mixin.py:149} INFO - [2023-06-04T01:25:45.129+0000] {dag.py:2726} INFO - Sync 1 DAGs
[2023-06-04T01:25:45.171+0000] {logging_mixin.py:149} INFO - [2023-06-04T01:25:45.171+0000] {dag.py:3490} INFO - Setting next_dagrun for example_python_operator to None, run_after=None
[2023-06-04T01:25:45.207+0000] {processor.py:179} INFO - Processing /home/airflow/.local/lib/python3.7/site-packages/airflow/example_dags/example_python_operator.py took 0.166 seconds
