[2023-06-04T00:36:54.525+0000] {processor.py:156} INFO - Started process (PID=60) to work on /home/airflow/.local/lib/python3.7/site-packages/airflow/example_dags/example_complex.py
[2023-06-04T00:36:54.531+0000] {processor.py:758} INFO - Processing file /home/airflow/.local/lib/python3.7/site-packages/airflow/example_dags/example_complex.py for tasks to queue
[2023-06-04T00:36:54.534+0000] {logging_mixin.py:117} INFO - [2023-06-04T00:36:54.534+0000] {dagbag.py:525} INFO - Filling up the DagBag from /home/airflow/.local/lib/python3.7/site-packages/airflow/example_dags/example_complex.py
[2023-06-04T00:36:54.580+0000] {processor.py:768} INFO - DAG(s) dict_keys(['example_complex']) retrieved from /home/airflow/.local/lib/python3.7/site-packages/airflow/example_dags/example_complex.py
[2023-06-04T00:36:54.921+0000] {logging_mixin.py:117} INFO - [2023-06-04T00:36:54.921+0000] {manager.py:507} INFO - Created Permission View: can delete on DAG:example_complex
[2023-06-04T00:36:54.946+0000] {logging_mixin.py:117} INFO - [2023-06-04T00:36:54.946+0000] {manager.py:507} INFO - Created Permission View: can read on DAG:example_complex
[2023-06-04T00:36:54.969+0000] {logging_mixin.py:117} INFO - [2023-06-04T00:36:54.968+0000] {manager.py:507} INFO - Created Permission View: can edit on DAG:example_complex
[2023-06-04T00:36:54.971+0000] {logging_mixin.py:117} INFO - [2023-06-04T00:36:54.970+0000] {dag.py:2573} INFO - Sync 1 DAGs
[2023-06-04T00:36:55.010+0000] {logging_mixin.py:117} INFO - [2023-06-04T00:36:55.009+0000] {dag.py:2594} INFO - Creating ORM DAG for example_complex
[2023-06-04T00:36:55.057+0000] {logging_mixin.py:117} INFO - [2023-06-04T00:36:55.057+0000] {dag.py:3328} INFO - Setting next_dagrun for example_complex to None, run_after=None
[2023-06-04T00:36:55.104+0000] {processor.py:178} INFO - Processing /home/airflow/.local/lib/python3.7/site-packages/airflow/example_dags/example_complex.py took 0.590 seconds
[2023-06-04T00:37:25.549+0000] {processor.py:156} INFO - Started process (PID=120) to work on /home/airflow/.local/lib/python3.7/site-packages/airflow/example_dags/example_complex.py
[2023-06-04T00:37:25.552+0000] {processor.py:758} INFO - Processing file /home/airflow/.local/lib/python3.7/site-packages/airflow/example_dags/example_complex.py for tasks to queue
[2023-06-04T00:37:25.556+0000] {logging_mixin.py:117} INFO - [2023-06-04T00:37:25.555+0000] {dagbag.py:525} INFO - Filling up the DagBag from /home/airflow/.local/lib/python3.7/site-packages/airflow/example_dags/example_complex.py
[2023-06-04T00:37:25.603+0000] {processor.py:768} INFO - DAG(s) dict_keys(['example_complex']) retrieved from /home/airflow/.local/lib/python3.7/site-packages/airflow/example_dags/example_complex.py
[2023-06-04T00:37:25.674+0000] {logging_mixin.py:117} INFO - [2023-06-04T00:37:25.674+0000] {dag.py:2573} INFO - Sync 1 DAGs
[2023-06-04T00:37:25.713+0000] {logging_mixin.py:117} INFO - [2023-06-04T00:37:25.713+0000] {dag.py:3328} INFO - Setting next_dagrun for example_complex to None, run_after=None
[2023-06-04T00:37:25.743+0000] {processor.py:178} INFO - Processing /home/airflow/.local/lib/python3.7/site-packages/airflow/example_dags/example_complex.py took 0.202 seconds
[2023-06-04T00:37:55.806+0000] {processor.py:156} INFO - Started process (PID=177) to work on /home/airflow/.local/lib/python3.7/site-packages/airflow/example_dags/example_complex.py
[2023-06-04T00:37:55.808+0000] {processor.py:758} INFO - Processing file /home/airflow/.local/lib/python3.7/site-packages/airflow/example_dags/example_complex.py for tasks to queue
[2023-06-04T00:37:55.810+0000] {logging_mixin.py:117} INFO - [2023-06-04T00:37:55.810+0000] {dagbag.py:525} INFO - Filling up the DagBag from /home/airflow/.local/lib/python3.7/site-packages/airflow/example_dags/example_complex.py
[2023-06-04T00:37:55.838+0000] {processor.py:768} INFO - DAG(s) dict_keys(['example_complex']) retrieved from /home/airflow/.local/lib/python3.7/site-packages/airflow/example_dags/example_complex.py
[2023-06-04T00:37:55.895+0000] {logging_mixin.py:117} INFO - [2023-06-04T00:37:55.895+0000] {dag.py:2573} INFO - Sync 1 DAGs
[2023-06-04T00:37:55.927+0000] {logging_mixin.py:117} INFO - [2023-06-04T00:37:55.927+0000] {dag.py:3328} INFO - Setting next_dagrun for example_complex to None, run_after=None
[2023-06-04T00:37:55.950+0000] {processor.py:178} INFO - Processing /home/airflow/.local/lib/python3.7/site-packages/airflow/example_dags/example_complex.py took 0.149 seconds
[2023-06-04T00:38:26.134+0000] {processor.py:156} INFO - Started process (PID=240) to work on /home/airflow/.local/lib/python3.7/site-packages/airflow/example_dags/example_complex.py
[2023-06-04T00:38:26.136+0000] {processor.py:758} INFO - Processing file /home/airflow/.local/lib/python3.7/site-packages/airflow/example_dags/example_complex.py for tasks to queue
[2023-06-04T00:38:26.137+0000] {logging_mixin.py:117} INFO - [2023-06-04T00:38:26.137+0000] {dagbag.py:525} INFO - Filling up the DagBag from /home/airflow/.local/lib/python3.7/site-packages/airflow/example_dags/example_complex.py
[2023-06-04T00:38:26.169+0000] {processor.py:768} INFO - DAG(s) dict_keys(['example_complex']) retrieved from /home/airflow/.local/lib/python3.7/site-packages/airflow/example_dags/example_complex.py
[2023-06-04T00:38:26.232+0000] {logging_mixin.py:117} INFO - [2023-06-04T00:38:26.232+0000] {dag.py:2573} INFO - Sync 1 DAGs
[2023-06-04T00:38:26.271+0000] {logging_mixin.py:117} INFO - [2023-06-04T00:38:26.271+0000] {dag.py:3328} INFO - Setting next_dagrun for example_complex to None, run_after=None
[2023-06-04T00:38:26.301+0000] {processor.py:178} INFO - Processing /home/airflow/.local/lib/python3.7/site-packages/airflow/example_dags/example_complex.py took 0.171 seconds
[2023-06-04T00:38:56.676+0000] {processor.py:156} INFO - Started process (PID=303) to work on /home/airflow/.local/lib/python3.7/site-packages/airflow/example_dags/example_complex.py
[2023-06-04T00:38:56.678+0000] {processor.py:758} INFO - Processing file /home/airflow/.local/lib/python3.7/site-packages/airflow/example_dags/example_complex.py for tasks to queue
[2023-06-04T00:38:56.680+0000] {logging_mixin.py:117} INFO - [2023-06-04T00:38:56.679+0000] {dagbag.py:525} INFO - Filling up the DagBag from /home/airflow/.local/lib/python3.7/site-packages/airflow/example_dags/example_complex.py
[2023-06-04T00:38:56.713+0000] {processor.py:768} INFO - DAG(s) dict_keys(['example_complex']) retrieved from /home/airflow/.local/lib/python3.7/site-packages/airflow/example_dags/example_complex.py
[2023-06-04T00:38:56.775+0000] {logging_mixin.py:117} INFO - [2023-06-04T00:38:56.775+0000] {dag.py:2573} INFO - Sync 1 DAGs
[2023-06-04T00:38:56.808+0000] {logging_mixin.py:117} INFO - [2023-06-04T00:38:56.808+0000] {dag.py:3328} INFO - Setting next_dagrun for example_complex to None, run_after=None
[2023-06-04T00:38:56.834+0000] {processor.py:178} INFO - Processing /home/airflow/.local/lib/python3.7/site-packages/airflow/example_dags/example_complex.py took 0.163 seconds
[2023-06-04T00:59:47.789+0000] {processor.py:156} INFO - Started process (PID=61) to work on /home/airflow/.local/lib/python3.7/site-packages/airflow/example_dags/example_complex.py
[2023-06-04T00:59:47.793+0000] {processor.py:758} INFO - Processing file /home/airflow/.local/lib/python3.7/site-packages/airflow/example_dags/example_complex.py for tasks to queue
[2023-06-04T00:59:47.795+0000] {logging_mixin.py:117} INFO - [2023-06-04T00:59:47.795+0000] {dagbag.py:525} INFO - Filling up the DagBag from /home/airflow/.local/lib/python3.7/site-packages/airflow/example_dags/example_complex.py
[2023-06-04T00:59:47.846+0000] {processor.py:768} INFO - DAG(s) dict_keys(['example_complex']) retrieved from /home/airflow/.local/lib/python3.7/site-packages/airflow/example_dags/example_complex.py
[2023-06-04T00:59:47.891+0000] {logging_mixin.py:117} INFO - [2023-06-04T00:59:47.891+0000] {dag.py:2573} INFO - Sync 1 DAGs
[2023-06-04T00:59:47.937+0000] {logging_mixin.py:117} INFO - [2023-06-04T00:59:47.936+0000] {dag.py:3328} INFO - Setting next_dagrun for example_complex to None, run_after=None
[2023-06-04T00:59:47.972+0000] {processor.py:178} INFO - Processing /home/airflow/.local/lib/python3.7/site-packages/airflow/example_dags/example_complex.py took 0.189 seconds
[2023-06-04T01:00:18.508+0000] {processor.py:156} INFO - Started process (PID=115) to work on /home/airflow/.local/lib/python3.7/site-packages/airflow/example_dags/example_complex.py
[2023-06-04T01:00:18.511+0000] {processor.py:758} INFO - Processing file /home/airflow/.local/lib/python3.7/site-packages/airflow/example_dags/example_complex.py for tasks to queue
[2023-06-04T01:00:18.514+0000] {logging_mixin.py:117} INFO - [2023-06-04T01:00:18.514+0000] {dagbag.py:525} INFO - Filling up the DagBag from /home/airflow/.local/lib/python3.7/site-packages/airflow/example_dags/example_complex.py
[2023-06-04T01:00:18.561+0000] {processor.py:768} INFO - DAG(s) dict_keys(['example_complex']) retrieved from /home/airflow/.local/lib/python3.7/site-packages/airflow/example_dags/example_complex.py
[2023-06-04T01:00:18.647+0000] {logging_mixin.py:117} INFO - [2023-06-04T01:00:18.647+0000] {dag.py:2573} INFO - Sync 1 DAGs
[2023-06-04T01:00:18.696+0000] {logging_mixin.py:117} INFO - [2023-06-04T01:00:18.696+0000] {dag.py:3328} INFO - Setting next_dagrun for example_complex to None, run_after=None
[2023-06-04T01:00:18.728+0000] {processor.py:178} INFO - Processing /home/airflow/.local/lib/python3.7/site-packages/airflow/example_dags/example_complex.py took 0.225 seconds
[2023-06-04T01:00:48.814+0000] {processor.py:156} INFO - Started process (PID=179) to work on /home/airflow/.local/lib/python3.7/site-packages/airflow/example_dags/example_complex.py
[2023-06-04T01:00:48.817+0000] {processor.py:758} INFO - Processing file /home/airflow/.local/lib/python3.7/site-packages/airflow/example_dags/example_complex.py for tasks to queue
[2023-06-04T01:00:48.819+0000] {logging_mixin.py:117} INFO - [2023-06-04T01:00:48.819+0000] {dagbag.py:525} INFO - Filling up the DagBag from /home/airflow/.local/lib/python3.7/site-packages/airflow/example_dags/example_complex.py
[2023-06-04T01:00:48.865+0000] {processor.py:768} INFO - DAG(s) dict_keys(['example_complex']) retrieved from /home/airflow/.local/lib/python3.7/site-packages/airflow/example_dags/example_complex.py
[2023-06-04T01:00:48.988+0000] {logging_mixin.py:117} INFO - [2023-06-04T01:00:48.988+0000] {dag.py:2573} INFO - Sync 1 DAGs
[2023-06-04T01:00:49.056+0000] {logging_mixin.py:117} INFO - [2023-06-04T01:00:49.055+0000] {dag.py:3328} INFO - Setting next_dagrun for example_complex to None, run_after=None
[2023-06-04T01:00:49.112+0000] {processor.py:178} INFO - Processing /home/airflow/.local/lib/python3.7/site-packages/airflow/example_dags/example_complex.py took 0.304 seconds
[2023-06-04T01:01:19.355+0000] {processor.py:156} INFO - Started process (PID=242) to work on /home/airflow/.local/lib/python3.7/site-packages/airflow/example_dags/example_complex.py
[2023-06-04T01:01:19.358+0000] {processor.py:758} INFO - Processing file /home/airflow/.local/lib/python3.7/site-packages/airflow/example_dags/example_complex.py for tasks to queue
[2023-06-04T01:01:19.361+0000] {logging_mixin.py:117} INFO - [2023-06-04T01:01:19.360+0000] {dagbag.py:525} INFO - Filling up the DagBag from /home/airflow/.local/lib/python3.7/site-packages/airflow/example_dags/example_complex.py
[2023-06-04T01:01:19.399+0000] {processor.py:768} INFO - DAG(s) dict_keys(['example_complex']) retrieved from /home/airflow/.local/lib/python3.7/site-packages/airflow/example_dags/example_complex.py
[2023-06-04T01:01:19.463+0000] {logging_mixin.py:117} INFO - [2023-06-04T01:01:19.463+0000] {dag.py:2573} INFO - Sync 1 DAGs
[2023-06-04T01:01:19.498+0000] {logging_mixin.py:117} INFO - [2023-06-04T01:01:19.498+0000] {dag.py:3328} INFO - Setting next_dagrun for example_complex to None, run_after=None
[2023-06-04T01:01:19.521+0000] {processor.py:178} INFO - Processing /home/airflow/.local/lib/python3.7/site-packages/airflow/example_dags/example_complex.py took 0.170 seconds
[2023-06-04T01:01:49.782+0000] {processor.py:156} INFO - Started process (PID=296) to work on /home/airflow/.local/lib/python3.7/site-packages/airflow/example_dags/example_complex.py
[2023-06-04T01:01:49.785+0000] {processor.py:758} INFO - Processing file /home/airflow/.local/lib/python3.7/site-packages/airflow/example_dags/example_complex.py for tasks to queue
[2023-06-04T01:01:49.787+0000] {logging_mixin.py:117} INFO - [2023-06-04T01:01:49.787+0000] {dagbag.py:525} INFO - Filling up the DagBag from /home/airflow/.local/lib/python3.7/site-packages/airflow/example_dags/example_complex.py
[2023-06-04T01:01:49.816+0000] {processor.py:768} INFO - DAG(s) dict_keys(['example_complex']) retrieved from /home/airflow/.local/lib/python3.7/site-packages/airflow/example_dags/example_complex.py
[2023-06-04T01:01:49.889+0000] {logging_mixin.py:117} INFO - [2023-06-04T01:01:49.889+0000] {dag.py:2573} INFO - Sync 1 DAGs
[2023-06-04T01:01:49.924+0000] {logging_mixin.py:117} INFO - [2023-06-04T01:01:49.924+0000] {dag.py:3328} INFO - Setting next_dagrun for example_complex to None, run_after=None
[2023-06-04T01:01:49.950+0000] {processor.py:178} INFO - Processing /home/airflow/.local/lib/python3.7/site-packages/airflow/example_dags/example_complex.py took 0.173 seconds
[2023-06-04T01:02:20.083+0000] {processor.py:156} INFO - Started process (PID=359) to work on /home/airflow/.local/lib/python3.7/site-packages/airflow/example_dags/example_complex.py
[2023-06-04T01:02:20.085+0000] {processor.py:758} INFO - Processing file /home/airflow/.local/lib/python3.7/site-packages/airflow/example_dags/example_complex.py for tasks to queue
[2023-06-04T01:02:20.088+0000] {logging_mixin.py:117} INFO - [2023-06-04T01:02:20.087+0000] {dagbag.py:525} INFO - Filling up the DagBag from /home/airflow/.local/lib/python3.7/site-packages/airflow/example_dags/example_complex.py
[2023-06-04T01:02:20.122+0000] {processor.py:768} INFO - DAG(s) dict_keys(['example_complex']) retrieved from /home/airflow/.local/lib/python3.7/site-packages/airflow/example_dags/example_complex.py
[2023-06-04T01:02:20.190+0000] {logging_mixin.py:117} INFO - [2023-06-04T01:02:20.190+0000] {dag.py:2573} INFO - Sync 1 DAGs
[2023-06-04T01:02:20.226+0000] {logging_mixin.py:117} INFO - [2023-06-04T01:02:20.226+0000] {dag.py:3328} INFO - Setting next_dagrun for example_complex to None, run_after=None
[2023-06-04T01:02:20.252+0000] {processor.py:178} INFO - Processing /home/airflow/.local/lib/python3.7/site-packages/airflow/example_dags/example_complex.py took 0.175 seconds
[2023-06-04T01:02:50.542+0000] {processor.py:156} INFO - Started process (PID=422) to work on /home/airflow/.local/lib/python3.7/site-packages/airflow/example_dags/example_complex.py
[2023-06-04T01:02:50.544+0000] {processor.py:758} INFO - Processing file /home/airflow/.local/lib/python3.7/site-packages/airflow/example_dags/example_complex.py for tasks to queue
[2023-06-04T01:02:50.546+0000] {logging_mixin.py:117} INFO - [2023-06-04T01:02:50.546+0000] {dagbag.py:525} INFO - Filling up the DagBag from /home/airflow/.local/lib/python3.7/site-packages/airflow/example_dags/example_complex.py
[2023-06-04T01:02:50.577+0000] {processor.py:768} INFO - DAG(s) dict_keys(['example_complex']) retrieved from /home/airflow/.local/lib/python3.7/site-packages/airflow/example_dags/example_complex.py
[2023-06-04T01:02:50.651+0000] {logging_mixin.py:117} INFO - [2023-06-04T01:02:50.651+0000] {dag.py:2573} INFO - Sync 1 DAGs
[2023-06-04T01:02:50.688+0000] {logging_mixin.py:117} INFO - [2023-06-04T01:02:50.687+0000] {dag.py:3328} INFO - Setting next_dagrun for example_complex to None, run_after=None
[2023-06-04T01:02:50.714+0000] {processor.py:178} INFO - Processing /home/airflow/.local/lib/python3.7/site-packages/airflow/example_dags/example_complex.py took 0.176 seconds
[2023-06-04T01:03:21.193+0000] {processor.py:156} INFO - Started process (PID=476) to work on /home/airflow/.local/lib/python3.7/site-packages/airflow/example_dags/example_complex.py
[2023-06-04T01:03:21.195+0000] {processor.py:758} INFO - Processing file /home/airflow/.local/lib/python3.7/site-packages/airflow/example_dags/example_complex.py for tasks to queue
[2023-06-04T01:03:21.197+0000] {logging_mixin.py:117} INFO - [2023-06-04T01:03:21.197+0000] {dagbag.py:525} INFO - Filling up the DagBag from /home/airflow/.local/lib/python3.7/site-packages/airflow/example_dags/example_complex.py
[2023-06-04T01:03:21.229+0000] {processor.py:768} INFO - DAG(s) dict_keys(['example_complex']) retrieved from /home/airflow/.local/lib/python3.7/site-packages/airflow/example_dags/example_complex.py
[2023-06-04T01:03:21.295+0000] {logging_mixin.py:117} INFO - [2023-06-04T01:03:21.294+0000] {dag.py:2573} INFO - Sync 1 DAGs
[2023-06-04T01:03:21.331+0000] {logging_mixin.py:117} INFO - [2023-06-04T01:03:21.331+0000] {dag.py:3328} INFO - Setting next_dagrun for example_complex to None, run_after=None
[2023-06-04T01:03:21.359+0000] {processor.py:178} INFO - Processing /home/airflow/.local/lib/python3.7/site-packages/airflow/example_dags/example_complex.py took 0.171 seconds
[2023-06-04T01:03:51.398+0000] {processor.py:156} INFO - Started process (PID=539) to work on /home/airflow/.local/lib/python3.7/site-packages/airflow/example_dags/example_complex.py
[2023-06-04T01:03:51.400+0000] {processor.py:758} INFO - Processing file /home/airflow/.local/lib/python3.7/site-packages/airflow/example_dags/example_complex.py for tasks to queue
[2023-06-04T01:03:51.402+0000] {logging_mixin.py:117} INFO - [2023-06-04T01:03:51.402+0000] {dagbag.py:525} INFO - Filling up the DagBag from /home/airflow/.local/lib/python3.7/site-packages/airflow/example_dags/example_complex.py
[2023-06-04T01:03:51.432+0000] {processor.py:768} INFO - DAG(s) dict_keys(['example_complex']) retrieved from /home/airflow/.local/lib/python3.7/site-packages/airflow/example_dags/example_complex.py
[2023-06-04T01:03:51.494+0000] {logging_mixin.py:117} INFO - [2023-06-04T01:03:51.494+0000] {dag.py:2573} INFO - Sync 1 DAGs
[2023-06-04T01:03:51.524+0000] {logging_mixin.py:117} INFO - [2023-06-04T01:03:51.524+0000] {dag.py:3328} INFO - Setting next_dagrun for example_complex to None, run_after=None
[2023-06-04T01:03:51.546+0000] {processor.py:178} INFO - Processing /home/airflow/.local/lib/python3.7/site-packages/airflow/example_dags/example_complex.py took 0.153 seconds
[2023-06-04T01:04:21.984+0000] {processor.py:156} INFO - Started process (PID=602) to work on /home/airflow/.local/lib/python3.7/site-packages/airflow/example_dags/example_complex.py
[2023-06-04T01:04:21.986+0000] {processor.py:758} INFO - Processing file /home/airflow/.local/lib/python3.7/site-packages/airflow/example_dags/example_complex.py for tasks to queue
[2023-06-04T01:04:21.988+0000] {logging_mixin.py:117} INFO - [2023-06-04T01:04:21.988+0000] {dagbag.py:525} INFO - Filling up the DagBag from /home/airflow/.local/lib/python3.7/site-packages/airflow/example_dags/example_complex.py
[2023-06-04T01:04:22.019+0000] {processor.py:768} INFO - DAG(s) dict_keys(['example_complex']) retrieved from /home/airflow/.local/lib/python3.7/site-packages/airflow/example_dags/example_complex.py
[2023-06-04T01:04:22.079+0000] {logging_mixin.py:117} INFO - [2023-06-04T01:04:22.079+0000] {dag.py:2573} INFO - Sync 1 DAGs
[2023-06-04T01:04:22.111+0000] {logging_mixin.py:117} INFO - [2023-06-04T01:04:22.110+0000] {dag.py:3328} INFO - Setting next_dagrun for example_complex to None, run_after=None
[2023-06-04T01:04:22.136+0000] {processor.py:178} INFO - Processing /home/airflow/.local/lib/python3.7/site-packages/airflow/example_dags/example_complex.py took 0.157 seconds
[2023-06-04T01:04:52.752+0000] {processor.py:156} INFO - Started process (PID=657) to work on /home/airflow/.local/lib/python3.7/site-packages/airflow/example_dags/example_complex.py
[2023-06-04T01:04:52.754+0000] {processor.py:758} INFO - Processing file /home/airflow/.local/lib/python3.7/site-packages/airflow/example_dags/example_complex.py for tasks to queue
[2023-06-04T01:04:52.756+0000] {logging_mixin.py:117} INFO - [2023-06-04T01:04:52.756+0000] {dagbag.py:525} INFO - Filling up the DagBag from /home/airflow/.local/lib/python3.7/site-packages/airflow/example_dags/example_complex.py
[2023-06-04T01:04:52.785+0000] {processor.py:768} INFO - DAG(s) dict_keys(['example_complex']) retrieved from /home/airflow/.local/lib/python3.7/site-packages/airflow/example_dags/example_complex.py
[2023-06-04T01:04:52.852+0000] {logging_mixin.py:117} INFO - [2023-06-04T01:04:52.852+0000] {dag.py:2573} INFO - Sync 1 DAGs
[2023-06-04T01:04:52.884+0000] {logging_mixin.py:117} INFO - [2023-06-04T01:04:52.884+0000] {dag.py:3328} INFO - Setting next_dagrun for example_complex to None, run_after=None
[2023-06-04T01:04:52.909+0000] {processor.py:178} INFO - Processing /home/airflow/.local/lib/python3.7/site-packages/airflow/example_dags/example_complex.py took 0.162 seconds
[2023-06-04T01:05:58.342+0000] {processor.py:156} INFO - Started process (PID=63) to work on /home/airflow/.local/lib/python3.7/site-packages/airflow/example_dags/example_complex.py
[2023-06-04T01:05:58.346+0000] {processor.py:758} INFO - Processing file /home/airflow/.local/lib/python3.7/site-packages/airflow/example_dags/example_complex.py for tasks to queue
[2023-06-04T01:05:58.348+0000] {logging_mixin.py:117} INFO - [2023-06-04T01:05:58.348+0000] {dagbag.py:525} INFO - Filling up the DagBag from /home/airflow/.local/lib/python3.7/site-packages/airflow/example_dags/example_complex.py
[2023-06-04T01:05:58.381+0000] {processor.py:768} INFO - DAG(s) dict_keys(['example_complex']) retrieved from /home/airflow/.local/lib/python3.7/site-packages/airflow/example_dags/example_complex.py
[2023-06-04T01:05:58.424+0000] {logging_mixin.py:117} INFO - [2023-06-04T01:05:58.424+0000] {dag.py:2573} INFO - Sync 1 DAGs
[2023-06-04T01:05:58.471+0000] {logging_mixin.py:117} INFO - [2023-06-04T01:05:58.471+0000] {dag.py:3328} INFO - Setting next_dagrun for example_complex to None, run_after=None
[2023-06-04T01:05:58.504+0000] {processor.py:178} INFO - Processing /home/airflow/.local/lib/python3.7/site-packages/airflow/example_dags/example_complex.py took 0.166 seconds
[2023-06-04T01:06:29.199+0000] {processor.py:156} INFO - Started process (PID=118) to work on /home/airflow/.local/lib/python3.7/site-packages/airflow/example_dags/example_complex.py
[2023-06-04T01:06:29.201+0000] {processor.py:758} INFO - Processing file /home/airflow/.local/lib/python3.7/site-packages/airflow/example_dags/example_complex.py for tasks to queue
[2023-06-04T01:06:29.202+0000] {logging_mixin.py:117} INFO - [2023-06-04T01:06:29.202+0000] {dagbag.py:525} INFO - Filling up the DagBag from /home/airflow/.local/lib/python3.7/site-packages/airflow/example_dags/example_complex.py
[2023-06-04T01:06:29.230+0000] {processor.py:768} INFO - DAG(s) dict_keys(['example_complex']) retrieved from /home/airflow/.local/lib/python3.7/site-packages/airflow/example_dags/example_complex.py
[2023-06-04T01:06:29.289+0000] {logging_mixin.py:117} INFO - [2023-06-04T01:06:29.289+0000] {dag.py:2573} INFO - Sync 1 DAGs
[2023-06-04T01:06:29.321+0000] {logging_mixin.py:117} INFO - [2023-06-04T01:06:29.321+0000] {dag.py:3328} INFO - Setting next_dagrun for example_complex to None, run_after=None
[2023-06-04T01:06:29.346+0000] {processor.py:178} INFO - Processing /home/airflow/.local/lib/python3.7/site-packages/airflow/example_dags/example_complex.py took 0.151 seconds
[2023-06-04T01:07:00.044+0000] {processor.py:156} INFO - Started process (PID=184) to work on /home/airflow/.local/lib/python3.7/site-packages/airflow/example_dags/example_complex.py
[2023-06-04T01:07:00.046+0000] {processor.py:758} INFO - Processing file /home/airflow/.local/lib/python3.7/site-packages/airflow/example_dags/example_complex.py for tasks to queue
[2023-06-04T01:07:00.048+0000] {logging_mixin.py:117} INFO - [2023-06-04T01:07:00.047+0000] {dagbag.py:525} INFO - Filling up the DagBag from /home/airflow/.local/lib/python3.7/site-packages/airflow/example_dags/example_complex.py
[2023-06-04T01:07:00.077+0000] {processor.py:768} INFO - DAG(s) dict_keys(['example_complex']) retrieved from /home/airflow/.local/lib/python3.7/site-packages/airflow/example_dags/example_complex.py
[2023-06-04T01:07:00.135+0000] {logging_mixin.py:117} INFO - [2023-06-04T01:07:00.135+0000] {dag.py:2573} INFO - Sync 1 DAGs
[2023-06-04T01:07:00.168+0000] {logging_mixin.py:117} INFO - [2023-06-04T01:07:00.168+0000] {dag.py:3328} INFO - Setting next_dagrun for example_complex to None, run_after=None
[2023-06-04T01:07:00.193+0000] {processor.py:178} INFO - Processing /home/airflow/.local/lib/python3.7/site-packages/airflow/example_dags/example_complex.py took 0.153 seconds
[2023-06-04T01:07:30.825+0000] {processor.py:156} INFO - Started process (PID=248) to work on /home/airflow/.local/lib/python3.7/site-packages/airflow/example_dags/example_complex.py
[2023-06-04T01:07:30.827+0000] {processor.py:758} INFO - Processing file /home/airflow/.local/lib/python3.7/site-packages/airflow/example_dags/example_complex.py for tasks to queue
[2023-06-04T01:07:30.829+0000] {logging_mixin.py:117} INFO - [2023-06-04T01:07:30.828+0000] {dagbag.py:525} INFO - Filling up the DagBag from /home/airflow/.local/lib/python3.7/site-packages/airflow/example_dags/example_complex.py
[2023-06-04T01:07:30.857+0000] {processor.py:768} INFO - DAG(s) dict_keys(['example_complex']) retrieved from /home/airflow/.local/lib/python3.7/site-packages/airflow/example_dags/example_complex.py
[2023-06-04T01:07:30.915+0000] {logging_mixin.py:117} INFO - [2023-06-04T01:07:30.915+0000] {dag.py:2573} INFO - Sync 1 DAGs
[2023-06-04T01:07:30.950+0000] {logging_mixin.py:117} INFO - [2023-06-04T01:07:30.950+0000] {dag.py:3328} INFO - Setting next_dagrun for example_complex to None, run_after=None
[2023-06-04T01:07:30.974+0000] {processor.py:178} INFO - Processing /home/airflow/.local/lib/python3.7/site-packages/airflow/example_dags/example_complex.py took 0.155 seconds
[2023-06-04T01:08:01.509+0000] {processor.py:156} INFO - Started process (PID=312) to work on /home/airflow/.local/lib/python3.7/site-packages/airflow/example_dags/example_complex.py
[2023-06-04T01:08:01.511+0000] {processor.py:758} INFO - Processing file /home/airflow/.local/lib/python3.7/site-packages/airflow/example_dags/example_complex.py for tasks to queue
[2023-06-04T01:08:01.514+0000] {logging_mixin.py:117} INFO - [2023-06-04T01:08:01.514+0000] {dagbag.py:525} INFO - Filling up the DagBag from /home/airflow/.local/lib/python3.7/site-packages/airflow/example_dags/example_complex.py
[2023-06-04T01:08:01.550+0000] {processor.py:768} INFO - DAG(s) dict_keys(['example_complex']) retrieved from /home/airflow/.local/lib/python3.7/site-packages/airflow/example_dags/example_complex.py
[2023-06-04T01:08:01.615+0000] {logging_mixin.py:117} INFO - [2023-06-04T01:08:01.615+0000] {dag.py:2573} INFO - Sync 1 DAGs
[2023-06-04T01:08:01.648+0000] {logging_mixin.py:117} INFO - [2023-06-04T01:08:01.648+0000] {dag.py:3328} INFO - Setting next_dagrun for example_complex to None, run_after=None
[2023-06-04T01:08:01.672+0000] {processor.py:178} INFO - Processing /home/airflow/.local/lib/python3.7/site-packages/airflow/example_dags/example_complex.py took 0.169 seconds
[2023-06-04T01:08:32.292+0000] {processor.py:156} INFO - Started process (PID=367) to work on /home/airflow/.local/lib/python3.7/site-packages/airflow/example_dags/example_complex.py
[2023-06-04T01:08:32.294+0000] {processor.py:758} INFO - Processing file /home/airflow/.local/lib/python3.7/site-packages/airflow/example_dags/example_complex.py for tasks to queue
[2023-06-04T01:08:32.296+0000] {logging_mixin.py:117} INFO - [2023-06-04T01:08:32.296+0000] {dagbag.py:525} INFO - Filling up the DagBag from /home/airflow/.local/lib/python3.7/site-packages/airflow/example_dags/example_complex.py
[2023-06-04T01:08:32.325+0000] {processor.py:768} INFO - DAG(s) dict_keys(['example_complex']) retrieved from /home/airflow/.local/lib/python3.7/site-packages/airflow/example_dags/example_complex.py
[2023-06-04T01:08:32.385+0000] {logging_mixin.py:117} INFO - [2023-06-04T01:08:32.385+0000] {dag.py:2573} INFO - Sync 1 DAGs
[2023-06-04T01:08:32.417+0000] {logging_mixin.py:117} INFO - [2023-06-04T01:08:32.417+0000] {dag.py:3328} INFO - Setting next_dagrun for example_complex to None, run_after=None
[2023-06-04T01:08:32.440+0000] {processor.py:178} INFO - Processing /home/airflow/.local/lib/python3.7/site-packages/airflow/example_dags/example_complex.py took 0.153 seconds
[2023-06-04T01:09:03.169+0000] {processor.py:156} INFO - Started process (PID=431) to work on /home/airflow/.local/lib/python3.7/site-packages/airflow/example_dags/example_complex.py
[2023-06-04T01:09:03.172+0000] {processor.py:758} INFO - Processing file /home/airflow/.local/lib/python3.7/site-packages/airflow/example_dags/example_complex.py for tasks to queue
[2023-06-04T01:09:03.174+0000] {logging_mixin.py:117} INFO - [2023-06-04T01:09:03.174+0000] {dagbag.py:525} INFO - Filling up the DagBag from /home/airflow/.local/lib/python3.7/site-packages/airflow/example_dags/example_complex.py
[2023-06-04T01:09:03.206+0000] {processor.py:768} INFO - DAG(s) dict_keys(['example_complex']) retrieved from /home/airflow/.local/lib/python3.7/site-packages/airflow/example_dags/example_complex.py
[2023-06-04T01:09:03.267+0000] {logging_mixin.py:117} INFO - [2023-06-04T01:09:03.267+0000] {dag.py:2573} INFO - Sync 1 DAGs
[2023-06-04T01:09:03.301+0000] {logging_mixin.py:117} INFO - [2023-06-04T01:09:03.301+0000] {dag.py:3328} INFO - Setting next_dagrun for example_complex to None, run_after=None
[2023-06-04T01:09:03.325+0000] {processor.py:178} INFO - Processing /home/airflow/.local/lib/python3.7/site-packages/airflow/example_dags/example_complex.py took 0.161 seconds
[2023-06-04T01:09:34.223+0000] {processor.py:156} INFO - Started process (PID=495) to work on /home/airflow/.local/lib/python3.7/site-packages/airflow/example_dags/example_complex.py
[2023-06-04T01:09:34.225+0000] {processor.py:758} INFO - Processing file /home/airflow/.local/lib/python3.7/site-packages/airflow/example_dags/example_complex.py for tasks to queue
[2023-06-04T01:09:34.227+0000] {logging_mixin.py:117} INFO - [2023-06-04T01:09:34.227+0000] {dagbag.py:525} INFO - Filling up the DagBag from /home/airflow/.local/lib/python3.7/site-packages/airflow/example_dags/example_complex.py
[2023-06-04T01:09:34.256+0000] {processor.py:768} INFO - DAG(s) dict_keys(['example_complex']) retrieved from /home/airflow/.local/lib/python3.7/site-packages/airflow/example_dags/example_complex.py
[2023-06-04T01:09:34.316+0000] {logging_mixin.py:117} INFO - [2023-06-04T01:09:34.316+0000] {dag.py:2573} INFO - Sync 1 DAGs
[2023-06-04T01:09:34.351+0000] {logging_mixin.py:117} INFO - [2023-06-04T01:09:34.351+0000] {dag.py:3328} INFO - Setting next_dagrun for example_complex to None, run_after=None
[2023-06-04T01:09:34.377+0000] {processor.py:178} INFO - Processing /home/airflow/.local/lib/python3.7/site-packages/airflow/example_dags/example_complex.py took 0.159 seconds
[2023-06-04T01:10:05.067+0000] {processor.py:156} INFO - Started process (PID=550) to work on /home/airflow/.local/lib/python3.7/site-packages/airflow/example_dags/example_complex.py
[2023-06-04T01:10:05.069+0000] {processor.py:758} INFO - Processing file /home/airflow/.local/lib/python3.7/site-packages/airflow/example_dags/example_complex.py for tasks to queue
[2023-06-04T01:10:05.071+0000] {logging_mixin.py:117} INFO - [2023-06-04T01:10:05.071+0000] {dagbag.py:525} INFO - Filling up the DagBag from /home/airflow/.local/lib/python3.7/site-packages/airflow/example_dags/example_complex.py
[2023-06-04T01:10:05.100+0000] {processor.py:768} INFO - DAG(s) dict_keys(['example_complex']) retrieved from /home/airflow/.local/lib/python3.7/site-packages/airflow/example_dags/example_complex.py
[2023-06-04T01:10:05.161+0000] {logging_mixin.py:117} INFO - [2023-06-04T01:10:05.161+0000] {dag.py:2573} INFO - Sync 1 DAGs
[2023-06-04T01:10:05.194+0000] {logging_mixin.py:117} INFO - [2023-06-04T01:10:05.194+0000] {dag.py:3328} INFO - Setting next_dagrun for example_complex to None, run_after=None
[2023-06-04T01:10:05.220+0000] {processor.py:178} INFO - Processing /home/airflow/.local/lib/python3.7/site-packages/airflow/example_dags/example_complex.py took 0.157 seconds
[2023-06-04T01:10:35.591+0000] {processor.py:156} INFO - Started process (PID=614) to work on /home/airflow/.local/lib/python3.7/site-packages/airflow/example_dags/example_complex.py
[2023-06-04T01:10:35.593+0000] {processor.py:758} INFO - Processing file /home/airflow/.local/lib/python3.7/site-packages/airflow/example_dags/example_complex.py for tasks to queue
[2023-06-04T01:10:35.596+0000] {logging_mixin.py:117} INFO - [2023-06-04T01:10:35.596+0000] {dagbag.py:525} INFO - Filling up the DagBag from /home/airflow/.local/lib/python3.7/site-packages/airflow/example_dags/example_complex.py
[2023-06-04T01:10:35.624+0000] {processor.py:768} INFO - DAG(s) dict_keys(['example_complex']) retrieved from /home/airflow/.local/lib/python3.7/site-packages/airflow/example_dags/example_complex.py
[2023-06-04T01:10:35.683+0000] {logging_mixin.py:117} INFO - [2023-06-04T01:10:35.683+0000] {dag.py:2573} INFO - Sync 1 DAGs
[2023-06-04T01:10:35.716+0000] {logging_mixin.py:117} INFO - [2023-06-04T01:10:35.715+0000] {dag.py:3328} INFO - Setting next_dagrun for example_complex to None, run_after=None
[2023-06-04T01:10:35.741+0000] {processor.py:178} INFO - Processing /home/airflow/.local/lib/python3.7/site-packages/airflow/example_dags/example_complex.py took 0.155 seconds
[2023-06-04T01:11:06.193+0000] {processor.py:156} INFO - Started process (PID=678) to work on /home/airflow/.local/lib/python3.7/site-packages/airflow/example_dags/example_complex.py
[2023-06-04T01:11:06.195+0000] {processor.py:758} INFO - Processing file /home/airflow/.local/lib/python3.7/site-packages/airflow/example_dags/example_complex.py for tasks to queue
[2023-06-04T01:11:06.197+0000] {logging_mixin.py:117} INFO - [2023-06-04T01:11:06.197+0000] {dagbag.py:525} INFO - Filling up the DagBag from /home/airflow/.local/lib/python3.7/site-packages/airflow/example_dags/example_complex.py
[2023-06-04T01:11:06.223+0000] {processor.py:768} INFO - DAG(s) dict_keys(['example_complex']) retrieved from /home/airflow/.local/lib/python3.7/site-packages/airflow/example_dags/example_complex.py
[2023-06-04T01:11:06.275+0000] {logging_mixin.py:117} INFO - [2023-06-04T01:11:06.275+0000] {dag.py:2573} INFO - Sync 1 DAGs
[2023-06-04T01:11:06.303+0000] {logging_mixin.py:117} INFO - [2023-06-04T01:11:06.303+0000] {dag.py:3328} INFO - Setting next_dagrun for example_complex to None, run_after=None
[2023-06-04T01:11:06.324+0000] {processor.py:178} INFO - Processing /home/airflow/.local/lib/python3.7/site-packages/airflow/example_dags/example_complex.py took 0.137 seconds
[2023-06-04T01:11:37.060+0000] {processor.py:156} INFO - Started process (PID=733) to work on /home/airflow/.local/lib/python3.7/site-packages/airflow/example_dags/example_complex.py
[2023-06-04T01:11:37.063+0000] {processor.py:758} INFO - Processing file /home/airflow/.local/lib/python3.7/site-packages/airflow/example_dags/example_complex.py for tasks to queue
[2023-06-04T01:11:37.064+0000] {logging_mixin.py:117} INFO - [2023-06-04T01:11:37.064+0000] {dagbag.py:525} INFO - Filling up the DagBag from /home/airflow/.local/lib/python3.7/site-packages/airflow/example_dags/example_complex.py
[2023-06-04T01:11:37.098+0000] {processor.py:768} INFO - DAG(s) dict_keys(['example_complex']) retrieved from /home/airflow/.local/lib/python3.7/site-packages/airflow/example_dags/example_complex.py
[2023-06-04T01:11:37.162+0000] {logging_mixin.py:117} INFO - [2023-06-04T01:11:37.162+0000] {dag.py:2573} INFO - Sync 1 DAGs
[2023-06-04T01:11:37.202+0000] {logging_mixin.py:117} INFO - [2023-06-04T01:11:37.202+0000] {dag.py:3328} INFO - Setting next_dagrun for example_complex to None, run_after=None
[2023-06-04T01:11:37.232+0000] {processor.py:178} INFO - Processing /home/airflow/.local/lib/python3.7/site-packages/airflow/example_dags/example_complex.py took 0.176 seconds
[2023-06-04T01:12:07.458+0000] {processor.py:156} INFO - Started process (PID=797) to work on /home/airflow/.local/lib/python3.7/site-packages/airflow/example_dags/example_complex.py
[2023-06-04T01:12:07.460+0000] {processor.py:758} INFO - Processing file /home/airflow/.local/lib/python3.7/site-packages/airflow/example_dags/example_complex.py for tasks to queue
[2023-06-04T01:12:07.462+0000] {logging_mixin.py:117} INFO - [2023-06-04T01:12:07.462+0000] {dagbag.py:525} INFO - Filling up the DagBag from /home/airflow/.local/lib/python3.7/site-packages/airflow/example_dags/example_complex.py
[2023-06-04T01:12:07.492+0000] {processor.py:768} INFO - DAG(s) dict_keys(['example_complex']) retrieved from /home/airflow/.local/lib/python3.7/site-packages/airflow/example_dags/example_complex.py
[2023-06-04T01:12:07.552+0000] {logging_mixin.py:117} INFO - [2023-06-04T01:12:07.552+0000] {dag.py:2573} INFO - Sync 1 DAGs
[2023-06-04T01:12:07.583+0000] {logging_mixin.py:117} INFO - [2023-06-04T01:12:07.583+0000] {dag.py:3328} INFO - Setting next_dagrun for example_complex to None, run_after=None
[2023-06-04T01:12:07.608+0000] {processor.py:178} INFO - Processing /home/airflow/.local/lib/python3.7/site-packages/airflow/example_dags/example_complex.py took 0.154 seconds
[2023-06-04T01:12:37.979+0000] {processor.py:156} INFO - Started process (PID=861) to work on /home/airflow/.local/lib/python3.7/site-packages/airflow/example_dags/example_complex.py
[2023-06-04T01:12:37.981+0000] {processor.py:758} INFO - Processing file /home/airflow/.local/lib/python3.7/site-packages/airflow/example_dags/example_complex.py for tasks to queue
[2023-06-04T01:12:37.983+0000] {logging_mixin.py:117} INFO - [2023-06-04T01:12:37.983+0000] {dagbag.py:525} INFO - Filling up the DagBag from /home/airflow/.local/lib/python3.7/site-packages/airflow/example_dags/example_complex.py
[2023-06-04T01:12:38.012+0000] {processor.py:768} INFO - DAG(s) dict_keys(['example_complex']) retrieved from /home/airflow/.local/lib/python3.7/site-packages/airflow/example_dags/example_complex.py
[2023-06-04T01:12:38.074+0000] {logging_mixin.py:117} INFO - [2023-06-04T01:12:38.073+0000] {dag.py:2573} INFO - Sync 1 DAGs
[2023-06-04T01:12:38.108+0000] {logging_mixin.py:117} INFO - [2023-06-04T01:12:38.108+0000] {dag.py:3328} INFO - Setting next_dagrun for example_complex to None, run_after=None
[2023-06-04T01:12:38.140+0000] {processor.py:178} INFO - Processing /home/airflow/.local/lib/python3.7/site-packages/airflow/example_dags/example_complex.py took 0.165 seconds
[2023-06-04T01:13:08.336+0000] {processor.py:156} INFO - Started process (PID=923) to work on /home/airflow/.local/lib/python3.7/site-packages/airflow/example_dags/example_complex.py
[2023-06-04T01:13:08.338+0000] {processor.py:758} INFO - Processing file /home/airflow/.local/lib/python3.7/site-packages/airflow/example_dags/example_complex.py for tasks to queue
[2023-06-04T01:13:08.339+0000] {logging_mixin.py:117} INFO - [2023-06-04T01:13:08.339+0000] {dagbag.py:525} INFO - Filling up the DagBag from /home/airflow/.local/lib/python3.7/site-packages/airflow/example_dags/example_complex.py
[2023-06-04T01:13:08.371+0000] {processor.py:768} INFO - DAG(s) dict_keys(['example_complex']) retrieved from /home/airflow/.local/lib/python3.7/site-packages/airflow/example_dags/example_complex.py
[2023-06-04T01:13:08.432+0000] {logging_mixin.py:117} INFO - [2023-06-04T01:13:08.432+0000] {dag.py:2573} INFO - Sync 1 DAGs
[2023-06-04T01:13:08.467+0000] {logging_mixin.py:117} INFO - [2023-06-04T01:13:08.467+0000] {dag.py:3328} INFO - Setting next_dagrun for example_complex to None, run_after=None
[2023-06-04T01:13:08.492+0000] {processor.py:178} INFO - Processing /home/airflow/.local/lib/python3.7/site-packages/airflow/example_dags/example_complex.py took 0.161 seconds
[2023-06-04T01:13:38.759+0000] {processor.py:156} INFO - Started process (PID=980) to work on /home/airflow/.local/lib/python3.7/site-packages/airflow/example_dags/example_complex.py
[2023-06-04T01:13:38.762+0000] {processor.py:758} INFO - Processing file /home/airflow/.local/lib/python3.7/site-packages/airflow/example_dags/example_complex.py for tasks to queue
[2023-06-04T01:13:38.763+0000] {logging_mixin.py:117} INFO - [2023-06-04T01:13:38.763+0000] {dagbag.py:525} INFO - Filling up the DagBag from /home/airflow/.local/lib/python3.7/site-packages/airflow/example_dags/example_complex.py
[2023-06-04T01:13:38.792+0000] {processor.py:768} INFO - DAG(s) dict_keys(['example_complex']) retrieved from /home/airflow/.local/lib/python3.7/site-packages/airflow/example_dags/example_complex.py
[2023-06-04T01:13:38.856+0000] {logging_mixin.py:117} INFO - [2023-06-04T01:13:38.855+0000] {dag.py:2573} INFO - Sync 1 DAGs
[2023-06-04T01:13:38.891+0000] {logging_mixin.py:117} INFO - [2023-06-04T01:13:38.891+0000] {dag.py:3328} INFO - Setting next_dagrun for example_complex to None, run_after=None
[2023-06-04T01:13:38.916+0000] {processor.py:178} INFO - Processing /home/airflow/.local/lib/python3.7/site-packages/airflow/example_dags/example_complex.py took 0.162 seconds
[2023-06-04T01:14:09.511+0000] {processor.py:156} INFO - Started process (PID=1043) to work on /home/airflow/.local/lib/python3.7/site-packages/airflow/example_dags/example_complex.py
[2023-06-04T01:14:09.513+0000] {processor.py:758} INFO - Processing file /home/airflow/.local/lib/python3.7/site-packages/airflow/example_dags/example_complex.py for tasks to queue
[2023-06-04T01:14:09.515+0000] {logging_mixin.py:117} INFO - [2023-06-04T01:14:09.515+0000] {dagbag.py:525} INFO - Filling up the DagBag from /home/airflow/.local/lib/python3.7/site-packages/airflow/example_dags/example_complex.py
[2023-06-04T01:14:09.546+0000] {processor.py:768} INFO - DAG(s) dict_keys(['example_complex']) retrieved from /home/airflow/.local/lib/python3.7/site-packages/airflow/example_dags/example_complex.py
[2023-06-04T01:14:09.617+0000] {logging_mixin.py:117} INFO - [2023-06-04T01:14:09.617+0000] {dag.py:2573} INFO - Sync 1 DAGs
[2023-06-04T01:14:09.649+0000] {logging_mixin.py:117} INFO - [2023-06-04T01:14:09.648+0000] {dag.py:3328} INFO - Setting next_dagrun for example_complex to None, run_after=None
[2023-06-04T01:14:09.672+0000] {processor.py:178} INFO - Processing /home/airflow/.local/lib/python3.7/site-packages/airflow/example_dags/example_complex.py took 0.165 seconds
[2023-06-04T01:14:40.149+0000] {processor.py:156} INFO - Started process (PID=1106) to work on /home/airflow/.local/lib/python3.7/site-packages/airflow/example_dags/example_complex.py
[2023-06-04T01:14:40.152+0000] {processor.py:758} INFO - Processing file /home/airflow/.local/lib/python3.7/site-packages/airflow/example_dags/example_complex.py for tasks to queue
[2023-06-04T01:14:40.154+0000] {logging_mixin.py:117} INFO - [2023-06-04T01:14:40.153+0000] {dagbag.py:525} INFO - Filling up the DagBag from /home/airflow/.local/lib/python3.7/site-packages/airflow/example_dags/example_complex.py
[2023-06-04T01:14:40.183+0000] {processor.py:768} INFO - DAG(s) dict_keys(['example_complex']) retrieved from /home/airflow/.local/lib/python3.7/site-packages/airflow/example_dags/example_complex.py
[2023-06-04T01:14:40.253+0000] {logging_mixin.py:117} INFO - [2023-06-04T01:14:40.253+0000] {dag.py:2573} INFO - Sync 1 DAGs
[2023-06-04T01:14:40.288+0000] {logging_mixin.py:117} INFO - [2023-06-04T01:14:40.288+0000] {dag.py:3328} INFO - Setting next_dagrun for example_complex to None, run_after=None
[2023-06-04T01:14:40.314+0000] {processor.py:178} INFO - Processing /home/airflow/.local/lib/python3.7/site-packages/airflow/example_dags/example_complex.py took 0.170 seconds
[2023-06-04T01:15:10.573+0000] {processor.py:156} INFO - Started process (PID=1161) to work on /home/airflow/.local/lib/python3.7/site-packages/airflow/example_dags/example_complex.py
[2023-06-04T01:15:10.577+0000] {processor.py:758} INFO - Processing file /home/airflow/.local/lib/python3.7/site-packages/airflow/example_dags/example_complex.py for tasks to queue
[2023-06-04T01:15:10.581+0000] {logging_mixin.py:117} INFO - [2023-06-04T01:15:10.580+0000] {dagbag.py:525} INFO - Filling up the DagBag from /home/airflow/.local/lib/python3.7/site-packages/airflow/example_dags/example_complex.py
[2023-06-04T01:15:10.667+0000] {processor.py:768} INFO - DAG(s) dict_keys(['example_complex']) retrieved from /home/airflow/.local/lib/python3.7/site-packages/airflow/example_dags/example_complex.py
[2023-06-04T01:15:10.818+0000] {logging_mixin.py:117} INFO - [2023-06-04T01:15:10.817+0000] {dag.py:2573} INFO - Sync 1 DAGs
[2023-06-04T01:15:10.892+0000] {logging_mixin.py:117} INFO - [2023-06-04T01:15:10.891+0000] {dag.py:3328} INFO - Setting next_dagrun for example_complex to None, run_after=None
[2023-06-04T01:15:10.942+0000] {processor.py:178} INFO - Processing /home/airflow/.local/lib/python3.7/site-packages/airflow/example_dags/example_complex.py took 0.377 seconds
[2023-06-04T01:15:41.413+0000] {processor.py:156} INFO - Started process (PID=1225) to work on /home/airflow/.local/lib/python3.7/site-packages/airflow/example_dags/example_complex.py
[2023-06-04T01:15:41.417+0000] {processor.py:758} INFO - Processing file /home/airflow/.local/lib/python3.7/site-packages/airflow/example_dags/example_complex.py for tasks to queue
[2023-06-04T01:15:41.421+0000] {logging_mixin.py:117} INFO - [2023-06-04T01:15:41.420+0000] {dagbag.py:525} INFO - Filling up the DagBag from /home/airflow/.local/lib/python3.7/site-packages/airflow/example_dags/example_complex.py
[2023-06-04T01:15:41.465+0000] {processor.py:768} INFO - DAG(s) dict_keys(['example_complex']) retrieved from /home/airflow/.local/lib/python3.7/site-packages/airflow/example_dags/example_complex.py
[2023-06-04T01:15:41.538+0000] {logging_mixin.py:117} INFO - [2023-06-04T01:15:41.537+0000] {dag.py:2573} INFO - Sync 1 DAGs
[2023-06-04T01:15:41.576+0000] {logging_mixin.py:117} INFO - [2023-06-04T01:15:41.576+0000] {dag.py:3328} INFO - Setting next_dagrun for example_complex to None, run_after=None
[2023-06-04T01:15:41.604+0000] {processor.py:178} INFO - Processing /home/airflow/.local/lib/python3.7/site-packages/airflow/example_dags/example_complex.py took 0.201 seconds
[2023-06-04T01:16:11.907+0000] {processor.py:156} INFO - Started process (PID=1280) to work on /home/airflow/.local/lib/python3.7/site-packages/airflow/example_dags/example_complex.py
[2023-06-04T01:16:11.912+0000] {processor.py:758} INFO - Processing file /home/airflow/.local/lib/python3.7/site-packages/airflow/example_dags/example_complex.py for tasks to queue
[2023-06-04T01:16:11.915+0000] {logging_mixin.py:117} INFO - [2023-06-04T01:16:11.915+0000] {dagbag.py:525} INFO - Filling up the DagBag from /home/airflow/.local/lib/python3.7/site-packages/airflow/example_dags/example_complex.py
[2023-06-04T01:16:11.978+0000] {processor.py:768} INFO - DAG(s) dict_keys(['example_complex']) retrieved from /home/airflow/.local/lib/python3.7/site-packages/airflow/example_dags/example_complex.py
[2023-06-04T01:16:12.110+0000] {logging_mixin.py:117} INFO - [2023-06-04T01:16:12.109+0000] {dag.py:2573} INFO - Sync 1 DAGs
[2023-06-04T01:16:12.169+0000] {logging_mixin.py:117} INFO - [2023-06-04T01:16:12.169+0000] {dag.py:3328} INFO - Setting next_dagrun for example_complex to None, run_after=None
[2023-06-04T01:16:12.204+0000] {processor.py:178} INFO - Processing /home/airflow/.local/lib/python3.7/site-packages/airflow/example_dags/example_complex.py took 0.307 seconds
[2023-06-04T01:16:43.020+0000] {processor.py:156} INFO - Started process (PID=1344) to work on /home/airflow/.local/lib/python3.7/site-packages/airflow/example_dags/example_complex.py
[2023-06-04T01:16:43.023+0000] {processor.py:758} INFO - Processing file /home/airflow/.local/lib/python3.7/site-packages/airflow/example_dags/example_complex.py for tasks to queue
[2023-06-04T01:16:43.026+0000] {logging_mixin.py:117} INFO - [2023-06-04T01:16:43.026+0000] {dagbag.py:525} INFO - Filling up the DagBag from /home/airflow/.local/lib/python3.7/site-packages/airflow/example_dags/example_complex.py
[2023-06-04T01:16:43.066+0000] {processor.py:768} INFO - DAG(s) dict_keys(['example_complex']) retrieved from /home/airflow/.local/lib/python3.7/site-packages/airflow/example_dags/example_complex.py
[2023-06-04T01:16:43.139+0000] {logging_mixin.py:117} INFO - [2023-06-04T01:16:43.139+0000] {dag.py:2573} INFO - Sync 1 DAGs
[2023-06-04T01:16:43.194+0000] {logging_mixin.py:117} INFO - [2023-06-04T01:16:43.194+0000] {dag.py:3328} INFO - Setting next_dagrun for example_complex to None, run_after=None
[2023-06-04T01:16:43.241+0000] {processor.py:178} INFO - Processing /home/airflow/.local/lib/python3.7/site-packages/airflow/example_dags/example_complex.py took 0.226 seconds
[2023-06-04T01:17:13.937+0000] {processor.py:156} INFO - Started process (PID=1408) to work on /home/airflow/.local/lib/python3.7/site-packages/airflow/example_dags/example_complex.py
[2023-06-04T01:17:13.942+0000] {processor.py:758} INFO - Processing file /home/airflow/.local/lib/python3.7/site-packages/airflow/example_dags/example_complex.py for tasks to queue
[2023-06-04T01:17:13.944+0000] {logging_mixin.py:117} INFO - [2023-06-04T01:17:13.944+0000] {dagbag.py:525} INFO - Filling up the DagBag from /home/airflow/.local/lib/python3.7/site-packages/airflow/example_dags/example_complex.py
[2023-06-04T01:17:13.989+0000] {processor.py:768} INFO - DAG(s) dict_keys(['example_complex']) retrieved from /home/airflow/.local/lib/python3.7/site-packages/airflow/example_dags/example_complex.py
[2023-06-04T01:17:14.061+0000] {logging_mixin.py:117} INFO - [2023-06-04T01:17:14.061+0000] {dag.py:2573} INFO - Sync 1 DAGs
[2023-06-04T01:17:14.099+0000] {logging_mixin.py:117} INFO - [2023-06-04T01:17:14.098+0000] {dag.py:3328} INFO - Setting next_dagrun for example_complex to None, run_after=None
[2023-06-04T01:17:14.123+0000] {processor.py:178} INFO - Processing /home/airflow/.local/lib/python3.7/site-packages/airflow/example_dags/example_complex.py took 0.194 seconds
[2023-06-04T01:17:44.198+0000] {processor.py:156} INFO - Started process (PID=1463) to work on /home/airflow/.local/lib/python3.7/site-packages/airflow/example_dags/example_complex.py
[2023-06-04T01:17:44.200+0000] {processor.py:758} INFO - Processing file /home/airflow/.local/lib/python3.7/site-packages/airflow/example_dags/example_complex.py for tasks to queue
[2023-06-04T01:17:44.201+0000] {logging_mixin.py:117} INFO - [2023-06-04T01:17:44.201+0000] {dagbag.py:525} INFO - Filling up the DagBag from /home/airflow/.local/lib/python3.7/site-packages/airflow/example_dags/example_complex.py
[2023-06-04T01:17:44.230+0000] {processor.py:768} INFO - DAG(s) dict_keys(['example_complex']) retrieved from /home/airflow/.local/lib/python3.7/site-packages/airflow/example_dags/example_complex.py
[2023-06-04T01:17:44.293+0000] {logging_mixin.py:117} INFO - [2023-06-04T01:17:44.293+0000] {dag.py:2573} INFO - Sync 1 DAGs
[2023-06-04T01:17:44.325+0000] {logging_mixin.py:117} INFO - [2023-06-04T01:17:44.325+0000] {dag.py:3328} INFO - Setting next_dagrun for example_complex to None, run_after=None
[2023-06-04T01:17:44.349+0000] {processor.py:178} INFO - Processing /home/airflow/.local/lib/python3.7/site-packages/airflow/example_dags/example_complex.py took 0.156 seconds
[2023-06-04T01:18:14.456+0000] {processor.py:156} INFO - Started process (PID=1527) to work on /home/airflow/.local/lib/python3.7/site-packages/airflow/example_dags/example_complex.py
[2023-06-04T01:18:14.458+0000] {processor.py:758} INFO - Processing file /home/airflow/.local/lib/python3.7/site-packages/airflow/example_dags/example_complex.py for tasks to queue
[2023-06-04T01:18:14.460+0000] {logging_mixin.py:117} INFO - [2023-06-04T01:18:14.460+0000] {dagbag.py:525} INFO - Filling up the DagBag from /home/airflow/.local/lib/python3.7/site-packages/airflow/example_dags/example_complex.py
[2023-06-04T01:18:14.488+0000] {processor.py:768} INFO - DAG(s) dict_keys(['example_complex']) retrieved from /home/airflow/.local/lib/python3.7/site-packages/airflow/example_dags/example_complex.py
[2023-06-04T01:18:14.550+0000] {logging_mixin.py:117} INFO - [2023-06-04T01:18:14.550+0000] {dag.py:2573} INFO - Sync 1 DAGs
[2023-06-04T01:18:14.582+0000] {logging_mixin.py:117} INFO - [2023-06-04T01:18:14.582+0000] {dag.py:3328} INFO - Setting next_dagrun for example_complex to None, run_after=None
[2023-06-04T01:18:14.607+0000] {processor.py:178} INFO - Processing /home/airflow/.local/lib/python3.7/site-packages/airflow/example_dags/example_complex.py took 0.155 seconds
[2023-06-04T01:18:44.688+0000] {processor.py:156} INFO - Started process (PID=1590) to work on /home/airflow/.local/lib/python3.7/site-packages/airflow/example_dags/example_complex.py
[2023-06-04T01:18:44.691+0000] {processor.py:758} INFO - Processing file /home/airflow/.local/lib/python3.7/site-packages/airflow/example_dags/example_complex.py for tasks to queue
[2023-06-04T01:18:44.694+0000] {logging_mixin.py:117} INFO - [2023-06-04T01:18:44.694+0000] {dagbag.py:525} INFO - Filling up the DagBag from /home/airflow/.local/lib/python3.7/site-packages/airflow/example_dags/example_complex.py
[2023-06-04T01:18:44.725+0000] {processor.py:768} INFO - DAG(s) dict_keys(['example_complex']) retrieved from /home/airflow/.local/lib/python3.7/site-packages/airflow/example_dags/example_complex.py
[2023-06-04T01:18:44.790+0000] {logging_mixin.py:117} INFO - [2023-06-04T01:18:44.790+0000] {dag.py:2573} INFO - Sync 1 DAGs
[2023-06-04T01:18:44.828+0000] {logging_mixin.py:117} INFO - [2023-06-04T01:18:44.828+0000] {dag.py:3328} INFO - Setting next_dagrun for example_complex to None, run_after=None
[2023-06-04T01:18:44.860+0000] {processor.py:178} INFO - Processing /home/airflow/.local/lib/python3.7/site-packages/airflow/example_dags/example_complex.py took 0.177 seconds
[2023-06-04T01:19:15.715+0000] {processor.py:156} INFO - Started process (PID=1645) to work on /home/airflow/.local/lib/python3.7/site-packages/airflow/example_dags/example_complex.py
[2023-06-04T01:19:15.718+0000] {processor.py:758} INFO - Processing file /home/airflow/.local/lib/python3.7/site-packages/airflow/example_dags/example_complex.py for tasks to queue
[2023-06-04T01:19:15.721+0000] {logging_mixin.py:117} INFO - [2023-06-04T01:19:15.721+0000] {dagbag.py:525} INFO - Filling up the DagBag from /home/airflow/.local/lib/python3.7/site-packages/airflow/example_dags/example_complex.py
[2023-06-04T01:19:15.755+0000] {processor.py:768} INFO - DAG(s) dict_keys(['example_complex']) retrieved from /home/airflow/.local/lib/python3.7/site-packages/airflow/example_dags/example_complex.py
[2023-06-04T01:19:15.816+0000] {logging_mixin.py:117} INFO - [2023-06-04T01:19:15.815+0000] {dag.py:2573} INFO - Sync 1 DAGs
[2023-06-04T01:19:15.849+0000] {logging_mixin.py:117} INFO - [2023-06-04T01:19:15.848+0000] {dag.py:3328} INFO - Setting next_dagrun for example_complex to None, run_after=None
[2023-06-04T01:19:15.874+0000] {processor.py:178} INFO - Processing /home/airflow/.local/lib/python3.7/site-packages/airflow/example_dags/example_complex.py took 0.164 seconds
[2023-06-04T01:20:40.694+0000] {processor.py:157} INFO - Started process (PID=62) to work on /home/airflow/.local/lib/python3.7/site-packages/airflow/example_dags/example_complex.py
[2023-06-04T01:20:40.698+0000] {processor.py:826} INFO - Processing file /home/airflow/.local/lib/python3.7/site-packages/airflow/example_dags/example_complex.py for tasks to queue
[2023-06-04T01:20:40.701+0000] {logging_mixin.py:149} INFO - [2023-06-04T01:20:40.700+0000] {dagbag.py:541} INFO - Filling up the DagBag from /home/airflow/.local/lib/python3.7/site-packages/airflow/example_dags/example_complex.py
[2023-06-04T01:20:40.725+0000] {logging_mixin.py:149} INFO - [2023-06-04T01:20:40.725+0000] {taskmixin.py:211} WARNING - Dependency <Task(BashOperator): create_entry_group>, delete_entry_group already registered for DAG: example_complex
[2023-06-04T01:20:40.727+0000] {logging_mixin.py:149} INFO - [2023-06-04T01:20:40.727+0000] {taskmixin.py:211} WARNING - Dependency <Task(BashOperator): delete_entry_group>, create_entry_group already registered for DAG: example_complex
[2023-06-04T01:20:40.729+0000] {logging_mixin.py:149} INFO - [2023-06-04T01:20:40.728+0000] {taskmixin.py:211} WARNING - Dependency <Task(BashOperator): create_entry_gcs>, delete_entry already registered for DAG: example_complex
[2023-06-04T01:20:40.731+0000] {logging_mixin.py:149} INFO - [2023-06-04T01:20:40.730+0000] {taskmixin.py:211} WARNING - Dependency <Task(BashOperator): delete_entry>, create_entry_gcs already registered for DAG: example_complex
[2023-06-04T01:20:40.734+0000] {logging_mixin.py:149} INFO - [2023-06-04T01:20:40.734+0000] {taskmixin.py:211} WARNING - Dependency <Task(BashOperator): create_tag>, delete_tag already registered for DAG: example_complex
[2023-06-04T01:20:40.736+0000] {logging_mixin.py:149} INFO - [2023-06-04T01:20:40.736+0000] {taskmixin.py:211} WARNING - Dependency <Task(BashOperator): delete_tag>, create_tag already registered for DAG: example_complex
[2023-06-04T01:20:40.746+0000] {processor.py:836} INFO - DAG(s) dict_keys(['example_complex']) retrieved from /home/airflow/.local/lib/python3.7/site-packages/airflow/example_dags/example_complex.py
[2023-06-04T01:20:40.779+0000] {logging_mixin.py:149} INFO - [2023-06-04T01:20:40.779+0000] {dag.py:2726} INFO - Sync 1 DAGs
[2023-06-04T01:20:40.834+0000] {logging_mixin.py:149} INFO - [2023-06-04T01:20:40.833+0000] {dag.py:3490} INFO - Setting next_dagrun for example_complex to None, run_after=None
[2023-06-04T01:20:40.884+0000] {processor.py:179} INFO - Processing /home/airflow/.local/lib/python3.7/site-packages/airflow/example_dags/example_complex.py took 0.199 seconds
[2023-06-04T01:21:11.311+0000] {processor.py:157} INFO - Started process (PID=132) to work on /home/airflow/.local/lib/python3.7/site-packages/airflow/example_dags/example_complex.py
[2023-06-04T01:21:11.313+0000] {processor.py:826} INFO - Processing file /home/airflow/.local/lib/python3.7/site-packages/airflow/example_dags/example_complex.py for tasks to queue
[2023-06-04T01:21:11.315+0000] {logging_mixin.py:149} INFO - [2023-06-04T01:21:11.315+0000] {dagbag.py:541} INFO - Filling up the DagBag from /home/airflow/.local/lib/python3.7/site-packages/airflow/example_dags/example_complex.py
[2023-06-04T01:21:11.332+0000] {logging_mixin.py:149} INFO - [2023-06-04T01:21:11.332+0000] {taskmixin.py:211} WARNING - Dependency <Task(BashOperator): create_entry_group>, delete_entry_group already registered for DAG: example_complex
[2023-06-04T01:21:11.333+0000] {logging_mixin.py:149} INFO - [2023-06-04T01:21:11.333+0000] {taskmixin.py:211} WARNING - Dependency <Task(BashOperator): delete_entry_group>, create_entry_group already registered for DAG: example_complex
[2023-06-04T01:21:11.335+0000] {logging_mixin.py:149} INFO - [2023-06-04T01:21:11.335+0000] {taskmixin.py:211} WARNING - Dependency <Task(BashOperator): create_entry_gcs>, delete_entry already registered for DAG: example_complex
[2023-06-04T01:21:11.336+0000] {logging_mixin.py:149} INFO - [2023-06-04T01:21:11.336+0000] {taskmixin.py:211} WARNING - Dependency <Task(BashOperator): delete_entry>, create_entry_gcs already registered for DAG: example_complex
[2023-06-04T01:21:11.338+0000] {logging_mixin.py:149} INFO - [2023-06-04T01:21:11.338+0000] {taskmixin.py:211} WARNING - Dependency <Task(BashOperator): create_tag>, delete_tag already registered for DAG: example_complex
[2023-06-04T01:21:11.340+0000] {logging_mixin.py:149} INFO - [2023-06-04T01:21:11.339+0000] {taskmixin.py:211} WARNING - Dependency <Task(BashOperator): delete_tag>, create_tag already registered for DAG: example_complex
[2023-06-04T01:21:11.343+0000] {processor.py:836} INFO - DAG(s) dict_keys(['example_complex']) retrieved from /home/airflow/.local/lib/python3.7/site-packages/airflow/example_dags/example_complex.py
[2023-06-04T01:21:11.402+0000] {logging_mixin.py:149} INFO - [2023-06-04T01:21:11.402+0000] {dag.py:2726} INFO - Sync 1 DAGs
[2023-06-04T01:21:11.436+0000] {logging_mixin.py:149} INFO - [2023-06-04T01:21:11.435+0000] {dag.py:3490} INFO - Setting next_dagrun for example_complex to None, run_after=None
[2023-06-04T01:21:11.466+0000] {processor.py:179} INFO - Processing /home/airflow/.local/lib/python3.7/site-packages/airflow/example_dags/example_complex.py took 0.159 seconds
[2023-06-04T01:21:41.987+0000] {processor.py:157} INFO - Started process (PID=211) to work on /home/airflow/.local/lib/python3.7/site-packages/airflow/example_dags/example_complex.py
[2023-06-04T01:21:41.990+0000] {processor.py:826} INFO - Processing file /home/airflow/.local/lib/python3.7/site-packages/airflow/example_dags/example_complex.py for tasks to queue
[2023-06-04T01:21:41.993+0000] {logging_mixin.py:149} INFO - [2023-06-04T01:21:41.992+0000] {dagbag.py:541} INFO - Filling up the DagBag from /home/airflow/.local/lib/python3.7/site-packages/airflow/example_dags/example_complex.py
[2023-06-04T01:21:42.011+0000] {logging_mixin.py:149} INFO - [2023-06-04T01:21:42.011+0000] {taskmixin.py:211} WARNING - Dependency <Task(BashOperator): create_entry_group>, delete_entry_group already registered for DAG: example_complex
[2023-06-04T01:21:42.014+0000] {logging_mixin.py:149} INFO - [2023-06-04T01:21:42.014+0000] {taskmixin.py:211} WARNING - Dependency <Task(BashOperator): delete_entry_group>, create_entry_group already registered for DAG: example_complex
[2023-06-04T01:21:42.016+0000] {logging_mixin.py:149} INFO - [2023-06-04T01:21:42.016+0000] {taskmixin.py:211} WARNING - Dependency <Task(BashOperator): create_entry_gcs>, delete_entry already registered for DAG: example_complex
[2023-06-04T01:21:42.018+0000] {logging_mixin.py:149} INFO - [2023-06-04T01:21:42.018+0000] {taskmixin.py:211} WARNING - Dependency <Task(BashOperator): delete_entry>, create_entry_gcs already registered for DAG: example_complex
[2023-06-04T01:21:42.020+0000] {logging_mixin.py:149} INFO - [2023-06-04T01:21:42.020+0000] {taskmixin.py:211} WARNING - Dependency <Task(BashOperator): create_tag>, delete_tag already registered for DAG: example_complex
[2023-06-04T01:21:42.022+0000] {logging_mixin.py:149} INFO - [2023-06-04T01:21:42.021+0000] {taskmixin.py:211} WARNING - Dependency <Task(BashOperator): delete_tag>, create_tag already registered for DAG: example_complex
[2023-06-04T01:21:42.026+0000] {processor.py:836} INFO - DAG(s) dict_keys(['example_complex']) retrieved from /home/airflow/.local/lib/python3.7/site-packages/airflow/example_dags/example_complex.py
[2023-06-04T01:21:42.088+0000] {logging_mixin.py:149} INFO - [2023-06-04T01:21:42.087+0000] {dag.py:2726} INFO - Sync 1 DAGs
[2023-06-04T01:21:42.147+0000] {logging_mixin.py:149} INFO - [2023-06-04T01:21:42.146+0000] {dag.py:3490} INFO - Setting next_dagrun for example_complex to None, run_after=None
[2023-06-04T01:21:42.179+0000] {processor.py:179} INFO - Processing /home/airflow/.local/lib/python3.7/site-packages/airflow/example_dags/example_complex.py took 0.205 seconds
[2023-06-04T01:22:12.437+0000] {processor.py:157} INFO - Started process (PID=281) to work on /home/airflow/.local/lib/python3.7/site-packages/airflow/example_dags/example_complex.py
[2023-06-04T01:22:12.439+0000] {processor.py:826} INFO - Processing file /home/airflow/.local/lib/python3.7/site-packages/airflow/example_dags/example_complex.py for tasks to queue
[2023-06-04T01:22:12.441+0000] {logging_mixin.py:149} INFO - [2023-06-04T01:22:12.441+0000] {dagbag.py:541} INFO - Filling up the DagBag from /home/airflow/.local/lib/python3.7/site-packages/airflow/example_dags/example_complex.py
[2023-06-04T01:22:12.455+0000] {logging_mixin.py:149} INFO - [2023-06-04T01:22:12.455+0000] {taskmixin.py:211} WARNING - Dependency <Task(BashOperator): create_entry_group>, delete_entry_group already registered for DAG: example_complex
[2023-06-04T01:22:12.456+0000] {logging_mixin.py:149} INFO - [2023-06-04T01:22:12.456+0000] {taskmixin.py:211} WARNING - Dependency <Task(BashOperator): delete_entry_group>, create_entry_group already registered for DAG: example_complex
[2023-06-04T01:22:12.457+0000] {logging_mixin.py:149} INFO - [2023-06-04T01:22:12.457+0000] {taskmixin.py:211} WARNING - Dependency <Task(BashOperator): create_entry_gcs>, delete_entry already registered for DAG: example_complex
[2023-06-04T01:22:12.458+0000] {logging_mixin.py:149} INFO - [2023-06-04T01:22:12.458+0000] {taskmixin.py:211} WARNING - Dependency <Task(BashOperator): delete_entry>, create_entry_gcs already registered for DAG: example_complex
[2023-06-04T01:22:12.460+0000] {logging_mixin.py:149} INFO - [2023-06-04T01:22:12.460+0000] {taskmixin.py:211} WARNING - Dependency <Task(BashOperator): create_tag>, delete_tag already registered for DAG: example_complex
[2023-06-04T01:22:12.461+0000] {logging_mixin.py:149} INFO - [2023-06-04T01:22:12.461+0000] {taskmixin.py:211} WARNING - Dependency <Task(BashOperator): delete_tag>, create_tag already registered for DAG: example_complex
[2023-06-04T01:22:12.463+0000] {processor.py:836} INFO - DAG(s) dict_keys(['example_complex']) retrieved from /home/airflow/.local/lib/python3.7/site-packages/airflow/example_dags/example_complex.py
[2023-06-04T01:22:12.513+0000] {logging_mixin.py:149} INFO - [2023-06-04T01:22:12.513+0000] {dag.py:2726} INFO - Sync 1 DAGs
[2023-06-04T01:22:12.559+0000] {logging_mixin.py:149} INFO - [2023-06-04T01:22:12.559+0000] {dag.py:3490} INFO - Setting next_dagrun for example_complex to None, run_after=None
[2023-06-04T01:22:12.586+0000] {processor.py:179} INFO - Processing /home/airflow/.local/lib/python3.7/site-packages/airflow/example_dags/example_complex.py took 0.154 seconds
[2023-06-04T01:22:43.232+0000] {processor.py:157} INFO - Started process (PID=351) to work on /home/airflow/.local/lib/python3.7/site-packages/airflow/example_dags/example_complex.py
[2023-06-04T01:22:43.234+0000] {processor.py:826} INFO - Processing file /home/airflow/.local/lib/python3.7/site-packages/airflow/example_dags/example_complex.py for tasks to queue
[2023-06-04T01:22:43.237+0000] {logging_mixin.py:149} INFO - [2023-06-04T01:22:43.237+0000] {dagbag.py:541} INFO - Filling up the DagBag from /home/airflow/.local/lib/python3.7/site-packages/airflow/example_dags/example_complex.py
[2023-06-04T01:22:43.255+0000] {logging_mixin.py:149} INFO - [2023-06-04T01:22:43.255+0000] {taskmixin.py:211} WARNING - Dependency <Task(BashOperator): create_entry_group>, delete_entry_group already registered for DAG: example_complex
[2023-06-04T01:22:43.257+0000] {logging_mixin.py:149} INFO - [2023-06-04T01:22:43.257+0000] {taskmixin.py:211} WARNING - Dependency <Task(BashOperator): delete_entry_group>, create_entry_group already registered for DAG: example_complex
[2023-06-04T01:22:43.258+0000] {logging_mixin.py:149} INFO - [2023-06-04T01:22:43.258+0000] {taskmixin.py:211} WARNING - Dependency <Task(BashOperator): create_entry_gcs>, delete_entry already registered for DAG: example_complex
[2023-06-04T01:22:43.260+0000] {logging_mixin.py:149} INFO - [2023-06-04T01:22:43.259+0000] {taskmixin.py:211} WARNING - Dependency <Task(BashOperator): delete_entry>, create_entry_gcs already registered for DAG: example_complex
[2023-06-04T01:22:43.261+0000] {logging_mixin.py:149} INFO - [2023-06-04T01:22:43.261+0000] {taskmixin.py:211} WARNING - Dependency <Task(BashOperator): create_tag>, delete_tag already registered for DAG: example_complex
[2023-06-04T01:22:43.262+0000] {logging_mixin.py:149} INFO - [2023-06-04T01:22:43.262+0000] {taskmixin.py:211} WARNING - Dependency <Task(BashOperator): delete_tag>, create_tag already registered for DAG: example_complex
[2023-06-04T01:22:43.266+0000] {processor.py:836} INFO - DAG(s) dict_keys(['example_complex']) retrieved from /home/airflow/.local/lib/python3.7/site-packages/airflow/example_dags/example_complex.py
[2023-06-04T01:22:43.316+0000] {logging_mixin.py:149} INFO - [2023-06-04T01:22:43.316+0000] {dag.py:2726} INFO - Sync 1 DAGs
[2023-06-04T01:22:43.349+0000] {logging_mixin.py:149} INFO - [2023-06-04T01:22:43.349+0000] {dag.py:3490} INFO - Setting next_dagrun for example_complex to None, run_after=None
[2023-06-04T01:22:43.375+0000] {processor.py:179} INFO - Processing /home/airflow/.local/lib/python3.7/site-packages/airflow/example_dags/example_complex.py took 0.148 seconds
[2023-06-04T01:23:14.340+0000] {processor.py:157} INFO - Started process (PID=430) to work on /home/airflow/.local/lib/python3.7/site-packages/airflow/example_dags/example_complex.py
[2023-06-04T01:23:14.342+0000] {processor.py:826} INFO - Processing file /home/airflow/.local/lib/python3.7/site-packages/airflow/example_dags/example_complex.py for tasks to queue
[2023-06-04T01:23:14.344+0000] {logging_mixin.py:149} INFO - [2023-06-04T01:23:14.344+0000] {dagbag.py:541} INFO - Filling up the DagBag from /home/airflow/.local/lib/python3.7/site-packages/airflow/example_dags/example_complex.py
[2023-06-04T01:23:14.363+0000] {logging_mixin.py:149} INFO - [2023-06-04T01:23:14.363+0000] {taskmixin.py:211} WARNING - Dependency <Task(BashOperator): create_entry_group>, delete_entry_group already registered for DAG: example_complex
[2023-06-04T01:23:14.364+0000] {logging_mixin.py:149} INFO - [2023-06-04T01:23:14.364+0000] {taskmixin.py:211} WARNING - Dependency <Task(BashOperator): delete_entry_group>, create_entry_group already registered for DAG: example_complex
[2023-06-04T01:23:14.367+0000] {logging_mixin.py:149} INFO - [2023-06-04T01:23:14.367+0000] {taskmixin.py:211} WARNING - Dependency <Task(BashOperator): create_entry_gcs>, delete_entry already registered for DAG: example_complex
[2023-06-04T01:23:14.368+0000] {logging_mixin.py:149} INFO - [2023-06-04T01:23:14.368+0000] {taskmixin.py:211} WARNING - Dependency <Task(BashOperator): delete_entry>, create_entry_gcs already registered for DAG: example_complex
[2023-06-04T01:23:14.370+0000] {logging_mixin.py:149} INFO - [2023-06-04T01:23:14.370+0000] {taskmixin.py:211} WARNING - Dependency <Task(BashOperator): create_tag>, delete_tag already registered for DAG: example_complex
[2023-06-04T01:23:14.371+0000] {logging_mixin.py:149} INFO - [2023-06-04T01:23:14.371+0000] {taskmixin.py:211} WARNING - Dependency <Task(BashOperator): delete_tag>, create_tag already registered for DAG: example_complex
[2023-06-04T01:23:14.375+0000] {processor.py:836} INFO - DAG(s) dict_keys(['example_complex']) retrieved from /home/airflow/.local/lib/python3.7/site-packages/airflow/example_dags/example_complex.py
[2023-06-04T01:23:14.425+0000] {logging_mixin.py:149} INFO - [2023-06-04T01:23:14.424+0000] {dag.py:2726} INFO - Sync 1 DAGs
[2023-06-04T01:23:14.458+0000] {logging_mixin.py:149} INFO - [2023-06-04T01:23:14.458+0000] {dag.py:3490} INFO - Setting next_dagrun for example_complex to None, run_after=None
[2023-06-04T01:23:14.483+0000] {processor.py:179} INFO - Processing /home/airflow/.local/lib/python3.7/site-packages/airflow/example_dags/example_complex.py took 0.149 seconds
[2023-06-04T01:23:45.327+0000] {processor.py:157} INFO - Started process (PID=500) to work on /home/airflow/.local/lib/python3.7/site-packages/airflow/example_dags/example_complex.py
[2023-06-04T01:23:45.329+0000] {processor.py:826} INFO - Processing file /home/airflow/.local/lib/python3.7/site-packages/airflow/example_dags/example_complex.py for tasks to queue
[2023-06-04T01:23:45.331+0000] {logging_mixin.py:149} INFO - [2023-06-04T01:23:45.331+0000] {dagbag.py:541} INFO - Filling up the DagBag from /home/airflow/.local/lib/python3.7/site-packages/airflow/example_dags/example_complex.py
[2023-06-04T01:23:45.348+0000] {logging_mixin.py:149} INFO - [2023-06-04T01:23:45.348+0000] {taskmixin.py:211} WARNING - Dependency <Task(BashOperator): create_entry_group>, delete_entry_group already registered for DAG: example_complex
[2023-06-04T01:23:45.350+0000] {logging_mixin.py:149} INFO - [2023-06-04T01:23:45.350+0000] {taskmixin.py:211} WARNING - Dependency <Task(BashOperator): delete_entry_group>, create_entry_group already registered for DAG: example_complex
[2023-06-04T01:23:45.352+0000] {logging_mixin.py:149} INFO - [2023-06-04T01:23:45.351+0000] {taskmixin.py:211} WARNING - Dependency <Task(BashOperator): create_entry_gcs>, delete_entry already registered for DAG: example_complex
[2023-06-04T01:23:45.353+0000] {logging_mixin.py:149} INFO - [2023-06-04T01:23:45.353+0000] {taskmixin.py:211} WARNING - Dependency <Task(BashOperator): delete_entry>, create_entry_gcs already registered for DAG: example_complex
[2023-06-04T01:23:45.355+0000] {logging_mixin.py:149} INFO - [2023-06-04T01:23:45.355+0000] {taskmixin.py:211} WARNING - Dependency <Task(BashOperator): create_tag>, delete_tag already registered for DAG: example_complex
[2023-06-04T01:23:45.358+0000] {logging_mixin.py:149} INFO - [2023-06-04T01:23:45.357+0000] {taskmixin.py:211} WARNING - Dependency <Task(BashOperator): delete_tag>, create_tag already registered for DAG: example_complex
[2023-06-04T01:23:45.361+0000] {processor.py:836} INFO - DAG(s) dict_keys(['example_complex']) retrieved from /home/airflow/.local/lib/python3.7/site-packages/airflow/example_dags/example_complex.py
[2023-06-04T01:23:45.414+0000] {logging_mixin.py:149} INFO - [2023-06-04T01:23:45.414+0000] {dag.py:2726} INFO - Sync 1 DAGs
[2023-06-04T01:23:45.450+0000] {logging_mixin.py:149} INFO - [2023-06-04T01:23:45.450+0000] {dag.py:3490} INFO - Setting next_dagrun for example_complex to None, run_after=None
[2023-06-04T01:23:45.478+0000] {processor.py:179} INFO - Processing /home/airflow/.local/lib/python3.7/site-packages/airflow/example_dags/example_complex.py took 0.157 seconds
[2023-06-04T01:24:15.825+0000] {processor.py:157} INFO - Started process (PID=579) to work on /home/airflow/.local/lib/python3.7/site-packages/airflow/example_dags/example_complex.py
[2023-06-04T01:24:15.828+0000] {processor.py:826} INFO - Processing file /home/airflow/.local/lib/python3.7/site-packages/airflow/example_dags/example_complex.py for tasks to queue
[2023-06-04T01:24:15.830+0000] {logging_mixin.py:149} INFO - [2023-06-04T01:24:15.830+0000] {dagbag.py:541} INFO - Filling up the DagBag from /home/airflow/.local/lib/python3.7/site-packages/airflow/example_dags/example_complex.py
[2023-06-04T01:24:15.849+0000] {logging_mixin.py:149} INFO - [2023-06-04T01:24:15.849+0000] {taskmixin.py:211} WARNING - Dependency <Task(BashOperator): create_entry_group>, delete_entry_group already registered for DAG: example_complex
[2023-06-04T01:24:15.851+0000] {logging_mixin.py:149} INFO - [2023-06-04T01:24:15.851+0000] {taskmixin.py:211} WARNING - Dependency <Task(BashOperator): delete_entry_group>, create_entry_group already registered for DAG: example_complex
[2023-06-04T01:24:15.854+0000] {logging_mixin.py:149} INFO - [2023-06-04T01:24:15.854+0000] {taskmixin.py:211} WARNING - Dependency <Task(BashOperator): create_entry_gcs>, delete_entry already registered for DAG: example_complex
[2023-06-04T01:24:15.855+0000] {logging_mixin.py:149} INFO - [2023-06-04T01:24:15.855+0000] {taskmixin.py:211} WARNING - Dependency <Task(BashOperator): delete_entry>, create_entry_gcs already registered for DAG: example_complex
[2023-06-04T01:24:15.859+0000] {logging_mixin.py:149} INFO - [2023-06-04T01:24:15.858+0000] {taskmixin.py:211} WARNING - Dependency <Task(BashOperator): create_tag>, delete_tag already registered for DAG: example_complex
[2023-06-04T01:24:15.861+0000] {logging_mixin.py:149} INFO - [2023-06-04T01:24:15.860+0000] {taskmixin.py:211} WARNING - Dependency <Task(BashOperator): delete_tag>, create_tag already registered for DAG: example_complex
[2023-06-04T01:24:15.865+0000] {processor.py:836} INFO - DAG(s) dict_keys(['example_complex']) retrieved from /home/airflow/.local/lib/python3.7/site-packages/airflow/example_dags/example_complex.py
[2023-06-04T01:24:15.928+0000] {logging_mixin.py:149} INFO - [2023-06-04T01:24:15.928+0000] {dag.py:2726} INFO - Sync 1 DAGs
[2023-06-04T01:24:15.971+0000] {logging_mixin.py:149} INFO - [2023-06-04T01:24:15.971+0000] {dag.py:3490} INFO - Setting next_dagrun for example_complex to None, run_after=None
[2023-06-04T01:24:16.002+0000] {processor.py:179} INFO - Processing /home/airflow/.local/lib/python3.7/site-packages/airflow/example_dags/example_complex.py took 0.182 seconds
[2023-06-04T01:24:46.348+0000] {processor.py:157} INFO - Started process (PID=649) to work on /home/airflow/.local/lib/python3.7/site-packages/airflow/example_dags/example_complex.py
[2023-06-04T01:24:46.350+0000] {processor.py:826} INFO - Processing file /home/airflow/.local/lib/python3.7/site-packages/airflow/example_dags/example_complex.py for tasks to queue
[2023-06-04T01:24:46.353+0000] {logging_mixin.py:149} INFO - [2023-06-04T01:24:46.352+0000] {dagbag.py:541} INFO - Filling up the DagBag from /home/airflow/.local/lib/python3.7/site-packages/airflow/example_dags/example_complex.py
[2023-06-04T01:24:46.372+0000] {logging_mixin.py:149} INFO - [2023-06-04T01:24:46.372+0000] {taskmixin.py:211} WARNING - Dependency <Task(BashOperator): create_entry_group>, delete_entry_group already registered for DAG: example_complex
[2023-06-04T01:24:46.374+0000] {logging_mixin.py:149} INFO - [2023-06-04T01:24:46.374+0000] {taskmixin.py:211} WARNING - Dependency <Task(BashOperator): delete_entry_group>, create_entry_group already registered for DAG: example_complex
[2023-06-04T01:24:46.375+0000] {logging_mixin.py:149} INFO - [2023-06-04T01:24:46.375+0000] {taskmixin.py:211} WARNING - Dependency <Task(BashOperator): create_entry_gcs>, delete_entry already registered for DAG: example_complex
[2023-06-04T01:24:46.378+0000] {logging_mixin.py:149} INFO - [2023-06-04T01:24:46.378+0000] {taskmixin.py:211} WARNING - Dependency <Task(BashOperator): delete_entry>, create_entry_gcs already registered for DAG: example_complex
[2023-06-04T01:24:46.380+0000] {logging_mixin.py:149} INFO - [2023-06-04T01:24:46.380+0000] {taskmixin.py:211} WARNING - Dependency <Task(BashOperator): create_tag>, delete_tag already registered for DAG: example_complex
[2023-06-04T01:24:46.382+0000] {logging_mixin.py:149} INFO - [2023-06-04T01:24:46.381+0000] {taskmixin.py:211} WARNING - Dependency <Task(BashOperator): delete_tag>, create_tag already registered for DAG: example_complex
[2023-06-04T01:24:46.385+0000] {processor.py:836} INFO - DAG(s) dict_keys(['example_complex']) retrieved from /home/airflow/.local/lib/python3.7/site-packages/airflow/example_dags/example_complex.py
[2023-06-04T01:24:46.445+0000] {logging_mixin.py:149} INFO - [2023-06-04T01:24:46.444+0000] {dag.py:2726} INFO - Sync 1 DAGs
[2023-06-04T01:24:46.488+0000] {logging_mixin.py:149} INFO - [2023-06-04T01:24:46.488+0000] {dag.py:3490} INFO - Setting next_dagrun for example_complex to None, run_after=None
[2023-06-04T01:24:46.515+0000] {processor.py:179} INFO - Processing /home/airflow/.local/lib/python3.7/site-packages/airflow/example_dags/example_complex.py took 0.175 seconds
[2023-06-04T01:25:17.477+0000] {processor.py:157} INFO - Started process (PID=726) to work on /home/airflow/.local/lib/python3.7/site-packages/airflow/example_dags/example_complex.py
[2023-06-04T01:25:17.479+0000] {processor.py:826} INFO - Processing file /home/airflow/.local/lib/python3.7/site-packages/airflow/example_dags/example_complex.py for tasks to queue
[2023-06-04T01:25:17.481+0000] {logging_mixin.py:149} INFO - [2023-06-04T01:25:17.481+0000] {dagbag.py:541} INFO - Filling up the DagBag from /home/airflow/.local/lib/python3.7/site-packages/airflow/example_dags/example_complex.py
[2023-06-04T01:25:17.498+0000] {logging_mixin.py:149} INFO - [2023-06-04T01:25:17.498+0000] {taskmixin.py:211} WARNING - Dependency <Task(BashOperator): create_entry_group>, delete_entry_group already registered for DAG: example_complex
[2023-06-04T01:25:17.500+0000] {logging_mixin.py:149} INFO - [2023-06-04T01:25:17.500+0000] {taskmixin.py:211} WARNING - Dependency <Task(BashOperator): delete_entry_group>, create_entry_group already registered for DAG: example_complex
[2023-06-04T01:25:17.502+0000] {logging_mixin.py:149} INFO - [2023-06-04T01:25:17.502+0000] {taskmixin.py:211} WARNING - Dependency <Task(BashOperator): create_entry_gcs>, delete_entry already registered for DAG: example_complex
[2023-06-04T01:25:17.504+0000] {logging_mixin.py:149} INFO - [2023-06-04T01:25:17.503+0000] {taskmixin.py:211} WARNING - Dependency <Task(BashOperator): delete_entry>, create_entry_gcs already registered for DAG: example_complex
[2023-06-04T01:25:17.505+0000] {logging_mixin.py:149} INFO - [2023-06-04T01:25:17.505+0000] {taskmixin.py:211} WARNING - Dependency <Task(BashOperator): create_tag>, delete_tag already registered for DAG: example_complex
[2023-06-04T01:25:17.506+0000] {logging_mixin.py:149} INFO - [2023-06-04T01:25:17.506+0000] {taskmixin.py:211} WARNING - Dependency <Task(BashOperator): delete_tag>, create_tag already registered for DAG: example_complex
[2023-06-04T01:25:17.510+0000] {processor.py:836} INFO - DAG(s) dict_keys(['example_complex']) retrieved from /home/airflow/.local/lib/python3.7/site-packages/airflow/example_dags/example_complex.py
[2023-06-04T01:25:17.558+0000] {logging_mixin.py:149} INFO - [2023-06-04T01:25:17.558+0000] {dag.py:2726} INFO - Sync 1 DAGs
[2023-06-04T01:25:17.596+0000] {logging_mixin.py:149} INFO - [2023-06-04T01:25:17.596+0000] {dag.py:3490} INFO - Setting next_dagrun for example_complex to None, run_after=None
[2023-06-04T01:25:17.628+0000] {processor.py:179} INFO - Processing /home/airflow/.local/lib/python3.7/site-packages/airflow/example_dags/example_complex.py took 0.156 seconds
[2023-06-04T01:25:47.849+0000] {processor.py:157} INFO - Started process (PID=798) to work on /home/airflow/.local/lib/python3.7/site-packages/airflow/example_dags/example_complex.py
[2023-06-04T01:25:47.853+0000] {processor.py:826} INFO - Processing file /home/airflow/.local/lib/python3.7/site-packages/airflow/example_dags/example_complex.py for tasks to queue
[2023-06-04T01:25:47.856+0000] {logging_mixin.py:149} INFO - [2023-06-04T01:25:47.855+0000] {dagbag.py:541} INFO - Filling up the DagBag from /home/airflow/.local/lib/python3.7/site-packages/airflow/example_dags/example_complex.py
[2023-06-04T01:25:47.873+0000] {logging_mixin.py:149} INFO - [2023-06-04T01:25:47.872+0000] {taskmixin.py:211} WARNING - Dependency <Task(BashOperator): create_entry_group>, delete_entry_group already registered for DAG: example_complex
[2023-06-04T01:25:47.874+0000] {logging_mixin.py:149} INFO - [2023-06-04T01:25:47.874+0000] {taskmixin.py:211} WARNING - Dependency <Task(BashOperator): delete_entry_group>, create_entry_group already registered for DAG: example_complex
[2023-06-04T01:25:47.875+0000] {logging_mixin.py:149} INFO - [2023-06-04T01:25:47.875+0000] {taskmixin.py:211} WARNING - Dependency <Task(BashOperator): create_entry_gcs>, delete_entry already registered for DAG: example_complex
[2023-06-04T01:25:47.877+0000] {logging_mixin.py:149} INFO - [2023-06-04T01:25:47.877+0000] {taskmixin.py:211} WARNING - Dependency <Task(BashOperator): delete_entry>, create_entry_gcs already registered for DAG: example_complex
[2023-06-04T01:25:47.878+0000] {logging_mixin.py:149} INFO - [2023-06-04T01:25:47.878+0000] {taskmixin.py:211} WARNING - Dependency <Task(BashOperator): create_tag>, delete_tag already registered for DAG: example_complex
[2023-06-04T01:25:47.879+0000] {logging_mixin.py:149} INFO - [2023-06-04T01:25:47.879+0000] {taskmixin.py:211} WARNING - Dependency <Task(BashOperator): delete_tag>, create_tag already registered for DAG: example_complex
[2023-06-04T01:25:47.883+0000] {processor.py:836} INFO - DAG(s) dict_keys(['example_complex']) retrieved from /home/airflow/.local/lib/python3.7/site-packages/airflow/example_dags/example_complex.py
[2023-06-04T01:25:47.931+0000] {logging_mixin.py:149} INFO - [2023-06-04T01:25:47.931+0000] {dag.py:2726} INFO - Sync 1 DAGs
[2023-06-04T01:25:47.966+0000] {logging_mixin.py:149} INFO - [2023-06-04T01:25:47.966+0000] {dag.py:3490} INFO - Setting next_dagrun for example_complex to None, run_after=None
[2023-06-04T01:25:47.994+0000] {processor.py:179} INFO - Processing /home/airflow/.local/lib/python3.7/site-packages/airflow/example_dags/example_complex.py took 0.151 seconds
