[2023-06-04T00:36:59.076+0000] {processor.py:156} INFO - Started process (PID=77) to work on /home/airflow/.local/lib/python3.7/site-packages/airflow/example_dags/example_xcomargs.py
[2023-06-04T00:36:59.078+0000] {processor.py:758} INFO - Processing file /home/airflow/.local/lib/python3.7/site-packages/airflow/example_dags/example_xcomargs.py for tasks to queue
[2023-06-04T00:36:59.080+0000] {logging_mixin.py:117} INFO - [2023-06-04T00:36:59.080+0000] {dagbag.py:525} INFO - Filling up the DagBag from /home/airflow/.local/lib/python3.7/site-packages/airflow/example_dags/example_xcomargs.py
[2023-06-04T00:36:59.121+0000] {processor.py:768} INFO - DAG(s) dict_keys(['example_xcom_args', 'example_xcom_args_with_operators']) retrieved from /home/airflow/.local/lib/python3.7/site-packages/airflow/example_dags/example_xcomargs.py
[2023-06-04T00:36:59.311+0000] {logging_mixin.py:117} INFO - [2023-06-04T00:36:59.311+0000] {manager.py:507} INFO - Created Permission View: can delete on DAG:example_xcom_args
[2023-06-04T00:36:59.334+0000] {logging_mixin.py:117} INFO - [2023-06-04T00:36:59.334+0000] {manager.py:507} INFO - Created Permission View: can read on DAG:example_xcom_args
[2023-06-04T00:36:59.362+0000] {logging_mixin.py:117} INFO - [2023-06-04T00:36:59.361+0000] {manager.py:507} INFO - Created Permission View: can edit on DAG:example_xcom_args
[2023-06-04T00:36:59.395+0000] {logging_mixin.py:117} INFO - [2023-06-04T00:36:59.395+0000] {manager.py:507} INFO - Created Permission View: can delete on DAG:example_xcom_args_with_operators
[2023-06-04T00:36:59.410+0000] {logging_mixin.py:117} INFO - [2023-06-04T00:36:59.410+0000] {manager.py:507} INFO - Created Permission View: can read on DAG:example_xcom_args_with_operators
[2023-06-04T00:36:59.422+0000] {logging_mixin.py:117} INFO - [2023-06-04T00:36:59.422+0000] {manager.py:507} INFO - Created Permission View: can edit on DAG:example_xcom_args_with_operators
[2023-06-04T00:36:59.424+0000] {logging_mixin.py:117} INFO - [2023-06-04T00:36:59.424+0000] {dag.py:2573} INFO - Sync 2 DAGs
[2023-06-04T00:36:59.447+0000] {logging_mixin.py:117} INFO - [2023-06-04T00:36:59.447+0000] {dag.py:2594} INFO - Creating ORM DAG for example_xcom_args
[2023-06-04T00:36:59.449+0000] {logging_mixin.py:117} INFO - [2023-06-04T00:36:59.449+0000] {dag.py:2594} INFO - Creating ORM DAG for example_xcom_args_with_operators
[2023-06-04T00:36:59.463+0000] {logging_mixin.py:117} INFO - [2023-06-04T00:36:59.463+0000] {dag.py:3328} INFO - Setting next_dagrun for example_xcom_args to None, run_after=None
[2023-06-04T00:36:59.465+0000] {logging_mixin.py:117} INFO - [2023-06-04T00:36:59.465+0000] {dag.py:3328} INFO - Setting next_dagrun for example_xcom_args_with_operators to None, run_after=None
[2023-06-04T00:36:59.486+0000] {processor.py:178} INFO - Processing /home/airflow/.local/lib/python3.7/site-packages/airflow/example_dags/example_xcomargs.py took 0.416 seconds
[2023-06-04T00:37:29.658+0000] {processor.py:156} INFO - Started process (PID=140) to work on /home/airflow/.local/lib/python3.7/site-packages/airflow/example_dags/example_xcomargs.py
[2023-06-04T00:37:29.660+0000] {processor.py:758} INFO - Processing file /home/airflow/.local/lib/python3.7/site-packages/airflow/example_dags/example_xcomargs.py for tasks to queue
[2023-06-04T00:37:29.662+0000] {logging_mixin.py:117} INFO - [2023-06-04T00:37:29.662+0000] {dagbag.py:525} INFO - Filling up the DagBag from /home/airflow/.local/lib/python3.7/site-packages/airflow/example_dags/example_xcomargs.py
[2023-06-04T00:37:29.699+0000] {processor.py:768} INFO - DAG(s) dict_keys(['example_xcom_args_with_operators', 'example_xcom_args']) retrieved from /home/airflow/.local/lib/python3.7/site-packages/airflow/example_dags/example_xcomargs.py
[2023-06-04T00:37:29.758+0000] {logging_mixin.py:117} INFO - [2023-06-04T00:37:29.758+0000] {dag.py:2573} INFO - Sync 2 DAGs
[2023-06-04T00:37:29.799+0000] {logging_mixin.py:117} INFO - [2023-06-04T00:37:29.798+0000] {dag.py:3328} INFO - Setting next_dagrun for example_xcom_args to None, run_after=None
[2023-06-04T00:37:29.807+0000] {logging_mixin.py:117} INFO - [2023-06-04T00:37:29.807+0000] {dag.py:3328} INFO - Setting next_dagrun for example_xcom_args_with_operators to None, run_after=None
[2023-06-04T00:37:29.833+0000] {processor.py:178} INFO - Processing /home/airflow/.local/lib/python3.7/site-packages/airflow/example_dags/example_xcomargs.py took 0.180 seconds
[2023-06-04T00:38:00.263+0000] {processor.py:156} INFO - Started process (PID=203) to work on /home/airflow/.local/lib/python3.7/site-packages/airflow/example_dags/example_xcomargs.py
[2023-06-04T00:38:00.266+0000] {processor.py:758} INFO - Processing file /home/airflow/.local/lib/python3.7/site-packages/airflow/example_dags/example_xcomargs.py for tasks to queue
[2023-06-04T00:38:00.268+0000] {logging_mixin.py:117} INFO - [2023-06-04T00:38:00.268+0000] {dagbag.py:525} INFO - Filling up the DagBag from /home/airflow/.local/lib/python3.7/site-packages/airflow/example_dags/example_xcomargs.py
[2023-06-04T00:38:00.311+0000] {processor.py:768} INFO - DAG(s) dict_keys(['example_xcom_args_with_operators', 'example_xcom_args']) retrieved from /home/airflow/.local/lib/python3.7/site-packages/airflow/example_dags/example_xcomargs.py
[2023-06-04T00:38:00.368+0000] {logging_mixin.py:117} INFO - [2023-06-04T00:38:00.367+0000] {dag.py:2573} INFO - Sync 2 DAGs
[2023-06-04T00:38:00.401+0000] {logging_mixin.py:117} INFO - [2023-06-04T00:38:00.401+0000] {dag.py:3328} INFO - Setting next_dagrun for example_xcom_args to None, run_after=None
[2023-06-04T00:38:00.406+0000] {logging_mixin.py:117} INFO - [2023-06-04T00:38:00.406+0000] {dag.py:3328} INFO - Setting next_dagrun for example_xcom_args_with_operators to None, run_after=None
[2023-06-04T00:38:00.426+0000] {processor.py:178} INFO - Processing /home/airflow/.local/lib/python3.7/site-packages/airflow/example_dags/example_xcomargs.py took 0.168 seconds
[2023-06-04T00:38:31.125+0000] {processor.py:156} INFO - Started process (PID=257) to work on /home/airflow/.local/lib/python3.7/site-packages/airflow/example_dags/example_xcomargs.py
[2023-06-04T00:38:31.127+0000] {processor.py:758} INFO - Processing file /home/airflow/.local/lib/python3.7/site-packages/airflow/example_dags/example_xcomargs.py for tasks to queue
[2023-06-04T00:38:31.129+0000] {logging_mixin.py:117} INFO - [2023-06-04T00:38:31.128+0000] {dagbag.py:525} INFO - Filling up the DagBag from /home/airflow/.local/lib/python3.7/site-packages/airflow/example_dags/example_xcomargs.py
[2023-06-04T00:38:31.164+0000] {processor.py:768} INFO - DAG(s) dict_keys(['example_xcom_args_with_operators', 'example_xcom_args']) retrieved from /home/airflow/.local/lib/python3.7/site-packages/airflow/example_dags/example_xcomargs.py
[2023-06-04T00:38:31.219+0000] {logging_mixin.py:117} INFO - [2023-06-04T00:38:31.218+0000] {dag.py:2573} INFO - Sync 2 DAGs
[2023-06-04T00:38:31.256+0000] {logging_mixin.py:117} INFO - [2023-06-04T00:38:31.256+0000] {dag.py:3328} INFO - Setting next_dagrun for example_xcom_args to None, run_after=None
[2023-06-04T00:38:31.265+0000] {logging_mixin.py:117} INFO - [2023-06-04T00:38:31.264+0000] {dag.py:3328} INFO - Setting next_dagrun for example_xcom_args_with_operators to None, run_after=None
[2023-06-04T00:38:31.288+0000] {processor.py:178} INFO - Processing /home/airflow/.local/lib/python3.7/site-packages/airflow/example_dags/example_xcomargs.py took 0.168 seconds
[2023-06-04T00:39:01.512+0000] {processor.py:156} INFO - Started process (PID=320) to work on /home/airflow/.local/lib/python3.7/site-packages/airflow/example_dags/example_xcomargs.py
[2023-06-04T00:39:01.515+0000] {processor.py:758} INFO - Processing file /home/airflow/.local/lib/python3.7/site-packages/airflow/example_dags/example_xcomargs.py for tasks to queue
[2023-06-04T00:39:01.519+0000] {logging_mixin.py:117} INFO - [2023-06-04T00:39:01.518+0000] {dagbag.py:525} INFO - Filling up the DagBag from /home/airflow/.local/lib/python3.7/site-packages/airflow/example_dags/example_xcomargs.py
[2023-06-04T00:39:01.557+0000] {processor.py:768} INFO - DAG(s) dict_keys(['example_xcom_args', 'example_xcom_args_with_operators']) retrieved from /home/airflow/.local/lib/python3.7/site-packages/airflow/example_dags/example_xcomargs.py
[2023-06-04T00:39:01.621+0000] {logging_mixin.py:117} INFO - [2023-06-04T00:39:01.621+0000] {dag.py:2573} INFO - Sync 2 DAGs
[2023-06-04T00:39:01.655+0000] {logging_mixin.py:117} INFO - [2023-06-04T00:39:01.655+0000] {dag.py:3328} INFO - Setting next_dagrun for example_xcom_args to None, run_after=None
[2023-06-04T00:39:01.660+0000] {logging_mixin.py:117} INFO - [2023-06-04T00:39:01.660+0000] {dag.py:3328} INFO - Setting next_dagrun for example_xcom_args_with_operators to None, run_after=None
[2023-06-04T00:39:01.681+0000] {processor.py:178} INFO - Processing /home/airflow/.local/lib/python3.7/site-packages/airflow/example_dags/example_xcomargs.py took 0.173 seconds
[2023-06-04T00:59:50.106+0000] {processor.py:156} INFO - Started process (PID=78) to work on /home/airflow/.local/lib/python3.7/site-packages/airflow/example_dags/example_xcomargs.py
[2023-06-04T00:59:50.110+0000] {processor.py:758} INFO - Processing file /home/airflow/.local/lib/python3.7/site-packages/airflow/example_dags/example_xcomargs.py for tasks to queue
[2023-06-04T00:59:50.114+0000] {logging_mixin.py:117} INFO - [2023-06-04T00:59:50.114+0000] {dagbag.py:525} INFO - Filling up the DagBag from /home/airflow/.local/lib/python3.7/site-packages/airflow/example_dags/example_xcomargs.py
[2023-06-04T00:59:50.160+0000] {processor.py:768} INFO - DAG(s) dict_keys(['example_xcom_args', 'example_xcom_args_with_operators']) retrieved from /home/airflow/.local/lib/python3.7/site-packages/airflow/example_dags/example_xcomargs.py
[2023-06-04T00:59:50.207+0000] {logging_mixin.py:117} INFO - [2023-06-04T00:59:50.207+0000] {dag.py:2573} INFO - Sync 2 DAGs
[2023-06-04T00:59:50.250+0000] {logging_mixin.py:117} INFO - [2023-06-04T00:59:50.250+0000] {dag.py:3328} INFO - Setting next_dagrun for example_xcom_args to None, run_after=None
[2023-06-04T00:59:50.259+0000] {logging_mixin.py:117} INFO - [2023-06-04T00:59:50.259+0000] {dag.py:3328} INFO - Setting next_dagrun for example_xcom_args_with_operators to None, run_after=None
[2023-06-04T00:59:50.294+0000] {processor.py:178} INFO - Processing /home/airflow/.local/lib/python3.7/site-packages/airflow/example_dags/example_xcomargs.py took 0.193 seconds
[2023-06-04T01:00:21.439+0000] {processor.py:156} INFO - Started process (PID=141) to work on /home/airflow/.local/lib/python3.7/site-packages/airflow/example_dags/example_xcomargs.py
[2023-06-04T01:00:21.443+0000] {processor.py:758} INFO - Processing file /home/airflow/.local/lib/python3.7/site-packages/airflow/example_dags/example_xcomargs.py for tasks to queue
[2023-06-04T01:00:21.445+0000] {logging_mixin.py:117} INFO - [2023-06-04T01:00:21.445+0000] {dagbag.py:525} INFO - Filling up the DagBag from /home/airflow/.local/lib/python3.7/site-packages/airflow/example_dags/example_xcomargs.py
[2023-06-04T01:00:21.493+0000] {processor.py:768} INFO - DAG(s) dict_keys(['example_xcom_args', 'example_xcom_args_with_operators']) retrieved from /home/airflow/.local/lib/python3.7/site-packages/airflow/example_dags/example_xcomargs.py
[2023-06-04T01:00:21.580+0000] {logging_mixin.py:117} INFO - [2023-06-04T01:00:21.579+0000] {dag.py:2573} INFO - Sync 2 DAGs
[2023-06-04T01:00:21.622+0000] {logging_mixin.py:117} INFO - [2023-06-04T01:00:21.622+0000] {dag.py:3328} INFO - Setting next_dagrun for example_xcom_args to None, run_after=None
[2023-06-04T01:00:21.630+0000] {logging_mixin.py:117} INFO - [2023-06-04T01:00:21.630+0000] {dag.py:3328} INFO - Setting next_dagrun for example_xcom_args_with_operators to None, run_after=None
[2023-06-04T01:00:21.655+0000] {processor.py:178} INFO - Processing /home/airflow/.local/lib/python3.7/site-packages/airflow/example_dags/example_xcomargs.py took 0.221 seconds
[2023-06-04T01:00:52.320+0000] {processor.py:156} INFO - Started process (PID=196) to work on /home/airflow/.local/lib/python3.7/site-packages/airflow/example_dags/example_xcomargs.py
[2023-06-04T01:00:52.322+0000] {processor.py:758} INFO - Processing file /home/airflow/.local/lib/python3.7/site-packages/airflow/example_dags/example_xcomargs.py for tasks to queue
[2023-06-04T01:00:52.326+0000] {logging_mixin.py:117} INFO - [2023-06-04T01:00:52.326+0000] {dagbag.py:525} INFO - Filling up the DagBag from /home/airflow/.local/lib/python3.7/site-packages/airflow/example_dags/example_xcomargs.py
[2023-06-04T01:00:52.365+0000] {processor.py:768} INFO - DAG(s) dict_keys(['example_xcom_args', 'example_xcom_args_with_operators']) retrieved from /home/airflow/.local/lib/python3.7/site-packages/airflow/example_dags/example_xcomargs.py
[2023-06-04T01:00:52.421+0000] {logging_mixin.py:117} INFO - [2023-06-04T01:00:52.421+0000] {dag.py:2573} INFO - Sync 2 DAGs
[2023-06-04T01:00:52.456+0000] {logging_mixin.py:117} INFO - [2023-06-04T01:00:52.455+0000] {dag.py:3328} INFO - Setting next_dagrun for example_xcom_args to None, run_after=None
[2023-06-04T01:00:52.462+0000] {logging_mixin.py:117} INFO - [2023-06-04T01:00:52.461+0000] {dag.py:3328} INFO - Setting next_dagrun for example_xcom_args_with_operators to None, run_after=None
[2023-06-04T01:00:52.486+0000] {processor.py:178} INFO - Processing /home/airflow/.local/lib/python3.7/site-packages/airflow/example_dags/example_xcomargs.py took 0.170 seconds
[2023-06-04T01:01:22.696+0000] {processor.py:156} INFO - Started process (PID=259) to work on /home/airflow/.local/lib/python3.7/site-packages/airflow/example_dags/example_xcomargs.py
[2023-06-04T01:01:22.698+0000] {processor.py:758} INFO - Processing file /home/airflow/.local/lib/python3.7/site-packages/airflow/example_dags/example_xcomargs.py for tasks to queue
[2023-06-04T01:01:22.700+0000] {logging_mixin.py:117} INFO - [2023-06-04T01:01:22.700+0000] {dagbag.py:525} INFO - Filling up the DagBag from /home/airflow/.local/lib/python3.7/site-packages/airflow/example_dags/example_xcomargs.py
[2023-06-04T01:01:22.731+0000] {processor.py:768} INFO - DAG(s) dict_keys(['example_xcom_args_with_operators', 'example_xcom_args']) retrieved from /home/airflow/.local/lib/python3.7/site-packages/airflow/example_dags/example_xcomargs.py
[2023-06-04T01:01:22.780+0000] {logging_mixin.py:117} INFO - [2023-06-04T01:01:22.779+0000] {dag.py:2573} INFO - Sync 2 DAGs
[2023-06-04T01:01:22.813+0000] {logging_mixin.py:117} INFO - [2023-06-04T01:01:22.812+0000] {dag.py:3328} INFO - Setting next_dagrun for example_xcom_args to None, run_after=None
[2023-06-04T01:01:22.818+0000] {logging_mixin.py:117} INFO - [2023-06-04T01:01:22.818+0000] {dag.py:3328} INFO - Setting next_dagrun for example_xcom_args_with_operators to None, run_after=None
[2023-06-04T01:01:22.842+0000] {processor.py:178} INFO - Processing /home/airflow/.local/lib/python3.7/site-packages/airflow/example_dags/example_xcomargs.py took 0.151 seconds
[2023-06-04T01:01:52.952+0000] {processor.py:156} INFO - Started process (PID=322) to work on /home/airflow/.local/lib/python3.7/site-packages/airflow/example_dags/example_xcomargs.py
[2023-06-04T01:01:52.955+0000] {processor.py:758} INFO - Processing file /home/airflow/.local/lib/python3.7/site-packages/airflow/example_dags/example_xcomargs.py for tasks to queue
[2023-06-04T01:01:52.957+0000] {logging_mixin.py:117} INFO - [2023-06-04T01:01:52.956+0000] {dagbag.py:525} INFO - Filling up the DagBag from /home/airflow/.local/lib/python3.7/site-packages/airflow/example_dags/example_xcomargs.py
[2023-06-04T01:01:52.991+0000] {processor.py:768} INFO - DAG(s) dict_keys(['example_xcom_args_with_operators', 'example_xcom_args']) retrieved from /home/airflow/.local/lib/python3.7/site-packages/airflow/example_dags/example_xcomargs.py
[2023-06-04T01:01:53.050+0000] {logging_mixin.py:117} INFO - [2023-06-04T01:01:53.050+0000] {dag.py:2573} INFO - Sync 2 DAGs
[2023-06-04T01:01:53.084+0000] {logging_mixin.py:117} INFO - [2023-06-04T01:01:53.084+0000] {dag.py:3328} INFO - Setting next_dagrun for example_xcom_args to None, run_after=None
[2023-06-04T01:01:53.090+0000] {logging_mixin.py:117} INFO - [2023-06-04T01:01:53.089+0000] {dag.py:3328} INFO - Setting next_dagrun for example_xcom_args_with_operators to None, run_after=None
[2023-06-04T01:01:53.113+0000] {processor.py:178} INFO - Processing /home/airflow/.local/lib/python3.7/site-packages/airflow/example_dags/example_xcomargs.py took 0.165 seconds
[2023-06-04T01:02:23.167+0000] {processor.py:156} INFO - Started process (PID=375) to work on /home/airflow/.local/lib/python3.7/site-packages/airflow/example_dags/example_xcomargs.py
[2023-06-04T01:02:23.169+0000] {processor.py:758} INFO - Processing file /home/airflow/.local/lib/python3.7/site-packages/airflow/example_dags/example_xcomargs.py for tasks to queue
[2023-06-04T01:02:23.171+0000] {logging_mixin.py:117} INFO - [2023-06-04T01:02:23.171+0000] {dagbag.py:525} INFO - Filling up the DagBag from /home/airflow/.local/lib/python3.7/site-packages/airflow/example_dags/example_xcomargs.py
[2023-06-04T01:02:23.207+0000] {processor.py:768} INFO - DAG(s) dict_keys(['example_xcom_args', 'example_xcom_args_with_operators']) retrieved from /home/airflow/.local/lib/python3.7/site-packages/airflow/example_dags/example_xcomargs.py
[2023-06-04T01:02:23.265+0000] {logging_mixin.py:117} INFO - [2023-06-04T01:02:23.265+0000] {dag.py:2573} INFO - Sync 2 DAGs
[2023-06-04T01:02:23.305+0000] {logging_mixin.py:117} INFO - [2023-06-04T01:02:23.305+0000] {dag.py:3328} INFO - Setting next_dagrun for example_xcom_args to None, run_after=None
[2023-06-04T01:02:23.312+0000] {logging_mixin.py:117} INFO - [2023-06-04T01:02:23.312+0000] {dag.py:3328} INFO - Setting next_dagrun for example_xcom_args_with_operators to None, run_after=None
[2023-06-04T01:02:23.338+0000] {processor.py:178} INFO - Processing /home/airflow/.local/lib/python3.7/site-packages/airflow/example_dags/example_xcomargs.py took 0.176 seconds
[2023-06-04T01:02:53.481+0000] {processor.py:156} INFO - Started process (PID=438) to work on /home/airflow/.local/lib/python3.7/site-packages/airflow/example_dags/example_xcomargs.py
[2023-06-04T01:02:53.483+0000] {processor.py:758} INFO - Processing file /home/airflow/.local/lib/python3.7/site-packages/airflow/example_dags/example_xcomargs.py for tasks to queue
[2023-06-04T01:02:53.485+0000] {logging_mixin.py:117} INFO - [2023-06-04T01:02:53.484+0000] {dagbag.py:525} INFO - Filling up the DagBag from /home/airflow/.local/lib/python3.7/site-packages/airflow/example_dags/example_xcomargs.py
[2023-06-04T01:02:53.518+0000] {processor.py:768} INFO - DAG(s) dict_keys(['example_xcom_args_with_operators', 'example_xcom_args']) retrieved from /home/airflow/.local/lib/python3.7/site-packages/airflow/example_dags/example_xcomargs.py
[2023-06-04T01:02:53.573+0000] {logging_mixin.py:117} INFO - [2023-06-04T01:02:53.573+0000] {dag.py:2573} INFO - Sync 2 DAGs
[2023-06-04T01:02:53.607+0000] {logging_mixin.py:117} INFO - [2023-06-04T01:02:53.607+0000] {dag.py:3328} INFO - Setting next_dagrun for example_xcom_args to None, run_after=None
[2023-06-04T01:02:53.614+0000] {logging_mixin.py:117} INFO - [2023-06-04T01:02:53.614+0000] {dag.py:3328} INFO - Setting next_dagrun for example_xcom_args_with_operators to None, run_after=None
[2023-06-04T01:02:53.639+0000] {processor.py:178} INFO - Processing /home/airflow/.local/lib/python3.7/site-packages/airflow/example_dags/example_xcomargs.py took 0.163 seconds
[2023-06-04T01:03:24.579+0000] {processor.py:156} INFO - Started process (PID=501) to work on /home/airflow/.local/lib/python3.7/site-packages/airflow/example_dags/example_xcomargs.py
[2023-06-04T01:03:24.581+0000] {processor.py:758} INFO - Processing file /home/airflow/.local/lib/python3.7/site-packages/airflow/example_dags/example_xcomargs.py for tasks to queue
[2023-06-04T01:03:24.584+0000] {logging_mixin.py:117} INFO - [2023-06-04T01:03:24.583+0000] {dagbag.py:525} INFO - Filling up the DagBag from /home/airflow/.local/lib/python3.7/site-packages/airflow/example_dags/example_xcomargs.py
[2023-06-04T01:03:24.630+0000] {processor.py:768} INFO - DAG(s) dict_keys(['example_xcom_args', 'example_xcom_args_with_operators']) retrieved from /home/airflow/.local/lib/python3.7/site-packages/airflow/example_dags/example_xcomargs.py
[2023-06-04T01:03:24.707+0000] {logging_mixin.py:117} INFO - [2023-06-04T01:03:24.707+0000] {dag.py:2573} INFO - Sync 2 DAGs
[2023-06-04T01:03:24.753+0000] {logging_mixin.py:117} INFO - [2023-06-04T01:03:24.753+0000] {dag.py:3328} INFO - Setting next_dagrun for example_xcom_args to None, run_after=None
[2023-06-04T01:03:24.759+0000] {logging_mixin.py:117} INFO - [2023-06-04T01:03:24.759+0000] {dag.py:3328} INFO - Setting next_dagrun for example_xcom_args_with_operators to None, run_after=None
[2023-06-04T01:03:24.782+0000] {processor.py:178} INFO - Processing /home/airflow/.local/lib/python3.7/site-packages/airflow/example_dags/example_xcomargs.py took 0.208 seconds
[2023-06-04T01:03:55.122+0000] {processor.py:156} INFO - Started process (PID=555) to work on /home/airflow/.local/lib/python3.7/site-packages/airflow/example_dags/example_xcomargs.py
[2023-06-04T01:03:55.124+0000] {processor.py:758} INFO - Processing file /home/airflow/.local/lib/python3.7/site-packages/airflow/example_dags/example_xcomargs.py for tasks to queue
[2023-06-04T01:03:55.125+0000] {logging_mixin.py:117} INFO - [2023-06-04T01:03:55.125+0000] {dagbag.py:525} INFO - Filling up the DagBag from /home/airflow/.local/lib/python3.7/site-packages/airflow/example_dags/example_xcomargs.py
[2023-06-04T01:03:55.157+0000] {processor.py:768} INFO - DAG(s) dict_keys(['example_xcom_args', 'example_xcom_args_with_operators']) retrieved from /home/airflow/.local/lib/python3.7/site-packages/airflow/example_dags/example_xcomargs.py
[2023-06-04T01:03:55.209+0000] {logging_mixin.py:117} INFO - [2023-06-04T01:03:55.209+0000] {dag.py:2573} INFO - Sync 2 DAGs
[2023-06-04T01:03:55.237+0000] {logging_mixin.py:117} INFO - [2023-06-04T01:03:55.237+0000] {dag.py:3328} INFO - Setting next_dagrun for example_xcom_args to None, run_after=None
[2023-06-04T01:03:55.241+0000] {logging_mixin.py:117} INFO - [2023-06-04T01:03:55.241+0000] {dag.py:3328} INFO - Setting next_dagrun for example_xcom_args_with_operators to None, run_after=None
[2023-06-04T01:03:55.260+0000] {processor.py:178} INFO - Processing /home/airflow/.local/lib/python3.7/site-packages/airflow/example_dags/example_xcomargs.py took 0.142 seconds
[2023-06-04T01:04:25.675+0000] {processor.py:156} INFO - Started process (PID=618) to work on /home/airflow/.local/lib/python3.7/site-packages/airflow/example_dags/example_xcomargs.py
[2023-06-04T01:04:25.677+0000] {processor.py:758} INFO - Processing file /home/airflow/.local/lib/python3.7/site-packages/airflow/example_dags/example_xcomargs.py for tasks to queue
[2023-06-04T01:04:25.678+0000] {logging_mixin.py:117} INFO - [2023-06-04T01:04:25.678+0000] {dagbag.py:525} INFO - Filling up the DagBag from /home/airflow/.local/lib/python3.7/site-packages/airflow/example_dags/example_xcomargs.py
[2023-06-04T01:04:25.716+0000] {processor.py:768} INFO - DAG(s) dict_keys(['example_xcom_args', 'example_xcom_args_with_operators']) retrieved from /home/airflow/.local/lib/python3.7/site-packages/airflow/example_dags/example_xcomargs.py
[2023-06-04T01:04:25.775+0000] {logging_mixin.py:117} INFO - [2023-06-04T01:04:25.774+0000] {dag.py:2573} INFO - Sync 2 DAGs
[2023-06-04T01:04:25.807+0000] {logging_mixin.py:117} INFO - [2023-06-04T01:04:25.807+0000] {dag.py:3328} INFO - Setting next_dagrun for example_xcom_args to None, run_after=None
[2023-06-04T01:04:25.813+0000] {logging_mixin.py:117} INFO - [2023-06-04T01:04:25.812+0000] {dag.py:3328} INFO - Setting next_dagrun for example_xcom_args_with_operators to None, run_after=None
[2023-06-04T01:04:25.839+0000] {processor.py:178} INFO - Processing /home/airflow/.local/lib/python3.7/site-packages/airflow/example_dags/example_xcomargs.py took 0.169 seconds
[2023-06-04T01:04:56.862+0000] {processor.py:156} INFO - Started process (PID=682) to work on /home/airflow/.local/lib/python3.7/site-packages/airflow/example_dags/example_xcomargs.py
[2023-06-04T01:04:56.866+0000] {processor.py:758} INFO - Processing file /home/airflow/.local/lib/python3.7/site-packages/airflow/example_dags/example_xcomargs.py for tasks to queue
[2023-06-04T01:04:56.873+0000] {logging_mixin.py:117} INFO - [2023-06-04T01:04:56.872+0000] {dagbag.py:525} INFO - Filling up the DagBag from /home/airflow/.local/lib/python3.7/site-packages/airflow/example_dags/example_xcomargs.py
[2023-06-04T01:04:56.923+0000] {processor.py:768} INFO - DAG(s) dict_keys(['example_xcom_args_with_operators', 'example_xcom_args']) retrieved from /home/airflow/.local/lib/python3.7/site-packages/airflow/example_dags/example_xcomargs.py
[2023-06-04T01:04:57.027+0000] {logging_mixin.py:117} INFO - [2023-06-04T01:04:57.027+0000] {dag.py:2573} INFO - Sync 2 DAGs
[2023-06-04T01:04:57.099+0000] {logging_mixin.py:117} INFO - [2023-06-04T01:04:57.099+0000] {dag.py:3328} INFO - Setting next_dagrun for example_xcom_args to None, run_after=None
[2023-06-04T01:04:57.112+0000] {logging_mixin.py:117} INFO - [2023-06-04T01:04:57.111+0000] {dag.py:3328} INFO - Setting next_dagrun for example_xcom_args_with_operators to None, run_after=None
[2023-06-04T01:04:57.154+0000] {processor.py:178} INFO - Processing /home/airflow/.local/lib/python3.7/site-packages/airflow/example_dags/example_xcomargs.py took 0.302 seconds
[2023-06-04T01:06:00.244+0000] {processor.py:156} INFO - Started process (PID=80) to work on /home/airflow/.local/lib/python3.7/site-packages/airflow/example_dags/example_xcomargs.py
[2023-06-04T01:06:00.249+0000] {processor.py:758} INFO - Processing file /home/airflow/.local/lib/python3.7/site-packages/airflow/example_dags/example_xcomargs.py for tasks to queue
[2023-06-04T01:06:00.251+0000] {logging_mixin.py:117} INFO - [2023-06-04T01:06:00.250+0000] {dagbag.py:525} INFO - Filling up the DagBag from /home/airflow/.local/lib/python3.7/site-packages/airflow/example_dags/example_xcomargs.py
[2023-06-04T01:06:00.328+0000] {processor.py:768} INFO - DAG(s) dict_keys(['example_xcom_args_with_operators', 'example_xcom_args']) retrieved from /home/airflow/.local/lib/python3.7/site-packages/airflow/example_dags/example_xcomargs.py
[2023-06-04T01:06:00.381+0000] {logging_mixin.py:117} INFO - [2023-06-04T01:06:00.380+0000] {dag.py:2573} INFO - Sync 2 DAGs
[2023-06-04T01:06:00.434+0000] {logging_mixin.py:117} INFO - [2023-06-04T01:06:00.434+0000] {dag.py:3328} INFO - Setting next_dagrun for example_xcom_args to None, run_after=None
[2023-06-04T01:06:00.447+0000] {logging_mixin.py:117} INFO - [2023-06-04T01:06:00.447+0000] {dag.py:3328} INFO - Setting next_dagrun for example_xcom_args_with_operators to None, run_after=None
[2023-06-04T01:06:00.480+0000] {processor.py:178} INFO - Processing /home/airflow/.local/lib/python3.7/site-packages/airflow/example_dags/example_xcomargs.py took 0.241 seconds
[2023-06-04T01:06:31.124+0000] {processor.py:156} INFO - Started process (PID=145) to work on /home/airflow/.local/lib/python3.7/site-packages/airflow/example_dags/example_xcomargs.py
[2023-06-04T01:06:31.126+0000] {processor.py:758} INFO - Processing file /home/airflow/.local/lib/python3.7/site-packages/airflow/example_dags/example_xcomargs.py for tasks to queue
[2023-06-04T01:06:31.128+0000] {logging_mixin.py:117} INFO - [2023-06-04T01:06:31.127+0000] {dagbag.py:525} INFO - Filling up the DagBag from /home/airflow/.local/lib/python3.7/site-packages/airflow/example_dags/example_xcomargs.py
[2023-06-04T01:06:31.164+0000] {processor.py:768} INFO - DAG(s) dict_keys(['example_xcom_args', 'example_xcom_args_with_operators']) retrieved from /home/airflow/.local/lib/python3.7/site-packages/airflow/example_dags/example_xcomargs.py
[2023-06-04T01:06:31.221+0000] {logging_mixin.py:117} INFO - [2023-06-04T01:06:31.221+0000] {dag.py:2573} INFO - Sync 2 DAGs
[2023-06-04T01:06:31.254+0000] {logging_mixin.py:117} INFO - [2023-06-04T01:06:31.254+0000] {dag.py:3328} INFO - Setting next_dagrun for example_xcom_args to None, run_after=None
[2023-06-04T01:06:31.260+0000] {logging_mixin.py:117} INFO - [2023-06-04T01:06:31.259+0000] {dag.py:3328} INFO - Setting next_dagrun for example_xcom_args_with_operators to None, run_after=None
[2023-06-04T01:06:31.286+0000] {processor.py:178} INFO - Processing /home/airflow/.local/lib/python3.7/site-packages/airflow/example_dags/example_xcomargs.py took 0.167 seconds
[2023-06-04T01:07:01.869+0000] {processor.py:156} INFO - Started process (PID=201) to work on /home/airflow/.local/lib/python3.7/site-packages/airflow/example_dags/example_xcomargs.py
[2023-06-04T01:07:01.872+0000] {processor.py:758} INFO - Processing file /home/airflow/.local/lib/python3.7/site-packages/airflow/example_dags/example_xcomargs.py for tasks to queue
[2023-06-04T01:07:01.874+0000] {logging_mixin.py:117} INFO - [2023-06-04T01:07:01.874+0000] {dagbag.py:525} INFO - Filling up the DagBag from /home/airflow/.local/lib/python3.7/site-packages/airflow/example_dags/example_xcomargs.py
[2023-06-04T01:07:01.912+0000] {processor.py:768} INFO - DAG(s) dict_keys(['example_xcom_args', 'example_xcom_args_with_operators']) retrieved from /home/airflow/.local/lib/python3.7/site-packages/airflow/example_dags/example_xcomargs.py
[2023-06-04T01:07:01.970+0000] {logging_mixin.py:117} INFO - [2023-06-04T01:07:01.970+0000] {dag.py:2573} INFO - Sync 2 DAGs
[2023-06-04T01:07:02.003+0000] {logging_mixin.py:117} INFO - [2023-06-04T01:07:02.003+0000] {dag.py:3328} INFO - Setting next_dagrun for example_xcom_args to None, run_after=None
[2023-06-04T01:07:02.009+0000] {logging_mixin.py:117} INFO - [2023-06-04T01:07:02.009+0000] {dag.py:3328} INFO - Setting next_dagrun for example_xcom_args_with_operators to None, run_after=None
[2023-06-04T01:07:02.030+0000] {processor.py:178} INFO - Processing /home/airflow/.local/lib/python3.7/site-packages/airflow/example_dags/example_xcomargs.py took 0.165 seconds
[2023-06-04T01:07:32.678+0000] {processor.py:156} INFO - Started process (PID=265) to work on /home/airflow/.local/lib/python3.7/site-packages/airflow/example_dags/example_xcomargs.py
[2023-06-04T01:07:32.680+0000] {processor.py:758} INFO - Processing file /home/airflow/.local/lib/python3.7/site-packages/airflow/example_dags/example_xcomargs.py for tasks to queue
[2023-06-04T01:07:32.681+0000] {logging_mixin.py:117} INFO - [2023-06-04T01:07:32.681+0000] {dagbag.py:525} INFO - Filling up the DagBag from /home/airflow/.local/lib/python3.7/site-packages/airflow/example_dags/example_xcomargs.py
[2023-06-04T01:07:32.715+0000] {processor.py:768} INFO - DAG(s) dict_keys(['example_xcom_args_with_operators', 'example_xcom_args']) retrieved from /home/airflow/.local/lib/python3.7/site-packages/airflow/example_dags/example_xcomargs.py
[2023-06-04T01:07:32.769+0000] {logging_mixin.py:117} INFO - [2023-06-04T01:07:32.769+0000] {dag.py:2573} INFO - Sync 2 DAGs
[2023-06-04T01:07:32.803+0000] {logging_mixin.py:117} INFO - [2023-06-04T01:07:32.803+0000] {dag.py:3328} INFO - Setting next_dagrun for example_xcom_args to None, run_after=None
[2023-06-04T01:07:32.808+0000] {logging_mixin.py:117} INFO - [2023-06-04T01:07:32.808+0000] {dag.py:3328} INFO - Setting next_dagrun for example_xcom_args_with_operators to None, run_after=None
[2023-06-04T01:07:32.828+0000] {processor.py:178} INFO - Processing /home/airflow/.local/lib/python3.7/site-packages/airflow/example_dags/example_xcomargs.py took 0.156 seconds
[2023-06-04T01:08:03.441+0000] {processor.py:156} INFO - Started process (PID=329) to work on /home/airflow/.local/lib/python3.7/site-packages/airflow/example_dags/example_xcomargs.py
[2023-06-04T01:08:03.443+0000] {processor.py:758} INFO - Processing file /home/airflow/.local/lib/python3.7/site-packages/airflow/example_dags/example_xcomargs.py for tasks to queue
[2023-06-04T01:08:03.445+0000] {logging_mixin.py:117} INFO - [2023-06-04T01:08:03.445+0000] {dagbag.py:525} INFO - Filling up the DagBag from /home/airflow/.local/lib/python3.7/site-packages/airflow/example_dags/example_xcomargs.py
[2023-06-04T01:08:03.478+0000] {processor.py:768} INFO - DAG(s) dict_keys(['example_xcom_args', 'example_xcom_args_with_operators']) retrieved from /home/airflow/.local/lib/python3.7/site-packages/airflow/example_dags/example_xcomargs.py
[2023-06-04T01:08:03.536+0000] {logging_mixin.py:117} INFO - [2023-06-04T01:08:03.536+0000] {dag.py:2573} INFO - Sync 2 DAGs
[2023-06-04T01:08:03.569+0000] {logging_mixin.py:117} INFO - [2023-06-04T01:08:03.568+0000] {dag.py:3328} INFO - Setting next_dagrun for example_xcom_args to None, run_after=None
[2023-06-04T01:08:03.576+0000] {logging_mixin.py:117} INFO - [2023-06-04T01:08:03.576+0000] {dag.py:3328} INFO - Setting next_dagrun for example_xcom_args_with_operators to None, run_after=None
[2023-06-04T01:08:03.597+0000] {processor.py:178} INFO - Processing /home/airflow/.local/lib/python3.7/site-packages/airflow/example_dags/example_xcomargs.py took 0.161 seconds
[2023-06-04T01:08:34.134+0000] {processor.py:156} INFO - Started process (PID=384) to work on /home/airflow/.local/lib/python3.7/site-packages/airflow/example_dags/example_xcomargs.py
[2023-06-04T01:08:34.136+0000] {processor.py:758} INFO - Processing file /home/airflow/.local/lib/python3.7/site-packages/airflow/example_dags/example_xcomargs.py for tasks to queue
[2023-06-04T01:08:34.138+0000] {logging_mixin.py:117} INFO - [2023-06-04T01:08:34.138+0000] {dagbag.py:525} INFO - Filling up the DagBag from /home/airflow/.local/lib/python3.7/site-packages/airflow/example_dags/example_xcomargs.py
[2023-06-04T01:08:34.173+0000] {processor.py:768} INFO - DAG(s) dict_keys(['example_xcom_args', 'example_xcom_args_with_operators']) retrieved from /home/airflow/.local/lib/python3.7/site-packages/airflow/example_dags/example_xcomargs.py
[2023-06-04T01:08:34.230+0000] {logging_mixin.py:117} INFO - [2023-06-04T01:08:34.230+0000] {dag.py:2573} INFO - Sync 2 DAGs
[2023-06-04T01:08:34.265+0000] {logging_mixin.py:117} INFO - [2023-06-04T01:08:34.264+0000] {dag.py:3328} INFO - Setting next_dagrun for example_xcom_args to None, run_after=None
[2023-06-04T01:08:34.270+0000] {logging_mixin.py:117} INFO - [2023-06-04T01:08:34.270+0000] {dag.py:3328} INFO - Setting next_dagrun for example_xcom_args_with_operators to None, run_after=None
[2023-06-04T01:08:34.293+0000] {processor.py:178} INFO - Processing /home/airflow/.local/lib/python3.7/site-packages/airflow/example_dags/example_xcomargs.py took 0.163 seconds
[2023-06-04T01:09:05.156+0000] {processor.py:156} INFO - Started process (PID=448) to work on /home/airflow/.local/lib/python3.7/site-packages/airflow/example_dags/example_xcomargs.py
[2023-06-04T01:09:05.158+0000] {processor.py:758} INFO - Processing file /home/airflow/.local/lib/python3.7/site-packages/airflow/example_dags/example_xcomargs.py for tasks to queue
[2023-06-04T01:09:05.161+0000] {logging_mixin.py:117} INFO - [2023-06-04T01:09:05.160+0000] {dagbag.py:525} INFO - Filling up the DagBag from /home/airflow/.local/lib/python3.7/site-packages/airflow/example_dags/example_xcomargs.py
[2023-06-04T01:09:05.200+0000] {processor.py:768} INFO - DAG(s) dict_keys(['example_xcom_args', 'example_xcom_args_with_operators']) retrieved from /home/airflow/.local/lib/python3.7/site-packages/airflow/example_dags/example_xcomargs.py
[2023-06-04T01:09:05.258+0000] {logging_mixin.py:117} INFO - [2023-06-04T01:09:05.257+0000] {dag.py:2573} INFO - Sync 2 DAGs
[2023-06-04T01:09:05.293+0000] {logging_mixin.py:117} INFO - [2023-06-04T01:09:05.292+0000] {dag.py:3328} INFO - Setting next_dagrun for example_xcom_args to None, run_after=None
[2023-06-04T01:09:05.299+0000] {logging_mixin.py:117} INFO - [2023-06-04T01:09:05.299+0000] {dag.py:3328} INFO - Setting next_dagrun for example_xcom_args_with_operators to None, run_after=None
[2023-06-04T01:09:05.320+0000] {processor.py:178} INFO - Processing /home/airflow/.local/lib/python3.7/site-packages/airflow/example_dags/example_xcomargs.py took 0.169 seconds
[2023-06-04T01:09:36.165+0000] {processor.py:156} INFO - Started process (PID=512) to work on /home/airflow/.local/lib/python3.7/site-packages/airflow/example_dags/example_xcomargs.py
[2023-06-04T01:09:36.167+0000] {processor.py:758} INFO - Processing file /home/airflow/.local/lib/python3.7/site-packages/airflow/example_dags/example_xcomargs.py for tasks to queue
[2023-06-04T01:09:36.169+0000] {logging_mixin.py:117} INFO - [2023-06-04T01:09:36.168+0000] {dagbag.py:525} INFO - Filling up the DagBag from /home/airflow/.local/lib/python3.7/site-packages/airflow/example_dags/example_xcomargs.py
[2023-06-04T01:09:36.203+0000] {processor.py:768} INFO - DAG(s) dict_keys(['example_xcom_args', 'example_xcom_args_with_operators']) retrieved from /home/airflow/.local/lib/python3.7/site-packages/airflow/example_dags/example_xcomargs.py
[2023-06-04T01:09:36.261+0000] {logging_mixin.py:117} INFO - [2023-06-04T01:09:36.261+0000] {dag.py:2573} INFO - Sync 2 DAGs
[2023-06-04T01:09:36.293+0000] {logging_mixin.py:117} INFO - [2023-06-04T01:09:36.293+0000] {dag.py:3328} INFO - Setting next_dagrun for example_xcom_args to None, run_after=None
[2023-06-04T01:09:36.299+0000] {logging_mixin.py:117} INFO - [2023-06-04T01:09:36.299+0000] {dag.py:3328} INFO - Setting next_dagrun for example_xcom_args_with_operators to None, run_after=None
[2023-06-04T01:09:36.321+0000] {processor.py:178} INFO - Processing /home/airflow/.local/lib/python3.7/site-packages/airflow/example_dags/example_xcomargs.py took 0.161 seconds
[2023-06-04T01:10:07.070+0000] {processor.py:156} INFO - Started process (PID=576) to work on /home/airflow/.local/lib/python3.7/site-packages/airflow/example_dags/example_xcomargs.py
[2023-06-04T01:10:07.072+0000] {processor.py:758} INFO - Processing file /home/airflow/.local/lib/python3.7/site-packages/airflow/example_dags/example_xcomargs.py for tasks to queue
[2023-06-04T01:10:07.074+0000] {logging_mixin.py:117} INFO - [2023-06-04T01:10:07.073+0000] {dagbag.py:525} INFO - Filling up the DagBag from /home/airflow/.local/lib/python3.7/site-packages/airflow/example_dags/example_xcomargs.py
[2023-06-04T01:10:07.109+0000] {processor.py:768} INFO - DAG(s) dict_keys(['example_xcom_args_with_operators', 'example_xcom_args']) retrieved from /home/airflow/.local/lib/python3.7/site-packages/airflow/example_dags/example_xcomargs.py
[2023-06-04T01:10:07.171+0000] {logging_mixin.py:117} INFO - [2023-06-04T01:10:07.170+0000] {dag.py:2573} INFO - Sync 2 DAGs
[2023-06-04T01:10:07.207+0000] {logging_mixin.py:117} INFO - [2023-06-04T01:10:07.207+0000] {dag.py:3328} INFO - Setting next_dagrun for example_xcom_args to None, run_after=None
[2023-06-04T01:10:07.212+0000] {logging_mixin.py:117} INFO - [2023-06-04T01:10:07.212+0000] {dag.py:3328} INFO - Setting next_dagrun for example_xcom_args_with_operators to None, run_after=None
[2023-06-04T01:10:07.235+0000] {processor.py:178} INFO - Processing /home/airflow/.local/lib/python3.7/site-packages/airflow/example_dags/example_xcomargs.py took 0.169 seconds
[2023-06-04T01:10:37.462+0000] {processor.py:156} INFO - Started process (PID=631) to work on /home/airflow/.local/lib/python3.7/site-packages/airflow/example_dags/example_xcomargs.py
[2023-06-04T01:10:37.464+0000] {processor.py:758} INFO - Processing file /home/airflow/.local/lib/python3.7/site-packages/airflow/example_dags/example_xcomargs.py for tasks to queue
[2023-06-04T01:10:37.466+0000] {logging_mixin.py:117} INFO - [2023-06-04T01:10:37.466+0000] {dagbag.py:525} INFO - Filling up the DagBag from /home/airflow/.local/lib/python3.7/site-packages/airflow/example_dags/example_xcomargs.py
[2023-06-04T01:10:37.500+0000] {processor.py:768} INFO - DAG(s) dict_keys(['example_xcom_args_with_operators', 'example_xcom_args']) retrieved from /home/airflow/.local/lib/python3.7/site-packages/airflow/example_dags/example_xcomargs.py
[2023-06-04T01:10:37.557+0000] {logging_mixin.py:117} INFO - [2023-06-04T01:10:37.557+0000] {dag.py:2573} INFO - Sync 2 DAGs
[2023-06-04T01:10:37.594+0000] {logging_mixin.py:117} INFO - [2023-06-04T01:10:37.594+0000] {dag.py:3328} INFO - Setting next_dagrun for example_xcom_args to None, run_after=None
[2023-06-04T01:10:37.600+0000] {logging_mixin.py:117} INFO - [2023-06-04T01:10:37.600+0000] {dag.py:3328} INFO - Setting next_dagrun for example_xcom_args_with_operators to None, run_after=None
[2023-06-04T01:10:37.622+0000] {processor.py:178} INFO - Processing /home/airflow/.local/lib/python3.7/site-packages/airflow/example_dags/example_xcomargs.py took 0.165 seconds
[2023-06-04T01:11:07.981+0000] {processor.py:156} INFO - Started process (PID=695) to work on /home/airflow/.local/lib/python3.7/site-packages/airflow/example_dags/example_xcomargs.py
[2023-06-04T01:11:07.983+0000] {processor.py:758} INFO - Processing file /home/airflow/.local/lib/python3.7/site-packages/airflow/example_dags/example_xcomargs.py for tasks to queue
[2023-06-04T01:11:07.985+0000] {logging_mixin.py:117} INFO - [2023-06-04T01:11:07.985+0000] {dagbag.py:525} INFO - Filling up the DagBag from /home/airflow/.local/lib/python3.7/site-packages/airflow/example_dags/example_xcomargs.py
[2023-06-04T01:11:08.015+0000] {processor.py:768} INFO - DAG(s) dict_keys(['example_xcom_args', 'example_xcom_args_with_operators']) retrieved from /home/airflow/.local/lib/python3.7/site-packages/airflow/example_dags/example_xcomargs.py
[2023-06-04T01:11:08.065+0000] {logging_mixin.py:117} INFO - [2023-06-04T01:11:08.064+0000] {dag.py:2573} INFO - Sync 2 DAGs
[2023-06-04T01:11:08.093+0000] {logging_mixin.py:117} INFO - [2023-06-04T01:11:08.093+0000] {dag.py:3328} INFO - Setting next_dagrun for example_xcom_args to None, run_after=None
[2023-06-04T01:11:08.098+0000] {logging_mixin.py:117} INFO - [2023-06-04T01:11:08.097+0000] {dag.py:3328} INFO - Setting next_dagrun for example_xcom_args_with_operators to None, run_after=None
[2023-06-04T01:11:08.116+0000] {processor.py:178} INFO - Processing /home/airflow/.local/lib/python3.7/site-packages/airflow/example_dags/example_xcomargs.py took 0.140 seconds
[2023-06-04T01:11:39.653+0000] {processor.py:156} INFO - Started process (PID=759) to work on /home/airflow/.local/lib/python3.7/site-packages/airflow/example_dags/example_xcomargs.py
[2023-06-04T01:11:39.655+0000] {processor.py:758} INFO - Processing file /home/airflow/.local/lib/python3.7/site-packages/airflow/example_dags/example_xcomargs.py for tasks to queue
[2023-06-04T01:11:39.657+0000] {logging_mixin.py:117} INFO - [2023-06-04T01:11:39.657+0000] {dagbag.py:525} INFO - Filling up the DagBag from /home/airflow/.local/lib/python3.7/site-packages/airflow/example_dags/example_xcomargs.py
[2023-06-04T01:11:39.689+0000] {processor.py:768} INFO - DAG(s) dict_keys(['example_xcom_args_with_operators', 'example_xcom_args']) retrieved from /home/airflow/.local/lib/python3.7/site-packages/airflow/example_dags/example_xcomargs.py
[2023-06-04T01:11:39.746+0000] {logging_mixin.py:117} INFO - [2023-06-04T01:11:39.746+0000] {dag.py:2573} INFO - Sync 2 DAGs
[2023-06-04T01:11:39.780+0000] {logging_mixin.py:117} INFO - [2023-06-04T01:11:39.780+0000] {dag.py:3328} INFO - Setting next_dagrun for example_xcom_args to None, run_after=None
[2023-06-04T01:11:39.785+0000] {logging_mixin.py:117} INFO - [2023-06-04T01:11:39.785+0000] {dag.py:3328} INFO - Setting next_dagrun for example_xcom_args_with_operators to None, run_after=None
[2023-06-04T01:11:39.806+0000] {processor.py:178} INFO - Processing /home/airflow/.local/lib/python3.7/site-packages/airflow/example_dags/example_xcomargs.py took 0.157 seconds
[2023-06-04T01:12:10.220+0000] {processor.py:156} INFO - Started process (PID=815) to work on /home/airflow/.local/lib/python3.7/site-packages/airflow/example_dags/example_xcomargs.py
[2023-06-04T01:12:10.223+0000] {processor.py:758} INFO - Processing file /home/airflow/.local/lib/python3.7/site-packages/airflow/example_dags/example_xcomargs.py for tasks to queue
[2023-06-04T01:12:10.225+0000] {logging_mixin.py:117} INFO - [2023-06-04T01:12:10.225+0000] {dagbag.py:525} INFO - Filling up the DagBag from /home/airflow/.local/lib/python3.7/site-packages/airflow/example_dags/example_xcomargs.py
[2023-06-04T01:12:10.264+0000] {processor.py:768} INFO - DAG(s) dict_keys(['example_xcom_args', 'example_xcom_args_with_operators']) retrieved from /home/airflow/.local/lib/python3.7/site-packages/airflow/example_dags/example_xcomargs.py
[2023-06-04T01:12:10.327+0000] {logging_mixin.py:117} INFO - [2023-06-04T01:12:10.327+0000] {dag.py:2573} INFO - Sync 2 DAGs
[2023-06-04T01:12:10.360+0000] {logging_mixin.py:117} INFO - [2023-06-04T01:12:10.360+0000] {dag.py:3328} INFO - Setting next_dagrun for example_xcom_args to None, run_after=None
[2023-06-04T01:12:10.366+0000] {logging_mixin.py:117} INFO - [2023-06-04T01:12:10.366+0000] {dag.py:3328} INFO - Setting next_dagrun for example_xcom_args_with_operators to None, run_after=None
[2023-06-04T01:12:10.387+0000] {processor.py:178} INFO - Processing /home/airflow/.local/lib/python3.7/site-packages/airflow/example_dags/example_xcomargs.py took 0.173 seconds
[2023-06-04T01:12:40.561+0000] {processor.py:156} INFO - Started process (PID=878) to work on /home/airflow/.local/lib/python3.7/site-packages/airflow/example_dags/example_xcomargs.py
[2023-06-04T01:12:40.563+0000] {processor.py:758} INFO - Processing file /home/airflow/.local/lib/python3.7/site-packages/airflow/example_dags/example_xcomargs.py for tasks to queue
[2023-06-04T01:12:40.566+0000] {logging_mixin.py:117} INFO - [2023-06-04T01:12:40.566+0000] {dagbag.py:525} INFO - Filling up the DagBag from /home/airflow/.local/lib/python3.7/site-packages/airflow/example_dags/example_xcomargs.py
[2023-06-04T01:12:40.607+0000] {processor.py:768} INFO - DAG(s) dict_keys(['example_xcom_args', 'example_xcom_args_with_operators']) retrieved from /home/airflow/.local/lib/python3.7/site-packages/airflow/example_dags/example_xcomargs.py
[2023-06-04T01:12:40.674+0000] {logging_mixin.py:117} INFO - [2023-06-04T01:12:40.674+0000] {dag.py:2573} INFO - Sync 2 DAGs
[2023-06-04T01:12:40.716+0000] {logging_mixin.py:117} INFO - [2023-06-04T01:12:40.716+0000] {dag.py:3328} INFO - Setting next_dagrun for example_xcom_args to None, run_after=None
[2023-06-04T01:12:40.723+0000] {logging_mixin.py:117} INFO - [2023-06-04T01:12:40.723+0000] {dag.py:3328} INFO - Setting next_dagrun for example_xcom_args_with_operators to None, run_after=None
[2023-06-04T01:12:40.745+0000] {processor.py:178} INFO - Processing /home/airflow/.local/lib/python3.7/site-packages/airflow/example_dags/example_xcomargs.py took 0.189 seconds
[2023-06-04T01:13:10.959+0000] {processor.py:156} INFO - Started process (PID=942) to work on /home/airflow/.local/lib/python3.7/site-packages/airflow/example_dags/example_xcomargs.py
[2023-06-04T01:13:10.960+0000] {processor.py:758} INFO - Processing file /home/airflow/.local/lib/python3.7/site-packages/airflow/example_dags/example_xcomargs.py for tasks to queue
[2023-06-04T01:13:10.962+0000] {logging_mixin.py:117} INFO - [2023-06-04T01:13:10.962+0000] {dagbag.py:525} INFO - Filling up the DagBag from /home/airflow/.local/lib/python3.7/site-packages/airflow/example_dags/example_xcomargs.py
[2023-06-04T01:13:10.997+0000] {processor.py:768} INFO - DAG(s) dict_keys(['example_xcom_args_with_operators', 'example_xcom_args']) retrieved from /home/airflow/.local/lib/python3.7/site-packages/airflow/example_dags/example_xcomargs.py
[2023-06-04T01:13:11.056+0000] {logging_mixin.py:117} INFO - [2023-06-04T01:13:11.056+0000] {dag.py:2573} INFO - Sync 2 DAGs
[2023-06-04T01:13:11.097+0000] {logging_mixin.py:117} INFO - [2023-06-04T01:13:11.097+0000] {dag.py:3328} INFO - Setting next_dagrun for example_xcom_args to None, run_after=None
[2023-06-04T01:13:11.103+0000] {logging_mixin.py:117} INFO - [2023-06-04T01:13:11.103+0000] {dag.py:3328} INFO - Setting next_dagrun for example_xcom_args_with_operators to None, run_after=None
[2023-06-04T01:13:11.128+0000] {processor.py:178} INFO - Processing /home/airflow/.local/lib/python3.7/site-packages/airflow/example_dags/example_xcomargs.py took 0.173 seconds
[2023-06-04T01:13:41.827+0000] {processor.py:156} INFO - Started process (PID=997) to work on /home/airflow/.local/lib/python3.7/site-packages/airflow/example_dags/example_xcomargs.py
[2023-06-04T01:13:41.831+0000] {processor.py:758} INFO - Processing file /home/airflow/.local/lib/python3.7/site-packages/airflow/example_dags/example_xcomargs.py for tasks to queue
[2023-06-04T01:13:41.834+0000] {logging_mixin.py:117} INFO - [2023-06-04T01:13:41.833+0000] {dagbag.py:525} INFO - Filling up the DagBag from /home/airflow/.local/lib/python3.7/site-packages/airflow/example_dags/example_xcomargs.py
[2023-06-04T01:13:41.879+0000] {processor.py:768} INFO - DAG(s) dict_keys(['example_xcom_args_with_operators', 'example_xcom_args']) retrieved from /home/airflow/.local/lib/python3.7/site-packages/airflow/example_dags/example_xcomargs.py
[2023-06-04T01:13:41.950+0000] {logging_mixin.py:117} INFO - [2023-06-04T01:13:41.950+0000] {dag.py:2573} INFO - Sync 2 DAGs
[2023-06-04T01:13:41.993+0000] {logging_mixin.py:117} INFO - [2023-06-04T01:13:41.992+0000] {dag.py:3328} INFO - Setting next_dagrun for example_xcom_args to None, run_after=None
[2023-06-04T01:13:42.000+0000] {logging_mixin.py:117} INFO - [2023-06-04T01:13:41.999+0000] {dag.py:3328} INFO - Setting next_dagrun for example_xcom_args_with_operators to None, run_after=None
[2023-06-04T01:13:42.028+0000] {processor.py:178} INFO - Processing /home/airflow/.local/lib/python3.7/site-packages/airflow/example_dags/example_xcomargs.py took 0.209 seconds
[2023-06-04T01:14:12.936+0000] {processor.py:156} INFO - Started process (PID=1060) to work on /home/airflow/.local/lib/python3.7/site-packages/airflow/example_dags/example_xcomargs.py
[2023-06-04T01:14:12.939+0000] {processor.py:758} INFO - Processing file /home/airflow/.local/lib/python3.7/site-packages/airflow/example_dags/example_xcomargs.py for tasks to queue
[2023-06-04T01:14:12.941+0000] {logging_mixin.py:117} INFO - [2023-06-04T01:14:12.941+0000] {dagbag.py:525} INFO - Filling up the DagBag from /home/airflow/.local/lib/python3.7/site-packages/airflow/example_dags/example_xcomargs.py
[2023-06-04T01:14:12.991+0000] {processor.py:768} INFO - DAG(s) dict_keys(['example_xcom_args', 'example_xcom_args_with_operators']) retrieved from /home/airflow/.local/lib/python3.7/site-packages/airflow/example_dags/example_xcomargs.py
[2023-06-04T01:14:13.111+0000] {logging_mixin.py:117} INFO - [2023-06-04T01:14:13.111+0000] {dag.py:2573} INFO - Sync 2 DAGs
[2023-06-04T01:14:13.201+0000] {logging_mixin.py:117} INFO - [2023-06-04T01:14:13.200+0000] {dag.py:3328} INFO - Setting next_dagrun for example_xcom_args to None, run_after=None
[2023-06-04T01:14:13.209+0000] {logging_mixin.py:117} INFO - [2023-06-04T01:14:13.209+0000] {dag.py:3328} INFO - Setting next_dagrun for example_xcom_args_with_operators to None, run_after=None
[2023-06-04T01:14:13.250+0000] {processor.py:178} INFO - Processing /home/airflow/.local/lib/python3.7/site-packages/airflow/example_dags/example_xcomargs.py took 0.319 seconds
[2023-06-04T01:14:43.581+0000] {processor.py:156} INFO - Started process (PID=1123) to work on /home/airflow/.local/lib/python3.7/site-packages/airflow/example_dags/example_xcomargs.py
[2023-06-04T01:14:43.584+0000] {processor.py:758} INFO - Processing file /home/airflow/.local/lib/python3.7/site-packages/airflow/example_dags/example_xcomargs.py for tasks to queue
[2023-06-04T01:14:43.587+0000] {logging_mixin.py:117} INFO - [2023-06-04T01:14:43.586+0000] {dagbag.py:525} INFO - Filling up the DagBag from /home/airflow/.local/lib/python3.7/site-packages/airflow/example_dags/example_xcomargs.py
[2023-06-04T01:14:43.630+0000] {processor.py:768} INFO - DAG(s) dict_keys(['example_xcom_args_with_operators', 'example_xcom_args']) retrieved from /home/airflow/.local/lib/python3.7/site-packages/airflow/example_dags/example_xcomargs.py
[2023-06-04T01:14:43.703+0000] {logging_mixin.py:117} INFO - [2023-06-04T01:14:43.703+0000] {dag.py:2573} INFO - Sync 2 DAGs
[2023-06-04T01:14:43.748+0000] {logging_mixin.py:117} INFO - [2023-06-04T01:14:43.748+0000] {dag.py:3328} INFO - Setting next_dagrun for example_xcom_args to None, run_after=None
[2023-06-04T01:14:43.756+0000] {logging_mixin.py:117} INFO - [2023-06-04T01:14:43.756+0000] {dag.py:3328} INFO - Setting next_dagrun for example_xcom_args_with_operators to None, run_after=None
[2023-06-04T01:14:43.797+0000] {processor.py:178} INFO - Processing /home/airflow/.local/lib/python3.7/site-packages/airflow/example_dags/example_xcomargs.py took 0.221 seconds
[2023-06-04T01:15:14.505+0000] {processor.py:156} INFO - Started process (PID=1178) to work on /home/airflow/.local/lib/python3.7/site-packages/airflow/example_dags/example_xcomargs.py
[2023-06-04T01:15:14.509+0000] {processor.py:758} INFO - Processing file /home/airflow/.local/lib/python3.7/site-packages/airflow/example_dags/example_xcomargs.py for tasks to queue
[2023-06-04T01:15:14.522+0000] {logging_mixin.py:117} INFO - [2023-06-04T01:15:14.522+0000] {dagbag.py:525} INFO - Filling up the DagBag from /home/airflow/.local/lib/python3.7/site-packages/airflow/example_dags/example_xcomargs.py
[2023-06-04T01:15:14.603+0000] {processor.py:768} INFO - DAG(s) dict_keys(['example_xcom_args', 'example_xcom_args_with_operators']) retrieved from /home/airflow/.local/lib/python3.7/site-packages/airflow/example_dags/example_xcomargs.py
[2023-06-04T01:15:14.732+0000] {logging_mixin.py:117} INFO - [2023-06-04T01:15:14.732+0000] {dag.py:2573} INFO - Sync 2 DAGs
[2023-06-04T01:15:14.798+0000] {logging_mixin.py:117} INFO - [2023-06-04T01:15:14.798+0000] {dag.py:3328} INFO - Setting next_dagrun for example_xcom_args to None, run_after=None
[2023-06-04T01:15:14.807+0000] {logging_mixin.py:117} INFO - [2023-06-04T01:15:14.807+0000] {dag.py:3328} INFO - Setting next_dagrun for example_xcom_args_with_operators to None, run_after=None
[2023-06-04T01:15:14.873+0000] {processor.py:178} INFO - Processing /home/airflow/.local/lib/python3.7/site-packages/airflow/example_dags/example_xcomargs.py took 0.381 seconds
[2023-06-04T01:15:45.811+0000] {processor.py:156} INFO - Started process (PID=1242) to work on /home/airflow/.local/lib/python3.7/site-packages/airflow/example_dags/example_xcomargs.py
[2023-06-04T01:15:45.813+0000] {processor.py:758} INFO - Processing file /home/airflow/.local/lib/python3.7/site-packages/airflow/example_dags/example_xcomargs.py for tasks to queue
[2023-06-04T01:15:45.815+0000] {logging_mixin.py:117} INFO - [2023-06-04T01:15:45.814+0000] {dagbag.py:525} INFO - Filling up the DagBag from /home/airflow/.local/lib/python3.7/site-packages/airflow/example_dags/example_xcomargs.py
[2023-06-04T01:15:45.851+0000] {processor.py:768} INFO - DAG(s) dict_keys(['example_xcom_args', 'example_xcom_args_with_operators']) retrieved from /home/airflow/.local/lib/python3.7/site-packages/airflow/example_dags/example_xcomargs.py
[2023-06-04T01:15:45.917+0000] {logging_mixin.py:117} INFO - [2023-06-04T01:15:45.917+0000] {dag.py:2573} INFO - Sync 2 DAGs
[2023-06-04T01:15:45.957+0000] {logging_mixin.py:117} INFO - [2023-06-04T01:15:45.957+0000] {dag.py:3328} INFO - Setting next_dagrun for example_xcom_args to None, run_after=None
[2023-06-04T01:15:45.964+0000] {logging_mixin.py:117} INFO - [2023-06-04T01:15:45.963+0000] {dag.py:3328} INFO - Setting next_dagrun for example_xcom_args_with_operators to None, run_after=None
[2023-06-04T01:15:45.989+0000] {processor.py:178} INFO - Processing /home/airflow/.local/lib/python3.7/site-packages/airflow/example_dags/example_xcomargs.py took 0.182 seconds
[2023-06-04T01:16:16.851+0000] {processor.py:156} INFO - Started process (PID=1306) to work on /home/airflow/.local/lib/python3.7/site-packages/airflow/example_dags/example_xcomargs.py
[2023-06-04T01:16:16.855+0000] {processor.py:758} INFO - Processing file /home/airflow/.local/lib/python3.7/site-packages/airflow/example_dags/example_xcomargs.py for tasks to queue
[2023-06-04T01:16:16.859+0000] {logging_mixin.py:117} INFO - [2023-06-04T01:16:16.858+0000] {dagbag.py:525} INFO - Filling up the DagBag from /home/airflow/.local/lib/python3.7/site-packages/airflow/example_dags/example_xcomargs.py
[2023-06-04T01:16:16.909+0000] {processor.py:768} INFO - DAG(s) dict_keys(['example_xcom_args_with_operators', 'example_xcom_args']) retrieved from /home/airflow/.local/lib/python3.7/site-packages/airflow/example_dags/example_xcomargs.py
[2023-06-04T01:16:16.997+0000] {logging_mixin.py:117} INFO - [2023-06-04T01:16:16.997+0000] {dag.py:2573} INFO - Sync 2 DAGs
[2023-06-04T01:16:17.036+0000] {logging_mixin.py:117} INFO - [2023-06-04T01:16:17.036+0000] {dag.py:3328} INFO - Setting next_dagrun for example_xcom_args to None, run_after=None
[2023-06-04T01:16:17.042+0000] {logging_mixin.py:117} INFO - [2023-06-04T01:16:17.042+0000] {dag.py:3328} INFO - Setting next_dagrun for example_xcom_args_with_operators to None, run_after=None
[2023-06-04T01:16:17.063+0000] {processor.py:178} INFO - Processing /home/airflow/.local/lib/python3.7/site-packages/airflow/example_dags/example_xcomargs.py took 0.223 seconds
[2023-06-04T01:16:47.573+0000] {processor.py:156} INFO - Started process (PID=1361) to work on /home/airflow/.local/lib/python3.7/site-packages/airflow/example_dags/example_xcomargs.py
[2023-06-04T01:16:47.576+0000] {processor.py:758} INFO - Processing file /home/airflow/.local/lib/python3.7/site-packages/airflow/example_dags/example_xcomargs.py for tasks to queue
[2023-06-04T01:16:47.579+0000] {logging_mixin.py:117} INFO - [2023-06-04T01:16:47.579+0000] {dagbag.py:525} INFO - Filling up the DagBag from /home/airflow/.local/lib/python3.7/site-packages/airflow/example_dags/example_xcomargs.py
[2023-06-04T01:16:47.618+0000] {processor.py:768} INFO - DAG(s) dict_keys(['example_xcom_args_with_operators', 'example_xcom_args']) retrieved from /home/airflow/.local/lib/python3.7/site-packages/airflow/example_dags/example_xcomargs.py
[2023-06-04T01:16:47.683+0000] {logging_mixin.py:117} INFO - [2023-06-04T01:16:47.682+0000] {dag.py:2573} INFO - Sync 2 DAGs
[2023-06-04T01:16:47.726+0000] {logging_mixin.py:117} INFO - [2023-06-04T01:16:47.726+0000] {dag.py:3328} INFO - Setting next_dagrun for example_xcom_args to None, run_after=None
[2023-06-04T01:16:47.733+0000] {logging_mixin.py:117} INFO - [2023-06-04T01:16:47.732+0000] {dag.py:3328} INFO - Setting next_dagrun for example_xcom_args_with_operators to None, run_after=None
[2023-06-04T01:16:47.757+0000] {processor.py:178} INFO - Processing /home/airflow/.local/lib/python3.7/site-packages/airflow/example_dags/example_xcomargs.py took 0.189 seconds
[2023-06-04T01:17:17.917+0000] {processor.py:156} INFO - Started process (PID=1425) to work on /home/airflow/.local/lib/python3.7/site-packages/airflow/example_dags/example_xcomargs.py
[2023-06-04T01:17:17.920+0000] {processor.py:758} INFO - Processing file /home/airflow/.local/lib/python3.7/site-packages/airflow/example_dags/example_xcomargs.py for tasks to queue
[2023-06-04T01:17:17.922+0000] {logging_mixin.py:117} INFO - [2023-06-04T01:17:17.922+0000] {dagbag.py:525} INFO - Filling up the DagBag from /home/airflow/.local/lib/python3.7/site-packages/airflow/example_dags/example_xcomargs.py
[2023-06-04T01:17:17.957+0000] {processor.py:768} INFO - DAG(s) dict_keys(['example_xcom_args_with_operators', 'example_xcom_args']) retrieved from /home/airflow/.local/lib/python3.7/site-packages/airflow/example_dags/example_xcomargs.py
[2023-06-04T01:17:18.019+0000] {logging_mixin.py:117} INFO - [2023-06-04T01:17:18.019+0000] {dag.py:2573} INFO - Sync 2 DAGs
[2023-06-04T01:17:18.057+0000] {logging_mixin.py:117} INFO - [2023-06-04T01:17:18.056+0000] {dag.py:3328} INFO - Setting next_dagrun for example_xcom_args to None, run_after=None
[2023-06-04T01:17:18.063+0000] {logging_mixin.py:117} INFO - [2023-06-04T01:17:18.063+0000] {dag.py:3328} INFO - Setting next_dagrun for example_xcom_args_with_operators to None, run_after=None
[2023-06-04T01:17:18.088+0000] {processor.py:178} INFO - Processing /home/airflow/.local/lib/python3.7/site-packages/airflow/example_dags/example_xcomargs.py took 0.176 seconds
[2023-06-04T01:17:49.058+0000] {processor.py:156} INFO - Started process (PID=1489) to work on /home/airflow/.local/lib/python3.7/site-packages/airflow/example_dags/example_xcomargs.py
[2023-06-04T01:17:49.061+0000] {processor.py:758} INFO - Processing file /home/airflow/.local/lib/python3.7/site-packages/airflow/example_dags/example_xcomargs.py for tasks to queue
[2023-06-04T01:17:49.063+0000] {logging_mixin.py:117} INFO - [2023-06-04T01:17:49.062+0000] {dagbag.py:525} INFO - Filling up the DagBag from /home/airflow/.local/lib/python3.7/site-packages/airflow/example_dags/example_xcomargs.py
[2023-06-04T01:17:49.098+0000] {processor.py:768} INFO - DAG(s) dict_keys(['example_xcom_args_with_operators', 'example_xcom_args']) retrieved from /home/airflow/.local/lib/python3.7/site-packages/airflow/example_dags/example_xcomargs.py
[2023-06-04T01:17:49.155+0000] {logging_mixin.py:117} INFO - [2023-06-04T01:17:49.155+0000] {dag.py:2573} INFO - Sync 2 DAGs
[2023-06-04T01:17:49.189+0000] {logging_mixin.py:117} INFO - [2023-06-04T01:17:49.189+0000] {dag.py:3328} INFO - Setting next_dagrun for example_xcom_args to None, run_after=None
[2023-06-04T01:17:49.195+0000] {logging_mixin.py:117} INFO - [2023-06-04T01:17:49.195+0000] {dag.py:3328} INFO - Setting next_dagrun for example_xcom_args_with_operators to None, run_after=None
[2023-06-04T01:17:49.218+0000] {processor.py:178} INFO - Processing /home/airflow/.local/lib/python3.7/site-packages/airflow/example_dags/example_xcomargs.py took 0.164 seconds
[2023-06-04T01:18:19.550+0000] {processor.py:156} INFO - Started process (PID=1544) to work on /home/airflow/.local/lib/python3.7/site-packages/airflow/example_dags/example_xcomargs.py
[2023-06-04T01:18:19.552+0000] {processor.py:758} INFO - Processing file /home/airflow/.local/lib/python3.7/site-packages/airflow/example_dags/example_xcomargs.py for tasks to queue
[2023-06-04T01:18:19.554+0000] {logging_mixin.py:117} INFO - [2023-06-04T01:18:19.554+0000] {dagbag.py:525} INFO - Filling up the DagBag from /home/airflow/.local/lib/python3.7/site-packages/airflow/example_dags/example_xcomargs.py
[2023-06-04T01:18:19.588+0000] {processor.py:768} INFO - DAG(s) dict_keys(['example_xcom_args', 'example_xcom_args_with_operators']) retrieved from /home/airflow/.local/lib/python3.7/site-packages/airflow/example_dags/example_xcomargs.py
[2023-06-04T01:18:19.646+0000] {logging_mixin.py:117} INFO - [2023-06-04T01:18:19.646+0000] {dag.py:2573} INFO - Sync 2 DAGs
[2023-06-04T01:18:19.682+0000] {logging_mixin.py:117} INFO - [2023-06-04T01:18:19.681+0000] {dag.py:3328} INFO - Setting next_dagrun for example_xcom_args to None, run_after=None
[2023-06-04T01:18:19.688+0000] {logging_mixin.py:117} INFO - [2023-06-04T01:18:19.688+0000] {dag.py:3328} INFO - Setting next_dagrun for example_xcom_args_with_operators to None, run_after=None
[2023-06-04T01:18:19.713+0000] {processor.py:178} INFO - Processing /home/airflow/.local/lib/python3.7/site-packages/airflow/example_dags/example_xcomargs.py took 0.168 seconds
[2023-06-04T01:18:50.812+0000] {processor.py:156} INFO - Started process (PID=1607) to work on /home/airflow/.local/lib/python3.7/site-packages/airflow/example_dags/example_xcomargs.py
[2023-06-04T01:18:50.814+0000] {processor.py:758} INFO - Processing file /home/airflow/.local/lib/python3.7/site-packages/airflow/example_dags/example_xcomargs.py for tasks to queue
[2023-06-04T01:18:50.816+0000] {logging_mixin.py:117} INFO - [2023-06-04T01:18:50.815+0000] {dagbag.py:525} INFO - Filling up the DagBag from /home/airflow/.local/lib/python3.7/site-packages/airflow/example_dags/example_xcomargs.py
[2023-06-04T01:18:50.850+0000] {processor.py:768} INFO - DAG(s) dict_keys(['example_xcom_args_with_operators', 'example_xcom_args']) retrieved from /home/airflow/.local/lib/python3.7/site-packages/airflow/example_dags/example_xcomargs.py
[2023-06-04T01:18:50.907+0000] {logging_mixin.py:117} INFO - [2023-06-04T01:18:50.907+0000] {dag.py:2573} INFO - Sync 2 DAGs
[2023-06-04T01:18:50.942+0000] {logging_mixin.py:117} INFO - [2023-06-04T01:18:50.942+0000] {dag.py:3328} INFO - Setting next_dagrun for example_xcom_args to None, run_after=None
[2023-06-04T01:18:50.948+0000] {logging_mixin.py:117} INFO - [2023-06-04T01:18:50.947+0000] {dag.py:3328} INFO - Setting next_dagrun for example_xcom_args_with_operators to None, run_after=None
[2023-06-04T01:18:50.973+0000] {processor.py:178} INFO - Processing /home/airflow/.local/lib/python3.7/site-packages/airflow/example_dags/example_xcomargs.py took 0.166 seconds
[2023-06-04T01:19:21.627+0000] {processor.py:156} INFO - Started process (PID=1671) to work on /home/airflow/.local/lib/python3.7/site-packages/airflow/example_dags/example_xcomargs.py
[2023-06-04T01:19:21.629+0000] {processor.py:758} INFO - Processing file /home/airflow/.local/lib/python3.7/site-packages/airflow/example_dags/example_xcomargs.py for tasks to queue
[2023-06-04T01:19:21.631+0000] {logging_mixin.py:117} INFO - [2023-06-04T01:19:21.631+0000] {dagbag.py:525} INFO - Filling up the DagBag from /home/airflow/.local/lib/python3.7/site-packages/airflow/example_dags/example_xcomargs.py
[2023-06-04T01:19:21.665+0000] {processor.py:768} INFO - DAG(s) dict_keys(['example_xcom_args', 'example_xcom_args_with_operators']) retrieved from /home/airflow/.local/lib/python3.7/site-packages/airflow/example_dags/example_xcomargs.py
[2023-06-04T01:19:21.721+0000] {logging_mixin.py:117} INFO - [2023-06-04T01:19:21.721+0000] {dag.py:2573} INFO - Sync 2 DAGs
[2023-06-04T01:19:21.757+0000] {logging_mixin.py:117} INFO - [2023-06-04T01:19:21.757+0000] {dag.py:3328} INFO - Setting next_dagrun for example_xcom_args to None, run_after=None
[2023-06-04T01:19:21.762+0000] {logging_mixin.py:117} INFO - [2023-06-04T01:19:21.762+0000] {dag.py:3328} INFO - Setting next_dagrun for example_xcom_args_with_operators to None, run_after=None
[2023-06-04T01:19:21.783+0000] {processor.py:178} INFO - Processing /home/airflow/.local/lib/python3.7/site-packages/airflow/example_dags/example_xcomargs.py took 0.161 seconds
[2023-06-04T01:20:44.016+0000] {processor.py:157} INFO - Started process (PID=82) to work on /home/airflow/.local/lib/python3.7/site-packages/airflow/example_dags/example_xcomargs.py
[2023-06-04T01:20:44.019+0000] {processor.py:826} INFO - Processing file /home/airflow/.local/lib/python3.7/site-packages/airflow/example_dags/example_xcomargs.py for tasks to queue
[2023-06-04T01:20:44.022+0000] {logging_mixin.py:149} INFO - [2023-06-04T01:20:44.021+0000] {dagbag.py:541} INFO - Filling up the DagBag from /home/airflow/.local/lib/python3.7/site-packages/airflow/example_dags/example_xcomargs.py
[2023-06-04T01:20:44.034+0000] {processor.py:836} INFO - DAG(s) dict_keys(['example_xcom_args', 'example_xcom_args_with_operators']) retrieved from /home/airflow/.local/lib/python3.7/site-packages/airflow/example_dags/example_xcomargs.py
[2023-06-04T01:20:44.056+0000] {logging_mixin.py:149} INFO - [2023-06-04T01:20:44.056+0000] {dag.py:2726} INFO - Sync 2 DAGs
[2023-06-04T01:20:44.104+0000] {logging_mixin.py:149} INFO - [2023-06-04T01:20:44.104+0000] {dag.py:3490} INFO - Setting next_dagrun for example_xcom_args to None, run_after=None
[2023-06-04T01:20:44.110+0000] {logging_mixin.py:149} INFO - [2023-06-04T01:20:44.110+0000] {dag.py:3490} INFO - Setting next_dagrun for example_xcom_args_with_operators to None, run_after=None
[2023-06-04T01:20:44.132+0000] {processor.py:179} INFO - Processing /home/airflow/.local/lib/python3.7/site-packages/airflow/example_dags/example_xcomargs.py took 0.122 seconds
[2023-06-04T01:21:14.426+0000] {processor.py:157} INFO - Started process (PID=161) to work on /home/airflow/.local/lib/python3.7/site-packages/airflow/example_dags/example_xcomargs.py
[2023-06-04T01:21:14.428+0000] {processor.py:826} INFO - Processing file /home/airflow/.local/lib/python3.7/site-packages/airflow/example_dags/example_xcomargs.py for tasks to queue
[2023-06-04T01:21:14.430+0000] {logging_mixin.py:149} INFO - [2023-06-04T01:21:14.430+0000] {dagbag.py:541} INFO - Filling up the DagBag from /home/airflow/.local/lib/python3.7/site-packages/airflow/example_dags/example_xcomargs.py
[2023-06-04T01:21:14.442+0000] {processor.py:836} INFO - DAG(s) dict_keys(['example_xcom_args_with_operators', 'example_xcom_args']) retrieved from /home/airflow/.local/lib/python3.7/site-packages/airflow/example_dags/example_xcomargs.py
[2023-06-04T01:21:14.483+0000] {logging_mixin.py:149} INFO - [2023-06-04T01:21:14.483+0000] {dag.py:2726} INFO - Sync 2 DAGs
[2023-06-04T01:21:14.522+0000] {logging_mixin.py:149} INFO - [2023-06-04T01:21:14.522+0000] {dag.py:3490} INFO - Setting next_dagrun for example_xcom_args to None, run_after=None
[2023-06-04T01:21:14.528+0000] {logging_mixin.py:149} INFO - [2023-06-04T01:21:14.528+0000] {dag.py:3490} INFO - Setting next_dagrun for example_xcom_args_with_operators to None, run_after=None
[2023-06-04T01:21:14.552+0000] {processor.py:179} INFO - Processing /home/airflow/.local/lib/python3.7/site-packages/airflow/example_dags/example_xcomargs.py took 0.130 seconds
[2023-06-04T01:21:45.511+0000] {processor.py:157} INFO - Started process (PID=231) to work on /home/airflow/.local/lib/python3.7/site-packages/airflow/example_dags/example_xcomargs.py
[2023-06-04T01:21:45.514+0000] {processor.py:826} INFO - Processing file /home/airflow/.local/lib/python3.7/site-packages/airflow/example_dags/example_xcomargs.py for tasks to queue
[2023-06-04T01:21:45.518+0000] {logging_mixin.py:149} INFO - [2023-06-04T01:21:45.518+0000] {dagbag.py:541} INFO - Filling up the DagBag from /home/airflow/.local/lib/python3.7/site-packages/airflow/example_dags/example_xcomargs.py
[2023-06-04T01:21:45.538+0000] {processor.py:836} INFO - DAG(s) dict_keys(['example_xcom_args_with_operators', 'example_xcom_args']) retrieved from /home/airflow/.local/lib/python3.7/site-packages/airflow/example_dags/example_xcomargs.py
[2023-06-04T01:21:45.603+0000] {logging_mixin.py:149} INFO - [2023-06-04T01:21:45.603+0000] {dag.py:2726} INFO - Sync 2 DAGs
[2023-06-04T01:21:45.647+0000] {logging_mixin.py:149} INFO - [2023-06-04T01:21:45.647+0000] {dag.py:3490} INFO - Setting next_dagrun for example_xcom_args to None, run_after=None
[2023-06-04T01:21:45.654+0000] {logging_mixin.py:149} INFO - [2023-06-04T01:21:45.654+0000] {dag.py:3490} INFO - Setting next_dagrun for example_xcom_args_with_operators to None, run_after=None
[2023-06-04T01:21:45.679+0000] {processor.py:179} INFO - Processing /home/airflow/.local/lib/python3.7/site-packages/airflow/example_dags/example_xcomargs.py took 0.174 seconds
[2023-06-04T01:22:16.059+0000] {processor.py:157} INFO - Started process (PID=301) to work on /home/airflow/.local/lib/python3.7/site-packages/airflow/example_dags/example_xcomargs.py
[2023-06-04T01:22:16.062+0000] {processor.py:826} INFO - Processing file /home/airflow/.local/lib/python3.7/site-packages/airflow/example_dags/example_xcomargs.py for tasks to queue
[2023-06-04T01:22:16.064+0000] {logging_mixin.py:149} INFO - [2023-06-04T01:22:16.064+0000] {dagbag.py:541} INFO - Filling up the DagBag from /home/airflow/.local/lib/python3.7/site-packages/airflow/example_dags/example_xcomargs.py
[2023-06-04T01:22:16.076+0000] {processor.py:836} INFO - DAG(s) dict_keys(['example_xcom_args_with_operators', 'example_xcom_args']) retrieved from /home/airflow/.local/lib/python3.7/site-packages/airflow/example_dags/example_xcomargs.py
[2023-06-04T01:22:16.121+0000] {logging_mixin.py:149} INFO - [2023-06-04T01:22:16.121+0000] {dag.py:2726} INFO - Sync 2 DAGs
[2023-06-04T01:22:16.161+0000] {logging_mixin.py:149} INFO - [2023-06-04T01:22:16.161+0000] {dag.py:3490} INFO - Setting next_dagrun for example_xcom_args to None, run_after=None
[2023-06-04T01:22:16.168+0000] {logging_mixin.py:149} INFO - [2023-06-04T01:22:16.168+0000] {dag.py:3490} INFO - Setting next_dagrun for example_xcom_args_with_operators to None, run_after=None
[2023-06-04T01:22:16.207+0000] {processor.py:179} INFO - Processing /home/airflow/.local/lib/python3.7/site-packages/airflow/example_dags/example_xcomargs.py took 0.153 seconds
[2023-06-04T01:22:46.599+0000] {processor.py:157} INFO - Started process (PID=380) to work on /home/airflow/.local/lib/python3.7/site-packages/airflow/example_dags/example_xcomargs.py
[2023-06-04T01:22:46.602+0000] {processor.py:826} INFO - Processing file /home/airflow/.local/lib/python3.7/site-packages/airflow/example_dags/example_xcomargs.py for tasks to queue
[2023-06-04T01:22:46.604+0000] {logging_mixin.py:149} INFO - [2023-06-04T01:22:46.604+0000] {dagbag.py:541} INFO - Filling up the DagBag from /home/airflow/.local/lib/python3.7/site-packages/airflow/example_dags/example_xcomargs.py
[2023-06-04T01:22:46.617+0000] {processor.py:836} INFO - DAG(s) dict_keys(['example_xcom_args', 'example_xcom_args_with_operators']) retrieved from /home/airflow/.local/lib/python3.7/site-packages/airflow/example_dags/example_xcomargs.py
[2023-06-04T01:22:46.662+0000] {logging_mixin.py:149} INFO - [2023-06-04T01:22:46.662+0000] {dag.py:2726} INFO - Sync 2 DAGs
[2023-06-04T01:22:46.701+0000] {logging_mixin.py:149} INFO - [2023-06-04T01:22:46.701+0000] {dag.py:3490} INFO - Setting next_dagrun for example_xcom_args to None, run_after=None
[2023-06-04T01:22:46.709+0000] {logging_mixin.py:149} INFO - [2023-06-04T01:22:46.709+0000] {dag.py:3490} INFO - Setting next_dagrun for example_xcom_args_with_operators to None, run_after=None
[2023-06-04T01:22:46.741+0000] {processor.py:179} INFO - Processing /home/airflow/.local/lib/python3.7/site-packages/airflow/example_dags/example_xcomargs.py took 0.148 seconds
[2023-06-04T01:23:17.284+0000] {processor.py:157} INFO - Started process (PID=450) to work on /home/airflow/.local/lib/python3.7/site-packages/airflow/example_dags/example_xcomargs.py
[2023-06-04T01:23:17.287+0000] {processor.py:826} INFO - Processing file /home/airflow/.local/lib/python3.7/site-packages/airflow/example_dags/example_xcomargs.py for tasks to queue
[2023-06-04T01:23:17.291+0000] {logging_mixin.py:149} INFO - [2023-06-04T01:23:17.291+0000] {dagbag.py:541} INFO - Filling up the DagBag from /home/airflow/.local/lib/python3.7/site-packages/airflow/example_dags/example_xcomargs.py
[2023-06-04T01:23:17.307+0000] {processor.py:836} INFO - DAG(s) dict_keys(['example_xcom_args_with_operators', 'example_xcom_args']) retrieved from /home/airflow/.local/lib/python3.7/site-packages/airflow/example_dags/example_xcomargs.py
[2023-06-04T01:23:17.354+0000] {logging_mixin.py:149} INFO - [2023-06-04T01:23:17.354+0000] {dag.py:2726} INFO - Sync 2 DAGs
[2023-06-04T01:23:17.393+0000] {logging_mixin.py:149} INFO - [2023-06-04T01:23:17.393+0000] {dag.py:3490} INFO - Setting next_dagrun for example_xcom_args to None, run_after=None
[2023-06-04T01:23:17.400+0000] {logging_mixin.py:149} INFO - [2023-06-04T01:23:17.400+0000] {dag.py:3490} INFO - Setting next_dagrun for example_xcom_args_with_operators to None, run_after=None
[2023-06-04T01:23:17.423+0000] {processor.py:179} INFO - Processing /home/airflow/.local/lib/python3.7/site-packages/airflow/example_dags/example_xcomargs.py took 0.144 seconds
[2023-06-04T01:23:48.208+0000] {processor.py:157} INFO - Started process (PID=520) to work on /home/airflow/.local/lib/python3.7/site-packages/airflow/example_dags/example_xcomargs.py
[2023-06-04T01:23:48.210+0000] {processor.py:826} INFO - Processing file /home/airflow/.local/lib/python3.7/site-packages/airflow/example_dags/example_xcomargs.py for tasks to queue
[2023-06-04T01:23:48.212+0000] {logging_mixin.py:149} INFO - [2023-06-04T01:23:48.212+0000] {dagbag.py:541} INFO - Filling up the DagBag from /home/airflow/.local/lib/python3.7/site-packages/airflow/example_dags/example_xcomargs.py
[2023-06-04T01:23:48.224+0000] {processor.py:836} INFO - DAG(s) dict_keys(['example_xcom_args', 'example_xcom_args_with_operators']) retrieved from /home/airflow/.local/lib/python3.7/site-packages/airflow/example_dags/example_xcomargs.py
[2023-06-04T01:23:48.274+0000] {logging_mixin.py:149} INFO - [2023-06-04T01:23:48.274+0000] {dag.py:2726} INFO - Sync 2 DAGs
[2023-06-04T01:23:48.319+0000] {logging_mixin.py:149} INFO - [2023-06-04T01:23:48.319+0000] {dag.py:3490} INFO - Setting next_dagrun for example_xcom_args to None, run_after=None
[2023-06-04T01:23:48.327+0000] {logging_mixin.py:149} INFO - [2023-06-04T01:23:48.326+0000] {dag.py:3490} INFO - Setting next_dagrun for example_xcom_args_with_operators to None, run_after=None
[2023-06-04T01:23:48.359+0000] {processor.py:179} INFO - Processing /home/airflow/.local/lib/python3.7/site-packages/airflow/example_dags/example_xcomargs.py took 0.156 seconds
[2023-06-04T01:24:18.688+0000] {processor.py:157} INFO - Started process (PID=599) to work on /home/airflow/.local/lib/python3.7/site-packages/airflow/example_dags/example_xcomargs.py
[2023-06-04T01:24:18.693+0000] {processor.py:826} INFO - Processing file /home/airflow/.local/lib/python3.7/site-packages/airflow/example_dags/example_xcomargs.py for tasks to queue
[2023-06-04T01:24:18.696+0000] {logging_mixin.py:149} INFO - [2023-06-04T01:24:18.696+0000] {dagbag.py:541} INFO - Filling up the DagBag from /home/airflow/.local/lib/python3.7/site-packages/airflow/example_dags/example_xcomargs.py
[2023-06-04T01:24:18.709+0000] {processor.py:836} INFO - DAG(s) dict_keys(['example_xcom_args_with_operators', 'example_xcom_args']) retrieved from /home/airflow/.local/lib/python3.7/site-packages/airflow/example_dags/example_xcomargs.py
[2023-06-04T01:24:18.751+0000] {logging_mixin.py:149} INFO - [2023-06-04T01:24:18.751+0000] {dag.py:2726} INFO - Sync 2 DAGs
[2023-06-04T01:24:18.789+0000] {logging_mixin.py:149} INFO - [2023-06-04T01:24:18.789+0000] {dag.py:3490} INFO - Setting next_dagrun for example_xcom_args to None, run_after=None
[2023-06-04T01:24:18.796+0000] {logging_mixin.py:149} INFO - [2023-06-04T01:24:18.796+0000] {dag.py:3490} INFO - Setting next_dagrun for example_xcom_args_with_operators to None, run_after=None
[2023-06-04T01:24:18.825+0000] {processor.py:179} INFO - Processing /home/airflow/.local/lib/python3.7/site-packages/airflow/example_dags/example_xcomargs.py took 0.143 seconds
[2023-06-04T01:24:49.532+0000] {processor.py:157} INFO - Started process (PID=669) to work on /home/airflow/.local/lib/python3.7/site-packages/airflow/example_dags/example_xcomargs.py
[2023-06-04T01:24:49.534+0000] {processor.py:826} INFO - Processing file /home/airflow/.local/lib/python3.7/site-packages/airflow/example_dags/example_xcomargs.py for tasks to queue
[2023-06-04T01:24:49.536+0000] {logging_mixin.py:149} INFO - [2023-06-04T01:24:49.536+0000] {dagbag.py:541} INFO - Filling up the DagBag from /home/airflow/.local/lib/python3.7/site-packages/airflow/example_dags/example_xcomargs.py
[2023-06-04T01:24:49.552+0000] {processor.py:836} INFO - DAG(s) dict_keys(['example_xcom_args', 'example_xcom_args_with_operators']) retrieved from /home/airflow/.local/lib/python3.7/site-packages/airflow/example_dags/example_xcomargs.py
[2023-06-04T01:24:49.604+0000] {logging_mixin.py:149} INFO - [2023-06-04T01:24:49.604+0000] {dag.py:2726} INFO - Sync 2 DAGs
[2023-06-04T01:24:49.643+0000] {logging_mixin.py:149} INFO - [2023-06-04T01:24:49.642+0000] {dag.py:3490} INFO - Setting next_dagrun for example_xcom_args to None, run_after=None
[2023-06-04T01:24:49.651+0000] {logging_mixin.py:149} INFO - [2023-06-04T01:24:49.651+0000] {dag.py:3490} INFO - Setting next_dagrun for example_xcom_args_with_operators to None, run_after=None
[2023-06-04T01:24:49.675+0000] {processor.py:179} INFO - Processing /home/airflow/.local/lib/python3.7/site-packages/airflow/example_dags/example_xcomargs.py took 0.149 seconds
[2023-06-04T01:25:20.481+0000] {processor.py:157} INFO - Started process (PID=748) to work on /home/airflow/.local/lib/python3.7/site-packages/airflow/example_dags/example_xcomargs.py
[2023-06-04T01:25:20.484+0000] {processor.py:826} INFO - Processing file /home/airflow/.local/lib/python3.7/site-packages/airflow/example_dags/example_xcomargs.py for tasks to queue
[2023-06-04T01:25:20.486+0000] {logging_mixin.py:149} INFO - [2023-06-04T01:25:20.486+0000] {dagbag.py:541} INFO - Filling up the DagBag from /home/airflow/.local/lib/python3.7/site-packages/airflow/example_dags/example_xcomargs.py
[2023-06-04T01:25:20.501+0000] {processor.py:836} INFO - DAG(s) dict_keys(['example_xcom_args_with_operators', 'example_xcom_args']) retrieved from /home/airflow/.local/lib/python3.7/site-packages/airflow/example_dags/example_xcomargs.py
[2023-06-04T01:25:20.552+0000] {logging_mixin.py:149} INFO - [2023-06-04T01:25:20.552+0000] {dag.py:2726} INFO - Sync 2 DAGs
[2023-06-04T01:25:20.589+0000] {logging_mixin.py:149} INFO - [2023-06-04T01:25:20.589+0000] {dag.py:3490} INFO - Setting next_dagrun for example_xcom_args to None, run_after=None
[2023-06-04T01:25:20.597+0000] {logging_mixin.py:149} INFO - [2023-06-04T01:25:20.597+0000] {dag.py:3490} INFO - Setting next_dagrun for example_xcom_args_with_operators to None, run_after=None
[2023-06-04T01:25:20.621+0000] {processor.py:179} INFO - Processing /home/airflow/.local/lib/python3.7/site-packages/airflow/example_dags/example_xcomargs.py took 0.145 seconds
[2023-06-04T01:25:51.755+0000] {processor.py:157} INFO - Started process (PID=818) to work on /home/airflow/.local/lib/python3.7/site-packages/airflow/example_dags/example_xcomargs.py
[2023-06-04T01:25:51.757+0000] {processor.py:826} INFO - Processing file /home/airflow/.local/lib/python3.7/site-packages/airflow/example_dags/example_xcomargs.py for tasks to queue
[2023-06-04T01:25:51.759+0000] {logging_mixin.py:149} INFO - [2023-06-04T01:25:51.759+0000] {dagbag.py:541} INFO - Filling up the DagBag from /home/airflow/.local/lib/python3.7/site-packages/airflow/example_dags/example_xcomargs.py
[2023-06-04T01:25:51.773+0000] {processor.py:836} INFO - DAG(s) dict_keys(['example_xcom_args', 'example_xcom_args_with_operators']) retrieved from /home/airflow/.local/lib/python3.7/site-packages/airflow/example_dags/example_xcomargs.py
[2023-06-04T01:25:51.813+0000] {logging_mixin.py:149} INFO - [2023-06-04T01:25:51.812+0000] {dag.py:2726} INFO - Sync 2 DAGs
[2023-06-04T01:25:51.849+0000] {logging_mixin.py:149} INFO - [2023-06-04T01:25:51.849+0000] {dag.py:3490} INFO - Setting next_dagrun for example_xcom_args to None, run_after=None
[2023-06-04T01:25:51.855+0000] {logging_mixin.py:149} INFO - [2023-06-04T01:25:51.855+0000] {dag.py:3490} INFO - Setting next_dagrun for example_xcom_args_with_operators to None, run_after=None
[2023-06-04T01:25:51.879+0000] {processor.py:179} INFO - Processing /home/airflow/.local/lib/python3.7/site-packages/airflow/example_dags/example_xcomargs.py took 0.129 seconds
