[2023-06-04T00:36:53.332+0000] {processor.py:156} INFO - Started process (PID=54) to work on /home/airflow/.local/lib/python3.7/site-packages/airflow/example_dags/example_branch_day_of_week_operator.py
[2023-06-04T00:36:53.335+0000] {processor.py:758} INFO - Processing file /home/airflow/.local/lib/python3.7/site-packages/airflow/example_dags/example_branch_day_of_week_operator.py for tasks to queue
[2023-06-04T00:36:53.337+0000] {logging_mixin.py:117} INFO - [2023-06-04T00:36:53.337+0000] {dagbag.py:525} INFO - Filling up the DagBag from /home/airflow/.local/lib/python3.7/site-packages/airflow/example_dags/example_branch_day_of_week_operator.py
[2023-06-04T00:36:53.380+0000] {processor.py:768} INFO - DAG(s) dict_keys(['example_weekday_branch_operator']) retrieved from /home/airflow/.local/lib/python3.7/site-packages/airflow/example_dags/example_branch_day_of_week_operator.py
[2023-06-04T00:36:53.594+0000] {logging_mixin.py:117} INFO - [2023-06-04T00:36:53.594+0000] {manager.py:507} INFO - Created Permission View: can delete on DAG:example_weekday_branch_operator
[2023-06-04T00:36:53.612+0000] {logging_mixin.py:117} INFO - [2023-06-04T00:36:53.612+0000] {manager.py:507} INFO - Created Permission View: can read on DAG:example_weekday_branch_operator
[2023-06-04T00:36:53.627+0000] {logging_mixin.py:117} INFO - [2023-06-04T00:36:53.627+0000] {manager.py:507} INFO - Created Permission View: can edit on DAG:example_weekday_branch_operator
[2023-06-04T00:36:53.630+0000] {logging_mixin.py:117} INFO - [2023-06-04T00:36:53.630+0000] {dag.py:2573} INFO - Sync 1 DAGs
[2023-06-04T00:36:53.654+0000] {logging_mixin.py:117} INFO - [2023-06-04T00:36:53.654+0000] {dag.py:2594} INFO - Creating ORM DAG for example_weekday_branch_operator
[2023-06-04T00:36:53.675+0000] {logging_mixin.py:117} INFO - [2023-06-04T00:36:53.675+0000] {dag.py:3328} INFO - Setting next_dagrun for example_weekday_branch_operator to 2023-06-03T00:00:00+00:00, run_after=2023-06-04T00:00:00+00:00
[2023-06-04T00:36:53.703+0000] {processor.py:178} INFO - Processing /home/airflow/.local/lib/python3.7/site-packages/airflow/example_dags/example_branch_day_of_week_operator.py took 0.376 seconds
[2023-06-04T00:37:23.768+0000] {processor.py:156} INFO - Started process (PID=108) to work on /home/airflow/.local/lib/python3.7/site-packages/airflow/example_dags/example_branch_day_of_week_operator.py
[2023-06-04T00:37:23.770+0000] {processor.py:758} INFO - Processing file /home/airflow/.local/lib/python3.7/site-packages/airflow/example_dags/example_branch_day_of_week_operator.py for tasks to queue
[2023-06-04T00:37:23.771+0000] {logging_mixin.py:117} INFO - [2023-06-04T00:37:23.771+0000] {dagbag.py:525} INFO - Filling up the DagBag from /home/airflow/.local/lib/python3.7/site-packages/airflow/example_dags/example_branch_day_of_week_operator.py
[2023-06-04T00:37:23.793+0000] {processor.py:768} INFO - DAG(s) dict_keys(['example_weekday_branch_operator']) retrieved from /home/airflow/.local/lib/python3.7/site-packages/airflow/example_dags/example_branch_day_of_week_operator.py
[2023-06-04T00:37:23.852+0000] {logging_mixin.py:117} INFO - [2023-06-04T00:37:23.852+0000] {dag.py:2573} INFO - Sync 1 DAGs
[2023-06-04T00:37:23.887+0000] {logging_mixin.py:117} INFO - [2023-06-04T00:37:23.887+0000] {dag.py:3328} INFO - Setting next_dagrun for example_weekday_branch_operator to 2023-06-03T00:00:00+00:00, run_after=2023-06-04T00:00:00+00:00
[2023-06-04T00:37:23.915+0000] {processor.py:178} INFO - Processing /home/airflow/.local/lib/python3.7/site-packages/airflow/example_dags/example_branch_day_of_week_operator.py took 0.151 seconds
[2023-06-04T00:37:54.149+0000] {processor.py:156} INFO - Started process (PID=171) to work on /home/airflow/.local/lib/python3.7/site-packages/airflow/example_dags/example_branch_day_of_week_operator.py
[2023-06-04T00:37:54.152+0000] {processor.py:758} INFO - Processing file /home/airflow/.local/lib/python3.7/site-packages/airflow/example_dags/example_branch_day_of_week_operator.py for tasks to queue
[2023-06-04T00:37:54.153+0000] {logging_mixin.py:117} INFO - [2023-06-04T00:37:54.153+0000] {dagbag.py:525} INFO - Filling up the DagBag from /home/airflow/.local/lib/python3.7/site-packages/airflow/example_dags/example_branch_day_of_week_operator.py
[2023-06-04T00:37:54.177+0000] {processor.py:768} INFO - DAG(s) dict_keys(['example_weekday_branch_operator']) retrieved from /home/airflow/.local/lib/python3.7/site-packages/airflow/example_dags/example_branch_day_of_week_operator.py
[2023-06-04T00:37:54.230+0000] {logging_mixin.py:117} INFO - [2023-06-04T00:37:54.230+0000] {dag.py:2573} INFO - Sync 1 DAGs
[2023-06-04T00:37:54.263+0000] {logging_mixin.py:117} INFO - [2023-06-04T00:37:54.263+0000] {dag.py:3328} INFO - Setting next_dagrun for example_weekday_branch_operator to 2023-06-03T00:00:00+00:00, run_after=2023-06-04T00:00:00+00:00
[2023-06-04T00:37:54.286+0000] {processor.py:178} INFO - Processing /home/airflow/.local/lib/python3.7/site-packages/airflow/example_dags/example_branch_day_of_week_operator.py took 0.141 seconds
[2023-06-04T00:38:24.623+0000] {processor.py:156} INFO - Started process (PID=234) to work on /home/airflow/.local/lib/python3.7/site-packages/airflow/example_dags/example_branch_day_of_week_operator.py
[2023-06-04T00:38:24.625+0000] {processor.py:758} INFO - Processing file /home/airflow/.local/lib/python3.7/site-packages/airflow/example_dags/example_branch_day_of_week_operator.py for tasks to queue
[2023-06-04T00:38:24.627+0000] {logging_mixin.py:117} INFO - [2023-06-04T00:38:24.627+0000] {dagbag.py:525} INFO - Filling up the DagBag from /home/airflow/.local/lib/python3.7/site-packages/airflow/example_dags/example_branch_day_of_week_operator.py
[2023-06-04T00:38:24.650+0000] {processor.py:768} INFO - DAG(s) dict_keys(['example_weekday_branch_operator']) retrieved from /home/airflow/.local/lib/python3.7/site-packages/airflow/example_dags/example_branch_day_of_week_operator.py
[2023-06-04T00:38:24.706+0000] {logging_mixin.py:117} INFO - [2023-06-04T00:38:24.706+0000] {dag.py:2573} INFO - Sync 1 DAGs
[2023-06-04T00:38:24.745+0000] {logging_mixin.py:117} INFO - [2023-06-04T00:38:24.745+0000] {dag.py:3328} INFO - Setting next_dagrun for example_weekday_branch_operator to 2023-06-03T00:00:00+00:00, run_after=2023-06-04T00:00:00+00:00
[2023-06-04T00:38:24.772+0000] {processor.py:178} INFO - Processing /home/airflow/.local/lib/python3.7/site-packages/airflow/example_dags/example_branch_day_of_week_operator.py took 0.153 seconds
[2023-06-04T00:38:55.200+0000] {processor.py:156} INFO - Started process (PID=288) to work on /home/airflow/.local/lib/python3.7/site-packages/airflow/example_dags/example_branch_day_of_week_operator.py
[2023-06-04T00:38:55.202+0000] {processor.py:758} INFO - Processing file /home/airflow/.local/lib/python3.7/site-packages/airflow/example_dags/example_branch_day_of_week_operator.py for tasks to queue
[2023-06-04T00:38:55.204+0000] {logging_mixin.py:117} INFO - [2023-06-04T00:38:55.204+0000] {dagbag.py:525} INFO - Filling up the DagBag from /home/airflow/.local/lib/python3.7/site-packages/airflow/example_dags/example_branch_day_of_week_operator.py
[2023-06-04T00:38:55.226+0000] {processor.py:768} INFO - DAG(s) dict_keys(['example_weekday_branch_operator']) retrieved from /home/airflow/.local/lib/python3.7/site-packages/airflow/example_dags/example_branch_day_of_week_operator.py
[2023-06-04T00:38:55.280+0000] {logging_mixin.py:117} INFO - [2023-06-04T00:38:55.280+0000] {dag.py:2573} INFO - Sync 1 DAGs
[2023-06-04T00:38:55.315+0000] {logging_mixin.py:117} INFO - [2023-06-04T00:38:55.315+0000] {dag.py:3328} INFO - Setting next_dagrun for example_weekday_branch_operator to 2023-06-03T00:00:00+00:00, run_after=2023-06-04T00:00:00+00:00
[2023-06-04T00:38:55.340+0000] {processor.py:178} INFO - Processing /home/airflow/.local/lib/python3.7/site-packages/airflow/example_dags/example_branch_day_of_week_operator.py took 0.145 seconds
[2023-06-04T00:59:46.665+0000] {processor.py:156} INFO - Started process (PID=55) to work on /home/airflow/.local/lib/python3.7/site-packages/airflow/example_dags/example_branch_day_of_week_operator.py
[2023-06-04T00:59:46.668+0000] {processor.py:758} INFO - Processing file /home/airflow/.local/lib/python3.7/site-packages/airflow/example_dags/example_branch_day_of_week_operator.py for tasks to queue
[2023-06-04T00:59:46.679+0000] {logging_mixin.py:117} INFO - [2023-06-04T00:59:46.679+0000] {dagbag.py:525} INFO - Filling up the DagBag from /home/airflow/.local/lib/python3.7/site-packages/airflow/example_dags/example_branch_day_of_week_operator.py
[2023-06-04T00:59:46.747+0000] {processor.py:768} INFO - DAG(s) dict_keys(['example_weekday_branch_operator']) retrieved from /home/airflow/.local/lib/python3.7/site-packages/airflow/example_dags/example_branch_day_of_week_operator.py
[2023-06-04T00:59:46.860+0000] {logging_mixin.py:117} INFO - [2023-06-04T00:59:46.860+0000] {dag.py:2573} INFO - Sync 1 DAGs
[2023-06-04T00:59:46.958+0000] {logging_mixin.py:117} INFO - [2023-06-04T00:59:46.958+0000] {dag.py:3328} INFO - Setting next_dagrun for example_weekday_branch_operator to 2023-06-03T00:00:00+00:00, run_after=2023-06-04T00:00:00+00:00
[2023-06-04T00:59:47.021+0000] {processor.py:178} INFO - Processing /home/airflow/.local/lib/python3.7/site-packages/airflow/example_dags/example_branch_day_of_week_operator.py took 0.370 seconds
[2023-06-04T01:00:17.674+0000] {processor.py:156} INFO - Started process (PID=109) to work on /home/airflow/.local/lib/python3.7/site-packages/airflow/example_dags/example_branch_day_of_week_operator.py
[2023-06-04T01:00:17.680+0000] {processor.py:758} INFO - Processing file /home/airflow/.local/lib/python3.7/site-packages/airflow/example_dags/example_branch_day_of_week_operator.py for tasks to queue
[2023-06-04T01:00:17.684+0000] {logging_mixin.py:117} INFO - [2023-06-04T01:00:17.683+0000] {dagbag.py:525} INFO - Filling up the DagBag from /home/airflow/.local/lib/python3.7/site-packages/airflow/example_dags/example_branch_day_of_week_operator.py
[2023-06-04T01:00:17.756+0000] {processor.py:768} INFO - DAG(s) dict_keys(['example_weekday_branch_operator']) retrieved from /home/airflow/.local/lib/python3.7/site-packages/airflow/example_dags/example_branch_day_of_week_operator.py
[2023-06-04T01:00:17.845+0000] {logging_mixin.py:117} INFO - [2023-06-04T01:00:17.845+0000] {dag.py:2573} INFO - Sync 1 DAGs
[2023-06-04T01:00:17.899+0000] {logging_mixin.py:117} INFO - [2023-06-04T01:00:17.899+0000] {dag.py:3328} INFO - Setting next_dagrun for example_weekday_branch_operator to 2023-06-03T00:00:00+00:00, run_after=2023-06-04T00:00:00+00:00
[2023-06-04T01:00:17.935+0000] {processor.py:178} INFO - Processing /home/airflow/.local/lib/python3.7/site-packages/airflow/example_dags/example_branch_day_of_week_operator.py took 0.276 seconds
[2023-06-04T01:00:48.068+0000] {processor.py:156} INFO - Started process (PID=173) to work on /home/airflow/.local/lib/python3.7/site-packages/airflow/example_dags/example_branch_day_of_week_operator.py
[2023-06-04T01:00:48.071+0000] {processor.py:758} INFO - Processing file /home/airflow/.local/lib/python3.7/site-packages/airflow/example_dags/example_branch_day_of_week_operator.py for tasks to queue
[2023-06-04T01:00:48.073+0000] {logging_mixin.py:117} INFO - [2023-06-04T01:00:48.073+0000] {dagbag.py:525} INFO - Filling up the DagBag from /home/airflow/.local/lib/python3.7/site-packages/airflow/example_dags/example_branch_day_of_week_operator.py
[2023-06-04T01:00:48.108+0000] {processor.py:768} INFO - DAG(s) dict_keys(['example_weekday_branch_operator']) retrieved from /home/airflow/.local/lib/python3.7/site-packages/airflow/example_dags/example_branch_day_of_week_operator.py
[2023-06-04T01:00:48.201+0000] {logging_mixin.py:117} INFO - [2023-06-04T01:00:48.201+0000] {dag.py:2573} INFO - Sync 1 DAGs
[2023-06-04T01:00:48.259+0000] {logging_mixin.py:117} INFO - [2023-06-04T01:00:48.259+0000] {dag.py:3328} INFO - Setting next_dagrun for example_weekday_branch_operator to 2023-06-03T00:00:00+00:00, run_after=2023-06-04T00:00:00+00:00
[2023-06-04T01:00:48.290+0000] {processor.py:178} INFO - Processing /home/airflow/.local/lib/python3.7/site-packages/airflow/example_dags/example_branch_day_of_week_operator.py took 0.227 seconds
[2023-06-04T01:01:18.743+0000] {processor.py:156} INFO - Started process (PID=236) to work on /home/airflow/.local/lib/python3.7/site-packages/airflow/example_dags/example_branch_day_of_week_operator.py
[2023-06-04T01:01:18.747+0000] {processor.py:758} INFO - Processing file /home/airflow/.local/lib/python3.7/site-packages/airflow/example_dags/example_branch_day_of_week_operator.py for tasks to queue
[2023-06-04T01:01:18.749+0000] {logging_mixin.py:117} INFO - [2023-06-04T01:01:18.749+0000] {dagbag.py:525} INFO - Filling up the DagBag from /home/airflow/.local/lib/python3.7/site-packages/airflow/example_dags/example_branch_day_of_week_operator.py
[2023-06-04T01:01:18.777+0000] {processor.py:768} INFO - DAG(s) dict_keys(['example_weekday_branch_operator']) retrieved from /home/airflow/.local/lib/python3.7/site-packages/airflow/example_dags/example_branch_day_of_week_operator.py
[2023-06-04T01:01:18.851+0000] {logging_mixin.py:117} INFO - [2023-06-04T01:01:18.850+0000] {dag.py:2573} INFO - Sync 1 DAGs
[2023-06-04T01:01:18.902+0000] {logging_mixin.py:117} INFO - [2023-06-04T01:01:18.902+0000] {dag.py:3328} INFO - Setting next_dagrun for example_weekday_branch_operator to 2023-06-03T00:00:00+00:00, run_after=2023-06-04T00:00:00+00:00
[2023-06-04T01:01:18.932+0000] {processor.py:178} INFO - Processing /home/airflow/.local/lib/python3.7/site-packages/airflow/example_dags/example_branch_day_of_week_operator.py took 0.196 seconds
[2023-06-04T01:01:49.144+0000] {processor.py:156} INFO - Started process (PID=290) to work on /home/airflow/.local/lib/python3.7/site-packages/airflow/example_dags/example_branch_day_of_week_operator.py
[2023-06-04T01:01:49.146+0000] {processor.py:758} INFO - Processing file /home/airflow/.local/lib/python3.7/site-packages/airflow/example_dags/example_branch_day_of_week_operator.py for tasks to queue
[2023-06-04T01:01:49.151+0000] {logging_mixin.py:117} INFO - [2023-06-04T01:01:49.150+0000] {dagbag.py:525} INFO - Filling up the DagBag from /home/airflow/.local/lib/python3.7/site-packages/airflow/example_dags/example_branch_day_of_week_operator.py
[2023-06-04T01:01:49.181+0000] {processor.py:768} INFO - DAG(s) dict_keys(['example_weekday_branch_operator']) retrieved from /home/airflow/.local/lib/python3.7/site-packages/airflow/example_dags/example_branch_day_of_week_operator.py
[2023-06-04T01:01:49.254+0000] {logging_mixin.py:117} INFO - [2023-06-04T01:01:49.254+0000] {dag.py:2573} INFO - Sync 1 DAGs
[2023-06-04T01:01:49.295+0000] {logging_mixin.py:117} INFO - [2023-06-04T01:01:49.295+0000] {dag.py:3328} INFO - Setting next_dagrun for example_weekday_branch_operator to 2023-06-03T00:00:00+00:00, run_after=2023-06-04T00:00:00+00:00
[2023-06-04T01:01:49.321+0000] {processor.py:178} INFO - Processing /home/airflow/.local/lib/python3.7/site-packages/airflow/example_dags/example_branch_day_of_week_operator.py took 0.183 seconds
[2023-06-04T01:02:19.497+0000] {processor.py:156} INFO - Started process (PID=353) to work on /home/airflow/.local/lib/python3.7/site-packages/airflow/example_dags/example_branch_day_of_week_operator.py
[2023-06-04T01:02:19.499+0000] {processor.py:758} INFO - Processing file /home/airflow/.local/lib/python3.7/site-packages/airflow/example_dags/example_branch_day_of_week_operator.py for tasks to queue
[2023-06-04T01:02:19.500+0000] {logging_mixin.py:117} INFO - [2023-06-04T01:02:19.500+0000] {dagbag.py:525} INFO - Filling up the DagBag from /home/airflow/.local/lib/python3.7/site-packages/airflow/example_dags/example_branch_day_of_week_operator.py
[2023-06-04T01:02:19.522+0000] {processor.py:768} INFO - DAG(s) dict_keys(['example_weekday_branch_operator']) retrieved from /home/airflow/.local/lib/python3.7/site-packages/airflow/example_dags/example_branch_day_of_week_operator.py
[2023-06-04T01:02:19.578+0000] {logging_mixin.py:117} INFO - [2023-06-04T01:02:19.577+0000] {dag.py:2573} INFO - Sync 1 DAGs
[2023-06-04T01:02:19.617+0000] {logging_mixin.py:117} INFO - [2023-06-04T01:02:19.617+0000] {dag.py:3328} INFO - Setting next_dagrun for example_weekday_branch_operator to 2023-06-03T00:00:00+00:00, run_after=2023-06-04T00:00:00+00:00
[2023-06-04T01:02:19.646+0000] {processor.py:178} INFO - Processing /home/airflow/.local/lib/python3.7/site-packages/airflow/example_dags/example_branch_day_of_week_operator.py took 0.154 seconds
[2023-06-04T01:02:49.955+0000] {processor.py:156} INFO - Started process (PID=416) to work on /home/airflow/.local/lib/python3.7/site-packages/airflow/example_dags/example_branch_day_of_week_operator.py
[2023-06-04T01:02:49.959+0000] {processor.py:758} INFO - Processing file /home/airflow/.local/lib/python3.7/site-packages/airflow/example_dags/example_branch_day_of_week_operator.py for tasks to queue
[2023-06-04T01:02:49.963+0000] {logging_mixin.py:117} INFO - [2023-06-04T01:02:49.963+0000] {dagbag.py:525} INFO - Filling up the DagBag from /home/airflow/.local/lib/python3.7/site-packages/airflow/example_dags/example_branch_day_of_week_operator.py
[2023-06-04T01:02:49.989+0000] {processor.py:768} INFO - DAG(s) dict_keys(['example_weekday_branch_operator']) retrieved from /home/airflow/.local/lib/python3.7/site-packages/airflow/example_dags/example_branch_day_of_week_operator.py
[2023-06-04T01:02:50.054+0000] {logging_mixin.py:117} INFO - [2023-06-04T01:02:50.053+0000] {dag.py:2573} INFO - Sync 1 DAGs
[2023-06-04T01:02:50.093+0000] {logging_mixin.py:117} INFO - [2023-06-04T01:02:50.093+0000] {dag.py:3328} INFO - Setting next_dagrun for example_weekday_branch_operator to 2023-06-03T00:00:00+00:00, run_after=2023-06-04T00:00:00+00:00
[2023-06-04T01:02:50.122+0000] {processor.py:178} INFO - Processing /home/airflow/.local/lib/python3.7/site-packages/airflow/example_dags/example_branch_day_of_week_operator.py took 0.171 seconds
[2023-06-04T01:03:20.494+0000] {processor.py:156} INFO - Started process (PID=470) to work on /home/airflow/.local/lib/python3.7/site-packages/airflow/example_dags/example_branch_day_of_week_operator.py
[2023-06-04T01:03:20.498+0000] {processor.py:758} INFO - Processing file /home/airflow/.local/lib/python3.7/site-packages/airflow/example_dags/example_branch_day_of_week_operator.py for tasks to queue
[2023-06-04T01:03:20.501+0000] {logging_mixin.py:117} INFO - [2023-06-04T01:03:20.501+0000] {dagbag.py:525} INFO - Filling up the DagBag from /home/airflow/.local/lib/python3.7/site-packages/airflow/example_dags/example_branch_day_of_week_operator.py
[2023-06-04T01:03:20.542+0000] {processor.py:768} INFO - DAG(s) dict_keys(['example_weekday_branch_operator']) retrieved from /home/airflow/.local/lib/python3.7/site-packages/airflow/example_dags/example_branch_day_of_week_operator.py
[2023-06-04T01:03:20.608+0000] {logging_mixin.py:117} INFO - [2023-06-04T01:03:20.608+0000] {dag.py:2573} INFO - Sync 1 DAGs
[2023-06-04T01:03:20.651+0000] {logging_mixin.py:117} INFO - [2023-06-04T01:03:20.651+0000] {dag.py:3328} INFO - Setting next_dagrun for example_weekday_branch_operator to 2023-06-03T00:00:00+00:00, run_after=2023-06-04T00:00:00+00:00
[2023-06-04T01:03:20.679+0000] {processor.py:178} INFO - Processing /home/airflow/.local/lib/python3.7/site-packages/airflow/example_dags/example_branch_day_of_week_operator.py took 0.190 seconds
[2023-06-04T01:03:50.865+0000] {processor.py:156} INFO - Started process (PID=533) to work on /home/airflow/.local/lib/python3.7/site-packages/airflow/example_dags/example_branch_day_of_week_operator.py
[2023-06-04T01:03:50.867+0000] {processor.py:758} INFO - Processing file /home/airflow/.local/lib/python3.7/site-packages/airflow/example_dags/example_branch_day_of_week_operator.py for tasks to queue
[2023-06-04T01:03:50.869+0000] {logging_mixin.py:117} INFO - [2023-06-04T01:03:50.869+0000] {dagbag.py:525} INFO - Filling up the DagBag from /home/airflow/.local/lib/python3.7/site-packages/airflow/example_dags/example_branch_day_of_week_operator.py
[2023-06-04T01:03:50.891+0000] {processor.py:768} INFO - DAG(s) dict_keys(['example_weekday_branch_operator']) retrieved from /home/airflow/.local/lib/python3.7/site-packages/airflow/example_dags/example_branch_day_of_week_operator.py
[2023-06-04T01:03:50.946+0000] {logging_mixin.py:117} INFO - [2023-06-04T01:03:50.946+0000] {dag.py:2573} INFO - Sync 1 DAGs
[2023-06-04T01:03:50.984+0000] {logging_mixin.py:117} INFO - [2023-06-04T01:03:50.984+0000] {dag.py:3328} INFO - Setting next_dagrun for example_weekday_branch_operator to 2023-06-03T00:00:00+00:00, run_after=2023-06-04T00:00:00+00:00
[2023-06-04T01:03:51.013+0000] {processor.py:178} INFO - Processing /home/airflow/.local/lib/python3.7/site-packages/airflow/example_dags/example_branch_day_of_week_operator.py took 0.152 seconds
[2023-06-04T01:04:21.430+0000] {processor.py:156} INFO - Started process (PID=596) to work on /home/airflow/.local/lib/python3.7/site-packages/airflow/example_dags/example_branch_day_of_week_operator.py
[2023-06-04T01:04:21.432+0000] {processor.py:758} INFO - Processing file /home/airflow/.local/lib/python3.7/site-packages/airflow/example_dags/example_branch_day_of_week_operator.py for tasks to queue
[2023-06-04T01:04:21.435+0000] {logging_mixin.py:117} INFO - [2023-06-04T01:04:21.434+0000] {dagbag.py:525} INFO - Filling up the DagBag from /home/airflow/.local/lib/python3.7/site-packages/airflow/example_dags/example_branch_day_of_week_operator.py
[2023-06-04T01:04:21.459+0000] {processor.py:768} INFO - DAG(s) dict_keys(['example_weekday_branch_operator']) retrieved from /home/airflow/.local/lib/python3.7/site-packages/airflow/example_dags/example_branch_day_of_week_operator.py
[2023-06-04T01:04:21.512+0000] {logging_mixin.py:117} INFO - [2023-06-04T01:04:21.512+0000] {dag.py:2573} INFO - Sync 1 DAGs
[2023-06-04T01:04:21.548+0000] {logging_mixin.py:117} INFO - [2023-06-04T01:04:21.547+0000] {dag.py:3328} INFO - Setting next_dagrun for example_weekday_branch_operator to 2023-06-03T00:00:00+00:00, run_after=2023-06-04T00:00:00+00:00
[2023-06-04T01:04:21.573+0000] {processor.py:178} INFO - Processing /home/airflow/.local/lib/python3.7/site-packages/airflow/example_dags/example_branch_day_of_week_operator.py took 0.149 seconds
[2023-06-04T01:04:52.205+0000] {processor.py:156} INFO - Started process (PID=651) to work on /home/airflow/.local/lib/python3.7/site-packages/airflow/example_dags/example_branch_day_of_week_operator.py
[2023-06-04T01:04:52.208+0000] {processor.py:758} INFO - Processing file /home/airflow/.local/lib/python3.7/site-packages/airflow/example_dags/example_branch_day_of_week_operator.py for tasks to queue
[2023-06-04T01:04:52.210+0000] {logging_mixin.py:117} INFO - [2023-06-04T01:04:52.210+0000] {dagbag.py:525} INFO - Filling up the DagBag from /home/airflow/.local/lib/python3.7/site-packages/airflow/example_dags/example_branch_day_of_week_operator.py
[2023-06-04T01:04:52.240+0000] {processor.py:768} INFO - DAG(s) dict_keys(['example_weekday_branch_operator']) retrieved from /home/airflow/.local/lib/python3.7/site-packages/airflow/example_dags/example_branch_day_of_week_operator.py
[2023-06-04T01:04:52.298+0000] {logging_mixin.py:117} INFO - [2023-06-04T01:04:52.298+0000] {dag.py:2573} INFO - Sync 1 DAGs
[2023-06-04T01:04:52.335+0000] {logging_mixin.py:117} INFO - [2023-06-04T01:04:52.335+0000] {dag.py:3328} INFO - Setting next_dagrun for example_weekday_branch_operator to 2023-06-03T00:00:00+00:00, run_after=2023-06-04T00:00:00+00:00
[2023-06-04T01:04:52.361+0000] {processor.py:178} INFO - Processing /home/airflow/.local/lib/python3.7/site-packages/airflow/example_dags/example_branch_day_of_week_operator.py took 0.161 seconds
[2023-06-04T01:05:57.369+0000] {processor.py:156} INFO - Started process (PID=57) to work on /home/airflow/.local/lib/python3.7/site-packages/airflow/example_dags/example_branch_day_of_week_operator.py
[2023-06-04T01:05:57.373+0000] {processor.py:758} INFO - Processing file /home/airflow/.local/lib/python3.7/site-packages/airflow/example_dags/example_branch_day_of_week_operator.py for tasks to queue
[2023-06-04T01:05:57.376+0000] {logging_mixin.py:117} INFO - [2023-06-04T01:05:57.376+0000] {dagbag.py:525} INFO - Filling up the DagBag from /home/airflow/.local/lib/python3.7/site-packages/airflow/example_dags/example_branch_day_of_week_operator.py
[2023-06-04T01:05:57.489+0000] {processor.py:768} INFO - DAG(s) dict_keys(['example_weekday_branch_operator']) retrieved from /home/airflow/.local/lib/python3.7/site-packages/airflow/example_dags/example_branch_day_of_week_operator.py
[2023-06-04T01:05:57.611+0000] {logging_mixin.py:117} INFO - [2023-06-04T01:05:57.611+0000] {dag.py:2573} INFO - Sync 1 DAGs
[2023-06-04T01:05:57.711+0000] {logging_mixin.py:117} INFO - [2023-06-04T01:05:57.711+0000] {dag.py:3328} INFO - Setting next_dagrun for example_weekday_branch_operator to 2023-06-03T00:00:00+00:00, run_after=2023-06-04T00:00:00+00:00
[2023-06-04T01:05:57.751+0000] {processor.py:178} INFO - Processing /home/airflow/.local/lib/python3.7/site-packages/airflow/example_dags/example_branch_day_of_week_operator.py took 0.390 seconds
[2023-06-04T01:06:27.807+0000] {processor.py:156} INFO - Started process (PID=112) to work on /home/airflow/.local/lib/python3.7/site-packages/airflow/example_dags/example_branch_day_of_week_operator.py
[2023-06-04T01:06:27.809+0000] {processor.py:758} INFO - Processing file /home/airflow/.local/lib/python3.7/site-packages/airflow/example_dags/example_branch_day_of_week_operator.py for tasks to queue
[2023-06-04T01:06:27.811+0000] {logging_mixin.py:117} INFO - [2023-06-04T01:06:27.811+0000] {dagbag.py:525} INFO - Filling up the DagBag from /home/airflow/.local/lib/python3.7/site-packages/airflow/example_dags/example_branch_day_of_week_operator.py
[2023-06-04T01:06:27.833+0000] {processor.py:768} INFO - DAG(s) dict_keys(['example_weekday_branch_operator']) retrieved from /home/airflow/.local/lib/python3.7/site-packages/airflow/example_dags/example_branch_day_of_week_operator.py
[2023-06-04T01:06:27.891+0000] {logging_mixin.py:117} INFO - [2023-06-04T01:06:27.891+0000] {dag.py:2573} INFO - Sync 1 DAGs
[2023-06-04T01:06:27.927+0000] {logging_mixin.py:117} INFO - [2023-06-04T01:06:27.926+0000] {dag.py:3328} INFO - Setting next_dagrun for example_weekday_branch_operator to 2023-06-03T00:00:00+00:00, run_after=2023-06-04T00:00:00+00:00
[2023-06-04T01:06:27.949+0000] {processor.py:178} INFO - Processing /home/airflow/.local/lib/python3.7/site-packages/airflow/example_dags/example_branch_day_of_week_operator.py took 0.145 seconds
[2023-06-04T01:06:58.560+0000] {processor.py:156} INFO - Started process (PID=178) to work on /home/airflow/.local/lib/python3.7/site-packages/airflow/example_dags/example_branch_day_of_week_operator.py
[2023-06-04T01:06:58.562+0000] {processor.py:758} INFO - Processing file /home/airflow/.local/lib/python3.7/site-packages/airflow/example_dags/example_branch_day_of_week_operator.py for tasks to queue
[2023-06-04T01:06:58.563+0000] {logging_mixin.py:117} INFO - [2023-06-04T01:06:58.563+0000] {dagbag.py:525} INFO - Filling up the DagBag from /home/airflow/.local/lib/python3.7/site-packages/airflow/example_dags/example_branch_day_of_week_operator.py
[2023-06-04T01:06:58.586+0000] {processor.py:768} INFO - DAG(s) dict_keys(['example_weekday_branch_operator']) retrieved from /home/airflow/.local/lib/python3.7/site-packages/airflow/example_dags/example_branch_day_of_week_operator.py
[2023-06-04T01:06:58.639+0000] {logging_mixin.py:117} INFO - [2023-06-04T01:06:58.638+0000] {dag.py:2573} INFO - Sync 1 DAGs
[2023-06-04T01:06:58.672+0000] {logging_mixin.py:117} INFO - [2023-06-04T01:06:58.672+0000] {dag.py:3328} INFO - Setting next_dagrun for example_weekday_branch_operator to 2023-06-03T00:00:00+00:00, run_after=2023-06-04T00:00:00+00:00
[2023-06-04T01:06:58.694+0000] {processor.py:178} INFO - Processing /home/airflow/.local/lib/python3.7/site-packages/airflow/example_dags/example_branch_day_of_week_operator.py took 0.139 seconds
[2023-06-04T01:07:29.304+0000] {processor.py:156} INFO - Started process (PID=242) to work on /home/airflow/.local/lib/python3.7/site-packages/airflow/example_dags/example_branch_day_of_week_operator.py
[2023-06-04T01:07:29.307+0000] {processor.py:758} INFO - Processing file /home/airflow/.local/lib/python3.7/site-packages/airflow/example_dags/example_branch_day_of_week_operator.py for tasks to queue
[2023-06-04T01:07:29.309+0000] {logging_mixin.py:117} INFO - [2023-06-04T01:07:29.308+0000] {dagbag.py:525} INFO - Filling up the DagBag from /home/airflow/.local/lib/python3.7/site-packages/airflow/example_dags/example_branch_day_of_week_operator.py
[2023-06-04T01:07:29.334+0000] {processor.py:768} INFO - DAG(s) dict_keys(['example_weekday_branch_operator']) retrieved from /home/airflow/.local/lib/python3.7/site-packages/airflow/example_dags/example_branch_day_of_week_operator.py
[2023-06-04T01:07:29.392+0000] {logging_mixin.py:117} INFO - [2023-06-04T01:07:29.391+0000] {dag.py:2573} INFO - Sync 1 DAGs
[2023-06-04T01:07:29.427+0000] {logging_mixin.py:117} INFO - [2023-06-04T01:07:29.427+0000] {dag.py:3328} INFO - Setting next_dagrun for example_weekday_branch_operator to 2023-06-03T00:00:00+00:00, run_after=2023-06-04T00:00:00+00:00
[2023-06-04T01:07:29.450+0000] {processor.py:178} INFO - Processing /home/airflow/.local/lib/python3.7/site-packages/airflow/example_dags/example_branch_day_of_week_operator.py took 0.150 seconds
[2023-06-04T01:07:59.993+0000] {processor.py:156} INFO - Started process (PID=297) to work on /home/airflow/.local/lib/python3.7/site-packages/airflow/example_dags/example_branch_day_of_week_operator.py
[2023-06-04T01:07:59.995+0000] {processor.py:758} INFO - Processing file /home/airflow/.local/lib/python3.7/site-packages/airflow/example_dags/example_branch_day_of_week_operator.py for tasks to queue
[2023-06-04T01:07:59.997+0000] {logging_mixin.py:117} INFO - [2023-06-04T01:07:59.997+0000] {dagbag.py:525} INFO - Filling up the DagBag from /home/airflow/.local/lib/python3.7/site-packages/airflow/example_dags/example_branch_day_of_week_operator.py
[2023-06-04T01:08:00.020+0000] {processor.py:768} INFO - DAG(s) dict_keys(['example_weekday_branch_operator']) retrieved from /home/airflow/.local/lib/python3.7/site-packages/airflow/example_dags/example_branch_day_of_week_operator.py
[2023-06-04T01:08:00.073+0000] {logging_mixin.py:117} INFO - [2023-06-04T01:08:00.073+0000] {dag.py:2573} INFO - Sync 1 DAGs
[2023-06-04T01:08:00.105+0000] {logging_mixin.py:117} INFO - [2023-06-04T01:08:00.105+0000] {dag.py:3328} INFO - Setting next_dagrun for example_weekday_branch_operator to 2023-06-03T00:00:00+00:00, run_after=2023-06-04T00:00:00+00:00
[2023-06-04T01:08:00.128+0000] {processor.py:178} INFO - Processing /home/airflow/.local/lib/python3.7/site-packages/airflow/example_dags/example_branch_day_of_week_operator.py took 0.138 seconds
[2023-06-04T01:08:30.794+0000] {processor.py:156} INFO - Started process (PID=361) to work on /home/airflow/.local/lib/python3.7/site-packages/airflow/example_dags/example_branch_day_of_week_operator.py
[2023-06-04T01:08:30.796+0000] {processor.py:758} INFO - Processing file /home/airflow/.local/lib/python3.7/site-packages/airflow/example_dags/example_branch_day_of_week_operator.py for tasks to queue
[2023-06-04T01:08:30.798+0000] {logging_mixin.py:117} INFO - [2023-06-04T01:08:30.798+0000] {dagbag.py:525} INFO - Filling up the DagBag from /home/airflow/.local/lib/python3.7/site-packages/airflow/example_dags/example_branch_day_of_week_operator.py
[2023-06-04T01:08:30.823+0000] {processor.py:768} INFO - DAG(s) dict_keys(['example_weekday_branch_operator']) retrieved from /home/airflow/.local/lib/python3.7/site-packages/airflow/example_dags/example_branch_day_of_week_operator.py
[2023-06-04T01:08:30.880+0000] {logging_mixin.py:117} INFO - [2023-06-04T01:08:30.880+0000] {dag.py:2573} INFO - Sync 1 DAGs
[2023-06-04T01:08:30.914+0000] {logging_mixin.py:117} INFO - [2023-06-04T01:08:30.913+0000] {dag.py:3328} INFO - Setting next_dagrun for example_weekday_branch_operator to 2023-06-03T00:00:00+00:00, run_after=2023-06-04T00:00:00+00:00
[2023-06-04T01:08:30.936+0000] {processor.py:178} INFO - Processing /home/airflow/.local/lib/python3.7/site-packages/airflow/example_dags/example_branch_day_of_week_operator.py took 0.146 seconds
[2023-06-04T01:09:01.661+0000] {processor.py:156} INFO - Started process (PID=425) to work on /home/airflow/.local/lib/python3.7/site-packages/airflow/example_dags/example_branch_day_of_week_operator.py
[2023-06-04T01:09:01.663+0000] {processor.py:758} INFO - Processing file /home/airflow/.local/lib/python3.7/site-packages/airflow/example_dags/example_branch_day_of_week_operator.py for tasks to queue
[2023-06-04T01:09:01.666+0000] {logging_mixin.py:117} INFO - [2023-06-04T01:09:01.666+0000] {dagbag.py:525} INFO - Filling up the DagBag from /home/airflow/.local/lib/python3.7/site-packages/airflow/example_dags/example_branch_day_of_week_operator.py
[2023-06-04T01:09:01.689+0000] {processor.py:768} INFO - DAG(s) dict_keys(['example_weekday_branch_operator']) retrieved from /home/airflow/.local/lib/python3.7/site-packages/airflow/example_dags/example_branch_day_of_week_operator.py
[2023-06-04T01:09:01.745+0000] {logging_mixin.py:117} INFO - [2023-06-04T01:09:01.745+0000] {dag.py:2573} INFO - Sync 1 DAGs
[2023-06-04T01:09:01.780+0000] {logging_mixin.py:117} INFO - [2023-06-04T01:09:01.780+0000] {dag.py:3328} INFO - Setting next_dagrun for example_weekday_branch_operator to 2023-06-03T00:00:00+00:00, run_after=2023-06-04T00:00:00+00:00
[2023-06-04T01:09:01.805+0000] {processor.py:178} INFO - Processing /home/airflow/.local/lib/python3.7/site-packages/airflow/example_dags/example_branch_day_of_week_operator.py took 0.148 seconds
[2023-06-04T01:09:32.666+0000] {processor.py:156} INFO - Started process (PID=489) to work on /home/airflow/.local/lib/python3.7/site-packages/airflow/example_dags/example_branch_day_of_week_operator.py
[2023-06-04T01:09:32.669+0000] {processor.py:758} INFO - Processing file /home/airflow/.local/lib/python3.7/site-packages/airflow/example_dags/example_branch_day_of_week_operator.py for tasks to queue
[2023-06-04T01:09:32.670+0000] {logging_mixin.py:117} INFO - [2023-06-04T01:09:32.670+0000] {dagbag.py:525} INFO - Filling up the DagBag from /home/airflow/.local/lib/python3.7/site-packages/airflow/example_dags/example_branch_day_of_week_operator.py
[2023-06-04T01:09:32.698+0000] {processor.py:768} INFO - DAG(s) dict_keys(['example_weekday_branch_operator']) retrieved from /home/airflow/.local/lib/python3.7/site-packages/airflow/example_dags/example_branch_day_of_week_operator.py
[2023-06-04T01:09:32.765+0000] {logging_mixin.py:117} INFO - [2023-06-04T01:09:32.765+0000] {dag.py:2573} INFO - Sync 1 DAGs
[2023-06-04T01:09:32.812+0000] {logging_mixin.py:117} INFO - [2023-06-04T01:09:32.811+0000] {dag.py:3328} INFO - Setting next_dagrun for example_weekday_branch_operator to 2023-06-03T00:00:00+00:00, run_after=2023-06-04T00:00:00+00:00
[2023-06-04T01:09:32.835+0000] {processor.py:178} INFO - Processing /home/airflow/.local/lib/python3.7/site-packages/airflow/example_dags/example_branch_day_of_week_operator.py took 0.174 seconds
[2023-06-04T01:10:03.548+0000] {processor.py:156} INFO - Started process (PID=544) to work on /home/airflow/.local/lib/python3.7/site-packages/airflow/example_dags/example_branch_day_of_week_operator.py
[2023-06-04T01:10:03.549+0000] {processor.py:758} INFO - Processing file /home/airflow/.local/lib/python3.7/site-packages/airflow/example_dags/example_branch_day_of_week_operator.py for tasks to queue
[2023-06-04T01:10:03.551+0000] {logging_mixin.py:117} INFO - [2023-06-04T01:10:03.551+0000] {dagbag.py:525} INFO - Filling up the DagBag from /home/airflow/.local/lib/python3.7/site-packages/airflow/example_dags/example_branch_day_of_week_operator.py
[2023-06-04T01:10:03.574+0000] {processor.py:768} INFO - DAG(s) dict_keys(['example_weekday_branch_operator']) retrieved from /home/airflow/.local/lib/python3.7/site-packages/airflow/example_dags/example_branch_day_of_week_operator.py
[2023-06-04T01:10:03.629+0000] {logging_mixin.py:117} INFO - [2023-06-04T01:10:03.629+0000] {dag.py:2573} INFO - Sync 1 DAGs
[2023-06-04T01:10:03.663+0000] {logging_mixin.py:117} INFO - [2023-06-04T01:10:03.663+0000] {dag.py:3328} INFO - Setting next_dagrun for example_weekday_branch_operator to 2023-06-03T00:00:00+00:00, run_after=2023-06-04T00:00:00+00:00
[2023-06-04T01:10:03.685+0000] {processor.py:178} INFO - Processing /home/airflow/.local/lib/python3.7/site-packages/airflow/example_dags/example_branch_day_of_week_operator.py took 0.142 seconds
[2023-06-04T01:10:33.890+0000] {processor.py:156} INFO - Started process (PID=608) to work on /home/airflow/.local/lib/python3.7/site-packages/airflow/example_dags/example_branch_day_of_week_operator.py
[2023-06-04T01:10:33.892+0000] {processor.py:758} INFO - Processing file /home/airflow/.local/lib/python3.7/site-packages/airflow/example_dags/example_branch_day_of_week_operator.py for tasks to queue
[2023-06-04T01:10:33.894+0000] {logging_mixin.py:117} INFO - [2023-06-04T01:10:33.894+0000] {dagbag.py:525} INFO - Filling up the DagBag from /home/airflow/.local/lib/python3.7/site-packages/airflow/example_dags/example_branch_day_of_week_operator.py
[2023-06-04T01:10:33.920+0000] {processor.py:768} INFO - DAG(s) dict_keys(['example_weekday_branch_operator']) retrieved from /home/airflow/.local/lib/python3.7/site-packages/airflow/example_dags/example_branch_day_of_week_operator.py
[2023-06-04T01:10:33.985+0000] {logging_mixin.py:117} INFO - [2023-06-04T01:10:33.985+0000] {dag.py:2573} INFO - Sync 1 DAGs
[2023-06-04T01:10:34.027+0000] {logging_mixin.py:117} INFO - [2023-06-04T01:10:34.027+0000] {dag.py:3328} INFO - Setting next_dagrun for example_weekday_branch_operator to 2023-06-03T00:00:00+00:00, run_after=2023-06-04T00:00:00+00:00
[2023-06-04T01:10:34.050+0000] {processor.py:178} INFO - Processing /home/airflow/.local/lib/python3.7/site-packages/airflow/example_dags/example_branch_day_of_week_operator.py took 0.165 seconds
[2023-06-04T01:11:04.754+0000] {processor.py:156} INFO - Started process (PID=672) to work on /home/airflow/.local/lib/python3.7/site-packages/airflow/example_dags/example_branch_day_of_week_operator.py
[2023-06-04T01:11:04.760+0000] {processor.py:758} INFO - Processing file /home/airflow/.local/lib/python3.7/site-packages/airflow/example_dags/example_branch_day_of_week_operator.py for tasks to queue
[2023-06-04T01:11:04.762+0000] {logging_mixin.py:117} INFO - [2023-06-04T01:11:04.762+0000] {dagbag.py:525} INFO - Filling up the DagBag from /home/airflow/.local/lib/python3.7/site-packages/airflow/example_dags/example_branch_day_of_week_operator.py
[2023-06-04T01:11:04.783+0000] {processor.py:768} INFO - DAG(s) dict_keys(['example_weekday_branch_operator']) retrieved from /home/airflow/.local/lib/python3.7/site-packages/airflow/example_dags/example_branch_day_of_week_operator.py
[2023-06-04T01:11:04.833+0000] {logging_mixin.py:117} INFO - [2023-06-04T01:11:04.833+0000] {dag.py:2573} INFO - Sync 1 DAGs
[2023-06-04T01:11:04.867+0000] {logging_mixin.py:117} INFO - [2023-06-04T01:11:04.867+0000] {dag.py:3328} INFO - Setting next_dagrun for example_weekday_branch_operator to 2023-06-03T00:00:00+00:00, run_after=2023-06-04T00:00:00+00:00
[2023-06-04T01:11:04.890+0000] {processor.py:178} INFO - Processing /home/airflow/.local/lib/python3.7/site-packages/airflow/example_dags/example_branch_day_of_week_operator.py took 0.141 seconds
[2023-06-04T01:11:35.543+0000] {processor.py:156} INFO - Started process (PID=727) to work on /home/airflow/.local/lib/python3.7/site-packages/airflow/example_dags/example_branch_day_of_week_operator.py
[2023-06-04T01:11:35.545+0000] {processor.py:758} INFO - Processing file /home/airflow/.local/lib/python3.7/site-packages/airflow/example_dags/example_branch_day_of_week_operator.py for tasks to queue
[2023-06-04T01:11:35.547+0000] {logging_mixin.py:117} INFO - [2023-06-04T01:11:35.547+0000] {dagbag.py:525} INFO - Filling up the DagBag from /home/airflow/.local/lib/python3.7/site-packages/airflow/example_dags/example_branch_day_of_week_operator.py
[2023-06-04T01:11:35.569+0000] {processor.py:768} INFO - DAG(s) dict_keys(['example_weekday_branch_operator']) retrieved from /home/airflow/.local/lib/python3.7/site-packages/airflow/example_dags/example_branch_day_of_week_operator.py
[2023-06-04T01:11:35.624+0000] {logging_mixin.py:117} INFO - [2023-06-04T01:11:35.624+0000] {dag.py:2573} INFO - Sync 1 DAGs
[2023-06-04T01:11:35.662+0000] {logging_mixin.py:117} INFO - [2023-06-04T01:11:35.661+0000] {dag.py:3328} INFO - Setting next_dagrun for example_weekday_branch_operator to 2023-06-03T00:00:00+00:00, run_after=2023-06-04T00:00:00+00:00
[2023-06-04T01:11:35.686+0000] {processor.py:178} INFO - Processing /home/airflow/.local/lib/python3.7/site-packages/airflow/example_dags/example_branch_day_of_week_operator.py took 0.149 seconds
[2023-06-04T01:12:05.939+0000] {processor.py:156} INFO - Started process (PID=791) to work on /home/airflow/.local/lib/python3.7/site-packages/airflow/example_dags/example_branch_day_of_week_operator.py
[2023-06-04T01:12:05.941+0000] {processor.py:758} INFO - Processing file /home/airflow/.local/lib/python3.7/site-packages/airflow/example_dags/example_branch_day_of_week_operator.py for tasks to queue
[2023-06-04T01:12:05.943+0000] {logging_mixin.py:117} INFO - [2023-06-04T01:12:05.943+0000] {dagbag.py:525} INFO - Filling up the DagBag from /home/airflow/.local/lib/python3.7/site-packages/airflow/example_dags/example_branch_day_of_week_operator.py
[2023-06-04T01:12:05.965+0000] {processor.py:768} INFO - DAG(s) dict_keys(['example_weekday_branch_operator']) retrieved from /home/airflow/.local/lib/python3.7/site-packages/airflow/example_dags/example_branch_day_of_week_operator.py
[2023-06-04T01:12:06.018+0000] {logging_mixin.py:117} INFO - [2023-06-04T01:12:06.018+0000] {dag.py:2573} INFO - Sync 1 DAGs
[2023-06-04T01:12:06.056+0000] {logging_mixin.py:117} INFO - [2023-06-04T01:12:06.056+0000] {dag.py:3328} INFO - Setting next_dagrun for example_weekday_branch_operator to 2023-06-03T00:00:00+00:00, run_after=2023-06-04T00:00:00+00:00
[2023-06-04T01:12:06.084+0000] {processor.py:178} INFO - Processing /home/airflow/.local/lib/python3.7/site-packages/airflow/example_dags/example_branch_day_of_week_operator.py took 0.151 seconds
[2023-06-04T01:12:36.481+0000] {processor.py:156} INFO - Started process (PID=855) to work on /home/airflow/.local/lib/python3.7/site-packages/airflow/example_dags/example_branch_day_of_week_operator.py
[2023-06-04T01:12:36.483+0000] {processor.py:758} INFO - Processing file /home/airflow/.local/lib/python3.7/site-packages/airflow/example_dags/example_branch_day_of_week_operator.py for tasks to queue
[2023-06-04T01:12:36.485+0000] {logging_mixin.py:117} INFO - [2023-06-04T01:12:36.485+0000] {dagbag.py:525} INFO - Filling up the DagBag from /home/airflow/.local/lib/python3.7/site-packages/airflow/example_dags/example_branch_day_of_week_operator.py
[2023-06-04T01:12:36.507+0000] {processor.py:768} INFO - DAG(s) dict_keys(['example_weekday_branch_operator']) retrieved from /home/airflow/.local/lib/python3.7/site-packages/airflow/example_dags/example_branch_day_of_week_operator.py
[2023-06-04T01:12:36.562+0000] {logging_mixin.py:117} INFO - [2023-06-04T01:12:36.562+0000] {dag.py:2573} INFO - Sync 1 DAGs
[2023-06-04T01:12:36.594+0000] {logging_mixin.py:117} INFO - [2023-06-04T01:12:36.594+0000] {dag.py:3328} INFO - Setting next_dagrun for example_weekday_branch_operator to 2023-06-03T00:00:00+00:00, run_after=2023-06-04T00:00:00+00:00
[2023-06-04T01:12:36.614+0000] {processor.py:178} INFO - Processing /home/airflow/.local/lib/python3.7/site-packages/airflow/example_dags/example_branch_day_of_week_operator.py took 0.137 seconds
[2023-06-04T01:13:06.828+0000] {processor.py:156} INFO - Started process (PID=910) to work on /home/airflow/.local/lib/python3.7/site-packages/airflow/example_dags/example_branch_day_of_week_operator.py
[2023-06-04T01:13:06.830+0000] {processor.py:758} INFO - Processing file /home/airflow/.local/lib/python3.7/site-packages/airflow/example_dags/example_branch_day_of_week_operator.py for tasks to queue
[2023-06-04T01:13:06.831+0000] {logging_mixin.py:117} INFO - [2023-06-04T01:13:06.831+0000] {dagbag.py:525} INFO - Filling up the DagBag from /home/airflow/.local/lib/python3.7/site-packages/airflow/example_dags/example_branch_day_of_week_operator.py
[2023-06-04T01:13:06.853+0000] {processor.py:768} INFO - DAG(s) dict_keys(['example_weekday_branch_operator']) retrieved from /home/airflow/.local/lib/python3.7/site-packages/airflow/example_dags/example_branch_day_of_week_operator.py
[2023-06-04T01:13:06.911+0000] {logging_mixin.py:117} INFO - [2023-06-04T01:13:06.911+0000] {dag.py:2573} INFO - Sync 1 DAGs
[2023-06-04T01:13:06.949+0000] {logging_mixin.py:117} INFO - [2023-06-04T01:13:06.949+0000] {dag.py:3328} INFO - Setting next_dagrun for example_weekday_branch_operator to 2023-06-03T00:00:00+00:00, run_after=2023-06-04T00:00:00+00:00
[2023-06-04T01:13:06.975+0000] {processor.py:178} INFO - Processing /home/airflow/.local/lib/python3.7/site-packages/airflow/example_dags/example_branch_day_of_week_operator.py took 0.153 seconds
[2023-06-04T01:13:37.238+0000] {processor.py:156} INFO - Started process (PID=974) to work on /home/airflow/.local/lib/python3.7/site-packages/airflow/example_dags/example_branch_day_of_week_operator.py
[2023-06-04T01:13:37.240+0000] {processor.py:758} INFO - Processing file /home/airflow/.local/lib/python3.7/site-packages/airflow/example_dags/example_branch_day_of_week_operator.py for tasks to queue
[2023-06-04T01:13:37.242+0000] {logging_mixin.py:117} INFO - [2023-06-04T01:13:37.242+0000] {dagbag.py:525} INFO - Filling up the DagBag from /home/airflow/.local/lib/python3.7/site-packages/airflow/example_dags/example_branch_day_of_week_operator.py
[2023-06-04T01:13:37.266+0000] {processor.py:768} INFO - DAG(s) dict_keys(['example_weekday_branch_operator']) retrieved from /home/airflow/.local/lib/python3.7/site-packages/airflow/example_dags/example_branch_day_of_week_operator.py
[2023-06-04T01:13:37.326+0000] {logging_mixin.py:117} INFO - [2023-06-04T01:13:37.326+0000] {dag.py:2573} INFO - Sync 1 DAGs
[2023-06-04T01:13:37.369+0000] {logging_mixin.py:117} INFO - [2023-06-04T01:13:37.369+0000] {dag.py:3328} INFO - Setting next_dagrun for example_weekday_branch_operator to 2023-06-03T00:00:00+00:00, run_after=2023-06-04T00:00:00+00:00
[2023-06-04T01:13:37.393+0000] {processor.py:178} INFO - Processing /home/airflow/.local/lib/python3.7/site-packages/airflow/example_dags/example_branch_day_of_week_operator.py took 0.161 seconds
[2023-06-04T01:14:08.665+0000] {processor.py:156} INFO - Started process (PID=1037) to work on /home/airflow/.local/lib/python3.7/site-packages/airflow/example_dags/example_branch_day_of_week_operator.py
[2023-06-04T01:14:08.670+0000] {processor.py:758} INFO - Processing file /home/airflow/.local/lib/python3.7/site-packages/airflow/example_dags/example_branch_day_of_week_operator.py for tasks to queue
[2023-06-04T01:14:08.673+0000] {logging_mixin.py:117} INFO - [2023-06-04T01:14:08.673+0000] {dagbag.py:525} INFO - Filling up the DagBag from /home/airflow/.local/lib/python3.7/site-packages/airflow/example_dags/example_branch_day_of_week_operator.py
[2023-06-04T01:14:08.709+0000] {processor.py:768} INFO - DAG(s) dict_keys(['example_weekday_branch_operator']) retrieved from /home/airflow/.local/lib/python3.7/site-packages/airflow/example_dags/example_branch_day_of_week_operator.py
[2023-06-04T01:14:08.814+0000] {logging_mixin.py:117} INFO - [2023-06-04T01:14:08.814+0000] {dag.py:2573} INFO - Sync 1 DAGs
[2023-06-04T01:14:08.881+0000] {logging_mixin.py:117} INFO - [2023-06-04T01:14:08.881+0000] {dag.py:3328} INFO - Setting next_dagrun for example_weekday_branch_operator to 2023-06-03T00:00:00+00:00, run_after=2023-06-04T00:00:00+00:00
[2023-06-04T01:14:08.915+0000] {processor.py:178} INFO - Processing /home/airflow/.local/lib/python3.7/site-packages/airflow/example_dags/example_branch_day_of_week_operator.py took 0.258 seconds
[2023-06-04T01:14:39.446+0000] {processor.py:156} INFO - Started process (PID=1092) to work on /home/airflow/.local/lib/python3.7/site-packages/airflow/example_dags/example_branch_day_of_week_operator.py
[2023-06-04T01:14:39.449+0000] {processor.py:758} INFO - Processing file /home/airflow/.local/lib/python3.7/site-packages/airflow/example_dags/example_branch_day_of_week_operator.py for tasks to queue
[2023-06-04T01:14:39.453+0000] {logging_mixin.py:117} INFO - [2023-06-04T01:14:39.452+0000] {dagbag.py:525} INFO - Filling up the DagBag from /home/airflow/.local/lib/python3.7/site-packages/airflow/example_dags/example_branch_day_of_week_operator.py
[2023-06-04T01:14:39.492+0000] {processor.py:768} INFO - DAG(s) dict_keys(['example_weekday_branch_operator']) retrieved from /home/airflow/.local/lib/python3.7/site-packages/airflow/example_dags/example_branch_day_of_week_operator.py
[2023-06-04T01:14:39.577+0000] {logging_mixin.py:117} INFO - [2023-06-04T01:14:39.577+0000] {dag.py:2573} INFO - Sync 1 DAGs
[2023-06-04T01:14:39.668+0000] {logging_mixin.py:117} INFO - [2023-06-04T01:14:39.668+0000] {dag.py:3328} INFO - Setting next_dagrun for example_weekday_branch_operator to 2023-06-03T00:00:00+00:00, run_after=2023-06-04T00:00:00+00:00
[2023-06-04T01:14:39.693+0000] {processor.py:178} INFO - Processing /home/airflow/.local/lib/python3.7/site-packages/airflow/example_dags/example_branch_day_of_week_operator.py took 0.255 seconds
[2023-06-04T01:15:09.801+0000] {processor.py:156} INFO - Started process (PID=1155) to work on /home/airflow/.local/lib/python3.7/site-packages/airflow/example_dags/example_branch_day_of_week_operator.py
[2023-06-04T01:15:09.803+0000] {processor.py:758} INFO - Processing file /home/airflow/.local/lib/python3.7/site-packages/airflow/example_dags/example_branch_day_of_week_operator.py for tasks to queue
[2023-06-04T01:15:09.806+0000] {logging_mixin.py:117} INFO - [2023-06-04T01:15:09.806+0000] {dagbag.py:525} INFO - Filling up the DagBag from /home/airflow/.local/lib/python3.7/site-packages/airflow/example_dags/example_branch_day_of_week_operator.py
[2023-06-04T01:15:09.834+0000] {processor.py:768} INFO - DAG(s) dict_keys(['example_weekday_branch_operator']) retrieved from /home/airflow/.local/lib/python3.7/site-packages/airflow/example_dags/example_branch_day_of_week_operator.py
[2023-06-04T01:15:09.896+0000] {logging_mixin.py:117} INFO - [2023-06-04T01:15:09.896+0000] {dag.py:2573} INFO - Sync 1 DAGs
[2023-06-04T01:15:09.934+0000] {logging_mixin.py:117} INFO - [2023-06-04T01:15:09.934+0000] {dag.py:3328} INFO - Setting next_dagrun for example_weekday_branch_operator to 2023-06-03T00:00:00+00:00, run_after=2023-06-04T00:00:00+00:00
[2023-06-04T01:15:09.963+0000] {processor.py:178} INFO - Processing /home/airflow/.local/lib/python3.7/site-packages/airflow/example_dags/example_branch_day_of_week_operator.py took 0.168 seconds
[2023-06-04T01:15:40.561+0000] {processor.py:156} INFO - Started process (PID=1219) to work on /home/airflow/.local/lib/python3.7/site-packages/airflow/example_dags/example_branch_day_of_week_operator.py
[2023-06-04T01:15:40.564+0000] {processor.py:758} INFO - Processing file /home/airflow/.local/lib/python3.7/site-packages/airflow/example_dags/example_branch_day_of_week_operator.py for tasks to queue
[2023-06-04T01:15:40.566+0000] {logging_mixin.py:117} INFO - [2023-06-04T01:15:40.566+0000] {dagbag.py:525} INFO - Filling up the DagBag from /home/airflow/.local/lib/python3.7/site-packages/airflow/example_dags/example_branch_day_of_week_operator.py
[2023-06-04T01:15:40.595+0000] {processor.py:768} INFO - DAG(s) dict_keys(['example_weekday_branch_operator']) retrieved from /home/airflow/.local/lib/python3.7/site-packages/airflow/example_dags/example_branch_day_of_week_operator.py
[2023-06-04T01:15:40.693+0000] {logging_mixin.py:117} INFO - [2023-06-04T01:15:40.693+0000] {dag.py:2573} INFO - Sync 1 DAGs
[2023-06-04T01:15:40.739+0000] {logging_mixin.py:117} INFO - [2023-06-04T01:15:40.739+0000] {dag.py:3328} INFO - Setting next_dagrun for example_weekday_branch_operator to 2023-06-03T00:00:00+00:00, run_after=2023-06-04T00:00:00+00:00
[2023-06-04T01:15:40.770+0000] {processor.py:178} INFO - Processing /home/airflow/.local/lib/python3.7/site-packages/airflow/example_dags/example_branch_day_of_week_operator.py took 0.215 seconds
[2023-06-04T01:16:10.969+0000] {processor.py:156} INFO - Started process (PID=1274) to work on /home/airflow/.local/lib/python3.7/site-packages/airflow/example_dags/example_branch_day_of_week_operator.py
[2023-06-04T01:16:10.972+0000] {processor.py:758} INFO - Processing file /home/airflow/.local/lib/python3.7/site-packages/airflow/example_dags/example_branch_day_of_week_operator.py for tasks to queue
[2023-06-04T01:16:10.974+0000] {logging_mixin.py:117} INFO - [2023-06-04T01:16:10.974+0000] {dagbag.py:525} INFO - Filling up the DagBag from /home/airflow/.local/lib/python3.7/site-packages/airflow/example_dags/example_branch_day_of_week_operator.py
[2023-06-04T01:16:11.009+0000] {processor.py:768} INFO - DAG(s) dict_keys(['example_weekday_branch_operator']) retrieved from /home/airflow/.local/lib/python3.7/site-packages/airflow/example_dags/example_branch_day_of_week_operator.py
[2023-06-04T01:16:11.078+0000] {logging_mixin.py:117} INFO - [2023-06-04T01:16:11.078+0000] {dag.py:2573} INFO - Sync 1 DAGs
[2023-06-04T01:16:11.122+0000] {logging_mixin.py:117} INFO - [2023-06-04T01:16:11.122+0000] {dag.py:3328} INFO - Setting next_dagrun for example_weekday_branch_operator to 2023-06-03T00:00:00+00:00, run_after=2023-06-04T00:00:00+00:00
[2023-06-04T01:16:11.152+0000] {processor.py:178} INFO - Processing /home/airflow/.local/lib/python3.7/site-packages/airflow/example_dags/example_branch_day_of_week_operator.py took 0.188 seconds
[2023-06-04T01:16:41.443+0000] {processor.py:156} INFO - Started process (PID=1338) to work on /home/airflow/.local/lib/python3.7/site-packages/airflow/example_dags/example_branch_day_of_week_operator.py
[2023-06-04T01:16:41.445+0000] {processor.py:758} INFO - Processing file /home/airflow/.local/lib/python3.7/site-packages/airflow/example_dags/example_branch_day_of_week_operator.py for tasks to queue
[2023-06-04T01:16:41.447+0000] {logging_mixin.py:117} INFO - [2023-06-04T01:16:41.447+0000] {dagbag.py:525} INFO - Filling up the DagBag from /home/airflow/.local/lib/python3.7/site-packages/airflow/example_dags/example_branch_day_of_week_operator.py
[2023-06-04T01:16:41.470+0000] {processor.py:768} INFO - DAG(s) dict_keys(['example_weekday_branch_operator']) retrieved from /home/airflow/.local/lib/python3.7/site-packages/airflow/example_dags/example_branch_day_of_week_operator.py
[2023-06-04T01:16:41.524+0000] {logging_mixin.py:117} INFO - [2023-06-04T01:16:41.524+0000] {dag.py:2573} INFO - Sync 1 DAGs
[2023-06-04T01:16:41.561+0000] {logging_mixin.py:117} INFO - [2023-06-04T01:16:41.560+0000] {dag.py:3328} INFO - Setting next_dagrun for example_weekday_branch_operator to 2023-06-03T00:00:00+00:00, run_after=2023-06-04T00:00:00+00:00
[2023-06-04T01:16:41.587+0000] {processor.py:178} INFO - Processing /home/airflow/.local/lib/python3.7/site-packages/airflow/example_dags/example_branch_day_of_week_operator.py took 0.148 seconds
[2023-06-04T01:17:12.065+0000] {processor.py:156} INFO - Started process (PID=1402) to work on /home/airflow/.local/lib/python3.7/site-packages/airflow/example_dags/example_branch_day_of_week_operator.py
[2023-06-04T01:17:12.067+0000] {processor.py:758} INFO - Processing file /home/airflow/.local/lib/python3.7/site-packages/airflow/example_dags/example_branch_day_of_week_operator.py for tasks to queue
[2023-06-04T01:17:12.069+0000] {logging_mixin.py:117} INFO - [2023-06-04T01:17:12.069+0000] {dagbag.py:525} INFO - Filling up the DagBag from /home/airflow/.local/lib/python3.7/site-packages/airflow/example_dags/example_branch_day_of_week_operator.py
[2023-06-04T01:17:12.096+0000] {processor.py:768} INFO - DAG(s) dict_keys(['example_weekday_branch_operator']) retrieved from /home/airflow/.local/lib/python3.7/site-packages/airflow/example_dags/example_branch_day_of_week_operator.py
[2023-06-04T01:17:12.180+0000] {logging_mixin.py:117} INFO - [2023-06-04T01:17:12.180+0000] {dag.py:2573} INFO - Sync 1 DAGs
[2023-06-04T01:17:12.271+0000] {logging_mixin.py:117} INFO - [2023-06-04T01:17:12.270+0000] {dag.py:3328} INFO - Setting next_dagrun for example_weekday_branch_operator to 2023-06-03T00:00:00+00:00, run_after=2023-06-04T00:00:00+00:00
[2023-06-04T01:17:12.317+0000] {processor.py:178} INFO - Processing /home/airflow/.local/lib/python3.7/site-packages/airflow/example_dags/example_branch_day_of_week_operator.py took 0.257 seconds
[2023-06-04T01:17:42.464+0000] {processor.py:156} INFO - Started process (PID=1457) to work on /home/airflow/.local/lib/python3.7/site-packages/airflow/example_dags/example_branch_day_of_week_operator.py
[2023-06-04T01:17:42.466+0000] {processor.py:758} INFO - Processing file /home/airflow/.local/lib/python3.7/site-packages/airflow/example_dags/example_branch_day_of_week_operator.py for tasks to queue
[2023-06-04T01:17:42.470+0000] {logging_mixin.py:117} INFO - [2023-06-04T01:17:42.470+0000] {dagbag.py:525} INFO - Filling up the DagBag from /home/airflow/.local/lib/python3.7/site-packages/airflow/example_dags/example_branch_day_of_week_operator.py
[2023-06-04T01:17:42.493+0000] {processor.py:768} INFO - DAG(s) dict_keys(['example_weekday_branch_operator']) retrieved from /home/airflow/.local/lib/python3.7/site-packages/airflow/example_dags/example_branch_day_of_week_operator.py
[2023-06-04T01:17:42.556+0000] {logging_mixin.py:117} INFO - [2023-06-04T01:17:42.556+0000] {dag.py:2573} INFO - Sync 1 DAGs
[2023-06-04T01:17:42.592+0000] {logging_mixin.py:117} INFO - [2023-06-04T01:17:42.592+0000] {dag.py:3328} INFO - Setting next_dagrun for example_weekday_branch_operator to 2023-06-03T00:00:00+00:00, run_after=2023-06-04T00:00:00+00:00
[2023-06-04T01:17:42.616+0000] {processor.py:178} INFO - Processing /home/airflow/.local/lib/python3.7/site-packages/airflow/example_dags/example_branch_day_of_week_operator.py took 0.157 seconds
[2023-06-04T01:18:12.675+0000] {processor.py:156} INFO - Started process (PID=1521) to work on /home/airflow/.local/lib/python3.7/site-packages/airflow/example_dags/example_branch_day_of_week_operator.py
[2023-06-04T01:18:12.677+0000] {processor.py:758} INFO - Processing file /home/airflow/.local/lib/python3.7/site-packages/airflow/example_dags/example_branch_day_of_week_operator.py for tasks to queue
[2023-06-04T01:18:12.678+0000] {logging_mixin.py:117} INFO - [2023-06-04T01:18:12.678+0000] {dagbag.py:525} INFO - Filling up the DagBag from /home/airflow/.local/lib/python3.7/site-packages/airflow/example_dags/example_branch_day_of_week_operator.py
[2023-06-04T01:18:12.699+0000] {processor.py:768} INFO - DAG(s) dict_keys(['example_weekday_branch_operator']) retrieved from /home/airflow/.local/lib/python3.7/site-packages/airflow/example_dags/example_branch_day_of_week_operator.py
[2023-06-04T01:18:12.751+0000] {logging_mixin.py:117} INFO - [2023-06-04T01:18:12.751+0000] {dag.py:2573} INFO - Sync 1 DAGs
[2023-06-04T01:18:12.786+0000] {logging_mixin.py:117} INFO - [2023-06-04T01:18:12.786+0000] {dag.py:3328} INFO - Setting next_dagrun for example_weekday_branch_operator to 2023-06-03T00:00:00+00:00, run_after=2023-06-04T00:00:00+00:00
[2023-06-04T01:18:12.821+0000] {processor.py:178} INFO - Processing /home/airflow/.local/lib/python3.7/site-packages/airflow/example_dags/example_branch_day_of_week_operator.py took 0.152 seconds
[2023-06-04T01:18:42.904+0000] {processor.py:156} INFO - Started process (PID=1576) to work on /home/airflow/.local/lib/python3.7/site-packages/airflow/example_dags/example_branch_day_of_week_operator.py
[2023-06-04T01:18:42.906+0000] {processor.py:758} INFO - Processing file /home/airflow/.local/lib/python3.7/site-packages/airflow/example_dags/example_branch_day_of_week_operator.py for tasks to queue
[2023-06-04T01:18:42.907+0000] {logging_mixin.py:117} INFO - [2023-06-04T01:18:42.907+0000] {dagbag.py:525} INFO - Filling up the DagBag from /home/airflow/.local/lib/python3.7/site-packages/airflow/example_dags/example_branch_day_of_week_operator.py
[2023-06-04T01:18:42.930+0000] {processor.py:768} INFO - DAG(s) dict_keys(['example_weekday_branch_operator']) retrieved from /home/airflow/.local/lib/python3.7/site-packages/airflow/example_dags/example_branch_day_of_week_operator.py
[2023-06-04T01:18:42.987+0000] {logging_mixin.py:117} INFO - [2023-06-04T01:18:42.986+0000] {dag.py:2573} INFO - Sync 1 DAGs
[2023-06-04T01:18:43.029+0000] {logging_mixin.py:117} INFO - [2023-06-04T01:18:43.029+0000] {dag.py:3328} INFO - Setting next_dagrun for example_weekday_branch_operator to 2023-06-03T00:00:00+00:00, run_after=2023-06-04T00:00:00+00:00
[2023-06-04T01:18:43.055+0000] {processor.py:178} INFO - Processing /home/airflow/.local/lib/python3.7/site-packages/airflow/example_dags/example_branch_day_of_week_operator.py took 0.156 seconds
[2023-06-04T01:19:13.149+0000] {processor.py:156} INFO - Started process (PID=1639) to work on /home/airflow/.local/lib/python3.7/site-packages/airflow/example_dags/example_branch_day_of_week_operator.py
[2023-06-04T01:19:13.151+0000] {processor.py:758} INFO - Processing file /home/airflow/.local/lib/python3.7/site-packages/airflow/example_dags/example_branch_day_of_week_operator.py for tasks to queue
[2023-06-04T01:19:13.153+0000] {logging_mixin.py:117} INFO - [2023-06-04T01:19:13.153+0000] {dagbag.py:525} INFO - Filling up the DagBag from /home/airflow/.local/lib/python3.7/site-packages/airflow/example_dags/example_branch_day_of_week_operator.py
[2023-06-04T01:19:13.175+0000] {processor.py:768} INFO - DAG(s) dict_keys(['example_weekday_branch_operator']) retrieved from /home/airflow/.local/lib/python3.7/site-packages/airflow/example_dags/example_branch_day_of_week_operator.py
[2023-06-04T01:19:13.228+0000] {logging_mixin.py:117} INFO - [2023-06-04T01:19:13.228+0000] {dag.py:2573} INFO - Sync 1 DAGs
[2023-06-04T01:19:13.265+0000] {logging_mixin.py:117} INFO - [2023-06-04T01:19:13.264+0000] {dag.py:3328} INFO - Setting next_dagrun for example_weekday_branch_operator to 2023-06-03T00:00:00+00:00, run_after=2023-06-04T00:00:00+00:00
[2023-06-04T01:19:13.292+0000] {processor.py:178} INFO - Processing /home/airflow/.local/lib/python3.7/site-packages/airflow/example_dags/example_branch_day_of_week_operator.py took 0.149 seconds
[2023-06-04T01:20:39.697+0000] {processor.py:157} INFO - Started process (PID=56) to work on /home/airflow/.local/lib/python3.7/site-packages/airflow/example_dags/example_branch_day_of_week_operator.py
[2023-06-04T01:20:39.702+0000] {processor.py:826} INFO - Processing file /home/airflow/.local/lib/python3.7/site-packages/airflow/example_dags/example_branch_day_of_week_operator.py for tasks to queue
[2023-06-04T01:20:39.707+0000] {logging_mixin.py:149} INFO - [2023-06-04T01:20:39.707+0000] {dagbag.py:541} INFO - Filling up the DagBag from /home/airflow/.local/lib/python3.7/site-packages/airflow/example_dags/example_branch_day_of_week_operator.py
[2023-06-04T01:20:39.741+0000] {processor.py:836} INFO - DAG(s) dict_keys(['example_weekday_branch_operator']) retrieved from /home/airflow/.local/lib/python3.7/site-packages/airflow/example_dags/example_branch_day_of_week_operator.py
[2023-06-04T01:20:39.783+0000] {logging_mixin.py:149} INFO - [2023-06-04T01:20:39.783+0000] {dag.py:2726} INFO - Sync 1 DAGs
[2023-06-04T01:20:39.835+0000] {logging_mixin.py:149} INFO - [2023-06-04T01:20:39.834+0000] {dag.py:3490} INFO - Setting next_dagrun for example_weekday_branch_operator to 2023-06-03T00:00:00+00:00, run_after=2023-06-04T00:00:00+00:00
[2023-06-04T01:20:39.877+0000] {processor.py:179} INFO - Processing /home/airflow/.local/lib/python3.7/site-packages/airflow/example_dags/example_branch_day_of_week_operator.py took 0.190 seconds
[2023-06-04T01:21:10.726+0000] {processor.py:157} INFO - Started process (PID=126) to work on /home/airflow/.local/lib/python3.7/site-packages/airflow/example_dags/example_branch_day_of_week_operator.py
[2023-06-04T01:21:10.729+0000] {processor.py:826} INFO - Processing file /home/airflow/.local/lib/python3.7/site-packages/airflow/example_dags/example_branch_day_of_week_operator.py for tasks to queue
[2023-06-04T01:21:10.731+0000] {logging_mixin.py:149} INFO - [2023-06-04T01:21:10.730+0000] {dagbag.py:541} INFO - Filling up the DagBag from /home/airflow/.local/lib/python3.7/site-packages/airflow/example_dags/example_branch_day_of_week_operator.py
[2023-06-04T01:21:10.742+0000] {processor.py:836} INFO - DAG(s) dict_keys(['example_weekday_branch_operator']) retrieved from /home/airflow/.local/lib/python3.7/site-packages/airflow/example_dags/example_branch_day_of_week_operator.py
[2023-06-04T01:21:10.779+0000] {logging_mixin.py:149} INFO - [2023-06-04T01:21:10.778+0000] {dag.py:2726} INFO - Sync 1 DAGs
[2023-06-04T01:21:10.814+0000] {logging_mixin.py:149} INFO - [2023-06-04T01:21:10.814+0000] {dag.py:3490} INFO - Setting next_dagrun for example_weekday_branch_operator to 2023-06-03T00:00:00+00:00, run_after=2023-06-04T00:00:00+00:00
[2023-06-04T01:21:10.837+0000] {processor.py:179} INFO - Processing /home/airflow/.local/lib/python3.7/site-packages/airflow/example_dags/example_branch_day_of_week_operator.py took 0.115 seconds
[2023-06-04T01:21:41.289+0000] {processor.py:157} INFO - Started process (PID=205) to work on /home/airflow/.local/lib/python3.7/site-packages/airflow/example_dags/example_branch_day_of_week_operator.py
[2023-06-04T01:21:41.291+0000] {processor.py:826} INFO - Processing file /home/airflow/.local/lib/python3.7/site-packages/airflow/example_dags/example_branch_day_of_week_operator.py for tasks to queue
[2023-06-04T01:21:41.293+0000] {logging_mixin.py:149} INFO - [2023-06-04T01:21:41.293+0000] {dagbag.py:541} INFO - Filling up the DagBag from /home/airflow/.local/lib/python3.7/site-packages/airflow/example_dags/example_branch_day_of_week_operator.py
[2023-06-04T01:21:41.305+0000] {processor.py:836} INFO - DAG(s) dict_keys(['example_weekday_branch_operator']) retrieved from /home/airflow/.local/lib/python3.7/site-packages/airflow/example_dags/example_branch_day_of_week_operator.py
[2023-06-04T01:21:41.346+0000] {logging_mixin.py:149} INFO - [2023-06-04T01:21:41.345+0000] {dag.py:2726} INFO - Sync 1 DAGs
[2023-06-04T01:21:41.384+0000] {logging_mixin.py:149} INFO - [2023-06-04T01:21:41.384+0000] {dag.py:3490} INFO - Setting next_dagrun for example_weekday_branch_operator to 2023-06-03T00:00:00+00:00, run_after=2023-06-04T00:00:00+00:00
[2023-06-04T01:21:41.409+0000] {processor.py:179} INFO - Processing /home/airflow/.local/lib/python3.7/site-packages/airflow/example_dags/example_branch_day_of_week_operator.py took 0.127 seconds
[2023-06-04T01:22:11.810+0000] {processor.py:157} INFO - Started process (PID=275) to work on /home/airflow/.local/lib/python3.7/site-packages/airflow/example_dags/example_branch_day_of_week_operator.py
[2023-06-04T01:22:11.812+0000] {processor.py:826} INFO - Processing file /home/airflow/.local/lib/python3.7/site-packages/airflow/example_dags/example_branch_day_of_week_operator.py for tasks to queue
[2023-06-04T01:22:11.814+0000] {logging_mixin.py:149} INFO - [2023-06-04T01:22:11.814+0000] {dagbag.py:541} INFO - Filling up the DagBag from /home/airflow/.local/lib/python3.7/site-packages/airflow/example_dags/example_branch_day_of_week_operator.py
[2023-06-04T01:22:11.826+0000] {processor.py:836} INFO - DAG(s) dict_keys(['example_weekday_branch_operator']) retrieved from /home/airflow/.local/lib/python3.7/site-packages/airflow/example_dags/example_branch_day_of_week_operator.py
[2023-06-04T01:22:11.863+0000] {logging_mixin.py:149} INFO - [2023-06-04T01:22:11.863+0000] {dag.py:2726} INFO - Sync 1 DAGs
[2023-06-04T01:22:11.902+0000] {logging_mixin.py:149} INFO - [2023-06-04T01:22:11.902+0000] {dag.py:3490} INFO - Setting next_dagrun for example_weekday_branch_operator to 2023-06-03T00:00:00+00:00, run_after=2023-06-04T00:00:00+00:00
[2023-06-04T01:22:11.926+0000] {processor.py:179} INFO - Processing /home/airflow/.local/lib/python3.7/site-packages/airflow/example_dags/example_branch_day_of_week_operator.py took 0.121 seconds
[2023-06-04T01:22:42.558+0000] {processor.py:157} INFO - Started process (PID=345) to work on /home/airflow/.local/lib/python3.7/site-packages/airflow/example_dags/example_branch_day_of_week_operator.py
[2023-06-04T01:22:42.560+0000] {processor.py:826} INFO - Processing file /home/airflow/.local/lib/python3.7/site-packages/airflow/example_dags/example_branch_day_of_week_operator.py for tasks to queue
[2023-06-04T01:22:42.563+0000] {logging_mixin.py:149} INFO - [2023-06-04T01:22:42.562+0000] {dagbag.py:541} INFO - Filling up the DagBag from /home/airflow/.local/lib/python3.7/site-packages/airflow/example_dags/example_branch_day_of_week_operator.py
[2023-06-04T01:22:42.575+0000] {processor.py:836} INFO - DAG(s) dict_keys(['example_weekday_branch_operator']) retrieved from /home/airflow/.local/lib/python3.7/site-packages/airflow/example_dags/example_branch_day_of_week_operator.py
[2023-06-04T01:22:42.613+0000] {logging_mixin.py:149} INFO - [2023-06-04T01:22:42.613+0000] {dag.py:2726} INFO - Sync 1 DAGs
[2023-06-04T01:22:42.652+0000] {logging_mixin.py:149} INFO - [2023-06-04T01:22:42.652+0000] {dag.py:3490} INFO - Setting next_dagrun for example_weekday_branch_operator to 2023-06-03T00:00:00+00:00, run_after=2023-06-04T00:00:00+00:00
[2023-06-04T01:22:42.678+0000] {processor.py:179} INFO - Processing /home/airflow/.local/lib/python3.7/site-packages/airflow/example_dags/example_branch_day_of_week_operator.py took 0.126 seconds
[2023-06-04T01:23:13.619+0000] {processor.py:157} INFO - Started process (PID=424) to work on /home/airflow/.local/lib/python3.7/site-packages/airflow/example_dags/example_branch_day_of_week_operator.py
[2023-06-04T01:23:13.622+0000] {processor.py:826} INFO - Processing file /home/airflow/.local/lib/python3.7/site-packages/airflow/example_dags/example_branch_day_of_week_operator.py for tasks to queue
[2023-06-04T01:23:13.624+0000] {logging_mixin.py:149} INFO - [2023-06-04T01:23:13.624+0000] {dagbag.py:541} INFO - Filling up the DagBag from /home/airflow/.local/lib/python3.7/site-packages/airflow/example_dags/example_branch_day_of_week_operator.py
[2023-06-04T01:23:13.639+0000] {processor.py:836} INFO - DAG(s) dict_keys(['example_weekday_branch_operator']) retrieved from /home/airflow/.local/lib/python3.7/site-packages/airflow/example_dags/example_branch_day_of_week_operator.py
[2023-06-04T01:23:13.681+0000] {logging_mixin.py:149} INFO - [2023-06-04T01:23:13.681+0000] {dag.py:2726} INFO - Sync 1 DAGs
[2023-06-04T01:23:13.725+0000] {logging_mixin.py:149} INFO - [2023-06-04T01:23:13.725+0000] {dag.py:3490} INFO - Setting next_dagrun for example_weekday_branch_operator to 2023-06-03T00:00:00+00:00, run_after=2023-06-04T00:00:00+00:00
[2023-06-04T01:23:13.755+0000] {processor.py:179} INFO - Processing /home/airflow/.local/lib/python3.7/site-packages/airflow/example_dags/example_branch_day_of_week_operator.py took 0.142 seconds
[2023-06-04T01:23:44.656+0000] {processor.py:157} INFO - Started process (PID=494) to work on /home/airflow/.local/lib/python3.7/site-packages/airflow/example_dags/example_branch_day_of_week_operator.py
[2023-06-04T01:23:44.658+0000] {processor.py:826} INFO - Processing file /home/airflow/.local/lib/python3.7/site-packages/airflow/example_dags/example_branch_day_of_week_operator.py for tasks to queue
[2023-06-04T01:23:44.660+0000] {logging_mixin.py:149} INFO - [2023-06-04T01:23:44.660+0000] {dagbag.py:541} INFO - Filling up the DagBag from /home/airflow/.local/lib/python3.7/site-packages/airflow/example_dags/example_branch_day_of_week_operator.py
[2023-06-04T01:23:44.672+0000] {processor.py:836} INFO - DAG(s) dict_keys(['example_weekday_branch_operator']) retrieved from /home/airflow/.local/lib/python3.7/site-packages/airflow/example_dags/example_branch_day_of_week_operator.py
[2023-06-04T01:23:44.710+0000] {logging_mixin.py:149} INFO - [2023-06-04T01:23:44.710+0000] {dag.py:2726} INFO - Sync 1 DAGs
[2023-06-04T01:23:44.749+0000] {logging_mixin.py:149} INFO - [2023-06-04T01:23:44.749+0000] {dag.py:3490} INFO - Setting next_dagrun for example_weekday_branch_operator to 2023-06-03T00:00:00+00:00, run_after=2023-06-04T00:00:00+00:00
[2023-06-04T01:23:44.775+0000] {processor.py:179} INFO - Processing /home/airflow/.local/lib/python3.7/site-packages/airflow/example_dags/example_branch_day_of_week_operator.py took 0.125 seconds
[2023-06-04T01:24:15.192+0000] {processor.py:157} INFO - Started process (PID=573) to work on /home/airflow/.local/lib/python3.7/site-packages/airflow/example_dags/example_branch_day_of_week_operator.py
[2023-06-04T01:24:15.194+0000] {processor.py:826} INFO - Processing file /home/airflow/.local/lib/python3.7/site-packages/airflow/example_dags/example_branch_day_of_week_operator.py for tasks to queue
[2023-06-04T01:24:15.196+0000] {logging_mixin.py:149} INFO - [2023-06-04T01:24:15.195+0000] {dagbag.py:541} INFO - Filling up the DagBag from /home/airflow/.local/lib/python3.7/site-packages/airflow/example_dags/example_branch_day_of_week_operator.py
[2023-06-04T01:24:15.207+0000] {processor.py:836} INFO - DAG(s) dict_keys(['example_weekday_branch_operator']) retrieved from /home/airflow/.local/lib/python3.7/site-packages/airflow/example_dags/example_branch_day_of_week_operator.py
[2023-06-04T01:24:15.245+0000] {logging_mixin.py:149} INFO - [2023-06-04T01:24:15.244+0000] {dag.py:2726} INFO - Sync 1 DAGs
[2023-06-04T01:24:15.286+0000] {logging_mixin.py:149} INFO - [2023-06-04T01:24:15.286+0000] {dag.py:3490} INFO - Setting next_dagrun for example_weekday_branch_operator to 2023-06-03T00:00:00+00:00, run_after=2023-06-04T00:00:00+00:00
[2023-06-04T01:24:15.313+0000] {processor.py:179} INFO - Processing /home/airflow/.local/lib/python3.7/site-packages/airflow/example_dags/example_branch_day_of_week_operator.py took 0.126 seconds
[2023-06-04T01:24:45.460+0000] {processor.py:157} INFO - Started process (PID=643) to work on /home/airflow/.local/lib/python3.7/site-packages/airflow/example_dags/example_branch_day_of_week_operator.py
[2023-06-04T01:24:45.462+0000] {processor.py:826} INFO - Processing file /home/airflow/.local/lib/python3.7/site-packages/airflow/example_dags/example_branch_day_of_week_operator.py for tasks to queue
[2023-06-04T01:24:45.464+0000] {logging_mixin.py:149} INFO - [2023-06-04T01:24:45.464+0000] {dagbag.py:541} INFO - Filling up the DagBag from /home/airflow/.local/lib/python3.7/site-packages/airflow/example_dags/example_branch_day_of_week_operator.py
[2023-06-04T01:24:45.474+0000] {processor.py:836} INFO - DAG(s) dict_keys(['example_weekday_branch_operator']) retrieved from /home/airflow/.local/lib/python3.7/site-packages/airflow/example_dags/example_branch_day_of_week_operator.py
[2023-06-04T01:24:45.511+0000] {logging_mixin.py:149} INFO - [2023-06-04T01:24:45.511+0000] {dag.py:2726} INFO - Sync 1 DAGs
[2023-06-04T01:24:45.554+0000] {logging_mixin.py:149} INFO - [2023-06-04T01:24:45.553+0000] {dag.py:3490} INFO - Setting next_dagrun for example_weekday_branch_operator to 2023-06-03T00:00:00+00:00, run_after=2023-06-04T00:00:00+00:00
[2023-06-04T01:24:45.580+0000] {processor.py:179} INFO - Processing /home/airflow/.local/lib/python3.7/site-packages/airflow/example_dags/example_branch_day_of_week_operator.py took 0.125 seconds
[2023-06-04T01:25:15.866+0000] {processor.py:157} INFO - Started process (PID=713) to work on /home/airflow/.local/lib/python3.7/site-packages/airflow/example_dags/example_branch_day_of_week_operator.py
[2023-06-04T01:25:15.868+0000] {processor.py:826} INFO - Processing file /home/airflow/.local/lib/python3.7/site-packages/airflow/example_dags/example_branch_day_of_week_operator.py for tasks to queue
[2023-06-04T01:25:15.870+0000] {logging_mixin.py:149} INFO - [2023-06-04T01:25:15.870+0000] {dagbag.py:541} INFO - Filling up the DagBag from /home/airflow/.local/lib/python3.7/site-packages/airflow/example_dags/example_branch_day_of_week_operator.py
[2023-06-04T01:25:15.883+0000] {processor.py:836} INFO - DAG(s) dict_keys(['example_weekday_branch_operator']) retrieved from /home/airflow/.local/lib/python3.7/site-packages/airflow/example_dags/example_branch_day_of_week_operator.py
[2023-06-04T01:25:15.920+0000] {logging_mixin.py:149} INFO - [2023-06-04T01:25:15.920+0000] {dag.py:2726} INFO - Sync 1 DAGs
[2023-06-04T01:25:15.957+0000] {logging_mixin.py:149} INFO - [2023-06-04T01:25:15.957+0000] {dag.py:3490} INFO - Setting next_dagrun for example_weekday_branch_operator to 2023-06-03T00:00:00+00:00, run_after=2023-06-04T00:00:00+00:00
[2023-06-04T01:25:15.982+0000] {processor.py:179} INFO - Processing /home/airflow/.local/lib/python3.7/site-packages/airflow/example_dags/example_branch_day_of_week_operator.py took 0.121 seconds
[2023-06-04T01:25:46.352+0000] {processor.py:157} INFO - Started process (PID=792) to work on /home/airflow/.local/lib/python3.7/site-packages/airflow/example_dags/example_branch_day_of_week_operator.py
[2023-06-04T01:25:46.355+0000] {processor.py:826} INFO - Processing file /home/airflow/.local/lib/python3.7/site-packages/airflow/example_dags/example_branch_day_of_week_operator.py for tasks to queue
[2023-06-04T01:25:46.357+0000] {logging_mixin.py:149} INFO - [2023-06-04T01:25:46.357+0000] {dagbag.py:541} INFO - Filling up the DagBag from /home/airflow/.local/lib/python3.7/site-packages/airflow/example_dags/example_branch_day_of_week_operator.py
[2023-06-04T01:25:46.371+0000] {processor.py:836} INFO - DAG(s) dict_keys(['example_weekday_branch_operator']) retrieved from /home/airflow/.local/lib/python3.7/site-packages/airflow/example_dags/example_branch_day_of_week_operator.py
[2023-06-04T01:25:46.417+0000] {logging_mixin.py:149} INFO - [2023-06-04T01:25:46.417+0000] {dag.py:2726} INFO - Sync 1 DAGs
[2023-06-04T01:25:46.455+0000] {logging_mixin.py:149} INFO - [2023-06-04T01:25:46.455+0000] {dag.py:3490} INFO - Setting next_dagrun for example_weekday_branch_operator to 2023-06-03T00:00:00+00:00, run_after=2023-06-04T00:00:00+00:00
[2023-06-04T01:25:46.479+0000] {processor.py:179} INFO - Processing /home/airflow/.local/lib/python3.7/site-packages/airflow/example_dags/example_branch_day_of_week_operator.py took 0.133 seconds
