[2023-06-04T00:36:56.686+0000] {processor.py:156} INFO - Started process (PID=67) to work on /home/airflow/.local/lib/python3.7/site-packages/airflow/example_dags/example_short_circuit_decorator.py
[2023-06-04T00:36:56.691+0000] {processor.py:758} INFO - Processing file /home/airflow/.local/lib/python3.7/site-packages/airflow/example_dags/example_short_circuit_decorator.py for tasks to queue
[2023-06-04T00:36:56.696+0000] {logging_mixin.py:117} INFO - [2023-06-04T00:36:56.695+0000] {dagbag.py:525} INFO - Filling up the DagBag from /home/airflow/.local/lib/python3.7/site-packages/airflow/example_dags/example_short_circuit_decorator.py
[2023-06-04T00:36:56.751+0000] {processor.py:768} INFO - DAG(s) dict_keys(['example_short_circuit_decorator']) retrieved from /home/airflow/.local/lib/python3.7/site-packages/airflow/example_dags/example_short_circuit_decorator.py
[2023-06-04T00:36:56.976+0000] {logging_mixin.py:117} INFO - [2023-06-04T00:36:56.975+0000] {manager.py:507} INFO - Created Permission View: can delete on DAG:example_short_circuit_decorator
[2023-06-04T00:36:57.006+0000] {logging_mixin.py:117} INFO - [2023-06-04T00:36:57.006+0000] {manager.py:507} INFO - Created Permission View: can read on DAG:example_short_circuit_decorator
[2023-06-04T00:36:57.027+0000] {logging_mixin.py:117} INFO - [2023-06-04T00:36:57.027+0000] {manager.py:507} INFO - Created Permission View: can edit on DAG:example_short_circuit_decorator
[2023-06-04T00:36:57.036+0000] {logging_mixin.py:117} INFO - [2023-06-04T00:36:57.036+0000] {dag.py:2573} INFO - Sync 1 DAGs
[2023-06-04T00:36:57.064+0000] {logging_mixin.py:117} INFO - [2023-06-04T00:36:57.063+0000] {dag.py:2594} INFO - Creating ORM DAG for example_short_circuit_decorator
[2023-06-04T00:36:57.083+0000] {logging_mixin.py:117} INFO - [2023-06-04T00:36:57.083+0000] {dag.py:3328} INFO - Setting next_dagrun for example_short_circuit_decorator to 2023-06-03T00:36:57.082779+00:00, run_after=2023-06-04T00:36:57.082779+00:00
[2023-06-04T00:36:57.115+0000] {processor.py:178} INFO - Processing /home/airflow/.local/lib/python3.7/site-packages/airflow/example_dags/example_short_circuit_decorator.py took 0.444 seconds
[2023-06-04T00:37:27.340+0000] {processor.py:156} INFO - Started process (PID=129) to work on /home/airflow/.local/lib/python3.7/site-packages/airflow/example_dags/example_short_circuit_decorator.py
[2023-06-04T00:37:27.342+0000] {processor.py:758} INFO - Processing file /home/airflow/.local/lib/python3.7/site-packages/airflow/example_dags/example_short_circuit_decorator.py for tasks to queue
[2023-06-04T00:37:27.345+0000] {logging_mixin.py:117} INFO - [2023-06-04T00:37:27.344+0000] {dagbag.py:525} INFO - Filling up the DagBag from /home/airflow/.local/lib/python3.7/site-packages/airflow/example_dags/example_short_circuit_decorator.py
[2023-06-04T00:37:27.381+0000] {processor.py:768} INFO - DAG(s) dict_keys(['example_short_circuit_decorator']) retrieved from /home/airflow/.local/lib/python3.7/site-packages/airflow/example_dags/example_short_circuit_decorator.py
[2023-06-04T00:37:27.432+0000] {logging_mixin.py:117} INFO - [2023-06-04T00:37:27.432+0000] {dag.py:2573} INFO - Sync 1 DAGs
[2023-06-04T00:37:27.463+0000] {logging_mixin.py:117} INFO - [2023-06-04T00:37:27.463+0000] {dag.py:3328} INFO - Setting next_dagrun for example_short_circuit_decorator to 2023-06-03T00:37:27.463439+00:00, run_after=2023-06-04T00:37:27.463439+00:00
[2023-06-04T00:37:27.489+0000] {processor.py:178} INFO - Processing /home/airflow/.local/lib/python3.7/site-packages/airflow/example_dags/example_short_circuit_decorator.py took 0.154 seconds
[2023-06-04T00:37:57.733+0000] {processor.py:156} INFO - Started process (PID=184) to work on /home/airflow/.local/lib/python3.7/site-packages/airflow/example_dags/example_short_circuit_decorator.py
[2023-06-04T00:37:57.735+0000] {processor.py:758} INFO - Processing file /home/airflow/.local/lib/python3.7/site-packages/airflow/example_dags/example_short_circuit_decorator.py for tasks to queue
[2023-06-04T00:37:57.737+0000] {logging_mixin.py:117} INFO - [2023-06-04T00:37:57.737+0000] {dagbag.py:525} INFO - Filling up the DagBag from /home/airflow/.local/lib/python3.7/site-packages/airflow/example_dags/example_short_circuit_decorator.py
[2023-06-04T00:37:57.771+0000] {processor.py:768} INFO - DAG(s) dict_keys(['example_short_circuit_decorator']) retrieved from /home/airflow/.local/lib/python3.7/site-packages/airflow/example_dags/example_short_circuit_decorator.py
[2023-06-04T00:37:57.823+0000] {logging_mixin.py:117} INFO - [2023-06-04T00:37:57.823+0000] {dag.py:2573} INFO - Sync 1 DAGs
[2023-06-04T00:37:57.854+0000] {logging_mixin.py:117} INFO - [2023-06-04T00:37:57.854+0000] {dag.py:3328} INFO - Setting next_dagrun for example_short_circuit_decorator to 2023-06-03T00:37:57.854321+00:00, run_after=2023-06-04T00:37:57.854321+00:00
[2023-06-04T00:37:57.877+0000] {processor.py:178} INFO - Processing /home/airflow/.local/lib/python3.7/site-packages/airflow/example_dags/example_short_circuit_decorator.py took 0.149 seconds
[2023-06-04T00:38:28.053+0000] {processor.py:156} INFO - Started process (PID=247) to work on /home/airflow/.local/lib/python3.7/site-packages/airflow/example_dags/example_short_circuit_decorator.py
[2023-06-04T00:38:28.055+0000] {processor.py:758} INFO - Processing file /home/airflow/.local/lib/python3.7/site-packages/airflow/example_dags/example_short_circuit_decorator.py for tasks to queue
[2023-06-04T00:38:28.056+0000] {logging_mixin.py:117} INFO - [2023-06-04T00:38:28.056+0000] {dagbag.py:525} INFO - Filling up the DagBag from /home/airflow/.local/lib/python3.7/site-packages/airflow/example_dags/example_short_circuit_decorator.py
[2023-06-04T00:38:28.083+0000] {processor.py:768} INFO - DAG(s) dict_keys(['example_short_circuit_decorator']) retrieved from /home/airflow/.local/lib/python3.7/site-packages/airflow/example_dags/example_short_circuit_decorator.py
[2023-06-04T00:38:28.128+0000] {logging_mixin.py:117} INFO - [2023-06-04T00:38:28.128+0000] {dag.py:2573} INFO - Sync 1 DAGs
[2023-06-04T00:38:28.155+0000] {logging_mixin.py:117} INFO - [2023-06-04T00:38:28.155+0000] {dag.py:3328} INFO - Setting next_dagrun for example_short_circuit_decorator to 2023-06-03T00:38:28.155223+00:00, run_after=2023-06-04T00:38:28.155223+00:00
[2023-06-04T00:38:28.175+0000] {processor.py:178} INFO - Processing /home/airflow/.local/lib/python3.7/site-packages/airflow/example_dags/example_short_circuit_decorator.py took 0.126 seconds
[2023-06-04T00:38:58.289+0000] {processor.py:156} INFO - Started process (PID=310) to work on /home/airflow/.local/lib/python3.7/site-packages/airflow/example_dags/example_short_circuit_decorator.py
[2023-06-04T00:38:58.291+0000] {processor.py:758} INFO - Processing file /home/airflow/.local/lib/python3.7/site-packages/airflow/example_dags/example_short_circuit_decorator.py for tasks to queue
[2023-06-04T00:38:58.293+0000] {logging_mixin.py:117} INFO - [2023-06-04T00:38:58.293+0000] {dagbag.py:525} INFO - Filling up the DagBag from /home/airflow/.local/lib/python3.7/site-packages/airflow/example_dags/example_short_circuit_decorator.py
[2023-06-04T00:38:58.325+0000] {processor.py:768} INFO - DAG(s) dict_keys(['example_short_circuit_decorator']) retrieved from /home/airflow/.local/lib/python3.7/site-packages/airflow/example_dags/example_short_circuit_decorator.py
[2023-06-04T00:38:58.374+0000] {logging_mixin.py:117} INFO - [2023-06-04T00:38:58.374+0000] {dag.py:2573} INFO - Sync 1 DAGs
[2023-06-04T00:38:58.401+0000] {logging_mixin.py:117} INFO - [2023-06-04T00:38:58.401+0000] {dag.py:3328} INFO - Setting next_dagrun for example_short_circuit_decorator to 2023-06-03T00:38:58.401064+00:00, run_after=2023-06-04T00:38:58.401064+00:00
[2023-06-04T00:38:58.423+0000] {processor.py:178} INFO - Processing /home/airflow/.local/lib/python3.7/site-packages/airflow/example_dags/example_short_circuit_decorator.py took 0.138 seconds
[2023-06-04T00:59:48.681+0000] {processor.py:156} INFO - Started process (PID=68) to work on /home/airflow/.local/lib/python3.7/site-packages/airflow/example_dags/example_short_circuit_decorator.py
[2023-06-04T00:59:48.684+0000] {processor.py:758} INFO - Processing file /home/airflow/.local/lib/python3.7/site-packages/airflow/example_dags/example_short_circuit_decorator.py for tasks to queue
[2023-06-04T00:59:48.687+0000] {logging_mixin.py:117} INFO - [2023-06-04T00:59:48.687+0000] {dagbag.py:525} INFO - Filling up the DagBag from /home/airflow/.local/lib/python3.7/site-packages/airflow/example_dags/example_short_circuit_decorator.py
[2023-06-04T00:59:48.739+0000] {processor.py:768} INFO - DAG(s) dict_keys(['example_short_circuit_decorator']) retrieved from /home/airflow/.local/lib/python3.7/site-packages/airflow/example_dags/example_short_circuit_decorator.py
[2023-06-04T00:59:48.805+0000] {logging_mixin.py:117} INFO - [2023-06-04T00:59:48.804+0000] {dag.py:2573} INFO - Sync 1 DAGs
[2023-06-04T00:59:48.868+0000] {logging_mixin.py:117} INFO - [2023-06-04T00:59:48.868+0000] {dag.py:3328} INFO - Setting next_dagrun for example_short_circuit_decorator to 2023-06-03T00:59:48.868115+00:00, run_after=2023-06-04T00:59:48.868115+00:00
[2023-06-04T00:59:48.904+0000] {processor.py:178} INFO - Processing /home/airflow/.local/lib/python3.7/site-packages/airflow/example_dags/example_short_circuit_decorator.py took 0.230 seconds
[2023-06-04T01:00:19.512+0000] {processor.py:156} INFO - Started process (PID=122) to work on /home/airflow/.local/lib/python3.7/site-packages/airflow/example_dags/example_short_circuit_decorator.py
[2023-06-04T01:00:19.514+0000] {processor.py:758} INFO - Processing file /home/airflow/.local/lib/python3.7/site-packages/airflow/example_dags/example_short_circuit_decorator.py for tasks to queue
[2023-06-04T01:00:19.515+0000] {logging_mixin.py:117} INFO - [2023-06-04T01:00:19.515+0000] {dagbag.py:525} INFO - Filling up the DagBag from /home/airflow/.local/lib/python3.7/site-packages/airflow/example_dags/example_short_circuit_decorator.py
[2023-06-04T01:00:19.555+0000] {processor.py:768} INFO - DAG(s) dict_keys(['example_short_circuit_decorator']) retrieved from /home/airflow/.local/lib/python3.7/site-packages/airflow/example_dags/example_short_circuit_decorator.py
[2023-06-04T01:00:19.615+0000] {logging_mixin.py:117} INFO - [2023-06-04T01:00:19.615+0000] {dag.py:2573} INFO - Sync 1 DAGs
[2023-06-04T01:00:19.650+0000] {logging_mixin.py:117} INFO - [2023-06-04T01:00:19.650+0000] {dag.py:3328} INFO - Setting next_dagrun for example_short_circuit_decorator to 2023-06-03T01:00:19.650340+00:00, run_after=2023-06-04T01:00:19.650340+00:00
[2023-06-04T01:00:19.679+0000] {processor.py:178} INFO - Processing /home/airflow/.local/lib/python3.7/site-packages/airflow/example_dags/example_short_circuit_decorator.py took 0.172 seconds
[2023-06-04T01:00:49.944+0000] {processor.py:156} INFO - Started process (PID=186) to work on /home/airflow/.local/lib/python3.7/site-packages/airflow/example_dags/example_short_circuit_decorator.py
[2023-06-04T01:00:49.946+0000] {processor.py:758} INFO - Processing file /home/airflow/.local/lib/python3.7/site-packages/airflow/example_dags/example_short_circuit_decorator.py for tasks to queue
[2023-06-04T01:00:49.948+0000] {logging_mixin.py:117} INFO - [2023-06-04T01:00:49.948+0000] {dagbag.py:525} INFO - Filling up the DagBag from /home/airflow/.local/lib/python3.7/site-packages/airflow/example_dags/example_short_circuit_decorator.py
[2023-06-04T01:00:49.983+0000] {processor.py:768} INFO - DAG(s) dict_keys(['example_short_circuit_decorator']) retrieved from /home/airflow/.local/lib/python3.7/site-packages/airflow/example_dags/example_short_circuit_decorator.py
[2023-06-04T01:00:50.041+0000] {logging_mixin.py:117} INFO - [2023-06-04T01:00:50.040+0000] {dag.py:2573} INFO - Sync 1 DAGs
[2023-06-04T01:00:50.075+0000] {logging_mixin.py:117} INFO - [2023-06-04T01:00:50.075+0000] {dag.py:3328} INFO - Setting next_dagrun for example_short_circuit_decorator to 2023-06-03T01:00:50.075176+00:00, run_after=2023-06-04T01:00:50.075176+00:00
[2023-06-04T01:00:50.103+0000] {processor.py:178} INFO - Processing /home/airflow/.local/lib/python3.7/site-packages/airflow/example_dags/example_short_circuit_decorator.py took 0.164 seconds
[2023-06-04T01:01:20.163+0000] {processor.py:156} INFO - Started process (PID=249) to work on /home/airflow/.local/lib/python3.7/site-packages/airflow/example_dags/example_short_circuit_decorator.py
[2023-06-04T01:01:20.166+0000] {processor.py:758} INFO - Processing file /home/airflow/.local/lib/python3.7/site-packages/airflow/example_dags/example_short_circuit_decorator.py for tasks to queue
[2023-06-04T01:01:20.167+0000] {logging_mixin.py:117} INFO - [2023-06-04T01:01:20.167+0000] {dagbag.py:525} INFO - Filling up the DagBag from /home/airflow/.local/lib/python3.7/site-packages/airflow/example_dags/example_short_circuit_decorator.py
[2023-06-04T01:01:20.201+0000] {processor.py:768} INFO - DAG(s) dict_keys(['example_short_circuit_decorator']) retrieved from /home/airflow/.local/lib/python3.7/site-packages/airflow/example_dags/example_short_circuit_decorator.py
[2023-06-04T01:01:20.259+0000] {logging_mixin.py:117} INFO - [2023-06-04T01:01:20.259+0000] {dag.py:2573} INFO - Sync 1 DAGs
[2023-06-04T01:01:20.289+0000] {logging_mixin.py:117} INFO - [2023-06-04T01:01:20.289+0000] {dag.py:3328} INFO - Setting next_dagrun for example_short_circuit_decorator to 2023-06-03T01:01:20.289116+00:00, run_after=2023-06-04T01:01:20.289116+00:00
[2023-06-04T01:01:20.309+0000] {processor.py:178} INFO - Processing /home/airflow/.local/lib/python3.7/site-packages/airflow/example_dags/example_short_circuit_decorator.py took 0.151 seconds
[2023-06-04T01:01:50.479+0000] {processor.py:156} INFO - Started process (PID=302) to work on /home/airflow/.local/lib/python3.7/site-packages/airflow/example_dags/example_short_circuit_decorator.py
[2023-06-04T01:01:50.483+0000] {processor.py:758} INFO - Processing file /home/airflow/.local/lib/python3.7/site-packages/airflow/example_dags/example_short_circuit_decorator.py for tasks to queue
[2023-06-04T01:01:50.485+0000] {logging_mixin.py:117} INFO - [2023-06-04T01:01:50.485+0000] {dagbag.py:525} INFO - Filling up the DagBag from /home/airflow/.local/lib/python3.7/site-packages/airflow/example_dags/example_short_circuit_decorator.py
[2023-06-04T01:01:50.523+0000] {processor.py:768} INFO - DAG(s) dict_keys(['example_short_circuit_decorator']) retrieved from /home/airflow/.local/lib/python3.7/site-packages/airflow/example_dags/example_short_circuit_decorator.py
[2023-06-04T01:01:50.596+0000] {logging_mixin.py:117} INFO - [2023-06-04T01:01:50.596+0000] {dag.py:2573} INFO - Sync 1 DAGs
[2023-06-04T01:01:50.631+0000] {logging_mixin.py:117} INFO - [2023-06-04T01:01:50.630+0000] {dag.py:3328} INFO - Setting next_dagrun for example_short_circuit_decorator to 2023-06-03T01:01:50.630606+00:00, run_after=2023-06-04T01:01:50.630606+00:00
[2023-06-04T01:01:50.657+0000] {processor.py:178} INFO - Processing /home/airflow/.local/lib/python3.7/site-packages/airflow/example_dags/example_short_circuit_decorator.py took 0.184 seconds
[2023-06-04T01:02:20.729+0000] {processor.py:156} INFO - Started process (PID=365) to work on /home/airflow/.local/lib/python3.7/site-packages/airflow/example_dags/example_short_circuit_decorator.py
[2023-06-04T01:02:20.732+0000] {processor.py:758} INFO - Processing file /home/airflow/.local/lib/python3.7/site-packages/airflow/example_dags/example_short_circuit_decorator.py for tasks to queue
[2023-06-04T01:02:20.734+0000] {logging_mixin.py:117} INFO - [2023-06-04T01:02:20.733+0000] {dagbag.py:525} INFO - Filling up the DagBag from /home/airflow/.local/lib/python3.7/site-packages/airflow/example_dags/example_short_circuit_decorator.py
[2023-06-04T01:02:20.767+0000] {processor.py:768} INFO - DAG(s) dict_keys(['example_short_circuit_decorator']) retrieved from /home/airflow/.local/lib/python3.7/site-packages/airflow/example_dags/example_short_circuit_decorator.py
[2023-06-04T01:02:20.821+0000] {logging_mixin.py:117} INFO - [2023-06-04T01:02:20.821+0000] {dag.py:2573} INFO - Sync 1 DAGs
[2023-06-04T01:02:20.857+0000] {logging_mixin.py:117} INFO - [2023-06-04T01:02:20.857+0000] {dag.py:3328} INFO - Setting next_dagrun for example_short_circuit_decorator to 2023-06-03T01:02:20.856679+00:00, run_after=2023-06-04T01:02:20.856679+00:00
[2023-06-04T01:02:20.886+0000] {processor.py:178} INFO - Processing /home/airflow/.local/lib/python3.7/site-packages/airflow/example_dags/example_short_circuit_decorator.py took 0.163 seconds
[2023-06-04T01:02:51.213+0000] {processor.py:156} INFO - Started process (PID=428) to work on /home/airflow/.local/lib/python3.7/site-packages/airflow/example_dags/example_short_circuit_decorator.py
[2023-06-04T01:02:51.215+0000] {processor.py:758} INFO - Processing file /home/airflow/.local/lib/python3.7/site-packages/airflow/example_dags/example_short_circuit_decorator.py for tasks to queue
[2023-06-04T01:02:51.217+0000] {logging_mixin.py:117} INFO - [2023-06-04T01:02:51.216+0000] {dagbag.py:525} INFO - Filling up the DagBag from /home/airflow/.local/lib/python3.7/site-packages/airflow/example_dags/example_short_circuit_decorator.py
[2023-06-04T01:02:51.250+0000] {processor.py:768} INFO - DAG(s) dict_keys(['example_short_circuit_decorator']) retrieved from /home/airflow/.local/lib/python3.7/site-packages/airflow/example_dags/example_short_circuit_decorator.py
[2023-06-04T01:02:51.303+0000] {logging_mixin.py:117} INFO - [2023-06-04T01:02:51.303+0000] {dag.py:2573} INFO - Sync 1 DAGs
[2023-06-04T01:02:51.336+0000] {logging_mixin.py:117} INFO - [2023-06-04T01:02:51.336+0000] {dag.py:3328} INFO - Setting next_dagrun for example_short_circuit_decorator to 2023-06-03T01:02:51.336197+00:00, run_after=2023-06-04T01:02:51.336197+00:00
[2023-06-04T01:02:51.360+0000] {processor.py:178} INFO - Processing /home/airflow/.local/lib/python3.7/site-packages/airflow/example_dags/example_short_circuit_decorator.py took 0.151 seconds
[2023-06-04T01:03:21.876+0000] {processor.py:156} INFO - Started process (PID=482) to work on /home/airflow/.local/lib/python3.7/site-packages/airflow/example_dags/example_short_circuit_decorator.py
[2023-06-04T01:03:21.879+0000] {processor.py:758} INFO - Processing file /home/airflow/.local/lib/python3.7/site-packages/airflow/example_dags/example_short_circuit_decorator.py for tasks to queue
[2023-06-04T01:03:21.882+0000] {logging_mixin.py:117} INFO - [2023-06-04T01:03:21.881+0000] {dagbag.py:525} INFO - Filling up the DagBag from /home/airflow/.local/lib/python3.7/site-packages/airflow/example_dags/example_short_circuit_decorator.py
[2023-06-04T01:03:21.924+0000] {processor.py:768} INFO - DAG(s) dict_keys(['example_short_circuit_decorator']) retrieved from /home/airflow/.local/lib/python3.7/site-packages/airflow/example_dags/example_short_circuit_decorator.py
[2023-06-04T01:03:21.991+0000] {logging_mixin.py:117} INFO - [2023-06-04T01:03:21.990+0000] {dag.py:2573} INFO - Sync 1 DAGs
[2023-06-04T01:03:22.028+0000] {logging_mixin.py:117} INFO - [2023-06-04T01:03:22.028+0000] {dag.py:3328} INFO - Setting next_dagrun for example_short_circuit_decorator to 2023-06-03T01:03:22.027737+00:00, run_after=2023-06-04T01:03:22.027737+00:00
[2023-06-04T01:03:22.056+0000] {processor.py:178} INFO - Processing /home/airflow/.local/lib/python3.7/site-packages/airflow/example_dags/example_short_circuit_decorator.py took 0.185 seconds
[2023-06-04T01:03:52.108+0000] {processor.py:156} INFO - Started process (PID=545) to work on /home/airflow/.local/lib/python3.7/site-packages/airflow/example_dags/example_short_circuit_decorator.py
[2023-06-04T01:03:52.110+0000] {processor.py:758} INFO - Processing file /home/airflow/.local/lib/python3.7/site-packages/airflow/example_dags/example_short_circuit_decorator.py for tasks to queue
[2023-06-04T01:03:52.111+0000] {logging_mixin.py:117} INFO - [2023-06-04T01:03:52.111+0000] {dagbag.py:525} INFO - Filling up the DagBag from /home/airflow/.local/lib/python3.7/site-packages/airflow/example_dags/example_short_circuit_decorator.py
[2023-06-04T01:03:52.144+0000] {processor.py:768} INFO - DAG(s) dict_keys(['example_short_circuit_decorator']) retrieved from /home/airflow/.local/lib/python3.7/site-packages/airflow/example_dags/example_short_circuit_decorator.py
[2023-06-04T01:03:52.199+0000] {logging_mixin.py:117} INFO - [2023-06-04T01:03:52.199+0000] {dag.py:2573} INFO - Sync 1 DAGs
[2023-06-04T01:03:52.231+0000] {logging_mixin.py:117} INFO - [2023-06-04T01:03:52.231+0000] {dag.py:3328} INFO - Setting next_dagrun for example_short_circuit_decorator to 2023-06-03T01:03:52.230876+00:00, run_after=2023-06-04T01:03:52.230876+00:00
[2023-06-04T01:03:52.255+0000] {processor.py:178} INFO - Processing /home/airflow/.local/lib/python3.7/site-packages/airflow/example_dags/example_short_circuit_decorator.py took 0.152 seconds
[2023-06-04T01:04:22.609+0000] {processor.py:156} INFO - Started process (PID=608) to work on /home/airflow/.local/lib/python3.7/site-packages/airflow/example_dags/example_short_circuit_decorator.py
[2023-06-04T01:04:22.611+0000] {processor.py:758} INFO - Processing file /home/airflow/.local/lib/python3.7/site-packages/airflow/example_dags/example_short_circuit_decorator.py for tasks to queue
[2023-06-04T01:04:22.612+0000] {logging_mixin.py:117} INFO - [2023-06-04T01:04:22.612+0000] {dagbag.py:525} INFO - Filling up the DagBag from /home/airflow/.local/lib/python3.7/site-packages/airflow/example_dags/example_short_circuit_decorator.py
[2023-06-04T01:04:22.642+0000] {processor.py:768} INFO - DAG(s) dict_keys(['example_short_circuit_decorator']) retrieved from /home/airflow/.local/lib/python3.7/site-packages/airflow/example_dags/example_short_circuit_decorator.py
[2023-06-04T01:04:22.694+0000] {logging_mixin.py:117} INFO - [2023-06-04T01:04:22.694+0000] {dag.py:2573} INFO - Sync 1 DAGs
[2023-06-04T01:04:22.727+0000] {logging_mixin.py:117} INFO - [2023-06-04T01:04:22.727+0000] {dag.py:3328} INFO - Setting next_dagrun for example_short_circuit_decorator to 2023-06-03T01:04:22.726890+00:00, run_after=2023-06-04T01:04:22.726890+00:00
[2023-06-04T01:04:22.756+0000] {processor.py:178} INFO - Processing /home/airflow/.local/lib/python3.7/site-packages/airflow/example_dags/example_short_circuit_decorator.py took 0.152 seconds
[2023-06-04T01:04:53.363+0000] {processor.py:156} INFO - Started process (PID=663) to work on /home/airflow/.local/lib/python3.7/site-packages/airflow/example_dags/example_short_circuit_decorator.py
[2023-06-04T01:04:53.364+0000] {processor.py:758} INFO - Processing file /home/airflow/.local/lib/python3.7/site-packages/airflow/example_dags/example_short_circuit_decorator.py for tasks to queue
[2023-06-04T01:04:53.366+0000] {logging_mixin.py:117} INFO - [2023-06-04T01:04:53.366+0000] {dagbag.py:525} INFO - Filling up the DagBag from /home/airflow/.local/lib/python3.7/site-packages/airflow/example_dags/example_short_circuit_decorator.py
[2023-06-04T01:04:53.399+0000] {processor.py:768} INFO - DAG(s) dict_keys(['example_short_circuit_decorator']) retrieved from /home/airflow/.local/lib/python3.7/site-packages/airflow/example_dags/example_short_circuit_decorator.py
[2023-06-04T01:04:53.456+0000] {logging_mixin.py:117} INFO - [2023-06-04T01:04:53.456+0000] {dag.py:2573} INFO - Sync 1 DAGs
[2023-06-04T01:04:53.492+0000] {logging_mixin.py:117} INFO - [2023-06-04T01:04:53.492+0000] {dag.py:3328} INFO - Setting next_dagrun for example_short_circuit_decorator to 2023-06-03T01:04:53.491816+00:00, run_after=2023-06-04T01:04:53.491816+00:00
[2023-06-04T01:04:53.517+0000] {processor.py:178} INFO - Processing /home/airflow/.local/lib/python3.7/site-packages/airflow/example_dags/example_short_circuit_decorator.py took 0.159 seconds
[2023-06-04T01:05:59.111+0000] {processor.py:156} INFO - Started process (PID=70) to work on /home/airflow/.local/lib/python3.7/site-packages/airflow/example_dags/example_short_circuit_decorator.py
[2023-06-04T01:05:59.114+0000] {processor.py:758} INFO - Processing file /home/airflow/.local/lib/python3.7/site-packages/airflow/example_dags/example_short_circuit_decorator.py for tasks to queue
[2023-06-04T01:05:59.116+0000] {logging_mixin.py:117} INFO - [2023-06-04T01:05:59.116+0000] {dagbag.py:525} INFO - Filling up the DagBag from /home/airflow/.local/lib/python3.7/site-packages/airflow/example_dags/example_short_circuit_decorator.py
[2023-06-04T01:05:59.157+0000] {processor.py:768} INFO - DAG(s) dict_keys(['example_short_circuit_decorator']) retrieved from /home/airflow/.local/lib/python3.7/site-packages/airflow/example_dags/example_short_circuit_decorator.py
[2023-06-04T01:05:59.206+0000] {logging_mixin.py:117} INFO - [2023-06-04T01:05:59.206+0000] {dag.py:2573} INFO - Sync 1 DAGs
[2023-06-04T01:05:59.243+0000] {logging_mixin.py:117} INFO - [2023-06-04T01:05:59.242+0000] {dag.py:3328} INFO - Setting next_dagrun for example_short_circuit_decorator to 2023-06-03T01:05:59.242408+00:00, run_after=2023-06-04T01:05:59.242408+00:00
[2023-06-04T01:05:59.275+0000] {processor.py:178} INFO - Processing /home/airflow/.local/lib/python3.7/site-packages/airflow/example_dags/example_short_circuit_decorator.py took 0.170 seconds
[2023-06-04T01:06:29.987+0000] {processor.py:156} INFO - Started process (PID=125) to work on /home/airflow/.local/lib/python3.7/site-packages/airflow/example_dags/example_short_circuit_decorator.py
[2023-06-04T01:06:29.989+0000] {processor.py:758} INFO - Processing file /home/airflow/.local/lib/python3.7/site-packages/airflow/example_dags/example_short_circuit_decorator.py for tasks to queue
[2023-06-04T01:06:29.991+0000] {logging_mixin.py:117} INFO - [2023-06-04T01:06:29.991+0000] {dagbag.py:525} INFO - Filling up the DagBag from /home/airflow/.local/lib/python3.7/site-packages/airflow/example_dags/example_short_circuit_decorator.py
[2023-06-04T01:06:30.026+0000] {processor.py:768} INFO - DAG(s) dict_keys(['example_short_circuit_decorator']) retrieved from /home/airflow/.local/lib/python3.7/site-packages/airflow/example_dags/example_short_circuit_decorator.py
[2023-06-04T01:06:30.080+0000] {logging_mixin.py:117} INFO - [2023-06-04T01:06:30.080+0000] {dag.py:2573} INFO - Sync 1 DAGs
[2023-06-04T01:06:30.115+0000] {logging_mixin.py:117} INFO - [2023-06-04T01:06:30.115+0000] {dag.py:3328} INFO - Setting next_dagrun for example_short_circuit_decorator to 2023-06-03T01:06:30.115073+00:00, run_after=2023-06-04T01:06:30.115073+00:00
[2023-06-04T01:06:30.141+0000] {processor.py:178} INFO - Processing /home/airflow/.local/lib/python3.7/site-packages/airflow/example_dags/example_short_circuit_decorator.py took 0.160 seconds
[2023-06-04T01:07:00.782+0000] {processor.py:156} INFO - Started process (PID=191) to work on /home/airflow/.local/lib/python3.7/site-packages/airflow/example_dags/example_short_circuit_decorator.py
[2023-06-04T01:07:00.784+0000] {processor.py:758} INFO - Processing file /home/airflow/.local/lib/python3.7/site-packages/airflow/example_dags/example_short_circuit_decorator.py for tasks to queue
[2023-06-04T01:07:00.786+0000] {logging_mixin.py:117} INFO - [2023-06-04T01:07:00.786+0000] {dagbag.py:525} INFO - Filling up the DagBag from /home/airflow/.local/lib/python3.7/site-packages/airflow/example_dags/example_short_circuit_decorator.py
[2023-06-04T01:07:00.819+0000] {processor.py:768} INFO - DAG(s) dict_keys(['example_short_circuit_decorator']) retrieved from /home/airflow/.local/lib/python3.7/site-packages/airflow/example_dags/example_short_circuit_decorator.py
[2023-06-04T01:07:00.878+0000] {logging_mixin.py:117} INFO - [2023-06-04T01:07:00.878+0000] {dag.py:2573} INFO - Sync 1 DAGs
[2023-06-04T01:07:00.910+0000] {logging_mixin.py:117} INFO - [2023-06-04T01:07:00.910+0000] {dag.py:3328} INFO - Setting next_dagrun for example_short_circuit_decorator to 2023-06-03T01:07:00.910224+00:00, run_after=2023-06-04T01:07:00.910224+00:00
[2023-06-04T01:07:00.937+0000] {processor.py:178} INFO - Processing /home/airflow/.local/lib/python3.7/site-packages/airflow/example_dags/example_short_circuit_decorator.py took 0.159 seconds
[2023-06-04T01:07:31.607+0000] {processor.py:156} INFO - Started process (PID=255) to work on /home/airflow/.local/lib/python3.7/site-packages/airflow/example_dags/example_short_circuit_decorator.py
[2023-06-04T01:07:31.609+0000] {processor.py:758} INFO - Processing file /home/airflow/.local/lib/python3.7/site-packages/airflow/example_dags/example_short_circuit_decorator.py for tasks to queue
[2023-06-04T01:07:31.610+0000] {logging_mixin.py:117} INFO - [2023-06-04T01:07:31.610+0000] {dagbag.py:525} INFO - Filling up the DagBag from /home/airflow/.local/lib/python3.7/site-packages/airflow/example_dags/example_short_circuit_decorator.py
[2023-06-04T01:07:31.643+0000] {processor.py:768} INFO - DAG(s) dict_keys(['example_short_circuit_decorator']) retrieved from /home/airflow/.local/lib/python3.7/site-packages/airflow/example_dags/example_short_circuit_decorator.py
[2023-06-04T01:07:31.698+0000] {logging_mixin.py:117} INFO - [2023-06-04T01:07:31.698+0000] {dag.py:2573} INFO - Sync 1 DAGs
[2023-06-04T01:07:31.729+0000] {logging_mixin.py:117} INFO - [2023-06-04T01:07:31.729+0000] {dag.py:3328} INFO - Setting next_dagrun for example_short_circuit_decorator to 2023-06-03T01:07:31.729373+00:00, run_after=2023-06-04T01:07:31.729373+00:00
[2023-06-04T01:07:31.752+0000] {processor.py:178} INFO - Processing /home/airflow/.local/lib/python3.7/site-packages/airflow/example_dags/example_short_circuit_decorator.py took 0.150 seconds
[2023-06-04T01:08:02.227+0000] {processor.py:156} INFO - Started process (PID=319) to work on /home/airflow/.local/lib/python3.7/site-packages/airflow/example_dags/example_short_circuit_decorator.py
[2023-06-04T01:08:02.229+0000] {processor.py:758} INFO - Processing file /home/airflow/.local/lib/python3.7/site-packages/airflow/example_dags/example_short_circuit_decorator.py for tasks to queue
[2023-06-04T01:08:02.231+0000] {logging_mixin.py:117} INFO - [2023-06-04T01:08:02.231+0000] {dagbag.py:525} INFO - Filling up the DagBag from /home/airflow/.local/lib/python3.7/site-packages/airflow/example_dags/example_short_circuit_decorator.py
[2023-06-04T01:08:02.262+0000] {processor.py:768} INFO - DAG(s) dict_keys(['example_short_circuit_decorator']) retrieved from /home/airflow/.local/lib/python3.7/site-packages/airflow/example_dags/example_short_circuit_decorator.py
[2023-06-04T01:08:02.314+0000] {logging_mixin.py:117} INFO - [2023-06-04T01:08:02.314+0000] {dag.py:2573} INFO - Sync 1 DAGs
[2023-06-04T01:08:02.349+0000] {logging_mixin.py:117} INFO - [2023-06-04T01:08:02.349+0000] {dag.py:3328} INFO - Setting next_dagrun for example_short_circuit_decorator to 2023-06-03T01:08:02.349071+00:00, run_after=2023-06-04T01:08:02.349071+00:00
[2023-06-04T01:08:02.378+0000] {processor.py:178} INFO - Processing /home/airflow/.local/lib/python3.7/site-packages/airflow/example_dags/example_short_circuit_decorator.py took 0.154 seconds
[2023-06-04T01:08:32.889+0000] {processor.py:156} INFO - Started process (PID=373) to work on /home/airflow/.local/lib/python3.7/site-packages/airflow/example_dags/example_short_circuit_decorator.py
[2023-06-04T01:08:32.891+0000] {processor.py:758} INFO - Processing file /home/airflow/.local/lib/python3.7/site-packages/airflow/example_dags/example_short_circuit_decorator.py for tasks to queue
[2023-06-04T01:08:32.893+0000] {logging_mixin.py:117} INFO - [2023-06-04T01:08:32.893+0000] {dagbag.py:525} INFO - Filling up the DagBag from /home/airflow/.local/lib/python3.7/site-packages/airflow/example_dags/example_short_circuit_decorator.py
[2023-06-04T01:08:32.925+0000] {processor.py:768} INFO - DAG(s) dict_keys(['example_short_circuit_decorator']) retrieved from /home/airflow/.local/lib/python3.7/site-packages/airflow/example_dags/example_short_circuit_decorator.py
[2023-06-04T01:08:32.978+0000] {logging_mixin.py:117} INFO - [2023-06-04T01:08:32.978+0000] {dag.py:2573} INFO - Sync 1 DAGs
[2023-06-04T01:08:33.009+0000] {logging_mixin.py:117} INFO - [2023-06-04T01:08:33.009+0000] {dag.py:3328} INFO - Setting next_dagrun for example_short_circuit_decorator to 2023-06-03T01:08:33.009345+00:00, run_after=2023-06-04T01:08:33.009345+00:00
[2023-06-04T01:08:33.036+0000] {processor.py:178} INFO - Processing /home/airflow/.local/lib/python3.7/site-packages/airflow/example_dags/example_short_circuit_decorator.py took 0.151 seconds
[2023-06-04T01:09:03.967+0000] {processor.py:156} INFO - Started process (PID=438) to work on /home/airflow/.local/lib/python3.7/site-packages/airflow/example_dags/example_short_circuit_decorator.py
[2023-06-04T01:09:03.969+0000] {processor.py:758} INFO - Processing file /home/airflow/.local/lib/python3.7/site-packages/airflow/example_dags/example_short_circuit_decorator.py for tasks to queue
[2023-06-04T01:09:03.971+0000] {logging_mixin.py:117} INFO - [2023-06-04T01:09:03.971+0000] {dagbag.py:525} INFO - Filling up the DagBag from /home/airflow/.local/lib/python3.7/site-packages/airflow/example_dags/example_short_circuit_decorator.py
[2023-06-04T01:09:04.005+0000] {processor.py:768} INFO - DAG(s) dict_keys(['example_short_circuit_decorator']) retrieved from /home/airflow/.local/lib/python3.7/site-packages/airflow/example_dags/example_short_circuit_decorator.py
[2023-06-04T01:09:04.064+0000] {logging_mixin.py:117} INFO - [2023-06-04T01:09:04.064+0000] {dag.py:2573} INFO - Sync 1 DAGs
[2023-06-04T01:09:04.098+0000] {logging_mixin.py:117} INFO - [2023-06-04T01:09:04.098+0000] {dag.py:3328} INFO - Setting next_dagrun for example_short_circuit_decorator to 2023-06-03T01:09:04.098429+00:00, run_after=2023-06-04T01:09:04.098429+00:00
[2023-06-04T01:09:04.122+0000] {processor.py:178} INFO - Processing /home/airflow/.local/lib/python3.7/site-packages/airflow/example_dags/example_short_circuit_decorator.py took 0.159 seconds
[2023-06-04T01:09:35.025+0000] {processor.py:156} INFO - Started process (PID=502) to work on /home/airflow/.local/lib/python3.7/site-packages/airflow/example_dags/example_short_circuit_decorator.py
[2023-06-04T01:09:35.027+0000] {processor.py:758} INFO - Processing file /home/airflow/.local/lib/python3.7/site-packages/airflow/example_dags/example_short_circuit_decorator.py for tasks to queue
[2023-06-04T01:09:35.030+0000] {logging_mixin.py:117} INFO - [2023-06-04T01:09:35.029+0000] {dagbag.py:525} INFO - Filling up the DagBag from /home/airflow/.local/lib/python3.7/site-packages/airflow/example_dags/example_short_circuit_decorator.py
[2023-06-04T01:09:35.068+0000] {processor.py:768} INFO - DAG(s) dict_keys(['example_short_circuit_decorator']) retrieved from /home/airflow/.local/lib/python3.7/site-packages/airflow/example_dags/example_short_circuit_decorator.py
[2023-06-04T01:09:35.128+0000] {logging_mixin.py:117} INFO - [2023-06-04T01:09:35.128+0000] {dag.py:2573} INFO - Sync 1 DAGs
[2023-06-04T01:09:35.161+0000] {logging_mixin.py:117} INFO - [2023-06-04T01:09:35.161+0000] {dag.py:3328} INFO - Setting next_dagrun for example_short_circuit_decorator to 2023-06-03T01:09:35.161072+00:00, run_after=2023-06-04T01:09:35.161072+00:00
[2023-06-04T01:09:35.186+0000] {processor.py:178} INFO - Processing /home/airflow/.local/lib/python3.7/site-packages/airflow/example_dags/example_short_circuit_decorator.py took 0.166 seconds
[2023-06-04T01:10:05.853+0000] {processor.py:156} INFO - Started process (PID=557) to work on /home/airflow/.local/lib/python3.7/site-packages/airflow/example_dags/example_short_circuit_decorator.py
[2023-06-04T01:10:05.855+0000] {processor.py:758} INFO - Processing file /home/airflow/.local/lib/python3.7/site-packages/airflow/example_dags/example_short_circuit_decorator.py for tasks to queue
[2023-06-04T01:10:05.858+0000] {logging_mixin.py:117} INFO - [2023-06-04T01:10:05.857+0000] {dagbag.py:525} INFO - Filling up the DagBag from /home/airflow/.local/lib/python3.7/site-packages/airflow/example_dags/example_short_circuit_decorator.py
[2023-06-04T01:10:05.893+0000] {processor.py:768} INFO - DAG(s) dict_keys(['example_short_circuit_decorator']) retrieved from /home/airflow/.local/lib/python3.7/site-packages/airflow/example_dags/example_short_circuit_decorator.py
[2023-06-04T01:10:05.957+0000] {logging_mixin.py:117} INFO - [2023-06-04T01:10:05.957+0000] {dag.py:2573} INFO - Sync 1 DAGs
[2023-06-04T01:10:06.002+0000] {logging_mixin.py:117} INFO - [2023-06-04T01:10:06.002+0000] {dag.py:3328} INFO - Setting next_dagrun for example_short_circuit_decorator to 2023-06-03T01:10:06.002456+00:00, run_after=2023-06-04T01:10:06.002456+00:00
[2023-06-04T01:10:06.033+0000] {processor.py:178} INFO - Processing /home/airflow/.local/lib/python3.7/site-packages/airflow/example_dags/example_short_circuit_decorator.py took 0.186 seconds
[2023-06-04T01:10:36.357+0000] {processor.py:156} INFO - Started process (PID=621) to work on /home/airflow/.local/lib/python3.7/site-packages/airflow/example_dags/example_short_circuit_decorator.py
[2023-06-04T01:10:36.359+0000] {processor.py:758} INFO - Processing file /home/airflow/.local/lib/python3.7/site-packages/airflow/example_dags/example_short_circuit_decorator.py for tasks to queue
[2023-06-04T01:10:36.361+0000] {logging_mixin.py:117} INFO - [2023-06-04T01:10:36.361+0000] {dagbag.py:525} INFO - Filling up the DagBag from /home/airflow/.local/lib/python3.7/site-packages/airflow/example_dags/example_short_circuit_decorator.py
[2023-06-04T01:10:36.392+0000] {processor.py:768} INFO - DAG(s) dict_keys(['example_short_circuit_decorator']) retrieved from /home/airflow/.local/lib/python3.7/site-packages/airflow/example_dags/example_short_circuit_decorator.py
[2023-06-04T01:10:36.452+0000] {logging_mixin.py:117} INFO - [2023-06-04T01:10:36.452+0000] {dag.py:2573} INFO - Sync 1 DAGs
[2023-06-04T01:10:36.488+0000] {logging_mixin.py:117} INFO - [2023-06-04T01:10:36.488+0000] {dag.py:3328} INFO - Setting next_dagrun for example_short_circuit_decorator to 2023-06-03T01:10:36.487768+00:00, run_after=2023-06-04T01:10:36.487768+00:00
[2023-06-04T01:10:36.513+0000] {processor.py:178} INFO - Processing /home/airflow/.local/lib/python3.7/site-packages/airflow/example_dags/example_short_circuit_decorator.py took 0.160 seconds
[2023-06-04T01:11:06.888+0000] {processor.py:156} INFO - Started process (PID=685) to work on /home/airflow/.local/lib/python3.7/site-packages/airflow/example_dags/example_short_circuit_decorator.py
[2023-06-04T01:11:06.891+0000] {processor.py:758} INFO - Processing file /home/airflow/.local/lib/python3.7/site-packages/airflow/example_dags/example_short_circuit_decorator.py for tasks to queue
[2023-06-04T01:11:06.893+0000] {logging_mixin.py:117} INFO - [2023-06-04T01:11:06.893+0000] {dagbag.py:525} INFO - Filling up the DagBag from /home/airflow/.local/lib/python3.7/site-packages/airflow/example_dags/example_short_circuit_decorator.py
[2023-06-04T01:11:06.928+0000] {processor.py:768} INFO - DAG(s) dict_keys(['example_short_circuit_decorator']) retrieved from /home/airflow/.local/lib/python3.7/site-packages/airflow/example_dags/example_short_circuit_decorator.py
[2023-06-04T01:11:06.983+0000] {logging_mixin.py:117} INFO - [2023-06-04T01:11:06.983+0000] {dag.py:2573} INFO - Sync 1 DAGs
[2023-06-04T01:11:07.013+0000] {logging_mixin.py:117} INFO - [2023-06-04T01:11:07.013+0000] {dag.py:3328} INFO - Setting next_dagrun for example_short_circuit_decorator to 2023-06-03T01:11:07.012890+00:00, run_after=2023-06-04T01:11:07.012890+00:00
[2023-06-04T01:11:07.036+0000] {processor.py:178} INFO - Processing /home/airflow/.local/lib/python3.7/site-packages/airflow/example_dags/example_short_circuit_decorator.py took 0.151 seconds
[2023-06-04T01:11:38.053+0000] {processor.py:156} INFO - Started process (PID=749) to work on /home/airflow/.local/lib/python3.7/site-packages/airflow/example_dags/example_short_circuit_decorator.py
[2023-06-04T01:11:38.056+0000] {processor.py:758} INFO - Processing file /home/airflow/.local/lib/python3.7/site-packages/airflow/example_dags/example_short_circuit_decorator.py for tasks to queue
[2023-06-04T01:11:38.058+0000] {logging_mixin.py:117} INFO - [2023-06-04T01:11:38.057+0000] {dagbag.py:525} INFO - Filling up the DagBag from /home/airflow/.local/lib/python3.7/site-packages/airflow/example_dags/example_short_circuit_decorator.py
[2023-06-04T01:11:38.091+0000] {processor.py:768} INFO - DAG(s) dict_keys(['example_short_circuit_decorator']) retrieved from /home/airflow/.local/lib/python3.7/site-packages/airflow/example_dags/example_short_circuit_decorator.py
[2023-06-04T01:11:38.147+0000] {logging_mixin.py:117} INFO - [2023-06-04T01:11:38.147+0000] {dag.py:2573} INFO - Sync 1 DAGs
[2023-06-04T01:11:38.178+0000] {logging_mixin.py:117} INFO - [2023-06-04T01:11:38.178+0000] {dag.py:3328} INFO - Setting next_dagrun for example_short_circuit_decorator to 2023-06-03T01:11:38.178439+00:00, run_after=2023-06-04T01:11:38.178439+00:00
[2023-06-04T01:11:38.236+0000] {processor.py:178} INFO - Processing /home/airflow/.local/lib/python3.7/site-packages/airflow/example_dags/example_short_circuit_decorator.py took 0.187 seconds
[2023-06-04T01:12:08.325+0000] {processor.py:156} INFO - Started process (PID=804) to work on /home/airflow/.local/lib/python3.7/site-packages/airflow/example_dags/example_short_circuit_decorator.py
[2023-06-04T01:12:08.327+0000] {processor.py:758} INFO - Processing file /home/airflow/.local/lib/python3.7/site-packages/airflow/example_dags/example_short_circuit_decorator.py for tasks to queue
[2023-06-04T01:12:08.329+0000] {logging_mixin.py:117} INFO - [2023-06-04T01:12:08.328+0000] {dagbag.py:525} INFO - Filling up the DagBag from /home/airflow/.local/lib/python3.7/site-packages/airflow/example_dags/example_short_circuit_decorator.py
[2023-06-04T01:12:08.357+0000] {processor.py:768} INFO - DAG(s) dict_keys(['example_short_circuit_decorator']) retrieved from /home/airflow/.local/lib/python3.7/site-packages/airflow/example_dags/example_short_circuit_decorator.py
[2023-06-04T01:12:08.403+0000] {logging_mixin.py:117} INFO - [2023-06-04T01:12:08.403+0000] {dag.py:2573} INFO - Sync 1 DAGs
[2023-06-04T01:12:08.429+0000] {logging_mixin.py:117} INFO - [2023-06-04T01:12:08.429+0000] {dag.py:3328} INFO - Setting next_dagrun for example_short_circuit_decorator to 2023-06-03T01:12:08.429364+00:00, run_after=2023-06-04T01:12:08.429364+00:00
[2023-06-04T01:12:08.451+0000] {processor.py:178} INFO - Processing /home/airflow/.local/lib/python3.7/site-packages/airflow/example_dags/example_short_circuit_decorator.py took 0.131 seconds
[2023-06-04T01:12:38.887+0000] {processor.py:156} INFO - Started process (PID=868) to work on /home/airflow/.local/lib/python3.7/site-packages/airflow/example_dags/example_short_circuit_decorator.py
[2023-06-04T01:12:38.889+0000] {processor.py:758} INFO - Processing file /home/airflow/.local/lib/python3.7/site-packages/airflow/example_dags/example_short_circuit_decorator.py for tasks to queue
[2023-06-04T01:12:38.891+0000] {logging_mixin.py:117} INFO - [2023-06-04T01:12:38.891+0000] {dagbag.py:525} INFO - Filling up the DagBag from /home/airflow/.local/lib/python3.7/site-packages/airflow/example_dags/example_short_circuit_decorator.py
[2023-06-04T01:12:38.924+0000] {processor.py:768} INFO - DAG(s) dict_keys(['example_short_circuit_decorator']) retrieved from /home/airflow/.local/lib/python3.7/site-packages/airflow/example_dags/example_short_circuit_decorator.py
[2023-06-04T01:12:38.978+0000] {logging_mixin.py:117} INFO - [2023-06-04T01:12:38.977+0000] {dag.py:2573} INFO - Sync 1 DAGs
[2023-06-04T01:12:39.009+0000] {logging_mixin.py:117} INFO - [2023-06-04T01:12:39.009+0000] {dag.py:3328} INFO - Setting next_dagrun for example_short_circuit_decorator to 2023-06-03T01:12:39.008941+00:00, run_after=2023-06-04T01:12:39.008941+00:00
[2023-06-04T01:12:39.033+0000] {processor.py:178} INFO - Processing /home/airflow/.local/lib/python3.7/site-packages/airflow/example_dags/example_short_circuit_decorator.py took 0.150 seconds
[2023-06-04T01:13:09.163+0000] {processor.py:156} INFO - Started process (PID=932) to work on /home/airflow/.local/lib/python3.7/site-packages/airflow/example_dags/example_short_circuit_decorator.py
[2023-06-04T01:13:09.165+0000] {processor.py:758} INFO - Processing file /home/airflow/.local/lib/python3.7/site-packages/airflow/example_dags/example_short_circuit_decorator.py for tasks to queue
[2023-06-04T01:13:09.167+0000] {logging_mixin.py:117} INFO - [2023-06-04T01:13:09.167+0000] {dagbag.py:525} INFO - Filling up the DagBag from /home/airflow/.local/lib/python3.7/site-packages/airflow/example_dags/example_short_circuit_decorator.py
[2023-06-04T01:13:09.198+0000] {processor.py:768} INFO - DAG(s) dict_keys(['example_short_circuit_decorator']) retrieved from /home/airflow/.local/lib/python3.7/site-packages/airflow/example_dags/example_short_circuit_decorator.py
[2023-06-04T01:13:09.244+0000] {logging_mixin.py:117} INFO - [2023-06-04T01:13:09.244+0000] {dag.py:2573} INFO - Sync 1 DAGs
[2023-06-04T01:13:09.275+0000] {logging_mixin.py:117} INFO - [2023-06-04T01:13:09.275+0000] {dag.py:3328} INFO - Setting next_dagrun for example_short_circuit_decorator to 2023-06-03T01:13:09.275149+00:00, run_after=2023-06-04T01:13:09.275149+00:00
[2023-06-04T01:13:09.300+0000] {processor.py:178} INFO - Processing /home/airflow/.local/lib/python3.7/site-packages/airflow/example_dags/example_short_circuit_decorator.py took 0.141 seconds
[2023-06-04T01:13:39.473+0000] {processor.py:156} INFO - Started process (PID=987) to work on /home/airflow/.local/lib/python3.7/site-packages/airflow/example_dags/example_short_circuit_decorator.py
[2023-06-04T01:13:39.475+0000] {processor.py:758} INFO - Processing file /home/airflow/.local/lib/python3.7/site-packages/airflow/example_dags/example_short_circuit_decorator.py for tasks to queue
[2023-06-04T01:13:39.476+0000] {logging_mixin.py:117} INFO - [2023-06-04T01:13:39.476+0000] {dagbag.py:525} INFO - Filling up the DagBag from /home/airflow/.local/lib/python3.7/site-packages/airflow/example_dags/example_short_circuit_decorator.py
[2023-06-04T01:13:39.509+0000] {processor.py:768} INFO - DAG(s) dict_keys(['example_short_circuit_decorator']) retrieved from /home/airflow/.local/lib/python3.7/site-packages/airflow/example_dags/example_short_circuit_decorator.py
[2023-06-04T01:13:39.563+0000] {logging_mixin.py:117} INFO - [2023-06-04T01:13:39.562+0000] {dag.py:2573} INFO - Sync 1 DAGs
[2023-06-04T01:13:39.594+0000] {logging_mixin.py:117} INFO - [2023-06-04T01:13:39.594+0000] {dag.py:3328} INFO - Setting next_dagrun for example_short_circuit_decorator to 2023-06-03T01:13:39.594386+00:00, run_after=2023-06-04T01:13:39.594386+00:00
[2023-06-04T01:13:39.618+0000] {processor.py:178} INFO - Processing /home/airflow/.local/lib/python3.7/site-packages/airflow/example_dags/example_short_circuit_decorator.py took 0.149 seconds
[2023-06-04T01:14:10.300+0000] {processor.py:156} INFO - Started process (PID=1050) to work on /home/airflow/.local/lib/python3.7/site-packages/airflow/example_dags/example_short_circuit_decorator.py
[2023-06-04T01:14:10.303+0000] {processor.py:758} INFO - Processing file /home/airflow/.local/lib/python3.7/site-packages/airflow/example_dags/example_short_circuit_decorator.py for tasks to queue
[2023-06-04T01:14:10.306+0000] {logging_mixin.py:117} INFO - [2023-06-04T01:14:10.305+0000] {dagbag.py:525} INFO - Filling up the DagBag from /home/airflow/.local/lib/python3.7/site-packages/airflow/example_dags/example_short_circuit_decorator.py
[2023-06-04T01:14:10.345+0000] {processor.py:768} INFO - DAG(s) dict_keys(['example_short_circuit_decorator']) retrieved from /home/airflow/.local/lib/python3.7/site-packages/airflow/example_dags/example_short_circuit_decorator.py
[2023-06-04T01:14:10.417+0000] {logging_mixin.py:117} INFO - [2023-06-04T01:14:10.417+0000] {dag.py:2573} INFO - Sync 1 DAGs
[2023-06-04T01:14:10.457+0000] {logging_mixin.py:117} INFO - [2023-06-04T01:14:10.457+0000] {dag.py:3328} INFO - Setting next_dagrun for example_short_circuit_decorator to 2023-06-03T01:14:10.456858+00:00, run_after=2023-06-04T01:14:10.456858+00:00
[2023-06-04T01:14:10.490+0000] {processor.py:178} INFO - Processing /home/airflow/.local/lib/python3.7/site-packages/airflow/example_dags/example_short_circuit_decorator.py took 0.194 seconds
[2023-06-04T01:14:41.163+0000] {processor.py:156} INFO - Started process (PID=1113) to work on /home/airflow/.local/lib/python3.7/site-packages/airflow/example_dags/example_short_circuit_decorator.py
[2023-06-04T01:14:41.166+0000] {processor.py:758} INFO - Processing file /home/airflow/.local/lib/python3.7/site-packages/airflow/example_dags/example_short_circuit_decorator.py for tasks to queue
[2023-06-04T01:14:41.168+0000] {logging_mixin.py:117} INFO - [2023-06-04T01:14:41.168+0000] {dagbag.py:525} INFO - Filling up the DagBag from /home/airflow/.local/lib/python3.7/site-packages/airflow/example_dags/example_short_circuit_decorator.py
[2023-06-04T01:14:41.210+0000] {processor.py:768} INFO - DAG(s) dict_keys(['example_short_circuit_decorator']) retrieved from /home/airflow/.local/lib/python3.7/site-packages/airflow/example_dags/example_short_circuit_decorator.py
[2023-06-04T01:14:41.281+0000] {logging_mixin.py:117} INFO - [2023-06-04T01:14:41.280+0000] {dag.py:2573} INFO - Sync 1 DAGs
[2023-06-04T01:14:41.325+0000] {logging_mixin.py:117} INFO - [2023-06-04T01:14:41.325+0000] {dag.py:3328} INFO - Setting next_dagrun for example_short_circuit_decorator to 2023-06-03T01:14:41.324587+00:00, run_after=2023-06-04T01:14:41.324587+00:00
[2023-06-04T01:14:41.357+0000] {processor.py:178} INFO - Processing /home/airflow/.local/lib/python3.7/site-packages/airflow/example_dags/example_short_circuit_decorator.py took 0.199 seconds
[2023-06-04T01:15:12.078+0000] {processor.py:156} INFO - Started process (PID=1168) to work on /home/airflow/.local/lib/python3.7/site-packages/airflow/example_dags/example_short_circuit_decorator.py
[2023-06-04T01:15:12.081+0000] {processor.py:758} INFO - Processing file /home/airflow/.local/lib/python3.7/site-packages/airflow/example_dags/example_short_circuit_decorator.py for tasks to queue
[2023-06-04T01:15:12.085+0000] {logging_mixin.py:117} INFO - [2023-06-04T01:15:12.084+0000] {dagbag.py:525} INFO - Filling up the DagBag from /home/airflow/.local/lib/python3.7/site-packages/airflow/example_dags/example_short_circuit_decorator.py
[2023-06-04T01:15:12.132+0000] {processor.py:768} INFO - DAG(s) dict_keys(['example_short_circuit_decorator']) retrieved from /home/airflow/.local/lib/python3.7/site-packages/airflow/example_dags/example_short_circuit_decorator.py
[2023-06-04T01:15:12.202+0000] {logging_mixin.py:117} INFO - [2023-06-04T01:15:12.202+0000] {dag.py:2573} INFO - Sync 1 DAGs
[2023-06-04T01:15:12.245+0000] {logging_mixin.py:117} INFO - [2023-06-04T01:15:12.245+0000] {dag.py:3328} INFO - Setting next_dagrun for example_short_circuit_decorator to 2023-06-03T01:15:12.244980+00:00, run_after=2023-06-04T01:15:12.244980+00:00
[2023-06-04T01:15:12.273+0000] {processor.py:178} INFO - Processing /home/airflow/.local/lib/python3.7/site-packages/airflow/example_dags/example_short_circuit_decorator.py took 0.203 seconds
[2023-06-04T01:15:42.438+0000] {processor.py:156} INFO - Started process (PID=1232) to work on /home/airflow/.local/lib/python3.7/site-packages/airflow/example_dags/example_short_circuit_decorator.py
[2023-06-04T01:15:42.440+0000] {processor.py:758} INFO - Processing file /home/airflow/.local/lib/python3.7/site-packages/airflow/example_dags/example_short_circuit_decorator.py for tasks to queue
[2023-06-04T01:15:42.442+0000] {logging_mixin.py:117} INFO - [2023-06-04T01:15:42.441+0000] {dagbag.py:525} INFO - Filling up the DagBag from /home/airflow/.local/lib/python3.7/site-packages/airflow/example_dags/example_short_circuit_decorator.py
[2023-06-04T01:15:42.473+0000] {processor.py:768} INFO - DAG(s) dict_keys(['example_short_circuit_decorator']) retrieved from /home/airflow/.local/lib/python3.7/site-packages/airflow/example_dags/example_short_circuit_decorator.py
[2023-06-04T01:15:42.527+0000] {logging_mixin.py:117} INFO - [2023-06-04T01:15:42.527+0000] {dag.py:2573} INFO - Sync 1 DAGs
[2023-06-04T01:15:42.558+0000] {logging_mixin.py:117} INFO - [2023-06-04T01:15:42.558+0000] {dag.py:3328} INFO - Setting next_dagrun for example_short_circuit_decorator to 2023-06-03T01:15:42.558121+00:00, run_after=2023-06-04T01:15:42.558121+00:00
[2023-06-04T01:15:42.582+0000] {processor.py:178} INFO - Processing /home/airflow/.local/lib/python3.7/site-packages/airflow/example_dags/example_short_circuit_decorator.py took 0.148 seconds
[2023-06-04T01:16:13.023+0000] {processor.py:156} INFO - Started process (PID=1288) to work on /home/airflow/.local/lib/python3.7/site-packages/airflow/example_dags/example_short_circuit_decorator.py
[2023-06-04T01:16:13.025+0000] {processor.py:758} INFO - Processing file /home/airflow/.local/lib/python3.7/site-packages/airflow/example_dags/example_short_circuit_decorator.py for tasks to queue
[2023-06-04T01:16:13.027+0000] {logging_mixin.py:117} INFO - [2023-06-04T01:16:13.027+0000] {dagbag.py:525} INFO - Filling up the DagBag from /home/airflow/.local/lib/python3.7/site-packages/airflow/example_dags/example_short_circuit_decorator.py
[2023-06-04T01:16:13.065+0000] {processor.py:768} INFO - DAG(s) dict_keys(['example_short_circuit_decorator']) retrieved from /home/airflow/.local/lib/python3.7/site-packages/airflow/example_dags/example_short_circuit_decorator.py
[2023-06-04T01:16:13.125+0000] {logging_mixin.py:117} INFO - [2023-06-04T01:16:13.125+0000] {dag.py:2573} INFO - Sync 1 DAGs
[2023-06-04T01:16:13.160+0000] {logging_mixin.py:117} INFO - [2023-06-04T01:16:13.160+0000] {dag.py:3328} INFO - Setting next_dagrun for example_short_circuit_decorator to 2023-06-03T01:16:13.160143+00:00, run_after=2023-06-04T01:16:13.160143+00:00
[2023-06-04T01:16:13.191+0000] {processor.py:178} INFO - Processing /home/airflow/.local/lib/python3.7/site-packages/airflow/example_dags/example_short_circuit_decorator.py took 0.172 seconds
[2023-06-04T01:16:44.242+0000] {processor.py:156} INFO - Started process (PID=1351) to work on /home/airflow/.local/lib/python3.7/site-packages/airflow/example_dags/example_short_circuit_decorator.py
[2023-06-04T01:16:44.245+0000] {processor.py:758} INFO - Processing file /home/airflow/.local/lib/python3.7/site-packages/airflow/example_dags/example_short_circuit_decorator.py for tasks to queue
[2023-06-04T01:16:44.249+0000] {logging_mixin.py:117} INFO - [2023-06-04T01:16:44.248+0000] {dagbag.py:525} INFO - Filling up the DagBag from /home/airflow/.local/lib/python3.7/site-packages/airflow/example_dags/example_short_circuit_decorator.py
[2023-06-04T01:16:44.306+0000] {processor.py:768} INFO - DAG(s) dict_keys(['example_short_circuit_decorator']) retrieved from /home/airflow/.local/lib/python3.7/site-packages/airflow/example_dags/example_short_circuit_decorator.py
[2023-06-04T01:16:44.396+0000] {logging_mixin.py:117} INFO - [2023-06-04T01:16:44.396+0000] {dag.py:2573} INFO - Sync 1 DAGs
[2023-06-04T01:16:44.442+0000] {logging_mixin.py:117} INFO - [2023-06-04T01:16:44.442+0000] {dag.py:3328} INFO - Setting next_dagrun for example_short_circuit_decorator to 2023-06-03T01:16:44.441776+00:00, run_after=2023-06-04T01:16:44.441776+00:00
[2023-06-04T01:16:44.475+0000] {processor.py:178} INFO - Processing /home/airflow/.local/lib/python3.7/site-packages/airflow/example_dags/example_short_circuit_decorator.py took 0.238 seconds
[2023-06-04T01:17:14.713+0000] {processor.py:156} INFO - Started process (PID=1415) to work on /home/airflow/.local/lib/python3.7/site-packages/airflow/example_dags/example_short_circuit_decorator.py
[2023-06-04T01:17:14.715+0000] {processor.py:758} INFO - Processing file /home/airflow/.local/lib/python3.7/site-packages/airflow/example_dags/example_short_circuit_decorator.py for tasks to queue
[2023-06-04T01:17:14.717+0000] {logging_mixin.py:117} INFO - [2023-06-04T01:17:14.716+0000] {dagbag.py:525} INFO - Filling up the DagBag from /home/airflow/.local/lib/python3.7/site-packages/airflow/example_dags/example_short_circuit_decorator.py
[2023-06-04T01:17:14.755+0000] {processor.py:768} INFO - DAG(s) dict_keys(['example_short_circuit_decorator']) retrieved from /home/airflow/.local/lib/python3.7/site-packages/airflow/example_dags/example_short_circuit_decorator.py
[2023-06-04T01:17:14.808+0000] {logging_mixin.py:117} INFO - [2023-06-04T01:17:14.807+0000] {dag.py:2573} INFO - Sync 1 DAGs
[2023-06-04T01:17:14.841+0000] {logging_mixin.py:117} INFO - [2023-06-04T01:17:14.841+0000] {dag.py:3328} INFO - Setting next_dagrun for example_short_circuit_decorator to 2023-06-03T01:17:14.841109+00:00, run_after=2023-06-04T01:17:14.841109+00:00
[2023-06-04T01:17:14.866+0000] {processor.py:178} INFO - Processing /home/airflow/.local/lib/python3.7/site-packages/airflow/example_dags/example_short_circuit_decorator.py took 0.158 seconds
[2023-06-04T01:17:44.946+0000] {processor.py:156} INFO - Started process (PID=1470) to work on /home/airflow/.local/lib/python3.7/site-packages/airflow/example_dags/example_short_circuit_decorator.py
[2023-06-04T01:17:44.948+0000] {processor.py:758} INFO - Processing file /home/airflow/.local/lib/python3.7/site-packages/airflow/example_dags/example_short_circuit_decorator.py for tasks to queue
[2023-06-04T01:17:44.950+0000] {logging_mixin.py:117} INFO - [2023-06-04T01:17:44.950+0000] {dagbag.py:525} INFO - Filling up the DagBag from /home/airflow/.local/lib/python3.7/site-packages/airflow/example_dags/example_short_circuit_decorator.py
[2023-06-04T01:17:44.978+0000] {processor.py:768} INFO - DAG(s) dict_keys(['example_short_circuit_decorator']) retrieved from /home/airflow/.local/lib/python3.7/site-packages/airflow/example_dags/example_short_circuit_decorator.py
[2023-06-04T01:17:45.025+0000] {logging_mixin.py:117} INFO - [2023-06-04T01:17:45.025+0000] {dag.py:2573} INFO - Sync 1 DAGs
[2023-06-04T01:17:45.054+0000] {logging_mixin.py:117} INFO - [2023-06-04T01:17:45.054+0000] {dag.py:3328} INFO - Setting next_dagrun for example_short_circuit_decorator to 2023-06-03T01:17:45.053734+00:00, run_after=2023-06-04T01:17:45.053734+00:00
[2023-06-04T01:17:45.080+0000] {processor.py:178} INFO - Processing /home/airflow/.local/lib/python3.7/site-packages/airflow/example_dags/example_short_circuit_decorator.py took 0.139 seconds
[2023-06-04T01:18:15.249+0000] {processor.py:156} INFO - Started process (PID=1534) to work on /home/airflow/.local/lib/python3.7/site-packages/airflow/example_dags/example_short_circuit_decorator.py
[2023-06-04T01:18:15.251+0000] {processor.py:758} INFO - Processing file /home/airflow/.local/lib/python3.7/site-packages/airflow/example_dags/example_short_circuit_decorator.py for tasks to queue
[2023-06-04T01:18:15.253+0000] {logging_mixin.py:117} INFO - [2023-06-04T01:18:15.253+0000] {dagbag.py:525} INFO - Filling up the DagBag from /home/airflow/.local/lib/python3.7/site-packages/airflow/example_dags/example_short_circuit_decorator.py
[2023-06-04T01:18:15.287+0000] {processor.py:768} INFO - DAG(s) dict_keys(['example_short_circuit_decorator']) retrieved from /home/airflow/.local/lib/python3.7/site-packages/airflow/example_dags/example_short_circuit_decorator.py
[2023-06-04T01:18:15.343+0000] {logging_mixin.py:117} INFO - [2023-06-04T01:18:15.343+0000] {dag.py:2573} INFO - Sync 1 DAGs
[2023-06-04T01:18:15.372+0000] {logging_mixin.py:117} INFO - [2023-06-04T01:18:15.372+0000] {dag.py:3328} INFO - Setting next_dagrun for example_short_circuit_decorator to 2023-06-03T01:18:15.371963+00:00, run_after=2023-06-04T01:18:15.371963+00:00
[2023-06-04T01:18:15.393+0000] {processor.py:178} INFO - Processing /home/airflow/.local/lib/python3.7/site-packages/airflow/example_dags/example_short_circuit_decorator.py took 0.148 seconds
[2023-06-04T01:18:45.507+0000] {processor.py:156} INFO - Started process (PID=1596) to work on /home/airflow/.local/lib/python3.7/site-packages/airflow/example_dags/example_short_circuit_decorator.py
[2023-06-04T01:18:45.509+0000] {processor.py:758} INFO - Processing file /home/airflow/.local/lib/python3.7/site-packages/airflow/example_dags/example_short_circuit_decorator.py for tasks to queue
[2023-06-04T01:18:45.511+0000] {logging_mixin.py:117} INFO - [2023-06-04T01:18:45.510+0000] {dagbag.py:525} INFO - Filling up the DagBag from /home/airflow/.local/lib/python3.7/site-packages/airflow/example_dags/example_short_circuit_decorator.py
[2023-06-04T01:18:45.547+0000] {processor.py:768} INFO - DAG(s) dict_keys(['example_short_circuit_decorator']) retrieved from /home/airflow/.local/lib/python3.7/site-packages/airflow/example_dags/example_short_circuit_decorator.py
[2023-06-04T01:18:45.598+0000] {logging_mixin.py:117} INFO - [2023-06-04T01:18:45.598+0000] {dag.py:2573} INFO - Sync 1 DAGs
[2023-06-04T01:18:45.627+0000] {logging_mixin.py:117} INFO - [2023-06-04T01:18:45.627+0000] {dag.py:3328} INFO - Setting next_dagrun for example_short_circuit_decorator to 2023-06-03T01:18:45.627521+00:00, run_after=2023-06-04T01:18:45.627521+00:00
[2023-06-04T01:18:45.649+0000] {processor.py:178} INFO - Processing /home/airflow/.local/lib/python3.7/site-packages/airflow/example_dags/example_short_circuit_decorator.py took 0.147 seconds
[2023-06-04T01:19:16.334+0000] {processor.py:156} INFO - Started process (PID=1651) to work on /home/airflow/.local/lib/python3.7/site-packages/airflow/example_dags/example_short_circuit_decorator.py
[2023-06-04T01:19:16.336+0000] {processor.py:758} INFO - Processing file /home/airflow/.local/lib/python3.7/site-packages/airflow/example_dags/example_short_circuit_decorator.py for tasks to queue
[2023-06-04T01:19:16.339+0000] {logging_mixin.py:117} INFO - [2023-06-04T01:19:16.338+0000] {dagbag.py:525} INFO - Filling up the DagBag from /home/airflow/.local/lib/python3.7/site-packages/airflow/example_dags/example_short_circuit_decorator.py
[2023-06-04T01:19:16.373+0000] {processor.py:768} INFO - DAG(s) dict_keys(['example_short_circuit_decorator']) retrieved from /home/airflow/.local/lib/python3.7/site-packages/airflow/example_dags/example_short_circuit_decorator.py
[2023-06-04T01:19:16.447+0000] {logging_mixin.py:117} INFO - [2023-06-04T01:19:16.447+0000] {dag.py:2573} INFO - Sync 1 DAGs
[2023-06-04T01:19:16.485+0000] {logging_mixin.py:117} INFO - [2023-06-04T01:19:16.485+0000] {dag.py:3328} INFO - Setting next_dagrun for example_short_circuit_decorator to 2023-06-03T01:19:16.485226+00:00, run_after=2023-06-04T01:19:16.485226+00:00
[2023-06-04T01:19:16.511+0000] {processor.py:178} INFO - Processing /home/airflow/.local/lib/python3.7/site-packages/airflow/example_dags/example_short_circuit_decorator.py took 0.182 seconds
[2023-06-04T01:20:41.686+0000] {processor.py:157} INFO - Started process (PID=70) to work on /home/airflow/.local/lib/python3.7/site-packages/airflow/example_dags/example_short_circuit_decorator.py
[2023-06-04T01:20:41.689+0000] {processor.py:826} INFO - Processing file /home/airflow/.local/lib/python3.7/site-packages/airflow/example_dags/example_short_circuit_decorator.py for tasks to queue
[2023-06-04T01:20:41.692+0000] {logging_mixin.py:149} INFO - [2023-06-04T01:20:41.691+0000] {dagbag.py:541} INFO - Filling up the DagBag from /home/airflow/.local/lib/python3.7/site-packages/airflow/example_dags/example_short_circuit_decorator.py
[2023-06-04T01:20:41.716+0000] {processor.py:836} INFO - DAG(s) dict_keys(['example_short_circuit_decorator']) retrieved from /home/airflow/.local/lib/python3.7/site-packages/airflow/example_dags/example_short_circuit_decorator.py
[2023-06-04T01:20:41.740+0000] {logging_mixin.py:149} INFO - [2023-06-04T01:20:41.740+0000] {dag.py:2726} INFO - Sync 1 DAGs
[2023-06-04T01:20:41.784+0000] {logging_mixin.py:149} INFO - [2023-06-04T01:20:41.784+0000] {dag.py:3490} INFO - Setting next_dagrun for example_short_circuit_decorator to 2023-06-03T01:20:41.783847+00:00, run_after=2023-06-04T01:20:41.783847+00:00
[2023-06-04T01:20:41.824+0000] {processor.py:179} INFO - Processing /home/airflow/.local/lib/python3.7/site-packages/airflow/example_dags/example_short_circuit_decorator.py took 0.144 seconds
[2023-06-04T01:21:11.967+0000] {processor.py:157} INFO - Started process (PID=140) to work on /home/airflow/.local/lib/python3.7/site-packages/airflow/example_dags/example_short_circuit_decorator.py
[2023-06-04T01:21:11.969+0000] {processor.py:826} INFO - Processing file /home/airflow/.local/lib/python3.7/site-packages/airflow/example_dags/example_short_circuit_decorator.py for tasks to queue
[2023-06-04T01:21:11.972+0000] {logging_mixin.py:149} INFO - [2023-06-04T01:21:11.971+0000] {dagbag.py:541} INFO - Filling up the DagBag from /home/airflow/.local/lib/python3.7/site-packages/airflow/example_dags/example_short_circuit_decorator.py
[2023-06-04T01:21:11.990+0000] {processor.py:836} INFO - DAG(s) dict_keys(['example_short_circuit_decorator']) retrieved from /home/airflow/.local/lib/python3.7/site-packages/airflow/example_dags/example_short_circuit_decorator.py
[2023-06-04T01:21:12.028+0000] {logging_mixin.py:149} INFO - [2023-06-04T01:21:12.028+0000] {dag.py:2726} INFO - Sync 1 DAGs
[2023-06-04T01:21:12.062+0000] {logging_mixin.py:149} INFO - [2023-06-04T01:21:12.062+0000] {dag.py:3490} INFO - Setting next_dagrun for example_short_circuit_decorator to 2023-06-03T01:21:12.062390+00:00, run_after=2023-06-04T01:21:12.062390+00:00
[2023-06-04T01:21:12.087+0000] {processor.py:179} INFO - Processing /home/airflow/.local/lib/python3.7/site-packages/airflow/example_dags/example_short_circuit_decorator.py took 0.126 seconds
[2023-06-04T01:21:42.861+0000] {processor.py:157} INFO - Started process (PID=219) to work on /home/airflow/.local/lib/python3.7/site-packages/airflow/example_dags/example_short_circuit_decorator.py
[2023-06-04T01:21:42.863+0000] {processor.py:826} INFO - Processing file /home/airflow/.local/lib/python3.7/site-packages/airflow/example_dags/example_short_circuit_decorator.py for tasks to queue
[2023-06-04T01:21:42.865+0000] {logging_mixin.py:149} INFO - [2023-06-04T01:21:42.864+0000] {dagbag.py:541} INFO - Filling up the DagBag from /home/airflow/.local/lib/python3.7/site-packages/airflow/example_dags/example_short_circuit_decorator.py
[2023-06-04T01:21:42.880+0000] {processor.py:836} INFO - DAG(s) dict_keys(['example_short_circuit_decorator']) retrieved from /home/airflow/.local/lib/python3.7/site-packages/airflow/example_dags/example_short_circuit_decorator.py
[2023-06-04T01:21:42.920+0000] {logging_mixin.py:149} INFO - [2023-06-04T01:21:42.920+0000] {dag.py:2726} INFO - Sync 1 DAGs
[2023-06-04T01:21:42.957+0000] {logging_mixin.py:149} INFO - [2023-06-04T01:21:42.957+0000] {dag.py:3490} INFO - Setting next_dagrun for example_short_circuit_decorator to 2023-06-03T01:21:42.957284+00:00, run_after=2023-06-04T01:21:42.957284+00:00
[2023-06-04T01:21:42.983+0000] {processor.py:179} INFO - Processing /home/airflow/.local/lib/python3.7/site-packages/airflow/example_dags/example_short_circuit_decorator.py took 0.128 seconds
[2023-06-04T01:22:13.132+0000] {processor.py:157} INFO - Started process (PID=289) to work on /home/airflow/.local/lib/python3.7/site-packages/airflow/example_dags/example_short_circuit_decorator.py
[2023-06-04T01:22:13.134+0000] {processor.py:826} INFO - Processing file /home/airflow/.local/lib/python3.7/site-packages/airflow/example_dags/example_short_circuit_decorator.py for tasks to queue
[2023-06-04T01:22:13.137+0000] {logging_mixin.py:149} INFO - [2023-06-04T01:22:13.136+0000] {dagbag.py:541} INFO - Filling up the DagBag from /home/airflow/.local/lib/python3.7/site-packages/airflow/example_dags/example_short_circuit_decorator.py
[2023-06-04T01:22:13.154+0000] {processor.py:836} INFO - DAG(s) dict_keys(['example_short_circuit_decorator']) retrieved from /home/airflow/.local/lib/python3.7/site-packages/airflow/example_dags/example_short_circuit_decorator.py
[2023-06-04T01:22:13.200+0000] {logging_mixin.py:149} INFO - [2023-06-04T01:22:13.200+0000] {dag.py:2726} INFO - Sync 1 DAGs
[2023-06-04T01:22:13.238+0000] {logging_mixin.py:149} INFO - [2023-06-04T01:22:13.238+0000] {dag.py:3490} INFO - Setting next_dagrun for example_short_circuit_decorator to 2023-06-03T01:22:13.238328+00:00, run_after=2023-06-04T01:22:13.238328+00:00
[2023-06-04T01:22:13.267+0000] {processor.py:179} INFO - Processing /home/airflow/.local/lib/python3.7/site-packages/airflow/example_dags/example_short_circuit_decorator.py took 0.140 seconds
[2023-06-04T01:22:44.100+0000] {processor.py:157} INFO - Started process (PID=366) to work on /home/airflow/.local/lib/python3.7/site-packages/airflow/example_dags/example_short_circuit_decorator.py
[2023-06-04T01:22:44.102+0000] {processor.py:826} INFO - Processing file /home/airflow/.local/lib/python3.7/site-packages/airflow/example_dags/example_short_circuit_decorator.py for tasks to queue
[2023-06-04T01:22:44.105+0000] {logging_mixin.py:149} INFO - [2023-06-04T01:22:44.104+0000] {dagbag.py:541} INFO - Filling up the DagBag from /home/airflow/.local/lib/python3.7/site-packages/airflow/example_dags/example_short_circuit_decorator.py
[2023-06-04T01:22:44.122+0000] {processor.py:836} INFO - DAG(s) dict_keys(['example_short_circuit_decorator']) retrieved from /home/airflow/.local/lib/python3.7/site-packages/airflow/example_dags/example_short_circuit_decorator.py
[2023-06-04T01:22:44.167+0000] {logging_mixin.py:149} INFO - [2023-06-04T01:22:44.167+0000] {dag.py:2726} INFO - Sync 1 DAGs
[2023-06-04T01:22:44.211+0000] {logging_mixin.py:149} INFO - [2023-06-04T01:22:44.211+0000] {dag.py:3490} INFO - Setting next_dagrun for example_short_circuit_decorator to 2023-06-03T01:22:44.210605+00:00, run_after=2023-06-04T01:22:44.210605+00:00
[2023-06-04T01:22:44.248+0000] {processor.py:179} INFO - Processing /home/airflow/.local/lib/python3.7/site-packages/airflow/example_dags/example_short_circuit_decorator.py took 0.153 seconds
[2023-06-04T01:23:15.086+0000] {processor.py:157} INFO - Started process (PID=438) to work on /home/airflow/.local/lib/python3.7/site-packages/airflow/example_dags/example_short_circuit_decorator.py
[2023-06-04T01:23:15.088+0000] {processor.py:826} INFO - Processing file /home/airflow/.local/lib/python3.7/site-packages/airflow/example_dags/example_short_circuit_decorator.py for tasks to queue
[2023-06-04T01:23:15.090+0000] {logging_mixin.py:149} INFO - [2023-06-04T01:23:15.090+0000] {dagbag.py:541} INFO - Filling up the DagBag from /home/airflow/.local/lib/python3.7/site-packages/airflow/example_dags/example_short_circuit_decorator.py
[2023-06-04T01:23:15.105+0000] {processor.py:836} INFO - DAG(s) dict_keys(['example_short_circuit_decorator']) retrieved from /home/airflow/.local/lib/python3.7/site-packages/airflow/example_dags/example_short_circuit_decorator.py
[2023-06-04T01:23:15.142+0000] {logging_mixin.py:149} INFO - [2023-06-04T01:23:15.142+0000] {dag.py:2726} INFO - Sync 1 DAGs
[2023-06-04T01:23:15.177+0000] {logging_mixin.py:149} INFO - [2023-06-04T01:23:15.177+0000] {dag.py:3490} INFO - Setting next_dagrun for example_short_circuit_decorator to 2023-06-03T01:23:15.176950+00:00, run_after=2023-06-04T01:23:15.176950+00:00
[2023-06-04T01:23:15.202+0000] {processor.py:179} INFO - Processing /home/airflow/.local/lib/python3.7/site-packages/airflow/example_dags/example_short_circuit_decorator.py took 0.120 seconds
[2023-06-04T01:23:46.008+0000] {processor.py:157} INFO - Started process (PID=508) to work on /home/airflow/.local/lib/python3.7/site-packages/airflow/example_dags/example_short_circuit_decorator.py
[2023-06-04T01:23:46.010+0000] {processor.py:826} INFO - Processing file /home/airflow/.local/lib/python3.7/site-packages/airflow/example_dags/example_short_circuit_decorator.py for tasks to queue
[2023-06-04T01:23:46.012+0000] {logging_mixin.py:149} INFO - [2023-06-04T01:23:46.011+0000] {dagbag.py:541} INFO - Filling up the DagBag from /home/airflow/.local/lib/python3.7/site-packages/airflow/example_dags/example_short_circuit_decorator.py
[2023-06-04T01:23:46.027+0000] {processor.py:836} INFO - DAG(s) dict_keys(['example_short_circuit_decorator']) retrieved from /home/airflow/.local/lib/python3.7/site-packages/airflow/example_dags/example_short_circuit_decorator.py
[2023-06-04T01:23:46.069+0000] {logging_mixin.py:149} INFO - [2023-06-04T01:23:46.069+0000] {dag.py:2726} INFO - Sync 1 DAGs
[2023-06-04T01:23:46.107+0000] {logging_mixin.py:149} INFO - [2023-06-04T01:23:46.107+0000] {dag.py:3490} INFO - Setting next_dagrun for example_short_circuit_decorator to 2023-06-03T01:23:46.107471+00:00, run_after=2023-06-04T01:23:46.107471+00:00
[2023-06-04T01:23:46.133+0000] {processor.py:179} INFO - Processing /home/airflow/.local/lib/python3.7/site-packages/airflow/example_dags/example_short_circuit_decorator.py took 0.130 seconds
[2023-06-04T01:24:16.535+0000] {processor.py:157} INFO - Started process (PID=587) to work on /home/airflow/.local/lib/python3.7/site-packages/airflow/example_dags/example_short_circuit_decorator.py
[2023-06-04T01:24:16.537+0000] {processor.py:826} INFO - Processing file /home/airflow/.local/lib/python3.7/site-packages/airflow/example_dags/example_short_circuit_decorator.py for tasks to queue
[2023-06-04T01:24:16.539+0000] {logging_mixin.py:149} INFO - [2023-06-04T01:24:16.539+0000] {dagbag.py:541} INFO - Filling up the DagBag from /home/airflow/.local/lib/python3.7/site-packages/airflow/example_dags/example_short_circuit_decorator.py
[2023-06-04T01:24:16.553+0000] {processor.py:836} INFO - DAG(s) dict_keys(['example_short_circuit_decorator']) retrieved from /home/airflow/.local/lib/python3.7/site-packages/airflow/example_dags/example_short_circuit_decorator.py
[2023-06-04T01:24:16.592+0000] {logging_mixin.py:149} INFO - [2023-06-04T01:24:16.591+0000] {dag.py:2726} INFO - Sync 1 DAGs
[2023-06-04T01:24:16.629+0000] {logging_mixin.py:149} INFO - [2023-06-04T01:24:16.629+0000] {dag.py:3490} INFO - Setting next_dagrun for example_short_circuit_decorator to 2023-06-03T01:24:16.628908+00:00, run_after=2023-06-04T01:24:16.628908+00:00
[2023-06-04T01:24:16.655+0000] {processor.py:179} INFO - Processing /home/airflow/.local/lib/python3.7/site-packages/airflow/example_dags/example_short_circuit_decorator.py took 0.125 seconds
[2023-06-04T01:24:47.152+0000] {processor.py:157} INFO - Started process (PID=657) to work on /home/airflow/.local/lib/python3.7/site-packages/airflow/example_dags/example_short_circuit_decorator.py
[2023-06-04T01:24:47.156+0000] {processor.py:826} INFO - Processing file /home/airflow/.local/lib/python3.7/site-packages/airflow/example_dags/example_short_circuit_decorator.py for tasks to queue
[2023-06-04T01:24:47.161+0000] {logging_mixin.py:149} INFO - [2023-06-04T01:24:47.161+0000] {dagbag.py:541} INFO - Filling up the DagBag from /home/airflow/.local/lib/python3.7/site-packages/airflow/example_dags/example_short_circuit_decorator.py
[2023-06-04T01:24:47.187+0000] {processor.py:836} INFO - DAG(s) dict_keys(['example_short_circuit_decorator']) retrieved from /home/airflow/.local/lib/python3.7/site-packages/airflow/example_dags/example_short_circuit_decorator.py
[2023-06-04T01:24:47.250+0000] {logging_mixin.py:149} INFO - [2023-06-04T01:24:47.250+0000] {dag.py:2726} INFO - Sync 1 DAGs
[2023-06-04T01:24:47.297+0000] {logging_mixin.py:149} INFO - [2023-06-04T01:24:47.296+0000] {dag.py:3490} INFO - Setting next_dagrun for example_short_circuit_decorator to 2023-06-03T01:24:47.296090+00:00, run_after=2023-06-04T01:24:47.296090+00:00
[2023-06-04T01:24:47.334+0000] {processor.py:179} INFO - Processing /home/airflow/.local/lib/python3.7/site-packages/airflow/example_dags/example_short_circuit_decorator.py took 0.190 seconds
[2023-06-04T01:25:18.150+0000] {processor.py:157} INFO - Started process (PID=736) to work on /home/airflow/.local/lib/python3.7/site-packages/airflow/example_dags/example_short_circuit_decorator.py
[2023-06-04T01:25:18.153+0000] {processor.py:826} INFO - Processing file /home/airflow/.local/lib/python3.7/site-packages/airflow/example_dags/example_short_circuit_decorator.py for tasks to queue
[2023-06-04T01:25:18.156+0000] {logging_mixin.py:149} INFO - [2023-06-04T01:25:18.156+0000] {dagbag.py:541} INFO - Filling up the DagBag from /home/airflow/.local/lib/python3.7/site-packages/airflow/example_dags/example_short_circuit_decorator.py
[2023-06-04T01:25:18.173+0000] {processor.py:836} INFO - DAG(s) dict_keys(['example_short_circuit_decorator']) retrieved from /home/airflow/.local/lib/python3.7/site-packages/airflow/example_dags/example_short_circuit_decorator.py
[2023-06-04T01:25:18.222+0000] {logging_mixin.py:149} INFO - [2023-06-04T01:25:18.222+0000] {dag.py:2726} INFO - Sync 1 DAGs
[2023-06-04T01:25:18.272+0000] {logging_mixin.py:149} INFO - [2023-06-04T01:25:18.271+0000] {dag.py:3490} INFO - Setting next_dagrun for example_short_circuit_decorator to 2023-06-03T01:25:18.271561+00:00, run_after=2023-06-04T01:25:18.271561+00:00
[2023-06-04T01:25:18.301+0000] {processor.py:179} INFO - Processing /home/airflow/.local/lib/python3.7/site-packages/airflow/example_dags/example_short_circuit_decorator.py took 0.158 seconds
[2023-06-04T01:25:48.556+0000] {processor.py:157} INFO - Started process (PID=806) to work on /home/airflow/.local/lib/python3.7/site-packages/airflow/example_dags/example_short_circuit_decorator.py
[2023-06-04T01:25:48.558+0000] {processor.py:826} INFO - Processing file /home/airflow/.local/lib/python3.7/site-packages/airflow/example_dags/example_short_circuit_decorator.py for tasks to queue
[2023-06-04T01:25:48.560+0000] {logging_mixin.py:149} INFO - [2023-06-04T01:25:48.560+0000] {dagbag.py:541} INFO - Filling up the DagBag from /home/airflow/.local/lib/python3.7/site-packages/airflow/example_dags/example_short_circuit_decorator.py
[2023-06-04T01:25:48.576+0000] {processor.py:836} INFO - DAG(s) dict_keys(['example_short_circuit_decorator']) retrieved from /home/airflow/.local/lib/python3.7/site-packages/airflow/example_dags/example_short_circuit_decorator.py
[2023-06-04T01:25:48.617+0000] {logging_mixin.py:149} INFO - [2023-06-04T01:25:48.616+0000] {dag.py:2726} INFO - Sync 1 DAGs
[2023-06-04T01:25:48.654+0000] {logging_mixin.py:149} INFO - [2023-06-04T01:25:48.654+0000] {dag.py:3490} INFO - Setting next_dagrun for example_short_circuit_decorator to 2023-06-03T01:25:48.653848+00:00, run_after=2023-06-04T01:25:48.653848+00:00
[2023-06-04T01:25:48.680+0000] {processor.py:179} INFO - Processing /home/airflow/.local/lib/python3.7/site-packages/airflow/example_dags/example_short_circuit_decorator.py took 0.129 seconds
