[2023-06-04T00:36:58.673+0000] {processor.py:156} INFO - Started process (PID=75) to work on /home/airflow/.local/lib/python3.7/site-packages/airflow/example_dags/example_kubernetes_executor.py
[2023-06-04T00:36:58.680+0000] {processor.py:758} INFO - Processing file /home/airflow/.local/lib/python3.7/site-packages/airflow/example_dags/example_kubernetes_executor.py for tasks to queue
[2023-06-04T00:36:58.682+0000] {logging_mixin.py:117} INFO - [2023-06-04T00:36:58.681+0000] {dagbag.py:525} INFO - Filling up the DagBag from /home/airflow/.local/lib/python3.7/site-packages/airflow/example_dags/example_kubernetes_executor.py
[2023-06-04T00:36:58.729+0000] {processor.py:768} INFO - DAG(s) dict_keys(['example_kubernetes_executor']) retrieved from /home/airflow/.local/lib/python3.7/site-packages/airflow/example_dags/example_kubernetes_executor.py
[2023-06-04T00:36:58.903+0000] {logging_mixin.py:117} INFO - [2023-06-04T00:36:58.903+0000] {manager.py:507} INFO - Created Permission View: can delete on DAG:example_kubernetes_executor
[2023-06-04T00:36:58.918+0000] {logging_mixin.py:117} INFO - [2023-06-04T00:36:58.918+0000] {manager.py:507} INFO - Created Permission View: can read on DAG:example_kubernetes_executor
[2023-06-04T00:36:58.930+0000] {logging_mixin.py:117} INFO - [2023-06-04T00:36:58.930+0000] {manager.py:507} INFO - Created Permission View: can edit on DAG:example_kubernetes_executor
[2023-06-04T00:36:58.934+0000] {logging_mixin.py:117} INFO - [2023-06-04T00:36:58.934+0000] {dag.py:2573} INFO - Sync 1 DAGs
[2023-06-04T00:36:58.963+0000] {logging_mixin.py:117} INFO - [2023-06-04T00:36:58.963+0000] {dag.py:2594} INFO - Creating ORM DAG for example_kubernetes_executor
[2023-06-04T00:36:58.981+0000] {logging_mixin.py:117} INFO - [2023-06-04T00:36:58.981+0000] {dag.py:3328} INFO - Setting next_dagrun for example_kubernetes_executor to None, run_after=None
[2023-06-04T00:36:59.015+0000] {processor.py:178} INFO - Processing /home/airflow/.local/lib/python3.7/site-packages/airflow/example_dags/example_kubernetes_executor.py took 0.346 seconds
[2023-06-04T00:37:29.370+0000] {processor.py:156} INFO - Started process (PID=137) to work on /home/airflow/.local/lib/python3.7/site-packages/airflow/example_dags/example_kubernetes_executor.py
[2023-06-04T00:37:29.372+0000] {processor.py:758} INFO - Processing file /home/airflow/.local/lib/python3.7/site-packages/airflow/example_dags/example_kubernetes_executor.py for tasks to queue
[2023-06-04T00:37:29.374+0000] {logging_mixin.py:117} INFO - [2023-06-04T00:37:29.374+0000] {dagbag.py:525} INFO - Filling up the DagBag from /home/airflow/.local/lib/python3.7/site-packages/airflow/example_dags/example_kubernetes_executor.py
[2023-06-04T00:37:29.424+0000] {processor.py:768} INFO - DAG(s) dict_keys(['example_kubernetes_executor']) retrieved from /home/airflow/.local/lib/python3.7/site-packages/airflow/example_dags/example_kubernetes_executor.py
[2023-06-04T00:37:29.483+0000] {logging_mixin.py:117} INFO - [2023-06-04T00:37:29.482+0000] {dag.py:2573} INFO - Sync 1 DAGs
[2023-06-04T00:37:29.519+0000] {logging_mixin.py:117} INFO - [2023-06-04T00:37:29.519+0000] {dag.py:3328} INFO - Setting next_dagrun for example_kubernetes_executor to None, run_after=None
[2023-06-04T00:37:29.547+0000] {processor.py:178} INFO - Processing /home/airflow/.local/lib/python3.7/site-packages/airflow/example_dags/example_kubernetes_executor.py took 0.182 seconds
[2023-06-04T00:38:00.052+0000] {processor.py:156} INFO - Started process (PID=201) to work on /home/airflow/.local/lib/python3.7/site-packages/airflow/example_dags/example_kubernetes_executor.py
[2023-06-04T00:38:00.054+0000] {processor.py:758} INFO - Processing file /home/airflow/.local/lib/python3.7/site-packages/airflow/example_dags/example_kubernetes_executor.py for tasks to queue
[2023-06-04T00:38:00.057+0000] {logging_mixin.py:117} INFO - [2023-06-04T00:38:00.056+0000] {dagbag.py:525} INFO - Filling up the DagBag from /home/airflow/.local/lib/python3.7/site-packages/airflow/example_dags/example_kubernetes_executor.py
[2023-06-04T00:38:00.098+0000] {processor.py:768} INFO - DAG(s) dict_keys(['example_kubernetes_executor']) retrieved from /home/airflow/.local/lib/python3.7/site-packages/airflow/example_dags/example_kubernetes_executor.py
[2023-06-04T00:38:00.154+0000] {logging_mixin.py:117} INFO - [2023-06-04T00:38:00.154+0000] {dag.py:2573} INFO - Sync 1 DAGs
[2023-06-04T00:38:00.189+0000] {logging_mixin.py:117} INFO - [2023-06-04T00:38:00.188+0000] {dag.py:3328} INFO - Setting next_dagrun for example_kubernetes_executor to None, run_after=None
[2023-06-04T00:38:00.214+0000] {processor.py:178} INFO - Processing /home/airflow/.local/lib/python3.7/site-packages/airflow/example_dags/example_kubernetes_executor.py took 0.166 seconds
[2023-06-04T00:38:30.935+0000] {processor.py:156} INFO - Started process (PID=255) to work on /home/airflow/.local/lib/python3.7/site-packages/airflow/example_dags/example_kubernetes_executor.py
[2023-06-04T00:38:30.938+0000] {processor.py:758} INFO - Processing file /home/airflow/.local/lib/python3.7/site-packages/airflow/example_dags/example_kubernetes_executor.py for tasks to queue
[2023-06-04T00:38:30.940+0000] {logging_mixin.py:117} INFO - [2023-06-04T00:38:30.939+0000] {dagbag.py:525} INFO - Filling up the DagBag from /home/airflow/.local/lib/python3.7/site-packages/airflow/example_dags/example_kubernetes_executor.py
[2023-06-04T00:38:30.981+0000] {processor.py:768} INFO - DAG(s) dict_keys(['example_kubernetes_executor']) retrieved from /home/airflow/.local/lib/python3.7/site-packages/airflow/example_dags/example_kubernetes_executor.py
[2023-06-04T00:38:31.033+0000] {logging_mixin.py:117} INFO - [2023-06-04T00:38:31.032+0000] {dag.py:2573} INFO - Sync 1 DAGs
[2023-06-04T00:38:31.064+0000] {logging_mixin.py:117} INFO - [2023-06-04T00:38:31.064+0000] {dag.py:3328} INFO - Setting next_dagrun for example_kubernetes_executor to None, run_after=None
[2023-06-04T00:38:31.088+0000] {processor.py:178} INFO - Processing /home/airflow/.local/lib/python3.7/site-packages/airflow/example_dags/example_kubernetes_executor.py took 0.157 seconds
[2023-06-04T00:39:01.327+0000] {processor.py:156} INFO - Started process (PID=318) to work on /home/airflow/.local/lib/python3.7/site-packages/airflow/example_dags/example_kubernetes_executor.py
[2023-06-04T00:39:01.329+0000] {processor.py:758} INFO - Processing file /home/airflow/.local/lib/python3.7/site-packages/airflow/example_dags/example_kubernetes_executor.py for tasks to queue
[2023-06-04T00:39:01.331+0000] {logging_mixin.py:117} INFO - [2023-06-04T00:39:01.331+0000] {dagbag.py:525} INFO - Filling up the DagBag from /home/airflow/.local/lib/python3.7/site-packages/airflow/example_dags/example_kubernetes_executor.py
[2023-06-04T00:39:01.372+0000] {processor.py:768} INFO - DAG(s) dict_keys(['example_kubernetes_executor']) retrieved from /home/airflow/.local/lib/python3.7/site-packages/airflow/example_dags/example_kubernetes_executor.py
[2023-06-04T00:39:01.423+0000] {logging_mixin.py:117} INFO - [2023-06-04T00:39:01.422+0000] {dag.py:2573} INFO - Sync 1 DAGs
[2023-06-04T00:39:01.454+0000] {logging_mixin.py:117} INFO - [2023-06-04T00:39:01.453+0000] {dag.py:3328} INFO - Setting next_dagrun for example_kubernetes_executor to None, run_after=None
[2023-06-04T00:39:01.476+0000] {processor.py:178} INFO - Processing /home/airflow/.local/lib/python3.7/site-packages/airflow/example_dags/example_kubernetes_executor.py took 0.153 seconds
[2023-06-04T00:59:49.870+0000] {processor.py:156} INFO - Started process (PID=76) to work on /home/airflow/.local/lib/python3.7/site-packages/airflow/example_dags/example_kubernetes_executor.py
[2023-06-04T00:59:49.872+0000] {processor.py:758} INFO - Processing file /home/airflow/.local/lib/python3.7/site-packages/airflow/example_dags/example_kubernetes_executor.py for tasks to queue
[2023-06-04T00:59:49.875+0000] {logging_mixin.py:117} INFO - [2023-06-04T00:59:49.874+0000] {dagbag.py:525} INFO - Filling up the DagBag from /home/airflow/.local/lib/python3.7/site-packages/airflow/example_dags/example_kubernetes_executor.py
[2023-06-04T00:59:49.934+0000] {processor.py:768} INFO - DAG(s) dict_keys(['example_kubernetes_executor']) retrieved from /home/airflow/.local/lib/python3.7/site-packages/airflow/example_dags/example_kubernetes_executor.py
[2023-06-04T00:59:49.985+0000] {logging_mixin.py:117} INFO - [2023-06-04T00:59:49.985+0000] {dag.py:2573} INFO - Sync 1 DAGs
[2023-06-04T00:59:50.024+0000] {logging_mixin.py:117} INFO - [2023-06-04T00:59:50.024+0000] {dag.py:3328} INFO - Setting next_dagrun for example_kubernetes_executor to None, run_after=None
[2023-06-04T00:59:50.060+0000] {processor.py:178} INFO - Processing /home/airflow/.local/lib/python3.7/site-packages/airflow/example_dags/example_kubernetes_executor.py took 0.196 seconds
[2023-06-04T01:00:21.093+0000] {processor.py:156} INFO - Started process (PID=137) to work on /home/airflow/.local/lib/python3.7/site-packages/airflow/example_dags/example_kubernetes_executor.py
[2023-06-04T01:00:21.096+0000] {processor.py:758} INFO - Processing file /home/airflow/.local/lib/python3.7/site-packages/airflow/example_dags/example_kubernetes_executor.py for tasks to queue
[2023-06-04T01:00:21.100+0000] {logging_mixin.py:117} INFO - [2023-06-04T01:00:21.100+0000] {dagbag.py:525} INFO - Filling up the DagBag from /home/airflow/.local/lib/python3.7/site-packages/airflow/example_dags/example_kubernetes_executor.py
[2023-06-04T01:00:21.178+0000] {processor.py:768} INFO - DAG(s) dict_keys(['example_kubernetes_executor']) retrieved from /home/airflow/.local/lib/python3.7/site-packages/airflow/example_dags/example_kubernetes_executor.py
[2023-06-04T01:00:21.254+0000] {logging_mixin.py:117} INFO - [2023-06-04T01:00:21.254+0000] {dag.py:2573} INFO - Sync 1 DAGs
[2023-06-04T01:00:21.315+0000] {logging_mixin.py:117} INFO - [2023-06-04T01:00:21.314+0000] {dag.py:3328} INFO - Setting next_dagrun for example_kubernetes_executor to None, run_after=None
[2023-06-04T01:00:21.387+0000] {processor.py:178} INFO - Processing /home/airflow/.local/lib/python3.7/site-packages/airflow/example_dags/example_kubernetes_executor.py took 0.300 seconds
[2023-06-04T01:00:52.107+0000] {processor.py:156} INFO - Started process (PID=194) to work on /home/airflow/.local/lib/python3.7/site-packages/airflow/example_dags/example_kubernetes_executor.py
[2023-06-04T01:00:52.109+0000] {processor.py:758} INFO - Processing file /home/airflow/.local/lib/python3.7/site-packages/airflow/example_dags/example_kubernetes_executor.py for tasks to queue
[2023-06-04T01:00:52.111+0000] {logging_mixin.py:117} INFO - [2023-06-04T01:00:52.111+0000] {dagbag.py:525} INFO - Filling up the DagBag from /home/airflow/.local/lib/python3.7/site-packages/airflow/example_dags/example_kubernetes_executor.py
[2023-06-04T01:00:52.152+0000] {processor.py:768} INFO - DAG(s) dict_keys(['example_kubernetes_executor']) retrieved from /home/airflow/.local/lib/python3.7/site-packages/airflow/example_dags/example_kubernetes_executor.py
[2023-06-04T01:00:52.201+0000] {logging_mixin.py:117} INFO - [2023-06-04T01:00:52.201+0000] {dag.py:2573} INFO - Sync 1 DAGs
[2023-06-04T01:00:52.234+0000] {logging_mixin.py:117} INFO - [2023-06-04T01:00:52.234+0000] {dag.py:3328} INFO - Setting next_dagrun for example_kubernetes_executor to None, run_after=None
[2023-06-04T01:00:52.258+0000] {processor.py:178} INFO - Processing /home/airflow/.local/lib/python3.7/site-packages/airflow/example_dags/example_kubernetes_executor.py took 0.155 seconds
[2023-06-04T01:01:22.302+0000] {processor.py:156} INFO - Started process (PID=256) to work on /home/airflow/.local/lib/python3.7/site-packages/airflow/example_dags/example_kubernetes_executor.py
[2023-06-04T01:01:22.304+0000] {processor.py:758} INFO - Processing file /home/airflow/.local/lib/python3.7/site-packages/airflow/example_dags/example_kubernetes_executor.py for tasks to queue
[2023-06-04T01:01:22.305+0000] {logging_mixin.py:117} INFO - [2023-06-04T01:01:22.305+0000] {dagbag.py:525} INFO - Filling up the DagBag from /home/airflow/.local/lib/python3.7/site-packages/airflow/example_dags/example_kubernetes_executor.py
[2023-06-04T01:01:22.346+0000] {processor.py:768} INFO - DAG(s) dict_keys(['example_kubernetes_executor']) retrieved from /home/airflow/.local/lib/python3.7/site-packages/airflow/example_dags/example_kubernetes_executor.py
[2023-06-04T01:01:22.402+0000] {logging_mixin.py:117} INFO - [2023-06-04T01:01:22.402+0000] {dag.py:2573} INFO - Sync 1 DAGs
[2023-06-04T01:01:22.437+0000] {logging_mixin.py:117} INFO - [2023-06-04T01:01:22.437+0000] {dag.py:3328} INFO - Setting next_dagrun for example_kubernetes_executor to None, run_after=None
[2023-06-04T01:01:22.462+0000] {processor.py:178} INFO - Processing /home/airflow/.local/lib/python3.7/site-packages/airflow/example_dags/example_kubernetes_executor.py took 0.164 seconds
[2023-06-04T01:01:52.506+0000] {processor.py:156} INFO - Started process (PID=310) to work on /home/airflow/.local/lib/python3.7/site-packages/airflow/example_dags/example_kubernetes_executor.py
[2023-06-04T01:01:52.508+0000] {processor.py:758} INFO - Processing file /home/airflow/.local/lib/python3.7/site-packages/airflow/example_dags/example_kubernetes_executor.py for tasks to queue
[2023-06-04T01:01:52.510+0000] {logging_mixin.py:117} INFO - [2023-06-04T01:01:52.510+0000] {dagbag.py:525} INFO - Filling up the DagBag from /home/airflow/.local/lib/python3.7/site-packages/airflow/example_dags/example_kubernetes_executor.py
[2023-06-04T01:01:52.554+0000] {processor.py:768} INFO - DAG(s) dict_keys(['example_kubernetes_executor']) retrieved from /home/airflow/.local/lib/python3.7/site-packages/airflow/example_dags/example_kubernetes_executor.py
[2023-06-04T01:01:52.619+0000] {logging_mixin.py:117} INFO - [2023-06-04T01:01:52.619+0000] {dag.py:2573} INFO - Sync 1 DAGs
[2023-06-04T01:01:52.654+0000] {logging_mixin.py:117} INFO - [2023-06-04T01:01:52.654+0000] {dag.py:3328} INFO - Setting next_dagrun for example_kubernetes_executor to None, run_after=None
[2023-06-04T01:01:52.682+0000] {processor.py:178} INFO - Processing /home/airflow/.local/lib/python3.7/site-packages/airflow/example_dags/example_kubernetes_executor.py took 0.180 seconds
[2023-06-04T01:02:22.966+0000] {processor.py:156} INFO - Started process (PID=373) to work on /home/airflow/.local/lib/python3.7/site-packages/airflow/example_dags/example_kubernetes_executor.py
[2023-06-04T01:02:22.968+0000] {processor.py:758} INFO - Processing file /home/airflow/.local/lib/python3.7/site-packages/airflow/example_dags/example_kubernetes_executor.py for tasks to queue
[2023-06-04T01:02:22.970+0000] {logging_mixin.py:117} INFO - [2023-06-04T01:02:22.970+0000] {dagbag.py:525} INFO - Filling up the DagBag from /home/airflow/.local/lib/python3.7/site-packages/airflow/example_dags/example_kubernetes_executor.py
[2023-06-04T01:02:23.011+0000] {processor.py:768} INFO - DAG(s) dict_keys(['example_kubernetes_executor']) retrieved from /home/airflow/.local/lib/python3.7/site-packages/airflow/example_dags/example_kubernetes_executor.py
[2023-06-04T01:02:23.064+0000] {logging_mixin.py:117} INFO - [2023-06-04T01:02:23.064+0000] {dag.py:2573} INFO - Sync 1 DAGs
[2023-06-04T01:02:23.098+0000] {logging_mixin.py:117} INFO - [2023-06-04T01:02:23.098+0000] {dag.py:3328} INFO - Setting next_dagrun for example_kubernetes_executor to None, run_after=None
[2023-06-04T01:02:23.123+0000] {processor.py:178} INFO - Processing /home/airflow/.local/lib/python3.7/site-packages/airflow/example_dags/example_kubernetes_executor.py took 0.162 seconds
[2023-06-04T01:02:53.310+0000] {processor.py:156} INFO - Started process (PID=436) to work on /home/airflow/.local/lib/python3.7/site-packages/airflow/example_dags/example_kubernetes_executor.py
[2023-06-04T01:02:53.312+0000] {processor.py:758} INFO - Processing file /home/airflow/.local/lib/python3.7/site-packages/airflow/example_dags/example_kubernetes_executor.py for tasks to queue
[2023-06-04T01:02:53.313+0000] {logging_mixin.py:117} INFO - [2023-06-04T01:02:53.313+0000] {dagbag.py:525} INFO - Filling up the DagBag from /home/airflow/.local/lib/python3.7/site-packages/airflow/example_dags/example_kubernetes_executor.py
[2023-06-04T01:02:53.347+0000] {processor.py:768} INFO - DAG(s) dict_keys(['example_kubernetes_executor']) retrieved from /home/airflow/.local/lib/python3.7/site-packages/airflow/example_dags/example_kubernetes_executor.py
[2023-06-04T01:02:53.392+0000] {logging_mixin.py:117} INFO - [2023-06-04T01:02:53.392+0000] {dag.py:2573} INFO - Sync 1 DAGs
[2023-06-04T01:02:53.420+0000] {logging_mixin.py:117} INFO - [2023-06-04T01:02:53.420+0000] {dag.py:3328} INFO - Setting next_dagrun for example_kubernetes_executor to None, run_after=None
[2023-06-04T01:02:53.443+0000] {processor.py:178} INFO - Processing /home/airflow/.local/lib/python3.7/site-packages/airflow/example_dags/example_kubernetes_executor.py took 0.138 seconds
[2023-06-04T01:03:24.350+0000] {processor.py:156} INFO - Started process (PID=497) to work on /home/airflow/.local/lib/python3.7/site-packages/airflow/example_dags/example_kubernetes_executor.py
[2023-06-04T01:03:24.352+0000] {processor.py:758} INFO - Processing file /home/airflow/.local/lib/python3.7/site-packages/airflow/example_dags/example_kubernetes_executor.py for tasks to queue
[2023-06-04T01:03:24.354+0000] {logging_mixin.py:117} INFO - [2023-06-04T01:03:24.354+0000] {dagbag.py:525} INFO - Filling up the DagBag from /home/airflow/.local/lib/python3.7/site-packages/airflow/example_dags/example_kubernetes_executor.py
[2023-06-04T01:03:24.400+0000] {processor.py:768} INFO - DAG(s) dict_keys(['example_kubernetes_executor']) retrieved from /home/airflow/.local/lib/python3.7/site-packages/airflow/example_dags/example_kubernetes_executor.py
[2023-06-04T01:03:24.463+0000] {logging_mixin.py:117} INFO - [2023-06-04T01:03:24.463+0000] {dag.py:2573} INFO - Sync 1 DAGs
[2023-06-04T01:03:24.502+0000] {logging_mixin.py:117} INFO - [2023-06-04T01:03:24.502+0000] {dag.py:3328} INFO - Setting next_dagrun for example_kubernetes_executor to None, run_after=None
[2023-06-04T01:03:24.535+0000] {processor.py:178} INFO - Processing /home/airflow/.local/lib/python3.7/site-packages/airflow/example_dags/example_kubernetes_executor.py took 0.190 seconds
[2023-06-04T01:03:54.942+0000] {processor.py:156} INFO - Started process (PID=553) to work on /home/airflow/.local/lib/python3.7/site-packages/airflow/example_dags/example_kubernetes_executor.py
[2023-06-04T01:03:54.944+0000] {processor.py:758} INFO - Processing file /home/airflow/.local/lib/python3.7/site-packages/airflow/example_dags/example_kubernetes_executor.py for tasks to queue
[2023-06-04T01:03:54.946+0000] {logging_mixin.py:117} INFO - [2023-06-04T01:03:54.945+0000] {dagbag.py:525} INFO - Filling up the DagBag from /home/airflow/.local/lib/python3.7/site-packages/airflow/example_dags/example_kubernetes_executor.py
[2023-06-04T01:03:54.984+0000] {processor.py:768} INFO - DAG(s) dict_keys(['example_kubernetes_executor']) retrieved from /home/airflow/.local/lib/python3.7/site-packages/airflow/example_dags/example_kubernetes_executor.py
[2023-06-04T01:03:55.035+0000] {logging_mixin.py:117} INFO - [2023-06-04T01:03:55.035+0000] {dag.py:2573} INFO - Sync 1 DAGs
[2023-06-04T01:03:55.064+0000] {logging_mixin.py:117} INFO - [2023-06-04T01:03:55.064+0000] {dag.py:3328} INFO - Setting next_dagrun for example_kubernetes_executor to None, run_after=None
[2023-06-04T01:03:55.083+0000] {processor.py:178} INFO - Processing /home/airflow/.local/lib/python3.7/site-packages/airflow/example_dags/example_kubernetes_executor.py took 0.146 seconds
[2023-06-04T01:04:25.492+0000] {processor.py:156} INFO - Started process (PID=616) to work on /home/airflow/.local/lib/python3.7/site-packages/airflow/example_dags/example_kubernetes_executor.py
[2023-06-04T01:04:25.494+0000] {processor.py:758} INFO - Processing file /home/airflow/.local/lib/python3.7/site-packages/airflow/example_dags/example_kubernetes_executor.py for tasks to queue
[2023-06-04T01:04:25.495+0000] {logging_mixin.py:117} INFO - [2023-06-04T01:04:25.495+0000] {dagbag.py:525} INFO - Filling up the DagBag from /home/airflow/.local/lib/python3.7/site-packages/airflow/example_dags/example_kubernetes_executor.py
[2023-06-04T01:04:25.533+0000] {processor.py:768} INFO - DAG(s) dict_keys(['example_kubernetes_executor']) retrieved from /home/airflow/.local/lib/python3.7/site-packages/airflow/example_dags/example_kubernetes_executor.py
[2023-06-04T01:04:25.586+0000] {logging_mixin.py:117} INFO - [2023-06-04T01:04:25.586+0000] {dag.py:2573} INFO - Sync 1 DAGs
[2023-06-04T01:04:25.615+0000] {logging_mixin.py:117} INFO - [2023-06-04T01:04:25.615+0000] {dag.py:3328} INFO - Setting next_dagrun for example_kubernetes_executor to None, run_after=None
[2023-06-04T01:04:25.636+0000] {processor.py:178} INFO - Processing /home/airflow/.local/lib/python3.7/site-packages/airflow/example_dags/example_kubernetes_executor.py took 0.148 seconds
[2023-06-04T01:04:56.512+0000] {processor.py:156} INFO - Started process (PID=680) to work on /home/airflow/.local/lib/python3.7/site-packages/airflow/example_dags/example_kubernetes_executor.py
[2023-06-04T01:04:56.515+0000] {processor.py:758} INFO - Processing file /home/airflow/.local/lib/python3.7/site-packages/airflow/example_dags/example_kubernetes_executor.py for tasks to queue
[2023-06-04T01:04:56.518+0000] {logging_mixin.py:117} INFO - [2023-06-04T01:04:56.518+0000] {dagbag.py:525} INFO - Filling up the DagBag from /home/airflow/.local/lib/python3.7/site-packages/airflow/example_dags/example_kubernetes_executor.py
[2023-06-04T01:04:56.590+0000] {processor.py:768} INFO - DAG(s) dict_keys(['example_kubernetes_executor']) retrieved from /home/airflow/.local/lib/python3.7/site-packages/airflow/example_dags/example_kubernetes_executor.py
[2023-06-04T01:04:56.678+0000] {logging_mixin.py:117} INFO - [2023-06-04T01:04:56.677+0000] {dag.py:2573} INFO - Sync 1 DAGs
[2023-06-04T01:04:56.745+0000] {logging_mixin.py:117} INFO - [2023-06-04T01:04:56.745+0000] {dag.py:3328} INFO - Setting next_dagrun for example_kubernetes_executor to None, run_after=None
[2023-06-04T01:04:56.797+0000] {processor.py:178} INFO - Processing /home/airflow/.local/lib/python3.7/site-packages/airflow/example_dags/example_kubernetes_executor.py took 0.290 seconds
[2023-06-04T01:05:59.989+0000] {processor.py:156} INFO - Started process (PID=78) to work on /home/airflow/.local/lib/python3.7/site-packages/airflow/example_dags/example_kubernetes_executor.py
[2023-06-04T01:05:59.992+0000] {processor.py:758} INFO - Processing file /home/airflow/.local/lib/python3.7/site-packages/airflow/example_dags/example_kubernetes_executor.py for tasks to queue
[2023-06-04T01:05:59.994+0000] {logging_mixin.py:117} INFO - [2023-06-04T01:05:59.994+0000] {dagbag.py:525} INFO - Filling up the DagBag from /home/airflow/.local/lib/python3.7/site-packages/airflow/example_dags/example_kubernetes_executor.py
[2023-06-04T01:06:00.054+0000] {processor.py:768} INFO - DAG(s) dict_keys(['example_kubernetes_executor']) retrieved from /home/airflow/.local/lib/python3.7/site-packages/airflow/example_dags/example_kubernetes_executor.py
[2023-06-04T01:06:00.100+0000] {logging_mixin.py:117} INFO - [2023-06-04T01:06:00.100+0000] {dag.py:2573} INFO - Sync 1 DAGs
[2023-06-04T01:06:00.147+0000] {logging_mixin.py:117} INFO - [2023-06-04T01:06:00.147+0000] {dag.py:3328} INFO - Setting next_dagrun for example_kubernetes_executor to None, run_after=None
[2023-06-04T01:06:00.183+0000] {processor.py:178} INFO - Processing /home/airflow/.local/lib/python3.7/site-packages/airflow/example_dags/example_kubernetes_executor.py took 0.200 seconds
[2023-06-04T01:06:30.919+0000] {processor.py:156} INFO - Started process (PID=141) to work on /home/airflow/.local/lib/python3.7/site-packages/airflow/example_dags/example_kubernetes_executor.py
[2023-06-04T01:06:30.921+0000] {processor.py:758} INFO - Processing file /home/airflow/.local/lib/python3.7/site-packages/airflow/example_dags/example_kubernetes_executor.py for tasks to queue
[2023-06-04T01:06:30.923+0000] {logging_mixin.py:117} INFO - [2023-06-04T01:06:30.923+0000] {dagbag.py:525} INFO - Filling up the DagBag from /home/airflow/.local/lib/python3.7/site-packages/airflow/example_dags/example_kubernetes_executor.py
[2023-06-04T01:06:30.968+0000] {processor.py:768} INFO - DAG(s) dict_keys(['example_kubernetes_executor']) retrieved from /home/airflow/.local/lib/python3.7/site-packages/airflow/example_dags/example_kubernetes_executor.py
[2023-06-04T01:06:31.024+0000] {logging_mixin.py:117} INFO - [2023-06-04T01:06:31.023+0000] {dag.py:2573} INFO - Sync 1 DAGs
[2023-06-04T01:06:31.056+0000] {logging_mixin.py:117} INFO - [2023-06-04T01:06:31.056+0000] {dag.py:3328} INFO - Setting next_dagrun for example_kubernetes_executor to None, run_after=None
[2023-06-04T01:06:31.080+0000] {processor.py:178} INFO - Processing /home/airflow/.local/lib/python3.7/site-packages/airflow/example_dags/example_kubernetes_executor.py took 0.165 seconds
[2023-06-04T01:07:01.679+0000] {processor.py:156} INFO - Started process (PID=199) to work on /home/airflow/.local/lib/python3.7/site-packages/airflow/example_dags/example_kubernetes_executor.py
[2023-06-04T01:07:01.681+0000] {processor.py:758} INFO - Processing file /home/airflow/.local/lib/python3.7/site-packages/airflow/example_dags/example_kubernetes_executor.py for tasks to queue
[2023-06-04T01:07:01.683+0000] {logging_mixin.py:117} INFO - [2023-06-04T01:07:01.682+0000] {dagbag.py:525} INFO - Filling up the DagBag from /home/airflow/.local/lib/python3.7/site-packages/airflow/example_dags/example_kubernetes_executor.py
[2023-06-04T01:07:01.724+0000] {processor.py:768} INFO - DAG(s) dict_keys(['example_kubernetes_executor']) retrieved from /home/airflow/.local/lib/python3.7/site-packages/airflow/example_dags/example_kubernetes_executor.py
[2023-06-04T01:07:01.775+0000] {logging_mixin.py:117} INFO - [2023-06-04T01:07:01.775+0000] {dag.py:2573} INFO - Sync 1 DAGs
[2023-06-04T01:07:01.808+0000] {logging_mixin.py:117} INFO - [2023-06-04T01:07:01.808+0000] {dag.py:3328} INFO - Setting next_dagrun for example_kubernetes_executor to None, run_after=None
[2023-06-04T01:07:01.831+0000] {processor.py:178} INFO - Processing /home/airflow/.local/lib/python3.7/site-packages/airflow/example_dags/example_kubernetes_executor.py took 0.156 seconds
[2023-06-04T01:07:32.488+0000] {processor.py:156} INFO - Started process (PID=263) to work on /home/airflow/.local/lib/python3.7/site-packages/airflow/example_dags/example_kubernetes_executor.py
[2023-06-04T01:07:32.490+0000] {processor.py:758} INFO - Processing file /home/airflow/.local/lib/python3.7/site-packages/airflow/example_dags/example_kubernetes_executor.py for tasks to queue
[2023-06-04T01:07:32.492+0000] {logging_mixin.py:117} INFO - [2023-06-04T01:07:32.492+0000] {dagbag.py:525} INFO - Filling up the DagBag from /home/airflow/.local/lib/python3.7/site-packages/airflow/example_dags/example_kubernetes_executor.py
[2023-06-04T01:07:32.530+0000] {processor.py:768} INFO - DAG(s) dict_keys(['example_kubernetes_executor']) retrieved from /home/airflow/.local/lib/python3.7/site-packages/airflow/example_dags/example_kubernetes_executor.py
[2023-06-04T01:07:32.584+0000] {logging_mixin.py:117} INFO - [2023-06-04T01:07:32.584+0000] {dag.py:2573} INFO - Sync 1 DAGs
[2023-06-04T01:07:32.615+0000] {logging_mixin.py:117} INFO - [2023-06-04T01:07:32.615+0000] {dag.py:3328} INFO - Setting next_dagrun for example_kubernetes_executor to None, run_after=None
[2023-06-04T01:07:32.640+0000] {processor.py:178} INFO - Processing /home/airflow/.local/lib/python3.7/site-packages/airflow/example_dags/example_kubernetes_executor.py took 0.156 seconds
[2023-06-04T01:08:03.226+0000] {processor.py:156} INFO - Started process (PID=327) to work on /home/airflow/.local/lib/python3.7/site-packages/airflow/example_dags/example_kubernetes_executor.py
[2023-06-04T01:08:03.228+0000] {processor.py:758} INFO - Processing file /home/airflow/.local/lib/python3.7/site-packages/airflow/example_dags/example_kubernetes_executor.py for tasks to queue
[2023-06-04T01:08:03.230+0000] {logging_mixin.py:117} INFO - [2023-06-04T01:08:03.229+0000] {dagbag.py:525} INFO - Filling up the DagBag from /home/airflow/.local/lib/python3.7/site-packages/airflow/example_dags/example_kubernetes_executor.py
[2023-06-04T01:08:03.270+0000] {processor.py:768} INFO - DAG(s) dict_keys(['example_kubernetes_executor']) retrieved from /home/airflow/.local/lib/python3.7/site-packages/airflow/example_dags/example_kubernetes_executor.py
[2023-06-04T01:08:03.345+0000] {logging_mixin.py:117} INFO - [2023-06-04T01:08:03.345+0000] {dag.py:2573} INFO - Sync 1 DAGs
[2023-06-04T01:08:03.379+0000] {logging_mixin.py:117} INFO - [2023-06-04T01:08:03.378+0000] {dag.py:3328} INFO - Setting next_dagrun for example_kubernetes_executor to None, run_after=None
[2023-06-04T01:08:03.404+0000] {processor.py:178} INFO - Processing /home/airflow/.local/lib/python3.7/site-packages/airflow/example_dags/example_kubernetes_executor.py took 0.183 seconds
[2023-06-04T01:08:33.927+0000] {processor.py:156} INFO - Started process (PID=382) to work on /home/airflow/.local/lib/python3.7/site-packages/airflow/example_dags/example_kubernetes_executor.py
[2023-06-04T01:08:33.929+0000] {processor.py:758} INFO - Processing file /home/airflow/.local/lib/python3.7/site-packages/airflow/example_dags/example_kubernetes_executor.py for tasks to queue
[2023-06-04T01:08:33.931+0000] {logging_mixin.py:117} INFO - [2023-06-04T01:08:33.931+0000] {dagbag.py:525} INFO - Filling up the DagBag from /home/airflow/.local/lib/python3.7/site-packages/airflow/example_dags/example_kubernetes_executor.py
[2023-06-04T01:08:33.972+0000] {processor.py:768} INFO - DAG(s) dict_keys(['example_kubernetes_executor']) retrieved from /home/airflow/.local/lib/python3.7/site-packages/airflow/example_dags/example_kubernetes_executor.py
[2023-06-04T01:08:34.037+0000] {logging_mixin.py:117} INFO - [2023-06-04T01:08:34.037+0000] {dag.py:2573} INFO - Sync 1 DAGs
[2023-06-04T01:08:34.073+0000] {logging_mixin.py:117} INFO - [2023-06-04T01:08:34.073+0000] {dag.py:3328} INFO - Setting next_dagrun for example_kubernetes_executor to None, run_after=None
[2023-06-04T01:08:34.097+0000] {processor.py:178} INFO - Processing /home/airflow/.local/lib/python3.7/site-packages/airflow/example_dags/example_kubernetes_executor.py took 0.175 seconds
[2023-06-04T01:09:04.927+0000] {processor.py:156} INFO - Started process (PID=446) to work on /home/airflow/.local/lib/python3.7/site-packages/airflow/example_dags/example_kubernetes_executor.py
[2023-06-04T01:09:04.929+0000] {processor.py:758} INFO - Processing file /home/airflow/.local/lib/python3.7/site-packages/airflow/example_dags/example_kubernetes_executor.py for tasks to queue
[2023-06-04T01:09:04.931+0000] {logging_mixin.py:117} INFO - [2023-06-04T01:09:04.931+0000] {dagbag.py:525} INFO - Filling up the DagBag from /home/airflow/.local/lib/python3.7/site-packages/airflow/example_dags/example_kubernetes_executor.py
[2023-06-04T01:09:04.975+0000] {processor.py:768} INFO - DAG(s) dict_keys(['example_kubernetes_executor']) retrieved from /home/airflow/.local/lib/python3.7/site-packages/airflow/example_dags/example_kubernetes_executor.py
[2023-06-04T01:09:05.041+0000] {logging_mixin.py:117} INFO - [2023-06-04T01:09:05.041+0000] {dag.py:2573} INFO - Sync 1 DAGs
[2023-06-04T01:09:05.078+0000] {logging_mixin.py:117} INFO - [2023-06-04T01:09:05.078+0000] {dag.py:3328} INFO - Setting next_dagrun for example_kubernetes_executor to None, run_after=None
[2023-06-04T01:09:05.113+0000] {processor.py:178} INFO - Processing /home/airflow/.local/lib/python3.7/site-packages/airflow/example_dags/example_kubernetes_executor.py took 0.190 seconds
[2023-06-04T01:09:35.967+0000] {processor.py:156} INFO - Started process (PID=510) to work on /home/airflow/.local/lib/python3.7/site-packages/airflow/example_dags/example_kubernetes_executor.py
[2023-06-04T01:09:35.969+0000] {processor.py:758} INFO - Processing file /home/airflow/.local/lib/python3.7/site-packages/airflow/example_dags/example_kubernetes_executor.py for tasks to queue
[2023-06-04T01:09:35.970+0000] {logging_mixin.py:117} INFO - [2023-06-04T01:09:35.970+0000] {dagbag.py:525} INFO - Filling up the DagBag from /home/airflow/.local/lib/python3.7/site-packages/airflow/example_dags/example_kubernetes_executor.py
[2023-06-04T01:09:36.011+0000] {processor.py:768} INFO - DAG(s) dict_keys(['example_kubernetes_executor']) retrieved from /home/airflow/.local/lib/python3.7/site-packages/airflow/example_dags/example_kubernetes_executor.py
[2023-06-04T01:09:36.067+0000] {logging_mixin.py:117} INFO - [2023-06-04T01:09:36.067+0000] {dag.py:2573} INFO - Sync 1 DAGs
[2023-06-04T01:09:36.100+0000] {logging_mixin.py:117} INFO - [2023-06-04T01:09:36.100+0000] {dag.py:3328} INFO - Setting next_dagrun for example_kubernetes_executor to None, run_after=None
[2023-06-04T01:09:36.124+0000] {processor.py:178} INFO - Processing /home/airflow/.local/lib/python3.7/site-packages/airflow/example_dags/example_kubernetes_executor.py took 0.162 seconds
[2023-06-04T01:10:06.866+0000] {processor.py:156} INFO - Started process (PID=574) to work on /home/airflow/.local/lib/python3.7/site-packages/airflow/example_dags/example_kubernetes_executor.py
[2023-06-04T01:10:06.868+0000] {processor.py:758} INFO - Processing file /home/airflow/.local/lib/python3.7/site-packages/airflow/example_dags/example_kubernetes_executor.py for tasks to queue
[2023-06-04T01:10:06.870+0000] {logging_mixin.py:117} INFO - [2023-06-04T01:10:06.870+0000] {dagbag.py:525} INFO - Filling up the DagBag from /home/airflow/.local/lib/python3.7/site-packages/airflow/example_dags/example_kubernetes_executor.py
[2023-06-04T01:10:06.913+0000] {processor.py:768} INFO - DAG(s) dict_keys(['example_kubernetes_executor']) retrieved from /home/airflow/.local/lib/python3.7/site-packages/airflow/example_dags/example_kubernetes_executor.py
[2023-06-04T01:10:06.971+0000] {logging_mixin.py:117} INFO - [2023-06-04T01:10:06.971+0000] {dag.py:2573} INFO - Sync 1 DAGs
[2023-06-04T01:10:07.007+0000] {logging_mixin.py:117} INFO - [2023-06-04T01:10:07.006+0000] {dag.py:3328} INFO - Setting next_dagrun for example_kubernetes_executor to None, run_after=None
[2023-06-04T01:10:07.031+0000] {processor.py:178} INFO - Processing /home/airflow/.local/lib/python3.7/site-packages/airflow/example_dags/example_kubernetes_executor.py took 0.169 seconds
[2023-06-04T01:10:37.273+0000] {processor.py:156} INFO - Started process (PID=629) to work on /home/airflow/.local/lib/python3.7/site-packages/airflow/example_dags/example_kubernetes_executor.py
[2023-06-04T01:10:37.275+0000] {processor.py:758} INFO - Processing file /home/airflow/.local/lib/python3.7/site-packages/airflow/example_dags/example_kubernetes_executor.py for tasks to queue
[2023-06-04T01:10:37.277+0000] {logging_mixin.py:117} INFO - [2023-06-04T01:10:37.277+0000] {dagbag.py:525} INFO - Filling up the DagBag from /home/airflow/.local/lib/python3.7/site-packages/airflow/example_dags/example_kubernetes_executor.py
[2023-06-04T01:10:37.316+0000] {processor.py:768} INFO - DAG(s) dict_keys(['example_kubernetes_executor']) retrieved from /home/airflow/.local/lib/python3.7/site-packages/airflow/example_dags/example_kubernetes_executor.py
[2023-06-04T01:10:37.370+0000] {logging_mixin.py:117} INFO - [2023-06-04T01:10:37.370+0000] {dag.py:2573} INFO - Sync 1 DAGs
[2023-06-04T01:10:37.402+0000] {logging_mixin.py:117} INFO - [2023-06-04T01:10:37.402+0000] {dag.py:3328} INFO - Setting next_dagrun for example_kubernetes_executor to None, run_after=None
[2023-06-04T01:10:37.425+0000] {processor.py:178} INFO - Processing /home/airflow/.local/lib/python3.7/site-packages/airflow/example_dags/example_kubernetes_executor.py took 0.157 seconds
[2023-06-04T01:11:07.776+0000] {processor.py:156} INFO - Started process (PID=693) to work on /home/airflow/.local/lib/python3.7/site-packages/airflow/example_dags/example_kubernetes_executor.py
[2023-06-04T01:11:07.778+0000] {processor.py:758} INFO - Processing file /home/airflow/.local/lib/python3.7/site-packages/airflow/example_dags/example_kubernetes_executor.py for tasks to queue
[2023-06-04T01:11:07.780+0000] {logging_mixin.py:117} INFO - [2023-06-04T01:11:07.780+0000] {dagbag.py:525} INFO - Filling up the DagBag from /home/airflow/.local/lib/python3.7/site-packages/airflow/example_dags/example_kubernetes_executor.py
[2023-06-04T01:11:07.819+0000] {processor.py:768} INFO - DAG(s) dict_keys(['example_kubernetes_executor']) retrieved from /home/airflow/.local/lib/python3.7/site-packages/airflow/example_dags/example_kubernetes_executor.py
[2023-06-04T01:11:07.874+0000] {logging_mixin.py:117} INFO - [2023-06-04T01:11:07.874+0000] {dag.py:2573} INFO - Sync 1 DAGs
[2023-06-04T01:11:07.916+0000] {logging_mixin.py:117} INFO - [2023-06-04T01:11:07.916+0000] {dag.py:3328} INFO - Setting next_dagrun for example_kubernetes_executor to None, run_after=None
[2023-06-04T01:11:07.945+0000] {processor.py:178} INFO - Processing /home/airflow/.local/lib/python3.7/site-packages/airflow/example_dags/example_kubernetes_executor.py took 0.173 seconds
[2023-06-04T01:11:39.295+0000] {processor.py:156} INFO - Started process (PID=757) to work on /home/airflow/.local/lib/python3.7/site-packages/airflow/example_dags/example_kubernetes_executor.py
[2023-06-04T01:11:39.297+0000] {processor.py:758} INFO - Processing file /home/airflow/.local/lib/python3.7/site-packages/airflow/example_dags/example_kubernetes_executor.py for tasks to queue
[2023-06-04T01:11:39.299+0000] {logging_mixin.py:117} INFO - [2023-06-04T01:11:39.299+0000] {dagbag.py:525} INFO - Filling up the DagBag from /home/airflow/.local/lib/python3.7/site-packages/airflow/example_dags/example_kubernetes_executor.py
[2023-06-04T01:11:39.338+0000] {processor.py:768} INFO - DAG(s) dict_keys(['example_kubernetes_executor']) retrieved from /home/airflow/.local/lib/python3.7/site-packages/airflow/example_dags/example_kubernetes_executor.py
[2023-06-04T01:11:39.395+0000] {logging_mixin.py:117} INFO - [2023-06-04T01:11:39.395+0000] {dag.py:2573} INFO - Sync 1 DAGs
[2023-06-04T01:11:39.427+0000] {logging_mixin.py:117} INFO - [2023-06-04T01:11:39.427+0000] {dag.py:3328} INFO - Setting next_dagrun for example_kubernetes_executor to None, run_after=None
[2023-06-04T01:11:39.452+0000] {processor.py:178} INFO - Processing /home/airflow/.local/lib/python3.7/site-packages/airflow/example_dags/example_kubernetes_executor.py took 0.163 seconds
[2023-06-04T01:12:09.785+0000] {processor.py:156} INFO - Started process (PID=812) to work on /home/airflow/.local/lib/python3.7/site-packages/airflow/example_dags/example_kubernetes_executor.py
[2023-06-04T01:12:09.787+0000] {processor.py:758} INFO - Processing file /home/airflow/.local/lib/python3.7/site-packages/airflow/example_dags/example_kubernetes_executor.py for tasks to queue
[2023-06-04T01:12:09.789+0000] {logging_mixin.py:117} INFO - [2023-06-04T01:12:09.789+0000] {dagbag.py:525} INFO - Filling up the DagBag from /home/airflow/.local/lib/python3.7/site-packages/airflow/example_dags/example_kubernetes_executor.py
[2023-06-04T01:12:09.831+0000] {processor.py:768} INFO - DAG(s) dict_keys(['example_kubernetes_executor']) retrieved from /home/airflow/.local/lib/python3.7/site-packages/airflow/example_dags/example_kubernetes_executor.py
[2023-06-04T01:12:09.892+0000] {logging_mixin.py:117} INFO - [2023-06-04T01:12:09.891+0000] {dag.py:2573} INFO - Sync 1 DAGs
[2023-06-04T01:12:09.925+0000] {logging_mixin.py:117} INFO - [2023-06-04T01:12:09.925+0000] {dag.py:3328} INFO - Setting next_dagrun for example_kubernetes_executor to None, run_after=None
[2023-06-04T01:12:09.950+0000] {processor.py:178} INFO - Processing /home/airflow/.local/lib/python3.7/site-packages/airflow/example_dags/example_kubernetes_executor.py took 0.169 seconds
[2023-06-04T01:12:40.177+0000] {processor.py:156} INFO - Started process (PID=876) to work on /home/airflow/.local/lib/python3.7/site-packages/airflow/example_dags/example_kubernetes_executor.py
[2023-06-04T01:12:40.179+0000] {processor.py:758} INFO - Processing file /home/airflow/.local/lib/python3.7/site-packages/airflow/example_dags/example_kubernetes_executor.py for tasks to queue
[2023-06-04T01:12:40.181+0000] {logging_mixin.py:117} INFO - [2023-06-04T01:12:40.181+0000] {dagbag.py:525} INFO - Filling up the DagBag from /home/airflow/.local/lib/python3.7/site-packages/airflow/example_dags/example_kubernetes_executor.py
[2023-06-04T01:12:40.222+0000] {processor.py:768} INFO - DAG(s) dict_keys(['example_kubernetes_executor']) retrieved from /home/airflow/.local/lib/python3.7/site-packages/airflow/example_dags/example_kubernetes_executor.py
[2023-06-04T01:12:40.286+0000] {logging_mixin.py:117} INFO - [2023-06-04T01:12:40.286+0000] {dag.py:2573} INFO - Sync 1 DAGs
[2023-06-04T01:12:40.323+0000] {logging_mixin.py:117} INFO - [2023-06-04T01:12:40.322+0000] {dag.py:3328} INFO - Setting next_dagrun for example_kubernetes_executor to None, run_after=None
[2023-06-04T01:12:40.348+0000] {processor.py:178} INFO - Processing /home/airflow/.local/lib/python3.7/site-packages/airflow/example_dags/example_kubernetes_executor.py took 0.176 seconds
[2023-06-04T01:13:10.594+0000] {processor.py:156} INFO - Started process (PID=940) to work on /home/airflow/.local/lib/python3.7/site-packages/airflow/example_dags/example_kubernetes_executor.py
[2023-06-04T01:13:10.596+0000] {processor.py:758} INFO - Processing file /home/airflow/.local/lib/python3.7/site-packages/airflow/example_dags/example_kubernetes_executor.py for tasks to queue
[2023-06-04T01:13:10.598+0000] {logging_mixin.py:117} INFO - [2023-06-04T01:13:10.598+0000] {dagbag.py:525} INFO - Filling up the DagBag from /home/airflow/.local/lib/python3.7/site-packages/airflow/example_dags/example_kubernetes_executor.py
[2023-06-04T01:13:10.639+0000] {processor.py:768} INFO - DAG(s) dict_keys(['example_kubernetes_executor']) retrieved from /home/airflow/.local/lib/python3.7/site-packages/airflow/example_dags/example_kubernetes_executor.py
[2023-06-04T01:13:10.695+0000] {logging_mixin.py:117} INFO - [2023-06-04T01:13:10.695+0000] {dag.py:2573} INFO - Sync 1 DAGs
[2023-06-04T01:13:10.729+0000] {logging_mixin.py:117} INFO - [2023-06-04T01:13:10.729+0000] {dag.py:3328} INFO - Setting next_dagrun for example_kubernetes_executor to None, run_after=None
[2023-06-04T01:13:10.753+0000] {processor.py:178} INFO - Processing /home/airflow/.local/lib/python3.7/site-packages/airflow/example_dags/example_kubernetes_executor.py took 0.164 seconds
[2023-06-04T01:13:41.507+0000] {processor.py:156} INFO - Started process (PID=995) to work on /home/airflow/.local/lib/python3.7/site-packages/airflow/example_dags/example_kubernetes_executor.py
[2023-06-04T01:13:41.509+0000] {processor.py:758} INFO - Processing file /home/airflow/.local/lib/python3.7/site-packages/airflow/example_dags/example_kubernetes_executor.py for tasks to queue
[2023-06-04T01:13:41.511+0000] {logging_mixin.py:117} INFO - [2023-06-04T01:13:41.511+0000] {dagbag.py:525} INFO - Filling up the DagBag from /home/airflow/.local/lib/python3.7/site-packages/airflow/example_dags/example_kubernetes_executor.py
[2023-06-04T01:13:41.562+0000] {processor.py:768} INFO - DAG(s) dict_keys(['example_kubernetes_executor']) retrieved from /home/airflow/.local/lib/python3.7/site-packages/airflow/example_dags/example_kubernetes_executor.py
[2023-06-04T01:13:41.646+0000] {logging_mixin.py:117} INFO - [2023-06-04T01:13:41.646+0000] {dag.py:2573} INFO - Sync 1 DAGs
[2023-06-04T01:13:41.699+0000] {logging_mixin.py:117} INFO - [2023-06-04T01:13:41.699+0000] {dag.py:3328} INFO - Setting next_dagrun for example_kubernetes_executor to None, run_after=None
[2023-06-04T01:13:41.743+0000] {processor.py:178} INFO - Processing /home/airflow/.local/lib/python3.7/site-packages/airflow/example_dags/example_kubernetes_executor.py took 0.242 seconds
[2023-06-04T01:14:12.492+0000] {processor.py:156} INFO - Started process (PID=1058) to work on /home/airflow/.local/lib/python3.7/site-packages/airflow/example_dags/example_kubernetes_executor.py
[2023-06-04T01:14:12.511+0000] {processor.py:758} INFO - Processing file /home/airflow/.local/lib/python3.7/site-packages/airflow/example_dags/example_kubernetes_executor.py for tasks to queue
[2023-06-04T01:14:12.531+0000] {logging_mixin.py:117} INFO - [2023-06-04T01:14:12.531+0000] {dagbag.py:525} INFO - Filling up the DagBag from /home/airflow/.local/lib/python3.7/site-packages/airflow/example_dags/example_kubernetes_executor.py
[2023-06-04T01:14:12.651+0000] {processor.py:768} INFO - DAG(s) dict_keys(['example_kubernetes_executor']) retrieved from /home/airflow/.local/lib/python3.7/site-packages/airflow/example_dags/example_kubernetes_executor.py
[2023-06-04T01:14:12.760+0000] {logging_mixin.py:117} INFO - [2023-06-04T01:14:12.760+0000] {dag.py:2573} INFO - Sync 1 DAGs
[2023-06-04T01:14:12.834+0000] {logging_mixin.py:117} INFO - [2023-06-04T01:14:12.833+0000] {dag.py:3328} INFO - Setting next_dagrun for example_kubernetes_executor to None, run_after=None
[2023-06-04T01:14:12.882+0000] {processor.py:178} INFO - Processing /home/airflow/.local/lib/python3.7/site-packages/airflow/example_dags/example_kubernetes_executor.py took 0.400 seconds
[2023-06-04T01:14:43.295+0000] {processor.py:156} INFO - Started process (PID=1121) to work on /home/airflow/.local/lib/python3.7/site-packages/airflow/example_dags/example_kubernetes_executor.py
[2023-06-04T01:14:43.299+0000] {processor.py:758} INFO - Processing file /home/airflow/.local/lib/python3.7/site-packages/airflow/example_dags/example_kubernetes_executor.py for tasks to queue
[2023-06-04T01:14:43.304+0000] {logging_mixin.py:117} INFO - [2023-06-04T01:14:43.303+0000] {dagbag.py:525} INFO - Filling up the DagBag from /home/airflow/.local/lib/python3.7/site-packages/airflow/example_dags/example_kubernetes_executor.py
[2023-06-04T01:14:43.361+0000] {processor.py:768} INFO - DAG(s) dict_keys(['example_kubernetes_executor']) retrieved from /home/airflow/.local/lib/python3.7/site-packages/airflow/example_dags/example_kubernetes_executor.py
[2023-06-04T01:14:43.438+0000] {logging_mixin.py:117} INFO - [2023-06-04T01:14:43.437+0000] {dag.py:2573} INFO - Sync 1 DAGs
[2023-06-04T01:14:43.485+0000] {logging_mixin.py:117} INFO - [2023-06-04T01:14:43.485+0000] {dag.py:3328} INFO - Setting next_dagrun for example_kubernetes_executor to None, run_after=None
[2023-06-04T01:14:43.525+0000] {processor.py:178} INFO - Processing /home/airflow/.local/lib/python3.7/site-packages/airflow/example_dags/example_kubernetes_executor.py took 0.235 seconds
[2023-06-04T01:15:14.188+0000] {processor.py:156} INFO - Started process (PID=1176) to work on /home/airflow/.local/lib/python3.7/site-packages/airflow/example_dags/example_kubernetes_executor.py
[2023-06-04T01:15:14.192+0000] {processor.py:758} INFO - Processing file /home/airflow/.local/lib/python3.7/site-packages/airflow/example_dags/example_kubernetes_executor.py for tasks to queue
[2023-06-04T01:15:14.195+0000] {logging_mixin.py:117} INFO - [2023-06-04T01:15:14.195+0000] {dagbag.py:525} INFO - Filling up the DagBag from /home/airflow/.local/lib/python3.7/site-packages/airflow/example_dags/example_kubernetes_executor.py
[2023-06-04T01:15:14.261+0000] {processor.py:768} INFO - DAG(s) dict_keys(['example_kubernetes_executor']) retrieved from /home/airflow/.local/lib/python3.7/site-packages/airflow/example_dags/example_kubernetes_executor.py
[2023-06-04T01:15:14.330+0000] {logging_mixin.py:117} INFO - [2023-06-04T01:15:14.330+0000] {dag.py:2573} INFO - Sync 1 DAGs
[2023-06-04T01:15:14.384+0000] {logging_mixin.py:117} INFO - [2023-06-04T01:15:14.384+0000] {dag.py:3328} INFO - Setting next_dagrun for example_kubernetes_executor to None, run_after=None
[2023-06-04T01:15:14.422+0000] {processor.py:178} INFO - Processing /home/airflow/.local/lib/python3.7/site-packages/airflow/example_dags/example_kubernetes_executor.py took 0.241 seconds
[2023-06-04T01:15:45.598+0000] {processor.py:156} INFO - Started process (PID=1240) to work on /home/airflow/.local/lib/python3.7/site-packages/airflow/example_dags/example_kubernetes_executor.py
[2023-06-04T01:15:45.601+0000] {processor.py:758} INFO - Processing file /home/airflow/.local/lib/python3.7/site-packages/airflow/example_dags/example_kubernetes_executor.py for tasks to queue
[2023-06-04T01:15:45.603+0000] {logging_mixin.py:117} INFO - [2023-06-04T01:15:45.603+0000] {dagbag.py:525} INFO - Filling up the DagBag from /home/airflow/.local/lib/python3.7/site-packages/airflow/example_dags/example_kubernetes_executor.py
[2023-06-04T01:15:45.651+0000] {processor.py:768} INFO - DAG(s) dict_keys(['example_kubernetes_executor']) retrieved from /home/airflow/.local/lib/python3.7/site-packages/airflow/example_dags/example_kubernetes_executor.py
[2023-06-04T01:15:45.710+0000] {logging_mixin.py:117} INFO - [2023-06-04T01:15:45.710+0000] {dag.py:2573} INFO - Sync 1 DAGs
[2023-06-04T01:15:45.746+0000] {logging_mixin.py:117} INFO - [2023-06-04T01:15:45.746+0000] {dag.py:3328} INFO - Setting next_dagrun for example_kubernetes_executor to None, run_after=None
[2023-06-04T01:15:45.771+0000] {processor.py:178} INFO - Processing /home/airflow/.local/lib/python3.7/site-packages/airflow/example_dags/example_kubernetes_executor.py took 0.178 seconds
[2023-06-04T01:16:16.239+0000] {processor.py:156} INFO - Started process (PID=1304) to work on /home/airflow/.local/lib/python3.7/site-packages/airflow/example_dags/example_kubernetes_executor.py
[2023-06-04T01:16:16.242+0000] {processor.py:758} INFO - Processing file /home/airflow/.local/lib/python3.7/site-packages/airflow/example_dags/example_kubernetes_executor.py for tasks to queue
[2023-06-04T01:16:16.245+0000] {logging_mixin.py:117} INFO - [2023-06-04T01:16:16.245+0000] {dagbag.py:525} INFO - Filling up the DagBag from /home/airflow/.local/lib/python3.7/site-packages/airflow/example_dags/example_kubernetes_executor.py
[2023-06-04T01:16:16.301+0000] {processor.py:768} INFO - DAG(s) dict_keys(['example_kubernetes_executor']) retrieved from /home/airflow/.local/lib/python3.7/site-packages/airflow/example_dags/example_kubernetes_executor.py
[2023-06-04T01:16:16.397+0000] {logging_mixin.py:117} INFO - [2023-06-04T01:16:16.397+0000] {dag.py:2573} INFO - Sync 1 DAGs
[2023-06-04T01:16:16.449+0000] {logging_mixin.py:117} INFO - [2023-06-04T01:16:16.449+0000] {dag.py:3328} INFO - Setting next_dagrun for example_kubernetes_executor to None, run_after=None
[2023-06-04T01:16:16.502+0000] {processor.py:178} INFO - Processing /home/airflow/.local/lib/python3.7/site-packages/airflow/example_dags/example_kubernetes_executor.py took 0.271 seconds
[2023-06-04T01:16:47.321+0000] {processor.py:156} INFO - Started process (PID=1359) to work on /home/airflow/.local/lib/python3.7/site-packages/airflow/example_dags/example_kubernetes_executor.py
[2023-06-04T01:16:47.323+0000] {processor.py:758} INFO - Processing file /home/airflow/.local/lib/python3.7/site-packages/airflow/example_dags/example_kubernetes_executor.py for tasks to queue
[2023-06-04T01:16:47.325+0000] {logging_mixin.py:117} INFO - [2023-06-04T01:16:47.325+0000] {dagbag.py:525} INFO - Filling up the DagBag from /home/airflow/.local/lib/python3.7/site-packages/airflow/example_dags/example_kubernetes_executor.py
[2023-06-04T01:16:47.368+0000] {processor.py:768} INFO - DAG(s) dict_keys(['example_kubernetes_executor']) retrieved from /home/airflow/.local/lib/python3.7/site-packages/airflow/example_dags/example_kubernetes_executor.py
[2023-06-04T01:16:47.435+0000] {logging_mixin.py:117} INFO - [2023-06-04T01:16:47.435+0000] {dag.py:2573} INFO - Sync 1 DAGs
[2023-06-04T01:16:47.490+0000] {logging_mixin.py:117} INFO - [2023-06-04T01:16:47.489+0000] {dag.py:3328} INFO - Setting next_dagrun for example_kubernetes_executor to None, run_after=None
[2023-06-04T01:16:47.522+0000] {processor.py:178} INFO - Processing /home/airflow/.local/lib/python3.7/site-packages/airflow/example_dags/example_kubernetes_executor.py took 0.205 seconds
[2023-06-04T01:17:17.713+0000] {processor.py:156} INFO - Started process (PID=1423) to work on /home/airflow/.local/lib/python3.7/site-packages/airflow/example_dags/example_kubernetes_executor.py
[2023-06-04T01:17:17.715+0000] {processor.py:758} INFO - Processing file /home/airflow/.local/lib/python3.7/site-packages/airflow/example_dags/example_kubernetes_executor.py for tasks to queue
[2023-06-04T01:17:17.717+0000] {logging_mixin.py:117} INFO - [2023-06-04T01:17:17.717+0000] {dagbag.py:525} INFO - Filling up the DagBag from /home/airflow/.local/lib/python3.7/site-packages/airflow/example_dags/example_kubernetes_executor.py
[2023-06-04T01:17:17.757+0000] {processor.py:768} INFO - DAG(s) dict_keys(['example_kubernetes_executor']) retrieved from /home/airflow/.local/lib/python3.7/site-packages/airflow/example_dags/example_kubernetes_executor.py
[2023-06-04T01:17:17.810+0000] {logging_mixin.py:117} INFO - [2023-06-04T01:17:17.810+0000] {dag.py:2573} INFO - Sync 1 DAGs
[2023-06-04T01:17:17.845+0000] {logging_mixin.py:117} INFO - [2023-06-04T01:17:17.845+0000] {dag.py:3328} INFO - Setting next_dagrun for example_kubernetes_executor to None, run_after=None
[2023-06-04T01:17:17.874+0000] {processor.py:178} INFO - Processing /home/airflow/.local/lib/python3.7/site-packages/airflow/example_dags/example_kubernetes_executor.py took 0.165 seconds
[2023-06-04T01:17:48.864+0000] {processor.py:156} INFO - Started process (PID=1487) to work on /home/airflow/.local/lib/python3.7/site-packages/airflow/example_dags/example_kubernetes_executor.py
[2023-06-04T01:17:48.866+0000] {processor.py:758} INFO - Processing file /home/airflow/.local/lib/python3.7/site-packages/airflow/example_dags/example_kubernetes_executor.py for tasks to queue
[2023-06-04T01:17:48.868+0000] {logging_mixin.py:117} INFO - [2023-06-04T01:17:48.868+0000] {dagbag.py:525} INFO - Filling up the DagBag from /home/airflow/.local/lib/python3.7/site-packages/airflow/example_dags/example_kubernetes_executor.py
[2023-06-04T01:17:48.907+0000] {processor.py:768} INFO - DAG(s) dict_keys(['example_kubernetes_executor']) retrieved from /home/airflow/.local/lib/python3.7/site-packages/airflow/example_dags/example_kubernetes_executor.py
[2023-06-04T01:17:48.961+0000] {logging_mixin.py:117} INFO - [2023-06-04T01:17:48.961+0000] {dag.py:2573} INFO - Sync 1 DAGs
[2023-06-04T01:17:48.994+0000] {logging_mixin.py:117} INFO - [2023-06-04T01:17:48.994+0000] {dag.py:3328} INFO - Setting next_dagrun for example_kubernetes_executor to None, run_after=None
[2023-06-04T01:17:49.019+0000] {processor.py:178} INFO - Processing /home/airflow/.local/lib/python3.7/site-packages/airflow/example_dags/example_kubernetes_executor.py took 0.160 seconds
[2023-06-04T01:18:19.344+0000] {processor.py:156} INFO - Started process (PID=1542) to work on /home/airflow/.local/lib/python3.7/site-packages/airflow/example_dags/example_kubernetes_executor.py
[2023-06-04T01:18:19.346+0000] {processor.py:758} INFO - Processing file /home/airflow/.local/lib/python3.7/site-packages/airflow/example_dags/example_kubernetes_executor.py for tasks to queue
[2023-06-04T01:18:19.348+0000] {logging_mixin.py:117} INFO - [2023-06-04T01:18:19.348+0000] {dagbag.py:525} INFO - Filling up the DagBag from /home/airflow/.local/lib/python3.7/site-packages/airflow/example_dags/example_kubernetes_executor.py
[2023-06-04T01:18:19.388+0000] {processor.py:768} INFO - DAG(s) dict_keys(['example_kubernetes_executor']) retrieved from /home/airflow/.local/lib/python3.7/site-packages/airflow/example_dags/example_kubernetes_executor.py
[2023-06-04T01:18:19.443+0000] {logging_mixin.py:117} INFO - [2023-06-04T01:18:19.443+0000] {dag.py:2573} INFO - Sync 1 DAGs
[2023-06-04T01:18:19.478+0000] {logging_mixin.py:117} INFO - [2023-06-04T01:18:19.477+0000] {dag.py:3328} INFO - Setting next_dagrun for example_kubernetes_executor to None, run_after=None
[2023-06-04T01:18:19.506+0000] {processor.py:178} INFO - Processing /home/airflow/.local/lib/python3.7/site-packages/airflow/example_dags/example_kubernetes_executor.py took 0.167 seconds
[2023-06-04T01:18:50.613+0000] {processor.py:156} INFO - Started process (PID=1605) to work on /home/airflow/.local/lib/python3.7/site-packages/airflow/example_dags/example_kubernetes_executor.py
[2023-06-04T01:18:50.614+0000] {processor.py:758} INFO - Processing file /home/airflow/.local/lib/python3.7/site-packages/airflow/example_dags/example_kubernetes_executor.py for tasks to queue
[2023-06-04T01:18:50.616+0000] {logging_mixin.py:117} INFO - [2023-06-04T01:18:50.616+0000] {dagbag.py:525} INFO - Filling up the DagBag from /home/airflow/.local/lib/python3.7/site-packages/airflow/example_dags/example_kubernetes_executor.py
[2023-06-04T01:18:50.655+0000] {processor.py:768} INFO - DAG(s) dict_keys(['example_kubernetes_executor']) retrieved from /home/airflow/.local/lib/python3.7/site-packages/airflow/example_dags/example_kubernetes_executor.py
[2023-06-04T01:18:50.709+0000] {logging_mixin.py:117} INFO - [2023-06-04T01:18:50.709+0000] {dag.py:2573} INFO - Sync 1 DAGs
[2023-06-04T01:18:50.745+0000] {logging_mixin.py:117} INFO - [2023-06-04T01:18:50.744+0000] {dag.py:3328} INFO - Setting next_dagrun for example_kubernetes_executor to None, run_after=None
[2023-06-04T01:18:50.772+0000] {processor.py:178} INFO - Processing /home/airflow/.local/lib/python3.7/site-packages/airflow/example_dags/example_kubernetes_executor.py took 0.165 seconds
[2023-06-04T01:19:21.433+0000] {processor.py:156} INFO - Started process (PID=1669) to work on /home/airflow/.local/lib/python3.7/site-packages/airflow/example_dags/example_kubernetes_executor.py
[2023-06-04T01:19:21.435+0000] {processor.py:758} INFO - Processing file /home/airflow/.local/lib/python3.7/site-packages/airflow/example_dags/example_kubernetes_executor.py for tasks to queue
[2023-06-04T01:19:21.436+0000] {logging_mixin.py:117} INFO - [2023-06-04T01:19:21.436+0000] {dagbag.py:525} INFO - Filling up the DagBag from /home/airflow/.local/lib/python3.7/site-packages/airflow/example_dags/example_kubernetes_executor.py
[2023-06-04T01:19:21.475+0000] {processor.py:768} INFO - DAG(s) dict_keys(['example_kubernetes_executor']) retrieved from /home/airflow/.local/lib/python3.7/site-packages/airflow/example_dags/example_kubernetes_executor.py
[2023-06-04T01:19:21.528+0000] {logging_mixin.py:117} INFO - [2023-06-04T01:19:21.528+0000] {dag.py:2573} INFO - Sync 1 DAGs
[2023-06-04T01:19:21.563+0000] {logging_mixin.py:117} INFO - [2023-06-04T01:19:21.563+0000] {dag.py:3328} INFO - Setting next_dagrun for example_kubernetes_executor to None, run_after=None
[2023-06-04T01:19:21.588+0000] {processor.py:178} INFO - Processing /home/airflow/.local/lib/python3.7/site-packages/airflow/example_dags/example_kubernetes_executor.py took 0.160 seconds
[2023-06-04T01:20:42.712+0000] {processor.py:157} INFO - Started process (PID=80) to work on /home/airflow/.local/lib/python3.7/site-packages/airflow/example_dags/example_kubernetes_executor.py
[2023-06-04T01:20:42.714+0000] {processor.py:826} INFO - Processing file /home/airflow/.local/lib/python3.7/site-packages/airflow/example_dags/example_kubernetes_executor.py for tasks to queue
[2023-06-04T01:20:42.716+0000] {logging_mixin.py:149} INFO - [2023-06-04T01:20:42.716+0000] {dagbag.py:541} INFO - Filling up the DagBag from /home/airflow/.local/lib/python3.7/site-packages/airflow/example_dags/example_kubernetes_executor.py
[2023-06-04T01:20:43.735+0000] {processor.py:836} INFO - DAG(s) dict_keys(['example_kubernetes_executor']) retrieved from /home/airflow/.local/lib/python3.7/site-packages/airflow/example_dags/example_kubernetes_executor.py
[2023-06-04T01:20:43.756+0000] {logging_mixin.py:149} INFO - [2023-06-04T01:20:43.756+0000] {dag.py:2726} INFO - Sync 1 DAGs
[2023-06-04T01:20:43.801+0000] {logging_mixin.py:149} INFO - [2023-06-04T01:20:43.801+0000] {dag.py:3490} INFO - Setting next_dagrun for example_kubernetes_executor to None, run_after=None
[2023-06-04T01:20:43.834+0000] {processor.py:179} INFO - Processing /home/airflow/.local/lib/python3.7/site-packages/airflow/example_dags/example_kubernetes_executor.py took 1.127 seconds
[2023-06-04T01:21:13.915+0000] {processor.py:157} INFO - Started process (PID=150) to work on /home/airflow/.local/lib/python3.7/site-packages/airflow/example_dags/example_kubernetes_executor.py
[2023-06-04T01:21:13.938+0000] {processor.py:826} INFO - Processing file /home/airflow/.local/lib/python3.7/site-packages/airflow/example_dags/example_kubernetes_executor.py for tasks to queue
[2023-06-04T01:21:13.960+0000] {logging_mixin.py:149} INFO - [2023-06-04T01:21:13.960+0000] {dagbag.py:541} INFO - Filling up the DagBag from /home/airflow/.local/lib/python3.7/site-packages/airflow/example_dags/example_kubernetes_executor.py
[2023-06-04T01:21:14.256+0000] {processor.py:836} INFO - DAG(s) dict_keys(['example_kubernetes_executor']) retrieved from /home/airflow/.local/lib/python3.7/site-packages/airflow/example_dags/example_kubernetes_executor.py
[2023-06-04T01:21:14.313+0000] {logging_mixin.py:149} INFO - [2023-06-04T01:21:14.313+0000] {dag.py:2726} INFO - Sync 1 DAGs
[2023-06-04T01:21:14.354+0000] {logging_mixin.py:149} INFO - [2023-06-04T01:21:14.353+0000] {dag.py:3490} INFO - Setting next_dagrun for example_kubernetes_executor to None, run_after=None
[2023-06-04T01:21:14.383+0000] {processor.py:179} INFO - Processing /home/airflow/.local/lib/python3.7/site-packages/airflow/example_dags/example_kubernetes_executor.py took 0.475 seconds
[2023-06-04T01:21:44.909+0000] {processor.py:157} INFO - Started process (PID=229) to work on /home/airflow/.local/lib/python3.7/site-packages/airflow/example_dags/example_kubernetes_executor.py
[2023-06-04T01:21:44.912+0000] {processor.py:826} INFO - Processing file /home/airflow/.local/lib/python3.7/site-packages/airflow/example_dags/example_kubernetes_executor.py for tasks to queue
[2023-06-04T01:21:44.916+0000] {logging_mixin.py:149} INFO - [2023-06-04T01:21:44.915+0000] {dagbag.py:541} INFO - Filling up the DagBag from /home/airflow/.local/lib/python3.7/site-packages/airflow/example_dags/example_kubernetes_executor.py
[2023-06-04T01:21:45.282+0000] {processor.py:836} INFO - DAG(s) dict_keys(['example_kubernetes_executor']) retrieved from /home/airflow/.local/lib/python3.7/site-packages/airflow/example_dags/example_kubernetes_executor.py
[2023-06-04T01:21:45.348+0000] {logging_mixin.py:149} INFO - [2023-06-04T01:21:45.347+0000] {dag.py:2726} INFO - Sync 1 DAGs
[2023-06-04T01:21:45.396+0000] {logging_mixin.py:149} INFO - [2023-06-04T01:21:45.396+0000] {dag.py:3490} INFO - Setting next_dagrun for example_kubernetes_executor to None, run_after=None
[2023-06-04T01:21:45.442+0000] {processor.py:179} INFO - Processing /home/airflow/.local/lib/python3.7/site-packages/airflow/example_dags/example_kubernetes_executor.py took 0.540 seconds
[2023-06-04T01:22:15.532+0000] {processor.py:157} INFO - Started process (PID=299) to work on /home/airflow/.local/lib/python3.7/site-packages/airflow/example_dags/example_kubernetes_executor.py
[2023-06-04T01:22:15.534+0000] {processor.py:826} INFO - Processing file /home/airflow/.local/lib/python3.7/site-packages/airflow/example_dags/example_kubernetes_executor.py for tasks to queue
[2023-06-04T01:22:15.536+0000] {logging_mixin.py:149} INFO - [2023-06-04T01:22:15.536+0000] {dagbag.py:541} INFO - Filling up the DagBag from /home/airflow/.local/lib/python3.7/site-packages/airflow/example_dags/example_kubernetes_executor.py
[2023-06-04T01:22:15.879+0000] {processor.py:836} INFO - DAG(s) dict_keys(['example_kubernetes_executor']) retrieved from /home/airflow/.local/lib/python3.7/site-packages/airflow/example_dags/example_kubernetes_executor.py
[2023-06-04T01:22:15.947+0000] {logging_mixin.py:149} INFO - [2023-06-04T01:22:15.947+0000] {dag.py:2726} INFO - Sync 1 DAGs
[2023-06-04T01:22:15.983+0000] {logging_mixin.py:149} INFO - [2023-06-04T01:22:15.983+0000] {dag.py:3490} INFO - Setting next_dagrun for example_kubernetes_executor to None, run_after=None
[2023-06-04T01:22:16.013+0000] {processor.py:179} INFO - Processing /home/airflow/.local/lib/python3.7/site-packages/airflow/example_dags/example_kubernetes_executor.py took 0.486 seconds
[2023-06-04T01:22:46.102+0000] {processor.py:157} INFO - Started process (PID=378) to work on /home/airflow/.local/lib/python3.7/site-packages/airflow/example_dags/example_kubernetes_executor.py
[2023-06-04T01:22:46.104+0000] {processor.py:826} INFO - Processing file /home/airflow/.local/lib/python3.7/site-packages/airflow/example_dags/example_kubernetes_executor.py for tasks to queue
[2023-06-04T01:22:46.106+0000] {logging_mixin.py:149} INFO - [2023-06-04T01:22:46.106+0000] {dagbag.py:541} INFO - Filling up the DagBag from /home/airflow/.local/lib/python3.7/site-packages/airflow/example_dags/example_kubernetes_executor.py
[2023-06-04T01:22:46.367+0000] {processor.py:836} INFO - DAG(s) dict_keys(['example_kubernetes_executor']) retrieved from /home/airflow/.local/lib/python3.7/site-packages/airflow/example_dags/example_kubernetes_executor.py
[2023-06-04T01:22:46.426+0000] {logging_mixin.py:149} INFO - [2023-06-04T01:22:46.425+0000] {dag.py:2726} INFO - Sync 1 DAGs
[2023-06-04T01:22:46.467+0000] {logging_mixin.py:149} INFO - [2023-06-04T01:22:46.467+0000] {dag.py:3490} INFO - Setting next_dagrun for example_kubernetes_executor to None, run_after=None
[2023-06-04T01:22:46.513+0000] {processor.py:179} INFO - Processing /home/airflow/.local/lib/python3.7/site-packages/airflow/example_dags/example_kubernetes_executor.py took 0.416 seconds
[2023-06-04T01:23:16.867+0000] {processor.py:157} INFO - Started process (PID=448) to work on /home/airflow/.local/lib/python3.7/site-packages/airflow/example_dags/example_kubernetes_executor.py
[2023-06-04T01:23:16.869+0000] {processor.py:826} INFO - Processing file /home/airflow/.local/lib/python3.7/site-packages/airflow/example_dags/example_kubernetes_executor.py for tasks to queue
[2023-06-04T01:23:16.871+0000] {logging_mixin.py:149} INFO - [2023-06-04T01:23:16.871+0000] {dagbag.py:541} INFO - Filling up the DagBag from /home/airflow/.local/lib/python3.7/site-packages/airflow/example_dags/example_kubernetes_executor.py
[2023-06-04T01:23:17.102+0000] {processor.py:836} INFO - DAG(s) dict_keys(['example_kubernetes_executor']) retrieved from /home/airflow/.local/lib/python3.7/site-packages/airflow/example_dags/example_kubernetes_executor.py
[2023-06-04T01:23:17.154+0000] {logging_mixin.py:149} INFO - [2023-06-04T01:23:17.154+0000] {dag.py:2726} INFO - Sync 1 DAGs
[2023-06-04T01:23:17.190+0000] {logging_mixin.py:149} INFO - [2023-06-04T01:23:17.190+0000] {dag.py:3490} INFO - Setting next_dagrun for example_kubernetes_executor to None, run_after=None
[2023-06-04T01:23:17.219+0000] {processor.py:179} INFO - Processing /home/airflow/.local/lib/python3.7/site-packages/airflow/example_dags/example_kubernetes_executor.py took 0.358 seconds
[2023-06-04T01:23:47.784+0000] {processor.py:157} INFO - Started process (PID=518) to work on /home/airflow/.local/lib/python3.7/site-packages/airflow/example_dags/example_kubernetes_executor.py
[2023-06-04T01:23:47.786+0000] {processor.py:826} INFO - Processing file /home/airflow/.local/lib/python3.7/site-packages/airflow/example_dags/example_kubernetes_executor.py for tasks to queue
[2023-06-04T01:23:47.788+0000] {logging_mixin.py:149} INFO - [2023-06-04T01:23:47.788+0000] {dagbag.py:541} INFO - Filling up the DagBag from /home/airflow/.local/lib/python3.7/site-packages/airflow/example_dags/example_kubernetes_executor.py
[2023-06-04T01:23:48.029+0000] {processor.py:836} INFO - DAG(s) dict_keys(['example_kubernetes_executor']) retrieved from /home/airflow/.local/lib/python3.7/site-packages/airflow/example_dags/example_kubernetes_executor.py
[2023-06-04T01:23:48.085+0000] {logging_mixin.py:149} INFO - [2023-06-04T01:23:48.085+0000] {dag.py:2726} INFO - Sync 1 DAGs
[2023-06-04T01:23:48.123+0000] {logging_mixin.py:149} INFO - [2023-06-04T01:23:48.123+0000] {dag.py:3490} INFO - Setting next_dagrun for example_kubernetes_executor to None, run_after=None
[2023-06-04T01:23:48.151+0000] {processor.py:179} INFO - Processing /home/airflow/.local/lib/python3.7/site-packages/airflow/example_dags/example_kubernetes_executor.py took 0.372 seconds
[2023-06-04T01:24:18.291+0000] {processor.py:157} INFO - Started process (PID=597) to work on /home/airflow/.local/lib/python3.7/site-packages/airflow/example_dags/example_kubernetes_executor.py
[2023-06-04T01:24:18.293+0000] {processor.py:826} INFO - Processing file /home/airflow/.local/lib/python3.7/site-packages/airflow/example_dags/example_kubernetes_executor.py for tasks to queue
[2023-06-04T01:24:18.295+0000] {logging_mixin.py:149} INFO - [2023-06-04T01:24:18.295+0000] {dagbag.py:541} INFO - Filling up the DagBag from /home/airflow/.local/lib/python3.7/site-packages/airflow/example_dags/example_kubernetes_executor.py
[2023-06-04T01:24:18.529+0000] {processor.py:836} INFO - DAG(s) dict_keys(['example_kubernetes_executor']) retrieved from /home/airflow/.local/lib/python3.7/site-packages/airflow/example_dags/example_kubernetes_executor.py
[2023-06-04T01:24:18.579+0000] {logging_mixin.py:149} INFO - [2023-06-04T01:24:18.578+0000] {dag.py:2726} INFO - Sync 1 DAGs
[2023-06-04T01:24:18.612+0000] {logging_mixin.py:149} INFO - [2023-06-04T01:24:18.612+0000] {dag.py:3490} INFO - Setting next_dagrun for example_kubernetes_executor to None, run_after=None
[2023-06-04T01:24:18.639+0000] {processor.py:179} INFO - Processing /home/airflow/.local/lib/python3.7/site-packages/airflow/example_dags/example_kubernetes_executor.py took 0.354 seconds
[2023-06-04T01:24:49.123+0000] {processor.py:157} INFO - Started process (PID=667) to work on /home/airflow/.local/lib/python3.7/site-packages/airflow/example_dags/example_kubernetes_executor.py
[2023-06-04T01:24:49.125+0000] {processor.py:826} INFO - Processing file /home/airflow/.local/lib/python3.7/site-packages/airflow/example_dags/example_kubernetes_executor.py for tasks to queue
[2023-06-04T01:24:49.127+0000] {logging_mixin.py:149} INFO - [2023-06-04T01:24:49.127+0000] {dagbag.py:541} INFO - Filling up the DagBag from /home/airflow/.local/lib/python3.7/site-packages/airflow/example_dags/example_kubernetes_executor.py
[2023-06-04T01:24:49.359+0000] {processor.py:836} INFO - DAG(s) dict_keys(['example_kubernetes_executor']) retrieved from /home/airflow/.local/lib/python3.7/site-packages/airflow/example_dags/example_kubernetes_executor.py
[2023-06-04T01:24:49.413+0000] {logging_mixin.py:149} INFO - [2023-06-04T01:24:49.413+0000] {dag.py:2726} INFO - Sync 1 DAGs
[2023-06-04T01:24:49.447+0000] {logging_mixin.py:149} INFO - [2023-06-04T01:24:49.447+0000] {dag.py:3490} INFO - Setting next_dagrun for example_kubernetes_executor to None, run_after=None
[2023-06-04T01:24:49.475+0000] {processor.py:179} INFO - Processing /home/airflow/.local/lib/python3.7/site-packages/airflow/example_dags/example_kubernetes_executor.py took 0.358 seconds
[2023-06-04T01:25:20.002+0000] {processor.py:157} INFO - Started process (PID=746) to work on /home/airflow/.local/lib/python3.7/site-packages/airflow/example_dags/example_kubernetes_executor.py
[2023-06-04T01:25:20.004+0000] {processor.py:826} INFO - Processing file /home/airflow/.local/lib/python3.7/site-packages/airflow/example_dags/example_kubernetes_executor.py for tasks to queue
[2023-06-04T01:25:20.006+0000] {logging_mixin.py:149} INFO - [2023-06-04T01:25:20.006+0000] {dagbag.py:541} INFO - Filling up the DagBag from /home/airflow/.local/lib/python3.7/site-packages/airflow/example_dags/example_kubernetes_executor.py
[2023-06-04T01:25:20.309+0000] {processor.py:836} INFO - DAG(s) dict_keys(['example_kubernetes_executor']) retrieved from /home/airflow/.local/lib/python3.7/site-packages/airflow/example_dags/example_kubernetes_executor.py
[2023-06-04T01:25:20.363+0000] {logging_mixin.py:149} INFO - [2023-06-04T01:25:20.363+0000] {dag.py:2726} INFO - Sync 1 DAGs
[2023-06-04T01:25:20.398+0000] {logging_mixin.py:149} INFO - [2023-06-04T01:25:20.398+0000] {dag.py:3490} INFO - Setting next_dagrun for example_kubernetes_executor to None, run_after=None
[2023-06-04T01:25:20.425+0000] {processor.py:179} INFO - Processing /home/airflow/.local/lib/python3.7/site-packages/airflow/example_dags/example_kubernetes_executor.py took 0.428 seconds
[2023-06-04T01:25:51.366+0000] {processor.py:157} INFO - Started process (PID=816) to work on /home/airflow/.local/lib/python3.7/site-packages/airflow/example_dags/example_kubernetes_executor.py
[2023-06-04T01:25:51.368+0000] {processor.py:826} INFO - Processing file /home/airflow/.local/lib/python3.7/site-packages/airflow/example_dags/example_kubernetes_executor.py for tasks to queue
[2023-06-04T01:25:51.370+0000] {logging_mixin.py:149} INFO - [2023-06-04T01:25:51.370+0000] {dagbag.py:541} INFO - Filling up the DagBag from /home/airflow/.local/lib/python3.7/site-packages/airflow/example_dags/example_kubernetes_executor.py
[2023-06-04T01:25:51.597+0000] {processor.py:836} INFO - DAG(s) dict_keys(['example_kubernetes_executor']) retrieved from /home/airflow/.local/lib/python3.7/site-packages/airflow/example_dags/example_kubernetes_executor.py
[2023-06-04T01:25:51.646+0000] {logging_mixin.py:149} INFO - [2023-06-04T01:25:51.646+0000] {dag.py:2726} INFO - Sync 1 DAGs
[2023-06-04T01:25:51.680+0000] {logging_mixin.py:149} INFO - [2023-06-04T01:25:51.680+0000] {dag.py:3490} INFO - Setting next_dagrun for example_kubernetes_executor to None, run_after=None
[2023-06-04T01:25:51.707+0000] {processor.py:179} INFO - Processing /home/airflow/.local/lib/python3.7/site-packages/airflow/example_dags/example_kubernetes_executor.py took 0.346 seconds
