[2023-06-04T00:36:55.411+0000] {processor.py:156} INFO - Started process (PID=63) to work on /home/airflow/.local/lib/python3.7/site-packages/airflow/example_dags/example_skip_dag.py
[2023-06-04T00:36:55.413+0000] {processor.py:758} INFO - Processing file /home/airflow/.local/lib/python3.7/site-packages/airflow/example_dags/example_skip_dag.py for tasks to queue
[2023-06-04T00:36:55.415+0000] {logging_mixin.py:117} INFO - [2023-06-04T00:36:55.415+0000] {dagbag.py:525} INFO - Filling up the DagBag from /home/airflow/.local/lib/python3.7/site-packages/airflow/example_dags/example_skip_dag.py
[2023-06-04T00:36:55.440+0000] {processor.py:768} INFO - DAG(s) dict_keys(['example_skip_dag']) retrieved from /home/airflow/.local/lib/python3.7/site-packages/airflow/example_dags/example_skip_dag.py
[2023-06-04T00:36:55.667+0000] {logging_mixin.py:117} INFO - [2023-06-04T00:36:55.667+0000] {manager.py:507} INFO - Created Permission View: can delete on DAG:example_skip_dag
[2023-06-04T00:36:55.681+0000] {logging_mixin.py:117} INFO - [2023-06-04T00:36:55.681+0000] {manager.py:507} INFO - Created Permission View: can read on DAG:example_skip_dag
[2023-06-04T00:36:55.694+0000] {logging_mixin.py:117} INFO - [2023-06-04T00:36:55.694+0000] {manager.py:507} INFO - Created Permission View: can edit on DAG:example_skip_dag
[2023-06-04T00:36:55.696+0000] {logging_mixin.py:117} INFO - [2023-06-04T00:36:55.696+0000] {dag.py:2573} INFO - Sync 1 DAGs
[2023-06-04T00:36:55.727+0000] {logging_mixin.py:117} INFO - [2023-06-04T00:36:55.727+0000] {dag.py:2594} INFO - Creating ORM DAG for example_skip_dag
[2023-06-04T00:36:55.769+0000] {logging_mixin.py:117} INFO - [2023-06-04T00:36:55.768+0000] {dag.py:3328} INFO - Setting next_dagrun for example_skip_dag to 2023-06-03T00:36:55.768178+00:00, run_after=2023-06-04T00:36:55.768178+00:00
[2023-06-04T00:36:55.813+0000] {processor.py:178} INFO - Processing /home/airflow/.local/lib/python3.7/site-packages/airflow/example_dags/example_skip_dag.py took 0.408 seconds
[2023-06-04T00:37:26.799+0000] {processor.py:156} INFO - Started process (PID=125) to work on /home/airflow/.local/lib/python3.7/site-packages/airflow/example_dags/example_skip_dag.py
[2023-06-04T00:37:26.801+0000] {processor.py:758} INFO - Processing file /home/airflow/.local/lib/python3.7/site-packages/airflow/example_dags/example_skip_dag.py for tasks to queue
[2023-06-04T00:37:26.803+0000] {logging_mixin.py:117} INFO - [2023-06-04T00:37:26.803+0000] {dagbag.py:525} INFO - Filling up the DagBag from /home/airflow/.local/lib/python3.7/site-packages/airflow/example_dags/example_skip_dag.py
[2023-06-04T00:37:26.823+0000] {processor.py:768} INFO - DAG(s) dict_keys(['example_skip_dag']) retrieved from /home/airflow/.local/lib/python3.7/site-packages/airflow/example_dags/example_skip_dag.py
[2023-06-04T00:37:26.875+0000] {logging_mixin.py:117} INFO - [2023-06-04T00:37:26.875+0000] {dag.py:2573} INFO - Sync 1 DAGs
[2023-06-04T00:37:26.911+0000] {logging_mixin.py:117} INFO - [2023-06-04T00:37:26.911+0000] {dag.py:3328} INFO - Setting next_dagrun for example_skip_dag to 2023-06-03T00:37:26.910940+00:00, run_after=2023-06-04T00:37:26.910940+00:00
[2023-06-04T00:37:26.938+0000] {processor.py:178} INFO - Processing /home/airflow/.local/lib/python3.7/site-packages/airflow/example_dags/example_skip_dag.py took 0.145 seconds
[2023-06-04T00:37:57.000+0000] {processor.py:156} INFO - Started process (PID=179) to work on /home/airflow/.local/lib/python3.7/site-packages/airflow/example_dags/example_skip_dag.py
[2023-06-04T00:37:57.003+0000] {processor.py:758} INFO - Processing file /home/airflow/.local/lib/python3.7/site-packages/airflow/example_dags/example_skip_dag.py for tasks to queue
[2023-06-04T00:37:57.004+0000] {logging_mixin.py:117} INFO - [2023-06-04T00:37:57.004+0000] {dagbag.py:525} INFO - Filling up the DagBag from /home/airflow/.local/lib/python3.7/site-packages/airflow/example_dags/example_skip_dag.py
[2023-06-04T00:37:57.024+0000] {processor.py:768} INFO - DAG(s) dict_keys(['example_skip_dag']) retrieved from /home/airflow/.local/lib/python3.7/site-packages/airflow/example_dags/example_skip_dag.py
[2023-06-04T00:37:57.077+0000] {logging_mixin.py:117} INFO - [2023-06-04T00:37:57.077+0000] {dag.py:2573} INFO - Sync 1 DAGs
[2023-06-04T00:37:57.110+0000] {logging_mixin.py:117} INFO - [2023-06-04T00:37:57.110+0000] {dag.py:3328} INFO - Setting next_dagrun for example_skip_dag to 2023-06-03T00:37:57.109795+00:00, run_after=2023-06-04T00:37:57.109795+00:00
[2023-06-04T00:37:57.134+0000] {processor.py:178} INFO - Processing /home/airflow/.local/lib/python3.7/site-packages/airflow/example_dags/example_skip_dag.py took 0.139 seconds
[2023-06-04T00:38:27.345+0000] {processor.py:156} INFO - Started process (PID=242) to work on /home/airflow/.local/lib/python3.7/site-packages/airflow/example_dags/example_skip_dag.py
[2023-06-04T00:38:27.347+0000] {processor.py:758} INFO - Processing file /home/airflow/.local/lib/python3.7/site-packages/airflow/example_dags/example_skip_dag.py for tasks to queue
[2023-06-04T00:38:27.349+0000] {logging_mixin.py:117} INFO - [2023-06-04T00:38:27.349+0000] {dagbag.py:525} INFO - Filling up the DagBag from /home/airflow/.local/lib/python3.7/site-packages/airflow/example_dags/example_skip_dag.py
[2023-06-04T00:38:27.367+0000] {processor.py:768} INFO - DAG(s) dict_keys(['example_skip_dag']) retrieved from /home/airflow/.local/lib/python3.7/site-packages/airflow/example_dags/example_skip_dag.py
[2023-06-04T00:38:27.415+0000] {logging_mixin.py:117} INFO - [2023-06-04T00:38:27.414+0000] {dag.py:2573} INFO - Sync 1 DAGs
[2023-06-04T00:38:27.444+0000] {logging_mixin.py:117} INFO - [2023-06-04T00:38:27.444+0000] {dag.py:3328} INFO - Setting next_dagrun for example_skip_dag to 2023-06-03T00:38:27.444323+00:00, run_after=2023-06-04T00:38:27.444323+00:00
[2023-06-04T00:38:27.464+0000] {processor.py:178} INFO - Processing /home/airflow/.local/lib/python3.7/site-packages/airflow/example_dags/example_skip_dag.py took 0.123 seconds
[2023-06-04T00:38:57.882+0000] {processor.py:156} INFO - Started process (PID=306) to work on /home/airflow/.local/lib/python3.7/site-packages/airflow/example_dags/example_skip_dag.py
[2023-06-04T00:38:57.884+0000] {processor.py:758} INFO - Processing file /home/airflow/.local/lib/python3.7/site-packages/airflow/example_dags/example_skip_dag.py for tasks to queue
[2023-06-04T00:38:57.886+0000] {logging_mixin.py:117} INFO - [2023-06-04T00:38:57.886+0000] {dagbag.py:525} INFO - Filling up the DagBag from /home/airflow/.local/lib/python3.7/site-packages/airflow/example_dags/example_skip_dag.py
[2023-06-04T00:38:57.905+0000] {processor.py:768} INFO - DAG(s) dict_keys(['example_skip_dag']) retrieved from /home/airflow/.local/lib/python3.7/site-packages/airflow/example_dags/example_skip_dag.py
[2023-06-04T00:38:57.964+0000] {logging_mixin.py:117} INFO - [2023-06-04T00:38:57.964+0000] {dag.py:2573} INFO - Sync 1 DAGs
[2023-06-04T00:38:57.997+0000] {logging_mixin.py:117} INFO - [2023-06-04T00:38:57.997+0000] {dag.py:3328} INFO - Setting next_dagrun for example_skip_dag to 2023-06-03T00:38:57.997197+00:00, run_after=2023-06-04T00:38:57.997197+00:00
[2023-06-04T00:38:58.021+0000] {processor.py:178} INFO - Processing /home/airflow/.local/lib/python3.7/site-packages/airflow/example_dags/example_skip_dag.py took 0.143 seconds
[2023-06-04T00:59:48.203+0000] {processor.py:156} INFO - Started process (PID=64) to work on /home/airflow/.local/lib/python3.7/site-packages/airflow/example_dags/example_skip_dag.py
[2023-06-04T00:59:48.206+0000] {processor.py:758} INFO - Processing file /home/airflow/.local/lib/python3.7/site-packages/airflow/example_dags/example_skip_dag.py for tasks to queue
[2023-06-04T00:59:48.209+0000] {logging_mixin.py:117} INFO - [2023-06-04T00:59:48.209+0000] {dagbag.py:525} INFO - Filling up the DagBag from /home/airflow/.local/lib/python3.7/site-packages/airflow/example_dags/example_skip_dag.py
[2023-06-04T00:59:48.254+0000] {processor.py:768} INFO - DAG(s) dict_keys(['example_skip_dag']) retrieved from /home/airflow/.local/lib/python3.7/site-packages/airflow/example_dags/example_skip_dag.py
[2023-06-04T00:59:48.326+0000] {logging_mixin.py:117} INFO - [2023-06-04T00:59:48.326+0000] {dag.py:2573} INFO - Sync 1 DAGs
[2023-06-04T00:59:48.383+0000] {logging_mixin.py:117} INFO - [2023-06-04T00:59:48.382+0000] {dag.py:3328} INFO - Setting next_dagrun for example_skip_dag to 2023-06-03T00:59:48.382165+00:00, run_after=2023-06-04T00:59:48.382165+00:00
[2023-06-04T00:59:48.414+0000] {processor.py:178} INFO - Processing /home/airflow/.local/lib/python3.7/site-packages/airflow/example_dags/example_skip_dag.py took 0.215 seconds
[2023-06-04T01:00:18.894+0000] {processor.py:156} INFO - Started process (PID=118) to work on /home/airflow/.local/lib/python3.7/site-packages/airflow/example_dags/example_skip_dag.py
[2023-06-04T01:00:18.898+0000] {processor.py:758} INFO - Processing file /home/airflow/.local/lib/python3.7/site-packages/airflow/example_dags/example_skip_dag.py for tasks to queue
[2023-06-04T01:00:18.902+0000] {logging_mixin.py:117} INFO - [2023-06-04T01:00:18.901+0000] {dagbag.py:525} INFO - Filling up the DagBag from /home/airflow/.local/lib/python3.7/site-packages/airflow/example_dags/example_skip_dag.py
[2023-06-04T01:00:18.935+0000] {processor.py:768} INFO - DAG(s) dict_keys(['example_skip_dag']) retrieved from /home/airflow/.local/lib/python3.7/site-packages/airflow/example_dags/example_skip_dag.py
[2023-06-04T01:00:19.017+0000] {logging_mixin.py:117} INFO - [2023-06-04T01:00:19.017+0000] {dag.py:2573} INFO - Sync 1 DAGs
[2023-06-04T01:00:19.054+0000] {logging_mixin.py:117} INFO - [2023-06-04T01:00:19.054+0000] {dag.py:3328} INFO - Setting next_dagrun for example_skip_dag to 2023-06-03T01:00:19.054365+00:00, run_after=2023-06-04T01:00:19.054365+00:00
[2023-06-04T01:00:19.085+0000] {processor.py:178} INFO - Processing /home/airflow/.local/lib/python3.7/site-packages/airflow/example_dags/example_skip_dag.py took 0.202 seconds
[2023-06-04T01:00:49.220+0000] {processor.py:156} INFO - Started process (PID=181) to work on /home/airflow/.local/lib/python3.7/site-packages/airflow/example_dags/example_skip_dag.py
[2023-06-04T01:00:49.224+0000] {processor.py:758} INFO - Processing file /home/airflow/.local/lib/python3.7/site-packages/airflow/example_dags/example_skip_dag.py for tasks to queue
[2023-06-04T01:00:49.228+0000] {logging_mixin.py:117} INFO - [2023-06-04T01:00:49.228+0000] {dagbag.py:525} INFO - Filling up the DagBag from /home/airflow/.local/lib/python3.7/site-packages/airflow/example_dags/example_skip_dag.py
[2023-06-04T01:00:49.267+0000] {processor.py:768} INFO - DAG(s) dict_keys(['example_skip_dag']) retrieved from /home/airflow/.local/lib/python3.7/site-packages/airflow/example_dags/example_skip_dag.py
[2023-06-04T01:00:49.355+0000] {logging_mixin.py:117} INFO - [2023-06-04T01:00:49.355+0000] {dag.py:2573} INFO - Sync 1 DAGs
[2023-06-04T01:00:49.441+0000] {logging_mixin.py:117} INFO - [2023-06-04T01:00:49.441+0000] {dag.py:3328} INFO - Setting next_dagrun for example_skip_dag to 2023-06-03T01:00:49.440761+00:00, run_after=2023-06-04T01:00:49.440761+00:00
[2023-06-04T01:00:49.493+0000] {processor.py:178} INFO - Processing /home/airflow/.local/lib/python3.7/site-packages/airflow/example_dags/example_skip_dag.py took 0.295 seconds
[2023-06-04T01:01:19.564+0000] {processor.py:156} INFO - Started process (PID=244) to work on /home/airflow/.local/lib/python3.7/site-packages/airflow/example_dags/example_skip_dag.py
[2023-06-04T01:01:19.567+0000] {processor.py:758} INFO - Processing file /home/airflow/.local/lib/python3.7/site-packages/airflow/example_dags/example_skip_dag.py for tasks to queue
[2023-06-04T01:01:19.569+0000] {logging_mixin.py:117} INFO - [2023-06-04T01:01:19.569+0000] {dagbag.py:525} INFO - Filling up the DagBag from /home/airflow/.local/lib/python3.7/site-packages/airflow/example_dags/example_skip_dag.py
[2023-06-04T01:01:19.593+0000] {processor.py:768} INFO - DAG(s) dict_keys(['example_skip_dag']) retrieved from /home/airflow/.local/lib/python3.7/site-packages/airflow/example_dags/example_skip_dag.py
[2023-06-04T01:01:19.655+0000] {logging_mixin.py:117} INFO - [2023-06-04T01:01:19.655+0000] {dag.py:2573} INFO - Sync 1 DAGs
[2023-06-04T01:01:19.695+0000] {logging_mixin.py:117} INFO - [2023-06-04T01:01:19.695+0000] {dag.py:3328} INFO - Setting next_dagrun for example_skip_dag to 2023-06-03T01:01:19.695164+00:00, run_after=2023-06-04T01:01:19.695164+00:00
[2023-06-04T01:01:19.727+0000] {processor.py:178} INFO - Processing /home/airflow/.local/lib/python3.7/site-packages/airflow/example_dags/example_skip_dag.py took 0.169 seconds
[2023-06-04T01:01:49.991+0000] {processor.py:156} INFO - Started process (PID=298) to work on /home/airflow/.local/lib/python3.7/site-packages/airflow/example_dags/example_skip_dag.py
[2023-06-04T01:01:49.994+0000] {processor.py:758} INFO - Processing file /home/airflow/.local/lib/python3.7/site-packages/airflow/example_dags/example_skip_dag.py for tasks to queue
[2023-06-04T01:01:49.997+0000] {logging_mixin.py:117} INFO - [2023-06-04T01:01:49.996+0000] {dagbag.py:525} INFO - Filling up the DagBag from /home/airflow/.local/lib/python3.7/site-packages/airflow/example_dags/example_skip_dag.py
[2023-06-04T01:01:50.024+0000] {processor.py:768} INFO - DAG(s) dict_keys(['example_skip_dag']) retrieved from /home/airflow/.local/lib/python3.7/site-packages/airflow/example_dags/example_skip_dag.py
[2023-06-04T01:01:50.106+0000] {logging_mixin.py:117} INFO - [2023-06-04T01:01:50.106+0000] {dag.py:2573} INFO - Sync 1 DAGs
[2023-06-04T01:01:50.147+0000] {logging_mixin.py:117} INFO - [2023-06-04T01:01:50.147+0000] {dag.py:3328} INFO - Setting next_dagrun for example_skip_dag to 2023-06-03T01:01:50.146534+00:00, run_after=2023-06-04T01:01:50.146534+00:00
[2023-06-04T01:01:50.173+0000] {processor.py:178} INFO - Processing /home/airflow/.local/lib/python3.7/site-packages/airflow/example_dags/example_skip_dag.py took 0.189 seconds
[2023-06-04T01:02:20.298+0000] {processor.py:156} INFO - Started process (PID=361) to work on /home/airflow/.local/lib/python3.7/site-packages/airflow/example_dags/example_skip_dag.py
[2023-06-04T01:02:20.300+0000] {processor.py:758} INFO - Processing file /home/airflow/.local/lib/python3.7/site-packages/airflow/example_dags/example_skip_dag.py for tasks to queue
[2023-06-04T01:02:20.302+0000] {logging_mixin.py:117} INFO - [2023-06-04T01:02:20.302+0000] {dagbag.py:525} INFO - Filling up the DagBag from /home/airflow/.local/lib/python3.7/site-packages/airflow/example_dags/example_skip_dag.py
[2023-06-04T01:02:20.324+0000] {processor.py:768} INFO - DAG(s) dict_keys(['example_skip_dag']) retrieved from /home/airflow/.local/lib/python3.7/site-packages/airflow/example_dags/example_skip_dag.py
[2023-06-04T01:02:20.384+0000] {logging_mixin.py:117} INFO - [2023-06-04T01:02:20.384+0000] {dag.py:2573} INFO - Sync 1 DAGs
[2023-06-04T01:02:20.418+0000] {logging_mixin.py:117} INFO - [2023-06-04T01:02:20.418+0000] {dag.py:3328} INFO - Setting next_dagrun for example_skip_dag to 2023-06-03T01:02:20.418031+00:00, run_after=2023-06-04T01:02:20.418031+00:00
[2023-06-04T01:02:20.446+0000] {processor.py:178} INFO - Processing /home/airflow/.local/lib/python3.7/site-packages/airflow/example_dags/example_skip_dag.py took 0.154 seconds
[2023-06-04T01:02:50.838+0000] {processor.py:156} INFO - Started process (PID=425) to work on /home/airflow/.local/lib/python3.7/site-packages/airflow/example_dags/example_skip_dag.py
[2023-06-04T01:02:50.840+0000] {processor.py:758} INFO - Processing file /home/airflow/.local/lib/python3.7/site-packages/airflow/example_dags/example_skip_dag.py for tasks to queue
[2023-06-04T01:02:50.842+0000] {logging_mixin.py:117} INFO - [2023-06-04T01:02:50.842+0000] {dagbag.py:525} INFO - Filling up the DagBag from /home/airflow/.local/lib/python3.7/site-packages/airflow/example_dags/example_skip_dag.py
[2023-06-04T01:02:50.864+0000] {processor.py:768} INFO - DAG(s) dict_keys(['example_skip_dag']) retrieved from /home/airflow/.local/lib/python3.7/site-packages/airflow/example_dags/example_skip_dag.py
[2023-06-04T01:02:50.929+0000] {logging_mixin.py:117} INFO - [2023-06-04T01:02:50.929+0000] {dag.py:2573} INFO - Sync 1 DAGs
[2023-06-04T01:02:50.969+0000] {logging_mixin.py:117} INFO - [2023-06-04T01:02:50.968+0000] {dag.py:3328} INFO - Setting next_dagrun for example_skip_dag to 2023-06-03T01:02:50.968454+00:00, run_after=2023-06-04T01:02:50.968454+00:00
[2023-06-04T01:02:50.998+0000] {processor.py:178} INFO - Processing /home/airflow/.local/lib/python3.7/site-packages/airflow/example_dags/example_skip_dag.py took 0.165 seconds
[2023-06-04T01:03:21.472+0000] {processor.py:156} INFO - Started process (PID=479) to work on /home/airflow/.local/lib/python3.7/site-packages/airflow/example_dags/example_skip_dag.py
[2023-06-04T01:03:21.474+0000] {processor.py:758} INFO - Processing file /home/airflow/.local/lib/python3.7/site-packages/airflow/example_dags/example_skip_dag.py for tasks to queue
[2023-06-04T01:03:21.476+0000] {logging_mixin.py:117} INFO - [2023-06-04T01:03:21.476+0000] {dagbag.py:525} INFO - Filling up the DagBag from /home/airflow/.local/lib/python3.7/site-packages/airflow/example_dags/example_skip_dag.py
[2023-06-04T01:03:21.499+0000] {processor.py:768} INFO - DAG(s) dict_keys(['example_skip_dag']) retrieved from /home/airflow/.local/lib/python3.7/site-packages/airflow/example_dags/example_skip_dag.py
[2023-06-04T01:03:21.558+0000] {logging_mixin.py:117} INFO - [2023-06-04T01:03:21.558+0000] {dag.py:2573} INFO - Sync 1 DAGs
[2023-06-04T01:03:21.595+0000] {logging_mixin.py:117} INFO - [2023-06-04T01:03:21.595+0000] {dag.py:3328} INFO - Setting next_dagrun for example_skip_dag to 2023-06-03T01:03:21.595146+00:00, run_after=2023-06-04T01:03:21.595146+00:00
[2023-06-04T01:03:21.623+0000] {processor.py:178} INFO - Processing /home/airflow/.local/lib/python3.7/site-packages/airflow/example_dags/example_skip_dag.py took 0.157 seconds
[2023-06-04T01:03:51.739+0000] {processor.py:156} INFO - Started process (PID=542) to work on /home/airflow/.local/lib/python3.7/site-packages/airflow/example_dags/example_skip_dag.py
[2023-06-04T01:03:51.741+0000] {processor.py:758} INFO - Processing file /home/airflow/.local/lib/python3.7/site-packages/airflow/example_dags/example_skip_dag.py for tasks to queue
[2023-06-04T01:03:51.742+0000] {logging_mixin.py:117} INFO - [2023-06-04T01:03:51.742+0000] {dagbag.py:525} INFO - Filling up the DagBag from /home/airflow/.local/lib/python3.7/site-packages/airflow/example_dags/example_skip_dag.py
[2023-06-04T01:03:51.761+0000] {processor.py:768} INFO - DAG(s) dict_keys(['example_skip_dag']) retrieved from /home/airflow/.local/lib/python3.7/site-packages/airflow/example_dags/example_skip_dag.py
[2023-06-04T01:03:51.812+0000] {logging_mixin.py:117} INFO - [2023-06-04T01:03:51.812+0000] {dag.py:2573} INFO - Sync 1 DAGs
[2023-06-04T01:03:51.844+0000] {logging_mixin.py:117} INFO - [2023-06-04T01:03:51.843+0000] {dag.py:3328} INFO - Setting next_dagrun for example_skip_dag to 2023-06-03T01:03:51.843664+00:00, run_after=2023-06-04T01:03:51.843664+00:00
[2023-06-04T01:03:51.866+0000] {processor.py:178} INFO - Processing /home/airflow/.local/lib/python3.7/site-packages/airflow/example_dags/example_skip_dag.py took 0.132 seconds
[2023-06-04T01:04:22.249+0000] {processor.py:156} INFO - Started process (PID=605) to work on /home/airflow/.local/lib/python3.7/site-packages/airflow/example_dags/example_skip_dag.py
[2023-06-04T01:04:22.251+0000] {processor.py:758} INFO - Processing file /home/airflow/.local/lib/python3.7/site-packages/airflow/example_dags/example_skip_dag.py for tasks to queue
[2023-06-04T01:04:22.254+0000] {logging_mixin.py:117} INFO - [2023-06-04T01:04:22.253+0000] {dagbag.py:525} INFO - Filling up the DagBag from /home/airflow/.local/lib/python3.7/site-packages/airflow/example_dags/example_skip_dag.py
[2023-06-04T01:04:22.276+0000] {processor.py:768} INFO - DAG(s) dict_keys(['example_skip_dag']) retrieved from /home/airflow/.local/lib/python3.7/site-packages/airflow/example_dags/example_skip_dag.py
[2023-06-04T01:04:22.339+0000] {logging_mixin.py:117} INFO - [2023-06-04T01:04:22.339+0000] {dag.py:2573} INFO - Sync 1 DAGs
[2023-06-04T01:04:22.373+0000] {logging_mixin.py:117} INFO - [2023-06-04T01:04:22.373+0000] {dag.py:3328} INFO - Setting next_dagrun for example_skip_dag to 2023-06-03T01:04:22.373020+00:00, run_after=2023-06-04T01:04:22.373020+00:00
[2023-06-04T01:04:22.398+0000] {processor.py:178} INFO - Processing /home/airflow/.local/lib/python3.7/site-packages/airflow/example_dags/example_skip_dag.py took 0.156 seconds
[2023-06-04T01:04:53.006+0000] {processor.py:156} INFO - Started process (PID=660) to work on /home/airflow/.local/lib/python3.7/site-packages/airflow/example_dags/example_skip_dag.py
[2023-06-04T01:04:53.008+0000] {processor.py:758} INFO - Processing file /home/airflow/.local/lib/python3.7/site-packages/airflow/example_dags/example_skip_dag.py for tasks to queue
[2023-06-04T01:04:53.010+0000] {logging_mixin.py:117} INFO - [2023-06-04T01:04:53.010+0000] {dagbag.py:525} INFO - Filling up the DagBag from /home/airflow/.local/lib/python3.7/site-packages/airflow/example_dags/example_skip_dag.py
[2023-06-04T01:04:53.030+0000] {processor.py:768} INFO - DAG(s) dict_keys(['example_skip_dag']) retrieved from /home/airflow/.local/lib/python3.7/site-packages/airflow/example_dags/example_skip_dag.py
[2023-06-04T01:04:53.081+0000] {logging_mixin.py:117} INFO - [2023-06-04T01:04:53.081+0000] {dag.py:2573} INFO - Sync 1 DAGs
[2023-06-04T01:04:53.113+0000] {logging_mixin.py:117} INFO - [2023-06-04T01:04:53.113+0000] {dag.py:3328} INFO - Setting next_dagrun for example_skip_dag to 2023-06-03T01:04:53.113144+00:00, run_after=2023-06-04T01:04:53.113144+00:00
[2023-06-04T01:04:53.141+0000] {processor.py:178} INFO - Processing /home/airflow/.local/lib/python3.7/site-packages/airflow/example_dags/example_skip_dag.py took 0.139 seconds
[2023-06-04T01:05:58.731+0000] {processor.py:156} INFO - Started process (PID=66) to work on /home/airflow/.local/lib/python3.7/site-packages/airflow/example_dags/example_skip_dag.py
[2023-06-04T01:05:58.734+0000] {processor.py:758} INFO - Processing file /home/airflow/.local/lib/python3.7/site-packages/airflow/example_dags/example_skip_dag.py for tasks to queue
[2023-06-04T01:05:58.736+0000] {logging_mixin.py:117} INFO - [2023-06-04T01:05:58.736+0000] {dagbag.py:525} INFO - Filling up the DagBag from /home/airflow/.local/lib/python3.7/site-packages/airflow/example_dags/example_skip_dag.py
[2023-06-04T01:05:58.758+0000] {processor.py:768} INFO - DAG(s) dict_keys(['example_skip_dag']) retrieved from /home/airflow/.local/lib/python3.7/site-packages/airflow/example_dags/example_skip_dag.py
[2023-06-04T01:05:58.801+0000] {logging_mixin.py:117} INFO - [2023-06-04T01:05:58.801+0000] {dag.py:2573} INFO - Sync 1 DAGs
[2023-06-04T01:05:58.841+0000] {logging_mixin.py:117} INFO - [2023-06-04T01:05:58.841+0000] {dag.py:3328} INFO - Setting next_dagrun for example_skip_dag to 2023-06-03T01:05:58.841041+00:00, run_after=2023-06-04T01:05:58.841041+00:00
[2023-06-04T01:05:58.870+0000] {processor.py:178} INFO - Processing /home/airflow/.local/lib/python3.7/site-packages/airflow/example_dags/example_skip_dag.py took 0.143 seconds
[2023-06-04T01:06:29.522+0000] {processor.py:156} INFO - Started process (PID=121) to work on /home/airflow/.local/lib/python3.7/site-packages/airflow/example_dags/example_skip_dag.py
[2023-06-04T01:06:29.524+0000] {processor.py:758} INFO - Processing file /home/airflow/.local/lib/python3.7/site-packages/airflow/example_dags/example_skip_dag.py for tasks to queue
[2023-06-04T01:06:29.525+0000] {logging_mixin.py:117} INFO - [2023-06-04T01:06:29.525+0000] {dagbag.py:525} INFO - Filling up the DagBag from /home/airflow/.local/lib/python3.7/site-packages/airflow/example_dags/example_skip_dag.py
[2023-06-04T01:06:29.545+0000] {processor.py:768} INFO - DAG(s) dict_keys(['example_skip_dag']) retrieved from /home/airflow/.local/lib/python3.7/site-packages/airflow/example_dags/example_skip_dag.py
[2023-06-04T01:06:29.597+0000] {logging_mixin.py:117} INFO - [2023-06-04T01:06:29.597+0000] {dag.py:2573} INFO - Sync 1 DAGs
[2023-06-04T01:06:29.623+0000] {logging_mixin.py:117} INFO - [2023-06-04T01:06:29.623+0000] {dag.py:3328} INFO - Setting next_dagrun for example_skip_dag to 2023-06-03T01:06:29.623420+00:00, run_after=2023-06-04T01:06:29.623420+00:00
[2023-06-04T01:06:29.646+0000] {processor.py:178} INFO - Processing /home/airflow/.local/lib/python3.7/site-packages/airflow/example_dags/example_skip_dag.py took 0.129 seconds
[2023-06-04T01:07:00.375+0000] {processor.py:156} INFO - Started process (PID=187) to work on /home/airflow/.local/lib/python3.7/site-packages/airflow/example_dags/example_skip_dag.py
[2023-06-04T01:07:00.376+0000] {processor.py:758} INFO - Processing file /home/airflow/.local/lib/python3.7/site-packages/airflow/example_dags/example_skip_dag.py for tasks to queue
[2023-06-04T01:07:00.378+0000] {logging_mixin.py:117} INFO - [2023-06-04T01:07:00.378+0000] {dagbag.py:525} INFO - Filling up the DagBag from /home/airflow/.local/lib/python3.7/site-packages/airflow/example_dags/example_skip_dag.py
[2023-06-04T01:07:00.399+0000] {processor.py:768} INFO - DAG(s) dict_keys(['example_skip_dag']) retrieved from /home/airflow/.local/lib/python3.7/site-packages/airflow/example_dags/example_skip_dag.py
[2023-06-04T01:07:00.452+0000] {logging_mixin.py:117} INFO - [2023-06-04T01:07:00.452+0000] {dag.py:2573} INFO - Sync 1 DAGs
[2023-06-04T01:07:00.483+0000] {logging_mixin.py:117} INFO - [2023-06-04T01:07:00.483+0000] {dag.py:3328} INFO - Setting next_dagrun for example_skip_dag to 2023-06-03T01:07:00.483461+00:00, run_after=2023-06-04T01:07:00.483461+00:00
[2023-06-04T01:07:00.508+0000] {processor.py:178} INFO - Processing /home/airflow/.local/lib/python3.7/site-packages/airflow/example_dags/example_skip_dag.py took 0.138 seconds
[2023-06-04T01:07:31.155+0000] {processor.py:156} INFO - Started process (PID=251) to work on /home/airflow/.local/lib/python3.7/site-packages/airflow/example_dags/example_skip_dag.py
[2023-06-04T01:07:31.157+0000] {processor.py:758} INFO - Processing file /home/airflow/.local/lib/python3.7/site-packages/airflow/example_dags/example_skip_dag.py for tasks to queue
[2023-06-04T01:07:31.159+0000] {logging_mixin.py:117} INFO - [2023-06-04T01:07:31.159+0000] {dagbag.py:525} INFO - Filling up the DagBag from /home/airflow/.local/lib/python3.7/site-packages/airflow/example_dags/example_skip_dag.py
[2023-06-04T01:07:31.178+0000] {processor.py:768} INFO - DAG(s) dict_keys(['example_skip_dag']) retrieved from /home/airflow/.local/lib/python3.7/site-packages/airflow/example_dags/example_skip_dag.py
[2023-06-04T01:07:31.231+0000] {logging_mixin.py:117} INFO - [2023-06-04T01:07:31.231+0000] {dag.py:2573} INFO - Sync 1 DAGs
[2023-06-04T01:07:31.270+0000] {logging_mixin.py:117} INFO - [2023-06-04T01:07:31.270+0000] {dag.py:3328} INFO - Setting next_dagrun for example_skip_dag to 2023-06-03T01:07:31.270160+00:00, run_after=2023-06-04T01:07:31.270160+00:00
[2023-06-04T01:07:31.300+0000] {processor.py:178} INFO - Processing /home/airflow/.local/lib/python3.7/site-packages/airflow/example_dags/example_skip_dag.py took 0.149 seconds
[2023-06-04T01:08:01.861+0000] {processor.py:156} INFO - Started process (PID=315) to work on /home/airflow/.local/lib/python3.7/site-packages/airflow/example_dags/example_skip_dag.py
[2023-06-04T01:08:01.862+0000] {processor.py:758} INFO - Processing file /home/airflow/.local/lib/python3.7/site-packages/airflow/example_dags/example_skip_dag.py for tasks to queue
[2023-06-04T01:08:01.864+0000] {logging_mixin.py:117} INFO - [2023-06-04T01:08:01.864+0000] {dagbag.py:525} INFO - Filling up the DagBag from /home/airflow/.local/lib/python3.7/site-packages/airflow/example_dags/example_skip_dag.py
[2023-06-04T01:08:01.884+0000] {processor.py:768} INFO - DAG(s) dict_keys(['example_skip_dag']) retrieved from /home/airflow/.local/lib/python3.7/site-packages/airflow/example_dags/example_skip_dag.py
[2023-06-04T01:08:01.946+0000] {logging_mixin.py:117} INFO - [2023-06-04T01:08:01.946+0000] {dag.py:2573} INFO - Sync 1 DAGs
[2023-06-04T01:08:01.982+0000] {logging_mixin.py:117} INFO - [2023-06-04T01:08:01.982+0000] {dag.py:3328} INFO - Setting next_dagrun for example_skip_dag to 2023-06-03T01:08:01.981980+00:00, run_after=2023-06-04T01:08:01.981980+00:00
[2023-06-04T01:08:02.008+0000] {processor.py:178} INFO - Processing /home/airflow/.local/lib/python3.7/site-packages/airflow/example_dags/example_skip_dag.py took 0.152 seconds
[2023-06-04T01:08:32.620+0000] {processor.py:156} INFO - Started process (PID=370) to work on /home/airflow/.local/lib/python3.7/site-packages/airflow/example_dags/example_skip_dag.py
[2023-06-04T01:08:32.622+0000] {processor.py:758} INFO - Processing file /home/airflow/.local/lib/python3.7/site-packages/airflow/example_dags/example_skip_dag.py for tasks to queue
[2023-06-04T01:08:32.623+0000] {logging_mixin.py:117} INFO - [2023-06-04T01:08:32.623+0000] {dagbag.py:525} INFO - Filling up the DagBag from /home/airflow/.local/lib/python3.7/site-packages/airflow/example_dags/example_skip_dag.py
[2023-06-04T01:08:32.643+0000] {processor.py:768} INFO - DAG(s) dict_keys(['example_skip_dag']) retrieved from /home/airflow/.local/lib/python3.7/site-packages/airflow/example_dags/example_skip_dag.py
[2023-06-04T01:08:32.699+0000] {logging_mixin.py:117} INFO - [2023-06-04T01:08:32.698+0000] {dag.py:2573} INFO - Sync 1 DAGs
[2023-06-04T01:08:32.730+0000] {logging_mixin.py:117} INFO - [2023-06-04T01:08:32.730+0000] {dag.py:3328} INFO - Setting next_dagrun for example_skip_dag to 2023-06-03T01:08:32.730384+00:00, run_after=2023-06-04T01:08:32.730384+00:00
[2023-06-04T01:08:32.754+0000] {processor.py:178} INFO - Processing /home/airflow/.local/lib/python3.7/site-packages/airflow/example_dags/example_skip_dag.py took 0.138 seconds
[2023-06-04T01:09:03.515+0000] {processor.py:156} INFO - Started process (PID=434) to work on /home/airflow/.local/lib/python3.7/site-packages/airflow/example_dags/example_skip_dag.py
[2023-06-04T01:09:03.517+0000] {processor.py:758} INFO - Processing file /home/airflow/.local/lib/python3.7/site-packages/airflow/example_dags/example_skip_dag.py for tasks to queue
[2023-06-04T01:09:03.519+0000] {logging_mixin.py:117} INFO - [2023-06-04T01:09:03.519+0000] {dagbag.py:525} INFO - Filling up the DagBag from /home/airflow/.local/lib/python3.7/site-packages/airflow/example_dags/example_skip_dag.py
[2023-06-04T01:09:03.539+0000] {processor.py:768} INFO - DAG(s) dict_keys(['example_skip_dag']) retrieved from /home/airflow/.local/lib/python3.7/site-packages/airflow/example_dags/example_skip_dag.py
[2023-06-04T01:09:03.594+0000] {logging_mixin.py:117} INFO - [2023-06-04T01:09:03.594+0000] {dag.py:2573} INFO - Sync 1 DAGs
[2023-06-04T01:09:03.629+0000] {logging_mixin.py:117} INFO - [2023-06-04T01:09:03.629+0000] {dag.py:3328} INFO - Setting next_dagrun for example_skip_dag to 2023-06-03T01:09:03.629035+00:00, run_after=2023-06-04T01:09:03.629035+00:00
[2023-06-04T01:09:03.655+0000] {processor.py:178} INFO - Processing /home/airflow/.local/lib/python3.7/site-packages/airflow/example_dags/example_skip_dag.py took 0.145 seconds
[2023-06-04T01:09:34.557+0000] {processor.py:156} INFO - Started process (PID=498) to work on /home/airflow/.local/lib/python3.7/site-packages/airflow/example_dags/example_skip_dag.py
[2023-06-04T01:09:34.559+0000] {processor.py:758} INFO - Processing file /home/airflow/.local/lib/python3.7/site-packages/airflow/example_dags/example_skip_dag.py for tasks to queue
[2023-06-04T01:09:34.561+0000] {logging_mixin.py:117} INFO - [2023-06-04T01:09:34.560+0000] {dagbag.py:525} INFO - Filling up the DagBag from /home/airflow/.local/lib/python3.7/site-packages/airflow/example_dags/example_skip_dag.py
[2023-06-04T01:09:34.580+0000] {processor.py:768} INFO - DAG(s) dict_keys(['example_skip_dag']) retrieved from /home/airflow/.local/lib/python3.7/site-packages/airflow/example_dags/example_skip_dag.py
[2023-06-04T01:09:34.635+0000] {logging_mixin.py:117} INFO - [2023-06-04T01:09:34.635+0000] {dag.py:2573} INFO - Sync 1 DAGs
[2023-06-04T01:09:34.668+0000] {logging_mixin.py:117} INFO - [2023-06-04T01:09:34.668+0000] {dag.py:3328} INFO - Setting next_dagrun for example_skip_dag to 2023-06-03T01:09:34.668096+00:00, run_after=2023-06-04T01:09:34.668096+00:00
[2023-06-04T01:09:34.692+0000] {processor.py:178} INFO - Processing /home/airflow/.local/lib/python3.7/site-packages/airflow/example_dags/example_skip_dag.py took 0.139 seconds
[2023-06-04T01:10:05.406+0000] {processor.py:156} INFO - Started process (PID=553) to work on /home/airflow/.local/lib/python3.7/site-packages/airflow/example_dags/example_skip_dag.py
[2023-06-04T01:10:05.409+0000] {processor.py:758} INFO - Processing file /home/airflow/.local/lib/python3.7/site-packages/airflow/example_dags/example_skip_dag.py for tasks to queue
[2023-06-04T01:10:05.411+0000] {logging_mixin.py:117} INFO - [2023-06-04T01:10:05.411+0000] {dagbag.py:525} INFO - Filling up the DagBag from /home/airflow/.local/lib/python3.7/site-packages/airflow/example_dags/example_skip_dag.py
[2023-06-04T01:10:05.431+0000] {processor.py:768} INFO - DAG(s) dict_keys(['example_skip_dag']) retrieved from /home/airflow/.local/lib/python3.7/site-packages/airflow/example_dags/example_skip_dag.py
[2023-06-04T01:10:05.491+0000] {logging_mixin.py:117} INFO - [2023-06-04T01:10:05.490+0000] {dag.py:2573} INFO - Sync 1 DAGs
[2023-06-04T01:10:05.526+0000] {logging_mixin.py:117} INFO - [2023-06-04T01:10:05.526+0000] {dag.py:3328} INFO - Setting next_dagrun for example_skip_dag to 2023-06-03T01:10:05.526193+00:00, run_after=2023-06-04T01:10:05.526193+00:00
[2023-06-04T01:10:05.551+0000] {processor.py:178} INFO - Processing /home/airflow/.local/lib/python3.7/site-packages/airflow/example_dags/example_skip_dag.py took 0.149 seconds
[2023-06-04T01:10:35.949+0000] {processor.py:156} INFO - Started process (PID=617) to work on /home/airflow/.local/lib/python3.7/site-packages/airflow/example_dags/example_skip_dag.py
[2023-06-04T01:10:35.951+0000] {processor.py:758} INFO - Processing file /home/airflow/.local/lib/python3.7/site-packages/airflow/example_dags/example_skip_dag.py for tasks to queue
[2023-06-04T01:10:35.953+0000] {logging_mixin.py:117} INFO - [2023-06-04T01:10:35.952+0000] {dagbag.py:525} INFO - Filling up the DagBag from /home/airflow/.local/lib/python3.7/site-packages/airflow/example_dags/example_skip_dag.py
[2023-06-04T01:10:35.972+0000] {processor.py:768} INFO - DAG(s) dict_keys(['example_skip_dag']) retrieved from /home/airflow/.local/lib/python3.7/site-packages/airflow/example_dags/example_skip_dag.py
[2023-06-04T01:10:36.028+0000] {logging_mixin.py:117} INFO - [2023-06-04T01:10:36.028+0000] {dag.py:2573} INFO - Sync 1 DAGs
[2023-06-04T01:10:36.060+0000] {logging_mixin.py:117} INFO - [2023-06-04T01:10:36.060+0000] {dag.py:3328} INFO - Setting next_dagrun for example_skip_dag to 2023-06-03T01:10:36.059822+00:00, run_after=2023-06-04T01:10:36.059822+00:00
[2023-06-04T01:10:36.083+0000] {processor.py:178} INFO - Processing /home/airflow/.local/lib/python3.7/site-packages/airflow/example_dags/example_skip_dag.py took 0.139 seconds
[2023-06-04T01:11:06.481+0000] {processor.py:156} INFO - Started process (PID=681) to work on /home/airflow/.local/lib/python3.7/site-packages/airflow/example_dags/example_skip_dag.py
[2023-06-04T01:11:06.483+0000] {processor.py:758} INFO - Processing file /home/airflow/.local/lib/python3.7/site-packages/airflow/example_dags/example_skip_dag.py for tasks to queue
[2023-06-04T01:11:06.485+0000] {logging_mixin.py:117} INFO - [2023-06-04T01:11:06.485+0000] {dagbag.py:525} INFO - Filling up the DagBag from /home/airflow/.local/lib/python3.7/site-packages/airflow/example_dags/example_skip_dag.py
[2023-06-04T01:11:06.503+0000] {processor.py:768} INFO - DAG(s) dict_keys(['example_skip_dag']) retrieved from /home/airflow/.local/lib/python3.7/site-packages/airflow/example_dags/example_skip_dag.py
[2023-06-04T01:11:06.556+0000] {logging_mixin.py:117} INFO - [2023-06-04T01:11:06.556+0000] {dag.py:2573} INFO - Sync 1 DAGs
[2023-06-04T01:11:06.584+0000] {logging_mixin.py:117} INFO - [2023-06-04T01:11:06.584+0000] {dag.py:3328} INFO - Setting next_dagrun for example_skip_dag to 2023-06-03T01:11:06.583875+00:00, run_after=2023-06-04T01:11:06.583875+00:00
[2023-06-04T01:11:06.606+0000] {processor.py:178} INFO - Processing /home/airflow/.local/lib/python3.7/site-packages/airflow/example_dags/example_skip_dag.py took 0.128 seconds
[2023-06-04T01:11:37.447+0000] {processor.py:156} INFO - Started process (PID=736) to work on /home/airflow/.local/lib/python3.7/site-packages/airflow/example_dags/example_skip_dag.py
[2023-06-04T01:11:37.452+0000] {processor.py:758} INFO - Processing file /home/airflow/.local/lib/python3.7/site-packages/airflow/example_dags/example_skip_dag.py for tasks to queue
[2023-06-04T01:11:37.455+0000] {logging_mixin.py:117} INFO - [2023-06-04T01:11:37.454+0000] {dagbag.py:525} INFO - Filling up the DagBag from /home/airflow/.local/lib/python3.7/site-packages/airflow/example_dags/example_skip_dag.py
[2023-06-04T01:11:37.484+0000] {processor.py:768} INFO - DAG(s) dict_keys(['example_skip_dag']) retrieved from /home/airflow/.local/lib/python3.7/site-packages/airflow/example_dags/example_skip_dag.py
[2023-06-04T01:11:37.579+0000] {logging_mixin.py:117} INFO - [2023-06-04T01:11:37.579+0000] {dag.py:2573} INFO - Sync 1 DAGs
[2023-06-04T01:11:37.623+0000] {logging_mixin.py:117} INFO - [2023-06-04T01:11:37.623+0000] {dag.py:3328} INFO - Setting next_dagrun for example_skip_dag to 2023-06-03T01:11:37.622689+00:00, run_after=2023-06-04T01:11:37.622689+00:00
[2023-06-04T01:11:37.651+0000] {processor.py:178} INFO - Processing /home/airflow/.local/lib/python3.7/site-packages/airflow/example_dags/example_skip_dag.py took 0.210 seconds
[2023-06-04T01:12:07.797+0000] {processor.py:156} INFO - Started process (PID=800) to work on /home/airflow/.local/lib/python3.7/site-packages/airflow/example_dags/example_skip_dag.py
[2023-06-04T01:12:07.799+0000] {processor.py:758} INFO - Processing file /home/airflow/.local/lib/python3.7/site-packages/airflow/example_dags/example_skip_dag.py for tasks to queue
[2023-06-04T01:12:07.800+0000] {logging_mixin.py:117} INFO - [2023-06-04T01:12:07.800+0000] {dagbag.py:525} INFO - Filling up the DagBag from /home/airflow/.local/lib/python3.7/site-packages/airflow/example_dags/example_skip_dag.py
[2023-06-04T01:12:07.819+0000] {processor.py:768} INFO - DAG(s) dict_keys(['example_skip_dag']) retrieved from /home/airflow/.local/lib/python3.7/site-packages/airflow/example_dags/example_skip_dag.py
[2023-06-04T01:12:07.871+0000] {logging_mixin.py:117} INFO - [2023-06-04T01:12:07.871+0000] {dag.py:2573} INFO - Sync 1 DAGs
[2023-06-04T01:12:07.904+0000] {logging_mixin.py:117} INFO - [2023-06-04T01:12:07.904+0000] {dag.py:3328} INFO - Setting next_dagrun for example_skip_dag to 2023-06-03T01:12:07.904468+00:00, run_after=2023-06-04T01:12:07.904468+00:00
[2023-06-04T01:12:07.930+0000] {processor.py:178} INFO - Processing /home/airflow/.local/lib/python3.7/site-packages/airflow/example_dags/example_skip_dag.py took 0.138 seconds
[2023-06-04T01:12:38.371+0000] {processor.py:156} INFO - Started process (PID=864) to work on /home/airflow/.local/lib/python3.7/site-packages/airflow/example_dags/example_skip_dag.py
[2023-06-04T01:12:38.373+0000] {processor.py:758} INFO - Processing file /home/airflow/.local/lib/python3.7/site-packages/airflow/example_dags/example_skip_dag.py for tasks to queue
[2023-06-04T01:12:38.376+0000] {logging_mixin.py:117} INFO - [2023-06-04T01:12:38.375+0000] {dagbag.py:525} INFO - Filling up the DagBag from /home/airflow/.local/lib/python3.7/site-packages/airflow/example_dags/example_skip_dag.py
[2023-06-04T01:12:38.405+0000] {processor.py:768} INFO - DAG(s) dict_keys(['example_skip_dag']) retrieved from /home/airflow/.local/lib/python3.7/site-packages/airflow/example_dags/example_skip_dag.py
[2023-06-04T01:12:38.494+0000] {logging_mixin.py:117} INFO - [2023-06-04T01:12:38.494+0000] {dag.py:2573} INFO - Sync 1 DAGs
[2023-06-04T01:12:38.532+0000] {logging_mixin.py:117} INFO - [2023-06-04T01:12:38.532+0000] {dag.py:3328} INFO - Setting next_dagrun for example_skip_dag to 2023-06-03T01:12:38.531691+00:00, run_after=2023-06-04T01:12:38.531691+00:00
[2023-06-04T01:12:38.562+0000] {processor.py:178} INFO - Processing /home/airflow/.local/lib/python3.7/site-packages/airflow/example_dags/example_skip_dag.py took 0.198 seconds
[2023-06-04T01:13:08.696+0000] {processor.py:156} INFO - Started process (PID=928) to work on /home/airflow/.local/lib/python3.7/site-packages/airflow/example_dags/example_skip_dag.py
[2023-06-04T01:13:08.698+0000] {processor.py:758} INFO - Processing file /home/airflow/.local/lib/python3.7/site-packages/airflow/example_dags/example_skip_dag.py for tasks to queue
[2023-06-04T01:13:08.701+0000] {logging_mixin.py:117} INFO - [2023-06-04T01:13:08.701+0000] {dagbag.py:525} INFO - Filling up the DagBag from /home/airflow/.local/lib/python3.7/site-packages/airflow/example_dags/example_skip_dag.py
[2023-06-04T01:13:08.723+0000] {processor.py:768} INFO - DAG(s) dict_keys(['example_skip_dag']) retrieved from /home/airflow/.local/lib/python3.7/site-packages/airflow/example_dags/example_skip_dag.py
[2023-06-04T01:13:08.780+0000] {logging_mixin.py:117} INFO - [2023-06-04T01:13:08.779+0000] {dag.py:2573} INFO - Sync 1 DAGs
[2023-06-04T01:13:08.815+0000] {logging_mixin.py:117} INFO - [2023-06-04T01:13:08.815+0000] {dag.py:3328} INFO - Setting next_dagrun for example_skip_dag to 2023-06-03T01:13:08.815037+00:00, run_after=2023-06-04T01:13:08.815037+00:00
[2023-06-04T01:13:08.842+0000] {processor.py:178} INFO - Processing /home/airflow/.local/lib/python3.7/site-packages/airflow/example_dags/example_skip_dag.py took 0.150 seconds
[2023-06-04T01:13:39.117+0000] {processor.py:156} INFO - Started process (PID=983) to work on /home/airflow/.local/lib/python3.7/site-packages/airflow/example_dags/example_skip_dag.py
[2023-06-04T01:13:39.119+0000] {processor.py:758} INFO - Processing file /home/airflow/.local/lib/python3.7/site-packages/airflow/example_dags/example_skip_dag.py for tasks to queue
[2023-06-04T01:13:39.121+0000] {logging_mixin.py:117} INFO - [2023-06-04T01:13:39.121+0000] {dagbag.py:525} INFO - Filling up the DagBag from /home/airflow/.local/lib/python3.7/site-packages/airflow/example_dags/example_skip_dag.py
[2023-06-04T01:13:39.141+0000] {processor.py:768} INFO - DAG(s) dict_keys(['example_skip_dag']) retrieved from /home/airflow/.local/lib/python3.7/site-packages/airflow/example_dags/example_skip_dag.py
[2023-06-04T01:13:39.196+0000] {logging_mixin.py:117} INFO - [2023-06-04T01:13:39.196+0000] {dag.py:2573} INFO - Sync 1 DAGs
[2023-06-04T01:13:39.230+0000] {logging_mixin.py:117} INFO - [2023-06-04T01:13:39.230+0000] {dag.py:3328} INFO - Setting next_dagrun for example_skip_dag to 2023-06-03T01:13:39.230368+00:00, run_after=2023-06-04T01:13:39.230368+00:00
[2023-06-04T01:13:39.255+0000] {processor.py:178} INFO - Processing /home/airflow/.local/lib/python3.7/site-packages/airflow/example_dags/example_skip_dag.py took 0.143 seconds
[2023-06-04T01:14:09.798+0000] {processor.py:156} INFO - Started process (PID=1046) to work on /home/airflow/.local/lib/python3.7/site-packages/airflow/example_dags/example_skip_dag.py
[2023-06-04T01:14:09.800+0000] {processor.py:758} INFO - Processing file /home/airflow/.local/lib/python3.7/site-packages/airflow/example_dags/example_skip_dag.py for tasks to queue
[2023-06-04T01:14:09.802+0000] {logging_mixin.py:117} INFO - [2023-06-04T01:14:09.802+0000] {dagbag.py:525} INFO - Filling up the DagBag from /home/airflow/.local/lib/python3.7/site-packages/airflow/example_dags/example_skip_dag.py
[2023-06-04T01:14:09.823+0000] {processor.py:768} INFO - DAG(s) dict_keys(['example_skip_dag']) retrieved from /home/airflow/.local/lib/python3.7/site-packages/airflow/example_dags/example_skip_dag.py
[2023-06-04T01:14:09.877+0000] {logging_mixin.py:117} INFO - [2023-06-04T01:14:09.877+0000] {dag.py:2573} INFO - Sync 1 DAGs
[2023-06-04T01:14:09.909+0000] {logging_mixin.py:117} INFO - [2023-06-04T01:14:09.908+0000] {dag.py:3328} INFO - Setting next_dagrun for example_skip_dag to 2023-06-03T01:14:09.908618+00:00, run_after=2023-06-04T01:14:09.908618+00:00
[2023-06-04T01:14:09.935+0000] {processor.py:178} INFO - Processing /home/airflow/.local/lib/python3.7/site-packages/airflow/example_dags/example_skip_dag.py took 0.142 seconds
[2023-06-04T01:14:40.438+0000] {processor.py:156} INFO - Started process (PID=1109) to work on /home/airflow/.local/lib/python3.7/site-packages/airflow/example_dags/example_skip_dag.py
[2023-06-04T01:14:40.440+0000] {processor.py:758} INFO - Processing file /home/airflow/.local/lib/python3.7/site-packages/airflow/example_dags/example_skip_dag.py for tasks to queue
[2023-06-04T01:14:40.445+0000] {logging_mixin.py:117} INFO - [2023-06-04T01:14:40.445+0000] {dagbag.py:525} INFO - Filling up the DagBag from /home/airflow/.local/lib/python3.7/site-packages/airflow/example_dags/example_skip_dag.py
[2023-06-04T01:14:40.467+0000] {processor.py:768} INFO - DAG(s) dict_keys(['example_skip_dag']) retrieved from /home/airflow/.local/lib/python3.7/site-packages/airflow/example_dags/example_skip_dag.py
[2023-06-04T01:14:40.525+0000] {logging_mixin.py:117} INFO - [2023-06-04T01:14:40.525+0000] {dag.py:2573} INFO - Sync 1 DAGs
[2023-06-04T01:14:40.569+0000] {logging_mixin.py:117} INFO - [2023-06-04T01:14:40.569+0000] {dag.py:3328} INFO - Setting next_dagrun for example_skip_dag to 2023-06-03T01:14:40.569000+00:00, run_after=2023-06-04T01:14:40.569000+00:00
[2023-06-04T01:14:40.598+0000] {processor.py:178} INFO - Processing /home/airflow/.local/lib/python3.7/site-packages/airflow/example_dags/example_skip_dag.py took 0.166 seconds
[2023-06-04T01:15:11.092+0000] {processor.py:156} INFO - Started process (PID=1164) to work on /home/airflow/.local/lib/python3.7/site-packages/airflow/example_dags/example_skip_dag.py
[2023-06-04T01:15:11.096+0000] {processor.py:758} INFO - Processing file /home/airflow/.local/lib/python3.7/site-packages/airflow/example_dags/example_skip_dag.py for tasks to queue
[2023-06-04T01:15:11.099+0000] {logging_mixin.py:117} INFO - [2023-06-04T01:15:11.099+0000] {dagbag.py:525} INFO - Filling up the DagBag from /home/airflow/.local/lib/python3.7/site-packages/airflow/example_dags/example_skip_dag.py
[2023-06-04T01:15:11.123+0000] {processor.py:768} INFO - DAG(s) dict_keys(['example_skip_dag']) retrieved from /home/airflow/.local/lib/python3.7/site-packages/airflow/example_dags/example_skip_dag.py
[2023-06-04T01:15:11.197+0000] {logging_mixin.py:117} INFO - [2023-06-04T01:15:11.197+0000] {dag.py:2573} INFO - Sync 1 DAGs
[2023-06-04T01:15:11.245+0000] {logging_mixin.py:117} INFO - [2023-06-04T01:15:11.245+0000] {dag.py:3328} INFO - Setting next_dagrun for example_skip_dag to 2023-06-03T01:15:11.245072+00:00, run_after=2023-06-04T01:15:11.245072+00:00
[2023-06-04T01:15:11.357+0000] {processor.py:178} INFO - Processing /home/airflow/.local/lib/python3.7/site-packages/airflow/example_dags/example_skip_dag.py took 0.275 seconds
[2023-06-04T01:15:41.744+0000] {processor.py:156} INFO - Started process (PID=1228) to work on /home/airflow/.local/lib/python3.7/site-packages/airflow/example_dags/example_skip_dag.py
[2023-06-04T01:15:41.746+0000] {processor.py:758} INFO - Processing file /home/airflow/.local/lib/python3.7/site-packages/airflow/example_dags/example_skip_dag.py for tasks to queue
[2023-06-04T01:15:41.748+0000] {logging_mixin.py:117} INFO - [2023-06-04T01:15:41.747+0000] {dagbag.py:525} INFO - Filling up the DagBag from /home/airflow/.local/lib/python3.7/site-packages/airflow/example_dags/example_skip_dag.py
[2023-06-04T01:15:41.768+0000] {processor.py:768} INFO - DAG(s) dict_keys(['example_skip_dag']) retrieved from /home/airflow/.local/lib/python3.7/site-packages/airflow/example_dags/example_skip_dag.py
[2023-06-04T01:15:41.821+0000] {logging_mixin.py:117} INFO - [2023-06-04T01:15:41.821+0000] {dag.py:2573} INFO - Sync 1 DAGs
[2023-06-04T01:15:41.855+0000] {logging_mixin.py:117} INFO - [2023-06-04T01:15:41.855+0000] {dag.py:3328} INFO - Setting next_dagrun for example_skip_dag to 2023-06-03T01:15:41.854622+00:00, run_after=2023-06-04T01:15:41.854622+00:00
[2023-06-04T01:15:41.880+0000] {processor.py:178} INFO - Processing /home/airflow/.local/lib/python3.7/site-packages/airflow/example_dags/example_skip_dag.py took 0.140 seconds
[2023-06-04T01:16:12.327+0000] {processor.py:156} INFO - Started process (PID=1283) to work on /home/airflow/.local/lib/python3.7/site-packages/airflow/example_dags/example_skip_dag.py
[2023-06-04T01:16:12.329+0000] {processor.py:758} INFO - Processing file /home/airflow/.local/lib/python3.7/site-packages/airflow/example_dags/example_skip_dag.py for tasks to queue
[2023-06-04T01:16:12.332+0000] {logging_mixin.py:117} INFO - [2023-06-04T01:16:12.331+0000] {dagbag.py:525} INFO - Filling up the DagBag from /home/airflow/.local/lib/python3.7/site-packages/airflow/example_dags/example_skip_dag.py
[2023-06-04T01:16:12.356+0000] {processor.py:768} INFO - DAG(s) dict_keys(['example_skip_dag']) retrieved from /home/airflow/.local/lib/python3.7/site-packages/airflow/example_dags/example_skip_dag.py
[2023-06-04T01:16:12.414+0000] {logging_mixin.py:117} INFO - [2023-06-04T01:16:12.414+0000] {dag.py:2573} INFO - Sync 1 DAGs
[2023-06-04T01:16:12.447+0000] {logging_mixin.py:117} INFO - [2023-06-04T01:16:12.447+0000] {dag.py:3328} INFO - Setting next_dagrun for example_skip_dag to 2023-06-03T01:16:12.446886+00:00, run_after=2023-06-04T01:16:12.446886+00:00
[2023-06-04T01:16:12.475+0000] {processor.py:178} INFO - Processing /home/airflow/.local/lib/python3.7/site-packages/airflow/example_dags/example_skip_dag.py took 0.154 seconds
[2023-06-04T01:16:43.613+0000] {processor.py:156} INFO - Started process (PID=1347) to work on /home/airflow/.local/lib/python3.7/site-packages/airflow/example_dags/example_skip_dag.py
[2023-06-04T01:16:43.616+0000] {processor.py:758} INFO - Processing file /home/airflow/.local/lib/python3.7/site-packages/airflow/example_dags/example_skip_dag.py for tasks to queue
[2023-06-04T01:16:43.618+0000] {logging_mixin.py:117} INFO - [2023-06-04T01:16:43.618+0000] {dagbag.py:525} INFO - Filling up the DagBag from /home/airflow/.local/lib/python3.7/site-packages/airflow/example_dags/example_skip_dag.py
[2023-06-04T01:16:43.641+0000] {processor.py:768} INFO - DAG(s) dict_keys(['example_skip_dag']) retrieved from /home/airflow/.local/lib/python3.7/site-packages/airflow/example_dags/example_skip_dag.py
[2023-06-04T01:16:43.713+0000] {logging_mixin.py:117} INFO - [2023-06-04T01:16:43.713+0000] {dag.py:2573} INFO - Sync 1 DAGs
[2023-06-04T01:16:43.755+0000] {logging_mixin.py:117} INFO - [2023-06-04T01:16:43.755+0000] {dag.py:3328} INFO - Setting next_dagrun for example_skip_dag to 2023-06-03T01:16:43.754415+00:00, run_after=2023-06-04T01:16:43.754415+00:00
[2023-06-04T01:16:43.788+0000] {processor.py:178} INFO - Processing /home/airflow/.local/lib/python3.7/site-packages/airflow/example_dags/example_skip_dag.py took 0.179 seconds
[2023-06-04T01:17:14.169+0000] {processor.py:156} INFO - Started process (PID=1411) to work on /home/airflow/.local/lib/python3.7/site-packages/airflow/example_dags/example_skip_dag.py
[2023-06-04T01:17:14.171+0000] {processor.py:758} INFO - Processing file /home/airflow/.local/lib/python3.7/site-packages/airflow/example_dags/example_skip_dag.py for tasks to queue
[2023-06-04T01:17:14.173+0000] {logging_mixin.py:117} INFO - [2023-06-04T01:17:14.173+0000] {dagbag.py:525} INFO - Filling up the DagBag from /home/airflow/.local/lib/python3.7/site-packages/airflow/example_dags/example_skip_dag.py
[2023-06-04T01:17:14.193+0000] {processor.py:768} INFO - DAG(s) dict_keys(['example_skip_dag']) retrieved from /home/airflow/.local/lib/python3.7/site-packages/airflow/example_dags/example_skip_dag.py
[2023-06-04T01:17:14.249+0000] {logging_mixin.py:117} INFO - [2023-06-04T01:17:14.249+0000] {dag.py:2573} INFO - Sync 1 DAGs
[2023-06-04T01:17:14.281+0000] {logging_mixin.py:117} INFO - [2023-06-04T01:17:14.281+0000] {dag.py:3328} INFO - Setting next_dagrun for example_skip_dag to 2023-06-03T01:17:14.281398+00:00, run_after=2023-06-04T01:17:14.281398+00:00
[2023-06-04T01:17:14.310+0000] {processor.py:178} INFO - Processing /home/airflow/.local/lib/python3.7/site-packages/airflow/example_dags/example_skip_dag.py took 0.145 seconds
[2023-06-04T01:17:44.388+0000] {processor.py:156} INFO - Started process (PID=1465) to work on /home/airflow/.local/lib/python3.7/site-packages/airflow/example_dags/example_skip_dag.py
[2023-06-04T01:17:44.390+0000] {processor.py:758} INFO - Processing file /home/airflow/.local/lib/python3.7/site-packages/airflow/example_dags/example_skip_dag.py for tasks to queue
[2023-06-04T01:17:44.392+0000] {logging_mixin.py:117} INFO - [2023-06-04T01:17:44.392+0000] {dagbag.py:525} INFO - Filling up the DagBag from /home/airflow/.local/lib/python3.7/site-packages/airflow/example_dags/example_skip_dag.py
[2023-06-04T01:17:44.413+0000] {processor.py:768} INFO - DAG(s) dict_keys(['example_skip_dag']) retrieved from /home/airflow/.local/lib/python3.7/site-packages/airflow/example_dags/example_skip_dag.py
[2023-06-04T01:17:44.466+0000] {logging_mixin.py:117} INFO - [2023-06-04T01:17:44.466+0000] {dag.py:2573} INFO - Sync 1 DAGs
[2023-06-04T01:17:44.498+0000] {logging_mixin.py:117} INFO - [2023-06-04T01:17:44.498+0000] {dag.py:3328} INFO - Setting next_dagrun for example_skip_dag to 2023-06-03T01:17:44.498492+00:00, run_after=2023-06-04T01:17:44.498492+00:00
[2023-06-04T01:17:44.520+0000] {processor.py:178} INFO - Processing /home/airflow/.local/lib/python3.7/site-packages/airflow/example_dags/example_skip_dag.py took 0.136 seconds
[2023-06-04T01:18:14.840+0000] {processor.py:156} INFO - Started process (PID=1530) to work on /home/airflow/.local/lib/python3.7/site-packages/airflow/example_dags/example_skip_dag.py
[2023-06-04T01:18:14.843+0000] {processor.py:758} INFO - Processing file /home/airflow/.local/lib/python3.7/site-packages/airflow/example_dags/example_skip_dag.py for tasks to queue
[2023-06-04T01:18:14.845+0000] {logging_mixin.py:117} INFO - [2023-06-04T01:18:14.845+0000] {dagbag.py:525} INFO - Filling up the DagBag from /home/airflow/.local/lib/python3.7/site-packages/airflow/example_dags/example_skip_dag.py
[2023-06-04T01:18:14.865+0000] {processor.py:768} INFO - DAG(s) dict_keys(['example_skip_dag']) retrieved from /home/airflow/.local/lib/python3.7/site-packages/airflow/example_dags/example_skip_dag.py
[2023-06-04T01:18:14.919+0000] {logging_mixin.py:117} INFO - [2023-06-04T01:18:14.919+0000] {dag.py:2573} INFO - Sync 1 DAGs
[2023-06-04T01:18:14.952+0000] {logging_mixin.py:117} INFO - [2023-06-04T01:18:14.952+0000] {dag.py:3328} INFO - Setting next_dagrun for example_skip_dag to 2023-06-03T01:18:14.952416+00:00, run_after=2023-06-04T01:18:14.952416+00:00
[2023-06-04T01:18:14.977+0000] {processor.py:178} INFO - Processing /home/airflow/.local/lib/python3.7/site-packages/airflow/example_dags/example_skip_dag.py took 0.142 seconds
[2023-06-04T01:18:45.109+0000] {processor.py:156} INFO - Started process (PID=1593) to work on /home/airflow/.local/lib/python3.7/site-packages/airflow/example_dags/example_skip_dag.py
[2023-06-04T01:18:45.111+0000] {processor.py:758} INFO - Processing file /home/airflow/.local/lib/python3.7/site-packages/airflow/example_dags/example_skip_dag.py for tasks to queue
[2023-06-04T01:18:45.113+0000] {logging_mixin.py:117} INFO - [2023-06-04T01:18:45.113+0000] {dagbag.py:525} INFO - Filling up the DagBag from /home/airflow/.local/lib/python3.7/site-packages/airflow/example_dags/example_skip_dag.py
[2023-06-04T01:18:45.137+0000] {processor.py:768} INFO - DAG(s) dict_keys(['example_skip_dag']) retrieved from /home/airflow/.local/lib/python3.7/site-packages/airflow/example_dags/example_skip_dag.py
[2023-06-04T01:18:45.199+0000] {logging_mixin.py:117} INFO - [2023-06-04T01:18:45.199+0000] {dag.py:2573} INFO - Sync 1 DAGs
[2023-06-04T01:18:45.233+0000] {logging_mixin.py:117} INFO - [2023-06-04T01:18:45.233+0000] {dag.py:3328} INFO - Setting next_dagrun for example_skip_dag to 2023-06-03T01:18:45.232793+00:00, run_after=2023-06-04T01:18:45.232793+00:00
[2023-06-04T01:18:45.257+0000] {processor.py:178} INFO - Processing /home/airflow/.local/lib/python3.7/site-packages/airflow/example_dags/example_skip_dag.py took 0.153 seconds
[2023-06-04T01:19:16.122+0000] {processor.py:156} INFO - Started process (PID=1648) to work on /home/airflow/.local/lib/python3.7/site-packages/airflow/example_dags/example_skip_dag.py
[2023-06-04T01:19:16.124+0000] {processor.py:758} INFO - Processing file /home/airflow/.local/lib/python3.7/site-packages/airflow/example_dags/example_skip_dag.py for tasks to queue
[2023-06-04T01:19:16.126+0000] {logging_mixin.py:117} INFO - [2023-06-04T01:19:16.125+0000] {dagbag.py:525} INFO - Filling up the DagBag from /home/airflow/.local/lib/python3.7/site-packages/airflow/example_dags/example_skip_dag.py
[2023-06-04T01:19:16.147+0000] {processor.py:768} INFO - DAG(s) dict_keys(['example_skip_dag']) retrieved from /home/airflow/.local/lib/python3.7/site-packages/airflow/example_dags/example_skip_dag.py
[2023-06-04T01:19:16.203+0000] {logging_mixin.py:117} INFO - [2023-06-04T01:19:16.202+0000] {dag.py:2573} INFO - Sync 1 DAGs
[2023-06-04T01:19:16.236+0000] {logging_mixin.py:117} INFO - [2023-06-04T01:19:16.236+0000] {dag.py:3328} INFO - Setting next_dagrun for example_skip_dag to 2023-06-03T01:19:16.235999+00:00, run_after=2023-06-04T01:19:16.235999+00:00
[2023-06-04T01:19:16.262+0000] {processor.py:178} INFO - Processing /home/airflow/.local/lib/python3.7/site-packages/airflow/example_dags/example_skip_dag.py took 0.145 seconds
[2023-06-04T01:20:40.996+0000] {processor.py:157} INFO - Started process (PID=65) to work on /home/airflow/.local/lib/python3.7/site-packages/airflow/example_dags/example_skip_dag.py
[2023-06-04T01:20:41.000+0000] {processor.py:826} INFO - Processing file /home/airflow/.local/lib/python3.7/site-packages/airflow/example_dags/example_skip_dag.py for tasks to queue
[2023-06-04T01:20:41.004+0000] {logging_mixin.py:149} INFO - [2023-06-04T01:20:41.004+0000] {dagbag.py:541} INFO - Filling up the DagBag from /home/airflow/.local/lib/python3.7/site-packages/airflow/example_dags/example_skip_dag.py
[2023-06-04T01:20:41.031+0000] {processor.py:836} INFO - DAG(s) dict_keys(['example_skip_dag']) retrieved from /home/airflow/.local/lib/python3.7/site-packages/airflow/example_dags/example_skip_dag.py
[2023-06-04T01:20:41.067+0000] {logging_mixin.py:149} INFO - [2023-06-04T01:20:41.066+0000] {dag.py:2726} INFO - Sync 1 DAGs
[2023-06-04T01:20:41.124+0000] {logging_mixin.py:149} INFO - [2023-06-04T01:20:41.124+0000] {dag.py:3490} INFO - Setting next_dagrun for example_skip_dag to 2023-06-03T01:20:41.123698+00:00, run_after=2023-06-04T01:20:41.123698+00:00
[2023-06-04T01:20:41.190+0000] {processor.py:179} INFO - Processing /home/airflow/.local/lib/python3.7/site-packages/airflow/example_dags/example_skip_dag.py took 0.203 seconds
[2023-06-04T01:21:11.517+0000] {processor.py:157} INFO - Started process (PID=135) to work on /home/airflow/.local/lib/python3.7/site-packages/airflow/example_dags/example_skip_dag.py
[2023-06-04T01:21:11.519+0000] {processor.py:826} INFO - Processing file /home/airflow/.local/lib/python3.7/site-packages/airflow/example_dags/example_skip_dag.py for tasks to queue
[2023-06-04T01:21:11.521+0000] {logging_mixin.py:149} INFO - [2023-06-04T01:21:11.521+0000] {dagbag.py:541} INFO - Filling up the DagBag from /home/airflow/.local/lib/python3.7/site-packages/airflow/example_dags/example_skip_dag.py
[2023-06-04T01:21:11.532+0000] {processor.py:836} INFO - DAG(s) dict_keys(['example_skip_dag']) retrieved from /home/airflow/.local/lib/python3.7/site-packages/airflow/example_dags/example_skip_dag.py
[2023-06-04T01:21:11.569+0000] {logging_mixin.py:149} INFO - [2023-06-04T01:21:11.569+0000] {dag.py:2726} INFO - Sync 1 DAGs
[2023-06-04T01:21:11.600+0000] {logging_mixin.py:149} INFO - [2023-06-04T01:21:11.600+0000] {dag.py:3490} INFO - Setting next_dagrun for example_skip_dag to 2023-06-03T01:21:11.600161+00:00, run_after=2023-06-04T01:21:11.600161+00:00
[2023-06-04T01:21:11.622+0000] {processor.py:179} INFO - Processing /home/airflow/.local/lib/python3.7/site-packages/airflow/example_dags/example_skip_dag.py took 0.111 seconds
[2023-06-04T01:21:42.481+0000] {processor.py:157} INFO - Started process (PID=214) to work on /home/airflow/.local/lib/python3.7/site-packages/airflow/example_dags/example_skip_dag.py
[2023-06-04T01:21:42.483+0000] {processor.py:826} INFO - Processing file /home/airflow/.local/lib/python3.7/site-packages/airflow/example_dags/example_skip_dag.py for tasks to queue
[2023-06-04T01:21:42.484+0000] {logging_mixin.py:149} INFO - [2023-06-04T01:21:42.484+0000] {dagbag.py:541} INFO - Filling up the DagBag from /home/airflow/.local/lib/python3.7/site-packages/airflow/example_dags/example_skip_dag.py
[2023-06-04T01:21:42.496+0000] {processor.py:836} INFO - DAG(s) dict_keys(['example_skip_dag']) retrieved from /home/airflow/.local/lib/python3.7/site-packages/airflow/example_dags/example_skip_dag.py
[2023-06-04T01:21:42.530+0000] {logging_mixin.py:149} INFO - [2023-06-04T01:21:42.530+0000] {dag.py:2726} INFO - Sync 1 DAGs
[2023-06-04T01:21:42.563+0000] {logging_mixin.py:149} INFO - [2023-06-04T01:21:42.563+0000] {dag.py:3490} INFO - Setting next_dagrun for example_skip_dag to 2023-06-03T01:21:42.563354+00:00, run_after=2023-06-04T01:21:42.563354+00:00
[2023-06-04T01:21:42.587+0000] {processor.py:179} INFO - Processing /home/airflow/.local/lib/python3.7/site-packages/airflow/example_dags/example_skip_dag.py took 0.111 seconds
[2023-06-04T01:22:12.635+0000] {processor.py:157} INFO - Started process (PID=284) to work on /home/airflow/.local/lib/python3.7/site-packages/airflow/example_dags/example_skip_dag.py
[2023-06-04T01:22:12.638+0000] {processor.py:826} INFO - Processing file /home/airflow/.local/lib/python3.7/site-packages/airflow/example_dags/example_skip_dag.py for tasks to queue
[2023-06-04T01:22:12.640+0000] {logging_mixin.py:149} INFO - [2023-06-04T01:22:12.640+0000] {dagbag.py:541} INFO - Filling up the DagBag from /home/airflow/.local/lib/python3.7/site-packages/airflow/example_dags/example_skip_dag.py
[2023-06-04T01:22:12.654+0000] {processor.py:836} INFO - DAG(s) dict_keys(['example_skip_dag']) retrieved from /home/airflow/.local/lib/python3.7/site-packages/airflow/example_dags/example_skip_dag.py
[2023-06-04T01:22:12.691+0000] {logging_mixin.py:149} INFO - [2023-06-04T01:22:12.691+0000] {dag.py:2726} INFO - Sync 1 DAGs
[2023-06-04T01:22:12.729+0000] {logging_mixin.py:149} INFO - [2023-06-04T01:22:12.729+0000] {dag.py:3490} INFO - Setting next_dagrun for example_skip_dag to 2023-06-03T01:22:12.729230+00:00, run_after=2023-06-04T01:22:12.729230+00:00
[2023-06-04T01:22:12.752+0000] {processor.py:179} INFO - Processing /home/airflow/.local/lib/python3.7/site-packages/airflow/example_dags/example_skip_dag.py took 0.123 seconds
[2023-06-04T01:22:43.682+0000] {processor.py:157} INFO - Started process (PID=354) to work on /home/airflow/.local/lib/python3.7/site-packages/airflow/example_dags/example_skip_dag.py
[2023-06-04T01:22:43.684+0000] {processor.py:826} INFO - Processing file /home/airflow/.local/lib/python3.7/site-packages/airflow/example_dags/example_skip_dag.py for tasks to queue
[2023-06-04T01:22:43.686+0000] {logging_mixin.py:149} INFO - [2023-06-04T01:22:43.686+0000] {dagbag.py:541} INFO - Filling up the DagBag from /home/airflow/.local/lib/python3.7/site-packages/airflow/example_dags/example_skip_dag.py
[2023-06-04T01:22:43.697+0000] {processor.py:836} INFO - DAG(s) dict_keys(['example_skip_dag']) retrieved from /home/airflow/.local/lib/python3.7/site-packages/airflow/example_dags/example_skip_dag.py
[2023-06-04T01:22:43.739+0000] {logging_mixin.py:149} INFO - [2023-06-04T01:22:43.739+0000] {dag.py:2726} INFO - Sync 1 DAGs
[2023-06-04T01:22:43.782+0000] {logging_mixin.py:149} INFO - [2023-06-04T01:22:43.781+0000] {dag.py:3490} INFO - Setting next_dagrun for example_skip_dag to 2023-06-03T01:22:43.781536+00:00, run_after=2023-06-04T01:22:43.781536+00:00
[2023-06-04T01:22:43.809+0000] {processor.py:179} INFO - Processing /home/airflow/.local/lib/python3.7/site-packages/airflow/example_dags/example_skip_dag.py took 0.132 seconds
[2023-06-04T01:23:14.725+0000] {processor.py:157} INFO - Started process (PID=433) to work on /home/airflow/.local/lib/python3.7/site-packages/airflow/example_dags/example_skip_dag.py
[2023-06-04T01:23:14.727+0000] {processor.py:826} INFO - Processing file /home/airflow/.local/lib/python3.7/site-packages/airflow/example_dags/example_skip_dag.py for tasks to queue
[2023-06-04T01:23:14.729+0000] {logging_mixin.py:149} INFO - [2023-06-04T01:23:14.729+0000] {dagbag.py:541} INFO - Filling up the DagBag from /home/airflow/.local/lib/python3.7/site-packages/airflow/example_dags/example_skip_dag.py
[2023-06-04T01:23:14.740+0000] {processor.py:836} INFO - DAG(s) dict_keys(['example_skip_dag']) retrieved from /home/airflow/.local/lib/python3.7/site-packages/airflow/example_dags/example_skip_dag.py
[2023-06-04T01:23:14.778+0000] {logging_mixin.py:149} INFO - [2023-06-04T01:23:14.778+0000] {dag.py:2726} INFO - Sync 1 DAGs
[2023-06-04T01:23:14.820+0000] {logging_mixin.py:149} INFO - [2023-06-04T01:23:14.820+0000] {dag.py:3490} INFO - Setting next_dagrun for example_skip_dag to 2023-06-03T01:23:14.819712+00:00, run_after=2023-06-04T01:23:14.819712+00:00
[2023-06-04T01:23:14.845+0000] {processor.py:179} INFO - Processing /home/airflow/.local/lib/python3.7/site-packages/airflow/example_dags/example_skip_dag.py took 0.125 seconds
[2023-06-04T01:23:45.628+0000] {processor.py:157} INFO - Started process (PID=503) to work on /home/airflow/.local/lib/python3.7/site-packages/airflow/example_dags/example_skip_dag.py
[2023-06-04T01:23:45.630+0000] {processor.py:826} INFO - Processing file /home/airflow/.local/lib/python3.7/site-packages/airflow/example_dags/example_skip_dag.py for tasks to queue
[2023-06-04T01:23:45.632+0000] {logging_mixin.py:149} INFO - [2023-06-04T01:23:45.632+0000] {dagbag.py:541} INFO - Filling up the DagBag from /home/airflow/.local/lib/python3.7/site-packages/airflow/example_dags/example_skip_dag.py
[2023-06-04T01:23:45.643+0000] {processor.py:836} INFO - DAG(s) dict_keys(['example_skip_dag']) retrieved from /home/airflow/.local/lib/python3.7/site-packages/airflow/example_dags/example_skip_dag.py
[2023-06-04T01:23:45.678+0000] {logging_mixin.py:149} INFO - [2023-06-04T01:23:45.678+0000] {dag.py:2726} INFO - Sync 1 DAGs
[2023-06-04T01:23:45.718+0000] {logging_mixin.py:149} INFO - [2023-06-04T01:23:45.718+0000] {dag.py:3490} INFO - Setting next_dagrun for example_skip_dag to 2023-06-03T01:23:45.717597+00:00, run_after=2023-06-04T01:23:45.717597+00:00
[2023-06-04T01:23:45.744+0000] {processor.py:179} INFO - Processing /home/airflow/.local/lib/python3.7/site-packages/airflow/example_dags/example_skip_dag.py took 0.121 seconds
[2023-06-04T01:24:16.242+0000] {processor.py:157} INFO - Started process (PID=582) to work on /home/airflow/.local/lib/python3.7/site-packages/airflow/example_dags/example_skip_dag.py
[2023-06-04T01:24:16.244+0000] {processor.py:826} INFO - Processing file /home/airflow/.local/lib/python3.7/site-packages/airflow/example_dags/example_skip_dag.py for tasks to queue
[2023-06-04T01:24:16.246+0000] {logging_mixin.py:149} INFO - [2023-06-04T01:24:16.246+0000] {dagbag.py:541} INFO - Filling up the DagBag from /home/airflow/.local/lib/python3.7/site-packages/airflow/example_dags/example_skip_dag.py
[2023-06-04T01:24:16.257+0000] {processor.py:836} INFO - DAG(s) dict_keys(['example_skip_dag']) retrieved from /home/airflow/.local/lib/python3.7/site-packages/airflow/example_dags/example_skip_dag.py
[2023-06-04T01:24:16.291+0000] {logging_mixin.py:149} INFO - [2023-06-04T01:24:16.291+0000] {dag.py:2726} INFO - Sync 1 DAGs
[2023-06-04T01:24:16.325+0000] {logging_mixin.py:149} INFO - [2023-06-04T01:24:16.325+0000] {dag.py:3490} INFO - Setting next_dagrun for example_skip_dag to 2023-06-03T01:24:16.325208+00:00, run_after=2023-06-04T01:24:16.325208+00:00
[2023-06-04T01:24:16.352+0000] {processor.py:179} INFO - Processing /home/airflow/.local/lib/python3.7/site-packages/airflow/example_dags/example_skip_dag.py took 0.114 seconds
[2023-06-04T01:24:46.558+0000] {processor.py:157} INFO - Started process (PID=652) to work on /home/airflow/.local/lib/python3.7/site-packages/airflow/example_dags/example_skip_dag.py
[2023-06-04T01:24:46.560+0000] {processor.py:826} INFO - Processing file /home/airflow/.local/lib/python3.7/site-packages/airflow/example_dags/example_skip_dag.py for tasks to queue
[2023-06-04T01:24:46.562+0000] {logging_mixin.py:149} INFO - [2023-06-04T01:24:46.562+0000] {dagbag.py:541} INFO - Filling up the DagBag from /home/airflow/.local/lib/python3.7/site-packages/airflow/example_dags/example_skip_dag.py
[2023-06-04T01:24:46.573+0000] {processor.py:836} INFO - DAG(s) dict_keys(['example_skip_dag']) retrieved from /home/airflow/.local/lib/python3.7/site-packages/airflow/example_dags/example_skip_dag.py
[2023-06-04T01:24:46.608+0000] {logging_mixin.py:149} INFO - [2023-06-04T01:24:46.608+0000] {dag.py:2726} INFO - Sync 1 DAGs
[2023-06-04T01:24:46.644+0000] {logging_mixin.py:149} INFO - [2023-06-04T01:24:46.643+0000] {dag.py:3490} INFO - Setting next_dagrun for example_skip_dag to 2023-06-03T01:24:46.643565+00:00, run_after=2023-06-04T01:24:46.643565+00:00
[2023-06-04T01:24:46.670+0000] {processor.py:179} INFO - Processing /home/airflow/.local/lib/python3.7/site-packages/airflow/example_dags/example_skip_dag.py took 0.117 seconds
[2023-06-04T01:25:17.677+0000] {processor.py:157} INFO - Started process (PID=729) to work on /home/airflow/.local/lib/python3.7/site-packages/airflow/example_dags/example_skip_dag.py
[2023-06-04T01:25:17.680+0000] {processor.py:826} INFO - Processing file /home/airflow/.local/lib/python3.7/site-packages/airflow/example_dags/example_skip_dag.py for tasks to queue
[2023-06-04T01:25:17.682+0000] {logging_mixin.py:149} INFO - [2023-06-04T01:25:17.681+0000] {dagbag.py:541} INFO - Filling up the DagBag from /home/airflow/.local/lib/python3.7/site-packages/airflow/example_dags/example_skip_dag.py
[2023-06-04T01:25:17.696+0000] {processor.py:836} INFO - DAG(s) dict_keys(['example_skip_dag']) retrieved from /home/airflow/.local/lib/python3.7/site-packages/airflow/example_dags/example_skip_dag.py
[2023-06-04T01:25:17.733+0000] {logging_mixin.py:149} INFO - [2023-06-04T01:25:17.733+0000] {dag.py:2726} INFO - Sync 1 DAGs
[2023-06-04T01:25:17.772+0000] {logging_mixin.py:149} INFO - [2023-06-04T01:25:17.771+0000] {dag.py:3490} INFO - Setting next_dagrun for example_skip_dag to 2023-06-03T01:25:17.771542+00:00, run_after=2023-06-04T01:25:17.771542+00:00
[2023-06-04T01:25:17.804+0000] {processor.py:179} INFO - Processing /home/airflow/.local/lib/python3.7/site-packages/airflow/example_dags/example_skip_dag.py took 0.132 seconds
[2023-06-04T01:25:48.008+0000] {processor.py:157} INFO - Started process (PID=800) to work on /home/airflow/.local/lib/python3.7/site-packages/airflow/example_dags/example_skip_dag.py
[2023-06-04T01:25:48.011+0000] {processor.py:826} INFO - Processing file /home/airflow/.local/lib/python3.7/site-packages/airflow/example_dags/example_skip_dag.py for tasks to queue
[2023-06-04T01:25:48.013+0000] {logging_mixin.py:149} INFO - [2023-06-04T01:25:48.013+0000] {dagbag.py:541} INFO - Filling up the DagBag from /home/airflow/.local/lib/python3.7/site-packages/airflow/example_dags/example_skip_dag.py
[2023-06-04T01:25:48.025+0000] {processor.py:836} INFO - DAG(s) dict_keys(['example_skip_dag']) retrieved from /home/airflow/.local/lib/python3.7/site-packages/airflow/example_dags/example_skip_dag.py
[2023-06-04T01:25:48.065+0000] {logging_mixin.py:149} INFO - [2023-06-04T01:25:48.065+0000] {dag.py:2726} INFO - Sync 1 DAGs
[2023-06-04T01:25:48.101+0000] {logging_mixin.py:149} INFO - [2023-06-04T01:25:48.101+0000] {dag.py:3490} INFO - Setting next_dagrun for example_skip_dag to 2023-06-03T01:25:48.100928+00:00, run_after=2023-06-04T01:25:48.100928+00:00
[2023-06-04T01:25:48.126+0000] {processor.py:179} INFO - Processing /home/airflow/.local/lib/python3.7/site-packages/airflow/example_dags/example_skip_dag.py took 0.123 seconds
