[2023-06-04T00:36:51.521+0000] {processor.py:156} INFO - Started process (PID=47) to work on /home/airflow/.local/lib/python3.7/site-packages/airflow/example_dags/example_branch_operator.py
[2023-06-04T00:36:51.527+0000] {processor.py:758} INFO - Processing file /home/airflow/.local/lib/python3.7/site-packages/airflow/example_dags/example_branch_operator.py for tasks to queue
[2023-06-04T00:36:51.530+0000] {logging_mixin.py:117} INFO - [2023-06-04T00:36:51.529+0000] {dagbag.py:525} INFO - Filling up the DagBag from /home/airflow/.local/lib/python3.7/site-packages/airflow/example_dags/example_branch_operator.py
[2023-06-04T00:36:51.592+0000] {processor.py:768} INFO - DAG(s) dict_keys(['example_branch_operator']) retrieved from /home/airflow/.local/lib/python3.7/site-packages/airflow/example_dags/example_branch_operator.py
[2023-06-04T00:36:51.942+0000] {logging_mixin.py:117} INFO - [2023-06-04T00:36:51.942+0000] {manager.py:507} INFO - Created Permission View: can delete on DAG:example_branch_operator
[2023-06-04T00:36:51.973+0000] {logging_mixin.py:117} INFO - [2023-06-04T00:36:51.973+0000] {manager.py:507} INFO - Created Permission View: can read on DAG:example_branch_operator
[2023-06-04T00:36:51.991+0000] {logging_mixin.py:117} INFO - [2023-06-04T00:36:51.990+0000] {manager.py:507} INFO - Created Permission View: can edit on DAG:example_branch_operator
[2023-06-04T00:36:51.995+0000] {logging_mixin.py:117} INFO - [2023-06-04T00:36:51.995+0000] {dag.py:2573} INFO - Sync 1 DAGs
[2023-06-04T00:36:52.035+0000] {logging_mixin.py:117} INFO - [2023-06-04T00:36:52.034+0000] {dag.py:2594} INFO - Creating ORM DAG for example_branch_operator
[2023-06-04T00:36:52.070+0000] {logging_mixin.py:117} INFO - [2023-06-04T00:36:52.070+0000] {dag.py:3328} INFO - Setting next_dagrun for example_branch_operator to 2023-06-03T00:00:00+00:00, run_after=2023-06-04T00:00:00+00:00
[2023-06-04T00:36:52.123+0000] {processor.py:178} INFO - Processing /home/airflow/.local/lib/python3.7/site-packages/airflow/example_dags/example_branch_operator.py took 0.607 seconds
[2023-06-04T00:37:22.731+0000] {processor.py:156} INFO - Started process (PID=101) to work on /home/airflow/.local/lib/python3.7/site-packages/airflow/example_dags/example_branch_operator.py
[2023-06-04T00:37:22.733+0000] {processor.py:758} INFO - Processing file /home/airflow/.local/lib/python3.7/site-packages/airflow/example_dags/example_branch_operator.py for tasks to queue
[2023-06-04T00:37:22.735+0000] {logging_mixin.py:117} INFO - [2023-06-04T00:37:22.735+0000] {dagbag.py:525} INFO - Filling up the DagBag from /home/airflow/.local/lib/python3.7/site-packages/airflow/example_dags/example_branch_operator.py
[2023-06-04T00:37:22.756+0000] {processor.py:768} INFO - DAG(s) dict_keys(['example_branch_operator']) retrieved from /home/airflow/.local/lib/python3.7/site-packages/airflow/example_dags/example_branch_operator.py
[2023-06-04T00:37:22.811+0000] {logging_mixin.py:117} INFO - [2023-06-04T00:37:22.811+0000] {dag.py:2573} INFO - Sync 1 DAGs
[2023-06-04T00:37:22.847+0000] {logging_mixin.py:117} INFO - [2023-06-04T00:37:22.847+0000] {dag.py:3328} INFO - Setting next_dagrun for example_branch_operator to 2023-06-03T00:00:00+00:00, run_after=2023-06-04T00:00:00+00:00
[2023-06-04T00:37:22.874+0000] {processor.py:178} INFO - Processing /home/airflow/.local/lib/python3.7/site-packages/airflow/example_dags/example_branch_operator.py took 0.147 seconds
[2023-06-04T00:37:53.136+0000] {processor.py:156} INFO - Started process (PID=164) to work on /home/airflow/.local/lib/python3.7/site-packages/airflow/example_dags/example_branch_operator.py
[2023-06-04T00:37:53.138+0000] {processor.py:758} INFO - Processing file /home/airflow/.local/lib/python3.7/site-packages/airflow/example_dags/example_branch_operator.py for tasks to queue
[2023-06-04T00:37:53.139+0000] {logging_mixin.py:117} INFO - [2023-06-04T00:37:53.139+0000] {dagbag.py:525} INFO - Filling up the DagBag from /home/airflow/.local/lib/python3.7/site-packages/airflow/example_dags/example_branch_operator.py
[2023-06-04T00:37:53.162+0000] {processor.py:768} INFO - DAG(s) dict_keys(['example_branch_operator']) retrieved from /home/airflow/.local/lib/python3.7/site-packages/airflow/example_dags/example_branch_operator.py
[2023-06-04T00:37:53.216+0000] {logging_mixin.py:117} INFO - [2023-06-04T00:37:53.216+0000] {dag.py:2573} INFO - Sync 1 DAGs
[2023-06-04T00:37:53.253+0000] {logging_mixin.py:117} INFO - [2023-06-04T00:37:53.253+0000] {dag.py:3328} INFO - Setting next_dagrun for example_branch_operator to 2023-06-03T00:00:00+00:00, run_after=2023-06-04T00:00:00+00:00
[2023-06-04T00:37:53.285+0000] {processor.py:178} INFO - Processing /home/airflow/.local/lib/python3.7/site-packages/airflow/example_dags/example_branch_operator.py took 0.152 seconds
[2023-06-04T00:38:23.873+0000] {processor.py:156} INFO - Started process (PID=227) to work on /home/airflow/.local/lib/python3.7/site-packages/airflow/example_dags/example_branch_operator.py
[2023-06-04T00:38:23.875+0000] {processor.py:758} INFO - Processing file /home/airflow/.local/lib/python3.7/site-packages/airflow/example_dags/example_branch_operator.py for tasks to queue
[2023-06-04T00:38:23.877+0000] {logging_mixin.py:117} INFO - [2023-06-04T00:38:23.877+0000] {dagbag.py:525} INFO - Filling up the DagBag from /home/airflow/.local/lib/python3.7/site-packages/airflow/example_dags/example_branch_operator.py
[2023-06-04T00:38:23.902+0000] {processor.py:768} INFO - DAG(s) dict_keys(['example_branch_operator']) retrieved from /home/airflow/.local/lib/python3.7/site-packages/airflow/example_dags/example_branch_operator.py
[2023-06-04T00:38:23.956+0000] {logging_mixin.py:117} INFO - [2023-06-04T00:38:23.956+0000] {dag.py:2573} INFO - Sync 1 DAGs
[2023-06-04T00:38:23.993+0000] {logging_mixin.py:117} INFO - [2023-06-04T00:38:23.992+0000] {dag.py:3328} INFO - Setting next_dagrun for example_branch_operator to 2023-06-03T00:00:00+00:00, run_after=2023-06-04T00:00:00+00:00
[2023-06-04T00:38:24.020+0000] {processor.py:178} INFO - Processing /home/airflow/.local/lib/python3.7/site-packages/airflow/example_dags/example_branch_operator.py took 0.150 seconds
[2023-06-04T00:38:54.473+0000] {processor.py:156} INFO - Started process (PID=281) to work on /home/airflow/.local/lib/python3.7/site-packages/airflow/example_dags/example_branch_operator.py
[2023-06-04T00:38:54.475+0000] {processor.py:758} INFO - Processing file /home/airflow/.local/lib/python3.7/site-packages/airflow/example_dags/example_branch_operator.py for tasks to queue
[2023-06-04T00:38:54.477+0000] {logging_mixin.py:117} INFO - [2023-06-04T00:38:54.477+0000] {dagbag.py:525} INFO - Filling up the DagBag from /home/airflow/.local/lib/python3.7/site-packages/airflow/example_dags/example_branch_operator.py
[2023-06-04T00:38:54.502+0000] {processor.py:768} INFO - DAG(s) dict_keys(['example_branch_operator']) retrieved from /home/airflow/.local/lib/python3.7/site-packages/airflow/example_dags/example_branch_operator.py
[2023-06-04T00:38:54.556+0000] {logging_mixin.py:117} INFO - [2023-06-04T00:38:54.556+0000] {dag.py:2573} INFO - Sync 1 DAGs
[2023-06-04T00:38:54.591+0000] {logging_mixin.py:117} INFO - [2023-06-04T00:38:54.591+0000] {dag.py:3328} INFO - Setting next_dagrun for example_branch_operator to 2023-06-03T00:00:00+00:00, run_after=2023-06-04T00:00:00+00:00
[2023-06-04T00:38:54.615+0000] {processor.py:178} INFO - Processing /home/airflow/.local/lib/python3.7/site-packages/airflow/example_dags/example_branch_operator.py took 0.146 seconds
[2023-06-04T00:59:45.551+0000] {processor.py:156} INFO - Started process (PID=46) to work on /home/airflow/.local/lib/python3.7/site-packages/airflow/example_dags/example_branch_operator.py
[2023-06-04T00:59:45.556+0000] {processor.py:758} INFO - Processing file /home/airflow/.local/lib/python3.7/site-packages/airflow/example_dags/example_branch_operator.py for tasks to queue
[2023-06-04T00:59:45.560+0000] {logging_mixin.py:117} INFO - [2023-06-04T00:59:45.559+0000] {dagbag.py:525} INFO - Filling up the DagBag from /home/airflow/.local/lib/python3.7/site-packages/airflow/example_dags/example_branch_operator.py
[2023-06-04T00:59:45.611+0000] {processor.py:768} INFO - DAG(s) dict_keys(['example_branch_operator']) retrieved from /home/airflow/.local/lib/python3.7/site-packages/airflow/example_dags/example_branch_operator.py
[2023-06-04T00:59:45.718+0000] {logging_mixin.py:117} INFO - [2023-06-04T00:59:45.718+0000] {dag.py:2573} INFO - Sync 1 DAGs
[2023-06-04T00:59:45.760+0000] {logging_mixin.py:117} INFO - [2023-06-04T00:59:45.759+0000] {dag.py:3328} INFO - Setting next_dagrun for example_branch_operator to 2023-06-03T00:00:00+00:00, run_after=2023-06-04T00:00:00+00:00
[2023-06-04T00:59:45.786+0000] {processor.py:178} INFO - Processing /home/airflow/.local/lib/python3.7/site-packages/airflow/example_dags/example_branch_operator.py took 0.241 seconds
[2023-06-04T01:00:15.976+0000] {processor.py:156} INFO - Started process (PID=102) to work on /home/airflow/.local/lib/python3.7/site-packages/airflow/example_dags/example_branch_operator.py
[2023-06-04T01:00:15.978+0000] {processor.py:758} INFO - Processing file /home/airflow/.local/lib/python3.7/site-packages/airflow/example_dags/example_branch_operator.py for tasks to queue
[2023-06-04T01:00:15.980+0000] {logging_mixin.py:117} INFO - [2023-06-04T01:00:15.980+0000] {dagbag.py:525} INFO - Filling up the DagBag from /home/airflow/.local/lib/python3.7/site-packages/airflow/example_dags/example_branch_operator.py
[2023-06-04T01:00:16.007+0000] {processor.py:768} INFO - DAG(s) dict_keys(['example_branch_operator']) retrieved from /home/airflow/.local/lib/python3.7/site-packages/airflow/example_dags/example_branch_operator.py
[2023-06-04T01:00:16.068+0000] {logging_mixin.py:117} INFO - [2023-06-04T01:00:16.068+0000] {dag.py:2573} INFO - Sync 1 DAGs
[2023-06-04T01:00:16.103+0000] {logging_mixin.py:117} INFO - [2023-06-04T01:00:16.103+0000] {dag.py:3328} INFO - Setting next_dagrun for example_branch_operator to 2023-06-03T00:00:00+00:00, run_after=2023-06-04T00:00:00+00:00
[2023-06-04T01:00:16.126+0000] {processor.py:178} INFO - Processing /home/airflow/.local/lib/python3.7/site-packages/airflow/example_dags/example_branch_operator.py took 0.156 seconds
[2023-06-04T01:00:46.346+0000] {processor.py:156} INFO - Started process (PID=166) to work on /home/airflow/.local/lib/python3.7/site-packages/airflow/example_dags/example_branch_operator.py
[2023-06-04T01:00:46.349+0000] {processor.py:758} INFO - Processing file /home/airflow/.local/lib/python3.7/site-packages/airflow/example_dags/example_branch_operator.py for tasks to queue
[2023-06-04T01:00:46.351+0000] {logging_mixin.py:117} INFO - [2023-06-04T01:00:46.351+0000] {dagbag.py:525} INFO - Filling up the DagBag from /home/airflow/.local/lib/python3.7/site-packages/airflow/example_dags/example_branch_operator.py
[2023-06-04T01:00:46.387+0000] {processor.py:768} INFO - DAG(s) dict_keys(['example_branch_operator']) retrieved from /home/airflow/.local/lib/python3.7/site-packages/airflow/example_dags/example_branch_operator.py
[2023-06-04T01:00:46.447+0000] {logging_mixin.py:117} INFO - [2023-06-04T01:00:46.447+0000] {dag.py:2573} INFO - Sync 1 DAGs
[2023-06-04T01:00:46.483+0000] {logging_mixin.py:117} INFO - [2023-06-04T01:00:46.483+0000] {dag.py:3328} INFO - Setting next_dagrun for example_branch_operator to 2023-06-03T00:00:00+00:00, run_after=2023-06-04T00:00:00+00:00
[2023-06-04T01:00:46.520+0000] {processor.py:178} INFO - Processing /home/airflow/.local/lib/python3.7/site-packages/airflow/example_dags/example_branch_operator.py took 0.179 seconds
[2023-06-04T01:01:16.894+0000] {processor.py:156} INFO - Started process (PID=220) to work on /home/airflow/.local/lib/python3.7/site-packages/airflow/example_dags/example_branch_operator.py
[2023-06-04T01:01:16.896+0000] {processor.py:758} INFO - Processing file /home/airflow/.local/lib/python3.7/site-packages/airflow/example_dags/example_branch_operator.py for tasks to queue
[2023-06-04T01:01:16.898+0000] {logging_mixin.py:117} INFO - [2023-06-04T01:01:16.898+0000] {dagbag.py:525} INFO - Filling up the DagBag from /home/airflow/.local/lib/python3.7/site-packages/airflow/example_dags/example_branch_operator.py
[2023-06-04T01:01:16.925+0000] {processor.py:768} INFO - DAG(s) dict_keys(['example_branch_operator']) retrieved from /home/airflow/.local/lib/python3.7/site-packages/airflow/example_dags/example_branch_operator.py
[2023-06-04T01:01:16.984+0000] {logging_mixin.py:117} INFO - [2023-06-04T01:01:16.984+0000] {dag.py:2573} INFO - Sync 1 DAGs
[2023-06-04T01:01:17.019+0000] {logging_mixin.py:117} INFO - [2023-06-04T01:01:17.018+0000] {dag.py:3328} INFO - Setting next_dagrun for example_branch_operator to 2023-06-03T00:00:00+00:00, run_after=2023-06-04T00:00:00+00:00
[2023-06-04T01:01:17.038+0000] {processor.py:178} INFO - Processing /home/airflow/.local/lib/python3.7/site-packages/airflow/example_dags/example_branch_operator.py took 0.149 seconds
[2023-06-04T01:01:47.333+0000] {processor.py:156} INFO - Started process (PID=283) to work on /home/airflow/.local/lib/python3.7/site-packages/airflow/example_dags/example_branch_operator.py
[2023-06-04T01:01:47.336+0000] {processor.py:758} INFO - Processing file /home/airflow/.local/lib/python3.7/site-packages/airflow/example_dags/example_branch_operator.py for tasks to queue
[2023-06-04T01:01:47.337+0000] {logging_mixin.py:117} INFO - [2023-06-04T01:01:47.337+0000] {dagbag.py:525} INFO - Filling up the DagBag from /home/airflow/.local/lib/python3.7/site-packages/airflow/example_dags/example_branch_operator.py
[2023-06-04T01:01:47.365+0000] {processor.py:768} INFO - DAG(s) dict_keys(['example_branch_operator']) retrieved from /home/airflow/.local/lib/python3.7/site-packages/airflow/example_dags/example_branch_operator.py
[2023-06-04T01:01:47.421+0000] {logging_mixin.py:117} INFO - [2023-06-04T01:01:47.421+0000] {dag.py:2573} INFO - Sync 1 DAGs
[2023-06-04T01:01:47.456+0000] {logging_mixin.py:117} INFO - [2023-06-04T01:01:47.456+0000] {dag.py:3328} INFO - Setting next_dagrun for example_branch_operator to 2023-06-03T00:00:00+00:00, run_after=2023-06-04T00:00:00+00:00
[2023-06-04T01:01:47.481+0000] {processor.py:178} INFO - Processing /home/airflow/.local/lib/python3.7/site-packages/airflow/example_dags/example_branch_operator.py took 0.153 seconds
[2023-06-04T01:02:17.609+0000] {processor.py:156} INFO - Started process (PID=346) to work on /home/airflow/.local/lib/python3.7/site-packages/airflow/example_dags/example_branch_operator.py
[2023-06-04T01:02:17.611+0000] {processor.py:758} INFO - Processing file /home/airflow/.local/lib/python3.7/site-packages/airflow/example_dags/example_branch_operator.py for tasks to queue
[2023-06-04T01:02:17.613+0000] {logging_mixin.py:117} INFO - [2023-06-04T01:02:17.613+0000] {dagbag.py:525} INFO - Filling up the DagBag from /home/airflow/.local/lib/python3.7/site-packages/airflow/example_dags/example_branch_operator.py
[2023-06-04T01:02:17.637+0000] {processor.py:768} INFO - DAG(s) dict_keys(['example_branch_operator']) retrieved from /home/airflow/.local/lib/python3.7/site-packages/airflow/example_dags/example_branch_operator.py
[2023-06-04T01:02:17.690+0000] {logging_mixin.py:117} INFO - [2023-06-04T01:02:17.689+0000] {dag.py:2573} INFO - Sync 1 DAGs
[2023-06-04T01:02:17.720+0000] {logging_mixin.py:117} INFO - [2023-06-04T01:02:17.719+0000] {dag.py:3328} INFO - Setting next_dagrun for example_branch_operator to 2023-06-03T00:00:00+00:00, run_after=2023-06-04T00:00:00+00:00
[2023-06-04T01:02:17.739+0000] {processor.py:178} INFO - Processing /home/airflow/.local/lib/python3.7/site-packages/airflow/example_dags/example_branch_operator.py took 0.135 seconds
[2023-06-04T01:02:48.175+0000] {processor.py:156} INFO - Started process (PID=400) to work on /home/airflow/.local/lib/python3.7/site-packages/airflow/example_dags/example_branch_operator.py
[2023-06-04T01:02:48.177+0000] {processor.py:758} INFO - Processing file /home/airflow/.local/lib/python3.7/site-packages/airflow/example_dags/example_branch_operator.py for tasks to queue
[2023-06-04T01:02:48.179+0000] {logging_mixin.py:117} INFO - [2023-06-04T01:02:48.178+0000] {dagbag.py:525} INFO - Filling up the DagBag from /home/airflow/.local/lib/python3.7/site-packages/airflow/example_dags/example_branch_operator.py
[2023-06-04T01:02:48.206+0000] {processor.py:768} INFO - DAG(s) dict_keys(['example_branch_operator']) retrieved from /home/airflow/.local/lib/python3.7/site-packages/airflow/example_dags/example_branch_operator.py
[2023-06-04T01:02:48.264+0000] {logging_mixin.py:117} INFO - [2023-06-04T01:02:48.264+0000] {dag.py:2573} INFO - Sync 1 DAGs
[2023-06-04T01:02:48.303+0000] {logging_mixin.py:117} INFO - [2023-06-04T01:02:48.303+0000] {dag.py:3328} INFO - Setting next_dagrun for example_branch_operator to 2023-06-03T00:00:00+00:00, run_after=2023-06-04T00:00:00+00:00
[2023-06-04T01:02:48.331+0000] {processor.py:178} INFO - Processing /home/airflow/.local/lib/python3.7/site-packages/airflow/example_dags/example_branch_operator.py took 0.161 seconds
[2023-06-04T01:03:18.499+0000] {processor.py:156} INFO - Started process (PID=463) to work on /home/airflow/.local/lib/python3.7/site-packages/airflow/example_dags/example_branch_operator.py
[2023-06-04T01:03:18.502+0000] {processor.py:758} INFO - Processing file /home/airflow/.local/lib/python3.7/site-packages/airflow/example_dags/example_branch_operator.py for tasks to queue
[2023-06-04T01:03:18.505+0000] {logging_mixin.py:117} INFO - [2023-06-04T01:03:18.504+0000] {dagbag.py:525} INFO - Filling up the DagBag from /home/airflow/.local/lib/python3.7/site-packages/airflow/example_dags/example_branch_operator.py
[2023-06-04T01:03:18.531+0000] {processor.py:768} INFO - DAG(s) dict_keys(['example_branch_operator']) retrieved from /home/airflow/.local/lib/python3.7/site-packages/airflow/example_dags/example_branch_operator.py
[2023-06-04T01:03:18.591+0000] {logging_mixin.py:117} INFO - [2023-06-04T01:03:18.591+0000] {dag.py:2573} INFO - Sync 1 DAGs
[2023-06-04T01:03:18.629+0000] {logging_mixin.py:117} INFO - [2023-06-04T01:03:18.629+0000] {dag.py:3328} INFO - Setting next_dagrun for example_branch_operator to 2023-06-03T00:00:00+00:00, run_after=2023-06-04T00:00:00+00:00
[2023-06-04T01:03:18.654+0000] {processor.py:178} INFO - Processing /home/airflow/.local/lib/python3.7/site-packages/airflow/example_dags/example_branch_operator.py took 0.161 seconds
[2023-06-04T01:03:48.874+0000] {processor.py:156} INFO - Started process (PID=525) to work on /home/airflow/.local/lib/python3.7/site-packages/airflow/example_dags/example_branch_operator.py
[2023-06-04T01:03:48.876+0000] {processor.py:758} INFO - Processing file /home/airflow/.local/lib/python3.7/site-packages/airflow/example_dags/example_branch_operator.py for tasks to queue
[2023-06-04T01:03:48.878+0000] {logging_mixin.py:117} INFO - [2023-06-04T01:03:48.878+0000] {dagbag.py:525} INFO - Filling up the DagBag from /home/airflow/.local/lib/python3.7/site-packages/airflow/example_dags/example_branch_operator.py
[2023-06-04T01:03:48.904+0000] {processor.py:768} INFO - DAG(s) dict_keys(['example_branch_operator']) retrieved from /home/airflow/.local/lib/python3.7/site-packages/airflow/example_dags/example_branch_operator.py
[2023-06-04T01:03:48.959+0000] {logging_mixin.py:117} INFO - [2023-06-04T01:03:48.959+0000] {dag.py:2573} INFO - Sync 1 DAGs
[2023-06-04T01:03:48.994+0000] {logging_mixin.py:117} INFO - [2023-06-04T01:03:48.994+0000] {dag.py:3328} INFO - Setting next_dagrun for example_branch_operator to 2023-06-03T00:00:00+00:00, run_after=2023-06-04T00:00:00+00:00
[2023-06-04T01:03:49.017+0000] {processor.py:178} INFO - Processing /home/airflow/.local/lib/python3.7/site-packages/airflow/example_dags/example_branch_operator.py took 0.147 seconds
[2023-06-04T01:04:19.697+0000] {processor.py:156} INFO - Started process (PID=580) to work on /home/airflow/.local/lib/python3.7/site-packages/airflow/example_dags/example_branch_operator.py
[2023-06-04T01:04:19.700+0000] {processor.py:758} INFO - Processing file /home/airflow/.local/lib/python3.7/site-packages/airflow/example_dags/example_branch_operator.py for tasks to queue
[2023-06-04T01:04:19.702+0000] {logging_mixin.py:117} INFO - [2023-06-04T01:04:19.702+0000] {dagbag.py:525} INFO - Filling up the DagBag from /home/airflow/.local/lib/python3.7/site-packages/airflow/example_dags/example_branch_operator.py
[2023-06-04T01:04:19.728+0000] {processor.py:768} INFO - DAG(s) dict_keys(['example_branch_operator']) retrieved from /home/airflow/.local/lib/python3.7/site-packages/airflow/example_dags/example_branch_operator.py
[2023-06-04T01:04:19.784+0000] {logging_mixin.py:117} INFO - [2023-06-04T01:04:19.784+0000] {dag.py:2573} INFO - Sync 1 DAGs
[2023-06-04T01:04:19.819+0000] {logging_mixin.py:117} INFO - [2023-06-04T01:04:19.819+0000] {dag.py:3328} INFO - Setting next_dagrun for example_branch_operator to 2023-06-03T00:00:00+00:00, run_after=2023-06-04T00:00:00+00:00
[2023-06-04T01:04:19.843+0000] {processor.py:178} INFO - Processing /home/airflow/.local/lib/python3.7/site-packages/airflow/example_dags/example_branch_operator.py took 0.150 seconds
[2023-06-04T01:04:50.352+0000] {processor.py:156} INFO - Started process (PID=644) to work on /home/airflow/.local/lib/python3.7/site-packages/airflow/example_dags/example_branch_operator.py
[2023-06-04T01:04:50.355+0000] {processor.py:758} INFO - Processing file /home/airflow/.local/lib/python3.7/site-packages/airflow/example_dags/example_branch_operator.py for tasks to queue
[2023-06-04T01:04:50.357+0000] {logging_mixin.py:117} INFO - [2023-06-04T01:04:50.357+0000] {dagbag.py:525} INFO - Filling up the DagBag from /home/airflow/.local/lib/python3.7/site-packages/airflow/example_dags/example_branch_operator.py
[2023-06-04T01:04:50.389+0000] {processor.py:768} INFO - DAG(s) dict_keys(['example_branch_operator']) retrieved from /home/airflow/.local/lib/python3.7/site-packages/airflow/example_dags/example_branch_operator.py
[2023-06-04T01:04:50.450+0000] {logging_mixin.py:117} INFO - [2023-06-04T01:04:50.450+0000] {dag.py:2573} INFO - Sync 1 DAGs
[2023-06-04T01:04:50.488+0000] {logging_mixin.py:117} INFO - [2023-06-04T01:04:50.488+0000] {dag.py:3328} INFO - Setting next_dagrun for example_branch_operator to 2023-06-03T00:00:00+00:00, run_after=2023-06-04T00:00:00+00:00
[2023-06-04T01:04:50.516+0000] {processor.py:178} INFO - Processing /home/airflow/.local/lib/python3.7/site-packages/airflow/example_dags/example_branch_operator.py took 0.170 seconds
[2023-06-04T01:05:56.180+0000] {processor.py:156} INFO - Started process (PID=48) to work on /home/airflow/.local/lib/python3.7/site-packages/airflow/example_dags/example_branch_operator.py
[2023-06-04T01:05:56.182+0000] {processor.py:758} INFO - Processing file /home/airflow/.local/lib/python3.7/site-packages/airflow/example_dags/example_branch_operator.py for tasks to queue
[2023-06-04T01:05:56.186+0000] {logging_mixin.py:117} INFO - [2023-06-04T01:05:56.186+0000] {dagbag.py:525} INFO - Filling up the DagBag from /home/airflow/.local/lib/python3.7/site-packages/airflow/example_dags/example_branch_operator.py
[2023-06-04T01:05:56.217+0000] {processor.py:768} INFO - DAG(s) dict_keys(['example_branch_operator']) retrieved from /home/airflow/.local/lib/python3.7/site-packages/airflow/example_dags/example_branch_operator.py
[2023-06-04T01:05:56.264+0000] {logging_mixin.py:117} INFO - [2023-06-04T01:05:56.263+0000] {dag.py:2573} INFO - Sync 1 DAGs
[2023-06-04T01:05:56.307+0000] {logging_mixin.py:117} INFO - [2023-06-04T01:05:56.307+0000] {dag.py:3328} INFO - Setting next_dagrun for example_branch_operator to 2023-06-03T00:00:00+00:00, run_after=2023-06-04T00:00:00+00:00
[2023-06-04T01:05:56.341+0000] {processor.py:178} INFO - Processing /home/airflow/.local/lib/python3.7/site-packages/airflow/example_dags/example_branch_operator.py took 0.166 seconds
[2023-06-04T01:06:27.031+0000] {processor.py:156} INFO - Started process (PID=105) to work on /home/airflow/.local/lib/python3.7/site-packages/airflow/example_dags/example_branch_operator.py
[2023-06-04T01:06:27.032+0000] {processor.py:758} INFO - Processing file /home/airflow/.local/lib/python3.7/site-packages/airflow/example_dags/example_branch_operator.py for tasks to queue
[2023-06-04T01:06:27.034+0000] {logging_mixin.py:117} INFO - [2023-06-04T01:06:27.034+0000] {dagbag.py:525} INFO - Filling up the DagBag from /home/airflow/.local/lib/python3.7/site-packages/airflow/example_dags/example_branch_operator.py
[2023-06-04T01:06:27.059+0000] {processor.py:768} INFO - DAG(s) dict_keys(['example_branch_operator']) retrieved from /home/airflow/.local/lib/python3.7/site-packages/airflow/example_dags/example_branch_operator.py
[2023-06-04T01:06:27.109+0000] {logging_mixin.py:117} INFO - [2023-06-04T01:06:27.108+0000] {dag.py:2573} INFO - Sync 1 DAGs
[2023-06-04T01:06:27.143+0000] {logging_mixin.py:117} INFO - [2023-06-04T01:06:27.143+0000] {dag.py:3328} INFO - Setting next_dagrun for example_branch_operator to 2023-06-03T00:00:00+00:00, run_after=2023-06-04T00:00:00+00:00
[2023-06-04T01:06:27.165+0000] {processor.py:178} INFO - Processing /home/airflow/.local/lib/python3.7/site-packages/airflow/example_dags/example_branch_operator.py took 0.139 seconds
[2023-06-04T01:06:57.886+0000] {processor.py:156} INFO - Started process (PID=171) to work on /home/airflow/.local/lib/python3.7/site-packages/airflow/example_dags/example_branch_operator.py
[2023-06-04T01:06:57.888+0000] {processor.py:758} INFO - Processing file /home/airflow/.local/lib/python3.7/site-packages/airflow/example_dags/example_branch_operator.py for tasks to queue
[2023-06-04T01:06:57.889+0000] {logging_mixin.py:117} INFO - [2023-06-04T01:06:57.889+0000] {dagbag.py:525} INFO - Filling up the DagBag from /home/airflow/.local/lib/python3.7/site-packages/airflow/example_dags/example_branch_operator.py
[2023-06-04T01:06:57.914+0000] {processor.py:768} INFO - DAG(s) dict_keys(['example_branch_operator']) retrieved from /home/airflow/.local/lib/python3.7/site-packages/airflow/example_dags/example_branch_operator.py
[2023-06-04T01:06:57.968+0000] {logging_mixin.py:117} INFO - [2023-06-04T01:06:57.968+0000] {dag.py:2573} INFO - Sync 1 DAGs
[2023-06-04T01:06:58.004+0000] {logging_mixin.py:117} INFO - [2023-06-04T01:06:58.004+0000] {dag.py:3328} INFO - Setting next_dagrun for example_branch_operator to 2023-06-03T00:00:00+00:00, run_after=2023-06-04T00:00:00+00:00
[2023-06-04T01:06:58.028+0000] {processor.py:178} INFO - Processing /home/airflow/.local/lib/python3.7/site-packages/airflow/example_dags/example_branch_operator.py took 0.147 seconds
[2023-06-04T01:07:28.656+0000] {processor.py:156} INFO - Started process (PID=235) to work on /home/airflow/.local/lib/python3.7/site-packages/airflow/example_dags/example_branch_operator.py
[2023-06-04T01:07:28.658+0000] {processor.py:758} INFO - Processing file /home/airflow/.local/lib/python3.7/site-packages/airflow/example_dags/example_branch_operator.py for tasks to queue
[2023-06-04T01:07:28.660+0000] {logging_mixin.py:117} INFO - [2023-06-04T01:07:28.659+0000] {dagbag.py:525} INFO - Filling up the DagBag from /home/airflow/.local/lib/python3.7/site-packages/airflow/example_dags/example_branch_operator.py
[2023-06-04T01:07:28.683+0000] {processor.py:768} INFO - DAG(s) dict_keys(['example_branch_operator']) retrieved from /home/airflow/.local/lib/python3.7/site-packages/airflow/example_dags/example_branch_operator.py
[2023-06-04T01:07:28.734+0000] {logging_mixin.py:117} INFO - [2023-06-04T01:07:28.734+0000] {dag.py:2573} INFO - Sync 1 DAGs
[2023-06-04T01:07:28.778+0000] {logging_mixin.py:117} INFO - [2023-06-04T01:07:28.777+0000] {dag.py:3328} INFO - Setting next_dagrun for example_branch_operator to 2023-06-03T00:00:00+00:00, run_after=2023-06-04T00:00:00+00:00
[2023-06-04T01:07:28.802+0000] {processor.py:178} INFO - Processing /home/airflow/.local/lib/python3.7/site-packages/airflow/example_dags/example_branch_operator.py took 0.150 seconds
[2023-06-04T01:07:59.337+0000] {processor.py:156} INFO - Started process (PID=290) to work on /home/airflow/.local/lib/python3.7/site-packages/airflow/example_dags/example_branch_operator.py
[2023-06-04T01:07:59.339+0000] {processor.py:758} INFO - Processing file /home/airflow/.local/lib/python3.7/site-packages/airflow/example_dags/example_branch_operator.py for tasks to queue
[2023-06-04T01:07:59.341+0000] {logging_mixin.py:117} INFO - [2023-06-04T01:07:59.341+0000] {dagbag.py:525} INFO - Filling up the DagBag from /home/airflow/.local/lib/python3.7/site-packages/airflow/example_dags/example_branch_operator.py
[2023-06-04T01:07:59.367+0000] {processor.py:768} INFO - DAG(s) dict_keys(['example_branch_operator']) retrieved from /home/airflow/.local/lib/python3.7/site-packages/airflow/example_dags/example_branch_operator.py
[2023-06-04T01:07:59.423+0000] {logging_mixin.py:117} INFO - [2023-06-04T01:07:59.423+0000] {dag.py:2573} INFO - Sync 1 DAGs
[2023-06-04T01:07:59.474+0000] {logging_mixin.py:117} INFO - [2023-06-04T01:07:59.474+0000] {dag.py:3328} INFO - Setting next_dagrun for example_branch_operator to 2023-06-03T00:00:00+00:00, run_after=2023-06-04T00:00:00+00:00
[2023-06-04T01:07:59.496+0000] {processor.py:178} INFO - Processing /home/airflow/.local/lib/python3.7/site-packages/airflow/example_dags/example_branch_operator.py took 0.164 seconds
[2023-06-04T01:08:30.147+0000] {processor.py:156} INFO - Started process (PID=354) to work on /home/airflow/.local/lib/python3.7/site-packages/airflow/example_dags/example_branch_operator.py
[2023-06-04T01:08:30.148+0000] {processor.py:758} INFO - Processing file /home/airflow/.local/lib/python3.7/site-packages/airflow/example_dags/example_branch_operator.py for tasks to queue
[2023-06-04T01:08:30.150+0000] {logging_mixin.py:117} INFO - [2023-06-04T01:08:30.150+0000] {dagbag.py:525} INFO - Filling up the DagBag from /home/airflow/.local/lib/python3.7/site-packages/airflow/example_dags/example_branch_operator.py
[2023-06-04T01:08:30.174+0000] {processor.py:768} INFO - DAG(s) dict_keys(['example_branch_operator']) retrieved from /home/airflow/.local/lib/python3.7/site-packages/airflow/example_dags/example_branch_operator.py
[2023-06-04T01:08:30.229+0000] {logging_mixin.py:117} INFO - [2023-06-04T01:08:30.229+0000] {dag.py:2573} INFO - Sync 1 DAGs
[2023-06-04T01:08:30.264+0000] {logging_mixin.py:117} INFO - [2023-06-04T01:08:30.264+0000] {dag.py:3328} INFO - Setting next_dagrun for example_branch_operator to 2023-06-03T00:00:00+00:00, run_after=2023-06-04T00:00:00+00:00
[2023-06-04T01:08:30.287+0000] {processor.py:178} INFO - Processing /home/airflow/.local/lib/python3.7/site-packages/airflow/example_dags/example_branch_operator.py took 0.144 seconds
[2023-06-04T01:09:00.914+0000] {processor.py:156} INFO - Started process (PID=418) to work on /home/airflow/.local/lib/python3.7/site-packages/airflow/example_dags/example_branch_operator.py
[2023-06-04T01:09:00.916+0000] {processor.py:758} INFO - Processing file /home/airflow/.local/lib/python3.7/site-packages/airflow/example_dags/example_branch_operator.py for tasks to queue
[2023-06-04T01:09:00.917+0000] {logging_mixin.py:117} INFO - [2023-06-04T01:09:00.917+0000] {dagbag.py:525} INFO - Filling up the DagBag from /home/airflow/.local/lib/python3.7/site-packages/airflow/example_dags/example_branch_operator.py
[2023-06-04T01:09:00.943+0000] {processor.py:768} INFO - DAG(s) dict_keys(['example_branch_operator']) retrieved from /home/airflow/.local/lib/python3.7/site-packages/airflow/example_dags/example_branch_operator.py
[2023-06-04T01:09:00.996+0000] {logging_mixin.py:117} INFO - [2023-06-04T01:09:00.996+0000] {dag.py:2573} INFO - Sync 1 DAGs
[2023-06-04T01:09:01.034+0000] {logging_mixin.py:117} INFO - [2023-06-04T01:09:01.034+0000] {dag.py:3328} INFO - Setting next_dagrun for example_branch_operator to 2023-06-03T00:00:00+00:00, run_after=2023-06-04T00:00:00+00:00
[2023-06-04T01:09:01.059+0000] {processor.py:178} INFO - Processing /home/airflow/.local/lib/python3.7/site-packages/airflow/example_dags/example_branch_operator.py took 0.150 seconds
[2023-06-04T01:09:31.902+0000] {processor.py:156} INFO - Started process (PID=480) to work on /home/airflow/.local/lib/python3.7/site-packages/airflow/example_dags/example_branch_operator.py
[2023-06-04T01:09:31.904+0000] {processor.py:758} INFO - Processing file /home/airflow/.local/lib/python3.7/site-packages/airflow/example_dags/example_branch_operator.py for tasks to queue
[2023-06-04T01:09:31.906+0000] {logging_mixin.py:117} INFO - [2023-06-04T01:09:31.906+0000] {dagbag.py:525} INFO - Filling up the DagBag from /home/airflow/.local/lib/python3.7/site-packages/airflow/example_dags/example_branch_operator.py
[2023-06-04T01:09:31.932+0000] {processor.py:768} INFO - DAG(s) dict_keys(['example_branch_operator']) retrieved from /home/airflow/.local/lib/python3.7/site-packages/airflow/example_dags/example_branch_operator.py
[2023-06-04T01:09:31.992+0000] {logging_mixin.py:117} INFO - [2023-06-04T01:09:31.991+0000] {dag.py:2573} INFO - Sync 1 DAGs
[2023-06-04T01:09:32.036+0000] {logging_mixin.py:117} INFO - [2023-06-04T01:09:32.036+0000] {dag.py:3328} INFO - Setting next_dagrun for example_branch_operator to 2023-06-03T00:00:00+00:00, run_after=2023-06-04T00:00:00+00:00
[2023-06-04T01:09:32.065+0000] {processor.py:178} INFO - Processing /home/airflow/.local/lib/python3.7/site-packages/airflow/example_dags/example_branch_operator.py took 0.167 seconds
[2023-06-04T01:10:02.895+0000] {processor.py:156} INFO - Started process (PID=537) to work on /home/airflow/.local/lib/python3.7/site-packages/airflow/example_dags/example_branch_operator.py
[2023-06-04T01:10:02.897+0000] {processor.py:758} INFO - Processing file /home/airflow/.local/lib/python3.7/site-packages/airflow/example_dags/example_branch_operator.py for tasks to queue
[2023-06-04T01:10:02.899+0000] {logging_mixin.py:117} INFO - [2023-06-04T01:10:02.899+0000] {dagbag.py:525} INFO - Filling up the DagBag from /home/airflow/.local/lib/python3.7/site-packages/airflow/example_dags/example_branch_operator.py
[2023-06-04T01:10:02.923+0000] {processor.py:768} INFO - DAG(s) dict_keys(['example_branch_operator']) retrieved from /home/airflow/.local/lib/python3.7/site-packages/airflow/example_dags/example_branch_operator.py
[2023-06-04T01:10:02.982+0000] {logging_mixin.py:117} INFO - [2023-06-04T01:10:02.982+0000] {dag.py:2573} INFO - Sync 1 DAGs
[2023-06-04T01:10:03.022+0000] {logging_mixin.py:117} INFO - [2023-06-04T01:10:03.021+0000] {dag.py:3328} INFO - Setting next_dagrun for example_branch_operator to 2023-06-03T00:00:00+00:00, run_after=2023-06-04T00:00:00+00:00
[2023-06-04T01:10:03.046+0000] {processor.py:178} INFO - Processing /home/airflow/.local/lib/python3.7/site-packages/airflow/example_dags/example_branch_operator.py took 0.156 seconds
[2023-06-04T01:10:33.151+0000] {processor.py:156} INFO - Started process (PID=601) to work on /home/airflow/.local/lib/python3.7/site-packages/airflow/example_dags/example_branch_operator.py
[2023-06-04T01:10:33.153+0000] {processor.py:758} INFO - Processing file /home/airflow/.local/lib/python3.7/site-packages/airflow/example_dags/example_branch_operator.py for tasks to queue
[2023-06-04T01:10:33.154+0000] {logging_mixin.py:117} INFO - [2023-06-04T01:10:33.154+0000] {dagbag.py:525} INFO - Filling up the DagBag from /home/airflow/.local/lib/python3.7/site-packages/airflow/example_dags/example_branch_operator.py
[2023-06-04T01:10:33.178+0000] {processor.py:768} INFO - DAG(s) dict_keys(['example_branch_operator']) retrieved from /home/airflow/.local/lib/python3.7/site-packages/airflow/example_dags/example_branch_operator.py
[2023-06-04T01:10:33.234+0000] {logging_mixin.py:117} INFO - [2023-06-04T01:10:33.233+0000] {dag.py:2573} INFO - Sync 1 DAGs
[2023-06-04T01:10:33.267+0000] {logging_mixin.py:117} INFO - [2023-06-04T01:10:33.267+0000] {dag.py:3328} INFO - Setting next_dagrun for example_branch_operator to 2023-06-03T00:00:00+00:00, run_after=2023-06-04T00:00:00+00:00
[2023-06-04T01:10:33.292+0000] {processor.py:178} INFO - Processing /home/airflow/.local/lib/python3.7/site-packages/airflow/example_dags/example_branch_operator.py took 0.145 seconds
[2023-06-04T01:11:04.077+0000] {processor.py:156} INFO - Started process (PID=665) to work on /home/airflow/.local/lib/python3.7/site-packages/airflow/example_dags/example_branch_operator.py
[2023-06-04T01:11:04.079+0000] {processor.py:758} INFO - Processing file /home/airflow/.local/lib/python3.7/site-packages/airflow/example_dags/example_branch_operator.py for tasks to queue
[2023-06-04T01:11:04.081+0000] {logging_mixin.py:117} INFO - [2023-06-04T01:11:04.080+0000] {dagbag.py:525} INFO - Filling up the DagBag from /home/airflow/.local/lib/python3.7/site-packages/airflow/example_dags/example_branch_operator.py
[2023-06-04T01:11:04.108+0000] {processor.py:768} INFO - DAG(s) dict_keys(['example_branch_operator']) retrieved from /home/airflow/.local/lib/python3.7/site-packages/airflow/example_dags/example_branch_operator.py
[2023-06-04T01:11:04.158+0000] {logging_mixin.py:117} INFO - [2023-06-04T01:11:04.158+0000] {dag.py:2573} INFO - Sync 1 DAGs
[2023-06-04T01:11:04.189+0000] {logging_mixin.py:117} INFO - [2023-06-04T01:11:04.189+0000] {dag.py:3328} INFO - Setting next_dagrun for example_branch_operator to 2023-06-03T00:00:00+00:00, run_after=2023-06-04T00:00:00+00:00
[2023-06-04T01:11:04.208+0000] {processor.py:178} INFO - Processing /home/airflow/.local/lib/python3.7/site-packages/airflow/example_dags/example_branch_operator.py took 0.136 seconds
[2023-06-04T01:11:34.732+0000] {processor.py:156} INFO - Started process (PID=720) to work on /home/airflow/.local/lib/python3.7/site-packages/airflow/example_dags/example_branch_operator.py
[2023-06-04T01:11:34.735+0000] {processor.py:758} INFO - Processing file /home/airflow/.local/lib/python3.7/site-packages/airflow/example_dags/example_branch_operator.py for tasks to queue
[2023-06-04T01:11:34.737+0000] {logging_mixin.py:117} INFO - [2023-06-04T01:11:34.737+0000] {dagbag.py:525} INFO - Filling up the DagBag from /home/airflow/.local/lib/python3.7/site-packages/airflow/example_dags/example_branch_operator.py
[2023-06-04T01:11:34.783+0000] {processor.py:768} INFO - DAG(s) dict_keys(['example_branch_operator']) retrieved from /home/airflow/.local/lib/python3.7/site-packages/airflow/example_dags/example_branch_operator.py
[2023-06-04T01:11:34.869+0000] {logging_mixin.py:117} INFO - [2023-06-04T01:11:34.869+0000] {dag.py:2573} INFO - Sync 1 DAGs
[2023-06-04T01:11:34.919+0000] {logging_mixin.py:117} INFO - [2023-06-04T01:11:34.919+0000] {dag.py:3328} INFO - Setting next_dagrun for example_branch_operator to 2023-06-03T00:00:00+00:00, run_after=2023-06-04T00:00:00+00:00
[2023-06-04T01:11:34.953+0000] {processor.py:178} INFO - Processing /home/airflow/.local/lib/python3.7/site-packages/airflow/example_dags/example_branch_operator.py took 0.226 seconds
[2023-06-04T01:12:05.166+0000] {processor.py:156} INFO - Started process (PID=783) to work on /home/airflow/.local/lib/python3.7/site-packages/airflow/example_dags/example_branch_operator.py
[2023-06-04T01:12:05.169+0000] {processor.py:758} INFO - Processing file /home/airflow/.local/lib/python3.7/site-packages/airflow/example_dags/example_branch_operator.py for tasks to queue
[2023-06-04T01:12:05.170+0000] {logging_mixin.py:117} INFO - [2023-06-04T01:12:05.170+0000] {dagbag.py:525} INFO - Filling up the DagBag from /home/airflow/.local/lib/python3.7/site-packages/airflow/example_dags/example_branch_operator.py
[2023-06-04T01:12:05.196+0000] {processor.py:768} INFO - DAG(s) dict_keys(['example_branch_operator']) retrieved from /home/airflow/.local/lib/python3.7/site-packages/airflow/example_dags/example_branch_operator.py
[2023-06-04T01:12:05.251+0000] {logging_mixin.py:117} INFO - [2023-06-04T01:12:05.251+0000] {dag.py:2573} INFO - Sync 1 DAGs
[2023-06-04T01:12:05.287+0000] {logging_mixin.py:117} INFO - [2023-06-04T01:12:05.287+0000] {dag.py:3328} INFO - Setting next_dagrun for example_branch_operator to 2023-06-03T00:00:00+00:00, run_after=2023-06-04T00:00:00+00:00
[2023-06-04T01:12:05.312+0000] {processor.py:178} INFO - Processing /home/airflow/.local/lib/python3.7/site-packages/airflow/example_dags/example_branch_operator.py took 0.150 seconds
[2023-06-04T01:12:35.767+0000] {processor.py:156} INFO - Started process (PID=848) to work on /home/airflow/.local/lib/python3.7/site-packages/airflow/example_dags/example_branch_operator.py
[2023-06-04T01:12:35.769+0000] {processor.py:758} INFO - Processing file /home/airflow/.local/lib/python3.7/site-packages/airflow/example_dags/example_branch_operator.py for tasks to queue
[2023-06-04T01:12:35.771+0000] {logging_mixin.py:117} INFO - [2023-06-04T01:12:35.771+0000] {dagbag.py:525} INFO - Filling up the DagBag from /home/airflow/.local/lib/python3.7/site-packages/airflow/example_dags/example_branch_operator.py
[2023-06-04T01:12:35.798+0000] {processor.py:768} INFO - DAG(s) dict_keys(['example_branch_operator']) retrieved from /home/airflow/.local/lib/python3.7/site-packages/airflow/example_dags/example_branch_operator.py
[2023-06-04T01:12:35.853+0000] {logging_mixin.py:117} INFO - [2023-06-04T01:12:35.853+0000] {dag.py:2573} INFO - Sync 1 DAGs
[2023-06-04T01:12:35.888+0000] {logging_mixin.py:117} INFO - [2023-06-04T01:12:35.888+0000] {dag.py:3328} INFO - Setting next_dagrun for example_branch_operator to 2023-06-03T00:00:00+00:00, run_after=2023-06-04T00:00:00+00:00
[2023-06-04T01:12:35.912+0000] {processor.py:178} INFO - Processing /home/airflow/.local/lib/python3.7/site-packages/airflow/example_dags/example_branch_operator.py took 0.149 seconds
[2023-06-04T01:13:06.117+0000] {processor.py:156} INFO - Started process (PID=903) to work on /home/airflow/.local/lib/python3.7/site-packages/airflow/example_dags/example_branch_operator.py
[2023-06-04T01:13:06.118+0000] {processor.py:758} INFO - Processing file /home/airflow/.local/lib/python3.7/site-packages/airflow/example_dags/example_branch_operator.py for tasks to queue
[2023-06-04T01:13:06.120+0000] {logging_mixin.py:117} INFO - [2023-06-04T01:13:06.120+0000] {dagbag.py:525} INFO - Filling up the DagBag from /home/airflow/.local/lib/python3.7/site-packages/airflow/example_dags/example_branch_operator.py
[2023-06-04T01:13:06.145+0000] {processor.py:768} INFO - DAG(s) dict_keys(['example_branch_operator']) retrieved from /home/airflow/.local/lib/python3.7/site-packages/airflow/example_dags/example_branch_operator.py
[2023-06-04T01:13:06.197+0000] {logging_mixin.py:117} INFO - [2023-06-04T01:13:06.196+0000] {dag.py:2573} INFO - Sync 1 DAGs
[2023-06-04T01:13:06.228+0000] {logging_mixin.py:117} INFO - [2023-06-04T01:13:06.228+0000] {dag.py:3328} INFO - Setting next_dagrun for example_branch_operator to 2023-06-03T00:00:00+00:00, run_after=2023-06-04T00:00:00+00:00
[2023-06-04T01:13:06.248+0000] {processor.py:178} INFO - Processing /home/airflow/.local/lib/python3.7/site-packages/airflow/example_dags/example_branch_operator.py took 0.136 seconds
[2023-06-04T01:13:36.497+0000] {processor.py:156} INFO - Started process (PID=966) to work on /home/airflow/.local/lib/python3.7/site-packages/airflow/example_dags/example_branch_operator.py
[2023-06-04T01:13:36.499+0000] {processor.py:758} INFO - Processing file /home/airflow/.local/lib/python3.7/site-packages/airflow/example_dags/example_branch_operator.py for tasks to queue
[2023-06-04T01:13:36.501+0000] {logging_mixin.py:117} INFO - [2023-06-04T01:13:36.501+0000] {dagbag.py:525} INFO - Filling up the DagBag from /home/airflow/.local/lib/python3.7/site-packages/airflow/example_dags/example_branch_operator.py
[2023-06-04T01:13:36.526+0000] {processor.py:768} INFO - DAG(s) dict_keys(['example_branch_operator']) retrieved from /home/airflow/.local/lib/python3.7/site-packages/airflow/example_dags/example_branch_operator.py
[2023-06-04T01:13:36.580+0000] {logging_mixin.py:117} INFO - [2023-06-04T01:13:36.580+0000] {dag.py:2573} INFO - Sync 1 DAGs
[2023-06-04T01:13:36.615+0000] {logging_mixin.py:117} INFO - [2023-06-04T01:13:36.615+0000] {dag.py:3328} INFO - Setting next_dagrun for example_branch_operator to 2023-06-03T00:00:00+00:00, run_after=2023-06-04T00:00:00+00:00
[2023-06-04T01:13:36.638+0000] {processor.py:178} INFO - Processing /home/airflow/.local/lib/python3.7/site-packages/airflow/example_dags/example_branch_operator.py took 0.145 seconds
[2023-06-04T01:14:07.621+0000] {processor.py:156} INFO - Started process (PID=1030) to work on /home/airflow/.local/lib/python3.7/site-packages/airflow/example_dags/example_branch_operator.py
[2023-06-04T01:14:07.624+0000] {processor.py:758} INFO - Processing file /home/airflow/.local/lib/python3.7/site-packages/airflow/example_dags/example_branch_operator.py for tasks to queue
[2023-06-04T01:14:07.626+0000] {logging_mixin.py:117} INFO - [2023-06-04T01:14:07.626+0000] {dagbag.py:525} INFO - Filling up the DagBag from /home/airflow/.local/lib/python3.7/site-packages/airflow/example_dags/example_branch_operator.py
[2023-06-04T01:14:07.657+0000] {processor.py:768} INFO - DAG(s) dict_keys(['example_branch_operator']) retrieved from /home/airflow/.local/lib/python3.7/site-packages/airflow/example_dags/example_branch_operator.py
[2023-06-04T01:14:07.724+0000] {logging_mixin.py:117} INFO - [2023-06-04T01:14:07.724+0000] {dag.py:2573} INFO - Sync 1 DAGs
[2023-06-04T01:14:07.766+0000] {logging_mixin.py:117} INFO - [2023-06-04T01:14:07.766+0000] {dag.py:3328} INFO - Setting next_dagrun for example_branch_operator to 2023-06-03T00:00:00+00:00, run_after=2023-06-04T00:00:00+00:00
[2023-06-04T01:14:07.804+0000] {processor.py:178} INFO - Processing /home/airflow/.local/lib/python3.7/site-packages/airflow/example_dags/example_branch_operator.py took 0.189 seconds
[2023-06-04T01:14:38.026+0000] {processor.py:156} INFO - Started process (PID=1085) to work on /home/airflow/.local/lib/python3.7/site-packages/airflow/example_dags/example_branch_operator.py
[2023-06-04T01:14:38.029+0000] {processor.py:758} INFO - Processing file /home/airflow/.local/lib/python3.7/site-packages/airflow/example_dags/example_branch_operator.py for tasks to queue
[2023-06-04T01:14:38.032+0000] {logging_mixin.py:117} INFO - [2023-06-04T01:14:38.031+0000] {dagbag.py:525} INFO - Filling up the DagBag from /home/airflow/.local/lib/python3.7/site-packages/airflow/example_dags/example_branch_operator.py
[2023-06-04T01:14:38.061+0000] {processor.py:768} INFO - DAG(s) dict_keys(['example_branch_operator']) retrieved from /home/airflow/.local/lib/python3.7/site-packages/airflow/example_dags/example_branch_operator.py
[2023-06-04T01:14:38.130+0000] {logging_mixin.py:117} INFO - [2023-06-04T01:14:38.130+0000] {dag.py:2573} INFO - Sync 1 DAGs
[2023-06-04T01:14:38.173+0000] {logging_mixin.py:117} INFO - [2023-06-04T01:14:38.173+0000] {dag.py:3328} INFO - Setting next_dagrun for example_branch_operator to 2023-06-03T00:00:00+00:00, run_after=2023-06-04T00:00:00+00:00
[2023-06-04T01:14:38.207+0000] {processor.py:178} INFO - Processing /home/airflow/.local/lib/python3.7/site-packages/airflow/example_dags/example_branch_operator.py took 0.185 seconds
[2023-06-04T01:15:08.649+0000] {processor.py:156} INFO - Started process (PID=1148) to work on /home/airflow/.local/lib/python3.7/site-packages/airflow/example_dags/example_branch_operator.py
[2023-06-04T01:15:08.652+0000] {processor.py:758} INFO - Processing file /home/airflow/.local/lib/python3.7/site-packages/airflow/example_dags/example_branch_operator.py for tasks to queue
[2023-06-04T01:15:08.655+0000] {logging_mixin.py:117} INFO - [2023-06-04T01:15:08.654+0000] {dagbag.py:525} INFO - Filling up the DagBag from /home/airflow/.local/lib/python3.7/site-packages/airflow/example_dags/example_branch_operator.py
[2023-06-04T01:15:08.686+0000] {processor.py:768} INFO - DAG(s) dict_keys(['example_branch_operator']) retrieved from /home/airflow/.local/lib/python3.7/site-packages/airflow/example_dags/example_branch_operator.py
[2023-06-04T01:15:08.753+0000] {logging_mixin.py:117} INFO - [2023-06-04T01:15:08.753+0000] {dag.py:2573} INFO - Sync 1 DAGs
[2023-06-04T01:15:08.800+0000] {logging_mixin.py:117} INFO - [2023-06-04T01:15:08.800+0000] {dag.py:3328} INFO - Setting next_dagrun for example_branch_operator to 2023-06-03T00:00:00+00:00, run_after=2023-06-04T00:00:00+00:00
[2023-06-04T01:15:08.834+0000] {processor.py:178} INFO - Processing /home/airflow/.local/lib/python3.7/site-packages/airflow/example_dags/example_branch_operator.py took 0.191 seconds
[2023-06-04T01:15:39.457+0000] {processor.py:156} INFO - Started process (PID=1212) to work on /home/airflow/.local/lib/python3.7/site-packages/airflow/example_dags/example_branch_operator.py
[2023-06-04T01:15:39.459+0000] {processor.py:758} INFO - Processing file /home/airflow/.local/lib/python3.7/site-packages/airflow/example_dags/example_branch_operator.py for tasks to queue
[2023-06-04T01:15:39.461+0000] {logging_mixin.py:117} INFO - [2023-06-04T01:15:39.461+0000] {dagbag.py:525} INFO - Filling up the DagBag from /home/airflow/.local/lib/python3.7/site-packages/airflow/example_dags/example_branch_operator.py
[2023-06-04T01:15:39.490+0000] {processor.py:768} INFO - DAG(s) dict_keys(['example_branch_operator']) retrieved from /home/airflow/.local/lib/python3.7/site-packages/airflow/example_dags/example_branch_operator.py
[2023-06-04T01:15:39.560+0000] {logging_mixin.py:117} INFO - [2023-06-04T01:15:39.560+0000] {dag.py:2573} INFO - Sync 1 DAGs
[2023-06-04T01:15:39.604+0000] {logging_mixin.py:117} INFO - [2023-06-04T01:15:39.604+0000] {dag.py:3328} INFO - Setting next_dagrun for example_branch_operator to 2023-06-03T00:00:00+00:00, run_after=2023-06-04T00:00:00+00:00
[2023-06-04T01:15:39.637+0000] {processor.py:178} INFO - Processing /home/airflow/.local/lib/python3.7/site-packages/airflow/example_dags/example_branch_operator.py took 0.186 seconds
[2023-06-04T01:16:09.764+0000] {processor.py:156} INFO - Started process (PID=1267) to work on /home/airflow/.local/lib/python3.7/site-packages/airflow/example_dags/example_branch_operator.py
[2023-06-04T01:16:09.766+0000] {processor.py:758} INFO - Processing file /home/airflow/.local/lib/python3.7/site-packages/airflow/example_dags/example_branch_operator.py for tasks to queue
[2023-06-04T01:16:09.768+0000] {logging_mixin.py:117} INFO - [2023-06-04T01:16:09.768+0000] {dagbag.py:525} INFO - Filling up the DagBag from /home/airflow/.local/lib/python3.7/site-packages/airflow/example_dags/example_branch_operator.py
[2023-06-04T01:16:09.796+0000] {processor.py:768} INFO - DAG(s) dict_keys(['example_branch_operator']) retrieved from /home/airflow/.local/lib/python3.7/site-packages/airflow/example_dags/example_branch_operator.py
[2023-06-04T01:16:09.856+0000] {logging_mixin.py:117} INFO - [2023-06-04T01:16:09.855+0000] {dag.py:2573} INFO - Sync 1 DAGs
[2023-06-04T01:16:09.892+0000] {logging_mixin.py:117} INFO - [2023-06-04T01:16:09.892+0000] {dag.py:3328} INFO - Setting next_dagrun for example_branch_operator to 2023-06-03T00:00:00+00:00, run_after=2023-06-04T00:00:00+00:00
[2023-06-04T01:16:09.917+0000] {processor.py:178} INFO - Processing /home/airflow/.local/lib/python3.7/site-packages/airflow/example_dags/example_branch_operator.py took 0.158 seconds
[2023-06-04T01:16:40.495+0000] {processor.py:156} INFO - Started process (PID=1331) to work on /home/airflow/.local/lib/python3.7/site-packages/airflow/example_dags/example_branch_operator.py
[2023-06-04T01:16:40.497+0000] {processor.py:758} INFO - Processing file /home/airflow/.local/lib/python3.7/site-packages/airflow/example_dags/example_branch_operator.py for tasks to queue
[2023-06-04T01:16:40.500+0000] {logging_mixin.py:117} INFO - [2023-06-04T01:16:40.499+0000] {dagbag.py:525} INFO - Filling up the DagBag from /home/airflow/.local/lib/python3.7/site-packages/airflow/example_dags/example_branch_operator.py
[2023-06-04T01:16:40.526+0000] {processor.py:768} INFO - DAG(s) dict_keys(['example_branch_operator']) retrieved from /home/airflow/.local/lib/python3.7/site-packages/airflow/example_dags/example_branch_operator.py
[2023-06-04T01:16:40.584+0000] {logging_mixin.py:117} INFO - [2023-06-04T01:16:40.584+0000] {dag.py:2573} INFO - Sync 1 DAGs
[2023-06-04T01:16:40.619+0000] {logging_mixin.py:117} INFO - [2023-06-04T01:16:40.619+0000] {dag.py:3328} INFO - Setting next_dagrun for example_branch_operator to 2023-06-03T00:00:00+00:00, run_after=2023-06-04T00:00:00+00:00
[2023-06-04T01:16:40.644+0000] {processor.py:178} INFO - Processing /home/airflow/.local/lib/python3.7/site-packages/airflow/example_dags/example_branch_operator.py took 0.155 seconds
[2023-06-04T01:17:11.200+0000] {processor.py:156} INFO - Started process (PID=1387) to work on /home/airflow/.local/lib/python3.7/site-packages/airflow/example_dags/example_branch_operator.py
[2023-06-04T01:17:11.202+0000] {processor.py:758} INFO - Processing file /home/airflow/.local/lib/python3.7/site-packages/airflow/example_dags/example_branch_operator.py for tasks to queue
[2023-06-04T01:17:11.204+0000] {logging_mixin.py:117} INFO - [2023-06-04T01:17:11.204+0000] {dagbag.py:525} INFO - Filling up the DagBag from /home/airflow/.local/lib/python3.7/site-packages/airflow/example_dags/example_branch_operator.py
[2023-06-04T01:17:11.233+0000] {processor.py:768} INFO - DAG(s) dict_keys(['example_branch_operator']) retrieved from /home/airflow/.local/lib/python3.7/site-packages/airflow/example_dags/example_branch_operator.py
[2023-06-04T01:17:11.292+0000] {logging_mixin.py:117} INFO - [2023-06-04T01:17:11.292+0000] {dag.py:2573} INFO - Sync 1 DAGs
[2023-06-04T01:17:11.331+0000] {logging_mixin.py:117} INFO - [2023-06-04T01:17:11.330+0000] {dag.py:3328} INFO - Setting next_dagrun for example_branch_operator to 2023-06-03T00:00:00+00:00, run_after=2023-06-04T00:00:00+00:00
[2023-06-04T01:17:11.363+0000] {processor.py:178} INFO - Processing /home/airflow/.local/lib/python3.7/site-packages/airflow/example_dags/example_branch_operator.py took 0.168 seconds
[2023-06-04T01:17:41.538+0000] {processor.py:156} INFO - Started process (PID=1450) to work on /home/airflow/.local/lib/python3.7/site-packages/airflow/example_dags/example_branch_operator.py
[2023-06-04T01:17:41.540+0000] {processor.py:758} INFO - Processing file /home/airflow/.local/lib/python3.7/site-packages/airflow/example_dags/example_branch_operator.py for tasks to queue
[2023-06-04T01:17:41.542+0000] {logging_mixin.py:117} INFO - [2023-06-04T01:17:41.542+0000] {dagbag.py:525} INFO - Filling up the DagBag from /home/airflow/.local/lib/python3.7/site-packages/airflow/example_dags/example_branch_operator.py
[2023-06-04T01:17:41.567+0000] {processor.py:768} INFO - DAG(s) dict_keys(['example_branch_operator']) retrieved from /home/airflow/.local/lib/python3.7/site-packages/airflow/example_dags/example_branch_operator.py
[2023-06-04T01:17:41.620+0000] {logging_mixin.py:117} INFO - [2023-06-04T01:17:41.620+0000] {dag.py:2573} INFO - Sync 1 DAGs
[2023-06-04T01:17:41.654+0000] {logging_mixin.py:117} INFO - [2023-06-04T01:17:41.654+0000] {dag.py:3328} INFO - Setting next_dagrun for example_branch_operator to 2023-06-03T00:00:00+00:00, run_after=2023-06-04T00:00:00+00:00
[2023-06-04T01:17:41.675+0000] {processor.py:178} INFO - Processing /home/airflow/.local/lib/python3.7/site-packages/airflow/example_dags/example_branch_operator.py took 0.141 seconds
[2023-06-04T01:18:11.780+0000] {processor.py:156} INFO - Started process (PID=1514) to work on /home/airflow/.local/lib/python3.7/site-packages/airflow/example_dags/example_branch_operator.py
[2023-06-04T01:18:11.782+0000] {processor.py:758} INFO - Processing file /home/airflow/.local/lib/python3.7/site-packages/airflow/example_dags/example_branch_operator.py for tasks to queue
[2023-06-04T01:18:11.784+0000] {logging_mixin.py:117} INFO - [2023-06-04T01:18:11.784+0000] {dagbag.py:525} INFO - Filling up the DagBag from /home/airflow/.local/lib/python3.7/site-packages/airflow/example_dags/example_branch_operator.py
[2023-06-04T01:18:11.808+0000] {processor.py:768} INFO - DAG(s) dict_keys(['example_branch_operator']) retrieved from /home/airflow/.local/lib/python3.7/site-packages/airflow/example_dags/example_branch_operator.py
[2023-06-04T01:18:11.862+0000] {logging_mixin.py:117} INFO - [2023-06-04T01:18:11.862+0000] {dag.py:2573} INFO - Sync 1 DAGs
[2023-06-04T01:18:11.895+0000] {logging_mixin.py:117} INFO - [2023-06-04T01:18:11.895+0000] {dag.py:3328} INFO - Setting next_dagrun for example_branch_operator to 2023-06-03T00:00:00+00:00, run_after=2023-06-04T00:00:00+00:00
[2023-06-04T01:18:11.916+0000] {processor.py:178} INFO - Processing /home/airflow/.local/lib/python3.7/site-packages/airflow/example_dags/example_branch_operator.py took 0.140 seconds
[2023-06-04T01:18:42.144+0000] {processor.py:156} INFO - Started process (PID=1568) to work on /home/airflow/.local/lib/python3.7/site-packages/airflow/example_dags/example_branch_operator.py
[2023-06-04T01:18:42.147+0000] {processor.py:758} INFO - Processing file /home/airflow/.local/lib/python3.7/site-packages/airflow/example_dags/example_branch_operator.py for tasks to queue
[2023-06-04T01:18:42.149+0000] {logging_mixin.py:117} INFO - [2023-06-04T01:18:42.148+0000] {dagbag.py:525} INFO - Filling up the DagBag from /home/airflow/.local/lib/python3.7/site-packages/airflow/example_dags/example_branch_operator.py
[2023-06-04T01:18:42.177+0000] {processor.py:768} INFO - DAG(s) dict_keys(['example_branch_operator']) retrieved from /home/airflow/.local/lib/python3.7/site-packages/airflow/example_dags/example_branch_operator.py
[2023-06-04T01:18:42.237+0000] {logging_mixin.py:117} INFO - [2023-06-04T01:18:42.236+0000] {dag.py:2573} INFO - Sync 1 DAGs
[2023-06-04T01:18:42.276+0000] {logging_mixin.py:117} INFO - [2023-06-04T01:18:42.275+0000] {dag.py:3328} INFO - Setting next_dagrun for example_branch_operator to 2023-06-03T00:00:00+00:00, run_after=2023-06-04T00:00:00+00:00
[2023-06-04T01:18:42.301+0000] {processor.py:178} INFO - Processing /home/airflow/.local/lib/python3.7/site-packages/airflow/example_dags/example_branch_operator.py took 0.161 seconds
[2023-06-04T01:19:12.396+0000] {processor.py:156} INFO - Started process (PID=1631) to work on /home/airflow/.local/lib/python3.7/site-packages/airflow/example_dags/example_branch_operator.py
[2023-06-04T01:19:12.398+0000] {processor.py:758} INFO - Processing file /home/airflow/.local/lib/python3.7/site-packages/airflow/example_dags/example_branch_operator.py for tasks to queue
[2023-06-04T01:19:12.400+0000] {logging_mixin.py:117} INFO - [2023-06-04T01:19:12.400+0000] {dagbag.py:525} INFO - Filling up the DagBag from /home/airflow/.local/lib/python3.7/site-packages/airflow/example_dags/example_branch_operator.py
[2023-06-04T01:19:12.426+0000] {processor.py:768} INFO - DAG(s) dict_keys(['example_branch_operator']) retrieved from /home/airflow/.local/lib/python3.7/site-packages/airflow/example_dags/example_branch_operator.py
[2023-06-04T01:19:12.482+0000] {logging_mixin.py:117} INFO - [2023-06-04T01:19:12.481+0000] {dag.py:2573} INFO - Sync 1 DAGs
[2023-06-04T01:19:12.520+0000] {logging_mixin.py:117} INFO - [2023-06-04T01:19:12.519+0000] {dag.py:3328} INFO - Setting next_dagrun for example_branch_operator to 2023-06-03T00:00:00+00:00, run_after=2023-06-04T00:00:00+00:00
[2023-06-04T01:19:12.549+0000] {processor.py:178} INFO - Processing /home/airflow/.local/lib/python3.7/site-packages/airflow/example_dags/example_branch_operator.py took 0.158 seconds
[2023-06-04T01:20:37.317+0000] {processor.py:157} INFO - Started process (PID=46) to work on /home/airflow/.local/lib/python3.7/site-packages/airflow/example_dags/example_branch_operator.py
[2023-06-04T01:20:37.322+0000] {processor.py:826} INFO - Processing file /home/airflow/.local/lib/python3.7/site-packages/airflow/example_dags/example_branch_operator.py for tasks to queue
[2023-06-04T01:20:37.325+0000] {logging_mixin.py:149} INFO - [2023-06-04T01:20:37.325+0000] {dagbag.py:541} INFO - Filling up the DagBag from /home/airflow/.local/lib/python3.7/site-packages/airflow/example_dags/example_branch_operator.py
[2023-06-04T01:20:37.633+0000] {processor.py:836} INFO - DAG(s) dict_keys(['example_branch_operator']) retrieved from /home/airflow/.local/lib/python3.7/site-packages/airflow/example_dags/example_branch_operator.py
[2023-06-04T01:20:37.686+0000] {logging_mixin.py:149} INFO - [2023-06-04T01:20:37.685+0000] {dag.py:2726} INFO - Sync 1 DAGs
[2023-06-04T01:20:37.865+0000] {logging_mixin.py:149} INFO - [2023-06-04T01:20:37.865+0000] {dag.py:3490} INFO - Setting next_dagrun for example_branch_operator to 2023-06-03T00:00:00+00:00, run_after=2023-06-04T00:00:00+00:00
[2023-06-04T01:20:37.925+0000] {processor.py:179} INFO - Processing /home/airflow/.local/lib/python3.7/site-packages/airflow/example_dags/example_branch_operator.py took 0.623 seconds
[2023-06-04T01:21:08.887+0000] {processor.py:157} INFO - Started process (PID=116) to work on /home/airflow/.local/lib/python3.7/site-packages/airflow/example_dags/example_branch_operator.py
[2023-06-04T01:21:08.889+0000] {processor.py:826} INFO - Processing file /home/airflow/.local/lib/python3.7/site-packages/airflow/example_dags/example_branch_operator.py for tasks to queue
[2023-06-04T01:21:08.891+0000] {logging_mixin.py:149} INFO - [2023-06-04T01:21:08.891+0000] {dagbag.py:541} INFO - Filling up the DagBag from /home/airflow/.local/lib/python3.7/site-packages/airflow/example_dags/example_branch_operator.py
[2023-06-04T01:21:08.907+0000] {processor.py:836} INFO - DAG(s) dict_keys(['example_branch_operator']) retrieved from /home/airflow/.local/lib/python3.7/site-packages/airflow/example_dags/example_branch_operator.py
[2023-06-04T01:21:08.961+0000] {logging_mixin.py:149} INFO - [2023-06-04T01:21:08.961+0000] {dag.py:2726} INFO - Sync 1 DAGs
[2023-06-04T01:21:08.996+0000] {logging_mixin.py:149} INFO - [2023-06-04T01:21:08.996+0000] {dag.py:3490} INFO - Setting next_dagrun for example_branch_operator to 2023-06-03T00:00:00+00:00, run_after=2023-06-04T00:00:00+00:00
[2023-06-04T01:21:09.048+0000] {processor.py:179} INFO - Processing /home/airflow/.local/lib/python3.7/site-packages/airflow/example_dags/example_branch_operator.py took 0.166 seconds
[2023-06-04T01:21:39.309+0000] {processor.py:157} INFO - Started process (PID=193) to work on /home/airflow/.local/lib/python3.7/site-packages/airflow/example_dags/example_branch_operator.py
[2023-06-04T01:21:39.313+0000] {processor.py:826} INFO - Processing file /home/airflow/.local/lib/python3.7/site-packages/airflow/example_dags/example_branch_operator.py for tasks to queue
[2023-06-04T01:21:39.318+0000] {logging_mixin.py:149} INFO - [2023-06-04T01:21:39.317+0000] {dagbag.py:541} INFO - Filling up the DagBag from /home/airflow/.local/lib/python3.7/site-packages/airflow/example_dags/example_branch_operator.py
[2023-06-04T01:21:39.341+0000] {processor.py:836} INFO - DAG(s) dict_keys(['example_branch_operator']) retrieved from /home/airflow/.local/lib/python3.7/site-packages/airflow/example_dags/example_branch_operator.py
[2023-06-04T01:21:39.417+0000] {logging_mixin.py:149} INFO - [2023-06-04T01:21:39.416+0000] {dag.py:2726} INFO - Sync 1 DAGs
[2023-06-04T01:21:39.479+0000] {logging_mixin.py:149} INFO - [2023-06-04T01:21:39.479+0000] {dag.py:3490} INFO - Setting next_dagrun for example_branch_operator to 2023-06-03T00:00:00+00:00, run_after=2023-06-04T00:00:00+00:00
[2023-06-04T01:21:39.515+0000] {processor.py:179} INFO - Processing /home/airflow/.local/lib/python3.7/site-packages/airflow/example_dags/example_branch_operator.py took 0.215 seconds
[2023-06-04T01:22:09.760+0000] {processor.py:157} INFO - Started process (PID=265) to work on /home/airflow/.local/lib/python3.7/site-packages/airflow/example_dags/example_branch_operator.py
[2023-06-04T01:22:09.763+0000] {processor.py:826} INFO - Processing file /home/airflow/.local/lib/python3.7/site-packages/airflow/example_dags/example_branch_operator.py for tasks to queue
[2023-06-04T01:22:09.765+0000] {logging_mixin.py:149} INFO - [2023-06-04T01:22:09.765+0000] {dagbag.py:541} INFO - Filling up the DagBag from /home/airflow/.local/lib/python3.7/site-packages/airflow/example_dags/example_branch_operator.py
[2023-06-04T01:22:09.782+0000] {processor.py:836} INFO - DAG(s) dict_keys(['example_branch_operator']) retrieved from /home/airflow/.local/lib/python3.7/site-packages/airflow/example_dags/example_branch_operator.py
[2023-06-04T01:22:09.821+0000] {logging_mixin.py:149} INFO - [2023-06-04T01:22:09.821+0000] {dag.py:2726} INFO - Sync 1 DAGs
[2023-06-04T01:22:09.864+0000] {logging_mixin.py:149} INFO - [2023-06-04T01:22:09.863+0000] {dag.py:3490} INFO - Setting next_dagrun for example_branch_operator to 2023-06-03T00:00:00+00:00, run_after=2023-06-04T00:00:00+00:00
[2023-06-04T01:22:09.898+0000] {processor.py:179} INFO - Processing /home/airflow/.local/lib/python3.7/site-packages/airflow/example_dags/example_branch_operator.py took 0.143 seconds
[2023-06-04T01:22:40.610+0000] {processor.py:157} INFO - Started process (PID=335) to work on /home/airflow/.local/lib/python3.7/site-packages/airflow/example_dags/example_branch_operator.py
[2023-06-04T01:22:40.612+0000] {processor.py:826} INFO - Processing file /home/airflow/.local/lib/python3.7/site-packages/airflow/example_dags/example_branch_operator.py for tasks to queue
[2023-06-04T01:22:40.614+0000] {logging_mixin.py:149} INFO - [2023-06-04T01:22:40.614+0000] {dagbag.py:541} INFO - Filling up the DagBag from /home/airflow/.local/lib/python3.7/site-packages/airflow/example_dags/example_branch_operator.py
[2023-06-04T01:22:40.631+0000] {processor.py:836} INFO - DAG(s) dict_keys(['example_branch_operator']) retrieved from /home/airflow/.local/lib/python3.7/site-packages/airflow/example_dags/example_branch_operator.py
[2023-06-04T01:22:40.672+0000] {logging_mixin.py:149} INFO - [2023-06-04T01:22:40.671+0000] {dag.py:2726} INFO - Sync 1 DAGs
[2023-06-04T01:22:40.709+0000] {logging_mixin.py:149} INFO - [2023-06-04T01:22:40.709+0000] {dag.py:3490} INFO - Setting next_dagrun for example_branch_operator to 2023-06-03T00:00:00+00:00, run_after=2023-06-04T00:00:00+00:00
[2023-06-04T01:22:40.735+0000] {processor.py:179} INFO - Processing /home/airflow/.local/lib/python3.7/site-packages/airflow/example_dags/example_branch_operator.py took 0.131 seconds
[2023-06-04T01:23:11.476+0000] {processor.py:157} INFO - Started process (PID=414) to work on /home/airflow/.local/lib/python3.7/site-packages/airflow/example_dags/example_branch_operator.py
[2023-06-04T01:23:11.478+0000] {processor.py:826} INFO - Processing file /home/airflow/.local/lib/python3.7/site-packages/airflow/example_dags/example_branch_operator.py for tasks to queue
[2023-06-04T01:23:11.481+0000] {logging_mixin.py:149} INFO - [2023-06-04T01:23:11.481+0000] {dagbag.py:541} INFO - Filling up the DagBag from /home/airflow/.local/lib/python3.7/site-packages/airflow/example_dags/example_branch_operator.py
[2023-06-04T01:23:11.503+0000] {processor.py:836} INFO - DAG(s) dict_keys(['example_branch_operator']) retrieved from /home/airflow/.local/lib/python3.7/site-packages/airflow/example_dags/example_branch_operator.py
[2023-06-04T01:23:11.559+0000] {logging_mixin.py:149} INFO - [2023-06-04T01:23:11.559+0000] {dag.py:2726} INFO - Sync 1 DAGs
[2023-06-04T01:23:11.610+0000] {logging_mixin.py:149} INFO - [2023-06-04T01:23:11.610+0000] {dag.py:3490} INFO - Setting next_dagrun for example_branch_operator to 2023-06-03T00:00:00+00:00, run_after=2023-06-04T00:00:00+00:00
[2023-06-04T01:23:11.652+0000] {processor.py:179} INFO - Processing /home/airflow/.local/lib/python3.7/site-packages/airflow/example_dags/example_branch_operator.py took 0.184 seconds
[2023-06-04T01:23:41.790+0000] {processor.py:157} INFO - Started process (PID=483) to work on /home/airflow/.local/lib/python3.7/site-packages/airflow/example_dags/example_branch_operator.py
[2023-06-04T01:23:41.792+0000] {processor.py:826} INFO - Processing file /home/airflow/.local/lib/python3.7/site-packages/airflow/example_dags/example_branch_operator.py for tasks to queue
[2023-06-04T01:23:41.794+0000] {logging_mixin.py:149} INFO - [2023-06-04T01:23:41.794+0000] {dagbag.py:541} INFO - Filling up the DagBag from /home/airflow/.local/lib/python3.7/site-packages/airflow/example_dags/example_branch_operator.py
[2023-06-04T01:23:41.810+0000] {processor.py:836} INFO - DAG(s) dict_keys(['example_branch_operator']) retrieved from /home/airflow/.local/lib/python3.7/site-packages/airflow/example_dags/example_branch_operator.py
[2023-06-04T01:23:41.853+0000] {logging_mixin.py:149} INFO - [2023-06-04T01:23:41.852+0000] {dag.py:2726} INFO - Sync 1 DAGs
[2023-06-04T01:23:41.892+0000] {logging_mixin.py:149} INFO - [2023-06-04T01:23:41.891+0000] {dag.py:3490} INFO - Setting next_dagrun for example_branch_operator to 2023-06-03T00:00:00+00:00, run_after=2023-06-04T00:00:00+00:00
[2023-06-04T01:23:41.919+0000] {processor.py:179} INFO - Processing /home/airflow/.local/lib/python3.7/site-packages/airflow/example_dags/example_branch_operator.py took 0.134 seconds
[2023-06-04T01:24:12.275+0000] {processor.py:157} INFO - Started process (PID=554) to work on /home/airflow/.local/lib/python3.7/site-packages/airflow/example_dags/example_branch_operator.py
[2023-06-04T01:24:12.277+0000] {processor.py:826} INFO - Processing file /home/airflow/.local/lib/python3.7/site-packages/airflow/example_dags/example_branch_operator.py for tasks to queue
[2023-06-04T01:24:12.279+0000] {logging_mixin.py:149} INFO - [2023-06-04T01:24:12.279+0000] {dagbag.py:541} INFO - Filling up the DagBag from /home/airflow/.local/lib/python3.7/site-packages/airflow/example_dags/example_branch_operator.py
[2023-06-04T01:24:12.297+0000] {processor.py:836} INFO - DAG(s) dict_keys(['example_branch_operator']) retrieved from /home/airflow/.local/lib/python3.7/site-packages/airflow/example_dags/example_branch_operator.py
[2023-06-04T01:24:12.343+0000] {logging_mixin.py:149} INFO - [2023-06-04T01:24:12.343+0000] {dag.py:2726} INFO - Sync 1 DAGs
[2023-06-04T01:24:12.383+0000] {logging_mixin.py:149} INFO - [2023-06-04T01:24:12.383+0000] {dag.py:3490} INFO - Setting next_dagrun for example_branch_operator to 2023-06-03T00:00:00+00:00, run_after=2023-06-04T00:00:00+00:00
[2023-06-04T01:24:12.409+0000] {processor.py:179} INFO - Processing /home/airflow/.local/lib/python3.7/site-packages/airflow/example_dags/example_branch_operator.py took 0.140 seconds
[2023-06-04T01:24:42.660+0000] {processor.py:157} INFO - Started process (PID=633) to work on /home/airflow/.local/lib/python3.7/site-packages/airflow/example_dags/example_branch_operator.py
[2023-06-04T01:24:42.663+0000] {processor.py:826} INFO - Processing file /home/airflow/.local/lib/python3.7/site-packages/airflow/example_dags/example_branch_operator.py for tasks to queue
[2023-06-04T01:24:42.664+0000] {logging_mixin.py:149} INFO - [2023-06-04T01:24:42.664+0000] {dagbag.py:541} INFO - Filling up the DagBag from /home/airflow/.local/lib/python3.7/site-packages/airflow/example_dags/example_branch_operator.py
[2023-06-04T01:24:42.680+0000] {processor.py:836} INFO - DAG(s) dict_keys(['example_branch_operator']) retrieved from /home/airflow/.local/lib/python3.7/site-packages/airflow/example_dags/example_branch_operator.py
[2023-06-04T01:24:42.718+0000] {logging_mixin.py:149} INFO - [2023-06-04T01:24:42.718+0000] {dag.py:2726} INFO - Sync 1 DAGs
[2023-06-04T01:24:42.755+0000] {logging_mixin.py:149} INFO - [2023-06-04T01:24:42.755+0000] {dag.py:3490} INFO - Setting next_dagrun for example_branch_operator to 2023-06-03T00:00:00+00:00, run_after=2023-06-04T00:00:00+00:00
[2023-06-04T01:24:42.778+0000] {processor.py:179} INFO - Processing /home/airflow/.local/lib/python3.7/site-packages/airflow/example_dags/example_branch_operator.py took 0.124 seconds
[2023-06-04T01:25:13.049+0000] {processor.py:157} INFO - Started process (PID=703) to work on /home/airflow/.local/lib/python3.7/site-packages/airflow/example_dags/example_branch_operator.py
[2023-06-04T01:25:13.051+0000] {processor.py:826} INFO - Processing file /home/airflow/.local/lib/python3.7/site-packages/airflow/example_dags/example_branch_operator.py for tasks to queue
[2023-06-04T01:25:13.053+0000] {logging_mixin.py:149} INFO - [2023-06-04T01:25:13.053+0000] {dagbag.py:541} INFO - Filling up the DagBag from /home/airflow/.local/lib/python3.7/site-packages/airflow/example_dags/example_branch_operator.py
[2023-06-04T01:25:13.071+0000] {processor.py:836} INFO - DAG(s) dict_keys(['example_branch_operator']) retrieved from /home/airflow/.local/lib/python3.7/site-packages/airflow/example_dags/example_branch_operator.py
[2023-06-04T01:25:13.110+0000] {logging_mixin.py:149} INFO - [2023-06-04T01:25:13.110+0000] {dag.py:2726} INFO - Sync 1 DAGs
[2023-06-04T01:25:13.146+0000] {logging_mixin.py:149} INFO - [2023-06-04T01:25:13.146+0000] {dag.py:3490} INFO - Setting next_dagrun for example_branch_operator to 2023-06-03T00:00:00+00:00, run_after=2023-06-04T00:00:00+00:00
[2023-06-04T01:25:13.168+0000] {processor.py:179} INFO - Processing /home/airflow/.local/lib/python3.7/site-packages/airflow/example_dags/example_branch_operator.py took 0.125 seconds
[2023-06-04T01:25:43.452+0000] {processor.py:157} INFO - Started process (PID=782) to work on /home/airflow/.local/lib/python3.7/site-packages/airflow/example_dags/example_branch_operator.py
[2023-06-04T01:25:43.455+0000] {processor.py:826} INFO - Processing file /home/airflow/.local/lib/python3.7/site-packages/airflow/example_dags/example_branch_operator.py for tasks to queue
[2023-06-04T01:25:43.457+0000] {logging_mixin.py:149} INFO - [2023-06-04T01:25:43.457+0000] {dagbag.py:541} INFO - Filling up the DagBag from /home/airflow/.local/lib/python3.7/site-packages/airflow/example_dags/example_branch_operator.py
[2023-06-04T01:25:43.475+0000] {processor.py:836} INFO - DAG(s) dict_keys(['example_branch_operator']) retrieved from /home/airflow/.local/lib/python3.7/site-packages/airflow/example_dags/example_branch_operator.py
[2023-06-04T01:25:43.519+0000] {logging_mixin.py:149} INFO - [2023-06-04T01:25:43.519+0000] {dag.py:2726} INFO - Sync 1 DAGs
[2023-06-04T01:25:43.558+0000] {logging_mixin.py:149} INFO - [2023-06-04T01:25:43.557+0000] {dag.py:3490} INFO - Setting next_dagrun for example_branch_operator to 2023-06-03T00:00:00+00:00, run_after=2023-06-04T00:00:00+00:00
[2023-06-04T01:25:43.587+0000] {processor.py:179} INFO - Processing /home/airflow/.local/lib/python3.7/site-packages/airflow/example_dags/example_branch_operator.py took 0.141 seconds
