[2023-06-04T00:36:53.488+0000] {processor.py:156} INFO - Started process (PID=55) to work on /home/airflow/.local/lib/python3.7/site-packages/airflow/example_dags/example_nested_branch_dag.py
[2023-06-04T00:36:53.491+0000] {processor.py:758} INFO - Processing file /home/airflow/.local/lib/python3.7/site-packages/airflow/example_dags/example_nested_branch_dag.py for tasks to queue
[2023-06-04T00:36:53.494+0000] {logging_mixin.py:117} INFO - [2023-06-04T00:36:53.493+0000] {dagbag.py:525} INFO - Filling up the DagBag from /home/airflow/.local/lib/python3.7/site-packages/airflow/example_dags/example_nested_branch_dag.py
[2023-06-04T00:36:53.535+0000] {processor.py:768} INFO - DAG(s) dict_keys(['example_nested_branch_dag']) retrieved from /home/airflow/.local/lib/python3.7/site-packages/airflow/example_dags/example_nested_branch_dag.py
[2023-06-04T00:36:53.740+0000] {logging_mixin.py:117} INFO - [2023-06-04T00:36:53.740+0000] {manager.py:507} INFO - Created Permission View: can delete on DAG:example_nested_branch_dag
[2023-06-04T00:36:53.757+0000] {logging_mixin.py:117} INFO - [2023-06-04T00:36:53.756+0000] {manager.py:507} INFO - Created Permission View: can read on DAG:example_nested_branch_dag
[2023-06-04T00:36:53.767+0000] {logging_mixin.py:117} INFO - [2023-06-04T00:36:53.767+0000] {manager.py:507} INFO - Created Permission View: can edit on DAG:example_nested_branch_dag
[2023-06-04T00:36:53.769+0000] {logging_mixin.py:117} INFO - [2023-06-04T00:36:53.769+0000] {dag.py:2573} INFO - Sync 1 DAGs
[2023-06-04T00:36:53.789+0000] {logging_mixin.py:117} INFO - [2023-06-04T00:36:53.789+0000] {dag.py:2594} INFO - Creating ORM DAG for example_nested_branch_dag
[2023-06-04T00:36:53.809+0000] {logging_mixin.py:117} INFO - [2023-06-04T00:36:53.808+0000] {dag.py:3328} INFO - Setting next_dagrun for example_nested_branch_dag to 2023-06-03T00:00:00+00:00, run_after=2023-06-04T00:00:00+00:00
[2023-06-04T00:36:53.840+0000] {processor.py:178} INFO - Processing /home/airflow/.local/lib/python3.7/site-packages/airflow/example_dags/example_nested_branch_dag.py took 0.357 seconds
[2023-06-04T00:37:23.952+0000] {processor.py:156} INFO - Started process (PID=109) to work on /home/airflow/.local/lib/python3.7/site-packages/airflow/example_dags/example_nested_branch_dag.py
[2023-06-04T00:37:23.954+0000] {processor.py:758} INFO - Processing file /home/airflow/.local/lib/python3.7/site-packages/airflow/example_dags/example_nested_branch_dag.py for tasks to queue
[2023-06-04T00:37:23.956+0000] {logging_mixin.py:117} INFO - [2023-06-04T00:37:23.956+0000] {dagbag.py:525} INFO - Filling up the DagBag from /home/airflow/.local/lib/python3.7/site-packages/airflow/example_dags/example_nested_branch_dag.py
[2023-06-04T00:37:23.989+0000] {processor.py:768} INFO - DAG(s) dict_keys(['example_nested_branch_dag']) retrieved from /home/airflow/.local/lib/python3.7/site-packages/airflow/example_dags/example_nested_branch_dag.py
[2023-06-04T00:37:24.043+0000] {logging_mixin.py:117} INFO - [2023-06-04T00:37:24.043+0000] {dag.py:2573} INFO - Sync 1 DAGs
[2023-06-04T00:37:24.076+0000] {logging_mixin.py:117} INFO - [2023-06-04T00:37:24.076+0000] {dag.py:3328} INFO - Setting next_dagrun for example_nested_branch_dag to 2023-06-03T00:00:00+00:00, run_after=2023-06-04T00:00:00+00:00
[2023-06-04T00:37:24.102+0000] {processor.py:178} INFO - Processing /home/airflow/.local/lib/python3.7/site-packages/airflow/example_dags/example_nested_branch_dag.py took 0.154 seconds
[2023-06-04T00:37:54.248+0000] {processor.py:156} INFO - Started process (PID=172) to work on /home/airflow/.local/lib/python3.7/site-packages/airflow/example_dags/example_nested_branch_dag.py
[2023-06-04T00:37:54.251+0000] {processor.py:758} INFO - Processing file /home/airflow/.local/lib/python3.7/site-packages/airflow/example_dags/example_nested_branch_dag.py for tasks to queue
[2023-06-04T00:37:54.252+0000] {logging_mixin.py:117} INFO - [2023-06-04T00:37:54.252+0000] {dagbag.py:525} INFO - Filling up the DagBag from /home/airflow/.local/lib/python3.7/site-packages/airflow/example_dags/example_nested_branch_dag.py
[2023-06-04T00:37:54.286+0000] {processor.py:768} INFO - DAG(s) dict_keys(['example_nested_branch_dag']) retrieved from /home/airflow/.local/lib/python3.7/site-packages/airflow/example_dags/example_nested_branch_dag.py
[2023-06-04T00:37:54.341+0000] {logging_mixin.py:117} INFO - [2023-06-04T00:37:54.341+0000] {dag.py:2573} INFO - Sync 1 DAGs
[2023-06-04T00:37:54.376+0000] {logging_mixin.py:117} INFO - [2023-06-04T00:37:54.376+0000] {dag.py:3328} INFO - Setting next_dagrun for example_nested_branch_dag to 2023-06-03T00:00:00+00:00, run_after=2023-06-04T00:00:00+00:00
[2023-06-04T00:37:54.399+0000] {processor.py:178} INFO - Processing /home/airflow/.local/lib/python3.7/site-packages/airflow/example_dags/example_nested_branch_dag.py took 0.155 seconds
[2023-06-04T00:38:24.734+0000] {processor.py:156} INFO - Started process (PID=235) to work on /home/airflow/.local/lib/python3.7/site-packages/airflow/example_dags/example_nested_branch_dag.py
[2023-06-04T00:38:24.736+0000] {processor.py:758} INFO - Processing file /home/airflow/.local/lib/python3.7/site-packages/airflow/example_dags/example_nested_branch_dag.py for tasks to queue
[2023-06-04T00:38:24.738+0000] {logging_mixin.py:117} INFO - [2023-06-04T00:38:24.738+0000] {dagbag.py:525} INFO - Filling up the DagBag from /home/airflow/.local/lib/python3.7/site-packages/airflow/example_dags/example_nested_branch_dag.py
[2023-06-04T00:38:24.773+0000] {processor.py:768} INFO - DAG(s) dict_keys(['example_nested_branch_dag']) retrieved from /home/airflow/.local/lib/python3.7/site-packages/airflow/example_dags/example_nested_branch_dag.py
[2023-06-04T00:38:24.829+0000] {logging_mixin.py:117} INFO - [2023-06-04T00:38:24.829+0000] {dag.py:2573} INFO - Sync 1 DAGs
[2023-06-04T00:38:24.869+0000] {logging_mixin.py:117} INFO - [2023-06-04T00:38:24.869+0000] {dag.py:3328} INFO - Setting next_dagrun for example_nested_branch_dag to 2023-06-03T00:00:00+00:00, run_after=2023-06-04T00:00:00+00:00
[2023-06-04T00:38:24.900+0000] {processor.py:178} INFO - Processing /home/airflow/.local/lib/python3.7/site-packages/airflow/example_dags/example_nested_branch_dag.py took 0.170 seconds
[2023-06-04T00:38:55.292+0000] {processor.py:156} INFO - Started process (PID=289) to work on /home/airflow/.local/lib/python3.7/site-packages/airflow/example_dags/example_nested_branch_dag.py
[2023-06-04T00:38:55.294+0000] {processor.py:758} INFO - Processing file /home/airflow/.local/lib/python3.7/site-packages/airflow/example_dags/example_nested_branch_dag.py for tasks to queue
[2023-06-04T00:38:55.295+0000] {logging_mixin.py:117} INFO - [2023-06-04T00:38:55.295+0000] {dagbag.py:525} INFO - Filling up the DagBag from /home/airflow/.local/lib/python3.7/site-packages/airflow/example_dags/example_nested_branch_dag.py
[2023-06-04T00:38:55.329+0000] {processor.py:768} INFO - DAG(s) dict_keys(['example_nested_branch_dag']) retrieved from /home/airflow/.local/lib/python3.7/site-packages/airflow/example_dags/example_nested_branch_dag.py
[2023-06-04T00:38:55.382+0000] {logging_mixin.py:117} INFO - [2023-06-04T00:38:55.382+0000] {dag.py:2573} INFO - Sync 1 DAGs
[2023-06-04T00:38:55.416+0000] {logging_mixin.py:117} INFO - [2023-06-04T00:38:55.416+0000] {dag.py:3328} INFO - Setting next_dagrun for example_nested_branch_dag to 2023-06-03T00:00:00+00:00, run_after=2023-06-04T00:00:00+00:00
[2023-06-04T00:38:55.440+0000] {processor.py:178} INFO - Processing /home/airflow/.local/lib/python3.7/site-packages/airflow/example_dags/example_nested_branch_dag.py took 0.152 seconds
[2023-06-04T00:59:46.789+0000] {processor.py:156} INFO - Started process (PID=56) to work on /home/airflow/.local/lib/python3.7/site-packages/airflow/example_dags/example_nested_branch_dag.py
[2023-06-04T00:59:46.795+0000] {processor.py:758} INFO - Processing file /home/airflow/.local/lib/python3.7/site-packages/airflow/example_dags/example_nested_branch_dag.py for tasks to queue
[2023-06-04T00:59:46.806+0000] {logging_mixin.py:117} INFO - [2023-06-04T00:59:46.805+0000] {dagbag.py:525} INFO - Filling up the DagBag from /home/airflow/.local/lib/python3.7/site-packages/airflow/example_dags/example_nested_branch_dag.py
[2023-06-04T00:59:46.900+0000] {processor.py:768} INFO - DAG(s) dict_keys(['example_nested_branch_dag']) retrieved from /home/airflow/.local/lib/python3.7/site-packages/airflow/example_dags/example_nested_branch_dag.py
[2023-06-04T00:59:46.988+0000] {logging_mixin.py:117} INFO - [2023-06-04T00:59:46.988+0000] {dag.py:2573} INFO - Sync 1 DAGs
[2023-06-04T00:59:47.081+0000] {logging_mixin.py:117} INFO - [2023-06-04T00:59:47.081+0000] {dag.py:3328} INFO - Setting next_dagrun for example_nested_branch_dag to 2023-06-03T00:00:00+00:00, run_after=2023-06-04T00:00:00+00:00
[2023-06-04T00:59:47.163+0000] {processor.py:178} INFO - Processing /home/airflow/.local/lib/python3.7/site-packages/airflow/example_dags/example_nested_branch_dag.py took 0.380 seconds
[2023-06-04T01:00:17.789+0000] {processor.py:156} INFO - Started process (PID=110) to work on /home/airflow/.local/lib/python3.7/site-packages/airflow/example_dags/example_nested_branch_dag.py
[2023-06-04T01:00:17.793+0000] {processor.py:758} INFO - Processing file /home/airflow/.local/lib/python3.7/site-packages/airflow/example_dags/example_nested_branch_dag.py for tasks to queue
[2023-06-04T01:00:17.797+0000] {logging_mixin.py:117} INFO - [2023-06-04T01:00:17.797+0000] {dagbag.py:525} INFO - Filling up the DagBag from /home/airflow/.local/lib/python3.7/site-packages/airflow/example_dags/example_nested_branch_dag.py
[2023-06-04T01:00:17.852+0000] {processor.py:768} INFO - DAG(s) dict_keys(['example_nested_branch_dag']) retrieved from /home/airflow/.local/lib/python3.7/site-packages/airflow/example_dags/example_nested_branch_dag.py
[2023-06-04T01:00:17.933+0000] {logging_mixin.py:117} INFO - [2023-06-04T01:00:17.933+0000] {dag.py:2573} INFO - Sync 1 DAGs
[2023-06-04T01:00:17.982+0000] {logging_mixin.py:117} INFO - [2023-06-04T01:00:17.982+0000] {dag.py:3328} INFO - Setting next_dagrun for example_nested_branch_dag to 2023-06-03T00:00:00+00:00, run_after=2023-06-04T00:00:00+00:00
[2023-06-04T01:00:18.017+0000] {processor.py:178} INFO - Processing /home/airflow/.local/lib/python3.7/site-packages/airflow/example_dags/example_nested_branch_dag.py took 0.234 seconds
[2023-06-04T01:00:48.136+0000] {processor.py:156} INFO - Started process (PID=174) to work on /home/airflow/.local/lib/python3.7/site-packages/airflow/example_dags/example_nested_branch_dag.py
[2023-06-04T01:00:48.148+0000] {processor.py:758} INFO - Processing file /home/airflow/.local/lib/python3.7/site-packages/airflow/example_dags/example_nested_branch_dag.py for tasks to queue
[2023-06-04T01:00:48.151+0000] {logging_mixin.py:117} INFO - [2023-06-04T01:00:48.150+0000] {dagbag.py:525} INFO - Filling up the DagBag from /home/airflow/.local/lib/python3.7/site-packages/airflow/example_dags/example_nested_branch_dag.py
[2023-06-04T01:00:48.205+0000] {processor.py:768} INFO - DAG(s) dict_keys(['example_nested_branch_dag']) retrieved from /home/airflow/.local/lib/python3.7/site-packages/airflow/example_dags/example_nested_branch_dag.py
[2023-06-04T01:00:48.284+0000] {logging_mixin.py:117} INFO - [2023-06-04T01:00:48.284+0000] {dag.py:2573} INFO - Sync 1 DAGs
[2023-06-04T01:00:48.334+0000] {logging_mixin.py:117} INFO - [2023-06-04T01:00:48.333+0000] {dag.py:3328} INFO - Setting next_dagrun for example_nested_branch_dag to 2023-06-03T00:00:00+00:00, run_after=2023-06-04T00:00:00+00:00
[2023-06-04T01:00:48.369+0000] {processor.py:178} INFO - Processing /home/airflow/.local/lib/python3.7/site-packages/airflow/example_dags/example_nested_branch_dag.py took 0.241 seconds
[2023-06-04T01:01:18.760+0000] {processor.py:156} INFO - Started process (PID=237) to work on /home/airflow/.local/lib/python3.7/site-packages/airflow/example_dags/example_nested_branch_dag.py
[2023-06-04T01:01:18.763+0000] {processor.py:758} INFO - Processing file /home/airflow/.local/lib/python3.7/site-packages/airflow/example_dags/example_nested_branch_dag.py for tasks to queue
[2023-06-04T01:01:18.765+0000] {logging_mixin.py:117} INFO - [2023-06-04T01:01:18.765+0000] {dagbag.py:525} INFO - Filling up the DagBag from /home/airflow/.local/lib/python3.7/site-packages/airflow/example_dags/example_nested_branch_dag.py
[2023-06-04T01:01:18.814+0000] {processor.py:768} INFO - DAG(s) dict_keys(['example_nested_branch_dag']) retrieved from /home/airflow/.local/lib/python3.7/site-packages/airflow/example_dags/example_nested_branch_dag.py
[2023-06-04T01:01:18.895+0000] {logging_mixin.py:117} INFO - [2023-06-04T01:01:18.895+0000] {dag.py:2573} INFO - Sync 1 DAGs
[2023-06-04T01:01:18.934+0000] {logging_mixin.py:117} INFO - [2023-06-04T01:01:18.933+0000] {dag.py:3328} INFO - Setting next_dagrun for example_nested_branch_dag to 2023-06-03T00:00:00+00:00, run_after=2023-06-04T00:00:00+00:00
[2023-06-04T01:01:18.966+0000] {processor.py:178} INFO - Processing /home/airflow/.local/lib/python3.7/site-packages/airflow/example_dags/example_nested_branch_dag.py took 0.211 seconds
[2023-06-04T01:01:49.209+0000] {processor.py:156} INFO - Started process (PID=291) to work on /home/airflow/.local/lib/python3.7/site-packages/airflow/example_dags/example_nested_branch_dag.py
[2023-06-04T01:01:49.212+0000] {processor.py:758} INFO - Processing file /home/airflow/.local/lib/python3.7/site-packages/airflow/example_dags/example_nested_branch_dag.py for tasks to queue
[2023-06-04T01:01:49.215+0000] {logging_mixin.py:117} INFO - [2023-06-04T01:01:49.215+0000] {dagbag.py:525} INFO - Filling up the DagBag from /home/airflow/.local/lib/python3.7/site-packages/airflow/example_dags/example_nested_branch_dag.py
[2023-06-04T01:01:49.257+0000] {processor.py:768} INFO - DAG(s) dict_keys(['example_nested_branch_dag']) retrieved from /home/airflow/.local/lib/python3.7/site-packages/airflow/example_dags/example_nested_branch_dag.py
[2023-06-04T01:01:49.318+0000] {logging_mixin.py:117} INFO - [2023-06-04T01:01:49.318+0000] {dag.py:2573} INFO - Sync 1 DAGs
[2023-06-04T01:01:49.360+0000] {logging_mixin.py:117} INFO - [2023-06-04T01:01:49.360+0000] {dag.py:3328} INFO - Setting next_dagrun for example_nested_branch_dag to 2023-06-03T00:00:00+00:00, run_after=2023-06-04T00:00:00+00:00
[2023-06-04T01:01:49.392+0000] {processor.py:178} INFO - Processing /home/airflow/.local/lib/python3.7/site-packages/airflow/example_dags/example_nested_branch_dag.py took 0.189 seconds
[2023-06-04T01:02:19.504+0000] {processor.py:156} INFO - Started process (PID=354) to work on /home/airflow/.local/lib/python3.7/site-packages/airflow/example_dags/example_nested_branch_dag.py
[2023-06-04T01:02:19.506+0000] {processor.py:758} INFO - Processing file /home/airflow/.local/lib/python3.7/site-packages/airflow/example_dags/example_nested_branch_dag.py for tasks to queue
[2023-06-04T01:02:19.507+0000] {logging_mixin.py:117} INFO - [2023-06-04T01:02:19.507+0000] {dagbag.py:525} INFO - Filling up the DagBag from /home/airflow/.local/lib/python3.7/site-packages/airflow/example_dags/example_nested_branch_dag.py
[2023-06-04T01:02:19.542+0000] {processor.py:768} INFO - DAG(s) dict_keys(['example_nested_branch_dag']) retrieved from /home/airflow/.local/lib/python3.7/site-packages/airflow/example_dags/example_nested_branch_dag.py
[2023-06-04T01:02:19.600+0000] {logging_mixin.py:117} INFO - [2023-06-04T01:02:19.600+0000] {dag.py:2573} INFO - Sync 1 DAGs
[2023-06-04T01:02:19.634+0000] {logging_mixin.py:117} INFO - [2023-06-04T01:02:19.633+0000] {dag.py:3328} INFO - Setting next_dagrun for example_nested_branch_dag to 2023-06-03T00:00:00+00:00, run_after=2023-06-04T00:00:00+00:00
[2023-06-04T01:02:19.669+0000] {processor.py:178} INFO - Processing /home/airflow/.local/lib/python3.7/site-packages/airflow/example_dags/example_nested_branch_dag.py took 0.170 seconds
[2023-06-04T01:02:50.008+0000] {processor.py:156} INFO - Started process (PID=417) to work on /home/airflow/.local/lib/python3.7/site-packages/airflow/example_dags/example_nested_branch_dag.py
[2023-06-04T01:02:50.011+0000] {processor.py:758} INFO - Processing file /home/airflow/.local/lib/python3.7/site-packages/airflow/example_dags/example_nested_branch_dag.py for tasks to queue
[2023-06-04T01:02:50.013+0000] {logging_mixin.py:117} INFO - [2023-06-04T01:02:50.013+0000] {dagbag.py:525} INFO - Filling up the DagBag from /home/airflow/.local/lib/python3.7/site-packages/airflow/example_dags/example_nested_branch_dag.py
[2023-06-04T01:02:50.056+0000] {processor.py:768} INFO - DAG(s) dict_keys(['example_nested_branch_dag']) retrieved from /home/airflow/.local/lib/python3.7/site-packages/airflow/example_dags/example_nested_branch_dag.py
[2023-06-04T01:02:50.114+0000] {logging_mixin.py:117} INFO - [2023-06-04T01:02:50.114+0000] {dag.py:2573} INFO - Sync 1 DAGs
[2023-06-04T01:02:50.155+0000] {logging_mixin.py:117} INFO - [2023-06-04T01:02:50.155+0000] {dag.py:3328} INFO - Setting next_dagrun for example_nested_branch_dag to 2023-06-03T00:00:00+00:00, run_after=2023-06-04T00:00:00+00:00
[2023-06-04T01:02:50.185+0000] {processor.py:178} INFO - Processing /home/airflow/.local/lib/python3.7/site-packages/airflow/example_dags/example_nested_branch_dag.py took 0.182 seconds
[2023-06-04T01:03:20.574+0000] {processor.py:156} INFO - Started process (PID=471) to work on /home/airflow/.local/lib/python3.7/site-packages/airflow/example_dags/example_nested_branch_dag.py
[2023-06-04T01:03:20.576+0000] {processor.py:758} INFO - Processing file /home/airflow/.local/lib/python3.7/site-packages/airflow/example_dags/example_nested_branch_dag.py for tasks to queue
[2023-06-04T01:03:20.578+0000] {logging_mixin.py:117} INFO - [2023-06-04T01:03:20.578+0000] {dagbag.py:525} INFO - Filling up the DagBag from /home/airflow/.local/lib/python3.7/site-packages/airflow/example_dags/example_nested_branch_dag.py
[2023-06-04T01:03:20.619+0000] {processor.py:768} INFO - DAG(s) dict_keys(['example_nested_branch_dag']) retrieved from /home/airflow/.local/lib/python3.7/site-packages/airflow/example_dags/example_nested_branch_dag.py
[2023-06-04T01:03:20.681+0000] {logging_mixin.py:117} INFO - [2023-06-04T01:03:20.681+0000] {dag.py:2573} INFO - Sync 1 DAGs
[2023-06-04T01:03:20.731+0000] {logging_mixin.py:117} INFO - [2023-06-04T01:03:20.731+0000] {dag.py:3328} INFO - Setting next_dagrun for example_nested_branch_dag to 2023-06-03T00:00:00+00:00, run_after=2023-06-04T00:00:00+00:00
[2023-06-04T01:03:20.773+0000] {processor.py:178} INFO - Processing /home/airflow/.local/lib/python3.7/site-packages/airflow/example_dags/example_nested_branch_dag.py took 0.204 seconds
[2023-06-04T01:03:50.870+0000] {processor.py:156} INFO - Started process (PID=534) to work on /home/airflow/.local/lib/python3.7/site-packages/airflow/example_dags/example_nested_branch_dag.py
[2023-06-04T01:03:50.873+0000] {processor.py:758} INFO - Processing file /home/airflow/.local/lib/python3.7/site-packages/airflow/example_dags/example_nested_branch_dag.py for tasks to queue
[2023-06-04T01:03:50.874+0000] {logging_mixin.py:117} INFO - [2023-06-04T01:03:50.874+0000] {dagbag.py:525} INFO - Filling up the DagBag from /home/airflow/.local/lib/python3.7/site-packages/airflow/example_dags/example_nested_branch_dag.py
[2023-06-04T01:03:50.906+0000] {processor.py:768} INFO - DAG(s) dict_keys(['example_nested_branch_dag']) retrieved from /home/airflow/.local/lib/python3.7/site-packages/airflow/example_dags/example_nested_branch_dag.py
[2023-06-04T01:03:50.966+0000] {logging_mixin.py:117} INFO - [2023-06-04T01:03:50.966+0000] {dag.py:2573} INFO - Sync 1 DAGs
[2023-06-04T01:03:51.006+0000] {logging_mixin.py:117} INFO - [2023-06-04T01:03:51.006+0000] {dag.py:3328} INFO - Setting next_dagrun for example_nested_branch_dag to 2023-06-03T00:00:00+00:00, run_after=2023-06-04T00:00:00+00:00
[2023-06-04T01:03:51.033+0000] {processor.py:178} INFO - Processing /home/airflow/.local/lib/python3.7/site-packages/airflow/example_dags/example_nested_branch_dag.py took 0.166 seconds
[2023-06-04T01:04:21.476+0000] {processor.py:156} INFO - Started process (PID=597) to work on /home/airflow/.local/lib/python3.7/site-packages/airflow/example_dags/example_nested_branch_dag.py
[2023-06-04T01:04:21.478+0000] {processor.py:758} INFO - Processing file /home/airflow/.local/lib/python3.7/site-packages/airflow/example_dags/example_nested_branch_dag.py for tasks to queue
[2023-06-04T01:04:21.479+0000] {logging_mixin.py:117} INFO - [2023-06-04T01:04:21.479+0000] {dagbag.py:525} INFO - Filling up the DagBag from /home/airflow/.local/lib/python3.7/site-packages/airflow/example_dags/example_nested_branch_dag.py
[2023-06-04T01:04:21.515+0000] {processor.py:768} INFO - DAG(s) dict_keys(['example_nested_branch_dag']) retrieved from /home/airflow/.local/lib/python3.7/site-packages/airflow/example_dags/example_nested_branch_dag.py
[2023-06-04T01:04:21.569+0000] {logging_mixin.py:117} INFO - [2023-06-04T01:04:21.569+0000] {dag.py:2573} INFO - Sync 1 DAGs
[2023-06-04T01:04:21.606+0000] {logging_mixin.py:117} INFO - [2023-06-04T01:04:21.606+0000] {dag.py:3328} INFO - Setting next_dagrun for example_nested_branch_dag to 2023-06-03T00:00:00+00:00, run_after=2023-06-04T00:00:00+00:00
[2023-06-04T01:04:21.630+0000] {processor.py:178} INFO - Processing /home/airflow/.local/lib/python3.7/site-packages/airflow/example_dags/example_nested_branch_dag.py took 0.159 seconds
[2023-06-04T01:04:52.269+0000] {processor.py:156} INFO - Started process (PID=652) to work on /home/airflow/.local/lib/python3.7/site-packages/airflow/example_dags/example_nested_branch_dag.py
[2023-06-04T01:04:52.271+0000] {processor.py:758} INFO - Processing file /home/airflow/.local/lib/python3.7/site-packages/airflow/example_dags/example_nested_branch_dag.py for tasks to queue
[2023-06-04T01:04:52.273+0000] {logging_mixin.py:117} INFO - [2023-06-04T01:04:52.273+0000] {dagbag.py:525} INFO - Filling up the DagBag from /home/airflow/.local/lib/python3.7/site-packages/airflow/example_dags/example_nested_branch_dag.py
[2023-06-04T01:04:52.308+0000] {processor.py:768} INFO - DAG(s) dict_keys(['example_nested_branch_dag']) retrieved from /home/airflow/.local/lib/python3.7/site-packages/airflow/example_dags/example_nested_branch_dag.py
[2023-06-04T01:04:52.365+0000] {logging_mixin.py:117} INFO - [2023-06-04T01:04:52.365+0000] {dag.py:2573} INFO - Sync 1 DAGs
[2023-06-04T01:04:52.404+0000] {logging_mixin.py:117} INFO - [2023-06-04T01:04:52.404+0000] {dag.py:3328} INFO - Setting next_dagrun for example_nested_branch_dag to 2023-06-03T00:00:00+00:00, run_after=2023-06-04T00:00:00+00:00
[2023-06-04T01:04:52.428+0000] {processor.py:178} INFO - Processing /home/airflow/.local/lib/python3.7/site-packages/airflow/example_dags/example_nested_branch_dag.py took 0.165 seconds
[2023-06-04T01:05:57.671+0000] {processor.py:156} INFO - Started process (PID=58) to work on /home/airflow/.local/lib/python3.7/site-packages/airflow/example_dags/example_nested_branch_dag.py
[2023-06-04T01:05:57.680+0000] {processor.py:758} INFO - Processing file /home/airflow/.local/lib/python3.7/site-packages/airflow/example_dags/example_nested_branch_dag.py for tasks to queue
[2023-06-04T01:05:57.685+0000] {logging_mixin.py:117} INFO - [2023-06-04T01:05:57.685+0000] {dagbag.py:525} INFO - Filling up the DagBag from /home/airflow/.local/lib/python3.7/site-packages/airflow/example_dags/example_nested_branch_dag.py
[2023-06-04T01:05:57.760+0000] {processor.py:768} INFO - DAG(s) dict_keys(['example_nested_branch_dag']) retrieved from /home/airflow/.local/lib/python3.7/site-packages/airflow/example_dags/example_nested_branch_dag.py
[2023-06-04T01:05:57.812+0000] {logging_mixin.py:117} INFO - [2023-06-04T01:05:57.812+0000] {dag.py:2573} INFO - Sync 1 DAGs
[2023-06-04T01:05:57.895+0000] {logging_mixin.py:117} INFO - [2023-06-04T01:05:57.895+0000] {dag.py:3328} INFO - Setting next_dagrun for example_nested_branch_dag to 2023-06-03T00:00:00+00:00, run_after=2023-06-04T00:00:00+00:00
[2023-06-04T01:05:57.953+0000] {processor.py:178} INFO - Processing /home/airflow/.local/lib/python3.7/site-packages/airflow/example_dags/example_nested_branch_dag.py took 0.292 seconds
[2023-06-04T01:06:28.823+0000] {processor.py:156} INFO - Started process (PID=113) to work on /home/airflow/.local/lib/python3.7/site-packages/airflow/example_dags/example_nested_branch_dag.py
[2023-06-04T01:06:28.825+0000] {processor.py:758} INFO - Processing file /home/airflow/.local/lib/python3.7/site-packages/airflow/example_dags/example_nested_branch_dag.py for tasks to queue
[2023-06-04T01:06:28.828+0000] {logging_mixin.py:117} INFO - [2023-06-04T01:06:28.828+0000] {dagbag.py:525} INFO - Filling up the DagBag from /home/airflow/.local/lib/python3.7/site-packages/airflow/example_dags/example_nested_branch_dag.py
[2023-06-04T01:06:28.867+0000] {processor.py:768} INFO - DAG(s) dict_keys(['example_nested_branch_dag']) retrieved from /home/airflow/.local/lib/python3.7/site-packages/airflow/example_dags/example_nested_branch_dag.py
[2023-06-04T01:06:28.921+0000] {logging_mixin.py:117} INFO - [2023-06-04T01:06:28.921+0000] {dag.py:2573} INFO - Sync 1 DAGs
[2023-06-04T01:06:28.953+0000] {logging_mixin.py:117} INFO - [2023-06-04T01:06:28.953+0000] {dag.py:3328} INFO - Setting next_dagrun for example_nested_branch_dag to 2023-06-03T00:00:00+00:00, run_after=2023-06-04T00:00:00+00:00
[2023-06-04T01:06:28.977+0000] {processor.py:178} INFO - Processing /home/airflow/.local/lib/python3.7/site-packages/airflow/example_dags/example_nested_branch_dag.py took 0.159 seconds
[2023-06-04T01:06:59.670+0000] {processor.py:156} INFO - Started process (PID=179) to work on /home/airflow/.local/lib/python3.7/site-packages/airflow/example_dags/example_nested_branch_dag.py
[2023-06-04T01:06:59.672+0000] {processor.py:758} INFO - Processing file /home/airflow/.local/lib/python3.7/site-packages/airflow/example_dags/example_nested_branch_dag.py for tasks to queue
[2023-06-04T01:06:59.674+0000] {logging_mixin.py:117} INFO - [2023-06-04T01:06:59.674+0000] {dagbag.py:525} INFO - Filling up the DagBag from /home/airflow/.local/lib/python3.7/site-packages/airflow/example_dags/example_nested_branch_dag.py
[2023-06-04T01:06:59.711+0000] {processor.py:768} INFO - DAG(s) dict_keys(['example_nested_branch_dag']) retrieved from /home/airflow/.local/lib/python3.7/site-packages/airflow/example_dags/example_nested_branch_dag.py
[2023-06-04T01:06:59.761+0000] {logging_mixin.py:117} INFO - [2023-06-04T01:06:59.761+0000] {dag.py:2573} INFO - Sync 1 DAGs
[2023-06-04T01:06:59.794+0000] {logging_mixin.py:117} INFO - [2023-06-04T01:06:59.794+0000] {dag.py:3328} INFO - Setting next_dagrun for example_nested_branch_dag to 2023-06-03T00:00:00+00:00, run_after=2023-06-04T00:00:00+00:00
[2023-06-04T01:06:59.818+0000] {processor.py:178} INFO - Processing /home/airflow/.local/lib/python3.7/site-packages/airflow/example_dags/example_nested_branch_dag.py took 0.152 seconds
[2023-06-04T01:07:30.427+0000] {processor.py:156} INFO - Started process (PID=243) to work on /home/airflow/.local/lib/python3.7/site-packages/airflow/example_dags/example_nested_branch_dag.py
[2023-06-04T01:07:30.429+0000] {processor.py:758} INFO - Processing file /home/airflow/.local/lib/python3.7/site-packages/airflow/example_dags/example_nested_branch_dag.py for tasks to queue
[2023-06-04T01:07:30.431+0000] {logging_mixin.py:117} INFO - [2023-06-04T01:07:30.430+0000] {dagbag.py:525} INFO - Filling up the DagBag from /home/airflow/.local/lib/python3.7/site-packages/airflow/example_dags/example_nested_branch_dag.py
[2023-06-04T01:07:30.472+0000] {processor.py:768} INFO - DAG(s) dict_keys(['example_nested_branch_dag']) retrieved from /home/airflow/.local/lib/python3.7/site-packages/airflow/example_dags/example_nested_branch_dag.py
[2023-06-04T01:07:30.536+0000] {logging_mixin.py:117} INFO - [2023-06-04T01:07:30.536+0000] {dag.py:2573} INFO - Sync 1 DAGs
[2023-06-04T01:07:30.578+0000] {logging_mixin.py:117} INFO - [2023-06-04T01:07:30.578+0000] {dag.py:3328} INFO - Setting next_dagrun for example_nested_branch_dag to 2023-06-03T00:00:00+00:00, run_after=2023-06-04T00:00:00+00:00
[2023-06-04T01:07:30.602+0000] {processor.py:178} INFO - Processing /home/airflow/.local/lib/python3.7/site-packages/airflow/example_dags/example_nested_branch_dag.py took 0.180 seconds
[2023-06-04T01:08:01.096+0000] {processor.py:156} INFO - Started process (PID=305) to work on /home/airflow/.local/lib/python3.7/site-packages/airflow/example_dags/example_nested_branch_dag.py
[2023-06-04T01:08:01.098+0000] {processor.py:758} INFO - Processing file /home/airflow/.local/lib/python3.7/site-packages/airflow/example_dags/example_nested_branch_dag.py for tasks to queue
[2023-06-04T01:08:01.101+0000] {logging_mixin.py:117} INFO - [2023-06-04T01:08:01.100+0000] {dagbag.py:525} INFO - Filling up the DagBag from /home/airflow/.local/lib/python3.7/site-packages/airflow/example_dags/example_nested_branch_dag.py
[2023-06-04T01:08:01.130+0000] {processor.py:768} INFO - DAG(s) dict_keys(['example_nested_branch_dag']) retrieved from /home/airflow/.local/lib/python3.7/site-packages/airflow/example_dags/example_nested_branch_dag.py
[2023-06-04T01:08:01.181+0000] {logging_mixin.py:117} INFO - [2023-06-04T01:08:01.181+0000] {dag.py:2573} INFO - Sync 1 DAGs
[2023-06-04T01:08:01.215+0000] {logging_mixin.py:117} INFO - [2023-06-04T01:08:01.214+0000] {dag.py:3328} INFO - Setting next_dagrun for example_nested_branch_dag to 2023-06-03T00:00:00+00:00, run_after=2023-06-04T00:00:00+00:00
[2023-06-04T01:08:01.239+0000] {processor.py:178} INFO - Processing /home/airflow/.local/lib/python3.7/site-packages/airflow/example_dags/example_nested_branch_dag.py took 0.147 seconds
[2023-06-04T01:08:31.919+0000] {processor.py:156} INFO - Started process (PID=362) to work on /home/airflow/.local/lib/python3.7/site-packages/airflow/example_dags/example_nested_branch_dag.py
[2023-06-04T01:08:31.921+0000] {processor.py:758} INFO - Processing file /home/airflow/.local/lib/python3.7/site-packages/airflow/example_dags/example_nested_branch_dag.py for tasks to queue
[2023-06-04T01:08:31.923+0000] {logging_mixin.py:117} INFO - [2023-06-04T01:08:31.923+0000] {dagbag.py:525} INFO - Filling up the DagBag from /home/airflow/.local/lib/python3.7/site-packages/airflow/example_dags/example_nested_branch_dag.py
[2023-06-04T01:08:31.960+0000] {processor.py:768} INFO - DAG(s) dict_keys(['example_nested_branch_dag']) retrieved from /home/airflow/.local/lib/python3.7/site-packages/airflow/example_dags/example_nested_branch_dag.py
[2023-06-04T01:08:32.012+0000] {logging_mixin.py:117} INFO - [2023-06-04T01:08:32.012+0000] {dag.py:2573} INFO - Sync 1 DAGs
[2023-06-04T01:08:32.044+0000] {logging_mixin.py:117} INFO - [2023-06-04T01:08:32.044+0000] {dag.py:3328} INFO - Setting next_dagrun for example_nested_branch_dag to 2023-06-03T00:00:00+00:00, run_after=2023-06-04T00:00:00+00:00
[2023-06-04T01:08:32.068+0000] {processor.py:178} INFO - Processing /home/airflow/.local/lib/python3.7/site-packages/airflow/example_dags/example_nested_branch_dag.py took 0.154 seconds
[2023-06-04T01:09:02.769+0000] {processor.py:156} INFO - Started process (PID=426) to work on /home/airflow/.local/lib/python3.7/site-packages/airflow/example_dags/example_nested_branch_dag.py
[2023-06-04T01:09:02.770+0000] {processor.py:758} INFO - Processing file /home/airflow/.local/lib/python3.7/site-packages/airflow/example_dags/example_nested_branch_dag.py for tasks to queue
[2023-06-04T01:09:02.772+0000] {logging_mixin.py:117} INFO - [2023-06-04T01:09:02.772+0000] {dagbag.py:525} INFO - Filling up the DagBag from /home/airflow/.local/lib/python3.7/site-packages/airflow/example_dags/example_nested_branch_dag.py
[2023-06-04T01:09:02.806+0000] {processor.py:768} INFO - DAG(s) dict_keys(['example_nested_branch_dag']) retrieved from /home/airflow/.local/lib/python3.7/site-packages/airflow/example_dags/example_nested_branch_dag.py
[2023-06-04T01:09:02.858+0000] {logging_mixin.py:117} INFO - [2023-06-04T01:09:02.858+0000] {dag.py:2573} INFO - Sync 1 DAGs
[2023-06-04T01:09:02.893+0000] {logging_mixin.py:117} INFO - [2023-06-04T01:09:02.893+0000] {dag.py:3328} INFO - Setting next_dagrun for example_nested_branch_dag to 2023-06-03T00:00:00+00:00, run_after=2023-06-04T00:00:00+00:00
[2023-06-04T01:09:02.917+0000] {processor.py:178} INFO - Processing /home/airflow/.local/lib/python3.7/site-packages/airflow/example_dags/example_nested_branch_dag.py took 0.154 seconds
[2023-06-04T01:09:33.832+0000] {processor.py:156} INFO - Started process (PID=490) to work on /home/airflow/.local/lib/python3.7/site-packages/airflow/example_dags/example_nested_branch_dag.py
[2023-06-04T01:09:33.834+0000] {processor.py:758} INFO - Processing file /home/airflow/.local/lib/python3.7/site-packages/airflow/example_dags/example_nested_branch_dag.py for tasks to queue
[2023-06-04T01:09:33.837+0000] {logging_mixin.py:117} INFO - [2023-06-04T01:09:33.836+0000] {dagbag.py:525} INFO - Filling up the DagBag from /home/airflow/.local/lib/python3.7/site-packages/airflow/example_dags/example_nested_branch_dag.py
[2023-06-04T01:09:33.874+0000] {processor.py:768} INFO - DAG(s) dict_keys(['example_nested_branch_dag']) retrieved from /home/airflow/.local/lib/python3.7/site-packages/airflow/example_dags/example_nested_branch_dag.py
[2023-06-04T01:09:33.927+0000] {logging_mixin.py:117} INFO - [2023-06-04T01:09:33.927+0000] {dag.py:2573} INFO - Sync 1 DAGs
[2023-06-04T01:09:33.962+0000] {logging_mixin.py:117} INFO - [2023-06-04T01:09:33.962+0000] {dag.py:3328} INFO - Setting next_dagrun for example_nested_branch_dag to 2023-06-03T00:00:00+00:00, run_after=2023-06-04T00:00:00+00:00
[2023-06-04T01:09:33.987+0000] {processor.py:178} INFO - Processing /home/airflow/.local/lib/python3.7/site-packages/airflow/example_dags/example_nested_branch_dag.py took 0.160 seconds
[2023-06-04T01:10:04.664+0000] {processor.py:156} INFO - Started process (PID=545) to work on /home/airflow/.local/lib/python3.7/site-packages/airflow/example_dags/example_nested_branch_dag.py
[2023-06-04T01:10:04.667+0000] {processor.py:758} INFO - Processing file /home/airflow/.local/lib/python3.7/site-packages/airflow/example_dags/example_nested_branch_dag.py for tasks to queue
[2023-06-04T01:10:04.669+0000] {logging_mixin.py:117} INFO - [2023-06-04T01:10:04.668+0000] {dagbag.py:525} INFO - Filling up the DagBag from /home/airflow/.local/lib/python3.7/site-packages/airflow/example_dags/example_nested_branch_dag.py
[2023-06-04T01:10:04.703+0000] {processor.py:768} INFO - DAG(s) dict_keys(['example_nested_branch_dag']) retrieved from /home/airflow/.local/lib/python3.7/site-packages/airflow/example_dags/example_nested_branch_dag.py
[2023-06-04T01:10:04.757+0000] {logging_mixin.py:117} INFO - [2023-06-04T01:10:04.756+0000] {dag.py:2573} INFO - Sync 1 DAGs
[2023-06-04T01:10:04.794+0000] {logging_mixin.py:117} INFO - [2023-06-04T01:10:04.793+0000] {dag.py:3328} INFO - Setting next_dagrun for example_nested_branch_dag to 2023-06-03T00:00:00+00:00, run_after=2023-06-04T00:00:00+00:00
[2023-06-04T01:10:04.819+0000] {processor.py:178} INFO - Processing /home/airflow/.local/lib/python3.7/site-packages/airflow/example_dags/example_nested_branch_dag.py took 0.159 seconds
[2023-06-04T01:10:35.016+0000] {processor.py:156} INFO - Started process (PID=609) to work on /home/airflow/.local/lib/python3.7/site-packages/airflow/example_dags/example_nested_branch_dag.py
[2023-06-04T01:10:35.018+0000] {processor.py:758} INFO - Processing file /home/airflow/.local/lib/python3.7/site-packages/airflow/example_dags/example_nested_branch_dag.py for tasks to queue
[2023-06-04T01:10:35.020+0000] {logging_mixin.py:117} INFO - [2023-06-04T01:10:35.020+0000] {dagbag.py:525} INFO - Filling up the DagBag from /home/airflow/.local/lib/python3.7/site-packages/airflow/example_dags/example_nested_branch_dag.py
[2023-06-04T01:10:35.056+0000] {processor.py:768} INFO - DAG(s) dict_keys(['example_nested_branch_dag']) retrieved from /home/airflow/.local/lib/python3.7/site-packages/airflow/example_dags/example_nested_branch_dag.py
[2023-06-04T01:10:35.108+0000] {logging_mixin.py:117} INFO - [2023-06-04T01:10:35.108+0000] {dag.py:2573} INFO - Sync 1 DAGs
[2023-06-04T01:10:35.152+0000] {logging_mixin.py:117} INFO - [2023-06-04T01:10:35.152+0000] {dag.py:3328} INFO - Setting next_dagrun for example_nested_branch_dag to 2023-06-03T00:00:00+00:00, run_after=2023-06-04T00:00:00+00:00
[2023-06-04T01:10:35.176+0000] {processor.py:178} INFO - Processing /home/airflow/.local/lib/python3.7/site-packages/airflow/example_dags/example_nested_branch_dag.py took 0.165 seconds
[2023-06-04T01:11:05.856+0000] {processor.py:156} INFO - Started process (PID=673) to work on /home/airflow/.local/lib/python3.7/site-packages/airflow/example_dags/example_nested_branch_dag.py
[2023-06-04T01:11:05.859+0000] {processor.py:758} INFO - Processing file /home/airflow/.local/lib/python3.7/site-packages/airflow/example_dags/example_nested_branch_dag.py for tasks to queue
[2023-06-04T01:11:05.861+0000] {logging_mixin.py:117} INFO - [2023-06-04T01:11:05.861+0000] {dagbag.py:525} INFO - Filling up the DagBag from /home/airflow/.local/lib/python3.7/site-packages/airflow/example_dags/example_nested_branch_dag.py
[2023-06-04T01:11:05.892+0000] {processor.py:768} INFO - DAG(s) dict_keys(['example_nested_branch_dag']) retrieved from /home/airflow/.local/lib/python3.7/site-packages/airflow/example_dags/example_nested_branch_dag.py
[2023-06-04T01:11:05.940+0000] {logging_mixin.py:117} INFO - [2023-06-04T01:11:05.939+0000] {dag.py:2573} INFO - Sync 1 DAGs
[2023-06-04T01:11:05.969+0000] {logging_mixin.py:117} INFO - [2023-06-04T01:11:05.969+0000] {dag.py:3328} INFO - Setting next_dagrun for example_nested_branch_dag to 2023-06-03T00:00:00+00:00, run_after=2023-06-04T00:00:00+00:00
[2023-06-04T01:11:05.990+0000] {processor.py:178} INFO - Processing /home/airflow/.local/lib/python3.7/site-packages/airflow/example_dags/example_nested_branch_dag.py took 0.140 seconds
[2023-06-04T01:11:36.642+0000] {processor.py:156} INFO - Started process (PID=728) to work on /home/airflow/.local/lib/python3.7/site-packages/airflow/example_dags/example_nested_branch_dag.py
[2023-06-04T01:11:36.645+0000] {processor.py:758} INFO - Processing file /home/airflow/.local/lib/python3.7/site-packages/airflow/example_dags/example_nested_branch_dag.py for tasks to queue
[2023-06-04T01:11:36.647+0000] {logging_mixin.py:117} INFO - [2023-06-04T01:11:36.646+0000] {dagbag.py:525} INFO - Filling up the DagBag from /home/airflow/.local/lib/python3.7/site-packages/airflow/example_dags/example_nested_branch_dag.py
[2023-06-04T01:11:36.681+0000] {processor.py:768} INFO - DAG(s) dict_keys(['example_nested_branch_dag']) retrieved from /home/airflow/.local/lib/python3.7/site-packages/airflow/example_dags/example_nested_branch_dag.py
[2023-06-04T01:11:36.740+0000] {logging_mixin.py:117} INFO - [2023-06-04T01:11:36.740+0000] {dag.py:2573} INFO - Sync 1 DAGs
[2023-06-04T01:11:36.777+0000] {logging_mixin.py:117} INFO - [2023-06-04T01:11:36.776+0000] {dag.py:3328} INFO - Setting next_dagrun for example_nested_branch_dag to 2023-06-03T00:00:00+00:00, run_after=2023-06-04T00:00:00+00:00
[2023-06-04T01:11:36.802+0000] {processor.py:178} INFO - Processing /home/airflow/.local/lib/python3.7/site-packages/airflow/example_dags/example_nested_branch_dag.py took 0.164 seconds
[2023-06-04T01:12:07.081+0000] {processor.py:156} INFO - Started process (PID=792) to work on /home/airflow/.local/lib/python3.7/site-packages/airflow/example_dags/example_nested_branch_dag.py
[2023-06-04T01:12:07.084+0000] {processor.py:758} INFO - Processing file /home/airflow/.local/lib/python3.7/site-packages/airflow/example_dags/example_nested_branch_dag.py for tasks to queue
[2023-06-04T01:12:07.085+0000] {logging_mixin.py:117} INFO - [2023-06-04T01:12:07.085+0000] {dagbag.py:525} INFO - Filling up the DagBag from /home/airflow/.local/lib/python3.7/site-packages/airflow/example_dags/example_nested_branch_dag.py
[2023-06-04T01:12:07.121+0000] {processor.py:768} INFO - DAG(s) dict_keys(['example_nested_branch_dag']) retrieved from /home/airflow/.local/lib/python3.7/site-packages/airflow/example_dags/example_nested_branch_dag.py
[2023-06-04T01:12:07.172+0000] {logging_mixin.py:117} INFO - [2023-06-04T01:12:07.172+0000] {dag.py:2573} INFO - Sync 1 DAGs
[2023-06-04T01:12:07.204+0000] {logging_mixin.py:117} INFO - [2023-06-04T01:12:07.204+0000] {dag.py:3328} INFO - Setting next_dagrun for example_nested_branch_dag to 2023-06-03T00:00:00+00:00, run_after=2023-06-04T00:00:00+00:00
[2023-06-04T01:12:07.227+0000] {processor.py:178} INFO - Processing /home/airflow/.local/lib/python3.7/site-packages/airflow/example_dags/example_nested_branch_dag.py took 0.152 seconds
[2023-06-04T01:12:37.580+0000] {processor.py:156} INFO - Started process (PID=856) to work on /home/airflow/.local/lib/python3.7/site-packages/airflow/example_dags/example_nested_branch_dag.py
[2023-06-04T01:12:37.583+0000] {processor.py:758} INFO - Processing file /home/airflow/.local/lib/python3.7/site-packages/airflow/example_dags/example_nested_branch_dag.py for tasks to queue
[2023-06-04T01:12:37.585+0000] {logging_mixin.py:117} INFO - [2023-06-04T01:12:37.585+0000] {dagbag.py:525} INFO - Filling up the DagBag from /home/airflow/.local/lib/python3.7/site-packages/airflow/example_dags/example_nested_branch_dag.py
[2023-06-04T01:12:37.620+0000] {processor.py:768} INFO - DAG(s) dict_keys(['example_nested_branch_dag']) retrieved from /home/airflow/.local/lib/python3.7/site-packages/airflow/example_dags/example_nested_branch_dag.py
[2023-06-04T01:12:37.672+0000] {logging_mixin.py:117} INFO - [2023-06-04T01:12:37.672+0000] {dag.py:2573} INFO - Sync 1 DAGs
[2023-06-04T01:12:37.706+0000] {logging_mixin.py:117} INFO - [2023-06-04T01:12:37.706+0000] {dag.py:3328} INFO - Setting next_dagrun for example_nested_branch_dag to 2023-06-03T00:00:00+00:00, run_after=2023-06-04T00:00:00+00:00
[2023-06-04T01:12:37.733+0000] {processor.py:178} INFO - Processing /home/airflow/.local/lib/python3.7/site-packages/airflow/example_dags/example_nested_branch_dag.py took 0.159 seconds
[2023-06-04T01:13:07.944+0000] {processor.py:156} INFO - Started process (PID=911) to work on /home/airflow/.local/lib/python3.7/site-packages/airflow/example_dags/example_nested_branch_dag.py
[2023-06-04T01:13:07.947+0000] {processor.py:758} INFO - Processing file /home/airflow/.local/lib/python3.7/site-packages/airflow/example_dags/example_nested_branch_dag.py for tasks to queue
[2023-06-04T01:13:07.948+0000] {logging_mixin.py:117} INFO - [2023-06-04T01:13:07.948+0000] {dagbag.py:525} INFO - Filling up the DagBag from /home/airflow/.local/lib/python3.7/site-packages/airflow/example_dags/example_nested_branch_dag.py
[2023-06-04T01:13:07.985+0000] {processor.py:768} INFO - DAG(s) dict_keys(['example_nested_branch_dag']) retrieved from /home/airflow/.local/lib/python3.7/site-packages/airflow/example_dags/example_nested_branch_dag.py
[2023-06-04T01:13:08.038+0000] {logging_mixin.py:117} INFO - [2023-06-04T01:13:08.038+0000] {dag.py:2573} INFO - Sync 1 DAGs
[2023-06-04T01:13:08.073+0000] {logging_mixin.py:117} INFO - [2023-06-04T01:13:08.073+0000] {dag.py:3328} INFO - Setting next_dagrun for example_nested_branch_dag to 2023-06-03T00:00:00+00:00, run_after=2023-06-04T00:00:00+00:00
[2023-06-04T01:13:08.102+0000] {processor.py:178} INFO - Processing /home/airflow/.local/lib/python3.7/site-packages/airflow/example_dags/example_nested_branch_dag.py took 0.164 seconds
[2023-06-04T01:13:38.382+0000] {processor.py:156} INFO - Started process (PID=975) to work on /home/airflow/.local/lib/python3.7/site-packages/airflow/example_dags/example_nested_branch_dag.py
[2023-06-04T01:13:38.384+0000] {processor.py:758} INFO - Processing file /home/airflow/.local/lib/python3.7/site-packages/airflow/example_dags/example_nested_branch_dag.py for tasks to queue
[2023-06-04T01:13:38.386+0000] {logging_mixin.py:117} INFO - [2023-06-04T01:13:38.386+0000] {dagbag.py:525} INFO - Filling up the DagBag from /home/airflow/.local/lib/python3.7/site-packages/airflow/example_dags/example_nested_branch_dag.py
[2023-06-04T01:13:38.420+0000] {processor.py:768} INFO - DAG(s) dict_keys(['example_nested_branch_dag']) retrieved from /home/airflow/.local/lib/python3.7/site-packages/airflow/example_dags/example_nested_branch_dag.py
[2023-06-04T01:13:38.471+0000] {logging_mixin.py:117} INFO - [2023-06-04T01:13:38.471+0000] {dag.py:2573} INFO - Sync 1 DAGs
[2023-06-04T01:13:38.505+0000] {logging_mixin.py:117} INFO - [2023-06-04T01:13:38.505+0000] {dag.py:3328} INFO - Setting next_dagrun for example_nested_branch_dag to 2023-06-03T00:00:00+00:00, run_after=2023-06-04T00:00:00+00:00
[2023-06-04T01:13:38.528+0000] {processor.py:178} INFO - Processing /home/airflow/.local/lib/python3.7/site-packages/airflow/example_dags/example_nested_branch_dag.py took 0.151 seconds
[2023-06-04T01:14:08.775+0000] {processor.py:156} INFO - Started process (PID=1038) to work on /home/airflow/.local/lib/python3.7/site-packages/airflow/example_dags/example_nested_branch_dag.py
[2023-06-04T01:14:08.781+0000] {processor.py:758} INFO - Processing file /home/airflow/.local/lib/python3.7/site-packages/airflow/example_dags/example_nested_branch_dag.py for tasks to queue
[2023-06-04T01:14:08.787+0000] {logging_mixin.py:117} INFO - [2023-06-04T01:14:08.787+0000] {dagbag.py:525} INFO - Filling up the DagBag from /home/airflow/.local/lib/python3.7/site-packages/airflow/example_dags/example_nested_branch_dag.py
[2023-06-04T01:14:08.854+0000] {processor.py:768} INFO - DAG(s) dict_keys(['example_nested_branch_dag']) retrieved from /home/airflow/.local/lib/python3.7/site-packages/airflow/example_dags/example_nested_branch_dag.py
[2023-06-04T01:14:08.934+0000] {logging_mixin.py:117} INFO - [2023-06-04T01:14:08.933+0000] {dag.py:2573} INFO - Sync 1 DAGs
[2023-06-04T01:14:08.986+0000] {logging_mixin.py:117} INFO - [2023-06-04T01:14:08.986+0000] {dag.py:3328} INFO - Setting next_dagrun for example_nested_branch_dag to 2023-06-03T00:00:00+00:00, run_after=2023-06-04T00:00:00+00:00
[2023-06-04T01:14:09.036+0000] {processor.py:178} INFO - Processing /home/airflow/.local/lib/python3.7/site-packages/airflow/example_dags/example_nested_branch_dag.py took 0.269 seconds
[2023-06-04T01:14:39.527+0000] {processor.py:156} INFO - Started process (PID=1093) to work on /home/airflow/.local/lib/python3.7/site-packages/airflow/example_dags/example_nested_branch_dag.py
[2023-06-04T01:14:39.532+0000] {processor.py:758} INFO - Processing file /home/airflow/.local/lib/python3.7/site-packages/airflow/example_dags/example_nested_branch_dag.py for tasks to queue
[2023-06-04T01:14:39.535+0000] {logging_mixin.py:117} INFO - [2023-06-04T01:14:39.535+0000] {dagbag.py:525} INFO - Filling up the DagBag from /home/airflow/.local/lib/python3.7/site-packages/airflow/example_dags/example_nested_branch_dag.py
[2023-06-04T01:14:39.584+0000] {processor.py:768} INFO - DAG(s) dict_keys(['example_nested_branch_dag']) retrieved from /home/airflow/.local/lib/python3.7/site-packages/airflow/example_dags/example_nested_branch_dag.py
[2023-06-04T01:14:39.691+0000] {logging_mixin.py:117} INFO - [2023-06-04T01:14:39.691+0000] {dag.py:2573} INFO - Sync 1 DAGs
[2023-06-04T01:14:39.738+0000] {logging_mixin.py:117} INFO - [2023-06-04T01:14:39.738+0000] {dag.py:3328} INFO - Setting next_dagrun for example_nested_branch_dag to 2023-06-03T00:00:00+00:00, run_after=2023-06-04T00:00:00+00:00
[2023-06-04T01:14:39.770+0000] {processor.py:178} INFO - Processing /home/airflow/.local/lib/python3.7/site-packages/airflow/example_dags/example_nested_branch_dag.py took 0.250 seconds
[2023-06-04T01:15:09.835+0000] {processor.py:156} INFO - Started process (PID=1156) to work on /home/airflow/.local/lib/python3.7/site-packages/airflow/example_dags/example_nested_branch_dag.py
[2023-06-04T01:15:09.838+0000] {processor.py:758} INFO - Processing file /home/airflow/.local/lib/python3.7/site-packages/airflow/example_dags/example_nested_branch_dag.py for tasks to queue
[2023-06-04T01:15:09.840+0000] {logging_mixin.py:117} INFO - [2023-06-04T01:15:09.840+0000] {dagbag.py:525} INFO - Filling up the DagBag from /home/airflow/.local/lib/python3.7/site-packages/airflow/example_dags/example_nested_branch_dag.py
[2023-06-04T01:15:09.881+0000] {processor.py:768} INFO - DAG(s) dict_keys(['example_nested_branch_dag']) retrieved from /home/airflow/.local/lib/python3.7/site-packages/airflow/example_dags/example_nested_branch_dag.py
[2023-06-04T01:15:09.942+0000] {logging_mixin.py:117} INFO - [2023-06-04T01:15:09.942+0000] {dag.py:2573} INFO - Sync 1 DAGs
[2023-06-04T01:15:09.984+0000] {logging_mixin.py:117} INFO - [2023-06-04T01:15:09.983+0000] {dag.py:3328} INFO - Setting next_dagrun for example_nested_branch_dag to 2023-06-03T00:00:00+00:00, run_after=2023-06-04T00:00:00+00:00
[2023-06-04T01:15:10.015+0000] {processor.py:178} INFO - Processing /home/airflow/.local/lib/python3.7/site-packages/airflow/example_dags/example_nested_branch_dag.py took 0.185 seconds
[2023-06-04T01:15:40.699+0000] {processor.py:156} INFO - Started process (PID=1220) to work on /home/airflow/.local/lib/python3.7/site-packages/airflow/example_dags/example_nested_branch_dag.py
[2023-06-04T01:15:40.704+0000] {processor.py:758} INFO - Processing file /home/airflow/.local/lib/python3.7/site-packages/airflow/example_dags/example_nested_branch_dag.py for tasks to queue
[2023-06-04T01:15:40.706+0000] {logging_mixin.py:117} INFO - [2023-06-04T01:15:40.706+0000] {dagbag.py:525} INFO - Filling up the DagBag from /home/airflow/.local/lib/python3.7/site-packages/airflow/example_dags/example_nested_branch_dag.py
[2023-06-04T01:15:40.749+0000] {processor.py:768} INFO - DAG(s) dict_keys(['example_nested_branch_dag']) retrieved from /home/airflow/.local/lib/python3.7/site-packages/airflow/example_dags/example_nested_branch_dag.py
[2023-06-04T01:15:40.822+0000] {logging_mixin.py:117} INFO - [2023-06-04T01:15:40.821+0000] {dag.py:2573} INFO - Sync 1 DAGs
[2023-06-04T01:15:40.865+0000] {logging_mixin.py:117} INFO - [2023-06-04T01:15:40.865+0000] {dag.py:3328} INFO - Setting next_dagrun for example_nested_branch_dag to 2023-06-03T00:00:00+00:00, run_after=2023-06-04T00:00:00+00:00
[2023-06-04T01:15:40.905+0000] {processor.py:178} INFO - Processing /home/airflow/.local/lib/python3.7/site-packages/airflow/example_dags/example_nested_branch_dag.py took 0.213 seconds
[2023-06-04T01:16:11.035+0000] {processor.py:156} INFO - Started process (PID=1275) to work on /home/airflow/.local/lib/python3.7/site-packages/airflow/example_dags/example_nested_branch_dag.py
[2023-06-04T01:16:11.039+0000] {processor.py:758} INFO - Processing file /home/airflow/.local/lib/python3.7/site-packages/airflow/example_dags/example_nested_branch_dag.py for tasks to queue
[2023-06-04T01:16:11.042+0000] {logging_mixin.py:117} INFO - [2023-06-04T01:16:11.041+0000] {dagbag.py:525} INFO - Filling up the DagBag from /home/airflow/.local/lib/python3.7/site-packages/airflow/example_dags/example_nested_branch_dag.py
[2023-06-04T01:16:11.084+0000] {processor.py:768} INFO - DAG(s) dict_keys(['example_nested_branch_dag']) retrieved from /home/airflow/.local/lib/python3.7/site-packages/airflow/example_dags/example_nested_branch_dag.py
[2023-06-04T01:16:11.151+0000] {logging_mixin.py:117} INFO - [2023-06-04T01:16:11.151+0000] {dag.py:2573} INFO - Sync 1 DAGs
[2023-06-04T01:16:11.216+0000] {logging_mixin.py:117} INFO - [2023-06-04T01:16:11.215+0000] {dag.py:3328} INFO - Setting next_dagrun for example_nested_branch_dag to 2023-06-03T00:00:00+00:00, run_after=2023-06-04T00:00:00+00:00
[2023-06-04T01:16:11.255+0000] {processor.py:178} INFO - Processing /home/airflow/.local/lib/python3.7/site-packages/airflow/example_dags/example_nested_branch_dag.py took 0.225 seconds
[2023-06-04T01:16:41.450+0000] {processor.py:156} INFO - Started process (PID=1339) to work on /home/airflow/.local/lib/python3.7/site-packages/airflow/example_dags/example_nested_branch_dag.py
[2023-06-04T01:16:41.452+0000] {processor.py:758} INFO - Processing file /home/airflow/.local/lib/python3.7/site-packages/airflow/example_dags/example_nested_branch_dag.py for tasks to queue
[2023-06-04T01:16:41.453+0000] {logging_mixin.py:117} INFO - [2023-06-04T01:16:41.453+0000] {dagbag.py:525} INFO - Filling up the DagBag from /home/airflow/.local/lib/python3.7/site-packages/airflow/example_dags/example_nested_branch_dag.py
[2023-06-04T01:16:41.488+0000] {processor.py:768} INFO - DAG(s) dict_keys(['example_nested_branch_dag']) retrieved from /home/airflow/.local/lib/python3.7/site-packages/airflow/example_dags/example_nested_branch_dag.py
[2023-06-04T01:16:41.541+0000] {logging_mixin.py:117} INFO - [2023-06-04T01:16:41.541+0000] {dag.py:2573} INFO - Sync 1 DAGs
[2023-06-04T01:16:41.577+0000] {logging_mixin.py:117} INFO - [2023-06-04T01:16:41.577+0000] {dag.py:3328} INFO - Setting next_dagrun for example_nested_branch_dag to 2023-06-03T00:00:00+00:00, run_after=2023-06-04T00:00:00+00:00
[2023-06-04T01:16:41.605+0000] {processor.py:178} INFO - Processing /home/airflow/.local/lib/python3.7/site-packages/airflow/example_dags/example_nested_branch_dag.py took 0.160 seconds
[2023-06-04T01:17:12.304+0000] {processor.py:156} INFO - Started process (PID=1403) to work on /home/airflow/.local/lib/python3.7/site-packages/airflow/example_dags/example_nested_branch_dag.py
[2023-06-04T01:17:12.313+0000] {processor.py:758} INFO - Processing file /home/airflow/.local/lib/python3.7/site-packages/airflow/example_dags/example_nested_branch_dag.py for tasks to queue
[2023-06-04T01:17:12.316+0000] {logging_mixin.py:117} INFO - [2023-06-04T01:17:12.316+0000] {dagbag.py:525} INFO - Filling up the DagBag from /home/airflow/.local/lib/python3.7/site-packages/airflow/example_dags/example_nested_branch_dag.py
[2023-06-04T01:17:12.378+0000] {processor.py:768} INFO - DAG(s) dict_keys(['example_nested_branch_dag']) retrieved from /home/airflow/.local/lib/python3.7/site-packages/airflow/example_dags/example_nested_branch_dag.py
[2023-06-04T01:17:12.445+0000] {logging_mixin.py:117} INFO - [2023-06-04T01:17:12.445+0000] {dag.py:2573} INFO - Sync 1 DAGs
[2023-06-04T01:17:12.492+0000] {logging_mixin.py:117} INFO - [2023-06-04T01:17:12.492+0000] {dag.py:3328} INFO - Setting next_dagrun for example_nested_branch_dag to 2023-06-03T00:00:00+00:00, run_after=2023-06-04T00:00:00+00:00
[2023-06-04T01:17:12.533+0000] {processor.py:178} INFO - Processing /home/airflow/.local/lib/python3.7/site-packages/airflow/example_dags/example_nested_branch_dag.py took 0.248 seconds
[2023-06-04T01:17:42.653+0000] {processor.py:156} INFO - Started process (PID=1458) to work on /home/airflow/.local/lib/python3.7/site-packages/airflow/example_dags/example_nested_branch_dag.py
[2023-06-04T01:17:42.656+0000] {processor.py:758} INFO - Processing file /home/airflow/.local/lib/python3.7/site-packages/airflow/example_dags/example_nested_branch_dag.py for tasks to queue
[2023-06-04T01:17:42.658+0000] {logging_mixin.py:117} INFO - [2023-06-04T01:17:42.657+0000] {dagbag.py:525} INFO - Filling up the DagBag from /home/airflow/.local/lib/python3.7/site-packages/airflow/example_dags/example_nested_branch_dag.py
[2023-06-04T01:17:42.694+0000] {processor.py:768} INFO - DAG(s) dict_keys(['example_nested_branch_dag']) retrieved from /home/airflow/.local/lib/python3.7/site-packages/airflow/example_dags/example_nested_branch_dag.py
[2023-06-04T01:17:42.751+0000] {logging_mixin.py:117} INFO - [2023-06-04T01:17:42.751+0000] {dag.py:2573} INFO - Sync 1 DAGs
[2023-06-04T01:17:42.786+0000] {logging_mixin.py:117} INFO - [2023-06-04T01:17:42.785+0000] {dag.py:3328} INFO - Setting next_dagrun for example_nested_branch_dag to 2023-06-03T00:00:00+00:00, run_after=2023-06-04T00:00:00+00:00
[2023-06-04T01:17:42.811+0000] {processor.py:178} INFO - Processing /home/airflow/.local/lib/python3.7/site-packages/airflow/example_dags/example_nested_branch_dag.py took 0.163 seconds
[2023-06-04T01:18:12.860+0000] {processor.py:156} INFO - Started process (PID=1522) to work on /home/airflow/.local/lib/python3.7/site-packages/airflow/example_dags/example_nested_branch_dag.py
[2023-06-04T01:18:12.862+0000] {processor.py:758} INFO - Processing file /home/airflow/.local/lib/python3.7/site-packages/airflow/example_dags/example_nested_branch_dag.py for tasks to queue
[2023-06-04T01:18:12.864+0000] {logging_mixin.py:117} INFO - [2023-06-04T01:18:12.864+0000] {dagbag.py:525} INFO - Filling up the DagBag from /home/airflow/.local/lib/python3.7/site-packages/airflow/example_dags/example_nested_branch_dag.py
[2023-06-04T01:18:12.896+0000] {processor.py:768} INFO - DAG(s) dict_keys(['example_nested_branch_dag']) retrieved from /home/airflow/.local/lib/python3.7/site-packages/airflow/example_dags/example_nested_branch_dag.py
[2023-06-04T01:18:12.950+0000] {logging_mixin.py:117} INFO - [2023-06-04T01:18:12.950+0000] {dag.py:2573} INFO - Sync 1 DAGs
[2023-06-04T01:18:12.983+0000] {logging_mixin.py:117} INFO - [2023-06-04T01:18:12.983+0000] {dag.py:3328} INFO - Setting next_dagrun for example_nested_branch_dag to 2023-06-03T00:00:00+00:00, run_after=2023-06-04T00:00:00+00:00
[2023-06-04T01:18:13.008+0000] {processor.py:178} INFO - Processing /home/airflow/.local/lib/python3.7/site-packages/airflow/example_dags/example_nested_branch_dag.py took 0.153 seconds
[2023-06-04T01:18:43.113+0000] {processor.py:156} INFO - Started process (PID=1582) to work on /home/airflow/.local/lib/python3.7/site-packages/airflow/example_dags/example_nested_branch_dag.py
[2023-06-04T01:18:43.116+0000] {processor.py:758} INFO - Processing file /home/airflow/.local/lib/python3.7/site-packages/airflow/example_dags/example_nested_branch_dag.py for tasks to queue
[2023-06-04T01:18:43.118+0000] {logging_mixin.py:117} INFO - [2023-06-04T01:18:43.118+0000] {dagbag.py:525} INFO - Filling up the DagBag from /home/airflow/.local/lib/python3.7/site-packages/airflow/example_dags/example_nested_branch_dag.py
[2023-06-04T01:18:43.154+0000] {processor.py:768} INFO - DAG(s) dict_keys(['example_nested_branch_dag']) retrieved from /home/airflow/.local/lib/python3.7/site-packages/airflow/example_dags/example_nested_branch_dag.py
[2023-06-04T01:18:43.215+0000] {logging_mixin.py:117} INFO - [2023-06-04T01:18:43.215+0000] {dag.py:2573} INFO - Sync 1 DAGs
[2023-06-04T01:18:43.252+0000] {logging_mixin.py:117} INFO - [2023-06-04T01:18:43.252+0000] {dag.py:3328} INFO - Setting next_dagrun for example_nested_branch_dag to 2023-06-03T00:00:00+00:00, run_after=2023-06-04T00:00:00+00:00
[2023-06-04T01:18:43.280+0000] {processor.py:178} INFO - Processing /home/airflow/.local/lib/python3.7/site-packages/airflow/example_dags/example_nested_branch_dag.py took 0.173 seconds
[2023-06-04T01:19:13.331+0000] {processor.py:156} INFO - Started process (PID=1640) to work on /home/airflow/.local/lib/python3.7/site-packages/airflow/example_dags/example_nested_branch_dag.py
[2023-06-04T01:19:13.334+0000] {processor.py:758} INFO - Processing file /home/airflow/.local/lib/python3.7/site-packages/airflow/example_dags/example_nested_branch_dag.py for tasks to queue
[2023-06-04T01:19:13.336+0000] {logging_mixin.py:117} INFO - [2023-06-04T01:19:13.336+0000] {dagbag.py:525} INFO - Filling up the DagBag from /home/airflow/.local/lib/python3.7/site-packages/airflow/example_dags/example_nested_branch_dag.py
[2023-06-04T01:19:13.381+0000] {processor.py:768} INFO - DAG(s) dict_keys(['example_nested_branch_dag']) retrieved from /home/airflow/.local/lib/python3.7/site-packages/airflow/example_dags/example_nested_branch_dag.py
[2023-06-04T01:19:13.435+0000] {logging_mixin.py:117} INFO - [2023-06-04T01:19:13.435+0000] {dag.py:2573} INFO - Sync 1 DAGs
[2023-06-04T01:19:13.470+0000] {logging_mixin.py:117} INFO - [2023-06-04T01:19:13.470+0000] {dag.py:3328} INFO - Setting next_dagrun for example_nested_branch_dag to 2023-06-03T00:00:00+00:00, run_after=2023-06-04T00:00:00+00:00
[2023-06-04T01:19:13.496+0000] {processor.py:178} INFO - Processing /home/airflow/.local/lib/python3.7/site-packages/airflow/example_dags/example_nested_branch_dag.py took 0.171 seconds
[2023-06-04T01:20:39.931+0000] {processor.py:157} INFO - Started process (PID=57) to work on /home/airflow/.local/lib/python3.7/site-packages/airflow/example_dags/example_nested_branch_dag.py
[2023-06-04T01:20:39.934+0000] {processor.py:826} INFO - Processing file /home/airflow/.local/lib/python3.7/site-packages/airflow/example_dags/example_nested_branch_dag.py for tasks to queue
[2023-06-04T01:20:39.937+0000] {logging_mixin.py:149} INFO - [2023-06-04T01:20:39.936+0000] {dagbag.py:541} INFO - Filling up the DagBag from /home/airflow/.local/lib/python3.7/site-packages/airflow/example_dags/example_nested_branch_dag.py
[2023-06-04T01:20:39.966+0000] {processor.py:836} INFO - DAG(s) dict_keys(['example_nested_branch_dag']) retrieved from /home/airflow/.local/lib/python3.7/site-packages/airflow/example_dags/example_nested_branch_dag.py
[2023-06-04T01:20:39.999+0000] {logging_mixin.py:149} INFO - [2023-06-04T01:20:39.999+0000] {dag.py:2726} INFO - Sync 1 DAGs
[2023-06-04T01:20:40.069+0000] {logging_mixin.py:149} INFO - [2023-06-04T01:20:40.069+0000] {dag.py:3490} INFO - Setting next_dagrun for example_nested_branch_dag to 2023-06-03T00:00:00+00:00, run_after=2023-06-04T00:00:00+00:00
[2023-06-04T01:20:40.127+0000] {processor.py:179} INFO - Processing /home/airflow/.local/lib/python3.7/site-packages/airflow/example_dags/example_nested_branch_dag.py took 0.204 seconds
[2023-06-04T01:21:10.869+0000] {processor.py:157} INFO - Started process (PID=127) to work on /home/airflow/.local/lib/python3.7/site-packages/airflow/example_dags/example_nested_branch_dag.py
[2023-06-04T01:21:10.872+0000] {processor.py:826} INFO - Processing file /home/airflow/.local/lib/python3.7/site-packages/airflow/example_dags/example_nested_branch_dag.py for tasks to queue
[2023-06-04T01:21:10.874+0000] {logging_mixin.py:149} INFO - [2023-06-04T01:21:10.874+0000] {dagbag.py:541} INFO - Filling up the DagBag from /home/airflow/.local/lib/python3.7/site-packages/airflow/example_dags/example_nested_branch_dag.py
[2023-06-04T01:21:10.891+0000] {processor.py:836} INFO - DAG(s) dict_keys(['example_nested_branch_dag']) retrieved from /home/airflow/.local/lib/python3.7/site-packages/airflow/example_dags/example_nested_branch_dag.py
[2023-06-04T01:21:10.930+0000] {logging_mixin.py:149} INFO - [2023-06-04T01:21:10.930+0000] {dag.py:2726} INFO - Sync 1 DAGs
[2023-06-04T01:21:10.967+0000] {logging_mixin.py:149} INFO - [2023-06-04T01:21:10.966+0000] {dag.py:3490} INFO - Setting next_dagrun for example_nested_branch_dag to 2023-06-03T00:00:00+00:00, run_after=2023-06-04T00:00:00+00:00
[2023-06-04T01:21:10.993+0000] {processor.py:179} INFO - Processing /home/airflow/.local/lib/python3.7/site-packages/airflow/example_dags/example_nested_branch_dag.py took 0.129 seconds
[2023-06-04T01:21:41.450+0000] {processor.py:157} INFO - Started process (PID=206) to work on /home/airflow/.local/lib/python3.7/site-packages/airflow/example_dags/example_nested_branch_dag.py
[2023-06-04T01:21:41.453+0000] {processor.py:826} INFO - Processing file /home/airflow/.local/lib/python3.7/site-packages/airflow/example_dags/example_nested_branch_dag.py for tasks to queue
[2023-06-04T01:21:41.455+0000] {logging_mixin.py:149} INFO - [2023-06-04T01:21:41.455+0000] {dagbag.py:541} INFO - Filling up the DagBag from /home/airflow/.local/lib/python3.7/site-packages/airflow/example_dags/example_nested_branch_dag.py
[2023-06-04T01:21:41.473+0000] {processor.py:836} INFO - DAG(s) dict_keys(['example_nested_branch_dag']) retrieved from /home/airflow/.local/lib/python3.7/site-packages/airflow/example_dags/example_nested_branch_dag.py
[2023-06-04T01:21:41.516+0000] {logging_mixin.py:149} INFO - [2023-06-04T01:21:41.516+0000] {dag.py:2726} INFO - Sync 1 DAGs
[2023-06-04T01:21:41.559+0000] {logging_mixin.py:149} INFO - [2023-06-04T01:21:41.558+0000] {dag.py:3490} INFO - Setting next_dagrun for example_nested_branch_dag to 2023-06-03T00:00:00+00:00, run_after=2023-06-04T00:00:00+00:00
[2023-06-04T01:21:41.589+0000] {processor.py:179} INFO - Processing /home/airflow/.local/lib/python3.7/site-packages/airflow/example_dags/example_nested_branch_dag.py took 0.144 seconds
[2023-06-04T01:22:11.962+0000] {processor.py:157} INFO - Started process (PID=276) to work on /home/airflow/.local/lib/python3.7/site-packages/airflow/example_dags/example_nested_branch_dag.py
[2023-06-04T01:22:11.964+0000] {processor.py:826} INFO - Processing file /home/airflow/.local/lib/python3.7/site-packages/airflow/example_dags/example_nested_branch_dag.py for tasks to queue
[2023-06-04T01:22:11.966+0000] {logging_mixin.py:149} INFO - [2023-06-04T01:22:11.966+0000] {dagbag.py:541} INFO - Filling up the DagBag from /home/airflow/.local/lib/python3.7/site-packages/airflow/example_dags/example_nested_branch_dag.py
[2023-06-04T01:22:11.980+0000] {processor.py:836} INFO - DAG(s) dict_keys(['example_nested_branch_dag']) retrieved from /home/airflow/.local/lib/python3.7/site-packages/airflow/example_dags/example_nested_branch_dag.py
[2023-06-04T01:22:12.019+0000] {logging_mixin.py:149} INFO - [2023-06-04T01:22:12.019+0000] {dag.py:2726} INFO - Sync 1 DAGs
[2023-06-04T01:22:12.055+0000] {logging_mixin.py:149} INFO - [2023-06-04T01:22:12.055+0000] {dag.py:3490} INFO - Setting next_dagrun for example_nested_branch_dag to 2023-06-03T00:00:00+00:00, run_after=2023-06-04T00:00:00+00:00
[2023-06-04T01:22:12.096+0000] {processor.py:179} INFO - Processing /home/airflow/.local/lib/python3.7/site-packages/airflow/example_dags/example_nested_branch_dag.py took 0.139 seconds
[2023-06-04T01:22:42.719+0000] {processor.py:157} INFO - Started process (PID=346) to work on /home/airflow/.local/lib/python3.7/site-packages/airflow/example_dags/example_nested_branch_dag.py
[2023-06-04T01:22:42.722+0000] {processor.py:826} INFO - Processing file /home/airflow/.local/lib/python3.7/site-packages/airflow/example_dags/example_nested_branch_dag.py for tasks to queue
[2023-06-04T01:22:42.724+0000] {logging_mixin.py:149} INFO - [2023-06-04T01:22:42.724+0000] {dagbag.py:541} INFO - Filling up the DagBag from /home/airflow/.local/lib/python3.7/site-packages/airflow/example_dags/example_nested_branch_dag.py
[2023-06-04T01:22:42.743+0000] {processor.py:836} INFO - DAG(s) dict_keys(['example_nested_branch_dag']) retrieved from /home/airflow/.local/lib/python3.7/site-packages/airflow/example_dags/example_nested_branch_dag.py
[2023-06-04T01:22:42.786+0000] {logging_mixin.py:149} INFO - [2023-06-04T01:22:42.786+0000] {dag.py:2726} INFO - Sync 1 DAGs
[2023-06-04T01:22:42.828+0000] {logging_mixin.py:149} INFO - [2023-06-04T01:22:42.828+0000] {dag.py:3490} INFO - Setting next_dagrun for example_nested_branch_dag to 2023-06-03T00:00:00+00:00, run_after=2023-06-04T00:00:00+00:00
[2023-06-04T01:22:42.857+0000] {processor.py:179} INFO - Processing /home/airflow/.local/lib/python3.7/site-packages/airflow/example_dags/example_nested_branch_dag.py took 0.144 seconds
[2023-06-04T01:23:13.798+0000] {processor.py:157} INFO - Started process (PID=425) to work on /home/airflow/.local/lib/python3.7/site-packages/airflow/example_dags/example_nested_branch_dag.py
[2023-06-04T01:23:13.800+0000] {processor.py:826} INFO - Processing file /home/airflow/.local/lib/python3.7/site-packages/airflow/example_dags/example_nested_branch_dag.py for tasks to queue
[2023-06-04T01:23:13.802+0000] {logging_mixin.py:149} INFO - [2023-06-04T01:23:13.802+0000] {dagbag.py:541} INFO - Filling up the DagBag from /home/airflow/.local/lib/python3.7/site-packages/airflow/example_dags/example_nested_branch_dag.py
[2023-06-04T01:23:13.818+0000] {processor.py:836} INFO - DAG(s) dict_keys(['example_nested_branch_dag']) retrieved from /home/airflow/.local/lib/python3.7/site-packages/airflow/example_dags/example_nested_branch_dag.py
[2023-06-04T01:23:13.858+0000] {logging_mixin.py:149} INFO - [2023-06-04T01:23:13.858+0000] {dag.py:2726} INFO - Sync 1 DAGs
[2023-06-04T01:23:13.896+0000] {logging_mixin.py:149} INFO - [2023-06-04T01:23:13.896+0000] {dag.py:3490} INFO - Setting next_dagrun for example_nested_branch_dag to 2023-06-03T00:00:00+00:00, run_after=2023-06-04T00:00:00+00:00
[2023-06-04T01:23:13.927+0000] {processor.py:179} INFO - Processing /home/airflow/.local/lib/python3.7/site-packages/airflow/example_dags/example_nested_branch_dag.py took 0.138 seconds
[2023-06-04T01:23:44.811+0000] {processor.py:157} INFO - Started process (PID=495) to work on /home/airflow/.local/lib/python3.7/site-packages/airflow/example_dags/example_nested_branch_dag.py
[2023-06-04T01:23:44.814+0000] {processor.py:826} INFO - Processing file /home/airflow/.local/lib/python3.7/site-packages/airflow/example_dags/example_nested_branch_dag.py for tasks to queue
[2023-06-04T01:23:44.816+0000] {logging_mixin.py:149} INFO - [2023-06-04T01:23:44.816+0000] {dagbag.py:541} INFO - Filling up the DagBag from /home/airflow/.local/lib/python3.7/site-packages/airflow/example_dags/example_nested_branch_dag.py
[2023-06-04T01:23:44.832+0000] {processor.py:836} INFO - DAG(s) dict_keys(['example_nested_branch_dag']) retrieved from /home/airflow/.local/lib/python3.7/site-packages/airflow/example_dags/example_nested_branch_dag.py
[2023-06-04T01:23:44.875+0000] {logging_mixin.py:149} INFO - [2023-06-04T01:23:44.874+0000] {dag.py:2726} INFO - Sync 1 DAGs
[2023-06-04T01:23:44.933+0000] {logging_mixin.py:149} INFO - [2023-06-04T01:23:44.933+0000] {dag.py:3490} INFO - Setting next_dagrun for example_nested_branch_dag to 2023-06-03T00:00:00+00:00, run_after=2023-06-04T00:00:00+00:00
[2023-06-04T01:23:44.975+0000] {processor.py:179} INFO - Processing /home/airflow/.local/lib/python3.7/site-packages/airflow/example_dags/example_nested_branch_dag.py took 0.169 seconds
[2023-06-04T01:24:15.348+0000] {processor.py:157} INFO - Started process (PID=574) to work on /home/airflow/.local/lib/python3.7/site-packages/airflow/example_dags/example_nested_branch_dag.py
[2023-06-04T01:24:15.351+0000] {processor.py:826} INFO - Processing file /home/airflow/.local/lib/python3.7/site-packages/airflow/example_dags/example_nested_branch_dag.py for tasks to queue
[2023-06-04T01:24:15.354+0000] {logging_mixin.py:149} INFO - [2023-06-04T01:24:15.353+0000] {dagbag.py:541} INFO - Filling up the DagBag from /home/airflow/.local/lib/python3.7/site-packages/airflow/example_dags/example_nested_branch_dag.py
[2023-06-04T01:24:15.368+0000] {processor.py:836} INFO - DAG(s) dict_keys(['example_nested_branch_dag']) retrieved from /home/airflow/.local/lib/python3.7/site-packages/airflow/example_dags/example_nested_branch_dag.py
[2023-06-04T01:24:15.410+0000] {logging_mixin.py:149} INFO - [2023-06-04T01:24:15.410+0000] {dag.py:2726} INFO - Sync 1 DAGs
[2023-06-04T01:24:15.450+0000] {logging_mixin.py:149} INFO - [2023-06-04T01:24:15.450+0000] {dag.py:3490} INFO - Setting next_dagrun for example_nested_branch_dag to 2023-06-03T00:00:00+00:00, run_after=2023-06-04T00:00:00+00:00
[2023-06-04T01:24:15.489+0000] {processor.py:179} INFO - Processing /home/airflow/.local/lib/python3.7/site-packages/airflow/example_dags/example_nested_branch_dag.py took 0.147 seconds
[2023-06-04T01:24:45.615+0000] {processor.py:157} INFO - Started process (PID=644) to work on /home/airflow/.local/lib/python3.7/site-packages/airflow/example_dags/example_nested_branch_dag.py
[2023-06-04T01:24:45.618+0000] {processor.py:826} INFO - Processing file /home/airflow/.local/lib/python3.7/site-packages/airflow/example_dags/example_nested_branch_dag.py for tasks to queue
[2023-06-04T01:24:45.619+0000] {logging_mixin.py:149} INFO - [2023-06-04T01:24:45.619+0000] {dagbag.py:541} INFO - Filling up the DagBag from /home/airflow/.local/lib/python3.7/site-packages/airflow/example_dags/example_nested_branch_dag.py
[2023-06-04T01:24:45.635+0000] {processor.py:836} INFO - DAG(s) dict_keys(['example_nested_branch_dag']) retrieved from /home/airflow/.local/lib/python3.7/site-packages/airflow/example_dags/example_nested_branch_dag.py
[2023-06-04T01:24:45.673+0000] {logging_mixin.py:149} INFO - [2023-06-04T01:24:45.673+0000] {dag.py:2726} INFO - Sync 1 DAGs
[2023-06-04T01:24:45.710+0000] {logging_mixin.py:149} INFO - [2023-06-04T01:24:45.710+0000] {dag.py:3490} INFO - Setting next_dagrun for example_nested_branch_dag to 2023-06-03T00:00:00+00:00, run_after=2023-06-04T00:00:00+00:00
[2023-06-04T01:24:45.736+0000] {processor.py:179} INFO - Processing /home/airflow/.local/lib/python3.7/site-packages/airflow/example_dags/example_nested_branch_dag.py took 0.126 seconds
[2023-06-04T01:25:16.015+0000] {processor.py:157} INFO - Started process (PID=714) to work on /home/airflow/.local/lib/python3.7/site-packages/airflow/example_dags/example_nested_branch_dag.py
[2023-06-04T01:25:16.017+0000] {processor.py:826} INFO - Processing file /home/airflow/.local/lib/python3.7/site-packages/airflow/example_dags/example_nested_branch_dag.py for tasks to queue
[2023-06-04T01:25:16.019+0000] {logging_mixin.py:149} INFO - [2023-06-04T01:25:16.019+0000] {dagbag.py:541} INFO - Filling up the DagBag from /home/airflow/.local/lib/python3.7/site-packages/airflow/example_dags/example_nested_branch_dag.py
[2023-06-04T01:25:16.034+0000] {processor.py:836} INFO - DAG(s) dict_keys(['example_nested_branch_dag']) retrieved from /home/airflow/.local/lib/python3.7/site-packages/airflow/example_dags/example_nested_branch_dag.py
[2023-06-04T01:25:16.076+0000] {logging_mixin.py:149} INFO - [2023-06-04T01:25:16.076+0000] {dag.py:2726} INFO - Sync 1 DAGs
[2023-06-04T01:25:16.115+0000] {logging_mixin.py:149} INFO - [2023-06-04T01:25:16.115+0000] {dag.py:3490} INFO - Setting next_dagrun for example_nested_branch_dag to 2023-06-03T00:00:00+00:00, run_after=2023-06-04T00:00:00+00:00
[2023-06-04T01:25:16.146+0000] {processor.py:179} INFO - Processing /home/airflow/.local/lib/python3.7/site-packages/airflow/example_dags/example_nested_branch_dag.py took 0.136 seconds
[2023-06-04T01:25:46.515+0000] {processor.py:157} INFO - Started process (PID=793) to work on /home/airflow/.local/lib/python3.7/site-packages/airflow/example_dags/example_nested_branch_dag.py
[2023-06-04T01:25:46.519+0000] {processor.py:826} INFO - Processing file /home/airflow/.local/lib/python3.7/site-packages/airflow/example_dags/example_nested_branch_dag.py for tasks to queue
[2023-06-04T01:25:46.521+0000] {logging_mixin.py:149} INFO - [2023-06-04T01:25:46.521+0000] {dagbag.py:541} INFO - Filling up the DagBag from /home/airflow/.local/lib/python3.7/site-packages/airflow/example_dags/example_nested_branch_dag.py
[2023-06-04T01:25:46.537+0000] {processor.py:836} INFO - DAG(s) dict_keys(['example_nested_branch_dag']) retrieved from /home/airflow/.local/lib/python3.7/site-packages/airflow/example_dags/example_nested_branch_dag.py
[2023-06-04T01:25:46.577+0000] {logging_mixin.py:149} INFO - [2023-06-04T01:25:46.577+0000] {dag.py:2726} INFO - Sync 1 DAGs
[2023-06-04T01:25:46.616+0000] {logging_mixin.py:149} INFO - [2023-06-04T01:25:46.616+0000] {dag.py:3490} INFO - Setting next_dagrun for example_nested_branch_dag to 2023-06-03T00:00:00+00:00, run_after=2023-06-04T00:00:00+00:00
[2023-06-04T01:25:46.643+0000] {processor.py:179} INFO - Processing /home/airflow/.local/lib/python3.7/site-packages/airflow/example_dags/example_nested_branch_dag.py took 0.135 seconds
