[2023-06-04T00:36:52.542+0000] {processor.py:156} INFO - Started process (PID=50) to work on /home/airflow/.local/lib/python3.7/site-packages/airflow/example_dags/tutorial.py
[2023-06-04T00:36:52.544+0000] {processor.py:758} INFO - Processing file /home/airflow/.local/lib/python3.7/site-packages/airflow/example_dags/tutorial.py for tasks to queue
[2023-06-04T00:36:52.548+0000] {logging_mixin.py:117} INFO - [2023-06-04T00:36:52.547+0000] {dagbag.py:525} INFO - Filling up the DagBag from /home/airflow/.local/lib/python3.7/site-packages/airflow/example_dags/tutorial.py
[2023-06-04T00:36:52.582+0000] {processor.py:768} INFO - DAG(s) dict_keys(['tutorial']) retrieved from /home/airflow/.local/lib/python3.7/site-packages/airflow/example_dags/tutorial.py
[2023-06-04T00:36:52.811+0000] {logging_mixin.py:117} INFO - [2023-06-04T00:36:52.811+0000] {manager.py:507} INFO - Created Permission View: can delete on DAG:tutorial
[2023-06-04T00:36:52.827+0000] {logging_mixin.py:117} INFO - [2023-06-04T00:36:52.827+0000] {manager.py:507} INFO - Created Permission View: can read on DAG:tutorial
[2023-06-04T00:36:52.840+0000] {logging_mixin.py:117} INFO - [2023-06-04T00:36:52.840+0000] {manager.py:507} INFO - Created Permission View: can edit on DAG:tutorial
[2023-06-04T00:36:52.842+0000] {logging_mixin.py:117} INFO - [2023-06-04T00:36:52.841+0000] {dag.py:2573} INFO - Sync 1 DAGs
[2023-06-04T00:36:52.863+0000] {logging_mixin.py:117} INFO - [2023-06-04T00:36:52.863+0000] {dag.py:2594} INFO - Creating ORM DAG for tutorial
[2023-06-04T00:36:52.880+0000] {logging_mixin.py:117} INFO - [2023-06-04T00:36:52.880+0000] {dag.py:3328} INFO - Setting next_dagrun for tutorial to 2023-06-03T00:36:52.879766+00:00, run_after=2023-06-04T00:36:52.879766+00:00
[2023-06-04T00:36:52.910+0000] {processor.py:178} INFO - Processing /home/airflow/.local/lib/python3.7/site-packages/airflow/example_dags/tutorial.py took 0.376 seconds
[2023-06-04T00:37:23.108+0000] {processor.py:156} INFO - Started process (PID=104) to work on /home/airflow/.local/lib/python3.7/site-packages/airflow/example_dags/tutorial.py
[2023-06-04T00:37:23.110+0000] {processor.py:758} INFO - Processing file /home/airflow/.local/lib/python3.7/site-packages/airflow/example_dags/tutorial.py for tasks to queue
[2023-06-04T00:37:23.112+0000] {logging_mixin.py:117} INFO - [2023-06-04T00:37:23.112+0000] {dagbag.py:525} INFO - Filling up the DagBag from /home/airflow/.local/lib/python3.7/site-packages/airflow/example_dags/tutorial.py
[2023-06-04T00:37:23.133+0000] {processor.py:768} INFO - DAG(s) dict_keys(['tutorial']) retrieved from /home/airflow/.local/lib/python3.7/site-packages/airflow/example_dags/tutorial.py
[2023-06-04T00:37:23.193+0000] {logging_mixin.py:117} INFO - [2023-06-04T00:37:23.192+0000] {dag.py:2573} INFO - Sync 1 DAGs
[2023-06-04T00:37:23.227+0000] {logging_mixin.py:117} INFO - [2023-06-04T00:37:23.227+0000] {dag.py:3328} INFO - Setting next_dagrun for tutorial to 2023-06-03T00:37:23.226703+00:00, run_after=2023-06-04T00:37:23.226703+00:00
[2023-06-04T00:37:23.251+0000] {processor.py:178} INFO - Processing /home/airflow/.local/lib/python3.7/site-packages/airflow/example_dags/tutorial.py took 0.148 seconds
[2023-06-04T00:37:53.540+0000] {processor.py:156} INFO - Started process (PID=167) to work on /home/airflow/.local/lib/python3.7/site-packages/airflow/example_dags/tutorial.py
[2023-06-04T00:37:53.542+0000] {processor.py:758} INFO - Processing file /home/airflow/.local/lib/python3.7/site-packages/airflow/example_dags/tutorial.py for tasks to queue
[2023-06-04T00:37:53.544+0000] {logging_mixin.py:117} INFO - [2023-06-04T00:37:53.544+0000] {dagbag.py:525} INFO - Filling up the DagBag from /home/airflow/.local/lib/python3.7/site-packages/airflow/example_dags/tutorial.py
[2023-06-04T00:37:53.573+0000] {processor.py:768} INFO - DAG(s) dict_keys(['tutorial']) retrieved from /home/airflow/.local/lib/python3.7/site-packages/airflow/example_dags/tutorial.py
[2023-06-04T00:37:53.766+0000] {logging_mixin.py:117} INFO - [2023-06-04T00:37:53.765+0000] {dag.py:2573} INFO - Sync 1 DAGs
[2023-06-04T00:37:53.900+0000] {logging_mixin.py:117} INFO - [2023-06-04T00:37:53.900+0000] {dag.py:3328} INFO - Setting next_dagrun for tutorial to 2023-06-03T00:37:53.899759+00:00, run_after=2023-06-04T00:37:53.899759+00:00
[2023-06-04T00:37:53.930+0000] {processor.py:178} INFO - Processing /home/airflow/.local/lib/python3.7/site-packages/airflow/example_dags/tutorial.py took 0.396 seconds
[2023-06-04T00:38:24.259+0000] {processor.py:156} INFO - Started process (PID=230) to work on /home/airflow/.local/lib/python3.7/site-packages/airflow/example_dags/tutorial.py
[2023-06-04T00:38:24.262+0000] {processor.py:758} INFO - Processing file /home/airflow/.local/lib/python3.7/site-packages/airflow/example_dags/tutorial.py for tasks to queue
[2023-06-04T00:38:24.264+0000] {logging_mixin.py:117} INFO - [2023-06-04T00:38:24.264+0000] {dagbag.py:525} INFO - Filling up the DagBag from /home/airflow/.local/lib/python3.7/site-packages/airflow/example_dags/tutorial.py
[2023-06-04T00:38:24.284+0000] {processor.py:768} INFO - DAG(s) dict_keys(['tutorial']) retrieved from /home/airflow/.local/lib/python3.7/site-packages/airflow/example_dags/tutorial.py
[2023-06-04T00:38:24.342+0000] {logging_mixin.py:117} INFO - [2023-06-04T00:38:24.341+0000] {dag.py:2573} INFO - Sync 1 DAGs
[2023-06-04T00:38:24.375+0000] {logging_mixin.py:117} INFO - [2023-06-04T00:38:24.374+0000] {dag.py:3328} INFO - Setting next_dagrun for tutorial to 2023-06-03T00:38:24.374550+00:00, run_after=2023-06-04T00:38:24.374550+00:00
[2023-06-04T00:38:24.399+0000] {processor.py:178} INFO - Processing /home/airflow/.local/lib/python3.7/site-packages/airflow/example_dags/tutorial.py took 0.146 seconds
[2023-06-04T00:38:54.849+0000] {processor.py:156} INFO - Started process (PID=284) to work on /home/airflow/.local/lib/python3.7/site-packages/airflow/example_dags/tutorial.py
[2023-06-04T00:38:54.852+0000] {processor.py:758} INFO - Processing file /home/airflow/.local/lib/python3.7/site-packages/airflow/example_dags/tutorial.py for tasks to queue
[2023-06-04T00:38:54.854+0000] {logging_mixin.py:117} INFO - [2023-06-04T00:38:54.853+0000] {dagbag.py:525} INFO - Filling up the DagBag from /home/airflow/.local/lib/python3.7/site-packages/airflow/example_dags/tutorial.py
[2023-06-04T00:38:54.874+0000] {processor.py:768} INFO - DAG(s) dict_keys(['tutorial']) retrieved from /home/airflow/.local/lib/python3.7/site-packages/airflow/example_dags/tutorial.py
[2023-06-04T00:38:54.929+0000] {logging_mixin.py:117} INFO - [2023-06-04T00:38:54.929+0000] {dag.py:2573} INFO - Sync 1 DAGs
[2023-06-04T00:38:54.963+0000] {logging_mixin.py:117} INFO - [2023-06-04T00:38:54.963+0000] {dag.py:3328} INFO - Setting next_dagrun for tutorial to 2023-06-03T00:38:54.963031+00:00, run_after=2023-06-04T00:38:54.963031+00:00
[2023-06-04T00:38:54.988+0000] {processor.py:178} INFO - Processing /home/airflow/.local/lib/python3.7/site-packages/airflow/example_dags/tutorial.py took 0.144 seconds
[2023-06-04T00:59:46.070+0000] {processor.py:156} INFO - Started process (PID=51) to work on /home/airflow/.local/lib/python3.7/site-packages/airflow/example_dags/tutorial.py
[2023-06-04T00:59:46.081+0000] {processor.py:758} INFO - Processing file /home/airflow/.local/lib/python3.7/site-packages/airflow/example_dags/tutorial.py for tasks to queue
[2023-06-04T00:59:46.083+0000] {logging_mixin.py:117} INFO - [2023-06-04T00:59:46.083+0000] {dagbag.py:525} INFO - Filling up the DagBag from /home/airflow/.local/lib/python3.7/site-packages/airflow/example_dags/tutorial.py
[2023-06-04T00:59:46.148+0000] {processor.py:768} INFO - DAG(s) dict_keys(['tutorial']) retrieved from /home/airflow/.local/lib/python3.7/site-packages/airflow/example_dags/tutorial.py
[2023-06-04T00:59:46.242+0000] {logging_mixin.py:117} INFO - [2023-06-04T00:59:46.241+0000] {dag.py:2573} INFO - Sync 1 DAGs
[2023-06-04T00:59:46.315+0000] {logging_mixin.py:117} INFO - [2023-06-04T00:59:46.315+0000] {dag.py:3328} INFO - Setting next_dagrun for tutorial to 2023-06-03T00:59:46.315199+00:00, run_after=2023-06-04T00:59:46.315199+00:00
[2023-06-04T00:59:46.357+0000] {processor.py:178} INFO - Processing /home/airflow/.local/lib/python3.7/site-packages/airflow/example_dags/tutorial.py took 0.293 seconds
[2023-06-04T01:00:17.188+0000] {processor.py:156} INFO - Started process (PID=105) to work on /home/airflow/.local/lib/python3.7/site-packages/airflow/example_dags/tutorial.py
[2023-06-04T01:00:17.191+0000] {processor.py:758} INFO - Processing file /home/airflow/.local/lib/python3.7/site-packages/airflow/example_dags/tutorial.py for tasks to queue
[2023-06-04T01:00:17.195+0000] {logging_mixin.py:117} INFO - [2023-06-04T01:00:17.194+0000] {dagbag.py:525} INFO - Filling up the DagBag from /home/airflow/.local/lib/python3.7/site-packages/airflow/example_dags/tutorial.py
[2023-06-04T01:00:17.222+0000] {processor.py:768} INFO - DAG(s) dict_keys(['tutorial']) retrieved from /home/airflow/.local/lib/python3.7/site-packages/airflow/example_dags/tutorial.py
[2023-06-04T01:00:17.281+0000] {logging_mixin.py:117} INFO - [2023-06-04T01:00:17.281+0000] {dag.py:2573} INFO - Sync 1 DAGs
[2023-06-04T01:00:17.316+0000] {logging_mixin.py:117} INFO - [2023-06-04T01:00:17.316+0000] {dag.py:3328} INFO - Setting next_dagrun for tutorial to 2023-06-03T01:00:17.316521+00:00, run_after=2023-06-04T01:00:17.316521+00:00
[2023-06-04T01:00:17.345+0000] {processor.py:178} INFO - Processing /home/airflow/.local/lib/python3.7/site-packages/airflow/example_dags/tutorial.py took 0.164 seconds
[2023-06-04T01:00:47.611+0000] {processor.py:156} INFO - Started process (PID=169) to work on /home/airflow/.local/lib/python3.7/site-packages/airflow/example_dags/tutorial.py
[2023-06-04T01:00:47.618+0000] {processor.py:758} INFO - Processing file /home/airflow/.local/lib/python3.7/site-packages/airflow/example_dags/tutorial.py for tasks to queue
[2023-06-04T01:00:47.620+0000] {logging_mixin.py:117} INFO - [2023-06-04T01:00:47.620+0000] {dagbag.py:525} INFO - Filling up the DagBag from /home/airflow/.local/lib/python3.7/site-packages/airflow/example_dags/tutorial.py
[2023-06-04T01:00:47.654+0000] {processor.py:768} INFO - DAG(s) dict_keys(['tutorial']) retrieved from /home/airflow/.local/lib/python3.7/site-packages/airflow/example_dags/tutorial.py
[2023-06-04T01:00:47.723+0000] {logging_mixin.py:117} INFO - [2023-06-04T01:00:47.723+0000] {dag.py:2573} INFO - Sync 1 DAGs
[2023-06-04T01:00:47.760+0000] {logging_mixin.py:117} INFO - [2023-06-04T01:00:47.760+0000] {dag.py:3328} INFO - Setting next_dagrun for tutorial to 2023-06-03T01:00:47.760465+00:00, run_after=2023-06-04T01:00:47.760465+00:00
[2023-06-04T01:00:47.795+0000] {processor.py:178} INFO - Processing /home/airflow/.local/lib/python3.7/site-packages/airflow/example_dags/tutorial.py took 0.195 seconds
[2023-06-04T01:01:18.256+0000] {processor.py:156} INFO - Started process (PID=230) to work on /home/airflow/.local/lib/python3.7/site-packages/airflow/example_dags/tutorial.py
[2023-06-04T01:01:18.260+0000] {processor.py:758} INFO - Processing file /home/airflow/.local/lib/python3.7/site-packages/airflow/example_dags/tutorial.py for tasks to queue
[2023-06-04T01:01:18.262+0000] {logging_mixin.py:117} INFO - [2023-06-04T01:01:18.262+0000] {dagbag.py:525} INFO - Filling up the DagBag from /home/airflow/.local/lib/python3.7/site-packages/airflow/example_dags/tutorial.py
[2023-06-04T01:01:18.284+0000] {processor.py:768} INFO - DAG(s) dict_keys(['tutorial']) retrieved from /home/airflow/.local/lib/python3.7/site-packages/airflow/example_dags/tutorial.py
[2023-06-04T01:01:18.341+0000] {logging_mixin.py:117} INFO - [2023-06-04T01:01:18.341+0000] {dag.py:2573} INFO - Sync 1 DAGs
[2023-06-04T01:01:18.381+0000] {logging_mixin.py:117} INFO - [2023-06-04T01:01:18.381+0000] {dag.py:3328} INFO - Setting next_dagrun for tutorial to 2023-06-03T01:01:18.381221+00:00, run_after=2023-06-04T01:01:18.381221+00:00
[2023-06-04T01:01:18.413+0000] {processor.py:178} INFO - Processing /home/airflow/.local/lib/python3.7/site-packages/airflow/example_dags/tutorial.py took 0.161 seconds
[2023-06-04T01:01:48.719+0000] {processor.py:156} INFO - Started process (PID=286) to work on /home/airflow/.local/lib/python3.7/site-packages/airflow/example_dags/tutorial.py
[2023-06-04T01:01:48.723+0000] {processor.py:758} INFO - Processing file /home/airflow/.local/lib/python3.7/site-packages/airflow/example_dags/tutorial.py for tasks to queue
[2023-06-04T01:01:48.724+0000] {logging_mixin.py:117} INFO - [2023-06-04T01:01:48.724+0000] {dagbag.py:525} INFO - Filling up the DagBag from /home/airflow/.local/lib/python3.7/site-packages/airflow/example_dags/tutorial.py
[2023-06-04T01:01:48.747+0000] {processor.py:768} INFO - DAG(s) dict_keys(['tutorial']) retrieved from /home/airflow/.local/lib/python3.7/site-packages/airflow/example_dags/tutorial.py
[2023-06-04T01:01:48.803+0000] {logging_mixin.py:117} INFO - [2023-06-04T01:01:48.803+0000] {dag.py:2573} INFO - Sync 1 DAGs
[2023-06-04T01:01:48.840+0000] {logging_mixin.py:117} INFO - [2023-06-04T01:01:48.839+0000] {dag.py:3328} INFO - Setting next_dagrun for tutorial to 2023-06-03T01:01:48.839276+00:00, run_after=2023-06-04T01:01:48.839276+00:00
[2023-06-04T01:01:48.870+0000] {processor.py:178} INFO - Processing /home/airflow/.local/lib/python3.7/site-packages/airflow/example_dags/tutorial.py took 0.156 seconds
[2023-06-04T01:02:18.964+0000] {processor.py:156} INFO - Started process (PID=349) to work on /home/airflow/.local/lib/python3.7/site-packages/airflow/example_dags/tutorial.py
[2023-06-04T01:02:18.967+0000] {processor.py:758} INFO - Processing file /home/airflow/.local/lib/python3.7/site-packages/airflow/example_dags/tutorial.py for tasks to queue
[2023-06-04T01:02:18.969+0000] {logging_mixin.py:117} INFO - [2023-06-04T01:02:18.968+0000] {dagbag.py:525} INFO - Filling up the DagBag from /home/airflow/.local/lib/python3.7/site-packages/airflow/example_dags/tutorial.py
[2023-06-04T01:02:18.992+0000] {processor.py:768} INFO - DAG(s) dict_keys(['tutorial']) retrieved from /home/airflow/.local/lib/python3.7/site-packages/airflow/example_dags/tutorial.py
[2023-06-04T01:02:19.048+0000] {logging_mixin.py:117} INFO - [2023-06-04T01:02:19.047+0000] {dag.py:2573} INFO - Sync 1 DAGs
[2023-06-04T01:02:19.082+0000] {logging_mixin.py:117} INFO - [2023-06-04T01:02:19.082+0000] {dag.py:3328} INFO - Setting next_dagrun for tutorial to 2023-06-03T01:02:19.081841+00:00, run_after=2023-06-04T01:02:19.081841+00:00
[2023-06-04T01:02:19.110+0000] {processor.py:178} INFO - Processing /home/airflow/.local/lib/python3.7/site-packages/airflow/example_dags/tutorial.py took 0.150 seconds
[2023-06-04T01:02:49.578+0000] {processor.py:156} INFO - Started process (PID=410) to work on /home/airflow/.local/lib/python3.7/site-packages/airflow/example_dags/tutorial.py
[2023-06-04T01:02:49.585+0000] {processor.py:758} INFO - Processing file /home/airflow/.local/lib/python3.7/site-packages/airflow/example_dags/tutorial.py for tasks to queue
[2023-06-04T01:02:49.589+0000] {logging_mixin.py:117} INFO - [2023-06-04T01:02:49.589+0000] {dagbag.py:525} INFO - Filling up the DagBag from /home/airflow/.local/lib/python3.7/site-packages/airflow/example_dags/tutorial.py
[2023-06-04T01:02:49.615+0000] {processor.py:768} INFO - DAG(s) dict_keys(['tutorial']) retrieved from /home/airflow/.local/lib/python3.7/site-packages/airflow/example_dags/tutorial.py
[2023-06-04T01:02:49.672+0000] {logging_mixin.py:117} INFO - [2023-06-04T01:02:49.671+0000] {dag.py:2573} INFO - Sync 1 DAGs
[2023-06-04T01:02:49.706+0000] {logging_mixin.py:117} INFO - [2023-06-04T01:02:49.706+0000] {dag.py:3328} INFO - Setting next_dagrun for tutorial to 2023-06-03T01:02:49.706288+00:00, run_after=2023-06-04T01:02:49.706288+00:00
[2023-06-04T01:02:49.735+0000] {processor.py:178} INFO - Processing /home/airflow/.local/lib/python3.7/site-packages/airflow/example_dags/tutorial.py took 0.163 seconds
[2023-06-04T01:03:19.900+0000] {processor.py:156} INFO - Started process (PID=466) to work on /home/airflow/.local/lib/python3.7/site-packages/airflow/example_dags/tutorial.py
[2023-06-04T01:03:19.908+0000] {processor.py:758} INFO - Processing file /home/airflow/.local/lib/python3.7/site-packages/airflow/example_dags/tutorial.py for tasks to queue
[2023-06-04T01:03:19.911+0000] {logging_mixin.py:117} INFO - [2023-06-04T01:03:19.910+0000] {dagbag.py:525} INFO - Filling up the DagBag from /home/airflow/.local/lib/python3.7/site-packages/airflow/example_dags/tutorial.py
[2023-06-04T01:03:19.960+0000] {processor.py:768} INFO - DAG(s) dict_keys(['tutorial']) retrieved from /home/airflow/.local/lib/python3.7/site-packages/airflow/example_dags/tutorial.py
[2023-06-04T01:03:20.079+0000] {logging_mixin.py:117} INFO - [2023-06-04T01:03:20.078+0000] {dag.py:2573} INFO - Sync 1 DAGs
[2023-06-04T01:03:20.143+0000] {logging_mixin.py:117} INFO - [2023-06-04T01:03:20.143+0000] {dag.py:3328} INFO - Setting next_dagrun for tutorial to 2023-06-03T01:03:20.142624+00:00, run_after=2023-06-04T01:03:20.142624+00:00
[2023-06-04T01:03:20.189+0000] {processor.py:178} INFO - Processing /home/airflow/.local/lib/python3.7/site-packages/airflow/example_dags/tutorial.py took 0.295 seconds
[2023-06-04T01:03:50.249+0000] {processor.py:156} INFO - Started process (PID=529) to work on /home/airflow/.local/lib/python3.7/site-packages/airflow/example_dags/tutorial.py
[2023-06-04T01:03:50.252+0000] {processor.py:758} INFO - Processing file /home/airflow/.local/lib/python3.7/site-packages/airflow/example_dags/tutorial.py for tasks to queue
[2023-06-04T01:03:50.254+0000] {logging_mixin.py:117} INFO - [2023-06-04T01:03:50.254+0000] {dagbag.py:525} INFO - Filling up the DagBag from /home/airflow/.local/lib/python3.7/site-packages/airflow/example_dags/tutorial.py
[2023-06-04T01:03:50.275+0000] {processor.py:768} INFO - DAG(s) dict_keys(['tutorial']) retrieved from /home/airflow/.local/lib/python3.7/site-packages/airflow/example_dags/tutorial.py
[2023-06-04T01:03:50.328+0000] {logging_mixin.py:117} INFO - [2023-06-04T01:03:50.328+0000] {dag.py:2573} INFO - Sync 1 DAGs
[2023-06-04T01:03:50.361+0000] {logging_mixin.py:117} INFO - [2023-06-04T01:03:50.361+0000] {dag.py:3328} INFO - Setting next_dagrun for tutorial to 2023-06-03T01:03:50.361192+00:00, run_after=2023-06-04T01:03:50.361192+00:00
[2023-06-04T01:03:50.385+0000] {processor.py:178} INFO - Processing /home/airflow/.local/lib/python3.7/site-packages/airflow/example_dags/tutorial.py took 0.141 seconds
[2023-06-04T01:04:21.067+0000] {processor.py:156} INFO - Started process (PID=590) to work on /home/airflow/.local/lib/python3.7/site-packages/airflow/example_dags/tutorial.py
[2023-06-04T01:04:21.069+0000] {processor.py:758} INFO - Processing file /home/airflow/.local/lib/python3.7/site-packages/airflow/example_dags/tutorial.py for tasks to queue
[2023-06-04T01:04:21.071+0000] {logging_mixin.py:117} INFO - [2023-06-04T01:04:21.070+0000] {dagbag.py:525} INFO - Filling up the DagBag from /home/airflow/.local/lib/python3.7/site-packages/airflow/example_dags/tutorial.py
[2023-06-04T01:04:21.089+0000] {processor.py:768} INFO - DAG(s) dict_keys(['tutorial']) retrieved from /home/airflow/.local/lib/python3.7/site-packages/airflow/example_dags/tutorial.py
[2023-06-04T01:04:21.143+0000] {logging_mixin.py:117} INFO - [2023-06-04T01:04:21.142+0000] {dag.py:2573} INFO - Sync 1 DAGs
[2023-06-04T01:04:21.176+0000] {logging_mixin.py:117} INFO - [2023-06-04T01:04:21.176+0000] {dag.py:3328} INFO - Setting next_dagrun for tutorial to 2023-06-03T01:04:21.176168+00:00, run_after=2023-06-04T01:04:21.176168+00:00
[2023-06-04T01:04:21.201+0000] {processor.py:178} INFO - Processing /home/airflow/.local/lib/python3.7/site-packages/airflow/example_dags/tutorial.py took 0.140 seconds
[2023-06-04T01:04:51.771+0000] {processor.py:156} INFO - Started process (PID=647) to work on /home/airflow/.local/lib/python3.7/site-packages/airflow/example_dags/tutorial.py
[2023-06-04T01:04:51.776+0000] {processor.py:758} INFO - Processing file /home/airflow/.local/lib/python3.7/site-packages/airflow/example_dags/tutorial.py for tasks to queue
[2023-06-04T01:04:51.778+0000] {logging_mixin.py:117} INFO - [2023-06-04T01:04:51.778+0000] {dagbag.py:525} INFO - Filling up the DagBag from /home/airflow/.local/lib/python3.7/site-packages/airflow/example_dags/tutorial.py
[2023-06-04T01:04:51.807+0000] {processor.py:768} INFO - DAG(s) dict_keys(['tutorial']) retrieved from /home/airflow/.local/lib/python3.7/site-packages/airflow/example_dags/tutorial.py
[2023-06-04T01:04:51.885+0000] {logging_mixin.py:117} INFO - [2023-06-04T01:04:51.885+0000] {dag.py:2573} INFO - Sync 1 DAGs
[2023-06-04T01:04:51.934+0000] {logging_mixin.py:117} INFO - [2023-06-04T01:04:51.933+0000] {dag.py:3328} INFO - Setting next_dagrun for tutorial to 2023-06-03T01:04:51.932933+00:00, run_after=2023-06-04T01:04:51.932933+00:00
[2023-06-04T01:04:51.967+0000] {processor.py:178} INFO - Processing /home/airflow/.local/lib/python3.7/site-packages/airflow/example_dags/tutorial.py took 0.204 seconds
[2023-06-04T01:05:56.738+0000] {processor.py:156} INFO - Started process (PID=53) to work on /home/airflow/.local/lib/python3.7/site-packages/airflow/example_dags/tutorial.py
[2023-06-04T01:05:56.751+0000] {processor.py:758} INFO - Processing file /home/airflow/.local/lib/python3.7/site-packages/airflow/example_dags/tutorial.py for tasks to queue
[2023-06-04T01:05:56.753+0000] {logging_mixin.py:117} INFO - [2023-06-04T01:05:56.753+0000] {dagbag.py:525} INFO - Filling up the DagBag from /home/airflow/.local/lib/python3.7/site-packages/airflow/example_dags/tutorial.py
[2023-06-04T01:05:56.786+0000] {processor.py:768} INFO - DAG(s) dict_keys(['tutorial']) retrieved from /home/airflow/.local/lib/python3.7/site-packages/airflow/example_dags/tutorial.py
[2023-06-04T01:05:56.840+0000] {logging_mixin.py:117} INFO - [2023-06-04T01:05:56.840+0000] {dag.py:2573} INFO - Sync 1 DAGs
[2023-06-04T01:05:56.881+0000] {logging_mixin.py:117} INFO - [2023-06-04T01:05:56.881+0000] {dag.py:3328} INFO - Setting next_dagrun for tutorial to 2023-06-03T01:05:56.880990+00:00, run_after=2023-06-04T01:05:56.880990+00:00
[2023-06-04T01:05:56.912+0000] {processor.py:178} INFO - Processing /home/airflow/.local/lib/python3.7/site-packages/airflow/example_dags/tutorial.py took 0.178 seconds
[2023-06-04T01:06:27.322+0000] {processor.py:156} INFO - Started process (PID=108) to work on /home/airflow/.local/lib/python3.7/site-packages/airflow/example_dags/tutorial.py
[2023-06-04T01:06:27.324+0000] {processor.py:758} INFO - Processing file /home/airflow/.local/lib/python3.7/site-packages/airflow/example_dags/tutorial.py for tasks to queue
[2023-06-04T01:06:27.325+0000] {logging_mixin.py:117} INFO - [2023-06-04T01:06:27.325+0000] {dagbag.py:525} INFO - Filling up the DagBag from /home/airflow/.local/lib/python3.7/site-packages/airflow/example_dags/tutorial.py
[2023-06-04T01:06:27.346+0000] {processor.py:768} INFO - DAG(s) dict_keys(['tutorial']) retrieved from /home/airflow/.local/lib/python3.7/site-packages/airflow/example_dags/tutorial.py
[2023-06-04T01:06:27.399+0000] {logging_mixin.py:117} INFO - [2023-06-04T01:06:27.399+0000] {dag.py:2573} INFO - Sync 1 DAGs
[2023-06-04T01:06:27.429+0000] {logging_mixin.py:117} INFO - [2023-06-04T01:06:27.429+0000] {dag.py:3328} INFO - Setting next_dagrun for tutorial to 2023-06-03T01:06:27.429191+00:00, run_after=2023-06-04T01:06:27.429191+00:00
[2023-06-04T01:06:27.453+0000] {processor.py:178} INFO - Processing /home/airflow/.local/lib/python3.7/site-packages/airflow/example_dags/tutorial.py took 0.135 seconds
[2023-06-04T01:06:58.183+0000] {processor.py:156} INFO - Started process (PID=174) to work on /home/airflow/.local/lib/python3.7/site-packages/airflow/example_dags/tutorial.py
[2023-06-04T01:06:58.185+0000] {processor.py:758} INFO - Processing file /home/airflow/.local/lib/python3.7/site-packages/airflow/example_dags/tutorial.py for tasks to queue
[2023-06-04T01:06:58.188+0000] {logging_mixin.py:117} INFO - [2023-06-04T01:06:58.187+0000] {dagbag.py:525} INFO - Filling up the DagBag from /home/airflow/.local/lib/python3.7/site-packages/airflow/example_dags/tutorial.py
[2023-06-04T01:06:58.208+0000] {processor.py:768} INFO - DAG(s) dict_keys(['tutorial']) retrieved from /home/airflow/.local/lib/python3.7/site-packages/airflow/example_dags/tutorial.py
[2023-06-04T01:06:58.273+0000] {logging_mixin.py:117} INFO - [2023-06-04T01:06:58.273+0000] {dag.py:2573} INFO - Sync 1 DAGs
[2023-06-04T01:06:58.319+0000] {logging_mixin.py:117} INFO - [2023-06-04T01:06:58.319+0000] {dag.py:3328} INFO - Setting next_dagrun for tutorial to 2023-06-03T01:06:58.318138+00:00, run_after=2023-06-04T01:06:58.318138+00:00
[2023-06-04T01:06:58.348+0000] {processor.py:178} INFO - Processing /home/airflow/.local/lib/python3.7/site-packages/airflow/example_dags/tutorial.py took 0.169 seconds
[2023-06-04T01:07:28.955+0000] {processor.py:156} INFO - Started process (PID=238) to work on /home/airflow/.local/lib/python3.7/site-packages/airflow/example_dags/tutorial.py
[2023-06-04T01:07:28.957+0000] {processor.py:758} INFO - Processing file /home/airflow/.local/lib/python3.7/site-packages/airflow/example_dags/tutorial.py for tasks to queue
[2023-06-04T01:07:28.959+0000] {logging_mixin.py:117} INFO - [2023-06-04T01:07:28.958+0000] {dagbag.py:525} INFO - Filling up the DagBag from /home/airflow/.local/lib/python3.7/site-packages/airflow/example_dags/tutorial.py
[2023-06-04T01:07:28.978+0000] {processor.py:768} INFO - DAG(s) dict_keys(['tutorial']) retrieved from /home/airflow/.local/lib/python3.7/site-packages/airflow/example_dags/tutorial.py
[2023-06-04T01:07:29.033+0000] {logging_mixin.py:117} INFO - [2023-06-04T01:07:29.033+0000] {dag.py:2573} INFO - Sync 1 DAGs
[2023-06-04T01:07:29.068+0000] {logging_mixin.py:117} INFO - [2023-06-04T01:07:29.068+0000] {dag.py:3328} INFO - Setting next_dagrun for tutorial to 2023-06-03T01:07:29.067835+00:00, run_after=2023-06-04T01:07:29.067835+00:00
[2023-06-04T01:07:29.093+0000] {processor.py:178} INFO - Processing /home/airflow/.local/lib/python3.7/site-packages/airflow/example_dags/tutorial.py took 0.143 seconds
[2023-06-04T01:07:59.650+0000] {processor.py:156} INFO - Started process (PID=293) to work on /home/airflow/.local/lib/python3.7/site-packages/airflow/example_dags/tutorial.py
[2023-06-04T01:07:59.652+0000] {processor.py:758} INFO - Processing file /home/airflow/.local/lib/python3.7/site-packages/airflow/example_dags/tutorial.py for tasks to queue
[2023-06-04T01:07:59.655+0000] {logging_mixin.py:117} INFO - [2023-06-04T01:07:59.654+0000] {dagbag.py:525} INFO - Filling up the DagBag from /home/airflow/.local/lib/python3.7/site-packages/airflow/example_dags/tutorial.py
[2023-06-04T01:07:59.674+0000] {processor.py:768} INFO - DAG(s) dict_keys(['tutorial']) retrieved from /home/airflow/.local/lib/python3.7/site-packages/airflow/example_dags/tutorial.py
[2023-06-04T01:07:59.731+0000] {logging_mixin.py:117} INFO - [2023-06-04T01:07:59.730+0000] {dag.py:2573} INFO - Sync 1 DAGs
[2023-06-04T01:07:59.762+0000] {logging_mixin.py:117} INFO - [2023-06-04T01:07:59.762+0000] {dag.py:3328} INFO - Setting next_dagrun for tutorial to 2023-06-03T01:07:59.762208+00:00, run_after=2023-06-04T01:07:59.762208+00:00
[2023-06-04T01:07:59.786+0000] {processor.py:178} INFO - Processing /home/airflow/.local/lib/python3.7/site-packages/airflow/example_dags/tutorial.py took 0.140 seconds
[2023-06-04T01:08:30.441+0000] {processor.py:156} INFO - Started process (PID=357) to work on /home/airflow/.local/lib/python3.7/site-packages/airflow/example_dags/tutorial.py
[2023-06-04T01:08:30.443+0000] {processor.py:758} INFO - Processing file /home/airflow/.local/lib/python3.7/site-packages/airflow/example_dags/tutorial.py for tasks to queue
[2023-06-04T01:08:30.444+0000] {logging_mixin.py:117} INFO - [2023-06-04T01:08:30.444+0000] {dagbag.py:525} INFO - Filling up the DagBag from /home/airflow/.local/lib/python3.7/site-packages/airflow/example_dags/tutorial.py
[2023-06-04T01:08:30.463+0000] {processor.py:768} INFO - DAG(s) dict_keys(['tutorial']) retrieved from /home/airflow/.local/lib/python3.7/site-packages/airflow/example_dags/tutorial.py
[2023-06-04T01:08:30.521+0000] {logging_mixin.py:117} INFO - [2023-06-04T01:08:30.520+0000] {dag.py:2573} INFO - Sync 1 DAGs
[2023-06-04T01:08:30.553+0000] {logging_mixin.py:117} INFO - [2023-06-04T01:08:30.553+0000] {dag.py:3328} INFO - Setting next_dagrun for tutorial to 2023-06-03T01:08:30.553321+00:00, run_after=2023-06-04T01:08:30.553321+00:00
[2023-06-04T01:08:30.577+0000] {processor.py:178} INFO - Processing /home/airflow/.local/lib/python3.7/site-packages/airflow/example_dags/tutorial.py took 0.141 seconds
[2023-06-04T01:09:01.239+0000] {processor.py:156} INFO - Started process (PID=421) to work on /home/airflow/.local/lib/python3.7/site-packages/airflow/example_dags/tutorial.py
[2023-06-04T01:09:01.241+0000] {processor.py:758} INFO - Processing file /home/airflow/.local/lib/python3.7/site-packages/airflow/example_dags/tutorial.py for tasks to queue
[2023-06-04T01:09:01.243+0000] {logging_mixin.py:117} INFO - [2023-06-04T01:09:01.242+0000] {dagbag.py:525} INFO - Filling up the DagBag from /home/airflow/.local/lib/python3.7/site-packages/airflow/example_dags/tutorial.py
[2023-06-04T01:09:01.263+0000] {processor.py:768} INFO - DAG(s) dict_keys(['tutorial']) retrieved from /home/airflow/.local/lib/python3.7/site-packages/airflow/example_dags/tutorial.py
[2023-06-04T01:09:01.317+0000] {logging_mixin.py:117} INFO - [2023-06-04T01:09:01.317+0000] {dag.py:2573} INFO - Sync 1 DAGs
[2023-06-04T01:09:01.358+0000] {logging_mixin.py:117} INFO - [2023-06-04T01:09:01.358+0000] {dag.py:3328} INFO - Setting next_dagrun for tutorial to 2023-06-03T01:09:01.357735+00:00, run_after=2023-06-04T01:09:01.357735+00:00
[2023-06-04T01:09:01.390+0000] {processor.py:178} INFO - Processing /home/airflow/.local/lib/python3.7/site-packages/airflow/example_dags/tutorial.py took 0.157 seconds
[2023-06-04T01:09:32.280+0000] {processor.py:156} INFO - Started process (PID=485) to work on /home/airflow/.local/lib/python3.7/site-packages/airflow/example_dags/tutorial.py
[2023-06-04T01:09:32.282+0000] {processor.py:758} INFO - Processing file /home/airflow/.local/lib/python3.7/site-packages/airflow/example_dags/tutorial.py for tasks to queue
[2023-06-04T01:09:32.284+0000] {logging_mixin.py:117} INFO - [2023-06-04T01:09:32.284+0000] {dagbag.py:525} INFO - Filling up the DagBag from /home/airflow/.local/lib/python3.7/site-packages/airflow/example_dags/tutorial.py
[2023-06-04T01:09:32.305+0000] {processor.py:768} INFO - DAG(s) dict_keys(['tutorial']) retrieved from /home/airflow/.local/lib/python3.7/site-packages/airflow/example_dags/tutorial.py
[2023-06-04T01:09:32.364+0000] {logging_mixin.py:117} INFO - [2023-06-04T01:09:32.364+0000] {dag.py:2573} INFO - Sync 1 DAGs
[2023-06-04T01:09:32.401+0000] {logging_mixin.py:117} INFO - [2023-06-04T01:09:32.401+0000] {dag.py:3328} INFO - Setting next_dagrun for tutorial to 2023-06-03T01:09:32.401019+00:00, run_after=2023-06-04T01:09:32.401019+00:00
[2023-06-04T01:09:32.430+0000] {processor.py:178} INFO - Processing /home/airflow/.local/lib/python3.7/site-packages/airflow/example_dags/tutorial.py took 0.155 seconds
[2023-06-04T01:10:03.202+0000] {processor.py:156} INFO - Started process (PID=540) to work on /home/airflow/.local/lib/python3.7/site-packages/airflow/example_dags/tutorial.py
[2023-06-04T01:10:03.204+0000] {processor.py:758} INFO - Processing file /home/airflow/.local/lib/python3.7/site-packages/airflow/example_dags/tutorial.py for tasks to queue
[2023-06-04T01:10:03.205+0000] {logging_mixin.py:117} INFO - [2023-06-04T01:10:03.205+0000] {dagbag.py:525} INFO - Filling up the DagBag from /home/airflow/.local/lib/python3.7/site-packages/airflow/example_dags/tutorial.py
[2023-06-04T01:10:03.225+0000] {processor.py:768} INFO - DAG(s) dict_keys(['tutorial']) retrieved from /home/airflow/.local/lib/python3.7/site-packages/airflow/example_dags/tutorial.py
[2023-06-04T01:10:03.280+0000] {logging_mixin.py:117} INFO - [2023-06-04T01:10:03.280+0000] {dag.py:2573} INFO - Sync 1 DAGs
[2023-06-04T01:10:03.312+0000] {logging_mixin.py:117} INFO - [2023-06-04T01:10:03.312+0000] {dag.py:3328} INFO - Setting next_dagrun for tutorial to 2023-06-03T01:10:03.311842+00:00, run_after=2023-06-04T01:10:03.311842+00:00
[2023-06-04T01:10:03.335+0000] {processor.py:178} INFO - Processing /home/airflow/.local/lib/python3.7/site-packages/airflow/example_dags/tutorial.py took 0.138 seconds
[2023-06-04T01:10:33.523+0000] {processor.py:156} INFO - Started process (PID=604) to work on /home/airflow/.local/lib/python3.7/site-packages/airflow/example_dags/tutorial.py
[2023-06-04T01:10:33.526+0000] {processor.py:758} INFO - Processing file /home/airflow/.local/lib/python3.7/site-packages/airflow/example_dags/tutorial.py for tasks to queue
[2023-06-04T01:10:33.528+0000] {logging_mixin.py:117} INFO - [2023-06-04T01:10:33.528+0000] {dagbag.py:525} INFO - Filling up the DagBag from /home/airflow/.local/lib/python3.7/site-packages/airflow/example_dags/tutorial.py
[2023-06-04T01:10:33.548+0000] {processor.py:768} INFO - DAG(s) dict_keys(['tutorial']) retrieved from /home/airflow/.local/lib/python3.7/site-packages/airflow/example_dags/tutorial.py
[2023-06-04T01:10:33.608+0000] {logging_mixin.py:117} INFO - [2023-06-04T01:10:33.608+0000] {dag.py:2573} INFO - Sync 1 DAGs
[2023-06-04T01:10:33.643+0000] {logging_mixin.py:117} INFO - [2023-06-04T01:10:33.642+0000] {dag.py:3328} INFO - Setting next_dagrun for tutorial to 2023-06-03T01:10:33.642557+00:00, run_after=2023-06-04T01:10:33.642557+00:00
[2023-06-04T01:10:33.666+0000] {processor.py:178} INFO - Processing /home/airflow/.local/lib/python3.7/site-packages/airflow/example_dags/tutorial.py took 0.147 seconds
[2023-06-04T01:11:04.418+0000] {processor.py:156} INFO - Started process (PID=668) to work on /home/airflow/.local/lib/python3.7/site-packages/airflow/example_dags/tutorial.py
[2023-06-04T01:11:04.420+0000] {processor.py:758} INFO - Processing file /home/airflow/.local/lib/python3.7/site-packages/airflow/example_dags/tutorial.py for tasks to queue
[2023-06-04T01:11:04.422+0000] {logging_mixin.py:117} INFO - [2023-06-04T01:11:04.421+0000] {dagbag.py:525} INFO - Filling up the DagBag from /home/airflow/.local/lib/python3.7/site-packages/airflow/example_dags/tutorial.py
[2023-06-04T01:11:04.441+0000] {processor.py:768} INFO - DAG(s) dict_keys(['tutorial']) retrieved from /home/airflow/.local/lib/python3.7/site-packages/airflow/example_dags/tutorial.py
[2023-06-04T01:11:04.493+0000] {logging_mixin.py:117} INFO - [2023-06-04T01:11:04.493+0000] {dag.py:2573} INFO - Sync 1 DAGs
[2023-06-04T01:11:04.524+0000] {logging_mixin.py:117} INFO - [2023-06-04T01:11:04.523+0000] {dag.py:3328} INFO - Setting next_dagrun for tutorial to 2023-06-03T01:11:04.523689+00:00, run_after=2023-06-04T01:11:04.523689+00:00
[2023-06-04T01:11:04.547+0000] {processor.py:178} INFO - Processing /home/airflow/.local/lib/python3.7/site-packages/airflow/example_dags/tutorial.py took 0.134 seconds
[2023-06-04T01:11:35.188+0000] {processor.py:156} INFO - Started process (PID=723) to work on /home/airflow/.local/lib/python3.7/site-packages/airflow/example_dags/tutorial.py
[2023-06-04T01:11:35.191+0000] {processor.py:758} INFO - Processing file /home/airflow/.local/lib/python3.7/site-packages/airflow/example_dags/tutorial.py for tasks to queue
[2023-06-04T01:11:35.193+0000] {logging_mixin.py:117} INFO - [2023-06-04T01:11:35.192+0000] {dagbag.py:525} INFO - Filling up the DagBag from /home/airflow/.local/lib/python3.7/site-packages/airflow/example_dags/tutorial.py
[2023-06-04T01:11:35.212+0000] {processor.py:768} INFO - DAG(s) dict_keys(['tutorial']) retrieved from /home/airflow/.local/lib/python3.7/site-packages/airflow/example_dags/tutorial.py
[2023-06-04T01:11:35.265+0000] {logging_mixin.py:117} INFO - [2023-06-04T01:11:35.265+0000] {dag.py:2573} INFO - Sync 1 DAGs
[2023-06-04T01:11:35.297+0000] {logging_mixin.py:117} INFO - [2023-06-04T01:11:35.297+0000] {dag.py:3328} INFO - Setting next_dagrun for tutorial to 2023-06-03T01:11:35.297420+00:00, run_after=2023-06-04T01:11:35.297420+00:00
[2023-06-04T01:11:35.320+0000] {processor.py:178} INFO - Processing /home/airflow/.local/lib/python3.7/site-packages/airflow/example_dags/tutorial.py took 0.136 seconds
[2023-06-04T01:12:05.564+0000] {processor.py:156} INFO - Started process (PID=787) to work on /home/airflow/.local/lib/python3.7/site-packages/airflow/example_dags/tutorial.py
[2023-06-04T01:12:05.567+0000] {processor.py:758} INFO - Processing file /home/airflow/.local/lib/python3.7/site-packages/airflow/example_dags/tutorial.py for tasks to queue
[2023-06-04T01:12:05.569+0000] {logging_mixin.py:117} INFO - [2023-06-04T01:12:05.569+0000] {dagbag.py:525} INFO - Filling up the DagBag from /home/airflow/.local/lib/python3.7/site-packages/airflow/example_dags/tutorial.py
[2023-06-04T01:12:05.589+0000] {processor.py:768} INFO - DAG(s) dict_keys(['tutorial']) retrieved from /home/airflow/.local/lib/python3.7/site-packages/airflow/example_dags/tutorial.py
[2023-06-04T01:12:05.645+0000] {logging_mixin.py:117} INFO - [2023-06-04T01:12:05.645+0000] {dag.py:2573} INFO - Sync 1 DAGs
[2023-06-04T01:12:05.680+0000] {logging_mixin.py:117} INFO - [2023-06-04T01:12:05.680+0000] {dag.py:3328} INFO - Setting next_dagrun for tutorial to 2023-06-03T01:12:05.680480+00:00, run_after=2023-06-04T01:12:05.680480+00:00
[2023-06-04T01:12:05.706+0000] {processor.py:178} INFO - Processing /home/airflow/.local/lib/python3.7/site-packages/airflow/example_dags/tutorial.py took 0.146 seconds
[2023-06-04T01:12:36.138+0000] {processor.py:156} INFO - Started process (PID=851) to work on /home/airflow/.local/lib/python3.7/site-packages/airflow/example_dags/tutorial.py
[2023-06-04T01:12:36.140+0000] {processor.py:758} INFO - Processing file /home/airflow/.local/lib/python3.7/site-packages/airflow/example_dags/tutorial.py for tasks to queue
[2023-06-04T01:12:36.142+0000] {logging_mixin.py:117} INFO - [2023-06-04T01:12:36.142+0000] {dagbag.py:525} INFO - Filling up the DagBag from /home/airflow/.local/lib/python3.7/site-packages/airflow/example_dags/tutorial.py
[2023-06-04T01:12:36.163+0000] {processor.py:768} INFO - DAG(s) dict_keys(['tutorial']) retrieved from /home/airflow/.local/lib/python3.7/site-packages/airflow/example_dags/tutorial.py
[2023-06-04T01:12:36.215+0000] {logging_mixin.py:117} INFO - [2023-06-04T01:12:36.215+0000] {dag.py:2573} INFO - Sync 1 DAGs
[2023-06-04T01:12:36.249+0000] {logging_mixin.py:117} INFO - [2023-06-04T01:12:36.249+0000] {dag.py:3328} INFO - Setting next_dagrun for tutorial to 2023-06-03T01:12:36.249062+00:00, run_after=2023-06-04T01:12:36.249062+00:00
[2023-06-04T01:12:36.275+0000] {processor.py:178} INFO - Processing /home/airflow/.local/lib/python3.7/site-packages/airflow/example_dags/tutorial.py took 0.141 seconds
[2023-06-04T01:13:06.462+0000] {processor.py:156} INFO - Started process (PID=906) to work on /home/airflow/.local/lib/python3.7/site-packages/airflow/example_dags/tutorial.py
[2023-06-04T01:13:06.464+0000] {processor.py:758} INFO - Processing file /home/airflow/.local/lib/python3.7/site-packages/airflow/example_dags/tutorial.py for tasks to queue
[2023-06-04T01:13:06.466+0000] {logging_mixin.py:117} INFO - [2023-06-04T01:13:06.466+0000] {dagbag.py:525} INFO - Filling up the DagBag from /home/airflow/.local/lib/python3.7/site-packages/airflow/example_dags/tutorial.py
[2023-06-04T01:13:06.486+0000] {processor.py:768} INFO - DAG(s) dict_keys(['tutorial']) retrieved from /home/airflow/.local/lib/python3.7/site-packages/airflow/example_dags/tutorial.py
[2023-06-04T01:13:06.541+0000] {logging_mixin.py:117} INFO - [2023-06-04T01:13:06.541+0000] {dag.py:2573} INFO - Sync 1 DAGs
[2023-06-04T01:13:06.574+0000] {logging_mixin.py:117} INFO - [2023-06-04T01:13:06.574+0000] {dag.py:3328} INFO - Setting next_dagrun for tutorial to 2023-06-03T01:13:06.573986+00:00, run_after=2023-06-04T01:13:06.573986+00:00
[2023-06-04T01:13:06.598+0000] {processor.py:178} INFO - Processing /home/airflow/.local/lib/python3.7/site-packages/airflow/example_dags/tutorial.py took 0.140 seconds
[2023-06-04T01:13:36.866+0000] {processor.py:156} INFO - Started process (PID=970) to work on /home/airflow/.local/lib/python3.7/site-packages/airflow/example_dags/tutorial.py
[2023-06-04T01:13:36.867+0000] {processor.py:758} INFO - Processing file /home/airflow/.local/lib/python3.7/site-packages/airflow/example_dags/tutorial.py for tasks to queue
[2023-06-04T01:13:36.870+0000] {logging_mixin.py:117} INFO - [2023-06-04T01:13:36.870+0000] {dagbag.py:525} INFO - Filling up the DagBag from /home/airflow/.local/lib/python3.7/site-packages/airflow/example_dags/tutorial.py
[2023-06-04T01:13:36.891+0000] {processor.py:768} INFO - DAG(s) dict_keys(['tutorial']) retrieved from /home/airflow/.local/lib/python3.7/site-packages/airflow/example_dags/tutorial.py
[2023-06-04T01:13:36.947+0000] {logging_mixin.py:117} INFO - [2023-06-04T01:13:36.947+0000] {dag.py:2573} INFO - Sync 1 DAGs
[2023-06-04T01:13:36.984+0000] {logging_mixin.py:117} INFO - [2023-06-04T01:13:36.984+0000] {dag.py:3328} INFO - Setting next_dagrun for tutorial to 2023-06-03T01:13:36.983673+00:00, run_after=2023-06-04T01:13:36.983673+00:00
[2023-06-04T01:13:37.013+0000] {processor.py:178} INFO - Processing /home/airflow/.local/lib/python3.7/site-packages/airflow/example_dags/tutorial.py took 0.152 seconds
[2023-06-04T01:14:08.136+0000] {processor.py:156} INFO - Started process (PID=1033) to work on /home/airflow/.local/lib/python3.7/site-packages/airflow/example_dags/tutorial.py
[2023-06-04T01:14:08.139+0000] {processor.py:758} INFO - Processing file /home/airflow/.local/lib/python3.7/site-packages/airflow/example_dags/tutorial.py for tasks to queue
[2023-06-04T01:14:08.142+0000] {logging_mixin.py:117} INFO - [2023-06-04T01:14:08.141+0000] {dagbag.py:525} INFO - Filling up the DagBag from /home/airflow/.local/lib/python3.7/site-packages/airflow/example_dags/tutorial.py
[2023-06-04T01:14:08.170+0000] {processor.py:768} INFO - DAG(s) dict_keys(['tutorial']) retrieved from /home/airflow/.local/lib/python3.7/site-packages/airflow/example_dags/tutorial.py
[2023-06-04T01:14:08.234+0000] {logging_mixin.py:117} INFO - [2023-06-04T01:14:08.234+0000] {dag.py:2573} INFO - Sync 1 DAGs
[2023-06-04T01:14:08.274+0000] {logging_mixin.py:117} INFO - [2023-06-04T01:14:08.274+0000] {dag.py:3328} INFO - Setting next_dagrun for tutorial to 2023-06-03T01:14:08.274098+00:00, run_after=2023-06-04T01:14:08.274098+00:00
[2023-06-04T01:14:08.316+0000] {processor.py:178} INFO - Processing /home/airflow/.local/lib/python3.7/site-packages/airflow/example_dags/tutorial.py took 0.185 seconds
[2023-06-04T01:14:38.873+0000] {processor.py:156} INFO - Started process (PID=1088) to work on /home/airflow/.local/lib/python3.7/site-packages/airflow/example_dags/tutorial.py
[2023-06-04T01:14:38.876+0000] {processor.py:758} INFO - Processing file /home/airflow/.local/lib/python3.7/site-packages/airflow/example_dags/tutorial.py for tasks to queue
[2023-06-04T01:14:38.880+0000] {logging_mixin.py:117} INFO - [2023-06-04T01:14:38.879+0000] {dagbag.py:525} INFO - Filling up the DagBag from /home/airflow/.local/lib/python3.7/site-packages/airflow/example_dags/tutorial.py
[2023-06-04T01:14:38.926+0000] {processor.py:768} INFO - DAG(s) dict_keys(['tutorial']) retrieved from /home/airflow/.local/lib/python3.7/site-packages/airflow/example_dags/tutorial.py
[2023-06-04T01:14:39.019+0000] {logging_mixin.py:117} INFO - [2023-06-04T01:14:39.018+0000] {dag.py:2573} INFO - Sync 1 DAGs
[2023-06-04T01:14:39.073+0000] {logging_mixin.py:117} INFO - [2023-06-04T01:14:39.073+0000] {dag.py:3328} INFO - Setting next_dagrun for tutorial to 2023-06-03T01:14:39.072934+00:00, run_after=2023-06-04T01:14:39.072934+00:00
[2023-06-04T01:14:39.108+0000] {processor.py:178} INFO - Processing /home/airflow/.local/lib/python3.7/site-packages/airflow/example_dags/tutorial.py took 0.244 seconds
[2023-06-04T01:15:09.364+0000] {processor.py:156} INFO - Started process (PID=1151) to work on /home/airflow/.local/lib/python3.7/site-packages/airflow/example_dags/tutorial.py
[2023-06-04T01:15:09.370+0000] {processor.py:758} INFO - Processing file /home/airflow/.local/lib/python3.7/site-packages/airflow/example_dags/tutorial.py for tasks to queue
[2023-06-04T01:15:09.372+0000] {logging_mixin.py:117} INFO - [2023-06-04T01:15:09.371+0000] {dagbag.py:525} INFO - Filling up the DagBag from /home/airflow/.local/lib/python3.7/site-packages/airflow/example_dags/tutorial.py
[2023-06-04T01:15:09.396+0000] {processor.py:768} INFO - DAG(s) dict_keys(['tutorial']) retrieved from /home/airflow/.local/lib/python3.7/site-packages/airflow/example_dags/tutorial.py
[2023-06-04T01:15:09.453+0000] {logging_mixin.py:117} INFO - [2023-06-04T01:15:09.453+0000] {dag.py:2573} INFO - Sync 1 DAGs
[2023-06-04T01:15:09.493+0000] {logging_mixin.py:117} INFO - [2023-06-04T01:15:09.493+0000] {dag.py:3328} INFO - Setting next_dagrun for tutorial to 2023-06-03T01:15:09.493443+00:00, run_after=2023-06-04T01:15:09.493443+00:00
[2023-06-04T01:15:09.537+0000] {processor.py:178} INFO - Processing /home/airflow/.local/lib/python3.7/site-packages/airflow/example_dags/tutorial.py took 0.179 seconds
[2023-06-04T01:15:39.982+0000] {processor.py:156} INFO - Started process (PID=1215) to work on /home/airflow/.local/lib/python3.7/site-packages/airflow/example_dags/tutorial.py
[2023-06-04T01:15:39.986+0000] {processor.py:758} INFO - Processing file /home/airflow/.local/lib/python3.7/site-packages/airflow/example_dags/tutorial.py for tasks to queue
[2023-06-04T01:15:39.991+0000] {logging_mixin.py:117} INFO - [2023-06-04T01:15:39.990+0000] {dagbag.py:525} INFO - Filling up the DagBag from /home/airflow/.local/lib/python3.7/site-packages/airflow/example_dags/tutorial.py
[2023-06-04T01:15:40.035+0000] {processor.py:768} INFO - DAG(s) dict_keys(['tutorial']) retrieved from /home/airflow/.local/lib/python3.7/site-packages/airflow/example_dags/tutorial.py
[2023-06-04T01:15:40.126+0000] {logging_mixin.py:117} INFO - [2023-06-04T01:15:40.125+0000] {dag.py:2573} INFO - Sync 1 DAGs
[2023-06-04T01:15:40.191+0000] {logging_mixin.py:117} INFO - [2023-06-04T01:15:40.191+0000] {dag.py:3328} INFO - Setting next_dagrun for tutorial to 2023-06-03T01:15:40.191083+00:00, run_after=2023-06-04T01:15:40.191083+00:00
[2023-06-04T01:15:40.231+0000] {processor.py:178} INFO - Processing /home/airflow/.local/lib/python3.7/site-packages/airflow/example_dags/tutorial.py took 0.259 seconds
[2023-06-04T01:16:10.509+0000] {processor.py:156} INFO - Started process (PID=1270) to work on /home/airflow/.local/lib/python3.7/site-packages/airflow/example_dags/tutorial.py
[2023-06-04T01:16:10.511+0000] {processor.py:758} INFO - Processing file /home/airflow/.local/lib/python3.7/site-packages/airflow/example_dags/tutorial.py for tasks to queue
[2023-06-04T01:16:10.513+0000] {logging_mixin.py:117} INFO - [2023-06-04T01:16:10.513+0000] {dagbag.py:525} INFO - Filling up the DagBag from /home/airflow/.local/lib/python3.7/site-packages/airflow/example_dags/tutorial.py
[2023-06-04T01:16:10.548+0000] {processor.py:768} INFO - DAG(s) dict_keys(['tutorial']) retrieved from /home/airflow/.local/lib/python3.7/site-packages/airflow/example_dags/tutorial.py
[2023-06-04T01:16:10.619+0000] {logging_mixin.py:117} INFO - [2023-06-04T01:16:10.619+0000] {dag.py:2573} INFO - Sync 1 DAGs
[2023-06-04T01:16:10.658+0000] {logging_mixin.py:117} INFO - [2023-06-04T01:16:10.658+0000] {dag.py:3328} INFO - Setting next_dagrun for tutorial to 2023-06-03T01:16:10.657837+00:00, run_after=2023-06-04T01:16:10.657837+00:00
[2023-06-04T01:16:10.692+0000] {processor.py:178} INFO - Processing /home/airflow/.local/lib/python3.7/site-packages/airflow/example_dags/tutorial.py took 0.189 seconds
[2023-06-04T01:16:40.871+0000] {processor.py:156} INFO - Started process (PID=1334) to work on /home/airflow/.local/lib/python3.7/site-packages/airflow/example_dags/tutorial.py
[2023-06-04T01:16:40.873+0000] {processor.py:758} INFO - Processing file /home/airflow/.local/lib/python3.7/site-packages/airflow/example_dags/tutorial.py for tasks to queue
[2023-06-04T01:16:40.875+0000] {logging_mixin.py:117} INFO - [2023-06-04T01:16:40.875+0000] {dagbag.py:525} INFO - Filling up the DagBag from /home/airflow/.local/lib/python3.7/site-packages/airflow/example_dags/tutorial.py
[2023-06-04T01:16:40.895+0000] {processor.py:768} INFO - DAG(s) dict_keys(['tutorial']) retrieved from /home/airflow/.local/lib/python3.7/site-packages/airflow/example_dags/tutorial.py
[2023-06-04T01:16:40.950+0000] {logging_mixin.py:117} INFO - [2023-06-04T01:16:40.950+0000] {dag.py:2573} INFO - Sync 1 DAGs
[2023-06-04T01:16:40.983+0000] {logging_mixin.py:117} INFO - [2023-06-04T01:16:40.983+0000] {dag.py:3328} INFO - Setting next_dagrun for tutorial to 2023-06-03T01:16:40.983156+00:00, run_after=2023-06-04T01:16:40.983156+00:00
[2023-06-04T01:16:41.010+0000] {processor.py:178} INFO - Processing /home/airflow/.local/lib/python3.7/site-packages/airflow/example_dags/tutorial.py took 0.144 seconds
[2023-06-04T01:17:11.641+0000] {processor.py:156} INFO - Started process (PID=1396) to work on /home/airflow/.local/lib/python3.7/site-packages/airflow/example_dags/tutorial.py
[2023-06-04T01:17:11.643+0000] {processor.py:758} INFO - Processing file /home/airflow/.local/lib/python3.7/site-packages/airflow/example_dags/tutorial.py for tasks to queue
[2023-06-04T01:17:11.646+0000] {logging_mixin.py:117} INFO - [2023-06-04T01:17:11.646+0000] {dagbag.py:525} INFO - Filling up the DagBag from /home/airflow/.local/lib/python3.7/site-packages/airflow/example_dags/tutorial.py
[2023-06-04T01:17:11.673+0000] {processor.py:768} INFO - DAG(s) dict_keys(['tutorial']) retrieved from /home/airflow/.local/lib/python3.7/site-packages/airflow/example_dags/tutorial.py
[2023-06-04T01:17:11.739+0000] {logging_mixin.py:117} INFO - [2023-06-04T01:17:11.739+0000] {dag.py:2573} INFO - Sync 1 DAGs
[2023-06-04T01:17:11.780+0000] {logging_mixin.py:117} INFO - [2023-06-04T01:17:11.780+0000] {dag.py:3328} INFO - Setting next_dagrun for tutorial to 2023-06-03T01:17:11.780183+00:00, run_after=2023-06-04T01:17:11.780183+00:00
[2023-06-04T01:17:11.810+0000] {processor.py:178} INFO - Processing /home/airflow/.local/lib/python3.7/site-packages/airflow/example_dags/tutorial.py took 0.177 seconds
[2023-06-04T01:17:41.906+0000] {processor.py:156} INFO - Started process (PID=1453) to work on /home/airflow/.local/lib/python3.7/site-packages/airflow/example_dags/tutorial.py
[2023-06-04T01:17:41.908+0000] {processor.py:758} INFO - Processing file /home/airflow/.local/lib/python3.7/site-packages/airflow/example_dags/tutorial.py for tasks to queue
[2023-06-04T01:17:41.910+0000] {logging_mixin.py:117} INFO - [2023-06-04T01:17:41.909+0000] {dagbag.py:525} INFO - Filling up the DagBag from /home/airflow/.local/lib/python3.7/site-packages/airflow/example_dags/tutorial.py
[2023-06-04T01:17:41.931+0000] {processor.py:768} INFO - DAG(s) dict_keys(['tutorial']) retrieved from /home/airflow/.local/lib/python3.7/site-packages/airflow/example_dags/tutorial.py
[2023-06-04T01:17:41.990+0000] {logging_mixin.py:117} INFO - [2023-06-04T01:17:41.990+0000] {dag.py:2573} INFO - Sync 1 DAGs
[2023-06-04T01:17:42.025+0000] {logging_mixin.py:117} INFO - [2023-06-04T01:17:42.025+0000] {dag.py:3328} INFO - Setting next_dagrun for tutorial to 2023-06-03T01:17:42.025483+00:00, run_after=2023-06-04T01:17:42.025483+00:00
[2023-06-04T01:17:42.052+0000] {processor.py:178} INFO - Processing /home/airflow/.local/lib/python3.7/site-packages/airflow/example_dags/tutorial.py took 0.151 seconds
[2023-06-04T01:18:12.154+0000] {processor.py:156} INFO - Started process (PID=1517) to work on /home/airflow/.local/lib/python3.7/site-packages/airflow/example_dags/tutorial.py
[2023-06-04T01:18:12.156+0000] {processor.py:758} INFO - Processing file /home/airflow/.local/lib/python3.7/site-packages/airflow/example_dags/tutorial.py for tasks to queue
[2023-06-04T01:18:12.158+0000] {logging_mixin.py:117} INFO - [2023-06-04T01:18:12.157+0000] {dagbag.py:525} INFO - Filling up the DagBag from /home/airflow/.local/lib/python3.7/site-packages/airflow/example_dags/tutorial.py
[2023-06-04T01:18:12.178+0000] {processor.py:768} INFO - DAG(s) dict_keys(['tutorial']) retrieved from /home/airflow/.local/lib/python3.7/site-packages/airflow/example_dags/tutorial.py
[2023-06-04T01:18:12.234+0000] {logging_mixin.py:117} INFO - [2023-06-04T01:18:12.234+0000] {dag.py:2573} INFO - Sync 1 DAGs
[2023-06-04T01:18:12.267+0000] {logging_mixin.py:117} INFO - [2023-06-04T01:18:12.267+0000] {dag.py:3328} INFO - Setting next_dagrun for tutorial to 2023-06-03T01:18:12.267011+00:00, run_after=2023-06-04T01:18:12.267011+00:00
[2023-06-04T01:18:12.293+0000] {processor.py:178} INFO - Processing /home/airflow/.local/lib/python3.7/site-packages/airflow/example_dags/tutorial.py took 0.144 seconds
[2023-06-04T01:18:42.534+0000] {processor.py:156} INFO - Started process (PID=1572) to work on /home/airflow/.local/lib/python3.7/site-packages/airflow/example_dags/tutorial.py
[2023-06-04T01:18:42.537+0000] {processor.py:758} INFO - Processing file /home/airflow/.local/lib/python3.7/site-packages/airflow/example_dags/tutorial.py for tasks to queue
[2023-06-04T01:18:42.539+0000] {logging_mixin.py:117} INFO - [2023-06-04T01:18:42.539+0000] {dagbag.py:525} INFO - Filling up the DagBag from /home/airflow/.local/lib/python3.7/site-packages/airflow/example_dags/tutorial.py
[2023-06-04T01:18:42.560+0000] {processor.py:768} INFO - DAG(s) dict_keys(['tutorial']) retrieved from /home/airflow/.local/lib/python3.7/site-packages/airflow/example_dags/tutorial.py
[2023-06-04T01:18:42.616+0000] {logging_mixin.py:117} INFO - [2023-06-04T01:18:42.616+0000] {dag.py:2573} INFO - Sync 1 DAGs
[2023-06-04T01:18:42.653+0000] {logging_mixin.py:117} INFO - [2023-06-04T01:18:42.652+0000] {dag.py:3328} INFO - Setting next_dagrun for tutorial to 2023-06-03T01:18:42.652444+00:00, run_after=2023-06-04T01:18:42.652444+00:00
[2023-06-04T01:18:42.681+0000] {processor.py:178} INFO - Processing /home/airflow/.local/lib/python3.7/site-packages/airflow/example_dags/tutorial.py took 0.151 seconds
[2023-06-04T01:19:12.779+0000] {processor.py:156} INFO - Started process (PID=1635) to work on /home/airflow/.local/lib/python3.7/site-packages/airflow/example_dags/tutorial.py
[2023-06-04T01:19:12.782+0000] {processor.py:758} INFO - Processing file /home/airflow/.local/lib/python3.7/site-packages/airflow/example_dags/tutorial.py for tasks to queue
[2023-06-04T01:19:12.783+0000] {logging_mixin.py:117} INFO - [2023-06-04T01:19:12.783+0000] {dagbag.py:525} INFO - Filling up the DagBag from /home/airflow/.local/lib/python3.7/site-packages/airflow/example_dags/tutorial.py
[2023-06-04T01:19:12.803+0000] {processor.py:768} INFO - DAG(s) dict_keys(['tutorial']) retrieved from /home/airflow/.local/lib/python3.7/site-packages/airflow/example_dags/tutorial.py
[2023-06-04T01:19:12.860+0000] {logging_mixin.py:117} INFO - [2023-06-04T01:19:12.860+0000] {dag.py:2573} INFO - Sync 1 DAGs
[2023-06-04T01:19:12.897+0000] {logging_mixin.py:117} INFO - [2023-06-04T01:19:12.897+0000] {dag.py:3328} INFO - Setting next_dagrun for tutorial to 2023-06-03T01:19:12.897357+00:00, run_after=2023-06-04T01:19:12.897357+00:00
[2023-06-04T01:19:12.924+0000] {processor.py:178} INFO - Processing /home/airflow/.local/lib/python3.7/site-packages/airflow/example_dags/tutorial.py took 0.150 seconds
[2023-06-04T01:20:38.949+0000] {processor.py:157} INFO - Started process (PID=51) to work on /home/airflow/.local/lib/python3.7/site-packages/airflow/example_dags/tutorial.py
[2023-06-04T01:20:38.954+0000] {processor.py:826} INFO - Processing file /home/airflow/.local/lib/python3.7/site-packages/airflow/example_dags/tutorial.py for tasks to queue
[2023-06-04T01:20:38.956+0000] {logging_mixin.py:149} INFO - [2023-06-04T01:20:38.956+0000] {dagbag.py:541} INFO - Filling up the DagBag from /home/airflow/.local/lib/python3.7/site-packages/airflow/example_dags/tutorial.py
[2023-06-04T01:20:38.974+0000] {processor.py:836} INFO - DAG(s) dict_keys(['tutorial']) retrieved from /home/airflow/.local/lib/python3.7/site-packages/airflow/example_dags/tutorial.py
[2023-06-04T01:20:39.001+0000] {logging_mixin.py:149} INFO - [2023-06-04T01:20:39.001+0000] {dag.py:2726} INFO - Sync 1 DAGs
[2023-06-04T01:20:39.043+0000] {logging_mixin.py:149} INFO - [2023-06-04T01:20:39.042+0000] {dag.py:3490} INFO - Setting next_dagrun for tutorial to 2023-06-03T01:20:39.042628+00:00, run_after=2023-06-04T01:20:39.042628+00:00
[2023-06-04T01:20:39.103+0000] {processor.py:179} INFO - Processing /home/airflow/.local/lib/python3.7/site-packages/airflow/example_dags/tutorial.py took 0.162 seconds
[2023-06-04T01:21:09.387+0000] {processor.py:157} INFO - Started process (PID=121) to work on /home/airflow/.local/lib/python3.7/site-packages/airflow/example_dags/tutorial.py
[2023-06-04T01:21:09.389+0000] {processor.py:826} INFO - Processing file /home/airflow/.local/lib/python3.7/site-packages/airflow/example_dags/tutorial.py for tasks to queue
[2023-06-04T01:21:09.391+0000] {logging_mixin.py:149} INFO - [2023-06-04T01:21:09.391+0000] {dagbag.py:541} INFO - Filling up the DagBag from /home/airflow/.local/lib/python3.7/site-packages/airflow/example_dags/tutorial.py
[2023-06-04T01:21:09.403+0000] {processor.py:836} INFO - DAG(s) dict_keys(['tutorial']) retrieved from /home/airflow/.local/lib/python3.7/site-packages/airflow/example_dags/tutorial.py
[2023-06-04T01:21:09.436+0000] {logging_mixin.py:149} INFO - [2023-06-04T01:21:09.436+0000] {dag.py:2726} INFO - Sync 1 DAGs
[2023-06-04T01:21:09.473+0000] {logging_mixin.py:149} INFO - [2023-06-04T01:21:09.472+0000] {dag.py:3490} INFO - Setting next_dagrun for tutorial to 2023-06-03T01:21:09.472570+00:00, run_after=2023-06-04T01:21:09.472570+00:00
[2023-06-04T01:21:09.498+0000] {processor.py:179} INFO - Processing /home/airflow/.local/lib/python3.7/site-packages/airflow/example_dags/tutorial.py took 0.115 seconds
[2023-06-04T01:21:39.959+0000] {processor.py:157} INFO - Started process (PID=200) to work on /home/airflow/.local/lib/python3.7/site-packages/airflow/example_dags/tutorial.py
[2023-06-04T01:21:39.962+0000] {processor.py:826} INFO - Processing file /home/airflow/.local/lib/python3.7/site-packages/airflow/example_dags/tutorial.py for tasks to queue
[2023-06-04T01:21:39.964+0000] {logging_mixin.py:149} INFO - [2023-06-04T01:21:39.964+0000] {dagbag.py:541} INFO - Filling up the DagBag from /home/airflow/.local/lib/python3.7/site-packages/airflow/example_dags/tutorial.py
[2023-06-04T01:21:39.975+0000] {processor.py:836} INFO - DAG(s) dict_keys(['tutorial']) retrieved from /home/airflow/.local/lib/python3.7/site-packages/airflow/example_dags/tutorial.py
[2023-06-04T01:21:40.008+0000] {logging_mixin.py:149} INFO - [2023-06-04T01:21:40.008+0000] {dag.py:2726} INFO - Sync 1 DAGs
[2023-06-04T01:21:40.044+0000] {logging_mixin.py:149} INFO - [2023-06-04T01:21:40.044+0000] {dag.py:3490} INFO - Setting next_dagrun for tutorial to 2023-06-03T01:21:40.043826+00:00, run_after=2023-06-04T01:21:40.043826+00:00
[2023-06-04T01:21:40.077+0000] {processor.py:179} INFO - Processing /home/airflow/.local/lib/python3.7/site-packages/airflow/example_dags/tutorial.py took 0.122 seconds
[2023-06-04T01:22:10.436+0000] {processor.py:157} INFO - Started process (PID=270) to work on /home/airflow/.local/lib/python3.7/site-packages/airflow/example_dags/tutorial.py
[2023-06-04T01:22:10.439+0000] {processor.py:826} INFO - Processing file /home/airflow/.local/lib/python3.7/site-packages/airflow/example_dags/tutorial.py for tasks to queue
[2023-06-04T01:22:10.441+0000] {logging_mixin.py:149} INFO - [2023-06-04T01:22:10.441+0000] {dagbag.py:541} INFO - Filling up the DagBag from /home/airflow/.local/lib/python3.7/site-packages/airflow/example_dags/tutorial.py
[2023-06-04T01:22:10.456+0000] {processor.py:836} INFO - DAG(s) dict_keys(['tutorial']) retrieved from /home/airflow/.local/lib/python3.7/site-packages/airflow/example_dags/tutorial.py
[2023-06-04T01:22:10.498+0000] {logging_mixin.py:149} INFO - [2023-06-04T01:22:10.498+0000] {dag.py:2726} INFO - Sync 1 DAGs
[2023-06-04T01:22:10.542+0000] {logging_mixin.py:149} INFO - [2023-06-04T01:22:10.542+0000] {dag.py:3490} INFO - Setting next_dagrun for tutorial to 2023-06-03T01:22:10.541803+00:00, run_after=2023-06-04T01:22:10.541803+00:00
[2023-06-04T01:22:10.583+0000] {processor.py:179} INFO - Processing /home/airflow/.local/lib/python3.7/site-packages/airflow/example_dags/tutorial.py took 0.153 seconds
[2023-06-04T01:22:41.238+0000] {processor.py:157} INFO - Started process (PID=340) to work on /home/airflow/.local/lib/python3.7/site-packages/airflow/example_dags/tutorial.py
[2023-06-04T01:22:41.240+0000] {processor.py:826} INFO - Processing file /home/airflow/.local/lib/python3.7/site-packages/airflow/example_dags/tutorial.py for tasks to queue
[2023-06-04T01:22:41.242+0000] {logging_mixin.py:149} INFO - [2023-06-04T01:22:41.242+0000] {dagbag.py:541} INFO - Filling up the DagBag from /home/airflow/.local/lib/python3.7/site-packages/airflow/example_dags/tutorial.py
[2023-06-04T01:22:41.252+0000] {processor.py:836} INFO - DAG(s) dict_keys(['tutorial']) retrieved from /home/airflow/.local/lib/python3.7/site-packages/airflow/example_dags/tutorial.py
[2023-06-04T01:22:41.290+0000] {logging_mixin.py:149} INFO - [2023-06-04T01:22:41.290+0000] {dag.py:2726} INFO - Sync 1 DAGs
[2023-06-04T01:22:41.328+0000] {logging_mixin.py:149} INFO - [2023-06-04T01:22:41.328+0000] {dag.py:3490} INFO - Setting next_dagrun for tutorial to 2023-06-03T01:22:41.327991+00:00, run_after=2023-06-04T01:22:41.327991+00:00
[2023-06-04T01:22:41.354+0000] {processor.py:179} INFO - Processing /home/airflow/.local/lib/python3.7/site-packages/airflow/example_dags/tutorial.py took 0.122 seconds
[2023-06-04T01:23:12.272+0000] {processor.py:157} INFO - Started process (PID=419) to work on /home/airflow/.local/lib/python3.7/site-packages/airflow/example_dags/tutorial.py
[2023-06-04T01:23:12.274+0000] {processor.py:826} INFO - Processing file /home/airflow/.local/lib/python3.7/site-packages/airflow/example_dags/tutorial.py for tasks to queue
[2023-06-04T01:23:12.276+0000] {logging_mixin.py:149} INFO - [2023-06-04T01:23:12.276+0000] {dagbag.py:541} INFO - Filling up the DagBag from /home/airflow/.local/lib/python3.7/site-packages/airflow/example_dags/tutorial.py
[2023-06-04T01:23:12.286+0000] {processor.py:836} INFO - DAG(s) dict_keys(['tutorial']) retrieved from /home/airflow/.local/lib/python3.7/site-packages/airflow/example_dags/tutorial.py
[2023-06-04T01:23:12.321+0000] {logging_mixin.py:149} INFO - [2023-06-04T01:23:12.321+0000] {dag.py:2726} INFO - Sync 1 DAGs
[2023-06-04T01:23:12.357+0000] {logging_mixin.py:149} INFO - [2023-06-04T01:23:12.357+0000] {dag.py:3490} INFO - Setting next_dagrun for tutorial to 2023-06-03T01:23:12.357412+00:00, run_after=2023-06-04T01:23:12.357412+00:00
[2023-06-04T01:23:12.384+0000] {processor.py:179} INFO - Processing /home/airflow/.local/lib/python3.7/site-packages/airflow/example_dags/tutorial.py took 0.117 seconds
[2023-06-04T01:23:43.332+0000] {processor.py:157} INFO - Started process (PID=489) to work on /home/airflow/.local/lib/python3.7/site-packages/airflow/example_dags/tutorial.py
[2023-06-04T01:23:43.334+0000] {processor.py:826} INFO - Processing file /home/airflow/.local/lib/python3.7/site-packages/airflow/example_dags/tutorial.py for tasks to queue
[2023-06-04T01:23:43.335+0000] {logging_mixin.py:149} INFO - [2023-06-04T01:23:43.335+0000] {dagbag.py:541} INFO - Filling up the DagBag from /home/airflow/.local/lib/python3.7/site-packages/airflow/example_dags/tutorial.py
[2023-06-04T01:23:43.346+0000] {processor.py:836} INFO - DAG(s) dict_keys(['tutorial']) retrieved from /home/airflow/.local/lib/python3.7/site-packages/airflow/example_dags/tutorial.py
[2023-06-04T01:23:43.387+0000] {logging_mixin.py:149} INFO - [2023-06-04T01:23:43.387+0000] {dag.py:2726} INFO - Sync 1 DAGs
[2023-06-04T01:23:43.430+0000] {logging_mixin.py:149} INFO - [2023-06-04T01:23:43.430+0000] {dag.py:3490} INFO - Setting next_dagrun for tutorial to 2023-06-03T01:23:43.429635+00:00, run_after=2023-06-04T01:23:43.429635+00:00
[2023-06-04T01:23:43.458+0000] {processor.py:179} INFO - Processing /home/airflow/.local/lib/python3.7/site-packages/airflow/example_dags/tutorial.py took 0.131 seconds
[2023-06-04T01:24:13.817+0000] {processor.py:157} INFO - Started process (PID=568) to work on /home/airflow/.local/lib/python3.7/site-packages/airflow/example_dags/tutorial.py
[2023-06-04T01:24:13.819+0000] {processor.py:826} INFO - Processing file /home/airflow/.local/lib/python3.7/site-packages/airflow/example_dags/tutorial.py for tasks to queue
[2023-06-04T01:24:13.821+0000] {logging_mixin.py:149} INFO - [2023-06-04T01:24:13.821+0000] {dagbag.py:541} INFO - Filling up the DagBag from /home/airflow/.local/lib/python3.7/site-packages/airflow/example_dags/tutorial.py
[2023-06-04T01:24:13.834+0000] {processor.py:836} INFO - DAG(s) dict_keys(['tutorial']) retrieved from /home/airflow/.local/lib/python3.7/site-packages/airflow/example_dags/tutorial.py
[2023-06-04T01:24:13.890+0000] {logging_mixin.py:149} INFO - [2023-06-04T01:24:13.890+0000] {dag.py:2726} INFO - Sync 1 DAGs
[2023-06-04T01:24:13.951+0000] {logging_mixin.py:149} INFO - [2023-06-04T01:24:13.950+0000] {dag.py:3490} INFO - Setting next_dagrun for tutorial to 2023-06-03T01:24:13.950493+00:00, run_after=2023-06-04T01:24:13.950493+00:00
[2023-06-04T01:24:13.986+0000] {processor.py:179} INFO - Processing /home/airflow/.local/lib/python3.7/site-packages/airflow/example_dags/tutorial.py took 0.174 seconds
[2023-06-04T01:24:44.131+0000] {processor.py:157} INFO - Started process (PID=638) to work on /home/airflow/.local/lib/python3.7/site-packages/airflow/example_dags/tutorial.py
[2023-06-04T01:24:44.133+0000] {processor.py:826} INFO - Processing file /home/airflow/.local/lib/python3.7/site-packages/airflow/example_dags/tutorial.py for tasks to queue
[2023-06-04T01:24:44.136+0000] {logging_mixin.py:149} INFO - [2023-06-04T01:24:44.135+0000] {dagbag.py:541} INFO - Filling up the DagBag from /home/airflow/.local/lib/python3.7/site-packages/airflow/example_dags/tutorial.py
[2023-06-04T01:24:44.147+0000] {processor.py:836} INFO - DAG(s) dict_keys(['tutorial']) retrieved from /home/airflow/.local/lib/python3.7/site-packages/airflow/example_dags/tutorial.py
[2023-06-04T01:24:44.181+0000] {logging_mixin.py:149} INFO - [2023-06-04T01:24:44.181+0000] {dag.py:2726} INFO - Sync 1 DAGs
[2023-06-04T01:24:44.221+0000] {logging_mixin.py:149} INFO - [2023-06-04T01:24:44.221+0000] {dag.py:3490} INFO - Setting next_dagrun for tutorial to 2023-06-03T01:24:44.221014+00:00, run_after=2023-06-04T01:24:44.221014+00:00
[2023-06-04T01:24:44.248+0000] {processor.py:179} INFO - Processing /home/airflow/.local/lib/python3.7/site-packages/airflow/example_dags/tutorial.py took 0.123 seconds
[2023-06-04T01:25:14.538+0000] {processor.py:157} INFO - Started process (PID=708) to work on /home/airflow/.local/lib/python3.7/site-packages/airflow/example_dags/tutorial.py
[2023-06-04T01:25:14.540+0000] {processor.py:826} INFO - Processing file /home/airflow/.local/lib/python3.7/site-packages/airflow/example_dags/tutorial.py for tasks to queue
[2023-06-04T01:25:14.543+0000] {logging_mixin.py:149} INFO - [2023-06-04T01:25:14.543+0000] {dagbag.py:541} INFO - Filling up the DagBag from /home/airflow/.local/lib/python3.7/site-packages/airflow/example_dags/tutorial.py
[2023-06-04T01:25:14.554+0000] {processor.py:836} INFO - DAG(s) dict_keys(['tutorial']) retrieved from /home/airflow/.local/lib/python3.7/site-packages/airflow/example_dags/tutorial.py
[2023-06-04T01:25:14.590+0000] {logging_mixin.py:149} INFO - [2023-06-04T01:25:14.590+0000] {dag.py:2726} INFO - Sync 1 DAGs
[2023-06-04T01:25:14.632+0000] {logging_mixin.py:149} INFO - [2023-06-04T01:25:14.632+0000] {dag.py:3490} INFO - Setting next_dagrun for tutorial to 2023-06-03T01:25:14.631578+00:00, run_after=2023-06-04T01:25:14.631578+00:00
[2023-06-04T01:25:14.659+0000] {processor.py:179} INFO - Processing /home/airflow/.local/lib/python3.7/site-packages/airflow/example_dags/tutorial.py took 0.126 seconds
[2023-06-04T01:25:44.980+0000] {processor.py:157} INFO - Started process (PID=787) to work on /home/airflow/.local/lib/python3.7/site-packages/airflow/example_dags/tutorial.py
[2023-06-04T01:25:44.983+0000] {processor.py:826} INFO - Processing file /home/airflow/.local/lib/python3.7/site-packages/airflow/example_dags/tutorial.py for tasks to queue
[2023-06-04T01:25:44.985+0000] {logging_mixin.py:149} INFO - [2023-06-04T01:25:44.985+0000] {dagbag.py:541} INFO - Filling up the DagBag from /home/airflow/.local/lib/python3.7/site-packages/airflow/example_dags/tutorial.py
[2023-06-04T01:25:44.995+0000] {processor.py:836} INFO - DAG(s) dict_keys(['tutorial']) retrieved from /home/airflow/.local/lib/python3.7/site-packages/airflow/example_dags/tutorial.py
[2023-06-04T01:25:45.034+0000] {logging_mixin.py:149} INFO - [2023-06-04T01:25:45.034+0000] {dag.py:2726} INFO - Sync 1 DAGs
[2023-06-04T01:25:45.075+0000] {logging_mixin.py:149} INFO - [2023-06-04T01:25:45.075+0000] {dag.py:3490} INFO - Setting next_dagrun for tutorial to 2023-06-03T01:25:45.075152+00:00, run_after=2023-06-04T01:25:45.075152+00:00
[2023-06-04T01:25:45.108+0000] {processor.py:179} INFO - Processing /home/airflow/.local/lib/python3.7/site-packages/airflow/example_dags/tutorial.py took 0.132 seconds
