[2023-06-04T00:36:50.874+0000] {processor.py:156} INFO - Started process (PID=45) to work on /home/airflow/.local/lib/python3.7/site-packages/airflow/example_dags/tutorial_dag.py
[2023-06-04T00:36:50.878+0000] {processor.py:758} INFO - Processing file /home/airflow/.local/lib/python3.7/site-packages/airflow/example_dags/tutorial_dag.py for tasks to queue
[2023-06-04T00:36:50.880+0000] {logging_mixin.py:117} INFO - [2023-06-04T00:36:50.880+0000] {dagbag.py:525} INFO - Filling up the DagBag from /home/airflow/.local/lib/python3.7/site-packages/airflow/example_dags/tutorial_dag.py
[2023-06-04T00:36:50.973+0000] {processor.py:768} INFO - DAG(s) dict_keys(['tutorial_dag']) retrieved from /home/airflow/.local/lib/python3.7/site-packages/airflow/example_dags/tutorial_dag.py
[2023-06-04T00:36:51.291+0000] {logging_mixin.py:117} INFO - [2023-06-04T00:36:51.291+0000] {manager.py:507} INFO - Created Permission View: can delete on DAG:tutorial_dag
[2023-06-04T00:36:51.310+0000] {logging_mixin.py:117} INFO - [2023-06-04T00:36:51.310+0000] {manager.py:507} INFO - Created Permission View: can read on DAG:tutorial_dag
[2023-06-04T00:36:51.320+0000] {logging_mixin.py:117} INFO - [2023-06-04T00:36:51.320+0000] {manager.py:507} INFO - Created Permission View: can edit on DAG:tutorial_dag
[2023-06-04T00:36:51.322+0000] {logging_mixin.py:117} INFO - [2023-06-04T00:36:51.322+0000] {dag.py:2573} INFO - Sync 1 DAGs
[2023-06-04T00:36:51.356+0000] {logging_mixin.py:117} INFO - [2023-06-04T00:36:51.356+0000] {dag.py:2594} INFO - Creating ORM DAG for tutorial_dag
[2023-06-04T00:36:51.399+0000] {logging_mixin.py:117} INFO - [2023-06-04T00:36:51.398+0000] {dag.py:3328} INFO - Setting next_dagrun for tutorial_dag to None, run_after=None
[2023-06-04T00:36:51.448+0000] {processor.py:178} INFO - Processing /home/airflow/.local/lib/python3.7/site-packages/airflow/example_dags/tutorial_dag.py took 0.578 seconds
[2023-06-04T00:37:21.535+0000] {processor.py:156} INFO - Started process (PID=99) to work on /home/airflow/.local/lib/python3.7/site-packages/airflow/example_dags/tutorial_dag.py
[2023-06-04T00:37:21.536+0000] {processor.py:758} INFO - Processing file /home/airflow/.local/lib/python3.7/site-packages/airflow/example_dags/tutorial_dag.py for tasks to queue
[2023-06-04T00:37:21.538+0000] {logging_mixin.py:117} INFO - [2023-06-04T00:37:21.538+0000] {dagbag.py:525} INFO - Filling up the DagBag from /home/airflow/.local/lib/python3.7/site-packages/airflow/example_dags/tutorial_dag.py
[2023-06-04T00:37:21.558+0000] {processor.py:768} INFO - DAG(s) dict_keys(['tutorial_dag']) retrieved from /home/airflow/.local/lib/python3.7/site-packages/airflow/example_dags/tutorial_dag.py
[2023-06-04T00:37:21.612+0000] {logging_mixin.py:117} INFO - [2023-06-04T00:37:21.611+0000] {dag.py:2573} INFO - Sync 1 DAGs
[2023-06-04T00:37:21.643+0000] {logging_mixin.py:117} INFO - [2023-06-04T00:37:21.643+0000] {dag.py:3328} INFO - Setting next_dagrun for tutorial_dag to None, run_after=None
[2023-06-04T00:37:21.667+0000] {processor.py:178} INFO - Processing /home/airflow/.local/lib/python3.7/site-packages/airflow/example_dags/tutorial_dag.py took 0.137 seconds
[2023-06-04T00:37:51.965+0000] {processor.py:156} INFO - Started process (PID=162) to work on /home/airflow/.local/lib/python3.7/site-packages/airflow/example_dags/tutorial_dag.py
[2023-06-04T00:37:51.967+0000] {processor.py:758} INFO - Processing file /home/airflow/.local/lib/python3.7/site-packages/airflow/example_dags/tutorial_dag.py for tasks to queue
[2023-06-04T00:37:51.969+0000] {logging_mixin.py:117} INFO - [2023-06-04T00:37:51.969+0000] {dagbag.py:525} INFO - Filling up the DagBag from /home/airflow/.local/lib/python3.7/site-packages/airflow/example_dags/tutorial_dag.py
[2023-06-04T00:37:51.987+0000] {processor.py:768} INFO - DAG(s) dict_keys(['tutorial_dag']) retrieved from /home/airflow/.local/lib/python3.7/site-packages/airflow/example_dags/tutorial_dag.py
[2023-06-04T00:37:52.037+0000] {logging_mixin.py:117} INFO - [2023-06-04T00:37:52.036+0000] {dag.py:2573} INFO - Sync 1 DAGs
[2023-06-04T00:37:52.068+0000] {logging_mixin.py:117} INFO - [2023-06-04T00:37:52.068+0000] {dag.py:3328} INFO - Setting next_dagrun for tutorial_dag to None, run_after=None
[2023-06-04T00:37:52.096+0000] {processor.py:178} INFO - Processing /home/airflow/.local/lib/python3.7/site-packages/airflow/example_dags/tutorial_dag.py took 0.135 seconds
[2023-06-04T00:38:22.697+0000] {processor.py:156} INFO - Started process (PID=225) to work on /home/airflow/.local/lib/python3.7/site-packages/airflow/example_dags/tutorial_dag.py
[2023-06-04T00:38:22.699+0000] {processor.py:758} INFO - Processing file /home/airflow/.local/lib/python3.7/site-packages/airflow/example_dags/tutorial_dag.py for tasks to queue
[2023-06-04T00:38:22.700+0000] {logging_mixin.py:117} INFO - [2023-06-04T00:38:22.700+0000] {dagbag.py:525} INFO - Filling up the DagBag from /home/airflow/.local/lib/python3.7/site-packages/airflow/example_dags/tutorial_dag.py
[2023-06-04T00:38:22.719+0000] {processor.py:768} INFO - DAG(s) dict_keys(['tutorial_dag']) retrieved from /home/airflow/.local/lib/python3.7/site-packages/airflow/example_dags/tutorial_dag.py
[2023-06-04T00:38:22.768+0000] {logging_mixin.py:117} INFO - [2023-06-04T00:38:22.768+0000] {dag.py:2573} INFO - Sync 1 DAGs
[2023-06-04T00:38:22.801+0000] {logging_mixin.py:117} INFO - [2023-06-04T00:38:22.801+0000] {dag.py:3328} INFO - Setting next_dagrun for tutorial_dag to None, run_after=None
[2023-06-04T00:38:22.826+0000] {processor.py:178} INFO - Processing /home/airflow/.local/lib/python3.7/site-packages/airflow/example_dags/tutorial_dag.py took 0.132 seconds
[2023-06-04T00:38:53.431+0000] {processor.py:156} INFO - Started process (PID=279) to work on /home/airflow/.local/lib/python3.7/site-packages/airflow/example_dags/tutorial_dag.py
[2023-06-04T00:38:53.433+0000] {processor.py:758} INFO - Processing file /home/airflow/.local/lib/python3.7/site-packages/airflow/example_dags/tutorial_dag.py for tasks to queue
[2023-06-04T00:38:53.435+0000] {logging_mixin.py:117} INFO - [2023-06-04T00:38:53.435+0000] {dagbag.py:525} INFO - Filling up the DagBag from /home/airflow/.local/lib/python3.7/site-packages/airflow/example_dags/tutorial_dag.py
[2023-06-04T00:38:53.456+0000] {processor.py:768} INFO - DAG(s) dict_keys(['tutorial_dag']) retrieved from /home/airflow/.local/lib/python3.7/site-packages/airflow/example_dags/tutorial_dag.py
[2023-06-04T00:38:53.510+0000] {logging_mixin.py:117} INFO - [2023-06-04T00:38:53.509+0000] {dag.py:2573} INFO - Sync 1 DAGs
[2023-06-04T00:38:53.559+0000] {logging_mixin.py:117} INFO - [2023-06-04T00:38:53.559+0000] {dag.py:3328} INFO - Setting next_dagrun for tutorial_dag to None, run_after=None
[2023-06-04T00:38:53.616+0000] {processor.py:178} INFO - Processing /home/airflow/.local/lib/python3.7/site-packages/airflow/example_dags/tutorial_dag.py took 0.190 seconds
[2023-06-04T00:39:23.896+0000] {processor.py:156} INFO - Started process (PID=342) to work on /home/airflow/.local/lib/python3.7/site-packages/airflow/example_dags/tutorial_dag.py
[2023-06-04T00:39:23.899+0000] {processor.py:758} INFO - Processing file /home/airflow/.local/lib/python3.7/site-packages/airflow/example_dags/tutorial_dag.py for tasks to queue
[2023-06-04T00:39:23.902+0000] {logging_mixin.py:117} INFO - [2023-06-04T00:39:23.902+0000] {dagbag.py:525} INFO - Filling up the DagBag from /home/airflow/.local/lib/python3.7/site-packages/airflow/example_dags/tutorial_dag.py
[2023-06-04T00:39:23.968+0000] {processor.py:768} INFO - DAG(s) dict_keys(['tutorial_dag']) retrieved from /home/airflow/.local/lib/python3.7/site-packages/airflow/example_dags/tutorial_dag.py
[2023-06-04T00:39:24.673+0000] {logging_mixin.py:117} INFO - [2023-06-04T00:39:24.672+0000] {process_utils.py:256} INFO - Waiting up to 5 seconds for processes to exit...
[2023-06-04T00:59:45.096+0000] {processor.py:156} INFO - Started process (PID=37) to work on /home/airflow/.local/lib/python3.7/site-packages/airflow/example_dags/tutorial_dag.py
[2023-06-04T00:59:45.100+0000] {processor.py:758} INFO - Processing file /home/airflow/.local/lib/python3.7/site-packages/airflow/example_dags/tutorial_dag.py for tasks to queue
[2023-06-04T00:59:45.104+0000] {logging_mixin.py:117} INFO - [2023-06-04T00:59:45.104+0000] {dagbag.py:525} INFO - Filling up the DagBag from /home/airflow/.local/lib/python3.7/site-packages/airflow/example_dags/tutorial_dag.py
[2023-06-04T00:59:45.147+0000] {processor.py:768} INFO - DAG(s) dict_keys(['tutorial_dag']) retrieved from /home/airflow/.local/lib/python3.7/site-packages/airflow/example_dags/tutorial_dag.py
[2023-06-04T00:59:45.181+0000] {logging_mixin.py:117} INFO - [2023-06-04T00:59:45.181+0000] {dag.py:2573} INFO - Sync 1 DAGs
[2023-06-04T00:59:45.225+0000] {logging_mixin.py:117} INFO - [2023-06-04T00:59:45.225+0000] {dag.py:3328} INFO - Setting next_dagrun for tutorial_dag to None, run_after=None
[2023-06-04T00:59:45.250+0000] {processor.py:178} INFO - Processing /home/airflow/.local/lib/python3.7/site-packages/airflow/example_dags/tutorial_dag.py took 0.159 seconds
[2023-06-04T01:00:15.536+0000] {processor.py:156} INFO - Started process (PID=100) to work on /home/airflow/.local/lib/python3.7/site-packages/airflow/example_dags/tutorial_dag.py
[2023-06-04T01:00:15.550+0000] {processor.py:758} INFO - Processing file /home/airflow/.local/lib/python3.7/site-packages/airflow/example_dags/tutorial_dag.py for tasks to queue
[2023-06-04T01:00:15.552+0000] {logging_mixin.py:117} INFO - [2023-06-04T01:00:15.552+0000] {dagbag.py:525} INFO - Filling up the DagBag from /home/airflow/.local/lib/python3.7/site-packages/airflow/example_dags/tutorial_dag.py
[2023-06-04T01:00:15.575+0000] {processor.py:768} INFO - DAG(s) dict_keys(['tutorial_dag']) retrieved from /home/airflow/.local/lib/python3.7/site-packages/airflow/example_dags/tutorial_dag.py
[2023-06-04T01:00:15.637+0000] {logging_mixin.py:117} INFO - [2023-06-04T01:00:15.637+0000] {dag.py:2573} INFO - Sync 1 DAGs
[2023-06-04T01:00:15.675+0000] {logging_mixin.py:117} INFO - [2023-06-04T01:00:15.675+0000] {dag.py:3328} INFO - Setting next_dagrun for tutorial_dag to None, run_after=None
[2023-06-04T01:00:15.700+0000] {processor.py:178} INFO - Processing /home/airflow/.local/lib/python3.7/site-packages/airflow/example_dags/tutorial_dag.py took 0.169 seconds
[2023-06-04T01:00:45.847+0000] {processor.py:156} INFO - Started process (PID=163) to work on /home/airflow/.local/lib/python3.7/site-packages/airflow/example_dags/tutorial_dag.py
[2023-06-04T01:00:45.849+0000] {processor.py:758} INFO - Processing file /home/airflow/.local/lib/python3.7/site-packages/airflow/example_dags/tutorial_dag.py for tasks to queue
[2023-06-04T01:00:45.851+0000] {logging_mixin.py:117} INFO - [2023-06-04T01:00:45.851+0000] {dagbag.py:525} INFO - Filling up the DagBag from /home/airflow/.local/lib/python3.7/site-packages/airflow/example_dags/tutorial_dag.py
[2023-06-04T01:00:45.880+0000] {processor.py:768} INFO - DAG(s) dict_keys(['tutorial_dag']) retrieved from /home/airflow/.local/lib/python3.7/site-packages/airflow/example_dags/tutorial_dag.py
[2023-06-04T01:00:45.965+0000] {logging_mixin.py:117} INFO - [2023-06-04T01:00:45.965+0000] {dag.py:2573} INFO - Sync 1 DAGs
[2023-06-04T01:00:46.001+0000] {logging_mixin.py:117} INFO - [2023-06-04T01:00:46.001+0000] {dag.py:3328} INFO - Setting next_dagrun for tutorial_dag to None, run_after=None
[2023-06-04T01:00:46.032+0000] {processor.py:178} INFO - Processing /home/airflow/.local/lib/python3.7/site-packages/airflow/example_dags/tutorial_dag.py took 0.191 seconds
[2023-06-04T01:01:16.697+0000] {processor.py:156} INFO - Started process (PID=218) to work on /home/airflow/.local/lib/python3.7/site-packages/airflow/example_dags/tutorial_dag.py
[2023-06-04T01:01:16.699+0000] {processor.py:758} INFO - Processing file /home/airflow/.local/lib/python3.7/site-packages/airflow/example_dags/tutorial_dag.py for tasks to queue
[2023-06-04T01:01:16.701+0000] {logging_mixin.py:117} INFO - [2023-06-04T01:01:16.701+0000] {dagbag.py:525} INFO - Filling up the DagBag from /home/airflow/.local/lib/python3.7/site-packages/airflow/example_dags/tutorial_dag.py
[2023-06-04T01:01:16.722+0000] {processor.py:768} INFO - DAG(s) dict_keys(['tutorial_dag']) retrieved from /home/airflow/.local/lib/python3.7/site-packages/airflow/example_dags/tutorial_dag.py
[2023-06-04T01:01:16.776+0000] {logging_mixin.py:117} INFO - [2023-06-04T01:01:16.776+0000] {dag.py:2573} INFO - Sync 1 DAGs
[2023-06-04T01:01:16.810+0000] {logging_mixin.py:117} INFO - [2023-06-04T01:01:16.809+0000] {dag.py:3328} INFO - Setting next_dagrun for tutorial_dag to None, run_after=None
[2023-06-04T01:01:16.834+0000] {processor.py:178} INFO - Processing /home/airflow/.local/lib/python3.7/site-packages/airflow/example_dags/tutorial_dag.py took 0.142 seconds
[2023-06-04T01:01:47.128+0000] {processor.py:156} INFO - Started process (PID=281) to work on /home/airflow/.local/lib/python3.7/site-packages/airflow/example_dags/tutorial_dag.py
[2023-06-04T01:01:47.130+0000] {processor.py:758} INFO - Processing file /home/airflow/.local/lib/python3.7/site-packages/airflow/example_dags/tutorial_dag.py for tasks to queue
[2023-06-04T01:01:47.132+0000] {logging_mixin.py:117} INFO - [2023-06-04T01:01:47.132+0000] {dagbag.py:525} INFO - Filling up the DagBag from /home/airflow/.local/lib/python3.7/site-packages/airflow/example_dags/tutorial_dag.py
[2023-06-04T01:01:47.153+0000] {processor.py:768} INFO - DAG(s) dict_keys(['tutorial_dag']) retrieved from /home/airflow/.local/lib/python3.7/site-packages/airflow/example_dags/tutorial_dag.py
[2023-06-04T01:01:47.206+0000] {logging_mixin.py:117} INFO - [2023-06-04T01:01:47.206+0000] {dag.py:2573} INFO - Sync 1 DAGs
[2023-06-04T01:01:47.237+0000] {logging_mixin.py:117} INFO - [2023-06-04T01:01:47.236+0000] {dag.py:3328} INFO - Setting next_dagrun for tutorial_dag to None, run_after=None
[2023-06-04T01:01:47.260+0000] {processor.py:178} INFO - Processing /home/airflow/.local/lib/python3.7/site-packages/airflow/example_dags/tutorial_dag.py took 0.137 seconds
[2023-06-04T01:02:17.427+0000] {processor.py:156} INFO - Started process (PID=344) to work on /home/airflow/.local/lib/python3.7/site-packages/airflow/example_dags/tutorial_dag.py
[2023-06-04T01:02:17.429+0000] {processor.py:758} INFO - Processing file /home/airflow/.local/lib/python3.7/site-packages/airflow/example_dags/tutorial_dag.py for tasks to queue
[2023-06-04T01:02:17.431+0000] {logging_mixin.py:117} INFO - [2023-06-04T01:02:17.431+0000] {dagbag.py:525} INFO - Filling up the DagBag from /home/airflow/.local/lib/python3.7/site-packages/airflow/example_dags/tutorial_dag.py
[2023-06-04T01:02:17.452+0000] {processor.py:768} INFO - DAG(s) dict_keys(['tutorial_dag']) retrieved from /home/airflow/.local/lib/python3.7/site-packages/airflow/example_dags/tutorial_dag.py
[2023-06-04T01:02:17.505+0000] {logging_mixin.py:117} INFO - [2023-06-04T01:02:17.505+0000] {dag.py:2573} INFO - Sync 1 DAGs
[2023-06-04T01:02:17.536+0000] {logging_mixin.py:117} INFO - [2023-06-04T01:02:17.536+0000] {dag.py:3328} INFO - Setting next_dagrun for tutorial_dag to None, run_after=None
[2023-06-04T01:02:17.557+0000] {processor.py:178} INFO - Processing /home/airflow/.local/lib/python3.7/site-packages/airflow/example_dags/tutorial_dag.py took 0.135 seconds
[2023-06-04T01:02:47.973+0000] {processor.py:156} INFO - Started process (PID=398) to work on /home/airflow/.local/lib/python3.7/site-packages/airflow/example_dags/tutorial_dag.py
[2023-06-04T01:02:47.976+0000] {processor.py:758} INFO - Processing file /home/airflow/.local/lib/python3.7/site-packages/airflow/example_dags/tutorial_dag.py for tasks to queue
[2023-06-04T01:02:47.978+0000] {logging_mixin.py:117} INFO - [2023-06-04T01:02:47.978+0000] {dagbag.py:525} INFO - Filling up the DagBag from /home/airflow/.local/lib/python3.7/site-packages/airflow/example_dags/tutorial_dag.py
[2023-06-04T01:02:48.000+0000] {processor.py:768} INFO - DAG(s) dict_keys(['tutorial_dag']) retrieved from /home/airflow/.local/lib/python3.7/site-packages/airflow/example_dags/tutorial_dag.py
[2023-06-04T01:02:48.055+0000] {logging_mixin.py:117} INFO - [2023-06-04T01:02:48.054+0000] {dag.py:2573} INFO - Sync 1 DAGs
[2023-06-04T01:02:48.088+0000] {logging_mixin.py:117} INFO - [2023-06-04T01:02:48.088+0000] {dag.py:3328} INFO - Setting next_dagrun for tutorial_dag to None, run_after=None
[2023-06-04T01:02:48.117+0000] {processor.py:178} INFO - Processing /home/airflow/.local/lib/python3.7/site-packages/airflow/example_dags/tutorial_dag.py took 0.149 seconds
[2023-06-04T01:03:18.273+0000] {processor.py:156} INFO - Started process (PID=461) to work on /home/airflow/.local/lib/python3.7/site-packages/airflow/example_dags/tutorial_dag.py
[2023-06-04T01:03:18.275+0000] {processor.py:758} INFO - Processing file /home/airflow/.local/lib/python3.7/site-packages/airflow/example_dags/tutorial_dag.py for tasks to queue
[2023-06-04T01:03:18.277+0000] {logging_mixin.py:117} INFO - [2023-06-04T01:03:18.277+0000] {dagbag.py:525} INFO - Filling up the DagBag from /home/airflow/.local/lib/python3.7/site-packages/airflow/example_dags/tutorial_dag.py
[2023-06-04T01:03:18.302+0000] {processor.py:768} INFO - DAG(s) dict_keys(['tutorial_dag']) retrieved from /home/airflow/.local/lib/python3.7/site-packages/airflow/example_dags/tutorial_dag.py
[2023-06-04T01:03:18.359+0000] {logging_mixin.py:117} INFO - [2023-06-04T01:03:18.359+0000] {dag.py:2573} INFO - Sync 1 DAGs
[2023-06-04T01:03:18.394+0000] {logging_mixin.py:117} INFO - [2023-06-04T01:03:18.394+0000] {dag.py:3328} INFO - Setting next_dagrun for tutorial_dag to None, run_after=None
[2023-06-04T01:03:18.423+0000] {processor.py:178} INFO - Processing /home/airflow/.local/lib/python3.7/site-packages/airflow/example_dags/tutorial_dag.py took 0.155 seconds
[2023-06-04T01:03:48.699+0000] {processor.py:156} INFO - Started process (PID=524) to work on /home/airflow/.local/lib/python3.7/site-packages/airflow/example_dags/tutorial_dag.py
[2023-06-04T01:03:48.701+0000] {processor.py:758} INFO - Processing file /home/airflow/.local/lib/python3.7/site-packages/airflow/example_dags/tutorial_dag.py for tasks to queue
[2023-06-04T01:03:48.703+0000] {logging_mixin.py:117} INFO - [2023-06-04T01:03:48.703+0000] {dagbag.py:525} INFO - Filling up the DagBag from /home/airflow/.local/lib/python3.7/site-packages/airflow/example_dags/tutorial_dag.py
[2023-06-04T01:03:48.724+0000] {processor.py:768} INFO - DAG(s) dict_keys(['tutorial_dag']) retrieved from /home/airflow/.local/lib/python3.7/site-packages/airflow/example_dags/tutorial_dag.py
[2023-06-04T01:03:48.779+0000] {logging_mixin.py:117} INFO - [2023-06-04T01:03:48.779+0000] {dag.py:2573} INFO - Sync 1 DAGs
[2023-06-04T01:03:48.812+0000] {logging_mixin.py:117} INFO - [2023-06-04T01:03:48.812+0000] {dag.py:3328} INFO - Setting next_dagrun for tutorial_dag to None, run_after=None
[2023-06-04T01:03:48.837+0000] {processor.py:178} INFO - Processing /home/airflow/.local/lib/python3.7/site-packages/airflow/example_dags/tutorial_dag.py took 0.143 seconds
[2023-06-04T01:04:19.512+0000] {processor.py:156} INFO - Started process (PID=578) to work on /home/airflow/.local/lib/python3.7/site-packages/airflow/example_dags/tutorial_dag.py
[2023-06-04T01:04:19.515+0000] {processor.py:758} INFO - Processing file /home/airflow/.local/lib/python3.7/site-packages/airflow/example_dags/tutorial_dag.py for tasks to queue
[2023-06-04T01:04:19.517+0000] {logging_mixin.py:117} INFO - [2023-06-04T01:04:19.516+0000] {dagbag.py:525} INFO - Filling up the DagBag from /home/airflow/.local/lib/python3.7/site-packages/airflow/example_dags/tutorial_dag.py
[2023-06-04T01:04:19.538+0000] {processor.py:768} INFO - DAG(s) dict_keys(['tutorial_dag']) retrieved from /home/airflow/.local/lib/python3.7/site-packages/airflow/example_dags/tutorial_dag.py
[2023-06-04T01:04:19.592+0000] {logging_mixin.py:117} INFO - [2023-06-04T01:04:19.591+0000] {dag.py:2573} INFO - Sync 1 DAGs
[2023-06-04T01:04:19.624+0000] {logging_mixin.py:117} INFO - [2023-06-04T01:04:19.623+0000] {dag.py:3328} INFO - Setting next_dagrun for tutorial_dag to None, run_after=None
[2023-06-04T01:04:19.646+0000] {processor.py:178} INFO - Processing /home/airflow/.local/lib/python3.7/site-packages/airflow/example_dags/tutorial_dag.py took 0.138 seconds
[2023-06-04T01:04:50.144+0000] {processor.py:156} INFO - Started process (PID=642) to work on /home/airflow/.local/lib/python3.7/site-packages/airflow/example_dags/tutorial_dag.py
[2023-06-04T01:04:50.147+0000] {processor.py:758} INFO - Processing file /home/airflow/.local/lib/python3.7/site-packages/airflow/example_dags/tutorial_dag.py for tasks to queue
[2023-06-04T01:04:50.149+0000] {logging_mixin.py:117} INFO - [2023-06-04T01:04:50.149+0000] {dagbag.py:525} INFO - Filling up the DagBag from /home/airflow/.local/lib/python3.7/site-packages/airflow/example_dags/tutorial_dag.py
[2023-06-04T01:04:50.172+0000] {processor.py:768} INFO - DAG(s) dict_keys(['tutorial_dag']) retrieved from /home/airflow/.local/lib/python3.7/site-packages/airflow/example_dags/tutorial_dag.py
[2023-06-04T01:04:50.228+0000] {logging_mixin.py:117} INFO - [2023-06-04T01:04:50.228+0000] {dag.py:2573} INFO - Sync 1 DAGs
[2023-06-04T01:04:50.263+0000] {logging_mixin.py:117} INFO - [2023-06-04T01:04:50.262+0000] {dag.py:3328} INFO - Setting next_dagrun for tutorial_dag to None, run_after=None
[2023-06-04T01:04:50.292+0000] {processor.py:178} INFO - Processing /home/airflow/.local/lib/python3.7/site-packages/airflow/example_dags/tutorial_dag.py took 0.154 seconds
[2023-06-04T01:05:55.908+0000] {processor.py:156} INFO - Started process (PID=46) to work on /home/airflow/.local/lib/python3.7/site-packages/airflow/example_dags/tutorial_dag.py
[2023-06-04T01:05:55.910+0000] {processor.py:758} INFO - Processing file /home/airflow/.local/lib/python3.7/site-packages/airflow/example_dags/tutorial_dag.py for tasks to queue
[2023-06-04T01:05:55.913+0000] {logging_mixin.py:117} INFO - [2023-06-04T01:05:55.913+0000] {dagbag.py:525} INFO - Filling up the DagBag from /home/airflow/.local/lib/python3.7/site-packages/airflow/example_dags/tutorial_dag.py
[2023-06-04T01:05:55.972+0000] {processor.py:768} INFO - DAG(s) dict_keys(['tutorial_dag']) retrieved from /home/airflow/.local/lib/python3.7/site-packages/airflow/example_dags/tutorial_dag.py
[2023-06-04T01:05:56.032+0000] {logging_mixin.py:117} INFO - [2023-06-04T01:05:56.032+0000] {dag.py:2573} INFO - Sync 1 DAGs
[2023-06-04T01:05:56.101+0000] {logging_mixin.py:117} INFO - [2023-06-04T01:05:56.100+0000] {dag.py:3328} INFO - Setting next_dagrun for tutorial_dag to None, run_after=None
[2023-06-04T01:05:56.129+0000] {processor.py:178} INFO - Processing /home/airflow/.local/lib/python3.7/site-packages/airflow/example_dags/tutorial_dag.py took 0.227 seconds
[2023-06-04T01:06:26.864+0000] {processor.py:156} INFO - Started process (PID=103) to work on /home/airflow/.local/lib/python3.7/site-packages/airflow/example_dags/tutorial_dag.py
[2023-06-04T01:06:26.866+0000] {processor.py:758} INFO - Processing file /home/airflow/.local/lib/python3.7/site-packages/airflow/example_dags/tutorial_dag.py for tasks to queue
[2023-06-04T01:06:26.868+0000] {logging_mixin.py:117} INFO - [2023-06-04T01:06:26.868+0000] {dagbag.py:525} INFO - Filling up the DagBag from /home/airflow/.local/lib/python3.7/site-packages/airflow/example_dags/tutorial_dag.py
[2023-06-04T01:06:26.888+0000] {processor.py:768} INFO - DAG(s) dict_keys(['tutorial_dag']) retrieved from /home/airflow/.local/lib/python3.7/site-packages/airflow/example_dags/tutorial_dag.py
[2023-06-04T01:06:26.942+0000] {logging_mixin.py:117} INFO - [2023-06-04T01:06:26.942+0000] {dag.py:2573} INFO - Sync 1 DAGs
[2023-06-04T01:06:26.974+0000] {logging_mixin.py:117} INFO - [2023-06-04T01:06:26.974+0000] {dag.py:3328} INFO - Setting next_dagrun for tutorial_dag to None, run_after=None
[2023-06-04T01:06:26.996+0000] {processor.py:178} INFO - Processing /home/airflow/.local/lib/python3.7/site-packages/airflow/example_dags/tutorial_dag.py took 0.136 seconds
[2023-06-04T01:06:57.722+0000] {processor.py:156} INFO - Started process (PID=169) to work on /home/airflow/.local/lib/python3.7/site-packages/airflow/example_dags/tutorial_dag.py
[2023-06-04T01:06:57.724+0000] {processor.py:758} INFO - Processing file /home/airflow/.local/lib/python3.7/site-packages/airflow/example_dags/tutorial_dag.py for tasks to queue
[2023-06-04T01:06:57.725+0000] {logging_mixin.py:117} INFO - [2023-06-04T01:06:57.725+0000] {dagbag.py:525} INFO - Filling up the DagBag from /home/airflow/.local/lib/python3.7/site-packages/airflow/example_dags/tutorial_dag.py
[2023-06-04T01:06:57.748+0000] {processor.py:768} INFO - DAG(s) dict_keys(['tutorial_dag']) retrieved from /home/airflow/.local/lib/python3.7/site-packages/airflow/example_dags/tutorial_dag.py
[2023-06-04T01:06:57.799+0000] {logging_mixin.py:117} INFO - [2023-06-04T01:06:57.799+0000] {dag.py:2573} INFO - Sync 1 DAGs
[2023-06-04T01:06:57.828+0000] {logging_mixin.py:117} INFO - [2023-06-04T01:06:57.828+0000] {dag.py:3328} INFO - Setting next_dagrun for tutorial_dag to None, run_after=None
[2023-06-04T01:06:57.850+0000] {processor.py:178} INFO - Processing /home/airflow/.local/lib/python3.7/site-packages/airflow/example_dags/tutorial_dag.py took 0.132 seconds
[2023-06-04T01:07:28.483+0000] {processor.py:156} INFO - Started process (PID=233) to work on /home/airflow/.local/lib/python3.7/site-packages/airflow/example_dags/tutorial_dag.py
[2023-06-04T01:07:28.485+0000] {processor.py:758} INFO - Processing file /home/airflow/.local/lib/python3.7/site-packages/airflow/example_dags/tutorial_dag.py for tasks to queue
[2023-06-04T01:07:28.487+0000] {logging_mixin.py:117} INFO - [2023-06-04T01:07:28.487+0000] {dagbag.py:525} INFO - Filling up the DagBag from /home/airflow/.local/lib/python3.7/site-packages/airflow/example_dags/tutorial_dag.py
[2023-06-04T01:07:28.511+0000] {processor.py:768} INFO - DAG(s) dict_keys(['tutorial_dag']) retrieved from /home/airflow/.local/lib/python3.7/site-packages/airflow/example_dags/tutorial_dag.py
[2023-06-04T01:07:28.567+0000] {logging_mixin.py:117} INFO - [2023-06-04T01:07:28.567+0000] {dag.py:2573} INFO - Sync 1 DAGs
[2023-06-04T01:07:28.599+0000] {logging_mixin.py:117} INFO - [2023-06-04T01:07:28.599+0000] {dag.py:3328} INFO - Setting next_dagrun for tutorial_dag to None, run_after=None
[2023-06-04T01:07:28.621+0000] {processor.py:178} INFO - Processing /home/airflow/.local/lib/python3.7/site-packages/airflow/example_dags/tutorial_dag.py took 0.143 seconds
[2023-06-04T01:07:59.166+0000] {processor.py:156} INFO - Started process (PID=288) to work on /home/airflow/.local/lib/python3.7/site-packages/airflow/example_dags/tutorial_dag.py
[2023-06-04T01:07:59.168+0000] {processor.py:758} INFO - Processing file /home/airflow/.local/lib/python3.7/site-packages/airflow/example_dags/tutorial_dag.py for tasks to queue
[2023-06-04T01:07:59.170+0000] {logging_mixin.py:117} INFO - [2023-06-04T01:07:59.169+0000] {dagbag.py:525} INFO - Filling up the DagBag from /home/airflow/.local/lib/python3.7/site-packages/airflow/example_dags/tutorial_dag.py
[2023-06-04T01:07:59.194+0000] {processor.py:768} INFO - DAG(s) dict_keys(['tutorial_dag']) retrieved from /home/airflow/.local/lib/python3.7/site-packages/airflow/example_dags/tutorial_dag.py
[2023-06-04T01:07:59.247+0000] {logging_mixin.py:117} INFO - [2023-06-04T01:07:59.247+0000] {dag.py:2573} INFO - Sync 1 DAGs
[2023-06-04T01:07:59.279+0000] {logging_mixin.py:117} INFO - [2023-06-04T01:07:59.279+0000] {dag.py:3328} INFO - Setting next_dagrun for tutorial_dag to None, run_after=None
[2023-06-04T01:07:59.302+0000] {processor.py:178} INFO - Processing /home/airflow/.local/lib/python3.7/site-packages/airflow/example_dags/tutorial_dag.py took 0.140 seconds
[2023-06-04T01:08:29.980+0000] {processor.py:156} INFO - Started process (PID=352) to work on /home/airflow/.local/lib/python3.7/site-packages/airflow/example_dags/tutorial_dag.py
[2023-06-04T01:08:29.982+0000] {processor.py:758} INFO - Processing file /home/airflow/.local/lib/python3.7/site-packages/airflow/example_dags/tutorial_dag.py for tasks to queue
[2023-06-04T01:08:29.984+0000] {logging_mixin.py:117} INFO - [2023-06-04T01:08:29.984+0000] {dagbag.py:525} INFO - Filling up the DagBag from /home/airflow/.local/lib/python3.7/site-packages/airflow/example_dags/tutorial_dag.py
[2023-06-04T01:08:30.004+0000] {processor.py:768} INFO - DAG(s) dict_keys(['tutorial_dag']) retrieved from /home/airflow/.local/lib/python3.7/site-packages/airflow/example_dags/tutorial_dag.py
[2023-06-04T01:08:30.056+0000] {logging_mixin.py:117} INFO - [2023-06-04T01:08:30.055+0000] {dag.py:2573} INFO - Sync 1 DAGs
[2023-06-04T01:08:30.088+0000] {logging_mixin.py:117} INFO - [2023-06-04T01:08:30.088+0000] {dag.py:3328} INFO - Setting next_dagrun for tutorial_dag to None, run_after=None
[2023-06-04T01:08:30.112+0000] {processor.py:178} INFO - Processing /home/airflow/.local/lib/python3.7/site-packages/airflow/example_dags/tutorial_dag.py took 0.135 seconds
[2023-06-04T01:09:00.724+0000] {processor.py:156} INFO - Started process (PID=416) to work on /home/airflow/.local/lib/python3.7/site-packages/airflow/example_dags/tutorial_dag.py
[2023-06-04T01:09:00.727+0000] {processor.py:758} INFO - Processing file /home/airflow/.local/lib/python3.7/site-packages/airflow/example_dags/tutorial_dag.py for tasks to queue
[2023-06-04T01:09:00.729+0000] {logging_mixin.py:117} INFO - [2023-06-04T01:09:00.729+0000] {dagbag.py:525} INFO - Filling up the DagBag from /home/airflow/.local/lib/python3.7/site-packages/airflow/example_dags/tutorial_dag.py
[2023-06-04T01:09:00.756+0000] {processor.py:768} INFO - DAG(s) dict_keys(['tutorial_dag']) retrieved from /home/airflow/.local/lib/python3.7/site-packages/airflow/example_dags/tutorial_dag.py
[2023-06-04T01:09:00.817+0000] {logging_mixin.py:117} INFO - [2023-06-04T01:09:00.816+0000] {dag.py:2573} INFO - Sync 1 DAGs
[2023-06-04T01:09:00.849+0000] {logging_mixin.py:117} INFO - [2023-06-04T01:09:00.849+0000] {dag.py:3328} INFO - Setting next_dagrun for tutorial_dag to None, run_after=None
[2023-06-04T01:09:00.875+0000] {processor.py:178} INFO - Processing /home/airflow/.local/lib/python3.7/site-packages/airflow/example_dags/tutorial_dag.py took 0.157 seconds
[2023-06-04T01:09:31.719+0000] {processor.py:156} INFO - Started process (PID=471) to work on /home/airflow/.local/lib/python3.7/site-packages/airflow/example_dags/tutorial_dag.py
[2023-06-04T01:09:31.721+0000] {processor.py:758} INFO - Processing file /home/airflow/.local/lib/python3.7/site-packages/airflow/example_dags/tutorial_dag.py for tasks to queue
[2023-06-04T01:09:31.723+0000] {logging_mixin.py:117} INFO - [2023-06-04T01:09:31.722+0000] {dagbag.py:525} INFO - Filling up the DagBag from /home/airflow/.local/lib/python3.7/site-packages/airflow/example_dags/tutorial_dag.py
[2023-06-04T01:09:31.743+0000] {processor.py:768} INFO - DAG(s) dict_keys(['tutorial_dag']) retrieved from /home/airflow/.local/lib/python3.7/site-packages/airflow/example_dags/tutorial_dag.py
[2023-06-04T01:09:31.803+0000] {logging_mixin.py:117} INFO - [2023-06-04T01:09:31.802+0000] {dag.py:2573} INFO - Sync 1 DAGs
[2023-06-04T01:09:31.836+0000] {logging_mixin.py:117} INFO - [2023-06-04T01:09:31.836+0000] {dag.py:3328} INFO - Setting next_dagrun for tutorial_dag to None, run_after=None
[2023-06-04T01:09:31.864+0000] {processor.py:178} INFO - Processing /home/airflow/.local/lib/python3.7/site-packages/airflow/example_dags/tutorial_dag.py took 0.150 seconds
[2023-06-04T01:10:02.711+0000] {processor.py:156} INFO - Started process (PID=535) to work on /home/airflow/.local/lib/python3.7/site-packages/airflow/example_dags/tutorial_dag.py
[2023-06-04T01:10:02.713+0000] {processor.py:758} INFO - Processing file /home/airflow/.local/lib/python3.7/site-packages/airflow/example_dags/tutorial_dag.py for tasks to queue
[2023-06-04T01:10:02.715+0000] {logging_mixin.py:117} INFO - [2023-06-04T01:10:02.715+0000] {dagbag.py:525} INFO - Filling up the DagBag from /home/airflow/.local/lib/python3.7/site-packages/airflow/example_dags/tutorial_dag.py
[2023-06-04T01:10:02.735+0000] {processor.py:768} INFO - DAG(s) dict_keys(['tutorial_dag']) retrieved from /home/airflow/.local/lib/python3.7/site-packages/airflow/example_dags/tutorial_dag.py
[2023-06-04T01:10:02.792+0000] {logging_mixin.py:117} INFO - [2023-06-04T01:10:02.792+0000] {dag.py:2573} INFO - Sync 1 DAGs
[2023-06-04T01:10:02.826+0000] {logging_mixin.py:117} INFO - [2023-06-04T01:10:02.826+0000] {dag.py:3328} INFO - Setting next_dagrun for tutorial_dag to None, run_after=None
[2023-06-04T01:10:02.855+0000] {processor.py:178} INFO - Processing /home/airflow/.local/lib/python3.7/site-packages/airflow/example_dags/tutorial_dag.py took 0.150 seconds
[2023-06-04T01:10:32.991+0000] {processor.py:156} INFO - Started process (PID=599) to work on /home/airflow/.local/lib/python3.7/site-packages/airflow/example_dags/tutorial_dag.py
[2023-06-04T01:10:32.993+0000] {processor.py:758} INFO - Processing file /home/airflow/.local/lib/python3.7/site-packages/airflow/example_dags/tutorial_dag.py for tasks to queue
[2023-06-04T01:10:32.995+0000] {logging_mixin.py:117} INFO - [2023-06-04T01:10:32.995+0000] {dagbag.py:525} INFO - Filling up the DagBag from /home/airflow/.local/lib/python3.7/site-packages/airflow/example_dags/tutorial_dag.py
[2023-06-04T01:10:33.014+0000] {processor.py:768} INFO - DAG(s) dict_keys(['tutorial_dag']) retrieved from /home/airflow/.local/lib/python3.7/site-packages/airflow/example_dags/tutorial_dag.py
[2023-06-04T01:10:33.060+0000] {logging_mixin.py:117} INFO - [2023-06-04T01:10:33.060+0000] {dag.py:2573} INFO - Sync 1 DAGs
[2023-06-04T01:10:33.090+0000] {logging_mixin.py:117} INFO - [2023-06-04T01:10:33.090+0000] {dag.py:3328} INFO - Setting next_dagrun for tutorial_dag to None, run_after=None
[2023-06-04T01:10:33.110+0000] {processor.py:178} INFO - Processing /home/airflow/.local/lib/python3.7/site-packages/airflow/example_dags/tutorial_dag.py took 0.124 seconds
[2023-06-04T01:11:03.866+0000] {processor.py:156} INFO - Started process (PID=663) to work on /home/airflow/.local/lib/python3.7/site-packages/airflow/example_dags/tutorial_dag.py
[2023-06-04T01:11:03.869+0000] {processor.py:758} INFO - Processing file /home/airflow/.local/lib/python3.7/site-packages/airflow/example_dags/tutorial_dag.py for tasks to queue
[2023-06-04T01:11:03.871+0000] {logging_mixin.py:117} INFO - [2023-06-04T01:11:03.870+0000] {dagbag.py:525} INFO - Filling up the DagBag from /home/airflow/.local/lib/python3.7/site-packages/airflow/example_dags/tutorial_dag.py
[2023-06-04T01:11:03.895+0000] {processor.py:768} INFO - DAG(s) dict_keys(['tutorial_dag']) retrieved from /home/airflow/.local/lib/python3.7/site-packages/airflow/example_dags/tutorial_dag.py
[2023-06-04T01:11:03.959+0000] {logging_mixin.py:117} INFO - [2023-06-04T01:11:03.958+0000] {dag.py:2573} INFO - Sync 1 DAGs
[2023-06-04T01:11:03.991+0000] {logging_mixin.py:117} INFO - [2023-06-04T01:11:03.991+0000] {dag.py:3328} INFO - Setting next_dagrun for tutorial_dag to None, run_after=None
[2023-06-04T01:11:04.019+0000] {processor.py:178} INFO - Processing /home/airflow/.local/lib/python3.7/site-packages/airflow/example_dags/tutorial_dag.py took 0.158 seconds
[2023-06-04T01:11:34.402+0000] {processor.py:156} INFO - Started process (PID=718) to work on /home/airflow/.local/lib/python3.7/site-packages/airflow/example_dags/tutorial_dag.py
[2023-06-04T01:11:34.405+0000] {processor.py:758} INFO - Processing file /home/airflow/.local/lib/python3.7/site-packages/airflow/example_dags/tutorial_dag.py for tasks to queue
[2023-06-04T01:11:34.408+0000] {logging_mixin.py:117} INFO - [2023-06-04T01:11:34.408+0000] {dagbag.py:525} INFO - Filling up the DagBag from /home/airflow/.local/lib/python3.7/site-packages/airflow/example_dags/tutorial_dag.py
[2023-06-04T01:11:34.438+0000] {processor.py:768} INFO - DAG(s) dict_keys(['tutorial_dag']) retrieved from /home/airflow/.local/lib/python3.7/site-packages/airflow/example_dags/tutorial_dag.py
[2023-06-04T01:11:34.538+0000] {logging_mixin.py:117} INFO - [2023-06-04T01:11:34.538+0000] {dag.py:2573} INFO - Sync 1 DAGs
[2023-06-04T01:11:34.593+0000] {logging_mixin.py:117} INFO - [2023-06-04T01:11:34.592+0000] {dag.py:3328} INFO - Setting next_dagrun for tutorial_dag to None, run_after=None
[2023-06-04T01:11:34.627+0000] {processor.py:178} INFO - Processing /home/airflow/.local/lib/python3.7/site-packages/airflow/example_dags/tutorial_dag.py took 0.232 seconds
[2023-06-04T01:12:04.997+0000] {processor.py:156} INFO - Started process (PID=782) to work on /home/airflow/.local/lib/python3.7/site-packages/airflow/example_dags/tutorial_dag.py
[2023-06-04T01:12:04.999+0000] {processor.py:758} INFO - Processing file /home/airflow/.local/lib/python3.7/site-packages/airflow/example_dags/tutorial_dag.py for tasks to queue
[2023-06-04T01:12:05.002+0000] {logging_mixin.py:117} INFO - [2023-06-04T01:12:05.001+0000] {dagbag.py:525} INFO - Filling up the DagBag from /home/airflow/.local/lib/python3.7/site-packages/airflow/example_dags/tutorial_dag.py
[2023-06-04T01:12:05.020+0000] {processor.py:768} INFO - DAG(s) dict_keys(['tutorial_dag']) retrieved from /home/airflow/.local/lib/python3.7/site-packages/airflow/example_dags/tutorial_dag.py
[2023-06-04T01:12:05.071+0000] {logging_mixin.py:117} INFO - [2023-06-04T01:12:05.071+0000] {dag.py:2573} INFO - Sync 1 DAGs
[2023-06-04T01:12:05.104+0000] {logging_mixin.py:117} INFO - [2023-06-04T01:12:05.103+0000] {dag.py:3328} INFO - Setting next_dagrun for tutorial_dag to None, run_after=None
[2023-06-04T01:12:05.129+0000] {processor.py:178} INFO - Processing /home/airflow/.local/lib/python3.7/site-packages/airflow/example_dags/tutorial_dag.py took 0.135 seconds
[2023-06-04T01:12:35.572+0000] {processor.py:156} INFO - Started process (PID=846) to work on /home/airflow/.local/lib/python3.7/site-packages/airflow/example_dags/tutorial_dag.py
[2023-06-04T01:12:35.574+0000] {processor.py:758} INFO - Processing file /home/airflow/.local/lib/python3.7/site-packages/airflow/example_dags/tutorial_dag.py for tasks to queue
[2023-06-04T01:12:35.576+0000] {logging_mixin.py:117} INFO - [2023-06-04T01:12:35.576+0000] {dagbag.py:525} INFO - Filling up the DagBag from /home/airflow/.local/lib/python3.7/site-packages/airflow/example_dags/tutorial_dag.py
[2023-06-04T01:12:35.597+0000] {processor.py:768} INFO - DAG(s) dict_keys(['tutorial_dag']) retrieved from /home/airflow/.local/lib/python3.7/site-packages/airflow/example_dags/tutorial_dag.py
[2023-06-04T01:12:35.652+0000] {logging_mixin.py:117} INFO - [2023-06-04T01:12:35.652+0000] {dag.py:2573} INFO - Sync 1 DAGs
[2023-06-04T01:12:35.686+0000] {logging_mixin.py:117} INFO - [2023-06-04T01:12:35.686+0000] {dag.py:3328} INFO - Setting next_dagrun for tutorial_dag to None, run_after=None
[2023-06-04T01:12:35.710+0000] {processor.py:178} INFO - Processing /home/airflow/.local/lib/python3.7/site-packages/airflow/example_dags/tutorial_dag.py took 0.144 seconds
[2023-06-04T01:13:05.935+0000] {processor.py:156} INFO - Started process (PID=901) to work on /home/airflow/.local/lib/python3.7/site-packages/airflow/example_dags/tutorial_dag.py
[2023-06-04T01:13:05.937+0000] {processor.py:758} INFO - Processing file /home/airflow/.local/lib/python3.7/site-packages/airflow/example_dags/tutorial_dag.py for tasks to queue
[2023-06-04T01:13:05.939+0000] {logging_mixin.py:117} INFO - [2023-06-04T01:13:05.939+0000] {dagbag.py:525} INFO - Filling up the DagBag from /home/airflow/.local/lib/python3.7/site-packages/airflow/example_dags/tutorial_dag.py
[2023-06-04T01:13:05.960+0000] {processor.py:768} INFO - DAG(s) dict_keys(['tutorial_dag']) retrieved from /home/airflow/.local/lib/python3.7/site-packages/airflow/example_dags/tutorial_dag.py
[2023-06-04T01:13:06.012+0000] {logging_mixin.py:117} INFO - [2023-06-04T01:13:06.012+0000] {dag.py:2573} INFO - Sync 1 DAGs
[2023-06-04T01:13:06.041+0000] {logging_mixin.py:117} INFO - [2023-06-04T01:13:06.041+0000] {dag.py:3328} INFO - Setting next_dagrun for tutorial_dag to None, run_after=None
[2023-06-04T01:13:06.068+0000] {processor.py:178} INFO - Processing /home/airflow/.local/lib/python3.7/site-packages/airflow/example_dags/tutorial_dag.py took 0.139 seconds
[2023-06-04T01:13:36.315+0000] {processor.py:156} INFO - Started process (PID=965) to work on /home/airflow/.local/lib/python3.7/site-packages/airflow/example_dags/tutorial_dag.py
[2023-06-04T01:13:36.317+0000] {processor.py:758} INFO - Processing file /home/airflow/.local/lib/python3.7/site-packages/airflow/example_dags/tutorial_dag.py for tasks to queue
[2023-06-04T01:13:36.319+0000] {logging_mixin.py:117} INFO - [2023-06-04T01:13:36.319+0000] {dagbag.py:525} INFO - Filling up the DagBag from /home/airflow/.local/lib/python3.7/site-packages/airflow/example_dags/tutorial_dag.py
[2023-06-04T01:13:36.342+0000] {processor.py:768} INFO - DAG(s) dict_keys(['tutorial_dag']) retrieved from /home/airflow/.local/lib/python3.7/site-packages/airflow/example_dags/tutorial_dag.py
[2023-06-04T01:13:36.396+0000] {logging_mixin.py:117} INFO - [2023-06-04T01:13:36.396+0000] {dag.py:2573} INFO - Sync 1 DAGs
[2023-06-04T01:13:36.431+0000] {logging_mixin.py:117} INFO - [2023-06-04T01:13:36.431+0000] {dag.py:3328} INFO - Setting next_dagrun for tutorial_dag to None, run_after=None
[2023-06-04T01:13:36.456+0000] {processor.py:178} INFO - Processing /home/airflow/.local/lib/python3.7/site-packages/airflow/example_dags/tutorial_dag.py took 0.146 seconds
[2023-06-04T01:14:07.324+0000] {processor.py:156} INFO - Started process (PID=1028) to work on /home/airflow/.local/lib/python3.7/site-packages/airflow/example_dags/tutorial_dag.py
[2023-06-04T01:14:07.328+0000] {processor.py:758} INFO - Processing file /home/airflow/.local/lib/python3.7/site-packages/airflow/example_dags/tutorial_dag.py for tasks to queue
[2023-06-04T01:14:07.331+0000] {logging_mixin.py:117} INFO - [2023-06-04T01:14:07.331+0000] {dagbag.py:525} INFO - Filling up the DagBag from /home/airflow/.local/lib/python3.7/site-packages/airflow/example_dags/tutorial_dag.py
[2023-06-04T01:14:07.366+0000] {processor.py:768} INFO - DAG(s) dict_keys(['tutorial_dag']) retrieved from /home/airflow/.local/lib/python3.7/site-packages/airflow/example_dags/tutorial_dag.py
[2023-06-04T01:14:07.453+0000] {logging_mixin.py:117} INFO - [2023-06-04T01:14:07.452+0000] {dag.py:2573} INFO - Sync 1 DAGs
[2023-06-04T01:14:07.503+0000] {logging_mixin.py:117} INFO - [2023-06-04T01:14:07.503+0000] {dag.py:3328} INFO - Setting next_dagrun for tutorial_dag to None, run_after=None
[2023-06-04T01:14:07.538+0000] {processor.py:178} INFO - Processing /home/airflow/.local/lib/python3.7/site-packages/airflow/example_dags/tutorial_dag.py took 0.221 seconds
[2023-06-04T01:14:37.728+0000] {processor.py:156} INFO - Started process (PID=1083) to work on /home/airflow/.local/lib/python3.7/site-packages/airflow/example_dags/tutorial_dag.py
[2023-06-04T01:14:37.732+0000] {processor.py:758} INFO - Processing file /home/airflow/.local/lib/python3.7/site-packages/airflow/example_dags/tutorial_dag.py for tasks to queue
[2023-06-04T01:14:37.735+0000] {logging_mixin.py:117} INFO - [2023-06-04T01:14:37.735+0000] {dagbag.py:525} INFO - Filling up the DagBag from /home/airflow/.local/lib/python3.7/site-packages/airflow/example_dags/tutorial_dag.py
[2023-06-04T01:14:37.760+0000] {processor.py:768} INFO - DAG(s) dict_keys(['tutorial_dag']) retrieved from /home/airflow/.local/lib/python3.7/site-packages/airflow/example_dags/tutorial_dag.py
[2023-06-04T01:14:37.823+0000] {logging_mixin.py:117} INFO - [2023-06-04T01:14:37.822+0000] {dag.py:2573} INFO - Sync 1 DAGs
[2023-06-04T01:14:37.862+0000] {logging_mixin.py:117} INFO - [2023-06-04T01:14:37.862+0000] {dag.py:3328} INFO - Setting next_dagrun for tutorial_dag to None, run_after=None
[2023-06-04T01:14:37.893+0000] {processor.py:178} INFO - Processing /home/airflow/.local/lib/python3.7/site-packages/airflow/example_dags/tutorial_dag.py took 0.173 seconds
[2023-06-04T01:15:08.165+0000] {processor.py:156} INFO - Started process (PID=1146) to work on /home/airflow/.local/lib/python3.7/site-packages/airflow/example_dags/tutorial_dag.py
[2023-06-04T01:15:08.169+0000] {processor.py:758} INFO - Processing file /home/airflow/.local/lib/python3.7/site-packages/airflow/example_dags/tutorial_dag.py for tasks to queue
[2023-06-04T01:15:08.173+0000] {logging_mixin.py:117} INFO - [2023-06-04T01:15:08.173+0000] {dagbag.py:525} INFO - Filling up the DagBag from /home/airflow/.local/lib/python3.7/site-packages/airflow/example_dags/tutorial_dag.py
[2023-06-04T01:15:08.214+0000] {processor.py:768} INFO - DAG(s) dict_keys(['tutorial_dag']) retrieved from /home/airflow/.local/lib/python3.7/site-packages/airflow/example_dags/tutorial_dag.py
[2023-06-04T01:15:08.316+0000] {logging_mixin.py:117} INFO - [2023-06-04T01:15:08.315+0000] {dag.py:2573} INFO - Sync 1 DAGs
[2023-06-04T01:15:08.382+0000] {logging_mixin.py:117} INFO - [2023-06-04T01:15:08.382+0000] {dag.py:3328} INFO - Setting next_dagrun for tutorial_dag to None, run_after=None
[2023-06-04T01:15:08.443+0000] {processor.py:178} INFO - Processing /home/airflow/.local/lib/python3.7/site-packages/airflow/example_dags/tutorial_dag.py took 0.287 seconds
[2023-06-04T01:15:39.200+0000] {processor.py:156} INFO - Started process (PID=1210) to work on /home/airflow/.local/lib/python3.7/site-packages/airflow/example_dags/tutorial_dag.py
[2023-06-04T01:15:39.203+0000] {processor.py:758} INFO - Processing file /home/airflow/.local/lib/python3.7/site-packages/airflow/example_dags/tutorial_dag.py for tasks to queue
[2023-06-04T01:15:39.205+0000] {logging_mixin.py:117} INFO - [2023-06-04T01:15:39.204+0000] {dagbag.py:525} INFO - Filling up the DagBag from /home/airflow/.local/lib/python3.7/site-packages/airflow/example_dags/tutorial_dag.py
[2023-06-04T01:15:39.225+0000] {processor.py:768} INFO - DAG(s) dict_keys(['tutorial_dag']) retrieved from /home/airflow/.local/lib/python3.7/site-packages/airflow/example_dags/tutorial_dag.py
[2023-06-04T01:15:39.282+0000] {logging_mixin.py:117} INFO - [2023-06-04T01:15:39.281+0000] {dag.py:2573} INFO - Sync 1 DAGs
[2023-06-04T01:15:39.317+0000] {logging_mixin.py:117} INFO - [2023-06-04T01:15:39.317+0000] {dag.py:3328} INFO - Setting next_dagrun for tutorial_dag to None, run_after=None
[2023-06-04T01:15:39.345+0000] {processor.py:178} INFO - Processing /home/airflow/.local/lib/python3.7/site-packages/airflow/example_dags/tutorial_dag.py took 0.150 seconds
[2023-06-04T01:16:09.465+0000] {processor.py:156} INFO - Started process (PID=1265) to work on /home/airflow/.local/lib/python3.7/site-packages/airflow/example_dags/tutorial_dag.py
[2023-06-04T01:16:09.468+0000] {processor.py:758} INFO - Processing file /home/airflow/.local/lib/python3.7/site-packages/airflow/example_dags/tutorial_dag.py for tasks to queue
[2023-06-04T01:16:09.475+0000] {logging_mixin.py:117} INFO - [2023-06-04T01:16:09.475+0000] {dagbag.py:525} INFO - Filling up the DagBag from /home/airflow/.local/lib/python3.7/site-packages/airflow/example_dags/tutorial_dag.py
[2023-06-04T01:16:09.503+0000] {processor.py:768} INFO - DAG(s) dict_keys(['tutorial_dag']) retrieved from /home/airflow/.local/lib/python3.7/site-packages/airflow/example_dags/tutorial_dag.py
[2023-06-04T01:16:09.574+0000] {logging_mixin.py:117} INFO - [2023-06-04T01:16:09.574+0000] {dag.py:2573} INFO - Sync 1 DAGs
[2023-06-04T01:16:09.612+0000] {logging_mixin.py:117} INFO - [2023-06-04T01:16:09.612+0000] {dag.py:3328} INFO - Setting next_dagrun for tutorial_dag to None, run_after=None
[2023-06-04T01:16:09.641+0000] {processor.py:178} INFO - Processing /home/airflow/.local/lib/python3.7/site-packages/airflow/example_dags/tutorial_dag.py took 0.183 seconds
[2023-06-04T01:16:40.239+0000] {processor.py:156} INFO - Started process (PID=1329) to work on /home/airflow/.local/lib/python3.7/site-packages/airflow/example_dags/tutorial_dag.py
[2023-06-04T01:16:40.241+0000] {processor.py:758} INFO - Processing file /home/airflow/.local/lib/python3.7/site-packages/airflow/example_dags/tutorial_dag.py for tasks to queue
[2023-06-04T01:16:40.243+0000] {logging_mixin.py:117} INFO - [2023-06-04T01:16:40.243+0000] {dagbag.py:525} INFO - Filling up the DagBag from /home/airflow/.local/lib/python3.7/site-packages/airflow/example_dags/tutorial_dag.py
[2023-06-04T01:16:40.264+0000] {processor.py:768} INFO - DAG(s) dict_keys(['tutorial_dag']) retrieved from /home/airflow/.local/lib/python3.7/site-packages/airflow/example_dags/tutorial_dag.py
[2023-06-04T01:16:40.318+0000] {logging_mixin.py:117} INFO - [2023-06-04T01:16:40.318+0000] {dag.py:2573} INFO - Sync 1 DAGs
[2023-06-04T01:16:40.353+0000] {logging_mixin.py:117} INFO - [2023-06-04T01:16:40.353+0000] {dag.py:3328} INFO - Setting next_dagrun for tutorial_dag to None, run_after=None
[2023-06-04T01:16:40.378+0000] {processor.py:178} INFO - Processing /home/airflow/.local/lib/python3.7/site-packages/airflow/example_dags/tutorial_dag.py took 0.144 seconds
[2023-06-04T01:17:11.005+0000] {processor.py:156} INFO - Started process (PID=1385) to work on /home/airflow/.local/lib/python3.7/site-packages/airflow/example_dags/tutorial_dag.py
[2023-06-04T01:17:11.007+0000] {processor.py:758} INFO - Processing file /home/airflow/.local/lib/python3.7/site-packages/airflow/example_dags/tutorial_dag.py for tasks to queue
[2023-06-04T01:17:11.008+0000] {logging_mixin.py:117} INFO - [2023-06-04T01:17:11.008+0000] {dagbag.py:525} INFO - Filling up the DagBag from /home/airflow/.local/lib/python3.7/site-packages/airflow/example_dags/tutorial_dag.py
[2023-06-04T01:17:11.026+0000] {processor.py:768} INFO - DAG(s) dict_keys(['tutorial_dag']) retrieved from /home/airflow/.local/lib/python3.7/site-packages/airflow/example_dags/tutorial_dag.py
[2023-06-04T01:17:11.077+0000] {logging_mixin.py:117} INFO - [2023-06-04T01:17:11.077+0000] {dag.py:2573} INFO - Sync 1 DAGs
[2023-06-04T01:17:11.112+0000] {logging_mixin.py:117} INFO - [2023-06-04T01:17:11.112+0000] {dag.py:3328} INFO - Setting next_dagrun for tutorial_dag to None, run_after=None
[2023-06-04T01:17:11.140+0000] {processor.py:178} INFO - Processing /home/airflow/.local/lib/python3.7/site-packages/airflow/example_dags/tutorial_dag.py took 0.139 seconds
[2023-06-04T01:17:41.341+0000] {processor.py:156} INFO - Started process (PID=1448) to work on /home/airflow/.local/lib/python3.7/site-packages/airflow/example_dags/tutorial_dag.py
[2023-06-04T01:17:41.344+0000] {processor.py:758} INFO - Processing file /home/airflow/.local/lib/python3.7/site-packages/airflow/example_dags/tutorial_dag.py for tasks to queue
[2023-06-04T01:17:41.346+0000] {logging_mixin.py:117} INFO - [2023-06-04T01:17:41.345+0000] {dagbag.py:525} INFO - Filling up the DagBag from /home/airflow/.local/lib/python3.7/site-packages/airflow/example_dags/tutorial_dag.py
[2023-06-04T01:17:41.368+0000] {processor.py:768} INFO - DAG(s) dict_keys(['tutorial_dag']) retrieved from /home/airflow/.local/lib/python3.7/site-packages/airflow/example_dags/tutorial_dag.py
[2023-06-04T01:17:41.421+0000] {logging_mixin.py:117} INFO - [2023-06-04T01:17:41.421+0000] {dag.py:2573} INFO - Sync 1 DAGs
[2023-06-04T01:17:41.454+0000] {logging_mixin.py:117} INFO - [2023-06-04T01:17:41.454+0000] {dag.py:3328} INFO - Setting next_dagrun for tutorial_dag to None, run_after=None
[2023-06-04T01:17:41.478+0000] {processor.py:178} INFO - Processing /home/airflow/.local/lib/python3.7/site-packages/airflow/example_dags/tutorial_dag.py took 0.143 seconds
[2023-06-04T01:18:11.588+0000] {processor.py:156} INFO - Started process (PID=1512) to work on /home/airflow/.local/lib/python3.7/site-packages/airflow/example_dags/tutorial_dag.py
[2023-06-04T01:18:11.590+0000] {processor.py:758} INFO - Processing file /home/airflow/.local/lib/python3.7/site-packages/airflow/example_dags/tutorial_dag.py for tasks to queue
[2023-06-04T01:18:11.592+0000] {logging_mixin.py:117} INFO - [2023-06-04T01:18:11.592+0000] {dagbag.py:525} INFO - Filling up the DagBag from /home/airflow/.local/lib/python3.7/site-packages/airflow/example_dags/tutorial_dag.py
[2023-06-04T01:18:11.614+0000] {processor.py:768} INFO - DAG(s) dict_keys(['tutorial_dag']) retrieved from /home/airflow/.local/lib/python3.7/site-packages/airflow/example_dags/tutorial_dag.py
[2023-06-04T01:18:11.669+0000] {logging_mixin.py:117} INFO - [2023-06-04T01:18:11.668+0000] {dag.py:2573} INFO - Sync 1 DAGs
[2023-06-04T01:18:11.700+0000] {logging_mixin.py:117} INFO - [2023-06-04T01:18:11.700+0000] {dag.py:3328} INFO - Setting next_dagrun for tutorial_dag to None, run_after=None
[2023-06-04T01:18:11.725+0000] {processor.py:178} INFO - Processing /home/airflow/.local/lib/python3.7/site-packages/airflow/example_dags/tutorial_dag.py took 0.141 seconds
[2023-06-04T01:18:41.968+0000] {processor.py:156} INFO - Started process (PID=1567) to work on /home/airflow/.local/lib/python3.7/site-packages/airflow/example_dags/tutorial_dag.py
[2023-06-04T01:18:41.971+0000] {processor.py:758} INFO - Processing file /home/airflow/.local/lib/python3.7/site-packages/airflow/example_dags/tutorial_dag.py for tasks to queue
[2023-06-04T01:18:41.974+0000] {logging_mixin.py:117} INFO - [2023-06-04T01:18:41.973+0000] {dagbag.py:525} INFO - Filling up the DagBag from /home/airflow/.local/lib/python3.7/site-packages/airflow/example_dags/tutorial_dag.py
[2023-06-04T01:18:41.995+0000] {processor.py:768} INFO - DAG(s) dict_keys(['tutorial_dag']) retrieved from /home/airflow/.local/lib/python3.7/site-packages/airflow/example_dags/tutorial_dag.py
[2023-06-04T01:18:42.050+0000] {logging_mixin.py:117} INFO - [2023-06-04T01:18:42.050+0000] {dag.py:2573} INFO - Sync 1 DAGs
[2023-06-04T01:18:42.082+0000] {logging_mixin.py:117} INFO - [2023-06-04T01:18:42.082+0000] {dag.py:3328} INFO - Setting next_dagrun for tutorial_dag to None, run_after=None
[2023-06-04T01:18:42.106+0000] {processor.py:178} INFO - Processing /home/airflow/.local/lib/python3.7/site-packages/airflow/example_dags/tutorial_dag.py took 0.144 seconds
[2023-06-04T01:19:12.218+0000] {processor.py:156} INFO - Started process (PID=1630) to work on /home/airflow/.local/lib/python3.7/site-packages/airflow/example_dags/tutorial_dag.py
[2023-06-04T01:19:12.220+0000] {processor.py:758} INFO - Processing file /home/airflow/.local/lib/python3.7/site-packages/airflow/example_dags/tutorial_dag.py for tasks to queue
[2023-06-04T01:19:12.222+0000] {logging_mixin.py:117} INFO - [2023-06-04T01:19:12.222+0000] {dagbag.py:525} INFO - Filling up the DagBag from /home/airflow/.local/lib/python3.7/site-packages/airflow/example_dags/tutorial_dag.py
[2023-06-04T01:19:12.245+0000] {processor.py:768} INFO - DAG(s) dict_keys(['tutorial_dag']) retrieved from /home/airflow/.local/lib/python3.7/site-packages/airflow/example_dags/tutorial_dag.py
[2023-06-04T01:19:12.298+0000] {logging_mixin.py:117} INFO - [2023-06-04T01:19:12.298+0000] {dag.py:2573} INFO - Sync 1 DAGs
[2023-06-04T01:19:12.332+0000] {logging_mixin.py:117} INFO - [2023-06-04T01:19:12.332+0000] {dag.py:3328} INFO - Setting next_dagrun for tutorial_dag to None, run_after=None
[2023-06-04T01:19:12.359+0000] {processor.py:178} INFO - Processing /home/airflow/.local/lib/python3.7/site-packages/airflow/example_dags/tutorial_dag.py took 0.146 seconds
[2023-06-04T01:20:36.632+0000] {processor.py:157} INFO - Started process (PID=43) to work on /home/airflow/.local/lib/python3.7/site-packages/airflow/example_dags/tutorial_dag.py
[2023-06-04T01:20:36.667+0000] {processor.py:826} INFO - Processing file /home/airflow/.local/lib/python3.7/site-packages/airflow/example_dags/tutorial_dag.py for tasks to queue
[2023-06-04T01:20:36.671+0000] {logging_mixin.py:149} INFO - [2023-06-04T01:20:36.670+0000] {dagbag.py:541} INFO - Filling up the DagBag from /home/airflow/.local/lib/python3.7/site-packages/airflow/example_dags/tutorial_dag.py
[2023-06-04T01:20:36.691+0000] {processor.py:836} INFO - DAG(s) dict_keys(['tutorial_dag']) retrieved from /home/airflow/.local/lib/python3.7/site-packages/airflow/example_dags/tutorial_dag.py
[2023-06-04T01:20:36.728+0000] {logging_mixin.py:149} INFO - [2023-06-04T01:20:36.727+0000] {dag.py:2726} INFO - Sync 1 DAGs
[2023-06-04T01:20:36.991+0000] {logging_mixin.py:149} INFO - [2023-06-04T01:20:36.991+0000] {dag.py:3490} INFO - Setting next_dagrun for tutorial_dag to None, run_after=None
[2023-06-04T01:20:37.074+0000] {processor.py:179} INFO - Processing /home/airflow/.local/lib/python3.7/site-packages/airflow/example_dags/tutorial_dag.py took 0.449 seconds
[2023-06-04T01:21:07.799+0000] {processor.py:157} INFO - Started process (PID=113) to work on /home/airflow/.local/lib/python3.7/site-packages/airflow/example_dags/tutorial_dag.py
[2023-06-04T01:21:07.802+0000] {processor.py:826} INFO - Processing file /home/airflow/.local/lib/python3.7/site-packages/airflow/example_dags/tutorial_dag.py for tasks to queue
[2023-06-04T01:21:07.804+0000] {logging_mixin.py:149} INFO - [2023-06-04T01:21:07.804+0000] {dagbag.py:541} INFO - Filling up the DagBag from /home/airflow/.local/lib/python3.7/site-packages/airflow/example_dags/tutorial_dag.py
[2023-06-04T01:21:07.813+0000] {processor.py:836} INFO - DAG(s) dict_keys(['tutorial_dag']) retrieved from /home/airflow/.local/lib/python3.7/site-packages/airflow/example_dags/tutorial_dag.py
[2023-06-04T01:21:07.853+0000] {logging_mixin.py:149} INFO - [2023-06-04T01:21:07.853+0000] {dag.py:2726} INFO - Sync 1 DAGs
[2023-06-04T01:21:07.887+0000] {logging_mixin.py:149} INFO - [2023-06-04T01:21:07.886+0000] {dag.py:3490} INFO - Setting next_dagrun for tutorial_dag to None, run_after=None
[2023-06-04T01:21:07.911+0000] {processor.py:179} INFO - Processing /home/airflow/.local/lib/python3.7/site-packages/airflow/example_dags/tutorial_dag.py took 0.117 seconds
[2023-06-04T01:21:38.200+0000] {processor.py:157} INFO - Started process (PID=183) to work on /home/airflow/.local/lib/python3.7/site-packages/airflow/example_dags/tutorial_dag.py
[2023-06-04T01:21:38.203+0000] {processor.py:826} INFO - Processing file /home/airflow/.local/lib/python3.7/site-packages/airflow/example_dags/tutorial_dag.py for tasks to queue
[2023-06-04T01:21:38.205+0000] {logging_mixin.py:149} INFO - [2023-06-04T01:21:38.205+0000] {dagbag.py:541} INFO - Filling up the DagBag from /home/airflow/.local/lib/python3.7/site-packages/airflow/example_dags/tutorial_dag.py
[2023-06-04T01:21:38.213+0000] {processor.py:836} INFO - DAG(s) dict_keys(['tutorial_dag']) retrieved from /home/airflow/.local/lib/python3.7/site-packages/airflow/example_dags/tutorial_dag.py
[2023-06-04T01:21:38.256+0000] {logging_mixin.py:149} INFO - [2023-06-04T01:21:38.256+0000] {dag.py:2726} INFO - Sync 1 DAGs
[2023-06-04T01:21:38.315+0000] {logging_mixin.py:149} INFO - [2023-06-04T01:21:38.315+0000] {dag.py:3490} INFO - Setting next_dagrun for tutorial_dag to None, run_after=None
[2023-06-04T01:21:38.347+0000] {processor.py:179} INFO - Processing /home/airflow/.local/lib/python3.7/site-packages/airflow/example_dags/tutorial_dag.py took 0.152 seconds
[2023-06-04T01:22:08.677+0000] {processor.py:157} INFO - Started process (PID=262) to work on /home/airflow/.local/lib/python3.7/site-packages/airflow/example_dags/tutorial_dag.py
[2023-06-04T01:22:08.679+0000] {processor.py:826} INFO - Processing file /home/airflow/.local/lib/python3.7/site-packages/airflow/example_dags/tutorial_dag.py for tasks to queue
[2023-06-04T01:22:08.681+0000] {logging_mixin.py:149} INFO - [2023-06-04T01:22:08.681+0000] {dagbag.py:541} INFO - Filling up the DagBag from /home/airflow/.local/lib/python3.7/site-packages/airflow/example_dags/tutorial_dag.py
[2023-06-04T01:22:08.689+0000] {processor.py:836} INFO - DAG(s) dict_keys(['tutorial_dag']) retrieved from /home/airflow/.local/lib/python3.7/site-packages/airflow/example_dags/tutorial_dag.py
[2023-06-04T01:22:08.723+0000] {logging_mixin.py:149} INFO - [2023-06-04T01:22:08.723+0000] {dag.py:2726} INFO - Sync 1 DAGs
[2023-06-04T01:22:08.757+0000] {logging_mixin.py:149} INFO - [2023-06-04T01:22:08.757+0000] {dag.py:3490} INFO - Setting next_dagrun for tutorial_dag to None, run_after=None
[2023-06-04T01:22:08.780+0000] {processor.py:179} INFO - Processing /home/airflow/.local/lib/python3.7/site-packages/airflow/example_dags/tutorial_dag.py took 0.108 seconds
[2023-06-04T01:22:39.521+0000] {processor.py:157} INFO - Started process (PID=332) to work on /home/airflow/.local/lib/python3.7/site-packages/airflow/example_dags/tutorial_dag.py
[2023-06-04T01:22:39.524+0000] {processor.py:826} INFO - Processing file /home/airflow/.local/lib/python3.7/site-packages/airflow/example_dags/tutorial_dag.py for tasks to queue
[2023-06-04T01:22:39.526+0000] {logging_mixin.py:149} INFO - [2023-06-04T01:22:39.526+0000] {dagbag.py:541} INFO - Filling up the DagBag from /home/airflow/.local/lib/python3.7/site-packages/airflow/example_dags/tutorial_dag.py
[2023-06-04T01:22:39.536+0000] {processor.py:836} INFO - DAG(s) dict_keys(['tutorial_dag']) retrieved from /home/airflow/.local/lib/python3.7/site-packages/airflow/example_dags/tutorial_dag.py
[2023-06-04T01:22:39.576+0000] {logging_mixin.py:149} INFO - [2023-06-04T01:22:39.576+0000] {dag.py:2726} INFO - Sync 1 DAGs
[2023-06-04T01:22:39.613+0000] {logging_mixin.py:149} INFO - [2023-06-04T01:22:39.613+0000] {dag.py:3490} INFO - Setting next_dagrun for tutorial_dag to None, run_after=None
[2023-06-04T01:22:39.639+0000] {processor.py:179} INFO - Processing /home/airflow/.local/lib/python3.7/site-packages/airflow/example_dags/tutorial_dag.py took 0.124 seconds
[2023-06-04T01:23:10.381+0000] {processor.py:157} INFO - Started process (PID=411) to work on /home/airflow/.local/lib/python3.7/site-packages/airflow/example_dags/tutorial_dag.py
[2023-06-04T01:23:10.391+0000] {processor.py:826} INFO - Processing file /home/airflow/.local/lib/python3.7/site-packages/airflow/example_dags/tutorial_dag.py for tasks to queue
[2023-06-04T01:23:10.393+0000] {logging_mixin.py:149} INFO - [2023-06-04T01:23:10.393+0000] {dagbag.py:541} INFO - Filling up the DagBag from /home/airflow/.local/lib/python3.7/site-packages/airflow/example_dags/tutorial_dag.py
[2023-06-04T01:23:10.401+0000] {processor.py:836} INFO - DAG(s) dict_keys(['tutorial_dag']) retrieved from /home/airflow/.local/lib/python3.7/site-packages/airflow/example_dags/tutorial_dag.py
[2023-06-04T01:23:10.442+0000] {logging_mixin.py:149} INFO - [2023-06-04T01:23:10.442+0000] {dag.py:2726} INFO - Sync 1 DAGs
[2023-06-04T01:23:10.481+0000] {logging_mixin.py:149} INFO - [2023-06-04T01:23:10.481+0000] {dag.py:3490} INFO - Setting next_dagrun for tutorial_dag to None, run_after=None
[2023-06-04T01:23:10.509+0000] {processor.py:179} INFO - Processing /home/airflow/.local/lib/python3.7/site-packages/airflow/example_dags/tutorial_dag.py took 0.135 seconds
[2023-06-04T01:23:40.708+0000] {processor.py:157} INFO - Started process (PID=481) to work on /home/airflow/.local/lib/python3.7/site-packages/airflow/example_dags/tutorial_dag.py
[2023-06-04T01:23:40.710+0000] {processor.py:826} INFO - Processing file /home/airflow/.local/lib/python3.7/site-packages/airflow/example_dags/tutorial_dag.py for tasks to queue
[2023-06-04T01:23:40.712+0000] {logging_mixin.py:149} INFO - [2023-06-04T01:23:40.712+0000] {dagbag.py:541} INFO - Filling up the DagBag from /home/airflow/.local/lib/python3.7/site-packages/airflow/example_dags/tutorial_dag.py
[2023-06-04T01:23:40.721+0000] {processor.py:836} INFO - DAG(s) dict_keys(['tutorial_dag']) retrieved from /home/airflow/.local/lib/python3.7/site-packages/airflow/example_dags/tutorial_dag.py
[2023-06-04T01:23:40.758+0000] {logging_mixin.py:149} INFO - [2023-06-04T01:23:40.758+0000] {dag.py:2726} INFO - Sync 1 DAGs
[2023-06-04T01:23:40.792+0000] {logging_mixin.py:149} INFO - [2023-06-04T01:23:40.792+0000] {dag.py:3490} INFO - Setting next_dagrun for tutorial_dag to None, run_after=None
[2023-06-04T01:23:40.815+0000] {processor.py:179} INFO - Processing /home/airflow/.local/lib/python3.7/site-packages/airflow/example_dags/tutorial_dag.py took 0.113 seconds
[2023-06-04T01:24:11.172+0000] {processor.py:157} INFO - Started process (PID=551) to work on /home/airflow/.local/lib/python3.7/site-packages/airflow/example_dags/tutorial_dag.py
[2023-06-04T01:24:11.175+0000] {processor.py:826} INFO - Processing file /home/airflow/.local/lib/python3.7/site-packages/airflow/example_dags/tutorial_dag.py for tasks to queue
[2023-06-04T01:24:11.178+0000] {logging_mixin.py:149} INFO - [2023-06-04T01:24:11.177+0000] {dagbag.py:541} INFO - Filling up the DagBag from /home/airflow/.local/lib/python3.7/site-packages/airflow/example_dags/tutorial_dag.py
[2023-06-04T01:24:11.187+0000] {processor.py:836} INFO - DAG(s) dict_keys(['tutorial_dag']) retrieved from /home/airflow/.local/lib/python3.7/site-packages/airflow/example_dags/tutorial_dag.py
[2023-06-04T01:24:11.233+0000] {logging_mixin.py:149} INFO - [2023-06-04T01:24:11.233+0000] {dag.py:2726} INFO - Sync 1 DAGs
[2023-06-04T01:24:11.277+0000] {logging_mixin.py:149} INFO - [2023-06-04T01:24:11.276+0000] {dag.py:3490} INFO - Setting next_dagrun for tutorial_dag to None, run_after=None
[2023-06-04T01:24:11.312+0000] {processor.py:179} INFO - Processing /home/airflow/.local/lib/python3.7/site-packages/airflow/example_dags/tutorial_dag.py took 0.146 seconds
[2023-06-04T01:24:41.576+0000] {processor.py:157} INFO - Started process (PID=630) to work on /home/airflow/.local/lib/python3.7/site-packages/airflow/example_dags/tutorial_dag.py
[2023-06-04T01:24:41.580+0000] {processor.py:826} INFO - Processing file /home/airflow/.local/lib/python3.7/site-packages/airflow/example_dags/tutorial_dag.py for tasks to queue
[2023-06-04T01:24:41.582+0000] {logging_mixin.py:149} INFO - [2023-06-04T01:24:41.582+0000] {dagbag.py:541} INFO - Filling up the DagBag from /home/airflow/.local/lib/python3.7/site-packages/airflow/example_dags/tutorial_dag.py
[2023-06-04T01:24:41.591+0000] {processor.py:836} INFO - DAG(s) dict_keys(['tutorial_dag']) retrieved from /home/airflow/.local/lib/python3.7/site-packages/airflow/example_dags/tutorial_dag.py
[2023-06-04T01:24:41.632+0000] {logging_mixin.py:149} INFO - [2023-06-04T01:24:41.632+0000] {dag.py:2726} INFO - Sync 1 DAGs
[2023-06-04T01:24:41.673+0000] {logging_mixin.py:149} INFO - [2023-06-04T01:24:41.673+0000] {dag.py:3490} INFO - Setting next_dagrun for tutorial_dag to None, run_after=None
[2023-06-04T01:24:41.704+0000] {processor.py:179} INFO - Processing /home/airflow/.local/lib/python3.7/site-packages/airflow/example_dags/tutorial_dag.py took 0.133 seconds
[2023-06-04T01:25:11.960+0000] {processor.py:157} INFO - Started process (PID=700) to work on /home/airflow/.local/lib/python3.7/site-packages/airflow/example_dags/tutorial_dag.py
[2023-06-04T01:25:11.963+0000] {processor.py:826} INFO - Processing file /home/airflow/.local/lib/python3.7/site-packages/airflow/example_dags/tutorial_dag.py for tasks to queue
[2023-06-04T01:25:11.965+0000] {logging_mixin.py:149} INFO - [2023-06-04T01:25:11.965+0000] {dagbag.py:541} INFO - Filling up the DagBag from /home/airflow/.local/lib/python3.7/site-packages/airflow/example_dags/tutorial_dag.py
[2023-06-04T01:25:11.975+0000] {processor.py:836} INFO - DAG(s) dict_keys(['tutorial_dag']) retrieved from /home/airflow/.local/lib/python3.7/site-packages/airflow/example_dags/tutorial_dag.py
[2023-06-04T01:25:12.012+0000] {logging_mixin.py:149} INFO - [2023-06-04T01:25:12.012+0000] {dag.py:2726} INFO - Sync 1 DAGs
[2023-06-04T01:25:12.046+0000] {logging_mixin.py:149} INFO - [2023-06-04T01:25:12.045+0000] {dag.py:3490} INFO - Setting next_dagrun for tutorial_dag to None, run_after=None
[2023-06-04T01:25:12.071+0000] {processor.py:179} INFO - Processing /home/airflow/.local/lib/python3.7/site-packages/airflow/example_dags/tutorial_dag.py took 0.116 seconds
[2023-06-04T01:25:42.359+0000] {processor.py:157} INFO - Started process (PID=770) to work on /home/airflow/.local/lib/python3.7/site-packages/airflow/example_dags/tutorial_dag.py
[2023-06-04T01:25:42.361+0000] {processor.py:826} INFO - Processing file /home/airflow/.local/lib/python3.7/site-packages/airflow/example_dags/tutorial_dag.py for tasks to queue
[2023-06-04T01:25:42.363+0000] {logging_mixin.py:149} INFO - [2023-06-04T01:25:42.363+0000] {dagbag.py:541} INFO - Filling up the DagBag from /home/airflow/.local/lib/python3.7/site-packages/airflow/example_dags/tutorial_dag.py
[2023-06-04T01:25:42.373+0000] {processor.py:836} INFO - DAG(s) dict_keys(['tutorial_dag']) retrieved from /home/airflow/.local/lib/python3.7/site-packages/airflow/example_dags/tutorial_dag.py
[2023-06-04T01:25:42.412+0000] {logging_mixin.py:149} INFO - [2023-06-04T01:25:42.412+0000] {dag.py:2726} INFO - Sync 1 DAGs
[2023-06-04T01:25:42.452+0000] {logging_mixin.py:149} INFO - [2023-06-04T01:25:42.452+0000] {dag.py:3490} INFO - Setting next_dagrun for tutorial_dag to None, run_after=None
[2023-06-04T01:25:42.481+0000] {processor.py:179} INFO - Processing /home/airflow/.local/lib/python3.7/site-packages/airflow/example_dags/tutorial_dag.py took 0.127 seconds
