[2023-06-06T21:06:02.631+0000] {processor.py:157} INFO - Started process (PID=32) to work on /opt/airflow/dags/thais_bash.py
[2023-06-06T21:06:02.637+0000] {processor.py:826} INFO - Processing file /opt/airflow/dags/thais_bash.py for tasks to queue
[2023-06-06T21:06:02.641+0000] {logging_mixin.py:149} INFO - [2023-06-06T21:06:02.641+0000] {dagbag.py:541} INFO - Filling up the DagBag from /opt/airflow/dags/thais_bash.py
[2023-06-06T21:06:02.766+0000] {processor.py:836} INFO - DAG(s) dict_keys(['thais_bash']) retrieved from /opt/airflow/dags/thais_bash.py
[2023-06-06T21:06:02.919+0000] {logging_mixin.py:149} INFO - [2023-06-06T21:06:02.919+0000] {dag.py:2726} INFO - Sync 1 DAGs
[2023-06-06T21:06:02.968+0000] {logging_mixin.py:149} INFO - [2023-06-06T21:06:02.968+0000] {dag.py:3490} INFO - Setting next_dagrun for thais_bash to 2023-06-05T00:00:00+00:00, run_after=2023-06-06T00:00:00+00:00
[2023-06-06T21:06:03.033+0000] {processor.py:179} INFO - Processing /opt/airflow/dags/thais_bash.py took 0.417 seconds
[2023-06-06T21:06:33.686+0000] {processor.py:157} INFO - Started process (PID=102) to work on /opt/airflow/dags/thais_bash.py
[2023-06-06T21:06:33.688+0000] {processor.py:826} INFO - Processing file /opt/airflow/dags/thais_bash.py for tasks to queue
[2023-06-06T21:06:33.690+0000] {logging_mixin.py:149} INFO - [2023-06-06T21:06:33.690+0000] {dagbag.py:541} INFO - Filling up the DagBag from /opt/airflow/dags/thais_bash.py
[2023-06-06T21:06:33.713+0000] {processor.py:836} INFO - DAG(s) dict_keys(['thais_bash']) retrieved from /opt/airflow/dags/thais_bash.py
[2023-06-06T21:06:33.772+0000] {logging_mixin.py:149} INFO - [2023-06-06T21:06:33.772+0000] {dag.py:2726} INFO - Sync 1 DAGs
[2023-06-06T21:06:33.812+0000] {logging_mixin.py:149} INFO - [2023-06-06T21:06:33.812+0000] {dag.py:3490} INFO - Setting next_dagrun for thais_bash to 2023-06-05T00:00:00+00:00, run_after=2023-06-06T00:00:00+00:00
[2023-06-06T21:06:33.839+0000] {processor.py:179} INFO - Processing /opt/airflow/dags/thais_bash.py took 0.158 seconds
[2023-06-06T21:07:04.453+0000] {processor.py:157} INFO - Started process (PID=183) to work on /opt/airflow/dags/thais_bash.py
[2023-06-06T21:07:04.457+0000] {processor.py:826} INFO - Processing file /opt/airflow/dags/thais_bash.py for tasks to queue
[2023-06-06T21:07:04.459+0000] {logging_mixin.py:149} INFO - [2023-06-06T21:07:04.459+0000] {dagbag.py:541} INFO - Filling up the DagBag from /opt/airflow/dags/thais_bash.py
[2023-06-06T21:07:04.485+0000] {processor.py:836} INFO - DAG(s) dict_keys(['thais_bash']) retrieved from /opt/airflow/dags/thais_bash.py
[2023-06-06T21:07:04.536+0000] {logging_mixin.py:149} INFO - [2023-06-06T21:07:04.535+0000] {dag.py:2726} INFO - Sync 1 DAGs
[2023-06-06T21:07:04.567+0000] {logging_mixin.py:149} INFO - [2023-06-06T21:07:04.567+0000] {dag.py:3490} INFO - Setting next_dagrun for thais_bash to 2023-06-05T00:00:00+00:00, run_after=2023-06-06T00:00:00+00:00
[2023-06-06T21:07:04.718+0000] {processor.py:179} INFO - Processing /opt/airflow/dags/thais_bash.py took 0.270 seconds
[2023-06-06T21:07:35.044+0000] {processor.py:157} INFO - Started process (PID=254) to work on /opt/airflow/dags/thais_bash.py
[2023-06-06T21:07:35.046+0000] {processor.py:826} INFO - Processing file /opt/airflow/dags/thais_bash.py for tasks to queue
[2023-06-06T21:07:35.048+0000] {logging_mixin.py:149} INFO - [2023-06-06T21:07:35.048+0000] {dagbag.py:541} INFO - Filling up the DagBag from /opt/airflow/dags/thais_bash.py
[2023-06-06T21:07:35.073+0000] {processor.py:836} INFO - DAG(s) dict_keys(['thais_bash']) retrieved from /opt/airflow/dags/thais_bash.py
[2023-06-06T21:07:35.263+0000] {logging_mixin.py:149} INFO - [2023-06-06T21:07:35.263+0000] {dag.py:2726} INFO - Sync 1 DAGs
[2023-06-06T21:07:35.298+0000] {logging_mixin.py:149} INFO - [2023-06-06T21:07:35.298+0000] {dag.py:3490} INFO - Setting next_dagrun for thais_bash to 2023-06-05T00:00:00+00:00, run_after=2023-06-06T00:00:00+00:00
[2023-06-06T21:07:35.324+0000] {processor.py:179} INFO - Processing /opt/airflow/dags/thais_bash.py took 0.285 seconds
[2023-06-06T21:08:05.663+0000] {processor.py:157} INFO - Started process (PID=335) to work on /opt/airflow/dags/thais_bash.py
[2023-06-06T21:08:05.666+0000] {processor.py:826} INFO - Processing file /opt/airflow/dags/thais_bash.py for tasks to queue
[2023-06-06T21:08:05.668+0000] {logging_mixin.py:149} INFO - [2023-06-06T21:08:05.668+0000] {dagbag.py:541} INFO - Filling up the DagBag from /opt/airflow/dags/thais_bash.py
[2023-06-06T21:08:05.692+0000] {processor.py:836} INFO - DAG(s) dict_keys(['thais_bash']) retrieved from /opt/airflow/dags/thais_bash.py
[2023-06-06T21:08:05.747+0000] {logging_mixin.py:149} INFO - [2023-06-06T21:08:05.747+0000] {dag.py:2726} INFO - Sync 1 DAGs
[2023-06-06T21:08:05.784+0000] {logging_mixin.py:149} INFO - [2023-06-06T21:08:05.784+0000] {dag.py:3490} INFO - Setting next_dagrun for thais_bash to 2023-06-05T00:00:00+00:00, run_after=2023-06-06T00:00:00+00:00
[2023-06-06T21:08:05.809+0000] {processor.py:179} INFO - Processing /opt/airflow/dags/thais_bash.py took 0.152 seconds
[2023-06-06T21:08:36.217+0000] {processor.py:157} INFO - Started process (PID=406) to work on /opt/airflow/dags/thais_bash.py
[2023-06-06T21:08:36.219+0000] {processor.py:826} INFO - Processing file /opt/airflow/dags/thais_bash.py for tasks to queue
[2023-06-06T21:08:36.221+0000] {logging_mixin.py:149} INFO - [2023-06-06T21:08:36.221+0000] {dagbag.py:541} INFO - Filling up the DagBag from /opt/airflow/dags/thais_bash.py
[2023-06-06T21:08:36.249+0000] {processor.py:836} INFO - DAG(s) dict_keys(['thais_bash']) retrieved from /opt/airflow/dags/thais_bash.py
[2023-06-06T21:08:36.299+0000] {logging_mixin.py:149} INFO - [2023-06-06T21:08:36.299+0000] {dag.py:2726} INFO - Sync 1 DAGs
[2023-06-06T21:08:36.331+0000] {logging_mixin.py:149} INFO - [2023-06-06T21:08:36.330+0000] {dag.py:3490} INFO - Setting next_dagrun for thais_bash to 2023-06-05T00:00:00+00:00, run_after=2023-06-06T00:00:00+00:00
[2023-06-06T21:08:36.355+0000] {processor.py:179} INFO - Processing /opt/airflow/dags/thais_bash.py took 0.144 seconds
[2023-06-06T21:09:06.675+0000] {processor.py:157} INFO - Started process (PID=486) to work on /opt/airflow/dags/thais_bash.py
[2023-06-06T21:09:06.681+0000] {processor.py:826} INFO - Processing file /opt/airflow/dags/thais_bash.py for tasks to queue
[2023-06-06T21:09:06.689+0000] {logging_mixin.py:149} INFO - [2023-06-06T21:09:06.687+0000] {dagbag.py:541} INFO - Filling up the DagBag from /opt/airflow/dags/thais_bash.py
[2023-06-06T21:09:06.753+0000] {processor.py:836} INFO - DAG(s) dict_keys(['thais_bash']) retrieved from /opt/airflow/dags/thais_bash.py
[2023-06-06T21:09:06.841+0000] {logging_mixin.py:149} INFO - [2023-06-06T21:09:06.841+0000] {dag.py:2726} INFO - Sync 1 DAGs
[2023-06-06T21:09:06.886+0000] {logging_mixin.py:149} INFO - [2023-06-06T21:09:06.886+0000] {dag.py:3490} INFO - Setting next_dagrun for thais_bash to 2023-06-05T00:00:00+00:00, run_after=2023-06-06T00:00:00+00:00
[2023-06-06T21:09:06.919+0000] {processor.py:179} INFO - Processing /opt/airflow/dags/thais_bash.py took 0.257 seconds
[2023-06-06T21:09:37.380+0000] {processor.py:157} INFO - Started process (PID=557) to work on /opt/airflow/dags/thais_bash.py
[2023-06-06T21:09:37.383+0000] {processor.py:826} INFO - Processing file /opt/airflow/dags/thais_bash.py for tasks to queue
[2023-06-06T21:09:37.385+0000] {logging_mixin.py:149} INFO - [2023-06-06T21:09:37.385+0000] {dagbag.py:541} INFO - Filling up the DagBag from /opt/airflow/dags/thais_bash.py
[2023-06-06T21:09:37.410+0000] {processor.py:836} INFO - DAG(s) dict_keys(['thais_bash']) retrieved from /opt/airflow/dags/thais_bash.py
[2023-06-06T21:09:37.458+0000] {logging_mixin.py:149} INFO - [2023-06-06T21:09:37.458+0000] {dag.py:2726} INFO - Sync 1 DAGs
[2023-06-06T21:09:37.491+0000] {logging_mixin.py:149} INFO - [2023-06-06T21:09:37.490+0000] {dag.py:3490} INFO - Setting next_dagrun for thais_bash to 2023-06-05T00:00:00+00:00, run_after=2023-06-06T00:00:00+00:00
[2023-06-06T21:09:37.518+0000] {processor.py:179} INFO - Processing /opt/airflow/dags/thais_bash.py took 0.143 seconds
[2023-06-06T21:10:08.108+0000] {processor.py:157} INFO - Started process (PID=628) to work on /opt/airflow/dags/thais_bash.py
[2023-06-06T21:10:08.111+0000] {processor.py:826} INFO - Processing file /opt/airflow/dags/thais_bash.py for tasks to queue
[2023-06-06T21:10:08.113+0000] {logging_mixin.py:149} INFO - [2023-06-06T21:10:08.113+0000] {dagbag.py:541} INFO - Filling up the DagBag from /opt/airflow/dags/thais_bash.py
[2023-06-06T21:10:08.138+0000] {processor.py:836} INFO - DAG(s) dict_keys(['thais_bash']) retrieved from /opt/airflow/dags/thais_bash.py
[2023-06-06T21:10:08.188+0000] {logging_mixin.py:149} INFO - [2023-06-06T21:10:08.188+0000] {dag.py:2726} INFO - Sync 1 DAGs
[2023-06-06T21:10:08.223+0000] {logging_mixin.py:149} INFO - [2023-06-06T21:10:08.223+0000] {dag.py:3490} INFO - Setting next_dagrun for thais_bash to 2023-06-05T00:00:00+00:00, run_after=2023-06-06T00:00:00+00:00
[2023-06-06T21:10:08.253+0000] {processor.py:179} INFO - Processing /opt/airflow/dags/thais_bash.py took 0.149 seconds
[2023-06-06T21:10:38.661+0000] {processor.py:157} INFO - Started process (PID=708) to work on /opt/airflow/dags/thais_bash.py
[2023-06-06T21:10:38.664+0000] {processor.py:826} INFO - Processing file /opt/airflow/dags/thais_bash.py for tasks to queue
[2023-06-06T21:10:38.666+0000] {logging_mixin.py:149} INFO - [2023-06-06T21:10:38.666+0000] {dagbag.py:541} INFO - Filling up the DagBag from /opt/airflow/dags/thais_bash.py
[2023-06-06T21:10:38.691+0000] {processor.py:836} INFO - DAG(s) dict_keys(['thais_bash']) retrieved from /opt/airflow/dags/thais_bash.py
[2023-06-06T21:10:38.743+0000] {logging_mixin.py:149} INFO - [2023-06-06T21:10:38.743+0000] {dag.py:2726} INFO - Sync 1 DAGs
[2023-06-06T21:10:38.781+0000] {logging_mixin.py:149} INFO - [2023-06-06T21:10:38.781+0000] {dag.py:3490} INFO - Setting next_dagrun for thais_bash to 2023-06-05T00:00:00+00:00, run_after=2023-06-06T00:00:00+00:00
[2023-06-06T21:10:38.841+0000] {processor.py:179} INFO - Processing /opt/airflow/dags/thais_bash.py took 0.186 seconds
[2023-06-06T21:11:09.159+0000] {processor.py:157} INFO - Started process (PID=780) to work on /opt/airflow/dags/thais_bash.py
[2023-06-06T21:11:09.161+0000] {processor.py:826} INFO - Processing file /opt/airflow/dags/thais_bash.py for tasks to queue
[2023-06-06T21:11:09.163+0000] {logging_mixin.py:149} INFO - [2023-06-06T21:11:09.163+0000] {dagbag.py:541} INFO - Filling up the DagBag from /opt/airflow/dags/thais_bash.py
[2023-06-06T21:11:09.187+0000] {processor.py:836} INFO - DAG(s) dict_keys(['thais_bash']) retrieved from /opt/airflow/dags/thais_bash.py
[2023-06-06T21:11:09.239+0000] {logging_mixin.py:149} INFO - [2023-06-06T21:11:09.239+0000] {dag.py:2726} INFO - Sync 1 DAGs
[2023-06-06T21:11:09.278+0000] {logging_mixin.py:149} INFO - [2023-06-06T21:11:09.278+0000] {dag.py:3490} INFO - Setting next_dagrun for thais_bash to 2023-06-05T00:00:00+00:00, run_after=2023-06-06T00:00:00+00:00
[2023-06-06T21:11:09.308+0000] {processor.py:179} INFO - Processing /opt/airflow/dags/thais_bash.py took 0.154 seconds
[2023-06-06T21:11:39.730+0000] {processor.py:157} INFO - Started process (PID=860) to work on /opt/airflow/dags/thais_bash.py
[2023-06-06T21:11:39.732+0000] {processor.py:826} INFO - Processing file /opt/airflow/dags/thais_bash.py for tasks to queue
[2023-06-06T21:11:39.734+0000] {logging_mixin.py:149} INFO - [2023-06-06T21:11:39.734+0000] {dagbag.py:541} INFO - Filling up the DagBag from /opt/airflow/dags/thais_bash.py
[2023-06-06T21:11:39.759+0000] {processor.py:836} INFO - DAG(s) dict_keys(['thais_bash']) retrieved from /opt/airflow/dags/thais_bash.py
[2023-06-06T21:11:39.807+0000] {logging_mixin.py:149} INFO - [2023-06-06T21:11:39.807+0000] {dag.py:2726} INFO - Sync 1 DAGs
[2023-06-06T21:11:39.842+0000] {logging_mixin.py:149} INFO - [2023-06-06T21:11:39.842+0000] {dag.py:3490} INFO - Setting next_dagrun for thais_bash to 2023-06-05T00:00:00+00:00, run_after=2023-06-06T00:00:00+00:00
[2023-06-06T21:11:39.870+0000] {processor.py:179} INFO - Processing /opt/airflow/dags/thais_bash.py took 0.144 seconds
[2023-06-06T21:12:10.026+0000] {processor.py:157} INFO - Started process (PID=931) to work on /opt/airflow/dags/thais_bash.py
[2023-06-06T21:12:10.029+0000] {processor.py:826} INFO - Processing file /opt/airflow/dags/thais_bash.py for tasks to queue
[2023-06-06T21:12:10.031+0000] {logging_mixin.py:149} INFO - [2023-06-06T21:12:10.031+0000] {dagbag.py:541} INFO - Filling up the DagBag from /opt/airflow/dags/thais_bash.py
[2023-06-06T21:12:10.052+0000] {processor.py:836} INFO - DAG(s) dict_keys(['thais_bash']) retrieved from /opt/airflow/dags/thais_bash.py
[2023-06-06T21:12:10.095+0000] {logging_mixin.py:149} INFO - [2023-06-06T21:12:10.095+0000] {dag.py:2726} INFO - Sync 1 DAGs
[2023-06-06T21:12:10.124+0000] {logging_mixin.py:149} INFO - [2023-06-06T21:12:10.124+0000] {dag.py:3490} INFO - Setting next_dagrun for thais_bash to 2023-06-05T00:00:00+00:00, run_after=2023-06-06T00:00:00+00:00
[2023-06-06T21:12:10.147+0000] {processor.py:179} INFO - Processing /opt/airflow/dags/thais_bash.py took 0.125 seconds
[2023-06-06T21:12:40.355+0000] {processor.py:157} INFO - Started process (PID=1012) to work on /opt/airflow/dags/thais_bash.py
[2023-06-06T21:12:40.357+0000] {processor.py:826} INFO - Processing file /opt/airflow/dags/thais_bash.py for tasks to queue
[2023-06-06T21:12:40.359+0000] {logging_mixin.py:149} INFO - [2023-06-06T21:12:40.359+0000] {dagbag.py:541} INFO - Filling up the DagBag from /opt/airflow/dags/thais_bash.py
[2023-06-06T21:12:40.388+0000] {processor.py:836} INFO - DAG(s) dict_keys(['thais_bash']) retrieved from /opt/airflow/dags/thais_bash.py
[2023-06-06T21:12:40.447+0000] {logging_mixin.py:149} INFO - [2023-06-06T21:12:40.447+0000] {dag.py:2726} INFO - Sync 1 DAGs
[2023-06-06T21:12:40.489+0000] {logging_mixin.py:149} INFO - [2023-06-06T21:12:40.489+0000] {dag.py:3490} INFO - Setting next_dagrun for thais_bash to 2023-06-05T00:00:00+00:00, run_after=2023-06-06T00:00:00+00:00
[2023-06-06T21:12:40.521+0000] {processor.py:179} INFO - Processing /opt/airflow/dags/thais_bash.py took 0.172 seconds
[2023-06-06T21:13:10.691+0000] {processor.py:157} INFO - Started process (PID=1083) to work on /opt/airflow/dags/thais_bash.py
[2023-06-06T21:13:10.693+0000] {processor.py:826} INFO - Processing file /opt/airflow/dags/thais_bash.py for tasks to queue
[2023-06-06T21:13:10.694+0000] {logging_mixin.py:149} INFO - [2023-06-06T21:13:10.694+0000] {dagbag.py:541} INFO - Filling up the DagBag from /opt/airflow/dags/thais_bash.py
[2023-06-06T21:13:10.718+0000] {processor.py:836} INFO - DAG(s) dict_keys(['thais_bash']) retrieved from /opt/airflow/dags/thais_bash.py
[2023-06-06T21:13:10.771+0000] {logging_mixin.py:149} INFO - [2023-06-06T21:13:10.771+0000] {dag.py:2726} INFO - Sync 1 DAGs
[2023-06-06T21:13:10.806+0000] {logging_mixin.py:149} INFO - [2023-06-06T21:13:10.806+0000] {dag.py:3490} INFO - Setting next_dagrun for thais_bash to 2023-06-05T00:00:00+00:00, run_after=2023-06-06T00:00:00+00:00
[2023-06-06T21:13:10.832+0000] {processor.py:179} INFO - Processing /opt/airflow/dags/thais_bash.py took 0.146 seconds
